** Event #0   t=0   Elapsed: 1.5e-05s (0m 00s)
     Speed:     ev/sec=0   simsec/sec=0   ev/simsec=0
     Messages:  created: 67776   present: 67776   in FES: 67776
** Event #158976   t=57988   Elapsed: 2.00055s (0m 02s)
     Speed:     ev/sec=79466.9   simsec/sec=28986.1   ev/simsec=2.74155
     Messages:  created: 85758   present: 62505   in FES: 61015
** Event #313600   t=108004.949333333285   Elapsed: 4.00446s (0m 04s)
     Speed:     ev/sec=77161.4   simsec/sec=24959.8   ev/simsec=3.09143
     Messages:  created: 103655   present: 56078   in FES: 55434
** Event #468736   t=158400.170666666665   Elapsed: 6.02461s (0m 06s)
     Speed:     ev/sec=76794   simsec/sec=24946.2   ev/simsec=3.07839
     Messages:  created: 119154   present: 51938   in FES: 49855
** Event #627200   t=208936   Elapsed: 8.02571s (0m 08s)
     Speed:     ev/sec=79188.4   simsec/sec=25254   ev/simsec=3.13568
     Messages:  created: 136847   present: 45941   in FES: 44152
** Event #801280   t=253591.984533333626   Elapsed: 10.0265s (0m 10s)
     Speed:     ev/sec=87005.5   simsec/sec=22319.1   ev/simsec=3.89825
     Messages:  created: 153655   present: 39919   in FES: 39231
** Event #946944   t=307888.287466666809   Elapsed: 12.0286s (0m 12s)
     Speed:     ev/sec=72757.7   simsec/sec=27120.4   ev/simsec=2.68276
     Messages:  created: 170392   present: 34604   in FES: 33115
** Event #1090304   t=349536   Elapsed: 14.0288s (0m 14s)
     Speed:     ev/sec=71672.4   simsec/sec=20821.6   ev/simsec=3.44221
     Messages:  created: 185340   present: 29286   in FES: 28417
** Event #1231616   t=399600.17066666667   Elapsed: 16.0345s (0m 16s)
     Speed:     ev/sec=70453.7   simsec/sec=24960.4   ev/simsec=2.82262
     Messages:  created: 200788   present: 23883   in FES: 22841
** Event #1353472   t=444023.017066666667   Elapsed: 18.0353s (0m 18s)
     Speed:     ev/sec=60903.6   simsec/sec=22202.5   ev/simsec=2.74309
     Messages:  created: 214119   present: 18762   in FES: 17889
** Event #1472768   t=486870.932799999903   Elapsed: 20.0403s (0m 20s)
     Speed:     ev/sec=59498.3   simsec/sec=21370.2   ev/simsec=2.78417
     Messages:  created: 227656   present: 14309   in FES: 13065
** Event #1661184   t=547688.034133333333   Elapsed: 22.0427s (0m 22s)
     Speed:     ev/sec=94095.5   simsec/sec=30372.2   ev/simsec=3.09808
     Messages:  created: 247584   present: 6768   in FES: 6283
** Event #1665792   t=554427   Elapsed: 24.271s (0m 24s)
     Speed:     ev/sec=2067.99   simsec/sec=3024.33   ev/simsec=0.683784
     Messages:  created: 248485   present: 6359   in FES: 5518
** Event #1686528   t=562088.034133333333   Elapsed: 26.272s (0m 26s)
     Speed:     ev/sec=10362.8   simsec/sec=3828.61   ev/simsec=2.70668
     Messages:  created: 250637   present: 5717   in FES: 4608
** Event #1701120   t=576488   Elapsed: 28.8195s (0m 28s)
     Speed:     ev/sec=5727.96   simsec/sec=5652.57   ev/simsec=1.01334
     Messages:  created: 253002   present: 4616   in FES: 3056
** Event #1766400   t=597736   Elapsed: 30.9958s (0m 30s)
     Speed:     ev/sec=29996.1   simsec/sec=9763.45   ev/simsec=3.07229
     Messages:  created: 260623   present: 887   in FES: 740
** Event #1768174   t=604800   Elapsed: 31.543s (0m 31s)
     Speed:     ev/sec=3239.68   simsec/sec=12907.5   ev/simsec=0.250991
     Messages:  created: 261166   present: 0   in FES: 0

<!> No more events, simulation completed -- at t=604800s, event #1768174
