** Event #0   t=0   Elapsed: 0.000s (0m 00s)
     Speed:     ev/sec=0   simsec/sec=0   ev/simsec=0
     Messages:  created: 2521   present: 2521   in FES: 2521
** Event #5632   t=2612   Elapsed: 2.039s (0m 02s)
     Speed:     ev/sec=2762.63   simsec/sec=1281.02   ev/simsec=2.15658
     Messages:  created: 5235   present: 5057   in FES: 2414
** Event #20480   t=3796   Elapsed: 4.586s (0m 04s)
     Speed:     ev/sec=5831.89   simsec/sec=465.043   ev/simsec=12.5405
     Messages:  created: 7395   present: 5033   in FES: 2406
** Event #44032   t=4425   Elapsed: 6.597s (0m 06s)
     Speed:     ev/sec=11711.6   simsec/sec=312.78   ev/simsec=37.4436
     Messages:  created: 11055   present: 4672   in FES: 2363
** Event #73472   t=5111   Elapsed: 8.604s (0m 08s)
     Speed:     ev/sec=14668.7   simsec/sec=341.804   ev/simsec=42.9155
     Messages:  created: 15476   present: 3962   in FES: 2346
** Event #100864   t=9012   Elapsed: 11.138s (0m 11s)
     Speed:     ev/sec=10814.1   simsec/sec=1540.07   ev/simsec=7.02179
     Messages:  created: 19449   present: 3134   in FES: 2246
** Event #125952   t=9707   Elapsed: 13.140s (0m 13s)
     Speed:     ev/sec=12531.5   simsec/sec=347.153   ev/simsec=36.0978
     Messages:  created: 23394   present: 2759   in FES: 2212
** Event #146060   t=86400   Elapsed: 14.195s (0m 14s)
     Speed:     ev/sec=19076.9   simsec/sec=72763.8   ev/simsec=0.262175
     Messages:  created: 26960   present: 0   in FES: 0

<!> No more events, simulation completed -- at t=86400s, event #146060
