** Event #0   t=0   Elapsed: 0.000s (0m 00s)
     Speed:     ev/sec=0   simsec/sec=0   ev/simsec=0
     Messages:  created: 2521   present: 2521   in FES: 2521
** Event #5888   t=2648   Elapsed: 2.025s (0m 02s)
     Speed:     ev/sec=2908.15   simsec/sec=1307.65   ev/simsec=2.22394
     Messages:  created: 5271   present: 5057   in FES: 2412
** Event #20480   t=3796   Elapsed: 4.478s (0m 04s)
     Speed:     ev/sec=5951.06   simsec/sec=468.189   ev/simsec=12.7108
     Messages:  created: 7395   present: 5033   in FES: 2406
** Event #44032   t=4425   Elapsed: 6.492s (0m 06s)
     Speed:     ev/sec=11700   simsec/sec=312.469   ev/simsec=37.4436
     Messages:  created: 11055   present: 4672   in FES: 2363
** Event #72192   t=5079   Elapsed: 8.498s (0m 08s)
     Speed:     ev/sec=14044.9   simsec/sec=326.185   ev/simsec=43.0581
     Messages:  created: 15284   present: 3994   in FES: 2346
** Event #100864   t=9012   Elapsed: 11.094s (0m 11s)
     Speed:     ev/sec=11044.7   simsec/sec=1515.02   ev/simsec=7.29011
     Messages:  created: 19449   present: 3134   in FES: 2246
** Event #125952   t=9707   Elapsed: 13.098s (0m 13s)
     Speed:     ev/sec=12519   simsec/sec=346.806   ev/simsec=36.0978
     Messages:  created: 23394   present: 2759   in FES: 2212
** Event #146060   t=86400   Elapsed: 14.155s (0m 14s)
     Speed:     ev/sec=19022.7   simsec/sec=72557.2   ev/simsec=0.262175
     Messages:  created: 26960   present: 0   in FES: 0

<!> No more events, simulation completed -- at t=86400s, event #146060
