** Event #0   t=0   Elapsed: 0.000s (0m 00s)
     Speed:     ev/sec=0   simsec/sec=0   ev/simsec=0
     Messages:  created: 2521   present: 2521   in FES: 2521
** Event #5632   t=2612   Elapsed: 2.053s (0m 02s)
     Speed:     ev/sec=2743.79   simsec/sec=1272.28   ev/simsec=2.15658
     Messages:  created: 5235   present: 5057   in FES: 2414
** Event #20480   t=3796   Elapsed: 4.561s (0m 04s)
     Speed:     ev/sec=5922.62   simsec/sec=472.278   ev/simsec=12.5405
     Messages:  created: 7395   present: 5033   in FES: 2406
** Event #43776   t=4420   Elapsed: 6.565s (0m 06s)
     Speed:     ev/sec=11624.8   simsec/sec=311.377   ev/simsec=37.3333
     Messages:  created: 11016   present: 4678   in FES: 2368
** Event #72960   t=5098   Elapsed: 8.572s (0m 08s)
     Speed:     ev/sec=14548.4   simsec/sec=337.986   ev/simsec=43.0442
     Messages:  created: 15400   present: 3977   in FES: 2350
** Event #100864   t=9012   Elapsed: 11.164s (0m 11s)
     Speed:     ev/sec=10769.6   simsec/sec=1510.61   ev/simsec=7.12928
     Messages:  created: 19449   present: 3134   in FES: 2246
** Event #125952   t=9707   Elapsed: 13.176s (0m 13s)
     Speed:     ev/sec=12469.2   simsec/sec=345.427   ev/simsec=36.0978
     Messages:  created: 23394   present: 2759   in FES: 2212
** Event #146060   t=86400   Elapsed: 14.235s (0m 14s)
     Speed:     ev/sec=18986.8   simsec/sec=72420.2   ev/simsec=0.262175
     Messages:  created: 26960   present: 0   in FES: 0

<!> No more events, simulation completed -- at t=86400s, event #146060
