** Event #0   t=0   Elapsed: 0.000s (0m 00s)
     Speed:     ev/sec=0   simsec/sec=0   ev/simsec=0
     Messages:  created: 2521   present: 2521   in FES: 2521
** Event #6144   t=2685   Elapsed: 2.012s (0m 02s)
     Speed:     ev/sec=3054.17   simsec/sec=1334.49   ev/simsec=2.28864
     Messages:  created: 5308   present: 5057   in FES: 2412
** Event #20480   t=3796   Elapsed: 4.457s (0m 04s)
     Speed:     ev/sec=5863.39   simsec/sec=454.397   ev/simsec=12.9037
     Messages:  created: 7395   present: 5033   in FES: 2406
** Event #44288   t=4430   Elapsed: 6.471s (0m 06s)
     Speed:     ev/sec=11827.1   simsec/sec=314.953   ev/simsec=37.5521
     Messages:  created: 11094   present: 4667   in FES: 2362
** Event #74240   t=5130   Elapsed: 8.486s (0m 08s)
     Speed:     ev/sec=14871.9   simsec/sec=347.567   ev/simsec=42.7886
     Messages:  created: 15592   present: 3941   in FES: 2348
** Event #100864   t=9012   Elapsed: 10.978s (0m 10s)
     Speed:     ev/sec=10688.1   simsec/sec=1558.41   ev/simsec=6.85832
     Messages:  created: 19449   present: 3134   in FES: 2246
** Event #125440   t=9690   Elapsed: 12.989s (0m 12s)
     Speed:     ev/sec=12220.8   simsec/sec=337.146   ev/simsec=36.2478
     Messages:  created: 23313   present: 2761   in FES: 2220
** Event #146060   t=86400   Elapsed: 14.084s (0m 14s)
     Speed:     ev/sec=18847.3   simsec/sec=70118.8   ev/simsec=0.268792
     Messages:  created: 26960   present: 0   in FES: 0

<!> No more events, simulation completed -- at t=86400s, event #146060
