** Event #0   t=0   Elapsed: 0.000s (0m 00s)
     Speed:     ev/sec=0   simsec/sec=0   ev/simsec=0
     Messages:  created: 2521   present: 2521   in FES: 2521
** Event #6144   t=2685   Elapsed: 2.008s (0m 02s)
     Speed:     ev/sec=3060.26   simsec/sec=1337.15   ev/simsec=2.28864
     Messages:  created: 5308   present: 5057   in FES: 2412
** Event #20480   t=3796   Elapsed: 4.399s (0m 04s)
     Speed:     ev/sec=5998.33   simsec/sec=464.854   ev/simsec=12.9037
     Messages:  created: 7395   present: 5033   in FES: 2406
** Event #44032   t=4425   Elapsed: 6.403s (0m 06s)
     Speed:     ev/sec=11752.5   simsec/sec=313.872   ev/simsec=37.4436
     Messages:  created: 11055   present: 4672   in FES: 2363
** Event #72192   t=5079   Elapsed: 8.411s (0m 08s)
     Speed:     ev/sec=14030.9   simsec/sec=325.859   ev/simsec=43.0581
     Messages:  created: 15284   present: 3994   in FES: 2346
** Event #100864   t=9012   Elapsed: 10.978s (0m 10s)
     Speed:     ev/sec=11169.5   simsec/sec=1532.14   ev/simsec=7.29011
     Messages:  created: 19449   present: 3134   in FES: 2246
** Event #126464   t=9723   Elapsed: 13.000s (0m 13s)
     Speed:     ev/sec=12667   simsec/sec=351.806   ev/simsec=36.0056
     Messages:  created: 23478   present: 2761   in FES: 2220
** Event #146060   t=86400   Elapsed: 13.990s (0m 13s)
     Speed:     ev/sec=19792.9   simsec/sec=77451.5   ev/simsec=0.255553
     Messages:  created: 26960   present: 0   in FES: 0

<!> No more events, simulation completed -- at t=86400s, event #146060
