** Event #0   t=0   Elapsed: 0.000s (0m 00s)
     Speed:     ev/sec=0   simsec/sec=0   ev/simsec=0
     Messages:  created: 2521   present: 2521   in FES: 2521
** Event #5888   t=2648   Elapsed: 2.007s (0m 02s)
     Speed:     ev/sec=2934.23   simsec/sec=1319.38   ev/simsec=2.22394
     Messages:  created: 5271   present: 5057   in FES: 2412
** Event #20480   t=3796   Elapsed: 4.459s (0m 04s)
     Speed:     ev/sec=5953.49   simsec/sec=468.38   ev/simsec=12.7108
     Messages:  created: 7395   present: 5033   in FES: 2406
** Event #43264   t=4410   Elapsed: 6.477s (0m 06s)
     Speed:     ev/sec=11290.4   simsec/sec=304.262   ev/simsec=37.1075
     Messages:  created: 10938   present: 4689   in FES: 2371
** Event #72704   t=5092   Elapsed: 8.491s (0m 08s)
     Speed:     ev/sec=14624.9   simsec/sec=338.798   ev/simsec=43.1672
     Messages:  created: 15361   present: 3984   in FES: 2345
** Event #100864   t=9012   Elapsed: 11.047s (0m 11s)
     Speed:     ev/sec=11017.2   simsec/sec=1533.65   ev/simsec=7.18367
     Messages:  created: 19449   present: 3134   in FES: 2246
** Event #125952   t=9707   Elapsed: 13.058s (0m 13s)
     Speed:     ev/sec=12481.6   simsec/sec=345.771   ev/simsec=36.0978
     Messages:  created: 23394   present: 2759   in FES: 2212
** Event #146060   t=86400   Elapsed: 14.187s (0m 14s)
     Speed:     ev/sec=17809.6   simsec/sec=67930   ev/simsec=0.262175
     Messages:  created: 26960   present: 0   in FES: 0

<!> No more events, simulation completed -- at t=86400s, event #146060
