** Event #0   t=0   Elapsed: 0.000s (0m 00s)
     Speed:     ev/sec=0   simsec/sec=0   ev/simsec=0
     Messages:  created: 2521   present: 2521   in FES: 2521
** Event #5888   t=2648   Elapsed: 2.008s (0m 02s)
     Speed:     ev/sec=2932.77   simsec/sec=1318.73   ev/simsec=2.22394
     Messages:  created: 5271   present: 5057   in FES: 2412
** Event #20480   t=3796   Elapsed: 4.478s (0m 04s)
     Speed:     ev/sec=5907.69   simsec/sec=464.777   ev/simsec=12.7108
     Messages:  created: 7395   present: 5033   in FES: 2406
** Event #43776   t=4420   Elapsed: 6.493s (0m 06s)
     Speed:     ev/sec=11561.3   simsec/sec=309.677   ev/simsec=37.3333
     Messages:  created: 11016   present: 4678   in FES: 2368
** Event #73216   t=5104   Elapsed: 8.506s (0m 08s)
     Speed:     ev/sec=14632.2   simsec/sec=339.96   ev/simsec=43.0409
     Messages:  created: 15439   present: 3973   in FES: 2353
** Event #100864   t=9012   Elapsed: 11.036s (0m 11s)
     Speed:     ev/sec=10932.4   simsec/sec=1545.27   ev/simsec=7.07472
     Messages:  created: 19449   present: 3134   in FES: 2246
** Event #125696   t=9698   Elapsed: 13.044s (0m 13s)
     Speed:     ev/sec=12366.5   simsec/sec=341.633   ev/simsec=36.1983
     Messages:  created: 23354   present: 2762   in FES: 2220
** Event #146060   t=86400   Elapsed: 14.188s (0m 14s)
     Speed:     ev/sec=17815.4   simsec/sec=67105.9   ev/simsec=0.265482
     Messages:  created: 26960   present: 0   in FES: 0

<!> No more events, simulation completed -- at t=86400s, event #146060
