** Event #0   t=0   Elapsed: 0.000s (0m 00s)
     Speed:     ev/sec=0   simsec/sec=0   ev/simsec=0
     Messages:  created: 2521   present: 2521   in FES: 2521
** Event #5632   t=2612   Elapsed: 2.029s (0m 02s)
     Speed:     ev/sec=2776.24   simsec/sec=1287.33   ev/simsec=2.15658
     Messages:  created: 5235   present: 5057   in FES: 2414
** Event #20480   t=3796   Elapsed: 4.482s (0m 04s)
     Speed:     ev/sec=6055.46   simsec/sec=482.871   ev/simsec=12.5405
     Messages:  created: 7395   present: 5033   in FES: 2406
** Event #44288   t=4430   Elapsed: 6.487s (0m 06s)
     Speed:     ev/sec=11874.3   simsec/sec=316.209   ev/simsec=37.5521
     Messages:  created: 11094   present: 4667   in FES: 2362
** Event #74240   t=5130   Elapsed: 8.493s (0m 08s)
     Speed:     ev/sec=14938.7   simsec/sec=349.127   ev/simsec=42.7886
     Messages:  created: 15592   present: 3941   in FES: 2348
** Event #100864   t=9012   Elapsed: 10.964s (0m 10s)
     Speed:     ev/sec=10778.9   simsec/sec=1571.66   ev/simsec=6.85832
     Messages:  created: 19449   present: 3134   in FES: 2246
** Event #126208   t=9715   Elapsed: 12.972s (0m 12s)
     Speed:     ev/sec=12627.8   simsec/sec=350.274   ev/simsec=36.0512
     Messages:  created: 23436   present: 2759   in FES: 2215
** Event #146060   t=86400   Elapsed: 13.989s (0m 13s)
     Speed:     ev/sec=19519.2   simsec/sec=75403.1   ev/simsec=0.258864
     Messages:  created: 26960   present: 0   in FES: 0

<!> No more events, simulation completed -- at t=86400s, event #146060
