** Event #0   t=0   Elapsed: 0.000s (0m 00s)
     Speed:     ev/sec=0   simsec/sec=0   ev/simsec=0
     Messages:  created: 2521   present: 2521   in FES: 2521
** Event #6144   t=2685   Elapsed: 2.011s (0m 02s)
     Speed:     ev/sec=3055.69   simsec/sec=1335.16   ev/simsec=2.28864
     Messages:  created: 5308   present: 5057   in FES: 2412
** Event #20480   t=3796   Elapsed: 4.410s (0m 04s)
     Speed:     ev/sec=5978.32   simsec/sec=463.303   ev/simsec=12.9037
     Messages:  created: 7395   present: 5033   in FES: 2406
** Event #42240   t=4390   Elapsed: 6.428s (0m 06s)
     Speed:     ev/sec=10783   simsec/sec=294.351   ev/simsec=36.633
     Messages:  created: 10782   present: 4713   in FES: 2381
** Event #71168   t=5053   Elapsed: 8.435s (0m 08s)
     Speed:     ev/sec=14420.7   simsec/sec=330.508   ev/simsec=43.632
     Messages:  created: 15132   present: 4023   in FES: 2354
** Event #100608   t=8521   Elapsed: 10.452s (0m 10s)
     Speed:     ev/sec=14595.9   simsec/sec=1719.39   ev/simsec=8.48904
     Messages:  created: 19403   present: 3143   in FES: 2249
** Event #119552   t=9337   Elapsed: 12.460s (0m 12s)
     Speed:     ev/sec=9438.96   simsec/sec=406.577   ev/simsec=23.2157
     Messages:  created: 22377   present: 2800   in FES: 2236
** Event #146060   t=86400   Elapsed: 14.200s (0m 14s)
     Speed:     ev/sec=15233.9   simsec/sec=44289.1   ev/simsec=0.343965
     Messages:  created: 26960   present: 0   in FES: 0

<!> No more events, simulation completed -- at t=86400s, event #146060
