** Event #0   t=0   Elapsed: 0.000s (0m 00s)
     Speed:     ev/sec=0   simsec/sec=0   ev/simsec=0
     Messages:  created: 2521   present: 2521   in FES: 2521
** Event #6144   t=2685   Elapsed: 2.011s (0m 02s)
     Speed:     ev/sec=3057.21   simsec/sec=1335.82   ev/simsec=2.28864
     Messages:  created: 5308   present: 5057   in FES: 2412
** Event #20480   t=3796   Elapsed: 4.408s (0m 04s)
     Speed:     ev/sec=5980.81   simsec/sec=463.496   ev/simsec=12.9037
     Messages:  created: 7395   present: 5033   in FES: 2406
** Event #44288   t=4430   Elapsed: 6.416s (0m 06s)
     Speed:     ev/sec=11856.6   simsec/sec=315.737   ev/simsec=37.5521
     Messages:  created: 11094   present: 4667   in FES: 2362
** Event #72704   t=5092   Elapsed: 8.432s (0m 08s)
     Speed:     ev/sec=14102.2   simsec/sec=328.536   ev/simsec=42.9245
     Messages:  created: 15361   present: 3984   in FES: 2345
** Event #100864   t=9012   Elapsed: 10.982s (0m 10s)
     Speed:     ev/sec=11047.5   simsec/sec=1537.86   ev/simsec=7.18367
     Messages:  created: 19449   present: 3134   in FES: 2246
** Event #126208   t=9715   Elapsed: 12.986s (0m 12s)
     Speed:     ev/sec=12653   simsec/sec=350.974   ev/simsec=36.0512
     Messages:  created: 23436   present: 2759   in FES: 2215
** Event #146060   t=86400   Elapsed: 14.015s (0m 14s)
     Speed:     ev/sec=19310.3   simsec/sec=74596.3   ev/simsec=0.258864
     Messages:  created: 26960   present: 0   in FES: 0

<!> No more events, simulation completed -- at t=86400s, event #146060
