** Event #0   t=0   Elapsed: 0.000s (0m 00s)
     Speed:     ev/sec=0   simsec/sec=0   ev/simsec=0
     Messages:  created: 2521   present: 2521   in FES: 2521
** Event #7424   t=2914   Elapsed: 2.004s (0m 02s)
     Speed:     ev/sec=3705.09   simsec/sec=1454.09   ev/simsec=2.54804
     Messages:  created: 5135   present: 4551   in FES: 2412
** Event #19456   t=3796   Elapsed: 4.073s (0m 04s)
     Speed:     ev/sec=5815.37   simsec/sec=426.293   ev/simsec=13.6417
     Messages:  created: 6889   present: 4527   in FES: 2392
** Event #43264   t=4429   Elapsed: 6.088s (0m 06s)
     Speed:     ev/sec=11821.3   simsec/sec=314.3   ev/simsec=37.6114
     Messages:  created: 10593   present: 4173   in FES: 2379
** Event #73216   t=5129   Elapsed: 8.103s (0m 08s)
     Speed:     ev/sec=14864.5   simsec/sec=347.395   ev/simsec=42.7886
     Messages:  created: 15089   present: 3444   in FES: 2353
** Event #97024   t=9066   Elapsed: 10.118s (0m 10s)
     Speed:     ev/sec=11815.4   simsec/sec=1953.85   ev/simsec=6.04724
     Messages:  created: 18597   present: 2585   in FES: 2260
** Event #117379   t=86400   Elapsed: 11.485s (0m 11s)
     Speed:     ev/sec=14900.4   simsec/sec=56613.5   ev/simsec=0.263196
     Messages:  created: 22343   present: 0   in FES: 0

<!> No more events, simulation completed -- at t=86400s, event #117379
