** Event #0   t=0   Elapsed: 0.000s (0m 00s)
     Speed:     ev/sec=0   simsec/sec=0   ev/simsec=0
     Messages:  created: 2521   present: 2521   in FES: 2521
** Event #7168   t=2902   Elapsed: 2.005s (0m 02s)
     Speed:     ev/sec=3575.56   simsec/sec=1447.38   ev/simsec=2.47037
     Messages:  created: 5099   present: 4551   in FES: 2414
** Event #19456   t=3796   Elapsed: 4.122s (0m 04s)
     Speed:     ev/sec=5807.18   simsec/sec=422.495   ev/simsec=13.745
     Messages:  created: 6889   present: 4527   in FES: 2392
** Event #42496   t=4414   Elapsed: 6.130s (0m 06s)
     Speed:     ev/sec=11479.8   simsec/sec=307.922   ev/simsec=37.2816
     Messages:  created: 10474   present: 4189   in FES: 2374
** Event #71680   t=5091   Elapsed: 8.144s (0m 08s)
     Speed:     ev/sec=14490.6   simsec/sec=336.147   ev/simsec=43.1078
     Messages:  created: 14858   present: 3484   in FES: 2350
** Event #95232   t=9035   Elapsed: 10.145s (0m 10s)
     Speed:     ev/sec=11770.1   simsec/sec=1971.01   ev/simsec=5.9716
     Messages:  created: 18312   present: 2611   in FES: 2246
** Event #117379   t=86400   Elapsed: 11.644s (0m 11s)
     Speed:     ev/sec=14783.7   simsec/sec=51645.5   ev/simsec=0.286253
     Messages:  created: 22343   present: 0   in FES: 0

<!> No more events, simulation completed -- at t=86400s, event #117379
