** Event #0   t=0   Elapsed: 2e-05s (0m 00s)
     Speed:     ev/sec=0   simsec/sec=0   ev/simsec=0
     Messages:  created: 246008   present: 246008   in FES: 246008
** Event #635648   t=233310   Elapsed: 2.00024s (0m 02s)
     Speed:     ev/sec=317788   simsec/sec=116642   ev/simsec=2.72448
     Messages:  created: 335296   present: 222306   in FES: 222274
** Event #1284608   t=488901.666666666916   Elapsed: 4.00054s (0m 04s)
     Speed:     ev/sec=324432   simsec/sec=127777   ev/simsec=2.53905
     Messages:  created: 425368   present: 197557   in FES: 196272
** Event #1957376   t=758960   Elapsed: 6.00062s (0m 06s)
     Speed:     ev/sec=336370   simsec/sec=135023   ev/simsec=2.4912
     Messages:  created: 518023   present: 169983   in FES: 168794
** Event #2614528   t=1015290   Elapsed: 8.0076s (0m 08s)
     Speed:     ev/sec=327433   simsec/sec=127719   ev/simsec=2.5637
     Messages:  created: 606279   present: 146643   in FES: 142726
** Event #3105536   t=1199360   Elapsed: 10.02s (0m 10s)
     Speed:     ev/sec=243990   simsec/sec=91467.4   ev/simsec=2.66751
     Messages:  created: 672797   present: 128504   in FES: 124001
** Event #3299584   t=1281550   Elapsed: 14.9703s (0m 14s)
     Speed:     ev/sec=39199.7   simsec/sec=16603.2   ev/simsec=2.36097
     Messages:  created: 700709   present: 119565   in FES: 115638
** Event #3308288   t=1286970   Elapsed: 19.1808s (0m 19s)
     Speed:     ev/sec=2067.17   simsec/sec=1287.23   ev/simsec=1.6059
     Messages:  created: 701973   present: 119565   in FES: 115094
** Event #3308544   t=1288250   Elapsed: 22.4482s (0m 22s)
     Speed:     ev/sec=78.3512   simsec/sec=391.756   ev/simsec=0.2
     Messages:  created: 702101   present: 119565   in FES: 114966
** Event #3316992   t=1293770   Elapsed: 26.9692s (0m 26s)
     Speed:     ev/sec=1868.59   simsec/sec=1220.95   ev/simsec=1.53043
     Messages:  created: 703378   present: 119557   in FES: 114406
** Event #3317248   t=1295010   Elapsed: 29.7163s (0m 29s)
     Speed:     ev/sec=93.1889   simsec/sec=451.384   ev/simsec=0.206452
     Messages:  created: 703502   present: 119541   in FES: 114274
** Event #3317504   t=1296035.333333333333   Elapsed: 31.9824s (0m 31s)
     Speed:     ev/sec=112.973   simsec/sec=452.48   ev/simsec=0.249675
     Messages:  created: 703610   present: 119541   in FES: 114170
** Event #3508992   t=1385470   Elapsed: 33.9873s (0m 33s)
     Speed:     ev/sec=95506.9   simsec/sec=44606.6   ev/simsec=2.14109
     Messages:  created: 731912   present: 110575   in FES: 105071
** Event #3903488   t=1498240   Elapsed: 35.9876s (0m 35s)
     Speed:     ev/sec=197227   simsec/sec=56379.1   ev/simsec=3.49824
     Messages:  created: 784755   present: 93637   in FES: 93608
** Event #4217344   t=1637460   Elapsed: 37.9901s (0m 37s)
     Speed:     ev/sec=156730   simsec/sec=69522.2   ev/simsec=2.25439
     Messages:  created: 830029   present: 83442   in FES: 79467
** Event #4433664   t=1735760   Elapsed: 39.992s (0m 39s)
     Speed:     ev/sec=108056   simsec/sec=49102.9   ev/simsec=2.20061
     Messages:  created: 862507   present: 74577   in FES: 69473
** Event #4656384   t=1836770   Elapsed: 41.9958s (0m 41s)
     Speed:     ev/sec=111151   simsec/sec=50410   ev/simsec=2.20493
     Messages:  created: 896234   present: 64982   in FES: 59237
** Event #4915456   t=1933684.333333334246   Elapsed: 43.9967s (0m 43s)
     Speed:     ev/sec=129476   simsec/sec=48434.5   ev/simsec=2.67321
     Messages:  created: 934866   present: 51733   in FES: 49398
** Event #5203456   t=2073660   Elapsed: 46.0015s (0m 46s)
     Speed:     ev/sec=143653   simsec/sec=69819   ev/simsec=2.0575
     Messages:  created: 979507   present: 37287   in FES: 35174
** Event #5430528   t=2181740   Elapsed: 48.002s (0m 48s)
     Speed:     ev/sec=113512   simsec/sec=54028.7   ev/simsec=2.10096
     Messages:  created: 1014140   present: 28108   in FES: 24191
** Event #5685248   t=2279267   Elapsed: 50.003s (0m 50s)
     Speed:     ev/sec=127291   simsec/sec=48737   ev/simsec=2.61179
     Messages:  created: 1050682   present: 18914   in FES: 14285
** Event #5904640   t=2309273.6   Elapsed: 52.007s (0m 52s)
     Speed:     ev/sec=109478   simsec/sec=14973.5   ev/simsec=7.31146
     Messages:  created: 1077944   present: 11428   in FES: 11231
** Event #6117120   t=2317699.2   Elapsed: 54.0078s (0m 54s)
     Speed:     ev/sec=106198   simsec/sec=4211.14   ev/simsec=25.2184
     Messages:  created: 1101718   present: 11039   in FES: 10368
** Event #6318336   t=2323373.6   Elapsed: 56.0247s (0m 56s)
     Speed:     ev/sec=99766.6   simsec/sec=2813.47   ev/simsec=35.4603
     Messages:  created: 1124858   present: 10670   in FES: 9782
** Event #6615022   t=2419200   Elapsed: 57.8604s (0m 57s)
     Speed:     ev/sec=161618   simsec/sec=52201.2   ev/simsec=3.09607
     Messages:  created: 1165732   present: 2   in FES: 0

<!> No more events, simulation completed -- at t=2419200s, event #6615022
undisposed object: (BundlePacket) RegionsNetwork.regionNode[1].dtn.Src:A15,Dst:A1,ID:1159466 -- check module destructor
undisposed object: (BundlePacket) RegionsNetwork.regionNode[4].dtn.Src:A15,Dst:A1,ID:1165211 -- check module destructor
