** Event #0   t=0   Elapsed: 1.7e-05s (0m 00s)
     Speed:     ev/sec=0   simsec/sec=0   ev/simsec=0
     Messages:  created: 246008   present: 246008   in FES: 246008
** Event #720384   t=279480   Elapsed: 2.00211s (0m 02s)
     Speed:     ev/sec=359815   simsec/sec=139593   ev/simsec=2.57759
     Messages:  created: 347557   present: 218644   in FES: 217570
** Event #1493248   t=586530   Elapsed: 4.00213s (0m 04s)
     Speed:     ev/sec=386428   simsec/sec=153524   ev/simsec=2.51706
     Messages:  created: 456091   present: 186364   in FES: 186333
** Event #2314240   t=904450   Elapsed: 6.00241s (0m 06s)
     Speed:     ev/sec=410439   simsec/sec=158938   ev/simsec=2.58239
     Messages:  created: 567040   present: 155351   in FES: 153983
** Event #2822656   t=1112990   Elapsed: 8.01187s (0m 08s)
     Speed:     ev/sec=253011   simsec/sec=103779   ev/simsec=2.43798
     Messages:  created: 636991   present: 137523   in FES: 132789
** Event #3299328   t=1296124.397866667026   Elapsed: 10.012s (0m 10s)
     Speed:     ev/sec=238324   simsec/sec=91562.7   ev/simsec=2.60285
     Messages:  created: 704396   present: 115928   in FES: 114163
** Event #3688448   t=1472730   Elapsed: 12.0125s (0m 12s)
     Speed:     ev/sec=194513   simsec/sec=88281.3   ev/simsec=2.20333
     Messages:  created: 760316   present: 101579   in FES: 96195
** Event #4147456   t=1614000   Elapsed: 14.0128s (0m 14s)
     Speed:     ev/sec=229460   simsec/sec=70621.4   ev/simsec=3.24915
     Messages:  created: 822936   present: 83474   in FES: 81845
** Event #4404224   t=1735450   Elapsed: 16.0138s (0m 16s)
     Speed:     ev/sec=128320   simsec/sec=60694.6   ev/simsec=2.11419
     Messages:  created: 861319   present: 74220   in FES: 69504
** Event #4736256   t=1837716.281600000943   Elapsed: 18.0142s (0m 18s)
     Speed:     ev/sec=165990   simsec/sec=51125.1   ev/simsec=3.24674
     Messages:  created: 908388   present: 59205   in FES: 59138
** Event #5087744   t=2012210   Elapsed: 20.0179s (0m 20s)
     Speed:     ev/sec=175418   simsec/sec=87084.8   ev/simsec=2.01433
     Messages:  created: 960924   present: 46482   in FES: 41429
** Event #5531392   t=2191022.34144   Elapsed: 22.0185s (0m 22s)
     Speed:     ev/sec=221753   simsec/sec=89377.4   ev/simsec=2.48108
     Messages:  created: 1025876   present: 27824   in FES: 23257
** Event #6183680   t=2413680   Elapsed: 24.0188s (0m 24s)
     Speed:     ev/sec=326100   simsec/sec=111314   ev/simsec=2.92956
     Messages:  created: 1117268   present: 617   in FES: 591
** Event #6185911   t=2419200   Elapsed: 24.0748s (0m 24s)
     Speed:     ev/sec=39849.2   simsec/sec=98640.1   ev/simsec=0.403986
     Messages:  created: 1117927   present: 0   in FES: 0

<!> No more events, simulation completed -- at t=2419200s, event #6185911
