** Event #0   t=0   Elapsed: 0.000s (0m 00s)
     Speed:     ev/sec=0   simsec/sec=0   ev/simsec=0
     Messages:  created: 7134   present: 7134   in FES: 7134
** Event #1280   t=0   Elapsed: 5.579s (0m 05s)
     Speed:     ev/sec=229.611   simsec/sec=0   ev/simsec=0
     Messages:  created: 8324   present: 8233   in FES: 8142
** Event #2816   t=2579   Elapsed: 266.665s (4m 26s)
     Speed:     ev/sec=5.88312   simsec/sec=9.87797   ev/simsec=0.59558
     Messages:  created: 8434   present: 8019   in FES: 6864
** Event #6400   t=2630   Elapsed: 376.154s (6m 16s)
     Speed:     ev/sec=32.7342   simsec/sec=0.465804   ev/simsec=70.2745
     Messages:  created: 8903   present: 7969   in FES: 6880
** Event #9984   t=2679   Elapsed: 578.336s (9m 38s)
     Speed:     ev/sec=17.7267   simsec/sec=0.242357   ev/simsec=73.1429
     Messages:  created: 9384   present: 7908   in FES: 6852
** Event #11008   t=2692   Elapsed: 850.404s (14m 10s)
     Speed:     ev/sec=3.76376   simsec/sec=0.0477822   ev/simsec=78.7692
     Messages:  created: 9523   present: 7899   in FES: 6859
** Event #12544   t=2714   Elapsed: 1121.701s (18m 41s)
     Speed:     ev/sec=5.66169   simsec/sec=0.0810919   ev/simsec=69.8182
     Messages:  created: 9734   present: 7874   in FES: 6856
** Event #16384   t=2766   Elapsed: 1321.292s (22m 01s)
     Speed:     ev/sec=19.2394   simsec/sec=0.260534   ev/simsec=73.8462
     Messages:  created: 10263   present: 7816   in FES: 6870
** Event #18944   t=2832   Elapsed: 1329.355s (22m 09s)
     Speed:     ev/sec=317.5   simsec/sec=8.18554   ev/simsec=38.7879
     Messages:  created: 10610   present: 7769   in FES: 6831
** Event #19200   t=2867   Elapsed: 1341.750s (22m 21s)
     Speed:     ev/sec=20.6552   simsec/sec=2.82395   ev/simsec=7.31429
     Messages:  created: 10649   present: 7767   in FES: 6832
** Event #20480   t=2938   Elapsed: 1361.612s (22m 41s)
     Speed:     ev/sec=64.4479   simsec/sec=3.57485   ev/simsec=18.0282
     Messages:  created: 10849   present: 7762   in FES: 6826
** Event #22784   t=3104   Elapsed: 1499.247s (24m 59s)
     Speed:     ev/sec=16.7399   simsec/sec=1.20609   ev/simsec=13.8795
     Messages:  created: 11207   present: 7749   in FES: 6828
** Event #24064   t=3136   Elapsed: 1656.575s (27m 36s)
     Speed:     ev/sec=8.13592   simsec/sec=0.203398   ev/simsec=40
     Messages:  created: 11393   present: 7713   in FES: 6819
** Event #25088   t=3159   Elapsed: 1669.877s (27m 49s)
     Speed:     ev/sec=76.9809   simsec/sec=1.72906   ev/simsec=44.5217
     Messages:  created: 11547   present: 7692   in FES: 6831
** Event #28160   t=3217   Elapsed: 1696.092s (28m 16s)
     Speed:     ev/sec=117.189   simsec/sec=2.21256   ev/simsec=52.9655
     Messages:  created: 12008   present: 7626   in FES: 6818
** Event #30464   t=3260   Elapsed: 1866.144s (31m 06s)
     Speed:     ev/sec=13.5488   simsec/sec=0.252864   ev/simsec=53.5814
     Messages:  created: 12358   present: 7581   in FES: 6824
** Event #34048   t=3331   Elapsed: 1993.222s (33m 13s)
     Speed:     ev/sec=28.2032   simsec/sec=0.558712   ev/simsec=50.4789
     Messages:  created: 12890   present: 7507   in FES: 6819
** Event #39424   t=3438   Elapsed: 2097.484s (34m 57s)
     Speed:     ev/sec=51.5629   simsec/sec=1.02627   ev/simsec=50.243
     Messages:  created: 13639   present: 7393   in FES: 6810
** Event #39680   t=3443   Elapsed: 2155.413s (35m 55s)
     Speed:     ev/sec=4.41928   simsec/sec=0.086314   ev/simsec=51.2
     Messages:  created: 13674   present: 7388   in FES: 6810
** Event #39936   t=3447   Elapsed: 2168.370s (36m 08s)
     Speed:     ev/sec=19.7577   simsec/sec=0.308713   ev/simsec=64
     Messages:  created: 13712   present: 7389   in FES: 6814
** Event #48384   t=3643   Elapsed: 2294.476s (38m 14s)
     Speed:     ev/sec=66.9918   simsec/sec=1.55426   ev/simsec=43.102
     Messages:  created: 14872   present: 7179   in FES: 6792
** Event #50944   t=3745   Elapsed: 2418.531s (40m 18s)
     Speed:     ev/sec=20.636   simsec/sec=0.822216   ev/simsec=25.098
     Messages:  created: 15182   present: 7073   in FES: 6786
** Event #56064   t=3948   Elapsed: 2543.559s (42m 23s)
     Speed:     ev/sec=40.9512   simsec/sec=1.62365   ev/simsec=25.2217
     Messages:  created: 15802   present: 6863   in FES: 6776
** Event #56576   t=3967   Elapsed: 2667.283s (44m 27s)
     Speed:     ev/sec=4.13828   simsec/sec=0.153569   ev/simsec=26.9474
     Messages:  created: 15859   present: 6838   in FES: 6759
** Event #66998   t=86400   Elapsed: 2667.763s (44m 27s)
     Speed:     ev/sec=21710.4   simsec/sec=171735   ev/simsec=0.126418
     Messages:  created: 19236   present: 0   in FES: 0

<!> No more events, simulation completed -- at t=86400s, event #66998
