** Event #0   t=0   Elapsed: 0.000s (0m 00s)
     Speed:     ev/sec=0   simsec/sec=0   ev/simsec=0
     Messages:  created: 7134   present: 7134   in FES: 7134
** Event #2304   t=0   Elapsed: 5.857s (0m 05s)
     Speed:     ev/sec=393.546   simsec/sec=0   ev/simsec=0
     Messages:  created: 9324   present: 9233   in FES: 9118
** Event #4864   t=2580   Elapsed: 273.680s (4m 33s)
     Speed:     ev/sec=9.55855   simsec/sec=9.63323   ev/simsec=0.992248
     Messages:  created: 9439   present: 9019   in FES: 6860
** Event #8448   t=2631   Elapsed: 382.913s (6m 22s)
     Speed:     ev/sec=32.8109   simsec/sec=0.466896   ev/simsec=70.2745
     Messages:  created: 9908   present: 8964   in FES: 6862
** Event #12032   t=2679   Elapsed: 584.539s (9m 44s)
     Speed:     ev/sec=17.7756   simsec/sec=0.238066   ev/simsec=74.6667
     Messages:  created: 10393   present: 8916   in FES: 6874
** Event #13056   t=2693   Elapsed: 857.411s (14m 17s)
     Speed:     ev/sec=3.75269   simsec/sec=0.0513063   ev/simsec=73.1429
     Messages:  created: 10533   present: 8899   in FES: 6881
** Event #14592   t=2714   Elapsed: 1129.508s (18m 49s)
     Speed:     ev/sec=5.64505   simsec/sec=0.0771784   ev/simsec=73.1429
     Messages:  created: 10745   present: 8874   in FES: 6878
** Event #18176   t=2763   Elapsed: 1330.446s (22m 10s)
     Speed:     ev/sec=17.8363   simsec/sec=0.243856   ev/simsec=73.1429
     Messages:  created: 11235   present: 8820   in FES: 6874
** Event #20736   t=2803   Elapsed: 1338.628s (22m 18s)
     Speed:     ev/sec=312.92   simsec/sec=4.88938   ev/simsec=64
     Messages:  created: 11581   present: 8773   in FES: 6833
** Event #21248   t=2870   Elapsed: 1351.264s (22m 31s)
     Speed:     ev/sec=40.5192   simsec/sec=5.30231   ev/simsec=7.64179
     Messages:  created: 11656   present: 8765   in FES: 6829
** Event #22528   t=2942   Elapsed: 1371.409s (22m 51s)
     Speed:     ev/sec=63.5425   simsec/sec=3.57427   ev/simsec=17.7778
     Messages:  created: 11857   present: 8762   in FES: 6829
** Event #24832   t=3106   Elapsed: 1510.030s (25m 10s)
     Speed:     ev/sec=16.621   simsec/sec=1.18309   ev/simsec=14.0488
     Messages:  created: 12213   present: 8747   in FES: 6821
** Event #26112   t=3137   Elapsed: 1667.319s (27m 47s)
     Speed:     ev/sec=8.13789   simsec/sec=0.197089   ev/simsec=41.2903
     Messages:  created: 12400   present: 8708   in FES: 6816
** Event #27136   t=3160   Elapsed: 1680.399s (28m 00s)
     Speed:     ev/sec=78.2934   simsec/sec=1.75854   ev/simsec=44.5217
     Messages:  created: 12555   present: 8691   in FES: 6835
** Event #30208   t=3218   Elapsed: 1706.292s (28m 26s)
     Speed:     ev/sec=118.647   simsec/sec=2.24007   ev/simsec=52.9655
     Messages:  created: 13015   present: 8624   in FES: 6814
** Event #32512   t=3261   Elapsed: 1874.828s (31m 14s)
     Speed:     ev/sec=13.6708   simsec/sec=0.25514   ev/simsec=53.5814
     Messages:  created: 13365   present: 8579   in FES: 6821
** Event #36096   t=3332   Elapsed: 2001.236s (33m 21s)
     Speed:     ev/sec=28.3526   simsec/sec=0.561673   ev/simsec=50.4789
     Messages:  created: 13897   present: 8506   in FES: 6820
** Event #41472   t=3439   Elapsed: 2162.992s (36m 02s)
     Speed:     ev/sec=33.2354   simsec/sec=0.661494   ev/simsec=50.243
     Messages:  created: 14645   present: 8391   in FES: 6803
** Event #41984   t=3448   Elapsed: 2176.018s (36m 16s)
     Speed:     ev/sec=39.306   simsec/sec=0.690926   ev/simsec=56.8889
     Messages:  created: 14720   present: 8387   in FES: 6821
** Event #45824   t=3509   Elapsed: 2202.668s (36m 42s)
     Speed:     ev/sec=144.095   simsec/sec=2.28902   ev/simsec=62.9508
     Messages:  created: 15268   present: 8322   in FES: 6816
** Event #53248   t=3639   Elapsed: 2328.885s (38m 48s)
     Speed:     ev/sec=58.8193   simsec/sec=1.02997   ev/simsec=57.1077
     Messages:  created: 16283   present: 8184   in FES: 6790
** Event #58880   t=3739   Elapsed: 2341.421s (39m 01s)
     Speed:     ev/sec=449.302   simsec/sec=7.97766   ev/simsec=56.32
     Messages:  created: 17000   present: 8087   in FES: 6810
** Event #59136   t=3743   Elapsed: 2525.643s (42m 05s)
     Speed:     ev/sec=1.38963   simsec/sec=0.0217129   ev/simsec=64
     Messages:  created: 17033   present: 8076   in FES: 6795
** Event #62720   t=3796   Elapsed: 2550.901s (42m 30s)
     Speed:     ev/sec=141.901   simsec/sec=2.09843   ev/simsec=67.6226
     Messages:  created: 17517   present: 8023   in FES: 6800
** Event #72192   t=3947   Elapsed: 2689.123s (44m 49s)
     Speed:     ev/sec=68.5274   simsec/sec=1.09245   ev/simsec=62.7285
     Messages:  created: 18731   present: 7868   in FES: 6793
** Event #73216   t=3963   Elapsed: 2872.711s (47m 52s)
     Speed:     ev/sec=5.57774   simsec/sec=0.0871521   ev/simsec=64
     Messages:  created: 18856   present: 7845   in FES: 6786
** Event #78848   t=4049   Elapsed: 3161.064s (52m 41s)
     Speed:     ev/sec=19.5316   simsec/sec=0.298246   ev/simsec=65.4884
     Messages:  created: 19549   present: 7751   in FES: 6758
** Event #85248   t=4147   Elapsed: 3338.036s (55m 38s)
     Speed:     ev/sec=36.1641   simsec/sec=0.553763   ev/simsec=65.3061
     Messages:  created: 20333   present: 7648   in FES: 6760
** Event #89344   t=4248   Elapsed: 3462.223s (57m 42s)
     Speed:     ev/sec=32.9825   simsec/sec=0.81329   ev/simsec=40.5545
     Messages:  created: 20811   present: 7542   in FES: 6735
** Event #89600   t=4257   Elapsed: 3584.787s (59m 44s)
     Speed:     ev/sec=2.08872   simsec/sec=0.0734316   ev/simsec=28.4444
     Messages:  created: 20840   present: 7529   in FES: 6742
** Event #91136   t=4310   Elapsed: 3707.241s (1h 01m)
     Speed:     ev/sec=12.5435   simsec/sec=0.432816   ev/simsec=28.9811
     Messages:  created: 21001   present: 7471   in FES: 6723
** Event #92928   t=4371   Elapsed: 3828.919s (1h 03m)
     Speed:     ev/sec=14.7275   simsec/sec=0.501327   ev/simsec=29.377
     Messages:  created: 21190   present: 7407   in FES: 6728
** Event #94720   t=4433   Elapsed: 3950.013s (1h 05m)
     Speed:     ev/sec=14.7985   simsec/sec=0.512003   ev/simsec=28.9032
     Messages:  created: 21376   present: 7340   in FES: 6724
** Event #96768   t=4552   Elapsed: 4009.182s (1h 06m)
     Speed:     ev/sec=34.6127   simsec/sec=2.01119   ev/simsec=17.2101
     Messages:  created: 21658   present: 7214   in FES: 6702
** Event #97280   t=4594   Elapsed: 4038.181s (1h 07m)
     Speed:     ev/sec=17.6564   simsec/sec=1.44838   ev/simsec=12.1905
     Messages:  created: 21744   present: 7167   in FES: 6696
** Event #97536   t=4615   Elapsed: 4066.873s (1h 07m)
     Speed:     ev/sec=8.92235   simsec/sec=0.731911   ev/simsec=12.1905
     Messages:  created: 21788   present: 7143   in FES: 6694
** Event #98048   t=7792   Elapsed: 4109.509s (1h 08m)
     Speed:     ev/sec=12.0089   simsec/sec=74.5162   ev/simsec=0.161158
     Messages:  created: 21934   present: 6867   in FES: 6442
** Event #98304   t=7796   Elapsed: 4201.485s (1h 10m)
     Speed:     ev/sec=2.78333   simsec/sec=0.0434896   ev/simsec=64
     Messages:  created: 21968   present: 6865   in FES: 6451
** Event #101376   t=7844   Elapsed: 4270.870s (1h 11m)
     Speed:     ev/sec=44.2747   simsec/sec=0.691792   ev/simsec=64
     Messages:  created: 22356   present: 6814   in FES: 6448
** Event #103936   t=7886   Elapsed: 4353.273s (1h 12m)
     Speed:     ev/sec=31.0672   simsec/sec=0.509696   ev/simsec=60.9524
     Messages:  created: 22685   present: 6762   in FES: 6434
** Event #104448   t=7894   Elapsed: 4420.108s (1h 13m)
     Speed:     ev/sec=7.66066   simsec/sec=0.119698   ev/simsec=64
     Messages:  created: 22752   present: 6753   in FES: 6438
** Event #107008   t=7935   Elapsed: 4555.937s (1h 15m)
     Speed:     ev/sec=18.8474   simsec/sec=0.301852   ev/simsec=62.439
     Messages:  created: 23084   present: 6710   in FES: 6442
** Event #109824   t=7980   Elapsed: 4623.676s (1h 17m)
     Speed:     ev/sec=41.5713   simsec/sec=0.664315   ev/simsec=62.5778
     Messages:  created: 23439   present: 6656   in FES: 6426
** Event #112128   t=8036   Elapsed: 4631.351s (1h 17m)
     Speed:     ev/sec=300.195   simsec/sec=7.29642   ev/simsec=41.1429
     Messages:  created: 23733   present: 6618   in FES: 6418
** Event #112640   t=8100   Elapsed: 4643.412s (1h 17m)
     Speed:     ev/sec=42.4544   simsec/sec=5.3068   ev/simsec=8
     Messages:  created: 23808   present: 6613   in FES: 6411
** Event #113152   t=8321   Elapsed: 4734.234s (1h 18m)
     Speed:     ev/sec=5.63746   simsec/sec=2.43336   ev/simsec=2.31674
     Messages:  created: 23877   present: 6581   in FES: 6402
** Event #125952   t=78010   Elapsed: 4736.238s (1h 18m)
     Speed:     ev/sec=6387.23   simsec/sec=34775   ev/simsec=0.183673
     Messages:  created: 27225   present: 849   in FES: 746
** Event #127021   t=86400   Elapsed: 4736.315s (1h 18m)
     Speed:     ev/sec=13870.1   simsec/sec=108961   ev/simsec=0.127294
     Messages:  created: 27547   present: 0   in FES: 0

<!> No more events, simulation completed -- at t=86400s, event #127021
