** Event #0   t=0   Elapsed: 1.5e-05s (0m 00s)
     Speed:     ev/sec=0   simsec/sec=0   ev/simsec=0
     Messages:  created: 245728   present: 245728   in FES: 245728
** Event #795392   t=353160   Elapsed: 2.00043s (0m 02s)
     Speed:     ev/sec=397613   simsec/sec=176543   ev/simsec=2.25222
     Messages:  created: 366156   present: 211319   in FES: 209814
** Event #1167872   t=508540   Elapsed: 4.00085s (0m 04s)
     Speed:     ev/sec=186201   simsec/sec=77673.5   ev/simsec=2.39722
     Messages:  created: 421381   present: 195487   in FES: 194013
** Event #1874688   t=820696.666666666746   Elapsed: 6.16326s (0m 06s)
     Speed:     ev/sec=326865   simsec/sec=144356   ev/simsec=2.2643
     Messages:  created: 528230   present: 163369   in FES: 162284
** Event #1969152   t=856670   Elapsed: 8.17754s (0m 08s)
     Speed:     ev/sec=46897.2   simsec/sec=17859.2   ev/simsec=2.62595
     Messages:  created: 542260   present: 159756   in FES: 158647
** Event #2190080   t=963062.666666666667   Elapsed: 10.2618s (0m 10s)
     Speed:     ev/sec=106001   simsec/sec=51047   ev/simsec=2.07653
     Messages:  created: 576125   present: 150293   in FES: 147835
** Event #2902784   t=1286920   Elapsed: 12.2641s (0m 12s)
     Speed:     ev/sec=355935   simsec/sec=161739   ev/simsec=2.20067
     Messages:  created: 684239   present: 117357   in FES: 114974
** Event #3595776   t=1580747.000000000015   Elapsed: 14.2642s (0m 14s)
     Speed:     ev/sec=346470   simsec/sec=146902   ev/simsec=2.3585
     Messages:  created: 788024   present: 86461   in FES: 85157
** Event #3855360   t=1706410   Elapsed: 16.5145s (0m 16s)
     Speed:     ev/sec=115360   simsec/sec=55844.9   ev/simsec=2.06572
     Messages:  created: 827812   present: 74580   in FES: 72394
** Event #4087040   t=1813500   Elapsed: 18.5815s (0m 18s)
     Speed:     ev/sec=112084   simsec/sec=51808.8   ev/simsec=2.16341
     Messages:  created: 863598   present: 63957   in FES: 61516
** Event #4539648   t=2005180   Elapsed: 20.5816s (0m 20s)
     Speed:     ev/sec=226297   simsec/sec=95836.9   ev/simsec=2.36127
     Messages:  created: 931905   present: 44251   in FES: 42072
** Event #5199360   t=2296430   Elapsed: 22.5868s (0m 22s)
     Speed:     ev/sec=328989   simsec/sec=145242   ev/simsec=2.26511
     Messages:  created: 1030742   present: 14637   in FES: 12492
** Event #5464355   t=2419200   Elapsed: 23.5286s (0m 23s)
     Speed:     ev/sec=281390   simsec/sec=130366   ev/simsec=2.15846
     Messages:  created: 1071175   present: 0   in FES: 0

<!> No more events, simulation completed -- at t=2419200s, event #5464355
