[1970/01/01-01:00:00] [i] Bundle security is enabled.
[1970/01/01-01:00:00] at line 6576 of ion/ici/library/platform.cc, Can't execute new process, exiting...: No such file or directory (ionwarn)
[1970/01/01-01:00:00] at line 6576 of ion/ici/library/platform.cc, Can't execute new process, exiting...: No such file or directory (ipnadmin)
[1970/01/01-01:00:00] at line 6576 of ion/ici/library/platform.cc, Can't execute new process, exiting...: No such file or directory (ipnfw)
[1970/01/01-01:00:00] at line 6576 of ion/ici/library/platform.cc, Can't execute new process, exiting...: No such file or directory (ipnadminep)
[1970/01/01-01:00:00] at line 6576 of ion/ici/library/platform.cc, Can't execute new process, exiting...: No such file or directory (bptransit)
[1970/01/01-01:00:00] at line 6576 of ion/ici/library/platform.cc, Can't execute new process, exiting...: No such file or directory (bpclock)
[1970/01/01-01:00:00] at line 6576 of ion/ici/library/platform.cc, Can't execute new process, exiting...: No such file or directory (ltpcli)
[1970/01/01-01:00:00] at line 6576 of ion/ici/library/platform.cc, Can't execute new process, exiting...: No such file or directory (ltpclo)
[1970/01/01-01:00:00] at line 1706 of ion/ici/sdr/sdrxn.cc, Assertion failed. (sdrv)
[1970/01/01-01:00:00] [i] Current stack trace:
[1970/01/01-01:00:00] [i] : /home/juanfraire/git/dtnsim/dtnsim/src/dtnsim() [0x46dc1b]
[1970/01/01-01:00:00] [i] : /home/juanfraire/git/dtnsim/dtnsim/src/dtnsim() [0x46dbdd]
[1970/01/01-01:00:00] [i] : /home/juanfraire/git/dtnsim/dtnsim/src/dtnsim() [0x488ab3]
[1970/01/01-01:00:00] [i] : /home/juanfraire/git/dtnsim/dtnsim/src/dtnsim() [0x4169bc]
[1970/01/01-01:00:00] [i] : /home/juanfraire/git/dtnsim/dtnsim/src/dtnsim() [0x41b421]
[1970/01/01-01:00:00] [i] : /home/juanfraire/git/dtnsim/dtnsim/src/dtnsim() [0x4a97d3]
[1970/01/01-01:00:00] [i] : /home/juanfraire/git/dtnsim/dtnsim/src/dtnsim() [0x4a9376]
[1970/01/01-01:00:00] [i] : /home/juanfraire/git/dtnsim/dtnsim/src/dtnsim() [0x49f839]
[1970/01/01-01:00:00] [i] : /home/juanfraire/omnetpp-5.0/lib/liboppsimd.so(_ZN7omnetpp7cModu
[1970/01/01-01:00:00] [i] : /home/juanfraire/omnetpp-5.0/lib/liboppsimd.so(_ZN7omnetpp7cModu
[1970/01/01-01:00:00] [i] : /home/juanfraire/omnetpp-5.0/lib/liboppsimd.so(_ZN7omnetpp7cModu
[1970/01/01-01:00:00] [i] : /home/juanfraire/omnetpp-5.0/lib/liboppsimd.so(_ZN7omnetpp7cModu
[1970/01/01-01:00:00] [i] : /home/juanfraire/omnetpp-5.0/lib/liboppsimd.so(_ZN7omnetpp11cSim
[1970/01/01-01:00:00] [i] : /home/juanfraire/omnetpp-5.0/lib/liboppenvird.so(_ZN7omnetpp5env
[1970/01/01-01:00:00] [i] : /home/juanfraire/omnetpp-5.0/lib/libopptkenvd.so(_ZN7omnetpp5tke
[1970/01/01-01:00:00] [i] : /home/juanfraire/omnetpp-5.0/lib/libopptkenvd.so(_ZN7omnetpp5tke
[1970/01/01-01:00:00] [i] : /usr/lib/x86_64-linux-gnu/libtcl8.6.so(TclInvokeStringCommand+0x
[1970/01/01-01:00:00] [i] : /usr/lib/x86_64-linux-gnu/libtcl8.6.so(TclNRRunCallbacks+0x47) [
[1970/01/01-01:00:00] [i] : /usr/lib/x86_64-linux-gnu/libtcl8.6.so(+0x3c30f) [0x7f43b11e330f
[1970/01/01-01:00:00] [i] : /usr/lib/x86_64-linux-gnu/libtcl8.6.so(Tcl_EvalEx+0x16) [0x7f43b
[1970/01/01-01:00:00] [i] : /usr/lib/x86_64-linux-gnu/libtcl8.6.so(Tcl_Eval+0x15) [0x7f43b11
[1970/01/01-01:00:00] [i] : /home/juanfraire/omnetpp-5.0/lib/libopptkenvd.so(_ZN7omnetpp5tke
[1970/01/01-01:00:00] [i] : /home/juanfraire/omnetpp-5.0/lib/liboppenvird.so(_ZN7omnetpp5env
[1970/01/01-01:00:00] [i] : /home/juanfraire/omnetpp-5.0/lib/liboppenvird.so(_ZN7omnetpp5env
[1970/01/01-01:00:00] [i] : /home/juanfraire/omnetpp-5.0/lib/liboppenvird.so(_ZN7omnetpp5env
[1970/01/01-01:00:00] [i] : /home/juanfraire/omnetpp-5.0/lib/liboppenvird.so(evMain+0x51) [0
[1970/01/01-01:00:00] [i] : /home/juanfraire/git/dtnsim/dtnsim/src/dtnsim() [0x4c4dcc]
[1970/01/01-01:00:00] [i] : /lib/x86_64-linux-gnu/libc.so.6(__libc_start_main+0xf5) [0x7f43b
[1970/01/01-01:00:00] [i] : /home/juanfraire/git/dtnsim/dtnsim/src/dtnsim() [0x414d69]
[1970/01/01-01:00:00] at line 211 of ion/bp/cgr/libcgr.cc, Assertion failed. (sdr_begin_xn(sdr))
[1970/01/01-01:00:00] [i] Current stack trace:
[1970/01/01-01:00:00] [i] : /home/juanfraire/git/dtnsim/dtnsim/src/dtnsim() [0x46dc1b]
[1970/01/01-01:00:00] [i] : /home/juanfraire/git/dtnsim/dtnsim/src/dtnsim() [0x46dbdd]
[1970/01/01-01:00:00] [i] : /home/juanfraire/git/dtnsim/dtnsim/src/dtnsim() [0x4169d8]
[1970/01/01-01:00:00] [i] : /home/juanfraire/git/dtnsim/dtnsim/src/dtnsim() [0x41b421]
[1970/01/01-01:00:00] [i] : /home/juanfraire/git/dtnsim/dtnsim/src/dtnsim() [0x4a97d3]
[1970/01/01-01:00:00] [i] : /home/juanfraire/git/dtnsim/dtnsim/src/dtnsim() [0x4a9376]
[1970/01/01-01:00:00] [i] : /home/juanfraire/git/dtnsim/dtnsim/src/dtnsim() [0x49f839]
[1970/01/01-01:00:00] [i] : /home/juanfraire/omnetpp-5.0/lib/liboppsimd.so(_ZN7omnetpp7cModu
[1970/01/01-01:00:00] [i] : /home/juanfraire/omnetpp-5.0/lib/liboppsimd.so(_ZN7omnetpp7cModu
[1970/01/01-01:00:00] [i] : /home/juanfraire/omnetpp-5.0/lib/liboppsimd.so(_ZN7omnetpp7cModu
[1970/01/01-01:00:00] [i] : /home/juanfraire/omnetpp-5.0/lib/liboppsimd.so(_ZN7omnetpp7cModu
[1970/01/01-01:00:00] [i] : /home/juanfraire/omnetpp-5.0/lib/liboppsimd.so(_ZN7omnetpp11cSim
[1970/01/01-01:00:00] [i] : /home/juanfraire/omnetpp-5.0/lib/liboppenvird.so(_ZN7omnetpp5env
[1970/01/01-01:00:00] [i] : /home/juanfraire/omnetpp-5.0/lib/libopptkenvd.so(_ZN7omnetpp5tke
[1970/01/01-01:00:00] [i] : /home/juanfraire/omnetpp-5.0/lib/libopptkenvd.so(_ZN7omnetpp5tke
[1970/01/01-01:00:00] [i] : /usr/lib/x86_64-linux-gnu/libtcl8.6.so(TclInvokeStringCommand+0x
[1970/01/01-01:00:00] [i] : /usr/lib/x86_64-linux-gnu/libtcl8.6.so(TclNRRunCallbacks+0x47) [
[1970/01/01-01:00:00] [i] : /usr/lib/x86_64-linux-gnu/libtcl8.6.so(+0x3c30f) [0x7f43b11e330f
[1970/01/01-01:00:00] [i] : /usr/lib/x86_64-linux-gnu/libtcl8.6.so(Tcl_EvalEx+0x16) [0x7f43b
[1970/01/01-01:00:00] [i] : /usr/lib/x86_64-linux-gnu/libtcl8.6.so(Tcl_Eval+0x15) [0x7f43b11
[1970/01/01-01:00:00] [i] : /home/juanfraire/omnetpp-5.0/lib/libopptkenvd.so(_ZN7omnetpp5tke
[1970/01/01-01:00:00] [i] : /home/juanfraire/omnetpp-5.0/lib/liboppenvird.so(_ZN7omnetpp5env
[1970/01/01-01:00:00] [i] : /home/juanfraire/omnetpp-5.0/lib/liboppenvird.so(_ZN7omnetpp5env
[1970/01/01-01:00:00] [i] : /home/juanfraire/omnetpp-5.0/lib/liboppenvird.so(_ZN7omnetpp5env
[1970/01/01-01:00:00] [i] : /home/juanfraire/omnetpp-5.0/lib/liboppenvird.so(evMain+0x51) [0
[1970/01/01-01:00:00] [i] : /home/juanfraire/git/dtnsim/dtnsim/src/dtnsim() [0x4c4dcc]
[1970/01/01-01:00:00] [i] : /lib/x86_64-linux-gnu/libc.so.6(__libc_start_main+0xf5) [0x7f43b
[1970/01/01-01:00:00] [i] : /home/juanfraire/git/dtnsim/dtnsim/src/dtnsim() [0x414d69]
[1970/01/01-01:00:00] at line 6576 of ion/ici/library/platform.cc, Can't execute new process, exiting...: No such file or directory (ltpclo)
[1970/01/01-01:00:00] at line 6576 of ion/ici/library/platform.cc, Can't execute new process, exiting...: No such file or directory (ltpclo)
