** Event #0   t=0   Elapsed: 8e-06s (0m 00s)  0% completed  (50% total)
     Speed:     ev/sec=0   simsec/sec=0   ev/simsec=0
     Messages:  created: 23757   present: 23757   in FES: 23758
** Event #256   t=0   Elapsed: 13.8075s (0m 13s)  0% completed  (50% total)
     Speed:     ev/sec=18.6131   simsec/sec=0   ev/simsec=0
     Messages:  created: 23985   present: 23857   in FES: 23829
** Event #512   t=0   Elapsed: 41.2474s (0m 41s)  0% completed  (50% total)
     Speed:     ev/sec=9.32947   simsec/sec=0   ev/simsec=0
     Messages:  created: 23998   present: 23870   in FES: 23659
** Event #24320   t=14400   Elapsed: 43.3989s (0m 43s)  14% completed  (57% total)
     Speed:     ev/sec=11065.9   simsec/sec=6693.1   ev/simsec=1.65333
     Messages:  created: 28494   present: 20094   in FES: 19834
** Event #51200   t=28800.1   Elapsed: 45.6163s (0m 45s)  28% completed  (64% total)
     Speed:     ev/sec=12122.2   simsec/sec=6494.09   ev/simsec=1.86665
     Messages:  created: 33429   present: 16188   in FES: 15950
** Event #77568   t=66485   Elapsed: 47.6196s (0m 47s)  66% completed  (83% total)
     Speed:     ev/sec=13162.3   simsec/sec=18811.4   ev/simsec=0.699697
     Messages:  created: 40069   present: 5743   in FES: 5557
** Event #85811   t=100000   Elapsed: 48.4565s (0m 48s)  100% completed  (100% total)
     Speed:     ev/sec=9848.2   simsec/sec=23796   ev/simsec=0.413859
     Messages:  created: 42754   present: 1   in FES: 0

<!> Simulation time limit reached -- at t=100000s, event #85811
