** Event #0   t=0   Elapsed: 6e-06s (0m 00s)  0% completed  (50% total)
     Speed:     ev/sec=0   simsec/sec=0   ev/simsec=0
     Messages:  created: 23757   present: 23757   in FES: 23758
** Event #256   t=0   Elapsed: 11.9183s (0m 11s)  0% completed  (50% total)
     Speed:     ev/sec=21.5635   simsec/sec=0   ev/simsec=0
     Messages:  created: 23985   present: 23857   in FES: 23829
** Event #512   t=0   Elapsed: 37.2255s (0m 37s)  0% completed  (50% total)
     Speed:     ev/sec=10.1157   simsec/sec=0   ev/simsec=0
     Messages:  created: 23998   present: 23870   in FES: 23659
** Event #30720   t=18001   Elapsed: 39.4188s (0m 39s)  18% completed  (59% total)
     Speed:     ev/sec=13772.9   simsec/sec=8207.28   ev/simsec=1.67813
     Messages:  created: 29660   present: 19167   in FES: 18905
** Event #62976   t=35683   Elapsed: 41.4242s (0m 41s)  35% completed  (67% total)
     Speed:     ev/sec=16084.7   simsec/sec=8817.27   ev/simsec=1.82423
     Messages:  created: 35669   present: 13897   in FES: 13720
** Event #83712   t=82214   Elapsed: 43.4296s (0m 43s)  82% completed  (91% total)
     Speed:     ev/sec=10340.1   simsec/sec=23202.9   ev/simsec=0.445638
     Messages:  created: 42134   present: 1504   in FES: 1365
** Event #85692   t=100000   Elapsed: 43.6441s (0m 43s)  100% completed  (100% total)
     Speed:     ev/sec=9223.87   simsec/sec=19510.4   ev/simsec=0.472766
     Messages:  created: 42748   present: 4   in FES: 0

<!> Simulation time limit reached -- at t=100000s, event #85692
