** Event #0   t=0   Elapsed: 1.3e-05s (0m 00s)
     Speed:     ev/sec=0   simsec/sec=0   ev/simsec=0
     Messages:  created: 135156   present: 135156   in FES: 135156
** Event #388864   t=128600   Elapsed: 2.00033s (0m 02s)
     Speed:     ev/sec=194401   simsec/sec=64289.7   ev/simsec=3.02383
     Messages:  created: 174939   present: 122763   in FES: 120746
** Event #816128   t=252640   Elapsed: 4.00119s (0m 04s)
     Speed:     ev/sec=213540   simsec/sec=61993.3   ev/simsec=3.44457
     Messages:  created: 215496   present: 109261   in FES: 106926
** Event #1211648   t=366849.4   Elapsed: 6.00169s (0m 06s)
     Speed:     ev/sec=197710   simsec/sec=57090.4   ev/simsec=3.46311
     Messages:  created: 253591   present: 95521   in FES: 94121
** Event #1610240   t=487295.666666666721   Elapsed: 8.00221s (0m 08s)
     Speed:     ev/sec=199244   simsec/sec=60207.6   ev/simsec=3.30929
     Messages:  created: 292328   present: 82067   in FES: 80618
** Event #1958656   t=590405.333333333333   Elapsed: 10.0047s (0m 10s)
     Speed:     ev/sec=173991   simsec/sec=51490.6   ev/simsec=3.37908
     Messages:  created: 326123   present: 70683   in FES: 69079
** Event #2109440   t=639219.333333333456   Elapsed: 14.0226s (0m 14s)
     Speed:     ev/sec=37527.8   simsec/sec=12149   ev/simsec=3.08895
     Messages:  created: 341123   present: 64677   in FES: 63613
** Event #2434816   t=735935.333333333333   Elapsed: 16.0235s (0m 16s)
     Speed:     ev/sec=162620   simsec/sec=48337.8   ev/simsec=3.36424
     Messages:  created: 373179   present: 53547   in FES: 52766
** Event #2566656   t=777600   Elapsed: 18.0237s (0m 18s)
     Speed:     ev/sec=65912.3   simsec/sec=20829.9   ev/simsec=3.16431
     Messages:  created: 385885   present: 49915   in FES: 48169
** Event #2907648   t=877406.000000000282   Elapsed: 20.0239s (0m 20s)
     Speed:     ev/sec=170481   simsec/sec=49898.7   ev/simsec=3.41655
     Messages:  created: 419677   present: 38054   in FES: 37073
** Event #2979072   t=910803.466666666705   Elapsed: 25.9507s (0m 25s)
     Speed:     ev/sec=12051   simsec/sec=5634.97   ev/simsec=2.13861
     Messages:  created: 427961   present: 35212   in FES: 33312
** Event #3346176   t=1022710   Elapsed: 27.9508s (0m 27s)
     Speed:     ev/sec=183541   simsec/sec=55950   ev/simsec=3.28045
     Messages:  created: 463764   present: 23174   in FES: 20906
** Event #3768832   t=1138519.4   Elapsed: 29.951s (0m 29s)
     Speed:     ev/sec=211310   simsec/sec=57899.9   ev/simsec=3.64958
     Messages:  created: 503182   present: 9844   in FES: 8069
** Event #3908608   t=1182410   Elapsed: 32.0439s (0m 32s)
     Speed:     ev/sec=66786.7   simsec/sec=20971.5   ev/simsec=3.18465
     Messages:  created: 517437   present: 4351   in FES: 3148
** Event #3949568   t=1202650   Elapsed: 34.0836s (0m 34s)
     Speed:     ev/sec=20080.8   simsec/sec=9922.76   ev/simsec=2.02372
     Messages:  created: 521707   present: 2875   in FES: 952
** Event #3970560   t=1206980.00000000016   Elapsed: 36.0842s (0m 36s)
     Speed:     ev/sec=10492.6   simsec/sec=2164.3   ev/simsec=4.84804
     Messages:  created: 524085   present: 1188   in FES: 466
** Event #4002068   t=1209600   Elapsed: 36.1822s (0m 36s)
     Speed:     ev/sec=321598   simsec/sec=26742.9   ev/simsec=12.0256
     Messages:  created: 526429   present: 0   in FES: 0

<!> No more events, simulation completed -- at t=1209600s, event #4002068
