** Event #0   t=0   Elapsed: 1.6e-05s (0m 00s)
     Speed:     ev/sec=0   simsec/sec=0   ev/simsec=0
     Messages:  created: 126312   present: 126312   in FES: 126312
** Event #785408   t=269540   Elapsed: 2.00021s (0m 02s)
     Speed:     ev/sec=392664   simsec/sec=134756   ev/simsec=2.91389
     Messages:  created: 225593   present: 99252   in FES: 98150
** Event #1287936   t=433872.00000000011   Elapsed: 4.16533s (0m 04s)
     Speed:     ev/sec=232102   simsec/sec=75900   ev/simsec=3.058
     Messages:  created: 288314   present: 82213   in FES: 80970
** Event #1626880   t=547513.333333333382   Elapsed: 6.43988s (0m 06s)
     Speed:     ev/sec=149016   simsec/sec=49962.1   ev/simsec=2.98258
     Messages:  created: 330580   present: 70238   in FES: 69116
** Event #1739520   t=577949.333333333488   Elapsed: 8.46927s (0m 08s)
     Speed:     ev/sec=55504.3   simsec/sec=14997.6   ev/simsec=3.70088
     Messages:  created: 344904   present: 67247   in FES: 65912
** Event #2015232   t=667480.333333333454   Elapsed: 10.4907s (0m 10s)
     Speed:     ev/sec=136392   simsec/sec=44290.1   ev/simsec=3.07951
     Messages:  created: 379793   present: 58034   in FES: 56537
** Event #2467840   t=818851.000000000197   Elapsed: 12.6615s (0m 12s)
     Speed:     ev/sec=208502   simsec/sec=69731.8   ev/simsec=2.99006
     Messages:  created: 437696   present: 41532   in FES: 40771
** Event #2499840   t=821722.000000000208   Elapsed: 15.3831s (0m 15s)
     Speed:     ev/sec=11757.8   simsec/sec=1054.9   ev/simsec=11.1459
     Messages:  created: 441364   present: 41479   in FES: 40451
** Event #2756352   t=911066.666666666738   Elapsed: 17.8044s (0m 17s)
     Speed:     ev/sec=105938   simsec/sec=36898.9   ev/simsec=2.87104
     Messages:  created: 474897   present: 32873   in FES: 31146
** Event #2913024   t=958810   Elapsed: 19.8049s (0m 19s)
     Speed:     ev/sec=78319.2   simsec/sec=23866.6   ev/simsec=3.28155
     Messages:  created: 494443   present: 28232   in FES: 26175
** Event #3035648   t=1001291.666666666836   Elapsed: 22.0349s (0m 22s)
     Speed:     ev/sec=54988.2   simsec/sec=19050   ev/simsec=2.88652
     Messages:  created: 510794   present: 22943   in FES: 21734
** Event #3298816   t=1089680   Elapsed: 24.0504s (0m 24s)
     Speed:     ev/sec=130573   simsec/sec=43854.7   ev/simsec=2.97741
     Messages:  created: 544529   present: 13698   in FES: 12549
** Event #3576832   t=1178103.333333333454   Elapsed: 27.1948s (0m 27s)
     Speed:     ev/sec=88414.5   simsec/sec=28120.4   ev/simsec=3.14415
     Messages:  created: 579964   present: 4579   in FES: 3343
** Event #3685554   t=1209600   Elapsed: 28.2404s (0m 28s)
     Speed:     ev/sec=103984   simsec/sec=30124.2   ev/simsec=3.45183
     Messages:  created: 593462   present: 0   in FES: 0

<!> No more events, simulation completed -- at t=1209600s, event #3685554
