** Event #0   t=0   Elapsed: 1.6e-05s (0m 00s)
     Speed:     ev/sec=0   simsec/sec=0   ev/simsec=0
     Messages:  created: 61532   present: 61532   in FES: 61532
** Event #731136   t=308190.333333333372   Elapsed: 2.00014s (0m 02s)
     Speed:     ev/sec=365545   simsec/sec=154085   ev/simsec=2.37236
     Messages:  created: 177135   present: 32532   in FES: 30213
** Event #1474560   t=586170   Elapsed: 4.08535s (0m 04s)
     Speed:     ev/sec=356523   simsec/sec=133311   ev/simsec=2.67438
     Messages:  created: 291455   present: 2572   in FES: 1910
** Event #1494688   t=604800   Elapsed: 4.75462s (0m 04s)
     Speed:     ev/sec=30073.1   simsec/sec=27836.3   ev/simsec=1.08035
     Messages:  created: 295357   present: 168   in FES: 0

<!> No more events, simulation completed -- at t=604800s, event #1494688
undisposed object: (BundlePacket) RegionsNetwork.regionNode[1].dtn.Src:A3,Dst:A15,ID:260661 -- check module destructor
undisposed object: (BundlePacket) RegionsNetwork.regionNode[1].dtn.Src:A3,Dst:A15,ID:261482 -- check module destructor
undisposed object: (BundlePacket) RegionsNetwork.regionNode[1].dtn.Src:A3,Dst:A15,ID:261244 -- check module destructor
undisposed object: (BundlePacket) RegionsNetwork.regionNode[1].dtn.Src:A3,Dst:A15,ID:261264 -- check module destructor
undisposed object: (BundlePacket) RegionsNetwork.regionNode[1].dtn.Src:A3,Dst:A15,ID:261312 -- check module destructor
undisposed object: (BundlePacket) RegionsNetwork.regionNode[1].dtn.Src:A3,Dst:A15,ID:260841 -- check module destructor
undisposed object: (BundlePacket) RegionsNetwork.regionNode[1].dtn.Src:A3,Dst:A15,ID:261404 -- check module destructor
undisposed object: (BundlePacket) RegionsNetwork.regionNode[1].dtn.Src:A3,Dst:A15,ID:261097 -- check module destructor
undisposed object: (BundlePacket) RegionsNetwork.regionNode[1].dtn.Src:A3,Dst:A15,ID:261135 -- check module destructor
undisposed object: (BundlePacket) RegionsNetwork.regionNode[1].dtn.Src:A3,Dst:A15,ID:261173 -- check module destructor
undisposed object: (BundlePacket) RegionsNetwork.regionNode[1].dtn.Src:A3,Dst:A15,ID:260446 -- check module destructor
undisposed object: (BundlePacket) RegionsNetwork.regionNode[1].dtn.Src:A3,Dst:A15,ID:261337 -- check module destructor
undisposed object: (BundlePacket) RegionsNetwork.regionNode[1].dtn.Src:A3,Dst:A15,ID:260560 -- check module destructor
undisposed object: (BundlePacket) RegionsNetwork.regionNode[1].dtn.Src:A3,Dst:A15,ID:260514 -- check module destructor
undisposed object: (BundlePacket) RegionsNetwork.regionNode[1].dtn.Src:A3,Dst:A15,ID:261297 -- check module destructor
undisposed object: (BundlePacket) RegionsNetwork.regionNode[1].dtn.Src:A3,Dst:A15,ID:261274 -- check module destructor
undisposed object: (BundlePacket) RegionsNetwork.regionNode[1].dtn.Src:A3,Dst:A15,ID:261221 -- check module destructor
undisposed object: (BundlePacket) RegionsNetwork.regionNode[1].dtn.Src:A3,Dst:A15,ID:260565 -- check module destructor
undisposed object: (BundlePacket) RegionsNetwork.regionNode[1].dtn.Src:A3,Dst:A15,ID:260722 -- check module destructor
undisposed object: (BundlePacket) RegionsNetwork.regionNode[1].dtn.Src:A3,Dst:A15,ID:260727 -- check module destructor
undisposed object: (BundlePacket) RegionsNetwork.regionNode[1].dtn.Src:A3,Dst:A15,ID:260603 -- check module destructor
undisposed object: (BundlePacket) RegionsNetwork.regionNode[1].dtn.Src:A3,Dst:A15,ID:260636 -- check module destructor
undisposed object: (BundlePacket) RegionsNetwork.regionNode[1].dtn.Src:A3,Dst:A15,ID:260504 -- check module destructor
undisposed object: (BundlePacket) RegionsNetwork.regionNode[1].dtn.Src:A3,Dst:A15,ID:260750 -- check module destructor
undisposed object: (BundlePacket) RegionsNetwork.regionNode[1].dtn.Src:A3,Dst:A15,ID:261307 -- check module destructor
undisposed object: (BundlePacket) RegionsNetwork.regionNode[1].dtn.Src:A3,Dst:A15,ID:260785 -- check module destructor
undisposed object: (BundlePacket) RegionsNetwork.regionNode[1].dtn.Src:A3,Dst:A15,ID:261390 -- check module destructor
undisposed object: (BundlePacket) RegionsNetwork.regionNode[1].dtn.Src:A3,Dst:A15,ID:261489 -- check module destructor
undisposed object: (BundlePacket) RegionsNetwork.regionNode[1].dtn.Src:A3,Dst:A15,ID:260760 -- check module destructor
undisposed object: (BundlePacket) RegionsNetwork.regionNode[1].dtn.Src:A3,Dst:A15,ID:261376 -- check module destructor
undisposed object: (BundlePacket) RegionsNetwork.regionNode[1].dtn.Src:A3,Dst:A15,ID:261365 -- check module destructor
undisposed object: (BundlePacket) RegionsNetwork.regionNode[1].dtn.Src:A3,Dst:A15,ID:261259 -- check module destructor
undisposed object: (BundlePacket) RegionsNetwork.regionNode[1].dtn.Src:A3,Dst:A15,ID:260451 -- check module destructor
undisposed object: (BundlePacket) RegionsNetwork.regionNode[1].dtn.Src:A3,Dst:A15,ID:261216 -- check module destructor
undisposed object: (BundlePacket) RegionsNetwork.regionNode[1].dtn.Src:A3,Dst:A15,ID:260595 -- check module destructor
undisposed object: (BundlePacket) RegionsNetwork.regionNode[1].dtn.Src:A3,Dst:A15,ID:261496 -- check module destructor
undisposed object: (BundlePacket) RegionsNetwork.regionNode[1].dtn.Src:A3,Dst:A15,ID:260623 -- check module destructor
undisposed object: (BundlePacket) RegionsNetwork.regionNode[1].dtn.Src:A3,Dst:A15,ID:260704 -- check module destructor
undisposed object: (BundlePacket) RegionsNetwork.regionNode[1].dtn.Src:A3,Dst:A15,ID:261122 -- check module destructor
undisposed object: (BundlePacket) RegionsNetwork.regionNode[1].dtn.Src:A3,Dst:A15,ID:261282 -- check module destructor
undisposed object: (BundlePacket) RegionsNetwork.regionNode[1].dtn.Src:A3,Dst:A15,ID:261325 -- check module destructor
undisposed object: (BundlePacket) RegionsNetwork.regionNode[1].dtn.Src:A3,Dst:A15,ID:260456 -- check module destructor
undisposed object: (BundlePacket) RegionsNetwork.regionNode[1].dtn.Src:A3,Dst:A15,ID:260613 -- check module destructor
undisposed object: (BundlePacket) RegionsNetwork.regionNode[1].dtn.Src:A3,Dst:A15,ID:260770 -- check module destructor
undisposed object: (BundlePacket) RegionsNetwork.regionNode[1].dtn.Src:A3,Dst:A15,ID:260818 -- check module destructor
undisposed object: (BundlePacket) RegionsNetwork.regionNode[1].dtn.Src:A3,Dst:A15,ID:260808 -- check module destructor
undisposed object: (BundlePacket) RegionsNetwork.regionNode[1].dtn.Src:A3,Dst:A15,ID:260684 -- check module destructor
undisposed object: (BundlePacket) RegionsNetwork.regionNode[1].dtn.Src:A3,Dst:A15,ID:260570 -- check module destructor
undisposed object: (BundlePacket) RegionsNetwork.regionNode[1].dtn.Src:A3,Dst:A15,ID:260522 -- check module destructor
undisposed object: (BundlePacket) RegionsNetwork.regionNode[1].dtn.Src:A3,Dst:A15,ID:260489 -- check module destructor
undisposed object: (BundlePacket) RegionsNetwork.regionNode[1].dtn.Src:A3,Dst:A15,ID:261471 -- check module destructor
undisposed object: (BundlePacket) RegionsNetwork.regionNode[1].dtn.Src:A3,Dst:A15,ID:261422 -- check module destructor
undisposed object: (BundlePacket) RegionsNetwork.regionNode[1].dtn.Src:A3,Dst:A15,ID:261320 -- check module destructor
undisposed object: (BundlePacket) RegionsNetwork.regionNode[1].dtn.Src:A3,Dst:A15,ID:261287 -- check module destructor
undisposed object: (BundlePacket) RegionsNetwork.regionNode[1].dtn.Src:A3,Dst:A15,ID:261198 -- check module destructor
undisposed object: (BundlePacket) RegionsNetwork.regionNode[1].dtn.Src:A3,Dst:A15,ID:261165 -- check module destructor
undisposed object: (BundlePacket) RegionsNetwork.regionNode[1].dtn.Src:A3,Dst:A15,ID:261130 -- check module destructor
undisposed object: (BundlePacket) RegionsNetwork.regionNode[1].dtn.Src:A3,Dst:A15,ID:261226 -- check module destructor
undisposed object: (BundlePacket) RegionsNetwork.regionNode[1].dtn.Src:A3,Dst:A15,ID:261292 -- check module destructor
undisposed object: (BundlePacket) RegionsNetwork.regionNode[1].dtn.Src:A3,Dst:A15,ID:260547 -- check module destructor
undisposed object: (BundlePacket) RegionsNetwork.regionNode[1].dtn.Src:A3,Dst:A15,ID:261203 -- check module destructor
undisposed object: (BundlePacket) RegionsNetwork.regionNode[1].dtn.Src:A3,Dst:A15,ID:260641 -- check module destructor
undisposed object: (BundlePacket) RegionsNetwork.regionNode[1].dtn.Src:A3,Dst:A15,ID:260499 -- check module destructor
undisposed object: (BundlePacket) RegionsNetwork.regionNode[1].dtn.Src:A3,Dst:A15,ID:261383 -- check module destructor
undisposed object: (BundlePacket) RegionsNetwork.regionNode[1].dtn.Src:A3,Dst:A15,ID:261155 -- check module destructor
undisposed object: (BundlePacket) RegionsNetwork.regionNode[1].dtn.Src:A3,Dst:A15,ID:261112 -- check module destructor
undisposed object: (BundlePacket) RegionsNetwork.regionNode[1].dtn.Src:A3,Dst:A15,ID:261475 -- check module destructor
undisposed object: (BundlePacket) RegionsNetwork.regionNode[1].dtn.Src:A3,Dst:A15,ID:261517 -- check module destructor
undisposed object: (BundlePacket) RegionsNetwork.regionNode[1].dtn.Src:A3,Dst:A15,ID:260717 -- check module destructor
undisposed object: (BundlePacket) RegionsNetwork.regionNode[1].dtn.Src:A3,Dst:A15,ID:261279 -- check module destructor
undisposed object: (BundlePacket) RegionsNetwork.regionNode[1].dtn.Src:A3,Dst:A15,ID:261231 -- check module destructor
undisposed object: (BundlePacket) RegionsNetwork.regionNode[1].dtn.Src:A3,Dst:A15,ID:260798 -- check module destructor
undisposed object: (BundlePacket) RegionsNetwork.regionNode[1].dtn.Src:A3,Dst:A15,ID:261193 -- check module destructor
undisposed object: (BundlePacket) RegionsNetwork.regionNode[1].dtn.Src:A3,Dst:A15,ID:260765 -- check module destructor
undisposed object: (BundlePacket) RegionsNetwork.regionNode[1].dtn.Src:A3,Dst:A15,ID:261411 -- check module destructor
undisposed object: (BundlePacket) RegionsNetwork.regionNode[1].dtn.Src:A3,Dst:A15,ID:261450 -- check module destructor
undisposed object: (BundlePacket) RegionsNetwork.regionNode[1].dtn.Src:A3,Dst:A15,ID:261117 -- check module destructor
undisposed object: (BundlePacket) RegionsNetwork.regionNode[1].dtn.Src:A3,Dst:A15,ID:260608 -- check module destructor
undisposed object: (BundlePacket) RegionsNetwork.regionNode[1].dtn.Src:A3,Dst:A15,ID:261168 -- check module destructor
undisposed object: (BundlePacket) RegionsNetwork.regionNode[1].dtn.Src:A3,Dst:A15,ID:261127 -- check module destructor
undisposed object: (BundlePacket) RegionsNetwork.regionNode[1].dtn.Src:A3,Dst:A15,ID:260671 -- check module destructor
undisposed object: (BundlePacket) RegionsNetwork.regionNode[1].dtn.Src:A3,Dst:A15,ID:260831 -- check module destructor
undisposed object: (BundlePacket) RegionsNetwork.regionNode[1].dtn.Src:A3,Dst:A15,ID:260861 -- check module destructor
undisposed object: (BundlePacket) RegionsNetwork.regionNode[1].dtn.Src:A3,Dst:A15,ID:261145 -- check module destructor
undisposed object: (BundlePacket) RegionsNetwork.regionNode[1].dtn.Src:A3,Dst:A15,ID:261358 -- check module destructor
undisposed object: (BundlePacket) RegionsNetwork.regionNode[1].dtn.Src:A3,Dst:A15,ID:261183 -- check module destructor
undisposed object: (BundlePacket) RegionsNetwork.regionNode[1].dtn.Src:A3,Dst:A15,ID:261249 -- check module destructor
undisposed object: (BundlePacket) RegionsNetwork.regionNode[1].dtn.Src:A3,Dst:A15,ID:261344 -- check module destructor
undisposed object: (BundlePacket) RegionsNetwork.regionNode[1].dtn.Src:A3,Dst:A15,ID:261429 -- check module destructor
undisposed object: (BundlePacket) RegionsNetwork.regionNode[1].dtn.Src:A3,Dst:A15,ID:260466 -- check module destructor
undisposed object: (BundlePacket) RegionsNetwork.regionNode[1].dtn.Src:A3,Dst:A15,ID:260527 -- check module destructor
undisposed object: (BundlePacket) RegionsNetwork.regionNode[1].dtn.Src:A3,Dst:A15,ID:260575 -- check module destructor
undisposed object: (BundlePacket) RegionsNetwork.regionNode[1].dtn.Src:A3,Dst:A15,ID:260689 -- check module destructor
undisposed object: (BundlePacket) RegionsNetwork.regionNode[1].dtn.Src:A3,Dst:A15,ID:260737 -- check module destructor
undisposed object: (BundlePacket) RegionsNetwork.regionNode[1].dtn.Src:A3,Dst:A15,ID:260846 -- check module destructor
undisposed object: (BundlePacket) RegionsNetwork.regionNode[1].dtn.Src:A3,Dst:A15,ID:261102 -- check module destructor
undisposed object: (BundlePacket) RegionsNetwork.regionNode[1].dtn.Src:A3,Dst:A15,ID:260481 -- check module destructor
undisposed object: (BundlePacket) RegionsNetwork.regionNode[1].dtn.Src:A3,Dst:A15,ID:260656 -- check module destructor
undisposed object: (BundlePacket) RegionsNetwork.regionNode[1].dtn.Src:A3,Dst:A15,ID:260813 -- check module destructor
undisposed object: (BundlePacket) RegionsNetwork.regionNode[1].dtn.Src:A3,Dst:A15,ID:261241 -- check module destructor
undisposed object: (BundlePacket) RegionsNetwork.regionNode[1].dtn.Src:A3,Dst:A15,ID:261178 -- check module destructor
undisposed object: (BundlePacket) RegionsNetwork.regionNode[1].dtn.Src:A3,Dst:A15,ID:261150 -- check module destructor
undisposed object: (BundlePacket) RegionsNetwork.regionNode[1].dtn.Src:A3,Dst:A15,ID:261211 -- check module destructor
undisposed object: (BundlePacket) RegionsNetwork.regionNode[1].dtn.Src:A3,Dst:A15,ID:261330 -- check module destructor
undisposed object: (BundlePacket) RegionsNetwork.regionNode[1].dtn.Src:A3,Dst:A15,ID:261397 -- check module destructor
undisposed object: (BundlePacket) RegionsNetwork.regionNode[1].dtn.Src:A3,Dst:A15,ID:261107 -- check module destructor
undisposed object: (BundlePacket) RegionsNetwork.regionNode[1].dtn.Src:A3,Dst:A15,ID:261140 -- check module destructor
undisposed object: (BundlePacket) RegionsNetwork.regionNode[1].dtn.Src:A3,Dst:A15,ID:261160 -- check module destructor
undisposed object: (BundlePacket) RegionsNetwork.regionNode[1].dtn.Src:A3,Dst:A15,ID:261188 -- check module destructor
undisposed object: (BundlePacket) RegionsNetwork.regionNode[1].dtn.Src:A3,Dst:A15,ID:261206 -- check module destructor
undisposed object: (BundlePacket) RegionsNetwork.regionNode[1].dtn.Src:A3,Dst:A15,ID:261236 -- check module destructor
undisposed object: (BundlePacket) RegionsNetwork.regionNode[1].dtn.Src:A3,Dst:A15,ID:261254 -- check module destructor
undisposed object: (BundlePacket) RegionsNetwork.regionNode[1].dtn.Src:A3,Dst:A15,ID:261269 -- check module destructor
undisposed object: (BundlePacket) RegionsNetwork.regionNode[1].dtn.Src:A3,Dst:A15,ID:261302 -- check module destructor
undisposed object: (BundlePacket) RegionsNetwork.regionNode[1].dtn.Src:A3,Dst:A15,ID:261317 -- check module destructor
undisposed object: (BundlePacket) RegionsNetwork.regionNode[1].dtn.Src:A3,Dst:A15,ID:261351 -- check module destructor
undisposed object: (BundlePacket) RegionsNetwork.regionNode[1].dtn.Src:A3,Dst:A15,ID:261369 -- check module destructor
undisposed object: (BundlePacket) RegionsNetwork.regionNode[1].dtn.Src:A3,Dst:A15,ID:261418 -- check module destructor
undisposed object: (BundlePacket) RegionsNetwork.regionNode[1].dtn.Src:A3,Dst:A15,ID:261436 -- check module destructor
undisposed object: (BundlePacket) RegionsNetwork.regionNode[1].dtn.Src:A3,Dst:A15,ID:261457 -- check module destructor
undisposed object: (BundlePacket) RegionsNetwork.regionNode[1].dtn.Src:A3,Dst:A15,ID:261503 -- check module destructor
undisposed object: (BundlePacket) RegionsNetwork.regionNode[1].dtn.Src:A3,Dst:A15,ID:260438 -- check module destructor
undisposed object: (BundlePacket) RegionsNetwork.regionNode[1].dtn.Src:A3,Dst:A15,ID:260471 -- check module destructor
undisposed object: (BundlePacket) RegionsNetwork.regionNode[1].dtn.Src:A3,Dst:A15,ID:260484 -- check module destructor
undisposed object: (BundlePacket) RegionsNetwork.regionNode[1].dtn.Src:A3,Dst:A15,ID:260519 -- check module destructor
undisposed object: (BundlePacket) RegionsNetwork.regionNode[1].dtn.Src:A3,Dst:A15,ID:260532 -- check module destructor
undisposed object: (BundlePacket) RegionsNetwork.regionNode[1].dtn.Src:A3,Dst:A15,ID:260552 -- check module destructor
undisposed object: (BundlePacket) RegionsNetwork.regionNode[1].dtn.Src:A3,Dst:A15,ID:260580 -- check module destructor
undisposed object: (BundlePacket) RegionsNetwork.regionNode[1].dtn.Src:A3,Dst:A15,ID:260598 -- check module destructor
undisposed object: (BundlePacket) RegionsNetwork.regionNode[1].dtn.Src:A3,Dst:A15,ID:260628 -- check module destructor
undisposed object: (BundlePacket) RegionsNetwork.regionNode[1].dtn.Src:A3,Dst:A15,ID:260646 -- check module destructor
undisposed object: (BundlePacket) RegionsNetwork.regionNode[1].dtn.Src:A3,Dst:A15,ID:260674 -- check module destructor
undisposed object: (BundlePacket) RegionsNetwork.regionNode[1].dtn.Src:A3,Dst:A15,ID:260694 -- check module destructor
undisposed object: (BundlePacket) RegionsNetwork.regionNode[1].dtn.Src:A3,Dst:A15,ID:260709 -- check module destructor
undisposed object: (BundlePacket) RegionsNetwork.regionNode[1].dtn.Src:A3,Dst:A15,ID:260742 -- check module destructor
undisposed object: (BundlePacket) RegionsNetwork.regionNode[1].dtn.Src:A3,Dst:A15,ID:260755 -- check module destructor
undisposed object: (BundlePacket) RegionsNetwork.regionNode[1].dtn.Src:A3,Dst:A15,ID:260788 -- check module destructor
undisposed object: (BundlePacket) RegionsNetwork.regionNode[1].dtn.Src:A3,Dst:A15,ID:260803 -- check module destructor
undisposed object: (BundlePacket) RegionsNetwork.regionNode[1].dtn.Src:A3,Dst:A15,ID:260836 -- check module destructor
undisposed object: (BundlePacket) RegionsNetwork.regionNode[1].dtn.Src:A3,Dst:A15,ID:260851 -- check module destructor
undisposed object: (BundlePacket) RegionsNetwork.regionNode[1].dtn.Src:A3,Dst:A15,ID:261464 -- check module destructor
undisposed object: (BundlePacket) RegionsNetwork.regionNode[1].dtn.Src:A3,Dst:A15,ID:261443 -- check module destructor
undisposed object: (BundlePacket) RegionsNetwork.regionNode[1].dtn.Src:A3,Dst:A15,ID:260856 -- check module destructor
undisposed object: (BundlePacket) RegionsNetwork.regionNode[1].dtn.Src:A3,Dst:A15,ID:260826 -- check module destructor
undisposed object: (BundlePacket) RegionsNetwork.regionNode[1].dtn.Src:A3,Dst:A15,ID:260823 -- check module destructor
undisposed object: (BundlePacket) RegionsNetwork.regionNode[1].dtn.Src:A3,Dst:A15,ID:260793 -- check module destructor
undisposed object: (BundlePacket) RegionsNetwork.regionNode[1].dtn.Src:A3,Dst:A15,ID:260780 -- check module destructor
undisposed object: (BundlePacket) RegionsNetwork.regionNode[1].dtn.Src:A3,Dst:A15,ID:260775 -- check module destructor
undisposed object: (BundlePacket) RegionsNetwork.regionNode[1].dtn.Src:A3,Dst:A15,ID:260747 -- check module destructor
undisposed object: (BundlePacket) RegionsNetwork.regionNode[1].dtn.Src:A3,Dst:A15,ID:260732 -- check module destructor
undisposed object: (BundlePacket) RegionsNetwork.regionNode[1].dtn.Src:A3,Dst:A15,ID:260712 -- check module destructor
undisposed object: (BundlePacket) RegionsNetwork.regionNode[1].dtn.Src:A3,Dst:A15,ID:260699 -- check module destructor
undisposed object: (BundlePacket) RegionsNetwork.regionNode[1].dtn.Src:A3,Dst:A15,ID:260679 -- check module destructor
undisposed object: (BundlePacket) RegionsNetwork.regionNode[1].dtn.Src:A3,Dst:A15,ID:260666 -- check module destructor
undisposed object: (BundlePacket) RegionsNetwork.regionNode[1].dtn.Src:A3,Dst:A15,ID:260651 -- check module destructor
undisposed object: (BundlePacket) RegionsNetwork.regionNode[1].dtn.Src:A3,Dst:A15,ID:260633 -- check module destructor
undisposed object: (BundlePacket) RegionsNetwork.regionNode[1].dtn.Src:A3,Dst:A15,ID:260618 -- check module destructor
undisposed object: (BundlePacket) RegionsNetwork.regionNode[1].dtn.Src:A3,Dst:A15,ID:260590 -- check module destructor
undisposed object: (BundlePacket) RegionsNetwork.regionNode[1].dtn.Src:A3,Dst:A15,ID:260585 -- check module destructor
undisposed object: (BundlePacket) RegionsNetwork.regionNode[1].dtn.Src:A3,Dst:A15,ID:260557 -- check module destructor
undisposed object: (BundlePacket) RegionsNetwork.regionNode[1].dtn.Src:A3,Dst:A15,ID:260542 -- check module destructor
undisposed object: (BundlePacket) RegionsNetwork.regionNode[1].dtn.Src:A3,Dst:A15,ID:260537 -- check module destructor
undisposed object: (BundlePacket) RegionsNetwork.regionNode[1].dtn.Src:A3,Dst:A15,ID:260509 -- check module destructor
undisposed object: (BundlePacket) RegionsNetwork.regionNode[1].dtn.Src:A3,Dst:A15,ID:260494 -- check module destructor
undisposed object: (BundlePacket) RegionsNetwork.regionNode[1].dtn.Src:A3,Dst:A15,ID:260476 -- check module destructor
undisposed object: (BundlePacket) RegionsNetwork.regionNode[1].dtn.Src:A3,Dst:A15,ID:260461 -- check module destructor
undisposed object: (BundlePacket) RegionsNetwork.regionNode[1].dtn.Src:A3,Dst:A15,ID:260443 -- check module destructor
undisposed object: (BundlePacket) RegionsNetwork.regionNode[1].dtn.Src:A3,Dst:A15,ID:261510 -- check module destructor
