** Event #0   t=0   Elapsed: 0.000s (0m 00s)
     Speed:     ev/sec=0   simsec/sec=0   ev/simsec=0
     Messages:  created: 5450   present: 5450   in FES: 5450
** Event #2816   t=0   Elapsed: 2.172s (0m 02s)
     Speed:     ev/sec=1296.96   simsec/sec=0   ev/simsec=0
     Messages:  created: 8104   present: 8049   in FES: 7886
** Event #5632   t=2578   Elapsed: 53.428s (0m 53s)
     Speed:     ev/sec=54.9399   simsec/sec=50.2966   ev/simsec=1.09232
     Messages:  created: 8198   present: 7904   in FES: 5274
** Event #9216   t=2631   Elapsed: 93.827s (1m 33s)
     Speed:     ev/sec=88.7173   simsec/sec=1.31195   ev/simsec=67.6226
     Messages:  created: 8732   present: 7848   in FES: 5268
** Event #12288   t=2678   Elapsed: 121.496s (2m 01s)
     Speed:     ev/sec=111.027   simsec/sec=1.69865   ev/simsec=65.3617
     Messages:  created: 9196   present: 7792   in FES: 5254
** Event #13312   t=2693   Elapsed: 170.871s (2m 50s)
     Speed:     ev/sec=20.7397   simsec/sec=0.303804   ev/simsec=68.2667
     Messages:  created: 9352   present: 7778   in FES: 5262
** Event #17920   t=2763   Elapsed: 198.901s (3m 18s)
     Speed:     ev/sec=164.395   simsec/sec=2.49732   ev/simsec=65.8286
     Messages:  created: 10054   present: 7704   in FES: 5255
** Event #20224   t=2803   Elapsed: 201.333s (3m 21s)
     Speed:     ev/sec=947.758   simsec/sec=16.4541   ev/simsec=57.6
     Messages:  created: 10400   present: 7657   in FES: 5231
** Event #20736   t=2870   Elapsed: 204.888s (3m 24s)
     Speed:     ev/sec=144.063   simsec/sec=18.852   ev/simsec=7.64179
     Messages:  created: 10475   present: 7653   in FES: 5229
** Event #22016   t=2942   Elapsed: 210.574s (3m 30s)
     Speed:     ev/sec=225.114   simsec/sec=12.6627   ev/simsec=17.7778
     Messages:  created: 10676   present: 7650   in FES: 5229
** Event #24320   t=3103   Elapsed: 266.012s (4m 26s)
     Speed:     ev/sec=41.5607   simsec/sec=2.9042   ev/simsec=14.3106
     Messages:  created: 11035   present: 7647   in FES: 5252
** Event #28160   t=3157   Elapsed: 271.780s (4m 31s)
     Speed:     ev/sec=665.742   simsec/sec=9.362   ev/simsec=71.1111
     Messages:  created: 11631   present: 7591   in FES: 5245
** Event #33280   t=3218   Elapsed: 281.265s (4m 41s)
     Speed:     ev/sec=539.857   simsec/sec=6.43189   ev/simsec=83.9344
     Messages:  created: 12431   present: 7530   in FES: 5242
** Event #36608   t=3259   Elapsed: 347.222s (5m 47s)
     Speed:     ev/sec=50.4571   simsec/sec=0.621617   ev/simsec=81.1707
     Messages:  created: 12951   present: 7484   in FES: 5232
** Event #45568   t=3374   Elapsed: 349.250s (5m 49s)
     Speed:     ev/sec=4418.15   simsec/sec=56.7061   ev/simsec=77.913
     Messages:  created: 14350   present: 7360   in FES: 5225
** Event #51456   t=3448   Elapsed: 356.440s (5m 56s)
     Speed:     ev/sec=819.029   simsec/sec=10.2935   ev/simsec=79.5676
     Messages:  created: 15257   present: 7296   in FES: 5250
** Event #56832   t=3507   Elapsed: 368.379s (6m 08s)
     Speed:     ev/sec=450.289   simsec/sec=4.94179   ev/simsec=91.1186
     Messages:  created: 16081   present: 7230   in FES: 5238
** Event #65792   t=3612   Elapsed: 370.430s (6m 10s)
     Speed:     ev/sec=4370.73   simsec/sec=51.2195   ev/simsec=85.3333
     Messages:  created: 17450   present: 7125   in FES: 5221
** Event #73984   t=3722   Elapsed: 372.441s (6m 12s)
     Speed:     ev/sec=4073.6   simsec/sec=54.6992   ev/simsec=74.4727
     Messages:  created: 18688   present: 7007   in FES: 5211
** Event #75264   t=3738   Elapsed: 378.477s (6m 18s)
     Speed:     ev/sec=212.061   simsec/sec=2.65076   ev/simsec=80
     Messages:  created: 18882   present: 7002   in FES: 5223
** Event #80128   t=3795   Elapsed: 391.234s (6m 31s)
     Speed:     ev/sec=381.311   simsec/sec=4.46849   ev/simsec=85.3333
     Messages:  created: 19626   present: 6940   in FES: 5217
** Event #88320   t=3898   Elapsed: 393.280s (6m 33s)
     Speed:     ev/sec=4003.91   simsec/sec=50.3421   ev/simsec=79.534
     Messages:  created: 20872   present: 6833   in FES: 5222
** Event #91904   t=3947   Elapsed: 457.278s (7m 37s)
     Speed:     ev/sec=56.0026   simsec/sec=0.765661   ev/simsec=73.1429
     Messages:  created: 21413   present: 6781   in FES: 5222
** Event #93184   t=3965   Elapsed: 510.664s (8m 30s)
     Speed:     ev/sec=23.9768   simsec/sec=0.337173   ev/simsec=71.1111
     Messages:  created: 21608   present: 6755   in FES: 5209
** Event #98816   t=4048   Elapsed: 572.535s (9m 32s)
     Speed:     ev/sec=91.0281   simsec/sec=1.3415   ev/simsec=67.8554
     Messages:  created: 22458   present: 6669   in FES: 5190
** Event #101120   t=4087   Elapsed: 605.004s (10m 05s)
     Speed:     ev/sec=70.96   simsec/sec=1.20115   ev/simsec=59.0769
     Messages:  created: 22792   present: 6669   in FES: 5208
** Event #105216   t=4144   Elapsed: 671.176s (11m 11s)
     Speed:     ev/sec=61.9002   simsec/sec=0.861405   ev/simsec=71.8596
     Messages:  created: 23360   present: 6663   in FES: 5196
** Event #112640   t=4247   Elapsed: 708.711s (11m 48s)
     Speed:     ev/sec=197.794   simsec/sec=2.74418   ev/simsec=72.0777
     Messages:  created: 24409   present: 6654   in FES: 5195
** Event #112896   t=4249   Elapsed: 758.219s (12m 38s)
     Speed:     ev/sec=5.17088   simsec/sec=0.0403975   ev/simsec=128
     Messages:  created: 24448   present: 6660   in FES: 5211
** Event #113152   t=4252   Elapsed: 842.764s (14m 02s)
     Speed:     ev/sec=3.02797   simsec/sec=0.0354841   ev/simsec=85.3333
     Messages:  created: 24483   present: 6644   in FES: 5192
** Event #118272   t=4305   Elapsed: 918.271s (15m 18s)
     Speed:     ev/sec=67.8092   simsec/sec=0.701931   ev/simsec=96.6038
     Messages:  created: 25221   present: 6583   in FES: 5167
** Event #123392   t=4370   Elapsed: 978.027s (16m 18s)
     Speed:     ev/sec=85.6818   simsec/sec=1.08776   ev/simsec=78.7692
     Messages:  created: 25976   present: 6520   in FES: 5163
** Event #127488   t=4437   Elapsed: 1017.478s (16m 57s)
     Speed:     ev/sec=103.825   simsec/sec=1.69831   ev/simsec=61.1343
     Messages:  created: 26576   present: 6444   in FES: 5155
** Event #130560   t=4548   Elapsed: 1029.667s (17m 09s)
     Speed:     ev/sec=252.051   simsec/sec=9.10732   ev/simsec=27.6757
     Messages:  created: 27027   present: 6325   in FES: 5144
** Event #135168   t=7795   Elapsed: 1070.001s (17m 50s)
     Speed:     ev/sec=114.249   simsec/sec=80.5048   ev/simsec=1.41916
     Messages:  created: 27795   present: 5829   in FES: 4931
** Event #138240   t=7845   Elapsed: 1107.432s (18m 27s)
     Speed:     ev/sec=82.071   simsec/sec=1.33579   ev/simsec=61.44
     Messages:  created: 28247   present: 5780   in FES: 4932
** Event #141568   t=7895   Elapsed: 1133.281s (18m 53s)
     Speed:     ev/sec=128.753   simsec/sec=1.93439   ev/simsec=66.56
     Messages:  created: 28752   present: 5725   in FES: 4934
** Event #147200   t=7979   Elapsed: 1159.443s (19m 19s)
     Speed:     ev/sec=215.274   simsec/sec=3.21076   ev/simsec=67.0476
     Messages:  created: 29599   present: 5641   in FES: 4933
** Event #149504   t=8014   Elapsed: 1161.745s (19m 21s)
     Speed:     ev/sec=1000.87   simsec/sec=15.2042   ev/simsec=65.8286
     Messages:  created: 29940   present: 5594   in FES: 4912
** Event #150016   t=8083   Elapsed: 1165.031s (19m 25s)
     Speed:     ev/sec=155.86   simsec/sec=21.0046   ev/simsec=7.42029
     Messages:  created: 30015   present: 5592   in FES: 4911
** Event #151296   t=8155   Elapsed: 1170.334s (19m 30s)
     Speed:     ev/sec=241.373   simsec/sec=13.5772   ev/simsec=17.7778
     Messages:  created: 30216   present: 5587   in FES: 4908
** Event #153600   t=8318   Elapsed: 1222.447s (20m 22s)
     Speed:     ev/sec=44.2125   simsec/sec=3.12788   ev/simsec=14.135
     Messages:  created: 30572   present: 5569   in FES: 4910
** Event #157696   t=8375   Elapsed: 1227.762s (20m 27s)
     Speed:     ev/sec=770.794   simsec/sec=10.7264   ev/simsec=71.8596
     Messages:  created: 31209   present: 5514   in FES: 4914
** Event #162560   t=8433   Elapsed: 1236.425s (20m 36s)
     Speed:     ev/sec=561.533   simsec/sec=6.69591   ev/simsec=83.8621
     Messages:  created: 31972   present: 5458   in FES: 4928
** Event #165888   t=8473   Elapsed: 1288.652s (21m 28s)
     Speed:     ev/sec=63.7218   simsec/sec=0.765887   ev/simsec=83.2
     Messages:  created: 32493   present: 5415   in FES: 4925
** Event #174848   t=8608   Elapsed: 1290.653s (21m 30s)
     Speed:     ev/sec=4480   simsec/sec=67.5   ev/simsec=66.3704
     Messages:  created: 33888   present: 5276   in FES: 4906
** Event #183808   t=8759   Elapsed: 1292.670s (21m 32s)
     Speed:     ev/sec=4444.44   simsec/sec=74.9008   ev/simsec=59.3377
     Messages:  created: 35251   present: 5121   in FES: 4905
** Event #192768   t=8916   Elapsed: 1294.690s (21m 34s)
     Speed:     ev/sec=4437.84   simsec/sec=77.7613   ev/simsec=57.0701
     Messages:  created: 36596   present: 4961   in FES: 4895
** Event #201720   t=86400   Elapsed: 1295.306s (21m 35s)
     Speed:     ev/sec=14530.8   simsec/sec=125786   ev/simsec=0.115521
     Messages:  created: 39251   present: 0   in FES: 0

<!> No more events, simulation completed -- at t=86400s, event #201720
