** Event #0   t=0   Elapsed: 0.000s (0m 00s)
     Speed:     ev/sec=0   simsec/sec=0   ev/simsec=0
     Messages:  created: 5450   present: 5450   in FES: 5450
** Event #768   t=0   Elapsed: 2.385s (0m 02s)
     Speed:     ev/sec=322.432   simsec/sec=0   ev/simsec=0
     Messages:  created: 6104   present: 6049   in FES: 5934
** Event #1792   t=2580   Elapsed: 55.146s (0m 55s)
     Speed:     ev/sec=19.4086   simsec/sec=48.9007   ev/simsec=0.396899
     Messages:  created: 6220   present: 5903   in FES: 5262
** Event #5120   t=2630   Elapsed: 97.581s (1m 37s)
     Speed:     ev/sec=78.4258   simsec/sec=1.17827   ev/simsec=66.56
     Messages:  created: 6716   present: 5844   in FES: 5256
** Event #8448   t=2680   Elapsed: 125.569s (2m 05s)
     Speed:     ev/sec=118.912   simsec/sec=1.78654   ev/simsec=66.56
     Messages:  created: 7222   present: 5795   in FES: 5270
** Event #9216   t=2692   Elapsed: 141.922s (2m 21s)
     Speed:     ev/sec=46.9667   simsec/sec=0.733855   ev/simsec=64
     Messages:  created: 7336   present: 5774   in FES: 5252
** Event #9472   t=2696   Elapsed: 175.474s (2m 55s)
     Speed:     ev/sec=7.62995   simsec/sec=0.119218   ev/simsec=64
     Messages:  created: 7375   present: 5769   in FES: 5250
** Event #14080   t=2766   Elapsed: 203.838s (3m 23s)
     Speed:     ev/sec=162.465   simsec/sec=2.468   ev/simsec=65.8286
     Messages:  created: 8078   present: 5696   in FES: 5248
** Event #16384   t=2826   Elapsed: 206.379s (3m 26s)
     Speed:     ev/sec=906.73   simsec/sec=23.6128   ev/simsec=38.4
     Messages:  created: 8422   present: 5656   in FES: 5229
** Event #16896   t=2878   Elapsed: 210.176s (3m 30s)
     Speed:     ev/sec=134.843   simsec/sec=13.695   ev/simsec=9.84615
     Messages:  created: 8501   present: 5655   in FES: 5235
** Event #17920   t=2935   Elapsed: 216.375s (3m 36s)
     Speed:     ev/sec=165.215   simsec/sec=9.19652   ev/simsec=17.9649
     Messages:  created: 8661   present: 5649   in FES: 5226
** Event #20224   t=3102   Elapsed: 272.888s (4m 32s)
     Speed:     ev/sec=40.7694   simsec/sec=2.95507   ev/simsec=13.7964
     Messages:  created: 9018   present: 5642   in FES: 5236
** Event #27904   t=3230   Elapsed: 274.926s (4m 34s)
     Speed:     ev/sec=3770.25   simsec/sec=62.8375   ev/simsec=60
     Messages:  created: 10210   present: 5514   in FES: 5240
** Event #29696   t=3261   Elapsed: 332.877s (5m 32s)
     Speed:     ev/sec=30.9227   simsec/sec=0.534935   ev/simsec=57.8065
     Messages:  created: 10481   present: 5477   in FES: 5223
** Event #38144   t=3406   Elapsed: 334.922s (5m 34s)
     Speed:     ev/sec=4131.05   simsec/sec=70.9046   ev/simsec=58.2621
     Messages:  created: 11792   present: 5330   in FES: 5225
** Event #50234   t=86400   Elapsed: 336.201s (5m 36s)
     Speed:     ev/sec=9459.31   simsec/sec=64940.5   ev/simsec=0.145661
     Messages:  created: 15025   present: 0   in FES: 0

<!> No more events, simulation completed -- at t=86400s, event #50234
