** Event #0   t=0   Elapsed: 0.000s (0m 00s)
     Speed:     ev/sec=0   simsec/sec=0   ev/simsec=0
     Messages:  created: 5450   present: 5450   in FES: 5450
** Event #768   t=0   Elapsed: 2.122s (0m 02s)
     Speed:     ev/sec=362.394   simsec/sec=0   ev/simsec=0
     Messages:  created: 6104   present: 6049   in FES: 5934
** Event #1792   t=2580   Elapsed: 52.330s (0m 52s)
     Speed:     ev/sec=20.3952   simsec/sec=51.3862   ev/simsec=0.396899
     Messages:  created: 6220   present: 5903   in FES: 5262
** Event #5120   t=2630   Elapsed: 93.106s (1m 33s)
     Speed:     ev/sec=81.6186   simsec/sec=1.22624   ev/simsec=66.56
     Messages:  created: 6716   present: 5844   in FES: 5256
** Event #8448   t=2680   Elapsed: 120.977s (2m 00s)
     Speed:     ev/sec=119.407   simsec/sec=1.79398   ev/simsec=66.56
     Messages:  created: 7222   present: 5795   in FES: 5270
** Event #9216   t=2692   Elapsed: 137.174s (2m 17s)
     Speed:     ev/sec=47.4191   simsec/sec=0.740924   ev/simsec=64
     Messages:  created: 7336   present: 5774   in FES: 5252
** Event #9472   t=2696   Elapsed: 170.666s (2m 50s)
     Speed:     ev/sec=7.64362   simsec/sec=0.119432   ev/simsec=64
     Messages:  created: 7375   present: 5769   in FES: 5250
** Event #14080   t=2766   Elapsed: 198.800s (3m 18s)
     Speed:     ev/sec=163.793   simsec/sec=2.48818   ev/simsec=65.8286
     Messages:  created: 8078   present: 5696   in FES: 5248
** Event #16384   t=2826   Elapsed: 201.232s (3m 21s)
     Speed:     ev/sec=947.368   simsec/sec=24.6711   ev/simsec=38.4
     Messages:  created: 8422   present: 5656   in FES: 5229
** Event #16896   t=2878   Elapsed: 204.805s (3m 24s)
     Speed:     ev/sec=143.337   simsec/sec=14.5577   ev/simsec=9.84615
     Messages:  created: 8501   present: 5655   in FES: 5235
** Event #17920   t=2935   Elapsed: 210.550s (3m 30s)
     Speed:     ev/sec=178.242   simsec/sec=9.92167   ev/simsec=17.9649
     Messages:  created: 8661   present: 5649   in FES: 5226
** Event #20224   t=3102   Elapsed: 266.279s (4m 26s)
     Speed:     ev/sec=41.3437   simsec/sec=2.9967   ev/simsec=13.7964
     Messages:  created: 9018   present: 5642   in FES: 5236
** Event #28672   t=3243   Elapsed: 268.327s (4m 28s)
     Speed:     ev/sec=4125   simsec/sec=68.8477   ev/simsec=59.9149
     Messages:  created: 10327   present: 5501   in FES: 5240
** Event #29696   t=3261   Elapsed: 324.959s (5m 24s)
     Speed:     ev/sec=18.082   simsec/sec=0.317847   ev/simsec=56.8889
     Messages:  created: 10481   present: 5477   in FES: 5223
** Event #38144   t=3406   Elapsed: 327.002s (5m 27s)
     Speed:     ev/sec=4135.1   simsec/sec=70.9741   ev/simsec=58.2621
     Messages:  created: 11792   present: 5330   in FES: 5225
** Event #50234   t=86400   Elapsed: 328.279s (5m 28s)
     Speed:     ev/sec=9474.14   simsec/sec=65042.3   ev/simsec=0.145661
     Messages:  created: 15025   present: 0   in FES: 0

<!> No more events, simulation completed -- at t=86400s, event #50234
