** Event #0   t=0   Elapsed: 0.000s (0m 00s)
     Speed:     ev/sec=0   simsec/sec=0   ev/simsec=0
     Messages:  created: 5450   present: 5450   in FES: 5450
** Event #1280   t=0   Elapsed: 2.135s (0m 02s)
     Speed:     ev/sec=600   simsec/sec=0   ev/simsec=0
     Messages:  created: 6604   present: 6549   in FES: 6422
** Event #2560   t=2577   Elapsed: 24.719s (0m 24s)
     Speed:     ev/sec=56.6773   simsec/sec=114.107   ev/simsec=0.496702
     Messages:  created: 6685   present: 6402   in FES: 5253
** Event #2816   t=2581   Elapsed: 52.732s (0m 52s)
     Speed:     ev/sec=9.13894   simsec/sec=0.142796   ev/simsec=64
     Messages:  created: 6724   present: 6397   in FES: 5260
** Event #6144   t=2630   Elapsed: 93.370s (1m 33s)
     Speed:     ev/sec=81.8958   simsec/sec=1.2058   ev/simsec=67.9184
     Messages:  created: 7222   present: 6350   in FES: 5274
** Event #9472   t=2681   Elapsed: 121.296s (2m 01s)
     Speed:     ev/sec=119.172   simsec/sec=1.82626   ev/simsec=65.2549
     Messages:  created: 7722   present: 6285   in FES: 5246
** Event #10240   t=2692   Elapsed: 170.756s (2m 50s)
     Speed:     ev/sec=15.5277   simsec/sec=0.222402   ev/simsec=69.8182
     Messages:  created: 7842   present: 6280   in FES: 5269
** Event #15104   t=2766   Elapsed: 198.939s (3m 18s)
     Speed:     ev/sec=172.586   simsec/sec=2.6257   ev/simsec=65.7297
     Messages:  created: 8584   present: 6202   in FES: 5266
** Event #17408   t=2829   Elapsed: 201.366s (3m 21s)
     Speed:     ev/sec=949.711   simsec/sec=25.9687   ev/simsec=36.5714
     Messages:  created: 8926   present: 6157   in FES: 5231
** Event #17920   t=2879   Elapsed: 205.001s (3m 25s)
     Speed:     ev/sec=140.892   simsec/sec=13.7589   ev/simsec=10.24
     Messages:  created: 9004   present: 6155   in FES: 5231
** Event #18944   t=2937   Elapsed: 210.745s (3m 30s)
     Speed:     ev/sec=178.304   simsec/sec=10.0993   ev/simsec=17.6552
     Messages:  created: 9165   present: 6149   in FES: 5226
** Event #21248   t=3102   Elapsed: 266.452s (4m 26s)
     Speed:     ev/sec=41.3593   simsec/sec=2.96193   ev/simsec=13.9636
     Messages:  created: 9524   present: 6148   in FES: 5252
** Event #25344   t=3159   Elapsed: 272.369s (4m 32s)
     Speed:     ev/sec=692.36   simsec/sec=9.63489   ev/simsec=71.8596
     Messages:  created: 10161   present: 6092   in FES: 5255
** Event #30208   t=3218   Elapsed: 281.932s (4m 41s)
     Speed:     ev/sec=508.627   simsec/sec=6.16961   ev/simsec=82.4407
     Messages:  created: 10918   present: 6026   in FES: 5231
** Event #33536   t=3258   Elapsed: 349.627s (5m 49s)
     Speed:     ev/sec=49.1617   simsec/sec=0.590886   ev/simsec=83.2
     Messages:  created: 11438   present: 5975   in FES: 5222
** Event #42240   t=3369   Elapsed: 351.656s (5m 51s)
     Speed:     ev/sec=4291.91   simsec/sec=54.7337   ev/simsec=78.4144
     Messages:  created: 12800   present: 5874   in FES: 5232
** Event #48384   t=3447   Elapsed: 359.089s (5m 59s)
     Speed:     ev/sec=826.695   simsec/sec=10.4952   ev/simsec=78.7692
     Messages:  created: 13744   present: 5798   in FES: 5238
** Event #56832   t=3550   Elapsed: 361.140s (6m 01s)
     Speed:     ev/sec=4118.97   simsec/sec=50.2194   ev/simsec=82.0194
     Messages:  created: 15029   present: 5681   in FES: 5220
** Event #65024   t=3691   Elapsed: 363.148s (6m 03s)
     Speed:     ev/sec=4079.68   simsec/sec=70.2191   ev/simsec=58.0993
     Messages:  created: 16260   present: 5538   in FES: 5208
** Event #73216   t=3841   Elapsed: 365.157s (6m 05s)
     Speed:     ev/sec=4077.65   simsec/sec=74.664   ev/simsec=54.6133
     Messages:  created: 17472   present: 5390   in FES: 5219
** Event #79104   t=3948   Elapsed: 419.099s (6m 59s)
     Speed:     ev/sec=109.154   simsec/sec=1.98361   ev/simsec=55.028
     Messages:  created: 18329   present: 5280   in FES: 5218
** Event #79872   t=3962   Elapsed: 462.880s (7m 42s)
     Speed:     ev/sec=17.5423   simsec/sec=0.319781   ev/simsec=54.8571
     Messages:  created: 18441   present: 5261   in FES: 5207
** Event #88521   t=86400   Elapsed: 463.443s (7m 43s)
     Speed:     ev/sec=15387.9   simsec/sec=146687   ev/simsec=0.104903
     Messages:  created: 21137   present: 0   in FES: 0

<!> No more events, simulation completed -- at t=86400s, event #88521
