** Event #0   t=0   Elapsed: 0.000s (0m 00s)
     Speed:     ev/sec=0   simsec/sec=0   ev/simsec=0
     Messages:  created: 5450   present: 5450   in FES: 5450
** Event #768   t=0   Elapsed: 2.113s (0m 02s)
     Speed:     ev/sec=363.938   simsec/sec=0   ev/simsec=0
     Messages:  created: 6104   present: 6049   in FES: 5934
** Event #1792   t=2580   Elapsed: 52.235s (0m 52s)
     Speed:     ev/sec=20.4306   simsec/sec=51.4754   ev/simsec=0.396899
     Messages:  created: 6220   present: 5903   in FES: 5262
** Event #5120   t=2630   Elapsed: 94.066s (1m 34s)
     Speed:     ev/sec=79.5601   simsec/sec=1.19531   ev/simsec=66.56
     Messages:  created: 6716   present: 5844   in FES: 5256
** Event #8448   t=2680   Elapsed: 122.494s (2m 02s)
     Speed:     ev/sec=117.068   simsec/sec=1.75883   ev/simsec=66.56
     Messages:  created: 7222   present: 5795   in FES: 5270
** Event #9216   t=2692   Elapsed: 139.233s (2m 19s)
     Speed:     ev/sec=45.8836   simsec/sec=0.716932   ev/simsec=64
     Messages:  created: 7336   present: 5774   in FES: 5252
** Event #9472   t=2696   Elapsed: 173.041s (2m 53s)
     Speed:     ev/sec=7.57217   simsec/sec=0.118315   ev/simsec=64
     Messages:  created: 7375   present: 5769   in FES: 5250
** Event #14080   t=2766   Elapsed: 201.358s (3m 21s)
     Speed:     ev/sec=162.735   simsec/sec=2.4721   ev/simsec=65.8286
     Messages:  created: 8078   present: 5696   in FES: 5248
** Event #16384   t=2826   Elapsed: 203.809s (3m 23s)
     Speed:     ev/sec=940.408   simsec/sec=24.4898   ev/simsec=38.4
     Messages:  created: 8422   present: 5656   in FES: 5229
** Event #16896   t=2878   Elapsed: 207.369s (3m 27s)
     Speed:     ev/sec=143.82   simsec/sec=14.6067   ev/simsec=9.84615
     Messages:  created: 8501   present: 5655   in FES: 5235
** Event #17920   t=2935   Elapsed: 213.508s (3m 33s)
     Speed:     ev/sec=166.83   simsec/sec=9.28641   ev/simsec=17.9649
     Messages:  created: 8661   present: 5649   in FES: 5226
** Event #20224   t=3102   Elapsed: 270.116s (4m 30s)
     Speed:     ev/sec=40.701   simsec/sec=2.95011   ev/simsec=13.7964
     Messages:  created: 9018   present: 5642   in FES: 5236
** Event #28672   t=3243   Elapsed: 272.153s (4m 32s)
     Speed:     ev/sec=4147.28   simsec/sec=69.2194   ev/simsec=59.9149
     Messages:  created: 10327   present: 5501   in FES: 5240
** Event #29696   t=3261   Elapsed: 327.662s (5m 27s)
     Speed:     ev/sec=18.4478   simsec/sec=0.324278   ev/simsec=56.8889
     Messages:  created: 10481   present: 5477   in FES: 5223
** Event #38144   t=3406   Elapsed: 329.696s (5m 29s)
     Speed:     ev/sec=4153.39   simsec/sec=71.2881   ev/simsec=58.2621
     Messages:  created: 11792   present: 5330   in FES: 5225
** Event #50234   t=86400   Elapsed: 330.965s (5m 30s)
     Speed:     ev/sec=9526.4   simsec/sec=65401.1   ev/simsec=0.145661
     Messages:  created: 15025   present: 0   in FES: 0

<!> No more events, simulation completed -- at t=86400s, event #50234
