** Event #0   t=0   Elapsed: 0.000s (0m 00s)
     Speed:     ev/sec=0   simsec/sec=0   ev/simsec=0
     Messages:  created: 5450   present: 5450   in FES: 5450
** Event #2304   t=0   Elapsed: 2.172s (0m 02s)
     Speed:     ev/sec=1061.23   simsec/sec=0   ev/simsec=0
     Messages:  created: 7604   present: 7549   in FES: 7398
** Event #4608   t=2578   Elapsed: 53.282s (0m 53s)
     Speed:     ev/sec=45.0792   simsec/sec=50.4402   ev/simsec=0.893716
     Messages:  created: 7692   present: 7398   in FES: 5256
** Event #8192   t=2631   Elapsed: 93.916s (1m 33s)
     Speed:     ev/sec=88.2042   simsec/sec=1.30436   ev/simsec=67.6226
     Messages:  created: 8228   present: 7345   in FES: 5260
** Event #11264   t=2677   Elapsed: 121.699s (2m 01s)
     Speed:     ev/sec=110.575   simsec/sec=1.65575   ev/simsec=66.7826
     Messages:  created: 8692   present: 7298   in FES: 5256
** Event #12288   t=2693   Elapsed: 171.335s (2m 51s)
     Speed:     ev/sec=20.6302   simsec/sec=0.322347   ev/simsec=64
     Messages:  created: 8848   present: 7275   in FES: 5256
** Event #16896   t=2763   Elapsed: 179.658s (2m 59s)
     Speed:     ev/sec=553.713   simsec/sec=8.41144   ev/simsec=65.8286
     Messages:  created: 9551   present: 7202   in FES: 5257
** Event #17152   t=2767   Elapsed: 199.653s (3m 19s)
     Speed:     ev/sec=12.8038   simsec/sec=0.20006   ev/simsec=64
     Messages:  created: 9589   present: 7196   in FES: 5250
** Event #19200   t=2799   Elapsed: 202.058s (3m 22s)
     Speed:     ev/sec=851.913   simsec/sec=13.3111   ev/simsec=64
     Messages:  created: 9896   present: 7157   in FES: 5231
** Event #19712   t=2868   Elapsed: 205.638s (3m 25s)
     Speed:     ev/sec=143.017   simsec/sec=19.2737   ev/simsec=7.42029
     Messages:  created: 9971   present: 7155   in FES: 5230
** Event #20992   t=2940   Elapsed: 211.356s (3m 31s)
     Speed:     ev/sec=223.894   simsec/sec=12.594   ev/simsec=17.7778
     Messages:  created: 10172   present: 7150   in FES: 5227
** Event #23296   t=3103   Elapsed: 267.148s (4m 27s)
     Speed:     ev/sec=41.297   simsec/sec=2.92162   ev/simsec=14.135
     Messages:  created: 10529   present: 7141   in FES: 5236
** Event #27136   t=3157   Elapsed: 272.942s (4m 32s)
     Speed:     ev/sec=662.755   simsec/sec=9.31999   ev/simsec=71.1111
     Messages:  created: 11125   present: 7085   in FES: 5232
** Event #32256   t=3218   Elapsed: 282.475s (4m 42s)
     Speed:     ev/sec=537.138   simsec/sec=6.3995   ev/simsec=83.9344
     Messages:  created: 11928   present: 7028   in FES: 5248
** Event #35584   t=3258   Elapsed: 348.731s (5m 48s)
     Speed:     ev/sec=50.2294   simsec/sec=0.603719   ev/simsec=83.2
     Messages:  created: 12450   present: 6985   in FES: 5249
** Event #44544   t=3373   Elapsed: 350.777s (5m 50s)
     Speed:     ev/sec=4379.28   simsec/sec=56.2072   ev/simsec=77.913
     Messages:  created: 13848   present: 6870   in FES: 5236
** Event #50432   t=3448   Elapsed: 358.003s (5m 58s)
     Speed:     ev/sec=814.948   simsec/sec=10.3806   ev/simsec=78.5067
     Messages:  created: 14751   present: 6791   in FES: 5237
** Event #55808   t=3507   Elapsed: 369.993s (6m 09s)
     Speed:     ev/sec=448.411   simsec/sec=4.92118   ev/simsec=91.1186
     Messages:  created: 15575   present: 6724   in FES: 5223
** Event #64512   t=3608   Elapsed: 372.005s (6m 12s)
     Speed:     ev/sec=4328.19   simsec/sec=50.2238   ev/simsec=86.1782
     Messages:  created: 16909   present: 6627   in FES: 5231
** Event #72960   t=3721   Elapsed: 374.028s (6m 14s)
     Speed:     ev/sec=4175.98   simsec/sec=55.8576   ev/simsec=74.7611
     Messages:  created: 18187   present: 6517   in FES: 5232
** Event #74240   t=3738   Elapsed: 380.072s (6m 20s)
     Speed:     ev/sec=211.78   simsec/sec=2.81271   ev/simsec=75.2941
     Messages:  created: 18381   present: 6501   in FES: 5240
** Event #79360   t=3798   Elapsed: 392.947s (6m 32s)
     Speed:     ev/sec=397.701   simsec/sec=4.66056   ev/simsec=85.3333
     Messages:  created: 19163   present: 6435   in FES: 5231
** Event #87552   t=3901   Elapsed: 395.003s (6m 35s)
     Speed:     ev/sec=3986.37   simsec/sec=50.1217   ev/simsec=79.534
     Messages:  created: 20408   present: 6332   in FES: 5227
** Event #90880   t=3947   Elapsed: 459.309s (7m 39s)
     Speed:     ev/sec=51.7534   simsec/sec=0.715341   ev/simsec=72.3478
     Messages:  created: 20907   present: 6276   in FES: 5209
** Event #92160   t=3965   Elapsed: 512.946s (8m 32s)
     Speed:     ev/sec=23.8641   simsec/sec=0.335589   ev/simsec=71.1111
     Messages:  created: 21104   present: 6261   in FES: 5207
** Event #97792   t=4047   Elapsed: 571.675s (9m 31s)
     Speed:     ev/sec=95.8981   simsec/sec=1.39624   ev/simsec=68.6829
     Messages:  created: 21956   present: 6171   in FES: 5199
** Event #98048   t=4052   Elapsed: 575.177s (9m 35s)
     Speed:     ev/sec=73.122   simsec/sec=1.42816   ev/simsec=51.2
     Messages:  created: 21991   present: 6166   in FES: 5189
** Event #100096   t=4087   Elapsed: 607.742s (10m 07s)
     Speed:     ev/sec=62.8896   simsec/sec=1.07477   ev/simsec=58.5143
     Messages:  created: 22286   present: 6163   in FES: 5185
** Event #104192   t=4144   Elapsed: 674.315s (11m 14s)
     Speed:     ev/sec=61.5274   simsec/sec=0.856216   ev/simsec=71.8596
     Messages:  created: 22854   present: 6159   in FES: 5180
** Event #111872   t=4249   Elapsed: 761.774s (12m 41s)
     Speed:     ev/sec=87.8126   simsec/sec=1.20056   ev/simsec=73.1429
     Messages:  created: 23944   present: 6157   in FES: 5212
** Event #112128   t=4252   Elapsed: 847.026s (14m 07s)
     Speed:     ev/sec=3.0029   simsec/sec=0.0351902   ev/simsec=85.3333
     Messages:  created: 23978   present: 6146   in FES: 5182
** Event #117248   t=4304   Elapsed: 923.124s (15m 23s)
     Speed:     ev/sec=67.2825   simsec/sec=0.683338   ev/simsec=98.4615
     Messages:  created: 24720   present: 6095   in FES: 5188
** Event #122368   t=4369   Elapsed: 983.190s (16m 23s)
     Speed:     ev/sec=85.241   simsec/sec=1.08216   ev/simsec=78.7692
     Messages:  created: 25475   present: 6022   in FES: 5180
** Event #126464   t=4436   Elapsed: 1022.956s (17m 02s)
     Speed:     ev/sec=103.005   simsec/sec=1.6849   ev/simsec=61.1343
     Messages:  created: 26074   present: 5949   in FES: 5167
** Event #129536   t=4547   Elapsed: 1035.223s (17m 15s)
     Speed:     ev/sec=250.448   simsec/sec=9.0494   ev/simsec=27.6757
     Messages:  created: 26523   present: 5825   in FES: 5142
** Event #134144   t=7794   Elapsed: 1075.738s (17m 55s)
     Speed:     ev/sec=113.738   simsec/sec=80.1451   ev/simsec=1.41916
     Messages:  created: 27294   present: 5337   in FES: 4950
** Event #137216   t=7844   Elapsed: 1103.570s (18m 23s)
     Speed:     ev/sec=110.381   simsec/sec=1.79656   ev/simsec=61.44
     Messages:  created: 27744   present: 5282   in FES: 4935
** Event #137472   t=7848   Elapsed: 1113.326s (18m 33s)
     Speed:     ev/sec=26.2403   simsec/sec=0.410004   ev/simsec=64
     Messages:  created: 27784   present: 5278   in FES: 4945
** Event #140544   t=7895   Elapsed: 1139.263s (18m 59s)
     Speed:     ev/sec=118.445   simsec/sec=1.81215   ev/simsec=65.3617
     Messages:  created: 28247   present: 5224   in FES: 4928
** Event #146176   t=7979   Elapsed: 1155.960s (19m 15s)
     Speed:     ev/sec=337.306   simsec/sec=5.03084   ev/simsec=67.0476
     Messages:  created: 29097   present: 5140   in FES: 4942
** Event #146432   t=7983   Elapsed: 1165.627s (19m 25s)
     Speed:     ev/sec=26.4846   simsec/sec=0.413822   ev/simsec=64
     Messages:  created: 29134   present: 5133   in FES: 4930
** Event #148736   t=8047   Elapsed: 1167.921s (19m 27s)
     Speed:     ev/sec=1004.8   simsec/sec=27.911   ev/simsec=36
     Messages:  created: 29473   present: 5094   in FES: 4911
** Event #148992   t=8082   Elapsed: 1171.190s (19m 31s)
     Speed:     ev/sec=78.3114   simsec/sec=10.7066   ev/simsec=7.31429
     Messages:  created: 29512   present: 5092   in FES: 4912
** Event #149504   t=8315   Elapsed: 1223.346s (20m 23s)
     Speed:     ev/sec=9.81689   simsec/sec=4.46745   ev/simsec=2.19742
     Messages:  created: 29587   present: 5076   in FES: 4911
** Event #164474   t=86400   Elapsed: 1225.343s (20m 25s)
     Speed:     ev/sec=7499.5   simsec/sec=39120.7   ev/simsec=0.191701
     Messages:  created: 33192   present: 0   in FES: 0

<!> No more events, simulation completed -- at t=86400s, event #164474
