** Event #0   t=0   Elapsed: 0.000s (0m 00s)
     Speed:     ev/sec=0   simsec/sec=0   ev/simsec=0
     Messages:  created: 5450   present: 5450   in FES: 5450
** Event #1280   t=0   Elapsed: 2.153s (0m 02s)
     Speed:     ev/sec=594.984   simsec/sec=0   ev/simsec=0
     Messages:  created: 6604   present: 6549   in FES: 6422
** Event #2560   t=2577   Elapsed: 25.228s (0m 25s)
     Speed:     ev/sec=55.4737   simsec/sec=111.684   ev/simsec=0.496702
     Messages:  created: 6685   present: 6402   in FES: 5253
** Event #2816   t=2581   Elapsed: 54.268s (0m 54s)
     Speed:     ev/sec=8.81573   simsec/sec=0.137746   ev/simsec=64
     Messages:  created: 6724   present: 6397   in FES: 5260
** Event #6144   t=2630   Elapsed: 96.370s (1m 36s)
     Speed:     ev/sec=79.0461   simsec/sec=1.16384   ev/simsec=67.9184
     Messages:  created: 7222   present: 6350   in FES: 5274
** Event #9472   t=2681   Elapsed: 125.139s (2m 05s)
     Speed:     ev/sec=115.684   simsec/sec=1.7728   ev/simsec=65.2549
     Messages:  created: 7722   present: 6285   in FES: 5246
** Event #10240   t=2692   Elapsed: 176.112s (2m 56s)
     Speed:     ev/sec=15.0668   simsec/sec=0.215801   ev/simsec=69.8182
     Messages:  created: 7842   present: 6280   in FES: 5269
** Event #15104   t=2766   Elapsed: 205.197s (3m 25s)
     Speed:     ev/sec=167.24   simsec/sec=2.54435   ev/simsec=65.7297
     Messages:  created: 8584   present: 6202   in FES: 5266
** Event #17408   t=2829   Elapsed: 207.632s (3m 27s)
     Speed:     ev/sec=946.201   simsec/sec=25.8727   ev/simsec=36.5714
     Messages:  created: 8926   present: 6157   in FES: 5231
** Event #17920   t=2879   Elapsed: 211.276s (3m 31s)
     Speed:     ev/sec=140.505   simsec/sec=13.7212   ev/simsec=10.24
     Messages:  created: 9004   present: 6155   in FES: 5231
** Event #18944   t=2937   Elapsed: 217.062s (3m 37s)
     Speed:     ev/sec=177.01   simsec/sec=10.0259   ev/simsec=17.6552
     Messages:  created: 9165   present: 6149   in FES: 5226
** Event #21248   t=3102   Elapsed: 273.383s (4m 33s)
     Speed:     ev/sec=40.9091   simsec/sec=2.92969   ev/simsec=13.9636
     Messages:  created: 9524   present: 6148   in FES: 5252
** Event #25344   t=3159   Elapsed: 279.384s (4m 39s)
     Speed:     ev/sec=682.667   simsec/sec=9.5   ev/simsec=71.8596
     Messages:  created: 10161   present: 6092   in FES: 5255
** Event #30208   t=3218   Elapsed: 288.971s (4m 48s)
     Speed:     ev/sec=507.354   simsec/sec=6.15417   ev/simsec=82.4407
     Messages:  created: 10918   present: 6026   in FES: 5231
** Event #33536   t=3258   Elapsed: 356.503s (5m 56s)
     Speed:     ev/sec=49.2803   simsec/sec=0.592312   ev/simsec=83.2
     Messages:  created: 11438   present: 5975   in FES: 5222
** Event #42496   t=3373   Elapsed: 358.555s (5m 58s)
     Speed:     ev/sec=4368.6   simsec/sec=56.0702   ev/simsec=77.913
     Messages:  created: 12840   present: 5863   in FES: 5229
** Event #48384   t=3447   Elapsed: 365.951s (6m 05s)
     Speed:     ev/sec=796.214   simsec/sec=10.0068   ev/simsec=79.5676
     Messages:  created: 13744   present: 5798   in FES: 5238
** Event #56832   t=3550   Elapsed: 367.974s (6m 07s)
     Speed:     ev/sec=4178.04   simsec/sec=50.9397   ev/simsec=82.0194
     Messages:  created: 15029   present: 5681   in FES: 5220
** Event #65024   t=3691   Elapsed: 369.991s (6m 09s)
     Speed:     ev/sec=4061.48   simsec/sec=69.9058   ev/simsec=58.0993
     Messages:  created: 16260   present: 5538   in FES: 5208
** Event #73216   t=3841   Elapsed: 371.993s (6m 11s)
     Speed:     ev/sec=4091.91   simsec/sec=74.9251   ev/simsec=54.6133
     Messages:  created: 17472   present: 5390   in FES: 5219
** Event #79104   t=3948   Elapsed: 425.462s (7m 05s)
     Speed:     ev/sec=110.122   simsec/sec=2.0012   ev/simsec=55.028
     Messages:  created: 18329   present: 5280   in FES: 5218
** Event #79872   t=3962   Elapsed: 467.633s (7m 47s)
     Speed:     ev/sec=18.2116   simsec/sec=0.331982   ev/simsec=54.8571
     Messages:  created: 18441   present: 5261   in FES: 5207
** Event #88521   t=86400   Elapsed: 468.097s (7m 48s)
     Speed:     ev/sec=18678.2   simsec/sec=178052   ev/simsec=0.104903
     Messages:  created: 21137   present: 0   in FES: 0

<!> No more events, simulation completed -- at t=86400s, event #88521
