** Event #0   t=0   Elapsed: 0.000s (0m 00s)
     Speed:     ev/sec=0   simsec/sec=0   ev/simsec=0
     Messages:  created: 5450   present: 5450   in FES: 5450
** Event #1280   t=0   Elapsed: 2.310s (0m 02s)
     Speed:     ev/sec=554.545   simsec/sec=0   ev/simsec=0
     Messages:  created: 6604   present: 6549   in FES: 6422
** Event #2560   t=2577   Elapsed: 26.810s (0m 26s)
     Speed:     ev/sec=52.2449   simsec/sec=105.184   ev/simsec=0.496702
     Messages:  created: 6685   present: 6402   in FES: 5253
** Event #2816   t=2581   Elapsed: 56.879s (0m 56s)
     Speed:     ev/sec=8.51403   simsec/sec=0.133032   ev/simsec=64
     Messages:  created: 6724   present: 6397   in FES: 5260
** Event #6144   t=2630   Elapsed: 100.688s (1m 40s)
     Speed:     ev/sec=75.9661   simsec/sec=1.11849   ev/simsec=67.9184
     Messages:  created: 7222   present: 6350   in FES: 5274
** Event #9472   t=2681   Elapsed: 129.827s (2m 09s)
     Speed:     ev/sec=114.215   simsec/sec=1.75029   ev/simsec=65.2549
     Messages:  created: 7722   present: 6285   in FES: 5246
** Event #10240   t=2692   Elapsed: 179.813s (2m 59s)
     Speed:     ev/sec=15.3646   simsec/sec=0.220066   ev/simsec=69.8182
     Messages:  created: 7842   present: 6280   in FES: 5269
** Event #15104   t=2766   Elapsed: 208.787s (3m 28s)
     Speed:     ev/sec=167.88   simsec/sec=2.5541   ev/simsec=65.7297
     Messages:  created: 8584   present: 6202   in FES: 5266
** Event #17408   t=2829   Elapsed: 211.259s (3m 31s)
     Speed:     ev/sec=932.039   simsec/sec=25.4854   ev/simsec=36.5714
     Messages:  created: 8926   present: 6157   in FES: 5231
** Event #17920   t=2879   Elapsed: 214.890s (3m 34s)
     Speed:     ev/sec=141.047   simsec/sec=13.7741   ev/simsec=10.24
     Messages:  created: 9004   present: 6155   in FES: 5231
** Event #18944   t=2937   Elapsed: 220.684s (3m 40s)
     Speed:     ev/sec=176.735   simsec/sec=10.0104   ev/simsec=17.6552
     Messages:  created: 9165   present: 6149   in FES: 5226
** Event #21248   t=3102   Elapsed: 278.311s (4m 38s)
     Speed:     ev/sec=39.982   simsec/sec=2.86329   ev/simsec=13.9636
     Messages:  created: 9524   present: 6148   in FES: 5252
** Event #25344   t=3159   Elapsed: 284.367s (4m 44s)
     Speed:     ev/sec=676.354   simsec/sec=9.41215   ev/simsec=71.8596
     Messages:  created: 10161   present: 6092   in FES: 5255
** Event #30208   t=3218   Elapsed: 294.111s (4m 54s)
     Speed:     ev/sec=499.23   simsec/sec=6.05563   ev/simsec=82.4407
     Messages:  created: 10918   present: 6026   in FES: 5231
** Event #33536   t=3258   Elapsed: 362.654s (6m 02s)
     Speed:     ev/sec=48.5542   simsec/sec=0.583584   ev/simsec=83.2
     Messages:  created: 11438   present: 5975   in FES: 5222
** Event #42496   t=3373   Elapsed: 364.704s (6m 04s)
     Speed:     ev/sec=4372.86   simsec/sec=56.1249   ev/simsec=77.913
     Messages:  created: 12840   present: 5863   in FES: 5229
** Event #48384   t=3447   Elapsed: 372.331s (6m 12s)
     Speed:     ev/sec=771.994   simsec/sec=9.70237   ev/simsec=79.5676
     Messages:  created: 13744   present: 5798   in FES: 5238
** Event #56064   t=3539   Elapsed: 374.365s (6m 14s)
     Speed:     ev/sec=3777.67   simsec/sec=45.2533   ev/simsec=83.4783
     Messages:  created: 14916   present: 5699   in FES: 5237
** Event #62208   t=3638   Elapsed: 376.387s (6m 16s)
     Speed:     ev/sec=3040.08   simsec/sec=48.9857   ev/simsec=62.0606
     Messages:  created: 15835   present: 5592   in FES: 5214
** Event #69376   t=3771   Elapsed: 378.413s (6m 18s)
     Speed:     ev/sec=3538.01   simsec/sec=65.6466   ev/simsec=53.8947
     Messages:  created: 16909   present: 5465   in FES: 5226
** Event #76544   t=3902   Elapsed: 380.439s (6m 20s)
     Speed:     ev/sec=3539.75   simsec/sec=64.6914   ev/simsec=54.7176
     Messages:  created: 17953   present: 5323   in FES: 5199
** Event #79104   t=3948   Elapsed: 435.682s (7m 15s)
     Speed:     ev/sec=46.3416   simsec/sec=0.8327   ev/simsec=55.6522
     Messages:  created: 18329   present: 5280   in FES: 5218
** Event #79872   t=3962   Elapsed: 480.626s (8m 00s)
     Speed:     ev/sec=17.0879   simsec/sec=0.311499   ev/simsec=54.8571
     Messages:  created: 18441   present: 5261   in FES: 5207
** Event #88521   t=86400   Elapsed: 481.115s (8m 01s)
     Speed:     ev/sec=17685.1   simsec/sec=168585   ev/simsec=0.104903
     Messages:  created: 21137   present: 0   in FES: 0

<!> No more events, simulation completed -- at t=86400s, event #88521
