** Event #0   t=0   Elapsed: 0.000s (0m 00s)
     Speed:     ev/sec=0   simsec/sec=0   ev/simsec=0
     Messages:  created: 5450   present: 5450   in FES: 5450
** Event #2816   t=0   Elapsed: 2.176s (0m 02s)
     Speed:     ev/sec=1294.58   simsec/sec=0   ev/simsec=0
     Messages:  created: 8104   present: 8049   in FES: 7886
** Event #5632   t=2578   Elapsed: 53.416s (0m 53s)
     Speed:     ev/sec=54.9571   simsec/sec=50.3123   ev/simsec=1.09232
     Messages:  created: 8198   present: 7904   in FES: 5274
** Event #9216   t=2631   Elapsed: 93.785s (1m 33s)
     Speed:     ev/sec=88.7832   simsec/sec=1.31292   ev/simsec=67.6226
     Messages:  created: 8732   present: 7848   in FES: 5268
** Event #12288   t=2678   Elapsed: 121.360s (2m 01s)
     Speed:     ev/sec=111.409   simsec/sec=1.7045   ev/simsec=65.3617
     Messages:  created: 9196   present: 7792   in FES: 5254
** Event #13312   t=2693   Elapsed: 170.715s (2m 50s)
     Speed:     ev/sec=20.7481   simsec/sec=0.303927   ev/simsec=68.2667
     Messages:  created: 9352   present: 7778   in FES: 5262
** Event #17920   t=2763   Elapsed: 198.793s (3m 18s)
     Speed:     ev/sec=164.114   simsec/sec=2.49306   ev/simsec=65.8286
     Messages:  created: 10054   present: 7704   in FES: 5255
** Event #20224   t=2803   Elapsed: 201.233s (3m 21s)
     Speed:     ev/sec=944.262   simsec/sec=16.3934   ev/simsec=57.6
     Messages:  created: 10400   present: 7657   in FES: 5231
** Event #20736   t=2870   Elapsed: 204.794s (3m 24s)
     Speed:     ev/sec=143.82   simsec/sec=18.8202   ev/simsec=7.64179
     Messages:  created: 10475   present: 7653   in FES: 5229
** Event #22016   t=2942   Elapsed: 210.475s (3m 30s)
     Speed:     ev/sec=225.352   simsec/sec=12.6761   ev/simsec=17.7778
     Messages:  created: 10676   present: 7650   in FES: 5229
** Event #24320   t=3103   Elapsed: 265.911s (4m 25s)
     Speed:     ev/sec=41.5622   simsec/sec=2.9043   ev/simsec=14.3106
     Messages:  created: 11035   present: 7647   in FES: 5252
** Event #28160   t=3157   Elapsed: 271.686s (4m 31s)
     Speed:     ev/sec=664.935   simsec/sec=9.35065   ev/simsec=71.1111
     Messages:  created: 11631   present: 7591   in FES: 5245
** Event #33280   t=3218   Elapsed: 281.210s (4m 41s)
     Speed:     ev/sec=537.646   simsec/sec=6.40554   ev/simsec=83.9344
     Messages:  created: 12431   present: 7530   in FES: 5242
** Event #36608   t=3259   Elapsed: 347.470s (5m 47s)
     Speed:     ev/sec=50.2264   simsec/sec=0.618775   ev/simsec=81.1707
     Messages:  created: 12951   present: 7484   in FES: 5232
** Event #45568   t=3374   Elapsed: 349.502s (5m 49s)
     Speed:     ev/sec=4411.62   simsec/sec=56.6224   ev/simsec=77.913
     Messages:  created: 14350   present: 7360   in FES: 5225
** Event #51456   t=3448   Elapsed: 356.671s (5m 56s)
     Speed:     ev/sec=821.429   simsec/sec=10.3237   ev/simsec=79.5676
     Messages:  created: 15257   present: 7296   in FES: 5250
** Event #56832   t=3507   Elapsed: 368.633s (6m 08s)
     Speed:     ev/sec=449.423   simsec/sec=4.93229   ev/simsec=91.1186
     Messages:  created: 16081   present: 7230   in FES: 5238
** Event #65792   t=3612   Elapsed: 370.679s (6m 10s)
     Speed:     ev/sec=4379.28   simsec/sec=51.3196   ev/simsec=85.3333
     Messages:  created: 17450   present: 7125   in FES: 5221
** Event #74240   t=3725   Elapsed: 372.691s (6m 12s)
     Speed:     ev/sec=4198.81   simsec/sec=56.163   ev/simsec=74.7611
     Messages:  created: 18729   present: 7011   in FES: 5232
** Event #75264   t=3738   Elapsed: 378.656s (6m 18s)
     Speed:     ev/sec=171.697   simsec/sec=2.17975   ev/simsec=78.7692
     Messages:  created: 18882   present: 7002   in FES: 5223
** Event #80128   t=3795   Elapsed: 391.406s (6m 31s)
     Speed:     ev/sec=381.49   simsec/sec=4.47059   ev/simsec=85.3333
     Messages:  created: 19626   present: 6940   in FES: 5217
** Event #88320   t=3898   Elapsed: 393.452s (6m 33s)
     Speed:     ev/sec=4005.87   simsec/sec=50.3667   ev/simsec=79.534
     Messages:  created: 20872   present: 6833   in FES: 5222
** Event #91904   t=3947   Elapsed: 457.470s (7m 37s)
     Speed:     ev/sec=55.9851   simsec/sec=0.765422   ev/simsec=73.1429
     Messages:  created: 21413   present: 6781   in FES: 5222
** Event #93184   t=3965   Elapsed: 510.828s (8m 30s)
     Speed:     ev/sec=23.9889   simsec/sec=0.337344   ev/simsec=71.1111
     Messages:  created: 21608   present: 6755   in FES: 5209
** Event #98816   t=4048   Elapsed: 572.836s (9m 32s)
     Speed:     ev/sec=90.827   simsec/sec=1.33854   ev/simsec=67.8554
     Messages:  created: 22458   present: 6669   in FES: 5190
** Event #101120   t=4087   Elapsed: 605.360s (10m 05s)
     Speed:     ev/sec=70.8422   simsec/sec=1.19915   ev/simsec=59.0769
     Messages:  created: 22792   present: 6669   in FES: 5208
** Event #105216   t=4144   Elapsed: 671.739s (11m 11s)
     Speed:     ev/sec=61.7063   simsec/sec=0.858705   ev/simsec=71.8596
     Messages:  created: 23360   present: 6663   in FES: 5196
** Event #112640   t=4247   Elapsed: 709.398s (11m 49s)
     Speed:     ev/sec=197.143   simsec/sec=2.73514   ev/simsec=72.0777
     Messages:  created: 24409   present: 6654   in FES: 5195
** Event #112896   t=4249   Elapsed: 758.943s (12m 38s)
     Speed:     ev/sec=5.16712   simsec/sec=0.0403682   ev/simsec=128
     Messages:  created: 24448   present: 6660   in FES: 5211
** Event #113152   t=4252   Elapsed: 843.722s (14m 03s)
     Speed:     ev/sec=3.01965   simsec/sec=0.0353865   ev/simsec=85.3333
     Messages:  created: 24483   present: 6644   in FES: 5192
** Event #118272   t=4305   Elapsed: 919.312s (15m 19s)
     Speed:     ev/sec=67.7338   simsec/sec=0.701151   ev/simsec=96.6038
     Messages:  created: 25221   present: 6583   in FES: 5167
** Event #123392   t=4370   Elapsed: 979.118s (16m 19s)
     Speed:     ev/sec=85.6116   simsec/sec=1.08687   ev/simsec=78.7692
     Messages:  created: 25976   present: 6520   in FES: 5163
** Event #127488   t=4437   Elapsed: 1018.609s (16m 58s)
     Speed:     ev/sec=103.722   simsec/sec=1.69663   ev/simsec=61.1343
     Messages:  created: 26576   present: 6444   in FES: 5155
** Event #130560   t=4548   Elapsed: 1030.915s (17m 10s)
     Speed:     ev/sec=249.655   simsec/sec=9.02072   ev/simsec=27.6757
     Messages:  created: 27027   present: 6325   in FES: 5144
** Event #135168   t=7795   Elapsed: 1071.314s (17m 51s)
     Speed:     ev/sec=114.062   simsec/sec=80.3733   ev/simsec=1.41916
     Messages:  created: 27795   present: 5829   in FES: 4931
** Event #138240   t=7845   Elapsed: 1108.792s (18m 28s)
     Speed:     ev/sec=81.9681   simsec/sec=1.33412   ev/simsec=61.44
     Messages:  created: 28247   present: 5780   in FES: 4932
** Event #141568   t=7895   Elapsed: 1134.744s (18m 54s)
     Speed:     ev/sec=128.242   simsec/sec=1.92671   ev/simsec=66.56
     Messages:  created: 28752   present: 5725   in FES: 4934
** Event #147200   t=7979   Elapsed: 1161.065s (19m 21s)
     Speed:     ev/sec=213.974   simsec/sec=3.19137   ev/simsec=67.0476
     Messages:  created: 29599   present: 5641   in FES: 4933
** Event #149504   t=8014   Elapsed: 1163.371s (19m 23s)
     Speed:     ev/sec=999.566   simsec/sec=15.1844   ev/simsec=65.8286
     Messages:  created: 29940   present: 5594   in FES: 4912
** Event #150016   t=8083   Elapsed: 1166.669s (19m 26s)
     Speed:     ev/sec=155.293   simsec/sec=20.9281   ev/simsec=7.42029
     Messages:  created: 30015   present: 5592   in FES: 4911
** Event #151296   t=8155   Elapsed: 1171.993s (19m 31s)
     Speed:     ev/sec=240.421   simsec/sec=13.5237   ev/simsec=17.7778
     Messages:  created: 30216   present: 5587   in FES: 4908
** Event #153600   t=8318   Elapsed: 1224.215s (20m 24s)
     Speed:     ev/sec=44.1202   simsec/sec=3.12135   ev/simsec=14.135
     Messages:  created: 30572   present: 5569   in FES: 4910
** Event #157696   t=8375   Elapsed: 1229.544s (20m 29s)
     Speed:     ev/sec=768.625   simsec/sec=10.6962   ev/simsec=71.8596
     Messages:  created: 31209   present: 5514   in FES: 4914
** Event #162560   t=8433   Elapsed: 1238.230s (20m 38s)
     Speed:     ev/sec=559.982   simsec/sec=6.67741   ev/simsec=83.8621
     Messages:  created: 31972   present: 5458   in FES: 4928
** Event #165888   t=8473   Elapsed: 1290.593s (21m 30s)
     Speed:     ev/sec=63.5563   simsec/sec=0.763898   ev/simsec=83.2
     Messages:  created: 32493   present: 5415   in FES: 4925
** Event #174848   t=8608   Elapsed: 1292.594s (21m 32s)
     Speed:     ev/sec=4480   simsec/sec=67.5   ev/simsec=66.3704
     Messages:  created: 33888   present: 5276   in FES: 4906
** Event #183808   t=8759   Elapsed: 1294.610s (21m 34s)
     Speed:     ev/sec=4444.44   simsec/sec=74.9008   ev/simsec=59.3377
     Messages:  created: 35251   present: 5121   in FES: 4905
** Event #192768   t=8916   Elapsed: 1296.626s (21m 36s)
     Speed:     ev/sec=4446.65   simsec/sec=77.9156   ev/simsec=57.0701
     Messages:  created: 36596   present: 4961   in FES: 4895
** Event #201720   t=86400   Elapsed: 1297.250s (21m 37s)
     Speed:     ev/sec=14367.6   simsec/sec=124372   ev/simsec=0.115521
     Messages:  created: 39251   present: 0   in FES: 0

<!> No more events, simulation completed -- at t=86400s, event #201720
