** Event #0   t=0   Elapsed: 0.000s (0m 00s)
     Speed:     ev/sec=0   simsec/sec=0   ev/simsec=0
     Messages:  created: 5450   present: 5450   in FES: 5450
** Event #1792   t=0   Elapsed: 2.150s (0m 02s)
     Speed:     ev/sec=833.953   simsec/sec=0   ev/simsec=0
     Messages:  created: 7104   present: 7049   in FES: 6910
** Event #3584   t=2577   Elapsed: 52.163s (0m 52s)
     Speed:     ev/sec=35.8307   simsec/sec=51.5266   ev/simsec=0.695382
     Messages:  created: 7189   present: 6906   in FES: 5261
** Event #7168   t=2631   Elapsed: 93.170s (1m 33s)
     Speed:     ev/sec=87.4018   simsec/sec=1.31688   ev/simsec=66.3704
     Messages:  created: 7722   present: 6841   in FES: 5250
** Event #10240   t=2677   Elapsed: 120.766s (2m 00s)
     Speed:     ev/sec=111.32   simsec/sec=1.66691   ev/simsec=66.7826
     Messages:  created: 8190   present: 6797   in FES: 5268
** Event #11264   t=2693   Elapsed: 170.063s (2m 50s)
     Speed:     ev/sec=20.7721   simsec/sec=0.324563   ev/simsec=64
     Messages:  created: 8342   present: 6770   in FES: 5245
** Event #16128   t=2767   Elapsed: 198.154s (3m 18s)
     Speed:     ev/sec=173.152   simsec/sec=2.6343   ev/simsec=65.7297
     Messages:  created: 9084   present: 6696   in FES: 5245
** Event #18432   t=2832   Elapsed: 200.584s (3m 20s)
     Speed:     ev/sec=948.148   simsec/sec=26.749   ev/simsec=35.4462
     Messages:  created: 9429   present: 6657   in FES: 5230
** Event #18688   t=2867   Elapsed: 204.106s (3m 24s)
     Speed:     ev/sec=72.7066   simsec/sec=9.94036   ev/simsec=7.31429
     Messages:  created: 9468   present: 6655   in FES: 5232
** Event #19968   t=2939   Elapsed: 209.794s (3m 29s)
     Speed:     ev/sec=225.075   simsec/sec=12.6605   ev/simsec=17.7778
     Messages:  created: 9668   present: 6649   in FES: 5225
** Event #22272   t=3103   Elapsed: 265.300s (4m 25s)
     Speed:     ev/sec=41.509   simsec/sec=2.95464   ev/simsec=14.0488
     Messages:  created: 10025   present: 6646   in FES: 5236
** Event #26112   t=3156   Elapsed: 271.104s (4m 31s)
     Speed:     ev/sec=661.613   simsec/sec=9.13163   ev/simsec=72.4528
     Messages:  created: 10622   present: 6595   in FES: 5239
** Event #31232   t=3218   Elapsed: 280.648s (4m 40s)
     Speed:     ev/sec=536.519   simsec/sec=6.49691   ev/simsec=82.5806
     Messages:  created: 11422   present: 6522   in FES: 5232
** Event #34560   t=3258   Elapsed: 346.551s (5m 46s)
     Speed:     ev/sec=50.4992   simsec/sec=0.606962   ev/simsec=83.2
     Messages:  created: 11944   present: 6480   in FES: 5234
** Event #43008   t=3366   Elapsed: 348.551s (5m 48s)
     Speed:     ev/sec=4224   simsec/sec=54   ev/simsec=78.2222
     Messages:  created: 13264   present: 6377   in FES: 5233
** Event #49408   t=3448   Elapsed: 355.908s (5m 55s)
     Speed:     ev/sec=869.92   simsec/sec=11.1458   ev/simsec=78.0488
     Messages:  created: 14245   present: 6285   in FES: 5221
** Event #54784   t=3507   Elapsed: 367.921s (6m 07s)
     Speed:     ev/sec=447.552   simsec/sec=4.91175   ev/simsec=91.1186
     Messages:  created: 15072   present: 6233   in FES: 5226
** Event #63232   t=3604   Elapsed: 369.940s (6m 09s)
     Speed:     ev/sec=4184.25   simsec/sec=48.0436   ev/simsec=87.0928
     Messages:  created: 16366   present: 6135   in FES: 5228
** Event #71424   t=3714   Elapsed: 371.981s (6m 11s)
     Speed:     ev/sec=4015.69   simsec/sec=53.9216   ev/simsec=74.4727
     Messages:  created: 17607   present: 6021   in FES: 5230
** Event #73216   t=3738   Elapsed: 378.212s (6m 18s)
     Speed:     ev/sec=287.64   simsec/sec=3.85233   ev/simsec=74.6667
     Messages:  created: 17875   present: 5996   in FES: 5226
** Event #78336   t=3798   Elapsed: 391.063s (6m 31s)
     Speed:     ev/sec=398.413   simsec/sec=4.6689   ev/simsec=85.3333
     Messages:  created: 18657   present: 5930   in FES: 5215
** Event #86272   t=3897   Elapsed: 393.126s (6m 33s)
     Speed:     ev/sec=3848.69   simsec/sec=48.0116   ev/simsec=80.1616
     Messages:  created: 19865   present: 5837   in FES: 5223
** Event #89600   t=3944   Elapsed: 445.509s (7m 25s)
     Speed:     ev/sec=63.5333   simsec/sec=0.897255   ev/simsec=70.8085
     Messages:  created: 20364   present: 5783   in FES: 5217
** Event #90624   t=3963   Elapsed: 487.253s (8m 07s)
     Speed:     ev/sec=24.5305   simsec/sec=0.455155   ev/simsec=53.8947
     Messages:  created: 20516   present: 5761   in FES: 5216
** Event #94720   t=4046   Elapsed: 509.522s (8m 29s)
     Speed:     ev/sec=183.941   simsec/sec=3.72732   ev/simsec=49.3494
     Messages:  created: 21126   present: 5675   in FES: 5204
** Event #94976   t=4052   Elapsed: 543.091s (9m 03s)
     Speed:     ev/sec=7.62631   simsec/sec=0.178742   ev/simsec=42.6667
     Messages:  created: 21157   present: 5666   in FES: 5186
** Event #96512   t=4085   Elapsed: 575.343s (9m 35s)
     Speed:     ev/sec=47.625   simsec/sec=1.02319   ev/simsec=46.5455
     Messages:  created: 21367   present: 5664   in FES: 5189
** Event #100864   t=4145   Elapsed: 641.571s (10m 41s)
     Speed:     ev/sec=65.7124   simsec/sec=0.905961   ev/simsec=72.5333
     Messages:  created: 21974   present: 5667   in FES: 5208
** Event #107264   t=4249   Elapsed: 717.933s (11m 57s)
     Speed:     ev/sec=83.8124   simsec/sec=1.36195   ev/simsec=61.5385
     Messages:  created: 22868   present: 5654   in FES: 5201
** Event #107520   t=4252   Elapsed: 792.539s (13m 12s)
     Speed:     ev/sec=3.43141   simsec/sec=0.0402118   ev/simsec=85.3333
     Messages:  created: 22906   present: 5649   in FES: 5204
** Event #112128   t=4306   Elapsed: 867.977s (14m 27s)
     Speed:     ev/sec=61.0833   simsec/sec=0.71582   ev/simsec=85.3333
     Messages:  created: 23564   present: 5593   in FES: 5196
** Event #116480   t=4371   Elapsed: 907.673s (15m 07s)
     Speed:     ev/sec=109.636   simsec/sec=1.63749   ev/simsec=66.9538
     Messages:  created: 24201   present: 5517   in FES: 5168
** Event #118784   t=4433   Elapsed: 919.937s (15m 19s)
     Speed:     ev/sec=187.882   simsec/sec=5.05586   ev/simsec=37.1613
     Messages:  created: 24541   present: 5449   in FES: 5154
** Event #121088   t=4542   Elapsed: 931.909s (15m 31s)
     Speed:     ev/sec=192.465   simsec/sec=9.10534   ev/simsec=21.1376
     Messages:  created: 24870   present: 5331   in FES: 5143
** Event #130729   t=86400   Elapsed: 932.219s (15m 32s)
     Speed:     ev/sec=31096.8   simsec/sec=264058   ev/simsec=0.117765
     Messages:  created: 27713   present: 0   in FES: 0

<!> No more events, simulation completed -- at t=86400s, event #130729
