** Event #0   t=0   Elapsed: 0.000s (0m 00s)
     Speed:     ev/sec=0   simsec/sec=0   ev/simsec=0
     Messages:  created: 5450   present: 5450   in FES: 5450
** Event #1792   t=0   Elapsed: 2.158s (0m 02s)
     Speed:     ev/sec=830.862   simsec/sec=0   ev/simsec=0
     Messages:  created: 7104   present: 7049   in FES: 6910
** Event #3584   t=2577   Elapsed: 54.135s (0m 54s)
     Speed:     ev/sec=34.4775   simsec/sec=49.5806   ev/simsec=0.695382
     Messages:  created: 7189   present: 6906   in FES: 5261
** Event #7168   t=2631   Elapsed: 95.813s (1m 35s)
     Speed:     ev/sec=85.9947   simsec/sec=1.29568   ev/simsec=66.3704
     Messages:  created: 7722   present: 6841   in FES: 5250
** Event #10240   t=2677   Elapsed: 124.126s (2m 04s)
     Speed:     ev/sec=108.501   simsec/sec=1.6247   ev/simsec=66.7826
     Messages:  created: 8190   present: 6797   in FES: 5268
** Event #11264   t=2693   Elapsed: 174.695s (2m 54s)
     Speed:     ev/sec=20.25   simsec/sec=0.316406   ev/simsec=64
     Messages:  created: 8342   present: 6770   in FES: 5245
** Event #16128   t=2767   Elapsed: 207.713s (3m 27s)
     Speed:     ev/sec=147.318   simsec/sec=2.24127   ev/simsec=65.7297
     Messages:  created: 9084   present: 6696   in FES: 5245
** Event #18432   t=2832   Elapsed: 210.868s (3m 30s)
     Speed:     ev/sec=730.269   simsec/sec=20.6022   ev/simsec=35.4462
     Messages:  created: 9429   present: 6657   in FES: 5230
** Event #18688   t=2867   Elapsed: 214.611s (3m 34s)
     Speed:     ev/sec=68.3943   simsec/sec=9.35079   ev/simsec=7.31429
     Messages:  created: 9468   present: 6655   in FES: 5232
** Event #19968   t=2939   Elapsed: 220.463s (3m 40s)
     Speed:     ev/sec=218.766   simsec/sec=12.3056   ev/simsec=17.7778
     Messages:  created: 9668   present: 6649   in FES: 5225
** Event #22272   t=3103   Elapsed: 277.168s (4m 37s)
     Speed:     ev/sec=40.6313   simsec/sec=2.89216   ev/simsec=14.0488
     Messages:  created: 10025   present: 6646   in FES: 5236
** Event #26112   t=3156   Elapsed: 283.069s (4m 43s)
     Speed:     ev/sec=650.847   simsec/sec=8.98305   ev/simsec=72.4528
     Messages:  created: 10622   present: 6595   in FES: 5239
** Event #31232   t=3218   Elapsed: 292.921s (4m 52s)
     Speed:     ev/sec=519.691   simsec/sec=6.29314   ev/simsec=82.5806
     Messages:  created: 11422   present: 6522   in FES: 5232
** Event #34560   t=3258   Elapsed: 364.144s (6m 04s)
     Speed:     ev/sec=46.7265   simsec/sec=0.561616   ev/simsec=83.2
     Messages:  created: 11944   present: 6480   in FES: 5234
** Event #43008   t=3366   Elapsed: 366.158s (6m 06s)
     Speed:     ev/sec=4194.64   simsec/sec=53.6246   ev/simsec=78.2222
     Messages:  created: 13264   present: 6377   in FES: 5233
** Event #49408   t=3448   Elapsed: 373.544s (6m 13s)
     Speed:     ev/sec=866.622   simsec/sec=11.1036   ev/simsec=78.0488
     Messages:  created: 14245   present: 6285   in FES: 5221
** Event #54784   t=3507   Elapsed: 385.707s (6m 25s)
     Speed:     ev/sec=441.996   simsec/sec=4.85078   ev/simsec=91.1186
     Messages:  created: 15072   present: 6233   in FES: 5226
** Event #63232   t=3604   Elapsed: 387.746s (6m 27s)
     Speed:     ev/sec=4143.21   simsec/sec=47.5723   ev/simsec=87.0928
     Messages:  created: 16366   present: 6135   in FES: 5228
** Event #71424   t=3714   Elapsed: 389.797s (6m 29s)
     Speed:     ev/sec=3996.1   simsec/sec=53.6585   ev/simsec=74.4727
     Messages:  created: 17607   present: 6021   in FES: 5230
** Event #73216   t=3738   Elapsed: 396.021s (6m 36s)
     Speed:     ev/sec=287.964   simsec/sec=3.85666   ev/simsec=74.6667
     Messages:  created: 17875   present: 5996   in FES: 5226
** Event #78336   t=3798   Elapsed: 408.999s (6m 48s)
     Speed:     ev/sec=394.544   simsec/sec=4.62356   ev/simsec=85.3333
     Messages:  created: 18657   present: 5930   in FES: 5215
** Event #85504   t=3887   Elapsed: 411.025s (6m 51s)
     Speed:     ev/sec=3538.01   simsec/sec=43.9289   ev/simsec=80.5393
     Messages:  created: 19748   present: 5841   in FES: 5213
** Event #89600   t=3944   Elapsed: 465.090s (7m 45s)
     Speed:     ev/sec=75.7621   simsec/sec=1.05431   ev/simsec=71.8596
     Messages:  created: 20364   present: 5783   in FES: 5217
** Event #90624   t=3963   Elapsed: 507.890s (8m 27s)
     Speed:     ev/sec=23.9252   simsec/sec=0.443925   ev/simsec=53.8947
     Messages:  created: 20516   present: 5761   in FES: 5216
** Event #94720   t=4046   Elapsed: 530.879s (8m 50s)
     Speed:     ev/sec=178.18   simsec/sec=3.61058   ev/simsec=49.3494
     Messages:  created: 21126   present: 5675   in FES: 5204
** Event #94976   t=4052   Elapsed: 564.962s (9m 24s)
     Speed:     ev/sec=7.51108   simsec/sec=0.176041   ev/simsec=42.6667
     Messages:  created: 21157   present: 5666   in FES: 5186
** Event #96512   t=4085   Elapsed: 597.903s (9m 57s)
     Speed:     ev/sec=46.6302   simsec/sec=1.00182   ev/simsec=46.5455
     Messages:  created: 21367   present: 5664   in FES: 5189
** Event #100864   t=4145   Elapsed: 668.987s (11m 08s)
     Speed:     ev/sec=61.2242   simsec/sec=0.844084   ev/simsec=72.5333
     Messages:  created: 21974   present: 5667   in FES: 5208
** Event #107264   t=4249   Elapsed: 746.753s (12m 26s)
     Speed:     ev/sec=82.2982   simsec/sec=1.33735   ev/simsec=61.5385
     Messages:  created: 22868   present: 5654   in FES: 5201
** Event #107520   t=4252   Elapsed: 823.057s (13m 43s)
     Speed:     ev/sec=3.35505   simsec/sec=0.0393169   ev/simsec=85.3333
     Messages:  created: 22906   present: 5649   in FES: 5204
** Event #112128   t=4306   Elapsed: 899.730s (14m 59s)
     Speed:     ev/sec=60.0994   simsec/sec=0.70429   ev/simsec=85.3333
     Messages:  created: 23564   present: 5593   in FES: 5196
** Event #116480   t=4371   Elapsed: 941.135s (15m 41s)
     Speed:     ev/sec=105.108   simsec/sec=1.56986   ev/simsec=66.9538
     Messages:  created: 24201   present: 5517   in FES: 5168
** Event #118784   t=4433   Elapsed: 953.529s (15m 53s)
     Speed:     ev/sec=185.911   simsec/sec=5.00282   ev/simsec=37.1613
     Messages:  created: 24541   present: 5449   in FES: 5154
** Event #121088   t=4542   Elapsed: 965.502s (16m 05s)
     Speed:     ev/sec=192.449   simsec/sec=9.10458   ev/simsec=21.1376
     Messages:  created: 24870   present: 5331   in FES: 5143
** Event #130729   t=86400   Elapsed: 965.813s (16m 05s)
     Speed:     ev/sec=31096.8   simsec/sec=264058   ev/simsec=0.117765
     Messages:  created: 27713   present: 0   in FES: 0

<!> No more events, simulation completed -- at t=86400s, event #130729
