** Event #0   t=0   Elapsed: 0.000s (0m 00s)
     Speed:     ev/sec=0   simsec/sec=0   ev/simsec=0
     Messages:  created: 5450   present: 5450   in FES: 5450
** Event #2816   t=0   Elapsed: 2.167s (0m 02s)
     Speed:     ev/sec=1299.95   simsec/sec=0   ev/simsec=0
     Messages:  created: 8104   present: 8049   in FES: 7886
** Event #5632   t=2578   Elapsed: 53.352s (0m 53s)
     Speed:     ev/sec=55.0172   simsec/sec=50.3673   ev/simsec=1.09232
     Messages:  created: 8198   present: 7904   in FES: 5274
** Event #9216   t=2631   Elapsed: 93.688s (1m 33s)
     Speed:     ev/sec=88.8536   simsec/sec=1.31396   ev/simsec=67.6226
     Messages:  created: 8732   present: 7848   in FES: 5268
** Event #12288   t=2678   Elapsed: 121.201s (2m 01s)
     Speed:     ev/sec=111.66   simsec/sec=1.70835   ev/simsec=65.3617
     Messages:  created: 9196   present: 7792   in FES: 5254
** Event #13312   t=2693   Elapsed: 170.532s (2m 50s)
     Speed:     ev/sec=20.7577   simsec/sec=0.304068   ev/simsec=68.2667
     Messages:  created: 9352   present: 7778   in FES: 5262
** Event #17920   t=2763   Elapsed: 198.582s (3m 18s)
     Speed:     ev/sec=164.284   simsec/sec=2.49563   ev/simsec=65.8286
     Messages:  created: 10054   present: 7704   in FES: 5255
** Event #20224   t=2803   Elapsed: 201.012s (3m 21s)
     Speed:     ev/sec=948.148   simsec/sec=16.4609   ev/simsec=57.6
     Messages:  created: 10400   present: 7657   in FES: 5231
** Event #20736   t=2870   Elapsed: 204.562s (3m 24s)
     Speed:     ev/sec=144.225   simsec/sec=18.8732   ev/simsec=7.64179
     Messages:  created: 10475   present: 7653   in FES: 5229
** Event #22016   t=2942   Elapsed: 210.265s (3m 30s)
     Speed:     ev/sec=224.443   simsec/sec=12.6249   ev/simsec=17.7778
     Messages:  created: 10676   present: 7650   in FES: 5229
** Event #24320   t=3103   Elapsed: 265.761s (4m 25s)
     Speed:     ev/sec=41.5173   simsec/sec=2.90116   ev/simsec=14.3106
     Messages:  created: 11035   present: 7647   in FES: 5252
** Event #28160   t=3157   Elapsed: 271.514s (4m 31s)
     Speed:     ev/sec=667.478   simsec/sec=9.38641   ev/simsec=71.1111
     Messages:  created: 11631   present: 7591   in FES: 5245
** Event #33280   t=3218   Elapsed: 281.005s (4m 41s)
     Speed:     ev/sec=539.515   simsec/sec=6.42782   ev/simsec=83.9344
     Messages:  created: 12431   present: 7530   in FES: 5242
** Event #36608   t=3259   Elapsed: 346.916s (5m 46s)
     Speed:     ev/sec=50.4923   simsec/sec=0.622051   ev/simsec=81.1707
     Messages:  created: 12951   present: 7484   in FES: 5232
** Event #45568   t=3374   Elapsed: 348.944s (5m 48s)
     Speed:     ev/sec=4418.15   simsec/sec=56.7061   ev/simsec=77.913
     Messages:  created: 14350   present: 7360   in FES: 5225
** Event #51456   t=3448   Elapsed: 356.122s (5m 56s)
     Speed:     ev/sec=820.398   simsec/sec=10.3107   ev/simsec=79.5676
     Messages:  created: 15257   present: 7296   in FES: 5250
** Event #56832   t=3507   Elapsed: 368.067s (6m 08s)
     Speed:     ev/sec=450.063   simsec/sec=4.93931   ev/simsec=91.1186
     Messages:  created: 16081   present: 7230   in FES: 5238
** Event #65792   t=3612   Elapsed: 370.114s (6m 10s)
     Speed:     ev/sec=4377.14   simsec/sec=51.2946   ev/simsec=85.3333
     Messages:  created: 17450   present: 7125   in FES: 5221
** Event #74240   t=3725   Elapsed: 372.129s (6m 12s)
     Speed:     ev/sec=4194.64   simsec/sec=56.1072   ev/simsec=74.7611
     Messages:  created: 18729   present: 7011   in FES: 5232
** Event #75264   t=3738   Elapsed: 378.160s (6m 18s)
     Speed:     ev/sec=169.789   simsec/sec=2.15553   ev/simsec=78.7692
     Messages:  created: 18882   present: 7002   in FES: 5223
** Event #80128   t=3795   Elapsed: 390.879s (6m 30s)
     Speed:     ev/sec=382.45   simsec/sec=4.48184   ev/simsec=85.3333
     Messages:  created: 19626   present: 6940   in FES: 5217
** Event #88320   t=3898   Elapsed: 392.924s (6m 32s)
     Speed:     ev/sec=4005.87   simsec/sec=50.3667   ev/simsec=79.534
     Messages:  created: 20872   present: 6833   in FES: 5222
** Event #91904   t=3947   Elapsed: 456.788s (7m 36s)
     Speed:     ev/sec=56.1201   simsec/sec=0.767267   ev/simsec=73.1429
     Messages:  created: 21413   present: 6781   in FES: 5222
** Event #93184   t=3965   Elapsed: 510.174s (8m 30s)
     Speed:     ev/sec=23.9763   simsec/sec=0.337167   ev/simsec=71.1111
     Messages:  created: 21608   present: 6755   in FES: 5209
** Event #98816   t=4048   Elapsed: 572.057s (9m 32s)
     Speed:     ev/sec=91.0119   simsec/sec=1.34126   ev/simsec=67.8554
     Messages:  created: 22458   present: 6669   in FES: 5190
** Event #101120   t=4087   Elapsed: 604.557s (10m 04s)
     Speed:     ev/sec=70.8923   simsec/sec=1.2   ev/simsec=59.0769
     Messages:  created: 22792   present: 6669   in FES: 5208
** Event #105216   t=4144   Elapsed: 670.709s (11m 10s)
     Speed:     ev/sec=61.918   simsec/sec=0.861652   ev/simsec=71.8596
     Messages:  created: 23360   present: 6663   in FES: 5196
** Event #112640   t=4247   Elapsed: 708.285s (11m 48s)
     Speed:     ev/sec=197.578   simsec/sec=2.74118   ev/simsec=72.0777
     Messages:  created: 24409   present: 6654   in FES: 5195
** Event #112896   t=4249   Elapsed: 757.830s (12m 37s)
     Speed:     ev/sec=5.16712   simsec/sec=0.0403682   ev/simsec=128
     Messages:  created: 24448   present: 6660   in FES: 5211
** Event #113152   t=4252   Elapsed: 842.535s (14m 02s)
     Speed:     ev/sec=3.02225   simsec/sec=0.035417   ev/simsec=85.3333
     Messages:  created: 24483   present: 6644   in FES: 5192
** Event #118272   t=4305   Elapsed: 918.171s (15m 18s)
     Speed:     ev/sec=67.6935   simsec/sec=0.700734   ev/simsec=96.6038
     Messages:  created: 25221   present: 6583   in FES: 5167
** Event #123392   t=4370   Elapsed: 977.964s (16m 17s)
     Speed:     ev/sec=85.6288   simsec/sec=1.08708   ev/simsec=78.7692
     Messages:  created: 25976   present: 6520   in FES: 5163
** Event #127488   t=4437   Elapsed: 1017.346s (16m 57s)
     Speed:     ev/sec=104.007   simsec/sec=1.70128   ev/simsec=61.1343
     Messages:  created: 26576   present: 6444   in FES: 5155
** Event #130560   t=4548   Elapsed: 1029.572s (17m 09s)
     Speed:     ev/sec=251.288   simsec/sec=9.07975   ev/simsec=27.6757
     Messages:  created: 27027   present: 6325   in FES: 5144
** Event #135168   t=7795   Elapsed: 1069.978s (17m 49s)
     Speed:     ev/sec=114.045   simsec/sec=80.3613   ev/simsec=1.41916
     Messages:  created: 27795   present: 5829   in FES: 4931
** Event #138240   t=7845   Elapsed: 1107.453s (18m 27s)
     Speed:     ev/sec=81.9746   simsec/sec=1.33422   ev/simsec=61.44
     Messages:  created: 28247   present: 5780   in FES: 4932
** Event #141568   t=7895   Elapsed: 1133.324s (18m 53s)
     Speed:     ev/sec=128.643   simsec/sec=1.93274   ev/simsec=66.56
     Messages:  created: 28752   present: 5725   in FES: 4934
** Event #147200   t=7979   Elapsed: 1159.512s (19m 19s)
     Speed:     ev/sec=215.06   simsec/sec=3.20758   ev/simsec=67.0476
     Messages:  created: 29599   present: 5641   in FES: 4933
** Event #149504   t=8014   Elapsed: 1161.812s (19m 21s)
     Speed:     ev/sec=1001.74   simsec/sec=15.2174   ev/simsec=65.8286
     Messages:  created: 29940   present: 5594   in FES: 4912
** Event #150016   t=8083   Elapsed: 1165.101s (19m 25s)
     Speed:     ev/sec=155.67   simsec/sec=20.979   ev/simsec=7.42029
     Messages:  created: 30015   present: 5592   in FES: 4911
** Event #151296   t=8155   Elapsed: 1170.412s (19m 30s)
     Speed:     ev/sec=241.055   simsec/sec=13.5593   ev/simsec=17.7778
     Messages:  created: 30216   present: 5587   in FES: 4908
** Event #153600   t=8318   Elapsed: 1222.549s (20m 22s)
     Speed:     ev/sec=44.1913   simsec/sec=3.12638   ev/simsec=14.135
     Messages:  created: 30572   present: 5569   in FES: 4910
** Event #157696   t=8375   Elapsed: 1227.867s (20m 27s)
     Speed:     ev/sec=770.359   simsec/sec=10.7203   ev/simsec=71.8596
     Messages:  created: 31209   present: 5514   in FES: 4914
** Event #162560   t=8433   Elapsed: 1236.517s (20m 36s)
     Speed:     ev/sec=562.312   simsec/sec=6.7052   ev/simsec=83.8621
     Messages:  created: 31972   present: 5458   in FES: 4928
** Event #165888   t=8473   Elapsed: 1288.630s (21m 28s)
     Speed:     ev/sec=63.8612   simsec/sec=0.767563   ev/simsec=83.2
     Messages:  created: 32493   present: 5415   in FES: 4925
** Event #175104   t=8613   Elapsed: 1290.683s (21m 30s)
     Speed:     ev/sec=4491.23   simsec/sec=68.2261   ev/simsec=65.8286
     Messages:  created: 33926   present: 5265   in FES: 4896
** Event #184064   t=8764   Elapsed: 1292.697s (21m 32s)
     Speed:     ev/sec=4451.07   simsec/sec=75.0124   ev/simsec=59.3377
     Messages:  created: 35287   present: 5112   in FES: 4889
** Event #193024   t=8921   Elapsed: 1294.713s (21m 34s)
     Speed:     ev/sec=4444.44   simsec/sec=77.877   ev/simsec=57.0701
     Messages:  created: 36632   present: 4952   in FES: 4884
** Event #201720   t=86400   Elapsed: 1295.280s (21m 35s)
     Speed:     ev/sec=15362.2   simsec/sec=136889   ev/simsec=0.112224
     Messages:  created: 39251   present: 0   in FES: 0

<!> No more events, simulation completed -- at t=86400s, event #201720
