** Event #0   t=0   Elapsed: 0.000s (0m 00s)
     Speed:     ev/sec=0   simsec/sec=0   ev/simsec=0
     Messages:  created: 5450   present: 5450   in FES: 5450
** Event #1280   t=0   Elapsed: 2.159s (0m 02s)
     Speed:     ev/sec=593.33   simsec/sec=0   ev/simsec=0
     Messages:  created: 6604   present: 6549   in FES: 6422
** Event #2560   t=2577   Elapsed: 24.967s (0m 24s)
     Speed:     ev/sec=56.1231   simsec/sec=112.992   ev/simsec=0.496702
     Messages:  created: 6685   present: 6402   in FES: 5253
** Event #2816   t=2581   Elapsed: 53.433s (0m 53s)
     Speed:     ev/sec=8.9935   simsec/sec=0.140523   ev/simsec=64
     Messages:  created: 6724   present: 6397   in FES: 5260
** Event #6144   t=2630   Elapsed: 94.631s (1m 34s)
     Speed:     ev/sec=80.7806   simsec/sec=1.18938   ev/simsec=67.9184
     Messages:  created: 7222   present: 6350   in FES: 5274
** Event #9472   t=2681   Elapsed: 122.521s (2m 02s)
     Speed:     ev/sec=119.33   simsec/sec=1.82868   ev/simsec=65.2549
     Messages:  created: 7722   present: 6285   in FES: 5246
** Event #10240   t=2692   Elapsed: 173.710s (2m 53s)
     Speed:     ev/sec=15.0032   simsec/sec=0.21489   ev/simsec=69.8182
     Messages:  created: 7842   present: 6280   in FES: 5269
** Event #15104   t=2766   Elapsed: 203.129s (3m 23s)
     Speed:     ev/sec=165.335   simsec/sec=2.51538   ev/simsec=65.7297
     Messages:  created: 8584   present: 6202   in FES: 5266
** Event #17408   t=2829   Elapsed: 205.628s (3m 25s)
     Speed:     ev/sec=922.338   simsec/sec=25.2202   ev/simsec=36.5714
     Messages:  created: 8926   present: 6157   in FES: 5231
** Event #17920   t=2879   Elapsed: 209.715s (3m 29s)
     Speed:     ev/sec=125.306   simsec/sec=12.2369   ev/simsec=10.24
     Messages:  created: 9004   present: 6155   in FES: 5231
** Event #18944   t=2937   Elapsed: 215.880s (3m 35s)
     Speed:     ev/sec=166.099   simsec/sec=9.40795   ev/simsec=17.6552
     Messages:  created: 9165   present: 6149   in FES: 5226
** Event #21248   t=3102   Elapsed: 274.893s (4m 34s)
     Speed:     ev/sec=39.0429   simsec/sec=2.79604   ev/simsec=13.9636
     Messages:  created: 9524   present: 6148   in FES: 5252
** Event #25344   t=3159   Elapsed: 280.803s (4m 40s)
     Speed:     ev/sec=693.18   simsec/sec=9.6463   ev/simsec=71.8596
     Messages:  created: 10161   present: 6092   in FES: 5255
** Event #30208   t=3218   Elapsed: 290.392s (4m 50s)
     Speed:     ev/sec=507.248   simsec/sec=6.15288   ev/simsec=82.4407
     Messages:  created: 10918   present: 6026   in FES: 5231
** Event #33536   t=3258   Elapsed: 359.875s (5m 59s)
     Speed:     ev/sec=47.8966   simsec/sec=0.57568   ev/simsec=83.2
     Messages:  created: 11438   present: 5975   in FES: 5222
** Event #41728   t=3363   Elapsed: 361.916s (6m 01s)
     Speed:     ev/sec=4015.69   simsec/sec=51.4706   ev/simsec=78.019
     Messages:  created: 12720   present: 5873   in FES: 5229
** Event #48384   t=3447   Elapsed: 370.099s (6m 10s)
     Speed:     ev/sec=813.394   simsec/sec=10.2652   ev/simsec=79.2381
     Messages:  created: 13744   present: 5798   in FES: 5238
** Event #57344   t=3557   Elapsed: 372.125s (6m 12s)
     Speed:     ev/sec=4424.69   simsec/sec=54.321   ev/simsec=81.4545
     Messages:  created: 15107   present: 5675   in FES: 5222
** Event #65024   t=3691   Elapsed: 374.129s (6m 14s)
     Speed:     ev/sec=3834.25   simsec/sec=66.8997   ev/simsec=57.3134
     Messages:  created: 16260   present: 5538   in FES: 5208
** Event #72960   t=3836   Elapsed: 376.147s (6m 16s)
     Speed:     ev/sec=3932.61   simsec/sec=71.8533   ev/simsec=54.731
     Messages:  created: 17433   present: 5395   in FES: 5208
** Event #79104   t=3948   Elapsed: 432.304s (7m 12s)
     Speed:     ev/sec=109.408   simsec/sec=1.99441   ev/simsec=54.8571
     Messages:  created: 18329   present: 5280   in FES: 5218
** Event #79872   t=3962   Elapsed: 475.689s (7m 55s)
     Speed:     ev/sec=17.7024   simsec/sec=0.3227   ev/simsec=54.8571
     Messages:  created: 18441   present: 5261   in FES: 5207
** Event #88521   t=86400   Elapsed: 476.150s (7m 56s)
     Speed:     ev/sec=18800   simsec/sec=179213   ev/simsec=0.104903
     Messages:  created: 21137   present: 0   in FES: 0

<!> No more events, simulation completed -- at t=86400s, event #88521
