** Event #0   t=0   Elapsed: 0.000s (0m 00s)
     Speed:     ev/sec=0   simsec/sec=0   ev/simsec=0
     Messages:  created: 5450   present: 5450   in FES: 5450
** Event #2304   t=0   Elapsed: 2.164s (0m 02s)
     Speed:     ev/sec=1065.65   simsec/sec=0   ev/simsec=0
     Messages:  created: 7604   present: 7549   in FES: 7398
** Event #4608   t=2578   Elapsed: 53.183s (0m 53s)
     Speed:     ev/sec=45.1596   simsec/sec=50.5302   ev/simsec=0.893716
     Messages:  created: 7692   present: 7398   in FES: 5256
** Event #8192   t=2631   Elapsed: 93.706s (1m 33s)
     Speed:     ev/sec=88.4458   simsec/sec=1.30793   ev/simsec=67.6226
     Messages:  created: 8228   present: 7345   in FES: 5260
** Event #11264   t=2677   Elapsed: 121.382s (2m 01s)
     Speed:     ev/sec=110.999   simsec/sec=1.66209   ev/simsec=66.7826
     Messages:  created: 8692   present: 7298   in FES: 5256
** Event #12288   t=2693   Elapsed: 170.901s (2m 50s)
     Speed:     ev/sec=20.6793   simsec/sec=0.323115   ev/simsec=64
     Messages:  created: 8848   present: 7275   in FES: 5256
** Event #16896   t=2763   Elapsed: 179.183s (2m 59s)
     Speed:     ev/sec=556.387   simsec/sec=8.45206   ev/simsec=65.8286
     Messages:  created: 9551   present: 7202   in FES: 5257
** Event #17152   t=2767   Elapsed: 199.027s (3m 19s)
     Speed:     ev/sec=12.9013   simsec/sec=0.201582   ev/simsec=64
     Messages:  created: 9589   present: 7196   in FES: 5250
** Event #19200   t=2799   Elapsed: 201.420s (3m 21s)
     Speed:     ev/sec=855.83   simsec/sec=13.3723   ev/simsec=64
     Messages:  created: 9896   present: 7157   in FES: 5231
** Event #19712   t=2868   Elapsed: 204.981s (3m 24s)
     Speed:     ev/sec=143.82   simsec/sec=19.382   ev/simsec=7.42029
     Messages:  created: 9971   present: 7155   in FES: 5230
** Event #20992   t=2940   Elapsed: 210.676s (3m 30s)
     Speed:     ev/sec=224.759   simsec/sec=12.6427   ev/simsec=17.7778
     Messages:  created: 10172   present: 7150   in FES: 5227
** Event #23296   t=3103   Elapsed: 266.375s (4m 26s)
     Speed:     ev/sec=41.3659   simsec/sec=2.9265   ev/simsec=14.135
     Messages:  created: 10529   present: 7141   in FES: 5236
** Event #27136   t=3157   Elapsed: 272.159s (4m 32s)
     Speed:     ev/sec=663.9   simsec/sec=9.3361   ev/simsec=71.1111
     Messages:  created: 11125   present: 7085   in FES: 5232
** Event #32256   t=3218   Elapsed: 281.687s (4m 41s)
     Speed:     ev/sec=537.42   simsec/sec=6.40286   ev/simsec=83.9344
     Messages:  created: 11928   present: 7028   in FES: 5248
** Event #35584   t=3258   Elapsed: 347.967s (5m 47s)
     Speed:     ev/sec=50.212   simsec/sec=0.603509   ev/simsec=83.2
     Messages:  created: 12450   present: 6985   in FES: 5249
** Event #44544   t=3373   Elapsed: 350.022s (5m 50s)
     Speed:     ev/sec=4360.1   simsec/sec=55.9611   ev/simsec=77.913
     Messages:  created: 13848   present: 6870   in FES: 5236
** Event #50432   t=3448   Elapsed: 357.229s (5m 57s)
     Speed:     ev/sec=816.983   simsec/sec=10.4065   ev/simsec=78.5067
     Messages:  created: 14751   present: 6791   in FES: 5237
** Event #55808   t=3507   Elapsed: 369.225s (6m 09s)
     Speed:     ev/sec=448.187   simsec/sec=4.91872   ev/simsec=91.1186
     Messages:  created: 15575   present: 6724   in FES: 5223
** Event #64768   t=3611   Elapsed: 371.282s (6m 11s)
     Speed:     ev/sec=4355.86   simsec/sec=50.5591   ev/simsec=86.1538
     Messages:  created: 16950   present: 6628   in FES: 5243
** Event #73216   t=3725   Elapsed: 373.294s (6m 13s)
     Speed:     ev/sec=4200.9   simsec/sec=56.6882   ev/simsec=74.1053
     Messages:  created: 18223   present: 6506   in FES: 5218
** Event #74240   t=3738   Elapsed: 379.302s (6m 19s)
     Speed:     ev/sec=170.468   simsec/sec=2.16414   ev/simsec=78.7692
     Messages:  created: 18381   present: 6501   in FES: 5240
** Event #79360   t=3798   Elapsed: 392.256s (6m 32s)
     Speed:     ev/sec=395.245   simsec/sec=4.63177   ev/simsec=85.3333
     Messages:  created: 19163   present: 6435   in FES: 5231
** Event #87552   t=3901   Elapsed: 394.311s (6m 34s)
     Speed:     ev/sec=3986.37   simsec/sec=50.1217   ev/simsec=79.534
     Messages:  created: 20408   present: 6332   in FES: 5227
** Event #90880   t=3947   Elapsed: 458.510s (7m 38s)
     Speed:     ev/sec=51.8396   simsec/sec=0.716533   ev/simsec=72.3478
     Messages:  created: 20907   present: 6276   in FES: 5209
** Event #92160   t=3965   Elapsed: 512.233s (8m 32s)
     Speed:     ev/sec=23.8259   simsec/sec=0.335052   ev/simsec=71.1111
     Messages:  created: 21104   present: 6261   in FES: 5207
** Event #97792   t=4047   Elapsed: 570.825s (9m 30s)
     Speed:     ev/sec=96.124   simsec/sec=1.39953   ev/simsec=68.6829
     Messages:  created: 21956   present: 6171   in FES: 5199
** Event #98048   t=4052   Elapsed: 574.320s (9m 34s)
     Speed:     ev/sec=73.2475   simsec/sec=1.43062   ev/simsec=51.2
     Messages:  created: 21991   present: 6166   in FES: 5189
** Event #100096   t=4087   Elapsed: 606.817s (10m 06s)
     Speed:     ev/sec=63.0231   simsec/sec=1.07706   ev/simsec=58.5143
     Messages:  created: 22286   present: 6163   in FES: 5185
** Event #104192   t=4144   Elapsed: 673.044s (11m 13s)
     Speed:     ev/sec=61.8479   simsec/sec=0.860676   ev/simsec=71.8596
     Messages:  created: 22854   present: 6159   in FES: 5180
** Event #111872   t=4249   Elapsed: 760.419s (12m 40s)
     Speed:     ev/sec=87.898   simsec/sec=1.20173   ev/simsec=73.1429
     Messages:  created: 23944   present: 6157   in FES: 5212
** Event #112128   t=4252   Elapsed: 845.324s (14m 05s)
     Speed:     ev/sec=3.01513   simsec/sec=0.0353336   ev/simsec=85.3333
     Messages:  created: 23978   present: 6146   in FES: 5182
** Event #117248   t=4304   Elapsed: 921.081s (15m 21s)
     Speed:     ev/sec=67.5845   simsec/sec=0.686405   ev/simsec=98.4615
     Messages:  created: 24720   present: 6095   in FES: 5188
** Event #122368   t=4369   Elapsed: 980.995s (16m 20s)
     Speed:     ev/sec=85.4572   simsec/sec=1.08491   ev/simsec=78.7692
     Messages:  created: 25475   present: 6022   in FES: 5180
** Event #126464   t=4436   Elapsed: 1020.585s (17m 00s)
     Speed:     ev/sec=103.46   simsec/sec=1.69235   ev/simsec=61.1343
     Messages:  created: 26074   present: 5949   in FES: 5167
** Event #129536   t=4547   Elapsed: 1032.782s (17m 12s)
     Speed:     ev/sec=251.865   simsec/sec=9.1006   ev/simsec=27.6757
     Messages:  created: 26523   present: 5825   in FES: 5142
** Event #134144   t=7794   Elapsed: 1073.234s (17m 53s)
     Speed:     ev/sec=113.916   simsec/sec=80.27   ev/simsec=1.41916
     Messages:  created: 27294   present: 5337   in FES: 4950
** Event #137216   t=7844   Elapsed: 1101.091s (18m 21s)
     Speed:     ev/sec=110.277   simsec/sec=1.79488   ev/simsec=61.44
     Messages:  created: 27744   present: 5282   in FES: 4935
** Event #137472   t=7848   Elapsed: 1110.945s (18m 30s)
     Speed:     ev/sec=25.9793   simsec/sec=0.405927   ev/simsec=64
     Messages:  created: 27784   present: 5278   in FES: 4945
** Event #140544   t=7895   Elapsed: 1136.899s (18m 56s)
     Speed:     ev/sec=118.368   simsec/sec=1.81097   ev/simsec=65.3617
     Messages:  created: 28247   present: 5224   in FES: 4928
** Event #146176   t=7979   Elapsed: 1153.557s (19m 13s)
     Speed:     ev/sec=338.096   simsec/sec=5.04262   ev/simsec=67.0476
     Messages:  created: 29097   present: 5140   in FES: 4942
** Event #146432   t=7983   Elapsed: 1163.243s (19m 23s)
     Speed:     ev/sec=26.4299   simsec/sec=0.412967   ev/simsec=64
     Messages:  created: 29134   present: 5133   in FES: 4930
** Event #148736   t=8047   Elapsed: 1165.540s (19m 25s)
     Speed:     ev/sec=1003.48   simsec/sec=27.8746   ev/simsec=36
     Messages:  created: 29473   present: 5094   in FES: 4911
** Event #148992   t=8082   Elapsed: 1168.813s (19m 28s)
     Speed:     ev/sec=78.2157   simsec/sec=10.6936   ev/simsec=7.31429
     Messages:  created: 29512   present: 5092   in FES: 4912
** Event #149504   t=8315   Elapsed: 1220.915s (20m 20s)
     Speed:     ev/sec=9.82688   simsec/sec=4.472   ev/simsec=2.19742
     Messages:  created: 29587   present: 5076   in FES: 4911
** Event #164474   t=86400   Elapsed: 1222.907s (20m 22s)
     Speed:     ev/sec=7518.33   simsec/sec=39219   ev/simsec=0.191701
     Messages:  created: 33192   present: 0   in FES: 0

<!> No more events, simulation completed -- at t=86400s, event #164474
