** Event #0   t=0   Elapsed: 0.000s (0m 00s)
     Speed:     ev/sec=0   simsec/sec=0   ev/simsec=0
     Messages:  created: 5450   present: 5450   in FES: 5450
** Event #1280   t=0   Elapsed: 2.130s (0m 02s)
     Speed:     ev/sec=601.408   simsec/sec=0   ev/simsec=0
     Messages:  created: 6604   present: 6549   in FES: 6422
** Event #2560   t=2577   Elapsed: 25.590s (0m 25s)
     Speed:     ev/sec=54.5633   simsec/sec=109.851   ev/simsec=0.496702
     Messages:  created: 6685   present: 6402   in FES: 5253
** Event #2816   t=2581   Elapsed: 53.854s (0m 53s)
     Speed:     ev/sec=9.05778   simsec/sec=0.141528   ev/simsec=64
     Messages:  created: 6724   present: 6397   in FES: 5260
** Event #6144   t=2630   Elapsed: 97.367s (1m 37s)
     Speed:     ev/sec=76.4829   simsec/sec=1.1261   ev/simsec=67.9184
     Messages:  created: 7222   present: 6350   in FES: 5274
** Event #9472   t=2681   Elapsed: 126.802s (2m 06s)
     Speed:     ev/sec=113.063   simsec/sec=1.73263   ev/simsec=65.2549
     Messages:  created: 7722   present: 6285   in FES: 5246
** Event #10240   t=2692   Elapsed: 179.269s (2m 59s)
     Speed:     ev/sec=14.6378   simsec/sec=0.209656   ev/simsec=69.8182
     Messages:  created: 7842   present: 6280   in FES: 5269
** Event #15104   t=2766   Elapsed: 209.185s (3m 29s)
     Speed:     ev/sec=162.594   simsec/sec=2.47368   ev/simsec=65.7297
     Messages:  created: 8584   present: 6202   in FES: 5266
** Event #17408   t=2829   Elapsed: 211.856s (3m 31s)
     Speed:     ev/sec=862.921   simsec/sec=23.5955   ev/simsec=36.5714
     Messages:  created: 8926   present: 6157   in FES: 5231
** Event #17920   t=2879   Elapsed: 215.610s (3m 35s)
     Speed:     ev/sec=136.424   simsec/sec=13.3227   ev/simsec=10.24
     Messages:  created: 9004   present: 6155   in FES: 5231
** Event #18944   t=2937   Elapsed: 221.476s (3m 41s)
     Speed:     ev/sec=174.565   simsec/sec=9.88749   ev/simsec=17.6552
     Messages:  created: 9165   present: 6149   in FES: 5226
** Event #21248   t=3102   Elapsed: 279.238s (4m 39s)
     Speed:     ev/sec=39.8878   simsec/sec=2.85655   ev/simsec=13.9636
     Messages:  created: 9524   present: 6148   in FES: 5252
** Event #25344   t=3159   Elapsed: 285.461s (4m 45s)
     Speed:     ev/sec=658.203   simsec/sec=9.15957   ev/simsec=71.8596
     Messages:  created: 10161   present: 6092   in FES: 5255
** Event #30208   t=3218   Elapsed: 296.044s (4m 56s)
     Speed:     ev/sec=459.648   simsec/sec=5.57551   ev/simsec=82.4407
     Messages:  created: 10918   present: 6026   in FES: 5231
** Event #33536   t=3258   Elapsed: 364.257s (6m 04s)
     Speed:     ev/sec=48.7891   simsec/sec=0.586407   ev/simsec=83.2
     Messages:  created: 11438   present: 5975   in FES: 5222
** Event #41984   t=3366   Elapsed: 366.303s (6m 06s)
     Speed:     ev/sec=4129.03   simsec/sec=52.7859   ev/simsec=78.2222
     Messages:  created: 12762   present: 5875   in FES: 5243
** Event #48384   t=3447   Elapsed: 374.531s (6m 14s)
     Speed:     ev/sec=777.832   simsec/sec=9.84443   ev/simsec=79.0123
     Messages:  created: 13744   present: 5798   in FES: 5238
** Event #55808   t=3536   Elapsed: 376.576s (6m 16s)
     Speed:     ev/sec=3632.09   simsec/sec=43.5421   ev/simsec=83.4157
     Messages:  created: 14875   present: 5695   in FES: 5220
** Event #62720   t=3647   Elapsed: 378.579s (6m 18s)
     Speed:     ev/sec=3450.82   simsec/sec=55.4169   ev/simsec=62.2703
     Messages:  created: 15913   present: 5588   in FES: 5218
** Event #70400   t=3790   Elapsed: 380.661s (6m 20s)
     Speed:     ev/sec=3690.53   simsec/sec=68.717   ev/simsec=53.7063
     Messages:  created: 17061   present: 5444   in FES: 5220
** Event #77312   t=3916   Elapsed: 382.707s (6m 22s)
     Speed:     ev/sec=3378.3   simsec/sec=61.5836   ev/simsec=54.8571
     Messages:  created: 18065   present: 5311   in FES: 5201
** Event #79104   t=3948   Elapsed: 437.740s (7m 17s)
     Speed:     ev/sec=32.5623   simsec/sec=0.581469   ev/simsec=56
     Messages:  created: 18329   present: 5280   in FES: 5218
** Event #79872   t=3962   Elapsed: 490.070s (8m 10s)
     Speed:     ev/sec=14.6764   simsec/sec=0.267538   ev/simsec=54.8571
     Messages:  created: 18441   present: 5261   in FES: 5207
** Event #88521   t=86400   Elapsed: 490.589s (8m 10s)
     Speed:     ev/sec=16662.8   simsec/sec=158840   ev/simsec=0.104903
     Messages:  created: 21137   present: 0   in FES: 0

<!> No more events, simulation completed -- at t=86400s, event #88521
