** Event #0   t=0   Elapsed: 0.000s (0m 00s)
     Speed:     ev/sec=0   simsec/sec=0   ev/simsec=0
     Messages:  created: 5450   present: 5450   in FES: 5450
** Event #2816   t=0   Elapsed: 2.182s (0m 02s)
     Speed:     ev/sec=1291.02   simsec/sec=0   ev/simsec=0
     Messages:  created: 8104   present: 8049   in FES: 7886
** Event #5632   t=2578   Elapsed: 53.712s (0m 53s)
     Speed:     ev/sec=54.6488   simsec/sec=50.0301   ev/simsec=1.09232
     Messages:  created: 8198   present: 7904   in FES: 5274
** Event #9216   t=2631   Elapsed: 94.363s (1m 34s)
     Speed:     ev/sec=88.1651   simsec/sec=1.30378   ev/simsec=67.6226
     Messages:  created: 8732   present: 7848   in FES: 5268
** Event #12288   t=2678   Elapsed: 122.153s (2m 02s)
     Speed:     ev/sec=110.547   simsec/sec=1.69132   ev/simsec=65.3617
     Messages:  created: 9196   present: 7792   in FES: 5254
** Event #13312   t=2693   Elapsed: 171.743s (2m 51s)
     Speed:     ev/sec=20.6493   simsec/sec=0.30248   ev/simsec=68.2667
     Messages:  created: 9352   present: 7778   in FES: 5262
** Event #17920   t=2763   Elapsed: 199.878s (3m 19s)
     Speed:     ev/sec=163.788   simsec/sec=2.48809   ev/simsec=65.8286
     Messages:  created: 10054   present: 7704   in FES: 5255
** Event #20224   t=2803   Elapsed: 202.316s (3m 22s)
     Speed:     ev/sec=945.425   simsec/sec=16.4136   ev/simsec=57.6
     Messages:  created: 10400   present: 7657   in FES: 5231
** Event #20736   t=2870   Elapsed: 205.880s (3m 25s)
     Speed:     ev/sec=143.659   simsec/sec=18.7991   ev/simsec=7.64179
     Messages:  created: 10475   present: 7653   in FES: 5229
** Event #22016   t=2942   Elapsed: 211.581s (3m 31s)
     Speed:     ev/sec=224.522   simsec/sec=12.6294   ev/simsec=17.7778
     Messages:  created: 10676   present: 7650   in FES: 5229
** Event #24320   t=3103   Elapsed: 267.296s (4m 27s)
     Speed:     ev/sec=41.3541   simsec/sec=2.88976   ev/simsec=14.3106
     Messages:  created: 11035   present: 7647   in FES: 5252
** Event #28160   t=3157   Elapsed: 273.103s (4m 33s)
     Speed:     ev/sec=661.271   simsec/sec=9.29912   ev/simsec=71.1111
     Messages:  created: 11631   present: 7591   in FES: 5245
** Event #33280   t=3218   Elapsed: 282.724s (4m 42s)
     Speed:     ev/sec=532.225   simsec/sec=6.34096   ev/simsec=83.9344
     Messages:  created: 12431   present: 7530   in FES: 5242
** Event #36608   t=3259   Elapsed: 349.161s (5m 49s)
     Speed:     ev/sec=50.0933   simsec/sec=0.617135   ev/simsec=81.1707
     Messages:  created: 12951   present: 7484   in FES: 5232
** Event #45568   t=3374   Elapsed: 351.197s (5m 51s)
     Speed:     ev/sec=4402.95   simsec/sec=56.5111   ev/simsec=77.913
     Messages:  created: 14350   present: 7360   in FES: 5225
** Event #51456   t=3448   Elapsed: 358.414s (5m 58s)
     Speed:     ev/sec=815.965   simsec/sec=10.255   ev/simsec=79.5676
     Messages:  created: 15257   present: 7296   in FES: 5250
** Event #56832   t=3507   Elapsed: 370.428s (6m 10s)
     Speed:     ev/sec=447.478   simsec/sec=4.91094   ev/simsec=91.1186
     Messages:  created: 16081   present: 7230   in FES: 5238
** Event #65792   t=3612   Elapsed: 372.483s (6m 12s)
     Speed:     ev/sec=4360.1   simsec/sec=51.0949   ev/simsec=85.3333
     Messages:  created: 17450   present: 7125   in FES: 5221
** Event #74240   t=3725   Elapsed: 374.503s (6m 14s)
     Speed:     ev/sec=4184.25   simsec/sec=55.9683   ev/simsec=74.7611
     Messages:  created: 18729   present: 7011   in FES: 5232
** Event #75264   t=3738   Elapsed: 380.508s (6m 20s)
     Speed:     ev/sec=170.525   simsec/sec=2.16486   ev/simsec=78.7692
     Messages:  created: 18882   present: 7002   in FES: 5223
** Event #80128   t=3795   Elapsed: 393.330s (6m 33s)
     Speed:     ev/sec=379.378   simsec/sec=4.44583   ev/simsec=85.3333
     Messages:  created: 19626   present: 6940   in FES: 5217
** Event #88320   t=3898   Elapsed: 395.385s (6m 35s)
     Speed:     ev/sec=3986.37   simsec/sec=50.1217   ev/simsec=79.534
     Messages:  created: 20872   present: 6833   in FES: 5222
** Event #91904   t=3947   Elapsed: 459.865s (7m 39s)
     Speed:     ev/sec=55.5831   simsec/sec=0.759926   ev/simsec=73.1429
     Messages:  created: 21413   present: 6781   in FES: 5222
** Event #93184   t=3965   Elapsed: 513.494s (8m 33s)
     Speed:     ev/sec=23.8681   simsec/sec=0.335646   ev/simsec=71.1111
     Messages:  created: 21608   present: 6755   in FES: 5209
** Event #98816   t=4048   Elapsed: 575.680s (9m 35s)
     Speed:     ev/sec=90.567   simsec/sec=1.33471   ev/simsec=67.8554
     Messages:  created: 22458   present: 6669   in FES: 5190
** Event #101120   t=4087   Elapsed: 608.316s (10m 08s)
     Speed:     ev/sec=70.5969   simsec/sec=1.195   ev/simsec=59.0769
     Messages:  created: 22792   present: 6669   in FES: 5208
** Event #105216   t=4144   Elapsed: 674.818s (11m 14s)
     Speed:     ev/sec=61.5931   simsec/sec=0.85713   ev/simsec=71.8596
     Messages:  created: 23360   present: 6663   in FES: 5196
** Event #112640   t=4247   Elapsed: 712.614s (11m 52s)
     Speed:     ev/sec=196.428   simsec/sec=2.72523   ev/simsec=72.0777
     Messages:  created: 24409   present: 6654   in FES: 5195
** Event #112896   t=4249   Elapsed: 762.461s (12m 42s)
     Speed:     ev/sec=5.13572   simsec/sec=0.0401228   ev/simsec=128
     Messages:  created: 24448   present: 6660   in FES: 5211
** Event #113152   t=4252   Elapsed: 847.697s (14m 07s)
     Speed:     ev/sec=3.00346   simsec/sec=0.0351968   ev/simsec=85.3333
     Messages:  created: 24483   present: 6644   in FES: 5192
** Event #118272   t=4305   Elapsed: 923.719s (15m 23s)
     Speed:     ev/sec=67.3489   simsec/sec=0.697167   ev/simsec=96.6038
     Messages:  created: 25221   present: 6583   in FES: 5167
** Event #123392   t=4370   Elapsed: 983.878s (16m 23s)
     Speed:     ev/sec=85.1078   simsec/sec=1.08047   ev/simsec=78.7692
     Messages:  created: 25976   present: 6520   in FES: 5163
** Event #127488   t=4437   Elapsed: 1023.701s (17m 03s)
     Speed:     ev/sec=102.858   simsec/sec=1.68249   ev/simsec=61.1343
     Messages:  created: 26576   present: 6444   in FES: 5155
** Event #130560   t=4548   Elapsed: 1035.941s (17m 15s)
     Speed:     ev/sec=250.98   simsec/sec=9.06863   ev/simsec=27.6757
     Messages:  created: 27027   present: 6325   in FES: 5144
** Event #135168   t=7795   Elapsed: 1076.496s (17m 56s)
     Speed:     ev/sec=113.626   simsec/sec=80.0661   ev/simsec=1.41916
     Messages:  created: 27795   present: 5829   in FES: 4931
** Event #138240   t=7845   Elapsed: 1114.043s (18m 34s)
     Speed:     ev/sec=81.8175   simsec/sec=1.33166   ev/simsec=61.44
     Messages:  created: 28247   present: 5780   in FES: 4932
** Event #141568   t=7895   Elapsed: 1140.101s (19m 00s)
     Speed:     ev/sec=127.715   simsec/sec=1.9188   ev/simsec=66.56
     Messages:  created: 28752   present: 5725   in FES: 4934
** Event #147200   t=7979   Elapsed: 1166.458s (19m 26s)
     Speed:     ev/sec=213.681   simsec/sec=3.18701   ev/simsec=67.0476
     Messages:  created: 29599   present: 5641   in FES: 4933
** Event #149504   t=8014   Elapsed: 1168.773s (19m 28s)
     Speed:     ev/sec=995.678   simsec/sec=15.1253   ev/simsec=65.8286
     Messages:  created: 29940   present: 5594   in FES: 4912
** Event #150016   t=8083   Elapsed: 1172.078s (19m 32s)
     Speed:     ev/sec=154.964   simsec/sec=20.8838   ev/simsec=7.42029
     Messages:  created: 30015   present: 5592   in FES: 4911
** Event #151296   t=8155   Elapsed: 1177.413s (19m 37s)
     Speed:     ev/sec=239.925   simsec/sec=13.4958   ev/simsec=17.7778
     Messages:  created: 30216   present: 5587   in FES: 4908
** Event #153600   t=8318   Elapsed: 1229.905s (20m 29s)
     Speed:     ev/sec=43.8932   simsec/sec=3.10529   ev/simsec=14.135
     Messages:  created: 30572   present: 5569   in FES: 4910
** Event #157696   t=8375   Elapsed: 1235.251s (20m 35s)
     Speed:     ev/sec=766.18   simsec/sec=10.6622   ev/simsec=71.8596
     Messages:  created: 31209   present: 5514   in FES: 4914
** Event #162560   t=8433   Elapsed: 1244.051s (20m 44s)
     Speed:     ev/sec=552.79   simsec/sec=6.59166   ev/simsec=83.8621
     Messages:  created: 31972   present: 5458   in FES: 4928
** Event #165888   t=8473   Elapsed: 1296.556s (21m 36s)
     Speed:     ev/sec=63.3844   simsec/sec=0.761832   ev/simsec=83.2
     Messages:  created: 32493   present: 5415   in FES: 4925
** Event #174848   t=8608   Elapsed: 1298.567s (21m 38s)
     Speed:     ev/sec=4457.71   simsec/sec=67.1642   ev/simsec=66.3704
     Messages:  created: 33888   present: 5276   in FES: 4906
** Event #183808   t=8759   Elapsed: 1300.591s (21m 40s)
     Speed:     ev/sec=4426.88   simsec/sec=74.6047   ev/simsec=59.3377
     Messages:  created: 35251   present: 5121   in FES: 4905
** Event #192768   t=8916   Elapsed: 1302.620s (21m 42s)
     Speed:     ev/sec=4415.97   simsec/sec=77.378   ev/simsec=57.0701
     Messages:  created: 36596   present: 4961   in FES: 4895
** Event #201720   t=86400   Elapsed: 1303.240s (21m 43s)
     Speed:     ev/sec=14460.4   simsec/sec=125176   ev/simsec=0.115521
     Messages:  created: 39251   present: 0   in FES: 0

<!> No more events, simulation completed -- at t=86400s, event #201720
