** Event #0   t=0   Elapsed: 0.000s (0m 00s)
     Speed:     ev/sec=0   simsec/sec=0   ev/simsec=0
     Messages:  created: 5450   present: 5450   in FES: 5450
** Event #1280   t=0   Elapsed: 2.151s (0m 02s)
     Speed:     ev/sec=595.537   simsec/sec=0   ev/simsec=0
     Messages:  created: 6604   present: 6549   in FES: 6422
** Event #2560   t=2577   Elapsed: 25.886s (0m 25s)
     Speed:     ev/sec=53.9288   simsec/sec=108.574   ev/simsec=0.496702
     Messages:  created: 6685   present: 6402   in FES: 5253
** Event #2816   t=2581   Elapsed: 55.894s (0m 55s)
     Speed:     ev/sec=8.53134   simsec/sec=0.133302   ev/simsec=64
     Messages:  created: 6724   present: 6397   in FES: 5260
** Event #6144   t=2630   Elapsed: 98.355s (1m 38s)
     Speed:     ev/sec=78.3778   simsec/sec=1.154   ev/simsec=67.9184
     Messages:  created: 7222   present: 6350   in FES: 5274
** Event #9472   t=2681   Elapsed: 127.120s (2m 07s)
     Speed:     ev/sec=115.696   simsec/sec=1.77299   ev/simsec=65.2549
     Messages:  created: 7722   present: 6285   in FES: 5246
** Event #10240   t=2692   Elapsed: 180.093s (3m 00s)
     Speed:     ev/sec=14.4982   simsec/sec=0.207657   ev/simsec=69.8182
     Messages:  created: 7842   present: 6280   in FES: 5269
** Event #15104   t=2766   Elapsed: 209.967s (3m 29s)
     Speed:     ev/sec=162.823   simsec/sec=2.47715   ev/simsec=65.7297
     Messages:  created: 8584   present: 6202   in FES: 5266
** Event #17408   t=2829   Elapsed: 212.470s (3m 32s)
     Speed:     ev/sec=920.495   simsec/sec=25.1698   ev/simsec=36.5714
     Messages:  created: 8926   present: 6157   in FES: 5231
** Event #17920   t=2879   Elapsed: 216.143s (3m 36s)
     Speed:     ev/sec=139.396   simsec/sec=13.6129   ev/simsec=10.24
     Messages:  created: 9004   present: 6155   in FES: 5231
** Event #18944   t=2937   Elapsed: 221.868s (3m 41s)
     Speed:     ev/sec=178.896   simsec/sec=10.1328   ev/simsec=17.6552
     Messages:  created: 9165   present: 6149   in FES: 5226
** Event #21248   t=3102   Elapsed: 279.801s (4m 39s)
     Speed:     ev/sec=39.7701   simsec/sec=2.84812   ev/simsec=13.9636
     Messages:  created: 9524   present: 6148   in FES: 5252
** Event #25344   t=3159   Elapsed: 285.738s (4m 45s)
     Speed:     ev/sec=690.027   simsec/sec=9.60243   ev/simsec=71.8596
     Messages:  created: 10161   present: 6092   in FES: 5255
** Event #30208   t=3218   Elapsed: 295.350s (4m 55s)
     Speed:     ev/sec=506.034   simsec/sec=6.13816   ev/simsec=82.4407
     Messages:  created: 10918   present: 6026   in FES: 5231
** Event #33536   t=3258   Elapsed: 362.513s (6m 02s)
     Speed:     ev/sec=49.5511   simsec/sec=0.595566   ev/simsec=83.2
     Messages:  created: 11438   present: 5975   in FES: 5222
** Event #41984   t=3366   Elapsed: 364.538s (6m 04s)
     Speed:     ev/sec=4171.85   simsec/sec=53.3333   ev/simsec=78.2222
     Messages:  created: 12762   present: 5875   in FES: 5243
** Event #48384   t=3447   Elapsed: 371.999s (6m 11s)
     Speed:     ev/sec=857.794   simsec/sec=10.8565   ev/simsec=79.0123
     Messages:  created: 13744   present: 5798   in FES: 5238
** Event #57344   t=3557   Elapsed: 374.009s (6m 14s)
     Speed:     ev/sec=4459.93   simsec/sec=54.7536   ev/simsec=81.4545
     Messages:  created: 15107   present: 5675   in FES: 5222
** Event #65792   t=3705   Elapsed: 376.057s (6m 16s)
     Speed:     ev/sec=4127.02   simsec/sec=72.3009   ev/simsec=57.0811
     Messages:  created: 16375   present: 5527   in FES: 5217
** Event #74240   t=3860   Elapsed: 378.096s (6m 18s)
     Speed:     ev/sec=4145.24   simsec/sec=76.055   ev/simsec=54.5032
     Messages:  created: 17619   present: 5366   in FES: 5204
** Event #79104   t=3948   Elapsed: 431.555s (7m 11s)
     Speed:     ev/sec=90.9856   simsec/sec=1.64612   ev/simsec=55.2727
     Messages:  created: 18329   present: 5280   in FES: 5218
** Event #79872   t=3962   Elapsed: 473.694s (7m 53s)
     Speed:     ev/sec=18.2258   simsec/sec=0.332242   ev/simsec=54.8571
     Messages:  created: 18441   present: 5261   in FES: 5207
** Event #88521   t=86400   Elapsed: 474.158s (7m 54s)
     Speed:     ev/sec=18637.9   simsec/sec=177668   ev/simsec=0.104903
     Messages:  created: 21137   present: 0   in FES: 0

<!> No more events, simulation completed -- at t=86400s, event #88521
