** Event #0   t=0   Elapsed: 0.000s (0m 00s)
     Speed:     ev/sec=0   simsec/sec=0   ev/simsec=0
     Messages:  created: 5450   present: 5450   in FES: 5450
** Event #2304   t=0   Elapsed: 2.157s (0m 02s)
     Speed:     ev/sec=1068.61   simsec/sec=0   ev/simsec=0
     Messages:  created: 7604   present: 7549   in FES: 7398
** Event #4608   t=2578   Elapsed: 53.024s (0m 53s)
     Speed:     ev/sec=45.2946   simsec/sec=50.6812   ev/simsec=0.893716
     Messages:  created: 7692   present: 7398   in FES: 5256
** Event #8192   t=2631   Elapsed: 93.474s (1m 33s)
     Speed:     ev/sec=88.6054   simsec/sec=1.31029   ev/simsec=67.6226
     Messages:  created: 8228   present: 7345   in FES: 5260
** Event #11264   t=2677   Elapsed: 121.129s (2m 01s)
     Speed:     ev/sec=111.083   simsec/sec=1.66335   ev/simsec=66.7826
     Messages:  created: 8692   present: 7298   in FES: 5256
** Event #12288   t=2693   Elapsed: 170.558s (2m 50s)
     Speed:     ev/sec=20.717   simsec/sec=0.323703   ev/simsec=64
     Messages:  created: 8848   present: 7275   in FES: 5256
** Event #16896   t=2763   Elapsed: 178.831s (2m 58s)
     Speed:     ev/sec=557.06   simsec/sec=8.46228   ev/simsec=65.8286
     Messages:  created: 9551   present: 7202   in FES: 5257
** Event #17152   t=2767   Elapsed: 198.662s (3m 18s)
     Speed:     ev/sec=12.9091   simsec/sec=0.201704   ev/simsec=64
     Messages:  created: 9589   present: 7196   in FES: 5250
** Event #19200   t=2799   Elapsed: 201.054s (3m 21s)
     Speed:     ev/sec=856.187   simsec/sec=13.3779   ev/simsec=64
     Messages:  created: 9896   present: 7157   in FES: 5231
** Event #19712   t=2868   Elapsed: 204.600s (3m 24s)
     Speed:     ev/sec=144.429   simsec/sec=19.464   ev/simsec=7.42029
     Messages:  created: 9971   present: 7155   in FES: 5230
** Event #20992   t=2940   Elapsed: 210.297s (3m 30s)
     Speed:     ev/sec=224.68   simsec/sec=12.6382   ev/simsec=17.7778
     Messages:  created: 10172   present: 7150   in FES: 5227
** Event #23296   t=3103   Elapsed: 265.760s (4m 25s)
     Speed:     ev/sec=41.542   simsec/sec=2.93895   ev/simsec=14.135
     Messages:  created: 10529   present: 7141   in FES: 5236
** Event #27136   t=3157   Elapsed: 271.545s (4m 31s)
     Speed:     ev/sec=663.9   simsec/sec=9.3361   ev/simsec=71.1111
     Messages:  created: 11125   present: 7085   in FES: 5232
** Event #32256   t=3218   Elapsed: 281.076s (4m 41s)
     Speed:     ev/sec=537.251   simsec/sec=6.40084   ev/simsec=83.9344
     Messages:  created: 11928   present: 7028   in FES: 5248
** Event #35584   t=3258   Elapsed: 347.194s (5m 47s)
     Speed:     ev/sec=50.335   simsec/sec=0.604988   ev/simsec=83.2
     Messages:  created: 12450   present: 6985   in FES: 5249
** Event #44544   t=3373   Elapsed: 349.217s (5m 49s)
     Speed:     ev/sec=4429.07   simsec/sec=56.8463   ev/simsec=77.913
     Messages:  created: 13848   present: 6870   in FES: 5236
** Event #50432   t=3448   Elapsed: 356.411s (5m 56s)
     Speed:     ev/sec=818.46   simsec/sec=10.4254   ev/simsec=78.5067
     Messages:  created: 14751   present: 6791   in FES: 5237
** Event #55808   t=3507   Elapsed: 368.396s (6m 08s)
     Speed:     ev/sec=448.598   simsec/sec=4.92323   ev/simsec=91.1186
     Messages:  created: 15575   present: 6724   in FES: 5223
** Event #64768   t=3611   Elapsed: 370.451s (6m 10s)
     Speed:     ev/sec=4362.22   simsec/sec=50.6329   ev/simsec=86.1538
     Messages:  created: 16950   present: 6628   in FES: 5243
** Event #73216   t=3725   Elapsed: 372.454s (6m 12s)
     Speed:     ev/sec=4219.78   simsec/sec=56.9431   ev/simsec=74.1053
     Messages:  created: 18223   present: 6506   in FES: 5218
** Event #74240   t=3738   Elapsed: 378.555s (6m 18s)
     Speed:     ev/sec=167.869   simsec/sec=2.13115   ev/simsec=78.7692
     Messages:  created: 18381   present: 6501   in FES: 5240
** Event #79360   t=3798   Elapsed: 391.526s (6m 31s)
     Speed:     ev/sec=394.727   simsec/sec=4.6257   ev/simsec=85.3333
     Messages:  created: 19163   present: 6435   in FES: 5231
** Event #87552   t=3901   Elapsed: 393.565s (6m 33s)
     Speed:     ev/sec=4017.66   simsec/sec=50.515   ev/simsec=79.534
     Messages:  created: 20408   present: 6332   in FES: 5227
** Event #90880   t=3947   Elapsed: 457.633s (7m 37s)
     Speed:     ev/sec=51.9456   simsec/sec=0.717998   ev/simsec=72.3478
     Messages:  created: 20907   present: 6276   in FES: 5209
** Event #92160   t=3965   Elapsed: 511.080s (8m 31s)
     Speed:     ev/sec=23.949   simsec/sec=0.336782   ev/simsec=71.1111
     Messages:  created: 21104   present: 6261   in FES: 5207
** Event #97792   t=4047   Elapsed: 569.522s (9m 29s)
     Speed:     ev/sec=96.369   simsec/sec=1.4031   ev/simsec=68.6829
     Messages:  created: 21956   present: 6171   in FES: 5199
** Event #98048   t=4052   Elapsed: 572.999s (9m 32s)
     Speed:     ev/sec=73.6479   simsec/sec=1.43843   ev/simsec=51.2
     Messages:  created: 21991   present: 6166   in FES: 5189
** Event #100096   t=4087   Elapsed: 605.388s (10m 05s)
     Speed:     ev/sec=63.2313   simsec/sec=1.08061   ev/simsec=58.5143
     Messages:  created: 22286   present: 6163   in FES: 5185
** Event #104192   t=4144   Elapsed: 671.496s (11m 11s)
     Speed:     ev/sec=61.9602   simsec/sec=0.862238   ev/simsec=71.8596
     Messages:  created: 22854   present: 6159   in FES: 5180
** Event #111872   t=4249   Elapsed: 758.510s (12m 38s)
     Speed:     ev/sec=88.2617   simsec/sec=1.2067   ev/simsec=73.1429
     Messages:  created: 23944   present: 6157   in FES: 5212
** Event #112128   t=4252   Elapsed: 843.220s (14m 03s)
     Speed:     ev/sec=3.02211   simsec/sec=0.0354154   ev/simsec=85.3333
     Messages:  created: 23978   present: 6146   in FES: 5182
** Event #117248   t=4304   Elapsed: 918.749s (15m 18s)
     Speed:     ev/sec=67.7885   simsec/sec=0.688477   ev/simsec=98.4615
     Messages:  created: 24720   present: 6095   in FES: 5188
** Event #122368   t=4369   Elapsed: 978.664s (16m 18s)
     Speed:     ev/sec=85.4544   simsec/sec=1.08487   ev/simsec=78.7692
     Messages:  created: 25475   present: 6022   in FES: 5180
** Event #126464   t=4436   Elapsed: 1018.147s (16m 58s)
     Speed:     ev/sec=103.743   simsec/sec=1.69698   ev/simsec=61.1343
     Messages:  created: 26074   present: 5949   in FES: 5167
** Event #129536   t=4547   Elapsed: 1030.345s (17m 10s)
     Speed:     ev/sec=251.865   simsec/sec=9.1006   ev/simsec=27.6757
     Messages:  created: 26523   present: 5825   in FES: 5142
** Event #134144   t=7794   Elapsed: 1070.713s (17m 50s)
     Speed:     ev/sec=114.15   simsec/sec=80.435   ev/simsec=1.41916
     Messages:  created: 27294   present: 5337   in FES: 4950
** Event #137216   t=7844   Elapsed: 1098.557s (18m 18s)
     Speed:     ev/sec=110.329   simsec/sec=1.79572   ev/simsec=61.44
     Messages:  created: 27744   present: 5282   in FES: 4935
** Event #137472   t=7848   Elapsed: 1108.287s (18m 28s)
     Speed:     ev/sec=26.3131   simsec/sec=0.411142   ev/simsec=64
     Messages:  created: 27784   present: 5278   in FES: 4945
** Event #140544   t=7895   Elapsed: 1134.149s (18m 54s)
     Speed:     ev/sec=118.784   simsec/sec=1.81734   ev/simsec=65.3617
     Messages:  created: 28247   present: 5224   in FES: 4928
** Event #146176   t=7979   Elapsed: 1150.747s (19m 10s)
     Speed:     ev/sec=339.338   simsec/sec=5.06116   ev/simsec=67.0476
     Messages:  created: 29097   present: 5140   in FES: 4942
** Event #146432   t=7983   Elapsed: 1160.393s (19m 20s)
     Speed:     ev/sec=26.5395   simsec/sec=0.41468   ev/simsec=64
     Messages:  created: 29134   present: 5133   in FES: 4930
** Event #148736   t=8047   Elapsed: 1162.682s (19m 22s)
     Speed:     ev/sec=1006.99   simsec/sec=27.972   ev/simsec=36
     Messages:  created: 29473   present: 5094   in FES: 4911
** Event #148992   t=8082   Elapsed: 1165.942s (19m 25s)
     Speed:     ev/sec=78.5276   simsec/sec=10.7362   ev/simsec=7.31429
     Messages:  created: 29512   present: 5092   in FES: 4912
** Event #149504   t=8315   Elapsed: 1217.884s (20m 17s)
     Speed:     ev/sec=9.85715   simsec/sec=4.48577   ev/simsec=2.19742
     Messages:  created: 29587   present: 5076   in FES: 4911
** Event #164474   t=86400   Elapsed: 1219.869s (20m 19s)
     Speed:     ev/sec=7544.86   simsec/sec=39357.4   ev/simsec=0.191701
     Messages:  created: 33192   present: 0   in FES: 0

<!> No more events, simulation completed -- at t=86400s, event #164474
