** Event #0   t=0   Elapsed: 0.000s (0m 00s)
     Speed:     ev/sec=0   simsec/sec=0   ev/simsec=0
     Messages:  created: 5450   present: 5450   in FES: 5450
** Event #1792   t=0   Elapsed: 2.144s (0m 02s)
     Speed:     ev/sec=836.287   simsec/sec=0   ev/simsec=0
     Messages:  created: 7104   present: 7049   in FES: 6910
** Event #3584   t=2577   Elapsed: 52.389s (0m 52s)
     Speed:     ev/sec=35.666   simsec/sec=51.2897   ev/simsec=0.695382
     Messages:  created: 7189   present: 6906   in FES: 5261
** Event #7168   t=2631   Elapsed: 93.965s (1m 33s)
     Speed:     ev/sec=86.2057   simsec/sec=1.29886   ev/simsec=66.3704
     Messages:  created: 7722   present: 6841   in FES: 5250
** Event #10240   t=2677   Elapsed: 122.204s (2m 02s)
     Speed:     ev/sec=108.786   simsec/sec=1.62895   ev/simsec=66.7826
     Messages:  created: 8190   present: 6797   in FES: 5268
** Event #11264   t=2693   Elapsed: 172.197s (2m 52s)
     Speed:     ev/sec=20.4829   simsec/sec=0.320045   ev/simsec=64
     Messages:  created: 8342   present: 6770   in FES: 5245
** Event #16128   t=2767   Elapsed: 200.436s (3m 20s)
     Speed:     ev/sec=172.244   simsec/sec=2.62049   ev/simsec=65.7297
     Messages:  created: 9084   present: 6696   in FES: 5245
** Event #18432   t=2832   Elapsed: 202.877s (3m 22s)
     Speed:     ev/sec=944.262   simsec/sec=26.6393   ev/simsec=35.4462
     Messages:  created: 9429   present: 6657   in FES: 5230
** Event #18688   t=2867   Elapsed: 206.415s (3m 26s)
     Speed:     ev/sec=72.3777   simsec/sec=9.89539   ev/simsec=7.31429
     Messages:  created: 9468   present: 6655   in FES: 5232
** Event #19968   t=2939   Elapsed: 212.137s (3m 32s)
     Speed:     ev/sec=223.698   simsec/sec=12.583   ev/simsec=17.7778
     Messages:  created: 9668   present: 6649   in FES: 5225
** Event #22272   t=3103   Elapsed: 268.552s (4m 28s)
     Speed:     ev/sec=40.8409   simsec/sec=2.90708   ev/simsec=14.0488
     Messages:  created: 10025   present: 6646   in FES: 5236
** Event #26112   t=3156   Elapsed: 274.390s (4m 34s)
     Speed:     ev/sec=657.76   simsec/sec=9.07845   ev/simsec=72.4528
     Messages:  created: 10622   present: 6595   in FES: 5239
** Event #31232   t=3218   Elapsed: 284.192s (4m 44s)
     Speed:     ev/sec=522.396   simsec/sec=6.32589   ev/simsec=82.5806
     Messages:  created: 11422   present: 6522   in FES: 5232
** Event #34560   t=3258   Elapsed: 351.146s (5m 51s)
     Speed:     ev/sec=49.7065   simsec/sec=0.597434   ev/simsec=83.2
     Messages:  created: 11944   present: 6480   in FES: 5234
** Event #43008   t=3366   Elapsed: 353.158s (5m 53s)
     Speed:     ev/sec=4198.81   simsec/sec=53.6779   ev/simsec=78.2222
     Messages:  created: 13264   present: 6377   in FES: 5233
** Event #49408   t=3448   Elapsed: 360.543s (6m 00s)
     Speed:     ev/sec=866.739   simsec/sec=11.1051   ev/simsec=78.0488
     Messages:  created: 14245   present: 6285   in FES: 5221
** Event #54784   t=3507   Elapsed: 372.687s (6m 12s)
     Speed:     ev/sec=442.724   simsec/sec=4.85877   ev/simsec=91.1186
     Messages:  created: 15072   present: 6233   in FES: 5226
** Event #63232   t=3604   Elapsed: 374.718s (6m 14s)
     Speed:     ev/sec=4161.58   simsec/sec=47.7833   ev/simsec=87.0928
     Messages:  created: 16366   present: 6135   in FES: 5228
** Event #71424   t=3714   Elapsed: 376.769s (6m 16s)
     Speed:     ev/sec=3994.15   simsec/sec=53.6324   ev/simsec=74.4727
     Messages:  created: 17607   present: 6021   in FES: 5230
** Event #73216   t=3738   Elapsed: 383.199s (6m 23s)
     Speed:     ev/sec=278.694   simsec/sec=3.7325   ev/simsec=74.6667
     Messages:  created: 17875   present: 5996   in FES: 5226
** Event #78336   t=3798   Elapsed: 396.346s (6m 36s)
     Speed:     ev/sec=389.472   simsec/sec=4.56413   ev/simsec=85.3333
     Messages:  created: 18657   present: 5930   in FES: 5215
** Event #86016   t=3894   Elapsed: 398.346s (6m 38s)
     Speed:     ev/sec=3840   simsec/sec=48   ev/simsec=80
     Messages:  created: 19825   present: 5834   in FES: 5213
** Event #89600   t=3944   Elapsed: 451.882s (7m 31s)
     Speed:     ev/sec=66.9469   simsec/sec=0.933968   ev/simsec=71.68
     Messages:  created: 20364   present: 5783   in FES: 5217
** Event #90624   t=3963   Elapsed: 494.388s (8m 14s)
     Speed:     ev/sec=24.0907   simsec/sec=0.446996   ev/simsec=53.8947
     Messages:  created: 20516   present: 5761   in FES: 5216
** Event #94720   t=4046   Elapsed: 517.281s (8m 37s)
     Speed:     ev/sec=178.927   simsec/sec=3.62572   ev/simsec=49.3494
     Messages:  created: 21126   present: 5675   in FES: 5204
** Event #94976   t=4052   Elapsed: 551.326s (9m 11s)
     Speed:     ev/sec=7.51968   simsec/sec=0.176243   ev/simsec=42.6667
     Messages:  created: 21157   present: 5666   in FES: 5186
** Event #96512   t=4085   Elapsed: 584.238s (9m 44s)
     Speed:     ev/sec=46.6713   simsec/sec=1.0027   ev/simsec=46.5455
     Messages:  created: 21367   present: 5664   in FES: 5189
** Event #100864   t=4145   Elapsed: 651.418s (10m 51s)
     Speed:     ev/sec=64.7812   simsec/sec=0.893123   ev/simsec=72.5333
     Messages:  created: 21974   present: 5667   in FES: 5208
** Event #107264   t=4249   Elapsed: 728.475s (12m 08s)
     Speed:     ev/sec=83.0565   simsec/sec=1.34967   ev/simsec=61.5385
     Messages:  created: 22868   present: 5654   in FES: 5201
** Event #107520   t=4252   Elapsed: 804.010s (13m 24s)
     Speed:     ev/sec=3.38916   simsec/sec=0.0397167   ev/simsec=85.3333
     Messages:  created: 22906   present: 5649   in FES: 5204
** Event #112128   t=4306   Elapsed: 882.707s (14m 42s)
     Speed:     ev/sec=58.5544   simsec/sec=0.686185   ev/simsec=85.3333
     Messages:  created: 23564   present: 5593   in FES: 5196
** Event #116480   t=4371   Elapsed: 922.786s (15m 22s)
     Speed:     ev/sec=108.586   simsec/sec=1.6218   ev/simsec=66.9538
     Messages:  created: 24201   present: 5517   in FES: 5168
** Event #118784   t=4433   Elapsed: 935.164s (15m 35s)
     Speed:     ev/sec=186.152   simsec/sec=5.00929   ev/simsec=37.1613
     Messages:  created: 24541   present: 5449   in FES: 5154
** Event #121088   t=4542   Elapsed: 947.389s (15m 47s)
     Speed:     ev/sec=188.466   simsec/sec=8.91616   ev/simsec=21.1376
     Messages:  created: 24870   present: 5331   in FES: 5143
** Event #130729   t=86400   Elapsed: 947.712s (15m 47s)
     Speed:     ev/sec=29845.2   simsec/sec=253430   ev/simsec=0.117765
     Messages:  created: 27713   present: 0   in FES: 0

<!> No more events, simulation completed -- at t=86400s, event #130729
