** Event #0   t=0   Elapsed: 0.000s (0m 00s)
     Speed:     ev/sec=0   simsec/sec=0   ev/simsec=0
     Messages:  created: 5450   present: 5450   in FES: 5450
** Event #768   t=0   Elapsed: 2.155s (0m 02s)
     Speed:     ev/sec=356.845   simsec/sec=0   ev/simsec=0
     Messages:  created: 6104   present: 6049   in FES: 5934
** Event #1792   t=2580   Elapsed: 52.923s (0m 52s)
     Speed:     ev/sec=20.1702   simsec/sec=50.8194   ev/simsec=0.396899
     Messages:  created: 6220   present: 5903   in FES: 5262
** Event #5120   t=2630   Elapsed: 94.065s (1m 34s)
     Speed:     ev/sec=80.8925   simsec/sec=1.21533   ev/simsec=66.56
     Messages:  created: 6716   present: 5844   in FES: 5256
** Event #8448   t=2680   Elapsed: 122.189s (2m 02s)
     Speed:     ev/sec=118.337   simsec/sec=1.7779   ev/simsec=66.56
     Messages:  created: 7222   present: 5795   in FES: 5270
** Event #9216   t=2692   Elapsed: 138.684s (2m 18s)
     Speed:     ev/sec=46.5596   simsec/sec=0.727493   ev/simsec=64
     Messages:  created: 7336   present: 5774   in FES: 5252
** Event #9472   t=2696   Elapsed: 173.001s (2m 53s)
     Speed:     ev/sec=7.45986   simsec/sec=0.11656   ev/simsec=64
     Messages:  created: 7375   present: 5769   in FES: 5250
** Event #14080   t=2766   Elapsed: 201.694s (3m 21s)
     Speed:     ev/sec=160.597   simsec/sec=2.43962   ev/simsec=65.8286
     Messages:  created: 8078   present: 5696   in FES: 5248
** Event #16384   t=2826   Elapsed: 204.171s (3m 24s)
     Speed:     ev/sec=930.533   simsec/sec=24.2326   ev/simsec=38.4
     Messages:  created: 8422   present: 5656   in FES: 5229
** Event #16896   t=2878   Elapsed: 207.990s (3m 27s)
     Speed:     ev/sec=134.067   simsec/sec=13.6161   ev/simsec=9.84615
     Messages:  created: 8501   present: 5655   in FES: 5235
** Event #17920   t=2935   Elapsed: 213.938s (3m 33s)
     Speed:     ev/sec=172.188   simsec/sec=9.58466   ev/simsec=17.9649
     Messages:  created: 8661   present: 5649   in FES: 5226
** Event #20224   t=3102   Elapsed: 271.112s (4m 31s)
     Speed:     ev/sec=40.298   simsec/sec=2.92091   ev/simsec=13.7964
     Messages:  created: 9018   present: 5642   in FES: 5236
** Event #28416   t=3239   Elapsed: 273.136s (4m 33s)
     Speed:     ev/sec=4049.43   simsec/sec=67.7212   ev/simsec=59.7956
     Messages:  created: 10286   present: 5500   in FES: 5226
** Event #29696   t=3261   Elapsed: 331.725s (5m 31s)
     Speed:     ev/sec=21.8475   simsec/sec=0.375504   ev/simsec=58.1818
     Messages:  created: 10481   present: 5477   in FES: 5223
** Event #36608   t=3380   Elapsed: 333.725s (5m 33s)
     Speed:     ev/sec=3456   simsec/sec=59.5   ev/simsec=58.084
     Messages:  created: 11553   present: 5353   in FES: 5220
** Event #50234   t=86400   Elapsed: 335.588s (5m 35s)
     Speed:     ev/sec=7317.4   simsec/sec=44586.5   ev/simsec=0.164117
     Messages:  created: 15025   present: 0   in FES: 0

<!> No more events, simulation completed -- at t=86400s, event #50234
