** Event #0   t=0   Elapsed: 0.000s (0m 00s)
     Speed:     ev/sec=0   simsec/sec=0   ev/simsec=0
     Messages:  created: 5450   present: 5450   in FES: 5450
** Event #2816   t=0   Elapsed: 2.232s (0m 02s)
     Speed:     ev/sec=1262.1   simsec/sec=0   ev/simsec=0
     Messages:  created: 8104   present: 8049   in FES: 7886
** Event #5632   t=2578   Elapsed: 53.740s (0m 53s)
     Speed:     ev/sec=54.6722   simsec/sec=50.0514   ev/simsec=1.09232
     Messages:  created: 8198   present: 7904   in FES: 5274
** Event #9216   t=2631   Elapsed: 94.509s (1m 34s)
     Speed:     ev/sec=87.9121   simsec/sec=1.30004   ev/simsec=67.6226
     Messages:  created: 8732   present: 7848   in FES: 5268
** Event #12288   t=2678   Elapsed: 122.345s (2m 02s)
     Speed:     ev/sec=110.361   simsec/sec=1.68846   ev/simsec=65.3617
     Messages:  created: 9196   present: 7792   in FES: 5254
** Event #13312   t=2693   Elapsed: 172.053s (2m 52s)
     Speed:     ev/sec=20.6007   simsec/sec=0.301768   ev/simsec=68.2667
     Messages:  created: 9352   present: 7778   in FES: 5262
** Event #17920   t=2763   Elapsed: 200.285s (3m 20s)
     Speed:     ev/sec=163.219   simsec/sec=2.47946   ev/simsec=65.8286
     Messages:  created: 10054   present: 7704   in FES: 5255
** Event #20224   t=2803   Elapsed: 202.728s (3m 22s)
     Speed:     ev/sec=943.489   simsec/sec=16.38   ev/simsec=57.6
     Messages:  created: 10400   present: 7657   in FES: 5231
** Event #20736   t=2870   Elapsed: 206.290s (3m 26s)
     Speed:     ev/sec=143.78   simsec/sec=18.8149   ev/simsec=7.64179
     Messages:  created: 10475   present: 7653   in FES: 5229
** Event #22016   t=2942   Elapsed: 211.988s (3m 31s)
     Speed:     ev/sec=224.64   simsec/sec=12.636   ev/simsec=17.7778
     Messages:  created: 10676   present: 7650   in FES: 5229
** Event #24320   t=3103   Elapsed: 267.773s (4m 27s)
     Speed:     ev/sec=41.3014   simsec/sec=2.88608   ev/simsec=14.3106
     Messages:  created: 11035   present: 7647   in FES: 5252
** Event #28160   t=3157   Elapsed: 273.573s (4m 33s)
     Speed:     ev/sec=662.183   simsec/sec=9.31195   ev/simsec=71.1111
     Messages:  created: 11631   present: 7591   in FES: 5245
** Event #33280   t=3218   Elapsed: 283.173s (4m 43s)
     Speed:     ev/sec=533.333   simsec/sec=6.35417   ev/simsec=83.9344
     Messages:  created: 12431   present: 7530   in FES: 5242
** Event #36608   t=3259   Elapsed: 349.704s (5m 49s)
     Speed:     ev/sec=50.0218   simsec/sec=0.616254   ev/simsec=81.1707
     Messages:  created: 12951   present: 7484   in FES: 5232
** Event #45568   t=3374   Elapsed: 351.742s (5m 51s)
     Speed:     ev/sec=4396.47   simsec/sec=56.4279   ev/simsec=77.913
     Messages:  created: 14350   present: 7360   in FES: 5225
** Event #51456   t=3448   Elapsed: 359.031s (5m 59s)
     Speed:     ev/sec=807.903   simsec/sec=10.1537   ev/simsec=79.5676
     Messages:  created: 15257   present: 7296   in FES: 5250
** Event #56832   t=3507   Elapsed: 371.112s (6m 11s)
     Speed:     ev/sec=445.033   simsec/sec=4.88411   ev/simsec=91.1186
     Messages:  created: 16081   present: 7230   in FES: 5238
** Event #65536   t=3608   Elapsed: 373.113s (6m 13s)
     Speed:     ev/sec=4349.83   simsec/sec=50.4748   ev/simsec=86.1782
     Messages:  created: 17414   present: 7131   in FES: 5240
** Event #73984   t=3722   Elapsed: 375.125s (6m 15s)
     Speed:     ev/sec=4198.81   simsec/sec=56.66   ev/simsec=74.1053
     Messages:  created: 18688   present: 7007   in FES: 5211
** Event #75264   t=3738   Elapsed: 381.176s (6m 21s)
     Speed:     ev/sec=211.57   simsec/sec=2.64463   ev/simsec=80
     Messages:  created: 18882   present: 7002   in FES: 5223
** Event #80128   t=3795   Elapsed: 394.071s (6m 34s)
     Speed:     ev/sec=377.2   simsec/sec=4.42032   ev/simsec=85.3333
     Messages:  created: 19626   present: 6940   in FES: 5217
** Event #88320   t=3898   Elapsed: 396.126s (6m 36s)
     Speed:     ev/sec=3986.37   simsec/sec=50.1217   ev/simsec=79.534
     Messages:  created: 20872   present: 6833   in FES: 5222
** Event #91904   t=3947   Elapsed: 460.481s (7m 40s)
     Speed:     ev/sec=55.6911   simsec/sec=0.761402   ev/simsec=73.1429
     Messages:  created: 21413   present: 6781   in FES: 5222
** Event #93184   t=3965   Elapsed: 514.247s (8m 34s)
     Speed:     ev/sec=23.8073   simsec/sec=0.33479   ev/simsec=71.1111
     Messages:  created: 21608   present: 6755   in FES: 5209
** Event #98816   t=4048   Elapsed: 576.678s (9m 36s)
     Speed:     ev/sec=90.2116   simsec/sec=1.32947   ev/simsec=67.8554
     Messages:  created: 22458   present: 6669   in FES: 5190
** Event #101120   t=4087   Elapsed: 609.278s (10m 09s)
     Speed:     ev/sec=70.677   simsec/sec=1.19636   ev/simsec=59.0769
     Messages:  created: 22792   present: 6669   in FES: 5208
** Event #105216   t=4144   Elapsed: 675.726s (11m 15s)
     Speed:     ev/sec=61.6431   simsec/sec=0.857827   ev/simsec=71.8596
     Messages:  created: 23360   present: 6663   in FES: 5196
** Event #112640   t=4247   Elapsed: 713.497s (11m 53s)
     Speed:     ev/sec=196.553   simsec/sec=2.72696   ev/simsec=72.0777
     Messages:  created: 24409   present: 6654   in FES: 5195
** Event #112896   t=4249   Elapsed: 763.346s (12m 43s)
     Speed:     ev/sec=5.13561   simsec/sec=0.040122   ev/simsec=128
     Messages:  created: 24448   present: 6660   in FES: 5211
** Event #113152   t=4252   Elapsed: 848.645s (14m 08s)
     Speed:     ev/sec=3.00121   simsec/sec=0.0351704   ev/simsec=85.3333
     Messages:  created: 24483   present: 6644   in FES: 5192
** Event #118272   t=4305   Elapsed: 924.666s (15m 24s)
     Speed:     ev/sec=67.3507   simsec/sec=0.697185   ev/simsec=96.6038
     Messages:  created: 25221   present: 6583   in FES: 5167
** Event #123392   t=4370   Elapsed: 985.027s (16m 25s)
     Speed:     ev/sec=84.823   simsec/sec=1.07685   ev/simsec=78.7692
     Messages:  created: 25976   present: 6520   in FES: 5163
** Event #127488   t=4437   Elapsed: 1024.784s (17m 04s)
     Speed:     ev/sec=103.028   simsec/sec=1.68528   ev/simsec=61.1343
     Messages:  created: 26576   present: 6444   in FES: 5155
** Event #130560   t=4548   Elapsed: 1037.131s (17m 17s)
     Speed:     ev/sec=248.805   simsec/sec=8.99004   ev/simsec=27.6757
     Messages:  created: 27027   present: 6325   in FES: 5144
** Event #135168   t=7795   Elapsed: 1077.784s (17m 57s)
     Speed:     ev/sec=113.352   simsec/sec=79.8731   ev/simsec=1.41916
     Messages:  created: 27795   present: 5829   in FES: 4931
** Event #138240   t=7845   Elapsed: 1115.417s (18m 35s)
     Speed:     ev/sec=81.6305   simsec/sec=1.32862   ev/simsec=61.44
     Messages:  created: 28247   present: 5780   in FES: 4932
** Event #141568   t=7895   Elapsed: 1141.428s (19m 01s)
     Speed:     ev/sec=127.946   simsec/sec=1.92226   ev/simsec=66.56
     Messages:  created: 28752   present: 5725   in FES: 4934
** Event #147200   t=7979   Elapsed: 1167.834s (19m 27s)
     Speed:     ev/sec=213.293   simsec/sec=3.18122   ev/simsec=67.0476
     Messages:  created: 29599   present: 5641   in FES: 4933
** Event #149504   t=8014   Elapsed: 1170.149s (19m 30s)
     Speed:     ev/sec=995.248   simsec/sec=15.1188   ev/simsec=65.8286
     Messages:  created: 29940   present: 5594   in FES: 4912
** Event #150016   t=8083   Elapsed: 1173.444s (19m 33s)
     Speed:     ev/sec=155.434   simsec/sec=20.9472   ev/simsec=7.42029
     Messages:  created: 30015   present: 5592   in FES: 4911
** Event #151296   t=8155   Elapsed: 1178.739s (19m 38s)
     Speed:     ev/sec=241.737   simsec/sec=13.5977   ev/simsec=17.7778
     Messages:  created: 30216   present: 5587   in FES: 4908
** Event #153600   t=8318   Elapsed: 1230.735s (20m 30s)
     Speed:     ev/sec=44.3111   simsec/sec=3.13486   ev/simsec=14.135
     Messages:  created: 30572   present: 5569   in FES: 4910
** Event #157696   t=8375   Elapsed: 1236.049s (20m 36s)
     Speed:     ev/sec=770.939   simsec/sec=10.7284   ev/simsec=71.8596
     Messages:  created: 31209   present: 5514   in FES: 4914
** Event #162560   t=8433   Elapsed: 1244.763s (20m 44s)
     Speed:     ev/sec=558.246   simsec/sec=6.65672   ev/simsec=83.8621
     Messages:  created: 31972   present: 5458   in FES: 4928
** Event #165888   t=8473   Elapsed: 1297.146s (21m 37s)
     Speed:     ev/sec=63.5321   simsec/sec=0.763607   ev/simsec=83.2
     Messages:  created: 32493   present: 5415   in FES: 4925
** Event #174848   t=8608   Elapsed: 1299.155s (21m 39s)
     Speed:     ev/sec=4459.93   simsec/sec=67.1976   ev/simsec=66.3704
     Messages:  created: 33888   present: 5276   in FES: 4906
** Event #183808   t=8759   Elapsed: 1301.182s (21m 41s)
     Speed:     ev/sec=4422.51   simsec/sec=74.5311   ev/simsec=59.3377
     Messages:  created: 35251   present: 5121   in FES: 4905
** Event #192768   t=8916   Elapsed: 1303.208s (21m 43s)
     Speed:     ev/sec=4422.51   simsec/sec=77.4926   ev/simsec=57.0701
     Messages:  created: 36596   present: 4961   in FES: 4895
** Event #201720   t=86400   Elapsed: 1303.824s (21m 43s)
     Speed:     ev/sec=14554.5   simsec/sec=125990   ev/simsec=0.115521
     Messages:  created: 39251   present: 0   in FES: 0

<!> No more events, simulation completed -- at t=86400s, event #201720
