** Event #0   t=0   Elapsed: 0.000s (0m 00s)
     Speed:     ev/sec=0   simsec/sec=0   ev/simsec=0
     Messages:  created: 5450   present: 5450   in FES: 5450
** Event #768   t=0   Elapsed: 2.137s (0m 02s)
     Speed:     ev/sec=359.85   simsec/sec=0   ev/simsec=0
     Messages:  created: 6104   present: 6049   in FES: 5934
** Event #1792   t=2580   Elapsed: 53.852s (0m 53s)
     Speed:     ev/sec=19.8012   simsec/sec=49.8898   ev/simsec=0.396899
     Messages:  created: 6220   present: 5903   in FES: 5262
** Event #5120   t=2630   Elapsed: 94.427s (1m 34s)
     Speed:     ev/sec=82.0209   simsec/sec=1.23229   ev/simsec=66.56
     Messages:  created: 6716   present: 5844   in FES: 5256
** Event #8448   t=2680   Elapsed: 125.764s (2m 05s)
     Speed:     ev/sec=106.2   simsec/sec=1.59556   ev/simsec=66.56
     Messages:  created: 7222   present: 5795   in FES: 5270
** Event #9216   t=2692   Elapsed: 142.453s (2m 22s)
     Speed:     ev/sec=46.0211   simsec/sec=0.71908   ev/simsec=64
     Messages:  created: 7336   present: 5774   in FES: 5252
** Event #9472   t=2696   Elapsed: 178.491s (2m 58s)
     Speed:     ev/sec=7.10361   simsec/sec=0.110994   ev/simsec=64
     Messages:  created: 7375   present: 5769   in FES: 5250
** Event #14080   t=2766   Elapsed: 207.795s (3m 27s)
     Speed:     ev/sec=157.248   simsec/sec=2.38875   ev/simsec=65.8286
     Messages:  created: 8078   present: 5696   in FES: 5248
** Event #16384   t=2826   Elapsed: 210.260s (3m 30s)
     Speed:     ev/sec=934.686   simsec/sec=24.3408   ev/simsec=38.4
     Messages:  created: 8422   present: 5656   in FES: 5229
** Event #16896   t=2878   Elapsed: 213.845s (3m 33s)
     Speed:     ev/sec=142.857   simsec/sec=14.5089   ev/simsec=9.84615
     Messages:  created: 8501   present: 5655   in FES: 5235
** Event #17920   t=2935   Elapsed: 219.534s (3m 39s)
     Speed:     ev/sec=180.028   simsec/sec=10.0211   ev/simsec=17.9649
     Messages:  created: 8661   present: 5649   in FES: 5226
** Event #20224   t=3102   Elapsed: 276.699s (4m 36s)
     Speed:     ev/sec=40.3051   simsec/sec=2.92142   ev/simsec=13.7964
     Messages:  created: 9018   present: 5642   in FES: 5236
** Event #28416   t=3239   Elapsed: 278.746s (4m 38s)
     Speed:     ev/sec=4001.95   simsec/sec=66.9272   ev/simsec=59.7956
     Messages:  created: 10286   present: 5500   in FES: 5226
** Event #29696   t=3261   Elapsed: 335.883s (5m 35s)
     Speed:     ev/sec=22.4027   simsec/sec=0.385046   ev/simsec=58.1818
     Messages:  created: 10481   present: 5477   in FES: 5223
** Event #37120   t=3389   Elapsed: 337.932s (5m 37s)
     Speed:     ev/sec=3623.23   simsec/sec=62.4695   ev/simsec=58
     Messages:  created: 11633   present: 5349   in FES: 5223
** Event #50234   t=86400   Elapsed: 339.597s (5m 39s)
     Speed:     ev/sec=7875.68   simsec/sec=49856.5   ev/simsec=0.157967
     Messages:  created: 15025   present: 0   in FES: 0

<!> No more events, simulation completed -- at t=86400s, event #50234
