** Event #0   t=0   Elapsed: 0.000s (0m 00s)
     Speed:     ev/sec=0   simsec/sec=0   ev/simsec=0
     Messages:  created: 5450   present: 5450   in FES: 5450
** Event #768   t=0   Elapsed: 2.237s (0m 02s)
     Speed:     ev/sec=343.764   simsec/sec=0   ev/simsec=0
     Messages:  created: 6104   present: 6049   in FES: 5934
** Event #1792   t=2580   Elapsed: 54.689s (0m 54s)
     Speed:     ev/sec=19.523   simsec/sec=49.1888   ev/simsec=0.396899
     Messages:  created: 6220   present: 5903   in FES: 5262
** Event #5120   t=2630   Elapsed: 96.284s (1m 36s)
     Speed:     ev/sec=80.0096   simsec/sec=1.20207   ev/simsec=66.56
     Messages:  created: 6716   present: 5844   in FES: 5256
** Event #8448   t=2680   Elapsed: 124.341s (2m 04s)
     Speed:     ev/sec=118.616   simsec/sec=1.78209   ev/simsec=66.56
     Messages:  created: 7222   present: 5795   in FES: 5270
** Event #9216   t=2692   Elapsed: 141.364s (2m 21s)
     Speed:     ev/sec=45.1181   simsec/sec=0.70497   ev/simsec=64
     Messages:  created: 7336   present: 5774   in FES: 5252
** Event #9472   t=2696   Elapsed: 175.539s (2m 55s)
     Speed:     ev/sec=7.49086   simsec/sec=0.117045   ev/simsec=64
     Messages:  created: 7375   present: 5769   in FES: 5250
** Event #14080   t=2766   Elapsed: 204.799s (3m 24s)
     Speed:     ev/sec=157.49   simsec/sec=2.39243   ev/simsec=65.8286
     Messages:  created: 8078   present: 5696   in FES: 5248
** Event #16384   t=2826   Elapsed: 207.248s (3m 27s)
     Speed:     ev/sec=941.176   simsec/sec=24.5098   ev/simsec=38.4
     Messages:  created: 8422   present: 5656   in FES: 5229
** Event #16896   t=2878   Elapsed: 210.832s (3m 30s)
     Speed:     ev/sec=142.857   simsec/sec=14.5089   ev/simsec=9.84615
     Messages:  created: 8501   present: 5655   in FES: 5235
** Event #17920   t=2935   Elapsed: 216.615s (3m 36s)
     Speed:     ev/sec=177.071   simsec/sec=9.85648   ev/simsec=17.9649
     Messages:  created: 8661   present: 5649   in FES: 5226
** Event #20224   t=3102   Elapsed: 274.347s (4m 34s)
     Speed:     ev/sec=39.9092   simsec/sec=2.89273   ev/simsec=13.7964
     Messages:  created: 9018   present: 5642   in FES: 5236
** Event #27648   t=3226   Elapsed: 276.389s (4m 36s)
     Speed:     ev/sec=3637.43   simsec/sec=60.7545   ev/simsec=59.871
     Messages:  created: 10169   present: 5513   in FES: 5226
** Event #29696   t=3261   Elapsed: 334.705s (5m 34s)
     Speed:     ev/sec=35.119   simsec/sec=0.600178   ev/simsec=58.5143
     Messages:  created: 10481   present: 5477   in FES: 5223
** Event #37632   t=3397   Elapsed: 336.740s (5m 36s)
     Speed:     ev/sec=3899.75   simsec/sec=66.8305   ev/simsec=58.3529
     Messages:  created: 11715   present: 5343   in FES: 5236
** Event #50234   t=86400   Elapsed: 338.428s (5m 38s)
     Speed:     ev/sec=7465.05   simsec/sec=49172.4   ev/simsec=0.151814
     Messages:  created: 15025   present: 0   in FES: 0

<!> No more events, simulation completed -- at t=86400s, event #50234
