** Event #0   t=0   Elapsed: 0.000s (0m 00s)
     Speed:     ev/sec=0   simsec/sec=0   ev/simsec=0
     Messages:  created: 5450   present: 5450   in FES: 5450
** Event #1792   t=0   Elapsed: 2.168s (0m 02s)
     Speed:     ev/sec=827.03   simsec/sec=0   ev/simsec=0
     Messages:  created: 7104   present: 7049   in FES: 6910
** Event #3584   t=2577   Elapsed: 52.862s (0m 52s)
     Speed:     ev/sec=35.3494   simsec/sec=50.8344   ev/simsec=0.695382
     Messages:  created: 7189   present: 6906   in FES: 5261
** Event #7168   t=2631   Elapsed: 94.329s (1m 34s)
     Speed:     ev/sec=86.4302   simsec/sec=1.30224   ev/simsec=66.3704
     Messages:  created: 7722   present: 6841   in FES: 5250
** Event #10240   t=2677   Elapsed: 122.203s (2m 02s)
     Speed:     ev/sec=110.21   simsec/sec=1.65028   ev/simsec=66.7826
     Messages:  created: 8190   present: 6797   in FES: 5268
** Event #11264   t=2693   Elapsed: 172.109s (2m 52s)
     Speed:     ev/sec=20.5186   simsec/sec=0.320603   ev/simsec=64
     Messages:  created: 8342   present: 6770   in FES: 5245
** Event #16128   t=2767   Elapsed: 200.508s (3m 20s)
     Speed:     ev/sec=171.28   simsec/sec=2.60582   ev/simsec=65.7297
     Messages:  created: 9084   present: 6696   in FES: 5245
** Event #18432   t=2832   Elapsed: 202.987s (3m 22s)
     Speed:     ev/sec=929.782   simsec/sec=26.2308   ev/simsec=35.4462
     Messages:  created: 9429   present: 6657   in FES: 5230
** Event #18688   t=2867   Elapsed: 206.704s (3m 26s)
     Speed:     ev/sec=68.8727   simsec/sec=9.4162   ev/simsec=7.31429
     Messages:  created: 9468   present: 6655   in FES: 5232
** Event #19968   t=2939   Elapsed: 212.502s (3m 32s)
     Speed:     ev/sec=220.804   simsec/sec=12.4202   ev/simsec=17.7778
     Messages:  created: 9668   present: 6649   in FES: 5225
** Event #22272   t=3103   Elapsed: 268.571s (4m 28s)
     Speed:     ev/sec=41.0922   simsec/sec=2.92497   ev/simsec=14.0488
     Messages:  created: 10025   present: 6646   in FES: 5236
** Event #26112   t=3156   Elapsed: 274.453s (4m 34s)
     Speed:     ev/sec=652.95   simsec/sec=9.01207   ev/simsec=72.4528
     Messages:  created: 10622   present: 6595   in FES: 5239
** Event #31232   t=3218   Elapsed: 284.127s (4m 44s)
     Speed:     ev/sec=529.254   simsec/sec=6.40893   ev/simsec=82.5806
     Messages:  created: 11422   present: 6522   in FES: 5232
** Event #34560   t=3258   Elapsed: 350.954s (5m 50s)
     Speed:     ev/sec=49.8002   simsec/sec=0.59856   ev/simsec=83.2
     Messages:  created: 11944   present: 6480   in FES: 5234
** Event #43008   t=3366   Elapsed: 352.992s (5m 52s)
     Speed:     ev/sec=4147.28   simsec/sec=53.0191   ev/simsec=78.2222
     Messages:  created: 13264   present: 6377   in FES: 5233
** Event #49408   t=3448   Elapsed: 360.495s (6m 00s)
     Speed:     ev/sec=853.106   simsec/sec=10.9304   ev/simsec=78.0488
     Messages:  created: 14245   present: 6285   in FES: 5221
** Event #54784   t=3507   Elapsed: 372.733s (6m 12s)
     Speed:     ev/sec=439.323   simsec/sec=4.82144   ev/simsec=91.1186
     Messages:  created: 15072   present: 6233   in FES: 5226
** Event #62976   t=3601   Elapsed: 374.778s (6m 14s)
     Speed:     ev/sec=4005.87   simsec/sec=45.9658   ev/simsec=87.1489
     Messages:  created: 16329   present: 6137   in FES: 5240
** Event #70656   t=3704   Elapsed: 376.795s (6m 16s)
     Speed:     ev/sec=3807.64   simsec/sec=51.0659   ev/simsec=74.5631
     Messages:  created: 17491   present: 6026   in FES: 5215
** Event #73216   t=3738   Elapsed: 383.295s (6m 23s)
     Speed:     ev/sec=393.846   simsec/sec=5.23077   ev/simsec=75.2941
     Messages:  created: 17875   present: 5996   in FES: 5226
** Event #78336   t=3798   Elapsed: 396.336s (6m 36s)
     Speed:     ev/sec=392.638   simsec/sec=4.60123   ev/simsec=85.3333
     Messages:  created: 18657   present: 5930   in FES: 5215
** Event #86016   t=3894   Elapsed: 398.379s (6m 38s)
     Speed:     ev/sec=3761.02   simsec/sec=47.0127   ev/simsec=80
     Messages:  created: 19825   present: 5834   in FES: 5213
** Event #89600   t=3944   Elapsed: 453.634s (7m 33s)
     Speed:     ev/sec=64.8641   simsec/sec=0.904912   ev/simsec=71.68
     Messages:  created: 20364   present: 5783   in FES: 5217
** Event #90624   t=3963   Elapsed: 496.372s (8m 16s)
     Speed:     ev/sec=23.9599   simsec/sec=0.444569   ev/simsec=53.8947
     Messages:  created: 20516   present: 5761   in FES: 5216
** Event #94720   t=4046   Elapsed: 519.652s (8m 39s)
     Speed:     ev/sec=175.953   simsec/sec=3.56545   ev/simsec=49.3494
     Messages:  created: 21126   present: 5675   in FES: 5204
** Event #94976   t=4052   Elapsed: 553.583s (9m 13s)
     Speed:     ev/sec=7.54472   simsec/sec=0.176829   ev/simsec=42.6667
     Messages:  created: 21157   present: 5666   in FES: 5186
** Event #96512   t=4085   Elapsed: 586.214s (9m 46s)
     Speed:     ev/sec=47.0718   simsec/sec=1.01131   ev/simsec=46.5455
     Messages:  created: 21367   present: 5664   in FES: 5189
** Event #100864   t=4145   Elapsed: 652.916s (10m 52s)
     Speed:     ev/sec=65.2464   simsec/sec=0.899537   ev/simsec=72.5333
     Messages:  created: 21974   present: 5667   in FES: 5208
** Event #107264   t=4249   Elapsed: 730.742s (12m 10s)
     Speed:     ev/sec=82.2358   simsec/sec=1.33633   ev/simsec=61.5385
     Messages:  created: 22868   present: 5654   in FES: 5201
** Event #107520   t=4252   Elapsed: 805.614s (13m 25s)
     Speed:     ev/sec=3.41921   simsec/sec=0.0400689   ev/simsec=85.3333
     Messages:  created: 22906   present: 5649   in FES: 5204
** Event #112128   t=4306   Elapsed: 881.711s (14m 41s)
     Speed:     ev/sec=60.5551   simsec/sec=0.70963   ev/simsec=85.3333
     Messages:  created: 23564   present: 5593   in FES: 5196
** Event #116480   t=4371   Elapsed: 923.372s (15m 23s)
     Speed:     ev/sec=104.462   simsec/sec=1.56021   ev/simsec=66.9538
     Messages:  created: 24201   present: 5517   in FES: 5168
** Event #118784   t=4433   Elapsed: 937.449s (15m 37s)
     Speed:     ev/sec=163.683   simsec/sec=4.40466   ev/simsec=37.1613
     Messages:  created: 24541   present: 5449   in FES: 5154
** Event #121088   t=4542   Elapsed: 949.935s (15m 49s)
     Speed:     ev/sec=184.541   simsec/sec=8.73048   ev/simsec=21.1376
     Messages:  created: 24870   present: 5331   in FES: 5143
** Event #130729   t=86400   Elapsed: 950.251s (15m 50s)
     Speed:     ev/sec=30506.3   simsec/sec=259044   ev/simsec=0.117765
     Messages:  created: 27713   present: 0   in FES: 0

<!> No more events, simulation completed -- at t=86400s, event #130729
