** Event #0   t=0   Elapsed: 0.000s (0m 00s)
     Speed:     ev/sec=0   simsec/sec=0   ev/simsec=0
     Messages:  created: 5450   present: 5450   in FES: 5450
** Event #1280   t=0   Elapsed: 2.146s (0m 02s)
     Speed:     ev/sec=596.925   simsec/sec=0   ev/simsec=0
     Messages:  created: 6604   present: 6549   in FES: 6422
** Event #2560   t=2577   Elapsed: 25.133s (0m 25s)
     Speed:     ev/sec=55.6861   simsec/sec=112.112   ev/simsec=0.496702
     Messages:  created: 6685   present: 6402   in FES: 5253
** Event #2816   t=2581   Elapsed: 55.630s (0m 55s)
     Speed:     ev/sec=8.39427   simsec/sec=0.13116   ev/simsec=64
     Messages:  created: 6724   present: 6397   in FES: 5260
** Event #6144   t=2630   Elapsed: 99.344s (1m 39s)
     Speed:     ev/sec=76.1312   simsec/sec=1.12092   ev/simsec=67.9184
     Messages:  created: 7222   present: 6350   in FES: 5274
** Event #9472   t=2681   Elapsed: 128.752s (2m 08s)
     Speed:     ev/sec=113.17   simsec/sec=1.73428   ev/simsec=65.2549
     Messages:  created: 7722   present: 6285   in FES: 5246
** Event #10240   t=2692   Elapsed: 179.299s (2m 59s)
     Speed:     ev/sec=15.1941   simsec/sec=0.217624   ev/simsec=69.8182
     Messages:  created: 7842   present: 6280   in FES: 5269
** Event #15104   t=2766   Elapsed: 209.400s (3m 29s)
     Speed:     ev/sec=161.589   simsec/sec=2.45839   ev/simsec=65.7297
     Messages:  created: 8584   present: 6202   in FES: 5266
** Event #17408   t=2829   Elapsed: 211.914s (3m 31s)
     Speed:     ev/sec=916.832   simsec/sec=25.0696   ev/simsec=36.5714
     Messages:  created: 8926   present: 6157   in FES: 5231
** Event #17920   t=2879   Elapsed: 215.716s (3m 35s)
     Speed:     ev/sec=134.701   simsec/sec=13.1544   ev/simsec=10.24
     Messages:  created: 9004   present: 6155   in FES: 5231
** Event #18944   t=2937   Elapsed: 221.618s (3m 41s)
     Speed:     ev/sec=173.53   simsec/sec=9.82884   ev/simsec=17.6552
     Messages:  created: 9165   present: 6149   in FES: 5226
** Event #21248   t=3102   Elapsed: 280.222s (4m 40s)
     Speed:     ev/sec=39.3147   simsec/sec=2.81551   ev/simsec=13.9636
     Messages:  created: 9524   present: 6148   in FES: 5252
** Event #25344   t=3159   Elapsed: 286.398s (4m 46s)
     Speed:     ev/sec=663.32   simsec/sec=9.23077   ev/simsec=71.8596
     Messages:  created: 10161   present: 6092   in FES: 5255
** Event #30208   t=3218   Elapsed: 296.621s (4m 56s)
     Speed:     ev/sec=475.836   simsec/sec=5.77186   ev/simsec=82.4407
     Messages:  created: 10918   present: 6026   in FES: 5231
** Event #33536   t=3258   Elapsed: 365.551s (6m 05s)
     Speed:     ev/sec=48.2816   simsec/sec=0.580307   ev/simsec=83.2
     Messages:  created: 11438   present: 5975   in FES: 5222
** Event #41216   t=3356   Elapsed: 367.555s (6m 07s)
     Speed:     ev/sec=3834.25   simsec/sec=48.9266   ev/simsec=78.3673
     Messages:  created: 12643   present: 5886   in FES: 5246
** Event #48384   t=3447   Elapsed: 375.304s (6m 15s)
     Speed:     ev/sec=925.023   simsec/sec=11.7435   ev/simsec=78.7692
     Messages:  created: 13744   present: 5798   in FES: 5238
** Event #57088   t=3553   Elapsed: 377.321s (6m 17s)
     Speed:     ev/sec=4315.32   simsec/sec=52.5533   ev/simsec=82.1132
     Messages:  created: 15070   present: 5685   in FES: 5235
** Event #65280   t=3695   Elapsed: 379.358s (6m 19s)
     Speed:     ev/sec=4023.58   simsec/sec=69.7446   ev/simsec=57.6901
     Messages:  created: 16299   present: 5540   in FES: 5219
** Event #73472   t=3846   Elapsed: 381.387s (6m 21s)
     Speed:     ev/sec=4039.45   simsec/sec=74.4576   ev/simsec=54.2517
     Messages:  created: 17507   present: 5380   in FES: 5204
** Event #79104   t=3948   Elapsed: 435.418s (7m 15s)
     Speed:     ev/sec=104.236   simsec/sec=1.88781   ev/simsec=55.2157
     Messages:  created: 18329   present: 5280   in FES: 5218
** Event #79872   t=3962   Elapsed: 477.840s (7m 57s)
     Speed:     ev/sec=18.1038   simsec/sec=0.330017   ev/simsec=54.8571
     Messages:  created: 18441   present: 5261   in FES: 5207
** Event #88521   t=86400   Elapsed: 478.353s (7m 58s)
     Speed:     ev/sec=16890.6   simsec/sec=161012   ev/simsec=0.104903
     Messages:  created: 21137   present: 0   in FES: 0

<!> No more events, simulation completed -- at t=86400s, event #88521
