** Event #0   t=0   Elapsed: 0.000s (0m 00s)
     Speed:     ev/sec=0   simsec/sec=0   ev/simsec=0
     Messages:  created: 5450   present: 5450   in FES: 5450
** Event #768   t=0   Elapsed: 2.128s (0m 02s)
     Speed:     ev/sec=361.372   simsec/sec=0   ev/simsec=0
     Messages:  created: 6104   present: 6049   in FES: 5934
** Event #1792   t=2580   Elapsed: 52.399s (0m 52s)
     Speed:     ev/sec=20.3696   simsec/sec=51.3218   ev/simsec=0.396899
     Messages:  created: 6220   present: 5903   in FES: 5262
** Event #5120   t=2630   Elapsed: 93.241s (1m 33s)
     Speed:     ev/sec=81.4867   simsec/sec=1.22426   ev/simsec=66.56
     Messages:  created: 6716   present: 5844   in FES: 5256
** Event #8448   t=2680   Elapsed: 121.830s (2m 01s)
     Speed:     ev/sec=116.408   simsec/sec=1.74892   ev/simsec=66.56
     Messages:  created: 7222   present: 5795   in FES: 5270
** Event #9216   t=2692   Elapsed: 138.583s (2m 18s)
     Speed:     ev/sec=45.8453   simsec/sec=0.716332   ev/simsec=64
     Messages:  created: 7336   present: 5774   in FES: 5252
** Event #9472   t=2696   Elapsed: 172.189s (2m 52s)
     Speed:     ev/sec=7.61769   simsec/sec=0.119026   ev/simsec=64
     Messages:  created: 7375   present: 5769   in FES: 5250
** Event #14080   t=2766   Elapsed: 200.691s (3m 20s)
     Speed:     ev/sec=161.679   simsec/sec=2.45605   ev/simsec=65.8286
     Messages:  created: 8078   present: 5696   in FES: 5248
** Event #16384   t=2826   Elapsed: 203.175s (3m 23s)
     Speed:     ev/sec=927.536   simsec/sec=24.1546   ev/simsec=38.4
     Messages:  created: 8422   present: 5656   in FES: 5229
** Event #16896   t=2878   Elapsed: 206.789s (3m 26s)
     Speed:     ev/sec=141.671   simsec/sec=14.3885   ev/simsec=9.84615
     Messages:  created: 8501   present: 5655   in FES: 5235
** Event #17920   t=2935   Elapsed: 212.588s (3m 32s)
     Speed:     ev/sec=176.613   simsec/sec=9.83098   ev/simsec=17.9649
     Messages:  created: 8661   present: 5649   in FES: 5226
** Event #20224   t=3102   Elapsed: 268.764s (4m 28s)
     Speed:     ev/sec=41.0147   simsec/sec=2.97285   ev/simsec=13.7964
     Messages:  created: 9018   present: 5642   in FES: 5236
** Event #28672   t=3243   Elapsed: 270.807s (4m 30s)
     Speed:     ev/sec=4135.1   simsec/sec=69.0162   ev/simsec=59.9149
     Messages:  created: 10327   present: 5501   in FES: 5240
** Event #29696   t=3261   Elapsed: 326.647s (5m 26s)
     Speed:     ev/sec=18.3384   simsec/sec=0.322355   ev/simsec=56.8889
     Messages:  created: 10481   present: 5477   in FES: 5223
** Event #37632   t=3397   Elapsed: 328.656s (5m 28s)
     Speed:     ev/sec=3950.22   simsec/sec=67.6954   ev/simsec=58.3529
     Messages:  created: 11715   present: 5343   in FES: 5236
** Event #50234   t=86400   Elapsed: 330.155s (5m 30s)
     Speed:     ev/sec=8406.27   simsec/sec=55372.2   ev/simsec=0.151814
     Messages:  created: 15025   present: 0   in FES: 0

<!> No more events, simulation completed -- at t=86400s, event #50234
