** Event #0   t=0   Elapsed: 0.000s (0m 00s)
     Speed:     ev/sec=0   simsec/sec=0   ev/simsec=0
     Messages:  created: 5450   present: 5450   in FES: 5450
** Event #1792   t=0   Elapsed: 2.163s (0m 02s)
     Speed:     ev/sec=828.941   simsec/sec=0   ev/simsec=0
     Messages:  created: 7104   present: 7049   in FES: 6910
** Event #3584   t=2577   Elapsed: 52.609s (0m 52s)
     Speed:     ev/sec=35.5231   simsec/sec=51.0843   ev/simsec=0.695382
     Messages:  created: 7189   present: 6906   in FES: 5261
** Event #7168   t=2631   Elapsed: 93.798s (1m 33s)
     Speed:     ev/sec=87.0135   simsec/sec=1.31103   ev/simsec=66.3704
     Messages:  created: 7722   present: 6841   in FES: 5250
** Event #10240   t=2677   Elapsed: 121.449s (2m 01s)
     Speed:     ev/sec=111.103   simsec/sec=1.66365   ev/simsec=66.7826
     Messages:  created: 8190   present: 6797   in FES: 5268
** Event #11264   t=2693   Elapsed: 171.019s (2m 51s)
     Speed:     ev/sec=20.6577   simsec/sec=0.322776   ev/simsec=64
     Messages:  created: 8342   present: 6770   in FES: 5245
** Event #16128   t=2767   Elapsed: 199.291s (3m 19s)
     Speed:     ev/sec=172.049   simsec/sec=2.61752   ev/simsec=65.7297
     Messages:  created: 9084   present: 6696   in FES: 5245
** Event #18432   t=2832   Elapsed: 201.736s (3m 21s)
     Speed:     ev/sec=942.331   simsec/sec=26.5849   ev/simsec=35.4462
     Messages:  created: 9429   present: 6657   in FES: 5230
** Event #18688   t=2867   Elapsed: 205.269s (3m 25s)
     Speed:     ev/sec=72.4802   simsec/sec=9.9094   ev/simsec=7.31429
     Messages:  created: 9468   present: 6655   in FES: 5232
** Event #19968   t=2939   Elapsed: 211.044s (3m 31s)
     Speed:     ev/sec=221.645   simsec/sec=12.4675   ev/simsec=17.7778
     Messages:  created: 9668   present: 6649   in FES: 5225
** Event #22272   t=3103   Elapsed: 266.705s (4m 26s)
     Speed:     ev/sec=41.3942   simsec/sec=2.94646   ev/simsec=14.0488
     Messages:  created: 10025   present: 6646   in FES: 5236
** Event #26112   t=3156   Elapsed: 272.542s (4m 32s)
     Speed:     ev/sec=657.985   simsec/sec=9.08156   ev/simsec=72.4528
     Messages:  created: 10622   present: 6595   in FES: 5239
** Event #31232   t=3218   Elapsed: 282.135s (4m 42s)
     Speed:     ev/sec=533.723   simsec/sec=6.46305   ev/simsec=82.5806
     Messages:  created: 11422   present: 6522   in FES: 5232
** Event #34560   t=3258   Elapsed: 348.320s (5m 48s)
     Speed:     ev/sec=50.2833   simsec/sec=0.604367   ev/simsec=83.2
     Messages:  created: 11944   present: 6480   in FES: 5234
** Event #43008   t=3366   Elapsed: 350.340s (5m 50s)
     Speed:     ev/sec=4182.18   simsec/sec=53.4653   ev/simsec=78.2222
     Messages:  created: 13264   present: 6377   in FES: 5233
** Event #49408   t=3448   Elapsed: 357.723s (5m 57s)
     Speed:     ev/sec=866.974   simsec/sec=11.1081   ev/simsec=78.0488
     Messages:  created: 14245   present: 6285   in FES: 5221
** Event #54784   t=3507   Elapsed: 369.765s (6m 09s)
     Speed:     ev/sec=446.437   simsec/sec=4.89952   ev/simsec=91.1186
     Messages:  created: 15072   present: 6233   in FES: 5226
** Event #63232   t=3604   Elapsed: 371.807s (6m 11s)
     Speed:     ev/sec=4139.15   simsec/sec=47.5257   ev/simsec=87.0928
     Messages:  created: 16366   present: 6135   in FES: 5228
** Event #71424   t=3714   Elapsed: 373.869s (6m 13s)
     Speed:     ev/sec=3972.84   simsec/sec=53.3463   ev/simsec=74.4727
     Messages:  created: 17607   present: 6021   in FES: 5230
** Event #73216   t=3738   Elapsed: 380.054s (6m 20s)
     Speed:     ev/sec=289.733   simsec/sec=3.88036   ev/simsec=74.6667
     Messages:  created: 17875   present: 5996   in FES: 5226
** Event #78336   t=3798   Elapsed: 392.931s (6m 32s)
     Speed:     ev/sec=397.639   simsec/sec=4.65983   ev/simsec=85.3333
     Messages:  created: 18657   present: 5930   in FES: 5215
** Event #86016   t=3894   Elapsed: 394.939s (6m 34s)
     Speed:     ev/sec=3824.7   simsec/sec=47.8088   ev/simsec=80
     Messages:  created: 19825   present: 5834   in FES: 5213
** Event #89600   t=3944   Elapsed: 447.496s (7m 27s)
     Speed:     ev/sec=68.1939   simsec/sec=0.951366   ev/simsec=71.68
     Messages:  created: 20364   present: 5783   in FES: 5217
** Event #90624   t=3963   Elapsed: 489.345s (8m 09s)
     Speed:     ev/sec=24.4689   simsec/sec=0.454013   ev/simsec=53.8947
     Messages:  created: 20516   present: 5761   in FES: 5216
** Event #94720   t=4046   Elapsed: 511.639s (8m 31s)
     Speed:     ev/sec=183.735   simsec/sec=3.72314   ev/simsec=49.3494
     Messages:  created: 21126   present: 5675   in FES: 5204
** Event #94976   t=4052   Elapsed: 545.237s (9m 05s)
     Speed:     ev/sec=7.6195   simsec/sec=0.178582   ev/simsec=42.6667
     Messages:  created: 21157   present: 5666   in FES: 5186
** Event #96512   t=4085   Elapsed: 577.603s (9m 37s)
     Speed:     ev/sec=47.4572   simsec/sec=1.01959   ev/simsec=46.5455
     Messages:  created: 21367   present: 5664   in FES: 5189
** Event #100864   t=4145   Elapsed: 643.862s (10m 43s)
     Speed:     ev/sec=65.6826   simsec/sec=0.905551   ev/simsec=72.5333
     Messages:  created: 21974   present: 5667   in FES: 5208
** Event #107264   t=4249   Elapsed: 720.512s (12m 00s)
     Speed:     ev/sec=83.4975   simsec/sec=1.35683   ev/simsec=61.5385
     Messages:  created: 22868   present: 5654   in FES: 5201
** Event #107520   t=4252   Elapsed: 795.135s (13m 15s)
     Speed:     ev/sec=3.43058   simsec/sec=0.0402021   ev/simsec=85.3333
     Messages:  created: 22906   present: 5649   in FES: 5204
** Event #112128   t=4306   Elapsed: 870.782s (14m 30s)
     Speed:     ev/sec=60.9153   simsec/sec=0.713851   ev/simsec=85.3333
     Messages:  created: 23564   present: 5593   in FES: 5196
** Event #116480   t=4371   Elapsed: 910.463s (15m 10s)
     Speed:     ev/sec=109.675   simsec/sec=1.63806   ev/simsec=66.9538
     Messages:  created: 24201   present: 5517   in FES: 5168
** Event #118784   t=4433   Elapsed: 922.736s (15m 22s)
     Speed:     ev/sec=187.729   simsec/sec=5.05174   ev/simsec=37.1613
     Messages:  created: 24541   present: 5449   in FES: 5154
** Event #121088   t=4542   Elapsed: 934.841s (15m 34s)
     Speed:     ev/sec=190.335   simsec/sec=9.00454   ev/simsec=21.1376
     Messages:  created: 24870   present: 5331   in FES: 5143
** Event #130729   t=86400   Elapsed: 935.153s (15m 35s)
     Speed:     ev/sec=30996.8   simsec/sec=263209   ev/simsec=0.117765
     Messages:  created: 27713   present: 0   in FES: 0

<!> No more events, simulation completed -- at t=86400s, event #130729
