** Event #0   t=0   Elapsed: 0.000s (0m 00s)
     Speed:     ev/sec=0   simsec/sec=0   ev/simsec=0
     Messages:  created: 5450   present: 5450   in FES: 5450
** Event #2304   t=0   Elapsed: 2.221s (0m 02s)
     Speed:     ev/sec=1037.82   simsec/sec=0   ev/simsec=0
     Messages:  created: 7604   present: 7549   in FES: 7398
** Event #4608   t=2578   Elapsed: 53.169s (0m 53s)
     Speed:     ev/sec=45.2235   simsec/sec=50.6016   ev/simsec=0.893716
     Messages:  created: 7692   present: 7398   in FES: 5256
** Event #8192   t=2631   Elapsed: 93.649s (1m 33s)
     Speed:     ev/sec=88.5375   simsec/sec=1.30929   ev/simsec=67.6226
     Messages:  created: 8228   present: 7345   in FES: 5260
** Event #11264   t=2677   Elapsed: 121.392s (2m 01s)
     Speed:     ev/sec=110.735   simsec/sec=1.65814   ev/simsec=66.7826
     Messages:  created: 8692   present: 7298   in FES: 5256
** Event #12288   t=2693   Elapsed: 170.829s (2m 50s)
     Speed:     ev/sec=20.7132   simsec/sec=0.323644   ev/simsec=64
     Messages:  created: 8848   present: 7275   in FES: 5256
** Event #16896   t=2763   Elapsed: 179.116s (2m 59s)
     Speed:     ev/sec=556.119   simsec/sec=8.44798   ev/simsec=65.8286
     Messages:  created: 9551   present: 7202   in FES: 5257
** Event #17152   t=2767   Elapsed: 198.997s (3m 18s)
     Speed:     ev/sec=12.8766   simsec/sec=0.201197   ev/simsec=64
     Messages:  created: 9589   present: 7196   in FES: 5250
** Event #19200   t=2799   Elapsed: 201.390s (3m 21s)
     Speed:     ev/sec=855.83   simsec/sec=13.3723   ev/simsec=64
     Messages:  created: 9896   present: 7157   in FES: 5231
** Event #19712   t=2868   Elapsed: 204.944s (3m 24s)
     Speed:     ev/sec=144.104   simsec/sec=19.4202   ev/simsec=7.42029
     Messages:  created: 9971   present: 7155   in FES: 5230
** Event #20992   t=2940   Elapsed: 210.642s (3m 30s)
     Speed:     ev/sec=224.68   simsec/sec=12.6382   ev/simsec=17.7778
     Messages:  created: 10172   present: 7150   in FES: 5227
** Event #23296   t=3103   Elapsed: 266.355s (4m 26s)
     Speed:     ev/sec=41.3555   simsec/sec=2.92576   ev/simsec=14.135
     Messages:  created: 10529   present: 7141   in FES: 5236
** Event #27136   t=3157   Elapsed: 272.145s (4m 32s)
     Speed:     ev/sec=663.327   simsec/sec=9.32804   ev/simsec=71.1111
     Messages:  created: 11125   present: 7085   in FES: 5232
** Event #32256   t=3218   Elapsed: 281.676s (4m 41s)
     Speed:     ev/sec=537.194   simsec/sec=6.40017   ev/simsec=83.9344
     Messages:  created: 11928   present: 7028   in FES: 5248
** Event #35584   t=3258   Elapsed: 347.856s (5m 47s)
     Speed:     ev/sec=50.2879   simsec/sec=0.604421   ev/simsec=83.2
     Messages:  created: 12450   present: 6985   in FES: 5249
** Event #44544   t=3373   Elapsed: 349.885s (5m 49s)
     Speed:     ev/sec=4415.97   simsec/sec=56.6782   ev/simsec=77.913
     Messages:  created: 13848   present: 6870   in FES: 5236
** Event #50432   t=3448   Elapsed: 357.090s (5m 57s)
     Speed:     ev/sec=817.324   simsec/sec=10.4109   ev/simsec=78.5067
     Messages:  created: 14751   present: 6791   in FES: 5237
** Event #55808   t=3507   Elapsed: 369.091s (6m 09s)
     Speed:     ev/sec=448   simsec/sec=4.91667   ev/simsec=91.1186
     Messages:  created: 15575   present: 6724   in FES: 5223
** Event #64768   t=3611   Elapsed: 371.148s (6m 11s)
     Speed:     ev/sec=4357.98   simsec/sec=50.5837   ev/simsec=86.1538
     Messages:  created: 16950   present: 6628   in FES: 5243
** Event #73216   t=3725   Elapsed: 373.156s (6m 13s)
     Speed:     ev/sec=4207.17   simsec/sec=56.7729   ev/simsec=74.1053
     Messages:  created: 18223   present: 6506   in FES: 5218
** Event #74240   t=3738   Elapsed: 379.135s (6m 19s)
     Speed:     ev/sec=171.266   simsec/sec=2.17428   ev/simsec=78.7692
     Messages:  created: 18381   present: 6501   in FES: 5240
** Event #79360   t=3798   Elapsed: 391.955s (6m 31s)
     Speed:     ev/sec=399.376   simsec/sec=4.68019   ev/simsec=85.3333
     Messages:  created: 19163   present: 6435   in FES: 5231
** Event #87552   t=3901   Elapsed: 393.998s (6m 33s)
     Speed:     ev/sec=4011.75   simsec/sec=50.4407   ev/simsec=79.534
     Messages:  created: 20408   present: 6332   in FES: 5227
** Event #90880   t=3947   Elapsed: 458.047s (7m 38s)
     Speed:     ev/sec=51.9602   simsec/sec=0.7182   ev/simsec=72.3478
     Messages:  created: 20907   present: 6276   in FES: 5209
** Event #92160   t=3965   Elapsed: 511.748s (8m 31s)
     Speed:     ev/sec=23.8361   simsec/sec=0.335196   ev/simsec=71.1111
     Messages:  created: 21104   present: 6261   in FES: 5207
** Event #97792   t=4047   Elapsed: 570.451s (9m 30s)
     Speed:     ev/sec=95.9406   simsec/sec=1.39686   ev/simsec=68.6829
     Messages:  created: 21956   present: 6171   in FES: 5199
** Event #98048   t=4052   Elapsed: 573.953s (9m 33s)
     Speed:     ev/sec=73.1011   simsec/sec=1.42776   ev/simsec=51.2
     Messages:  created: 21991   present: 6166   in FES: 5189
** Event #100096   t=4087   Elapsed: 606.566s (10m 06s)
     Speed:     ev/sec=62.799   simsec/sec=1.07322   ev/simsec=58.5143
     Messages:  created: 22286   present: 6163   in FES: 5185
** Event #104192   t=4144   Elapsed: 672.576s (11m 12s)
     Speed:     ev/sec=62.0521   simsec/sec=0.863519   ev/simsec=71.8596
     Messages:  created: 22854   present: 6159   in FES: 5180
** Event #111872   t=4249   Elapsed: 759.522s (12m 39s)
     Speed:     ev/sec=88.3307   simsec/sec=1.20765   ev/simsec=73.1429
     Messages:  created: 23944   present: 6157   in FES: 5212
** Event #112128   t=4252   Elapsed: 844.024s (14m 04s)
     Speed:     ev/sec=3.02955   simsec/sec=0.0355025   ev/simsec=85.3333
     Messages:  created: 23978   present: 6146   in FES: 5182
** Event #117248   t=4304   Elapsed: 919.328s (15m 19s)
     Speed:     ev/sec=67.9911   simsec/sec=0.690534   ev/simsec=98.4615
     Messages:  created: 24720   present: 6095   in FES: 5188
** Event #122368   t=4369   Elapsed: 979.022s (16m 19s)
     Speed:     ev/sec=85.7722   simsec/sec=1.0889   ev/simsec=78.7692
     Messages:  created: 25475   present: 6022   in FES: 5180
** Event #126464   t=4436   Elapsed: 1018.375s (16m 58s)
     Speed:     ev/sec=104.084   simsec/sec=1.70254   ev/simsec=61.1343
     Messages:  created: 26074   present: 5949   in FES: 5167
** Event #129536   t=4547   Elapsed: 1030.529s (17m 10s)
     Speed:     ev/sec=252.777   simsec/sec=9.13355   ev/simsec=27.6757
     Messages:  created: 26523   present: 5825   in FES: 5142
** Event #134144   t=7794   Elapsed: 1070.763s (17m 50s)
     Speed:     ev/sec=114.53   simsec/sec=80.7029   ev/simsec=1.41916
     Messages:  created: 27294   present: 5337   in FES: 4950
** Event #137216   t=7844   Elapsed: 1098.516s (18m 18s)
     Speed:     ev/sec=110.691   simsec/sec=1.80161   ev/simsec=61.44
     Messages:  created: 27744   present: 5282   in FES: 4935
** Event #137472   t=7848   Elapsed: 1108.229s (18m 28s)
     Speed:     ev/sec=26.3591   simsec/sec=0.411862   ev/simsec=64
     Messages:  created: 27784   present: 5278   in FES: 4945
** Event #140544   t=7895   Elapsed: 1134.051s (18m 54s)
     Speed:     ev/sec=118.968   simsec/sec=1.82015   ev/simsec=65.3617
     Messages:  created: 28247   present: 5224   in FES: 4928
** Event #146176   t=7979   Elapsed: 1150.637s (19m 10s)
     Speed:     ev/sec=339.563   simsec/sec=5.06451   ev/simsec=67.0476
     Messages:  created: 29097   present: 5140   in FES: 4942
** Event #146432   t=7983   Elapsed: 1160.277s (19m 20s)
     Speed:     ev/sec=26.5588   simsec/sec=0.414981   ev/simsec=64
     Messages:  created: 29134   present: 5133   in FES: 4930
** Event #148736   t=8047   Elapsed: 1162.564s (19m 22s)
     Speed:     ev/sec=1007.87   simsec/sec=27.9965   ev/simsec=36
     Messages:  created: 29473   present: 5094   in FES: 4911
** Event #148992   t=8082   Elapsed: 1165.822s (19m 25s)
     Speed:     ev/sec=78.5999   simsec/sec=10.7461   ev/simsec=7.31429
     Messages:  created: 29512   present: 5092   in FES: 4912
** Event #149504   t=8315   Elapsed: 1217.568s (20m 17s)
     Speed:     ev/sec=9.89448   simsec/sec=4.50276   ev/simsec=2.19742
     Messages:  created: 29587   present: 5076   in FES: 4911
** Event #164474   t=86400   Elapsed: 1219.552s (20m 19s)
     Speed:     ev/sec=7548.66   simsec/sec=39377.2   ev/simsec=0.191701
     Messages:  created: 33192   present: 0   in FES: 0

<!> No more events, simulation completed -- at t=86400s, event #164474
