** Event #0   t=0   Elapsed: 0.000s (0m 00s)
     Speed:     ev/sec=0   simsec/sec=0   ev/simsec=0
     Messages:  created: 5450   present: 5450   in FES: 5450
** Event #1280   t=0   Elapsed: 2.135s (0m 02s)
     Speed:     ev/sec=600   simsec/sec=0   ev/simsec=0
     Messages:  created: 6604   present: 6549   in FES: 6422
** Event #2560   t=2577   Elapsed: 24.965s (0m 24s)
     Speed:     ev/sec=56.069   simsec/sec=112.883   ev/simsec=0.496702
     Messages:  created: 6685   present: 6402   in FES: 5253
** Event #2816   t=2581   Elapsed: 53.213s (0m 53s)
     Speed:     ev/sec=9.06259   simsec/sec=0.141603   ev/simsec=64
     Messages:  created: 6724   present: 6397   in FES: 5260
** Event #6144   t=2630   Elapsed: 94.044s (1m 34s)
     Speed:     ev/sec=81.5087   simsec/sec=1.2001   ev/simsec=67.9184
     Messages:  created: 7222   present: 6350   in FES: 5274
** Event #9472   t=2681   Elapsed: 122.423s (2m 02s)
     Speed:     ev/sec=117.27   simsec/sec=1.7971   ev/simsec=65.2549
     Messages:  created: 7722   present: 6285   in FES: 5246
** Event #10240   t=2692   Elapsed: 173.277s (2m 53s)
     Speed:     ev/sec=15.1024   simsec/sec=0.21631   ev/simsec=69.8182
     Messages:  created: 7842   present: 6280   in FES: 5269
** Event #15104   t=2766   Elapsed: 203.313s (3m 23s)
     Speed:     ev/sec=161.939   simsec/sec=2.46371   ev/simsec=65.7297
     Messages:  created: 8584   present: 6202   in FES: 5266
** Event #17408   t=2829   Elapsed: 205.832s (3m 25s)
     Speed:     ev/sec=914.649   simsec/sec=25.0099   ev/simsec=36.5714
     Messages:  created: 8926   present: 6157   in FES: 5231
** Event #17920   t=2879   Elapsed: 209.681s (3m 29s)
     Speed:     ev/sec=133.056   simsec/sec=12.9938   ev/simsec=10.24
     Messages:  created: 9004   present: 6155   in FES: 5231
** Event #18944   t=2937   Elapsed: 215.768s (3m 35s)
     Speed:     ev/sec=168.227   simsec/sec=9.5285   ev/simsec=17.6552
     Messages:  created: 9165   present: 6149   in FES: 5226
** Event #21248   t=3102   Elapsed: 274.517s (4m 34s)
     Speed:     ev/sec=39.2177   simsec/sec=2.80856   ev/simsec=13.9636
     Messages:  created: 9524   present: 6148   in FES: 5252
** Event #25344   t=3159   Elapsed: 280.860s (4m 40s)
     Speed:     ev/sec=645.853   simsec/sec=8.9877   ev/simsec=71.8596
     Messages:  created: 10161   present: 6092   in FES: 5255
** Event #30208   t=3218   Elapsed: 291.252s (4m 51s)
     Speed:     ev/sec=468.052   simsec/sec=5.67744   ev/simsec=82.4407
     Messages:  created: 10918   present: 6026   in FES: 5231
** Event #33536   t=3258   Elapsed: 360.900s (6m 00s)
     Speed:     ev/sec=47.7838   simsec/sec=0.574325   ev/simsec=83.2
     Messages:  created: 11438   present: 5975   in FES: 5222
** Event #42240   t=3369   Elapsed: 362.938s (6m 02s)
     Speed:     ev/sec=4270.85   simsec/sec=54.4652   ev/simsec=78.4144
     Messages:  created: 12800   present: 5874   in FES: 5232
** Event #48384   t=3447   Elapsed: 370.520s (6m 10s)
     Speed:     ev/sec=810.447   simsec/sec=10.2889   ev/simsec=78.7692
     Messages:  created: 13744   present: 5798   in FES: 5238
** Event #56576   t=3546   Elapsed: 372.581s (6m 12s)
     Speed:     ev/sec=3974.77   simsec/sec=48.0349   ev/simsec=82.7475
     Messages:  created: 14993   present: 5692   in FES: 5236
** Event #64512   t=3681   Elapsed: 374.632s (6m 14s)
     Speed:     ev/sec=3871.22   simsec/sec=65.8537   ev/simsec=58.7852
     Messages:  created: 16187   present: 5555   in FES: 5228
** Event #72448   t=3827   Elapsed: 376.680s (6m 16s)
     Speed:     ev/sec=3875   simsec/sec=71.2891   ev/simsec=54.3562
     Messages:  created: 17360   present: 5404   in FES: 5219
** Event #79104   t=3948   Elapsed: 433.613s (7m 13s)
     Speed:     ev/sec=116.909   simsec/sec=2.12531   ev/simsec=55.0083
     Messages:  created: 18329   present: 5280   in FES: 5218
** Event #79872   t=3962   Elapsed: 478.374s (7m 58s)
     Speed:     ev/sec=17.1582   simsec/sec=0.312779   ev/simsec=54.8571
     Messages:  created: 18441   present: 5261   in FES: 5207
** Event #88521   t=86400   Elapsed: 478.841s (7m 58s)
     Speed:     ev/sec=18518.2   simsec/sec=176527   ev/simsec=0.104903
     Messages:  created: 21137   present: 0   in FES: 0

<!> No more events, simulation completed -- at t=86400s, event #88521
