** Event #0   t=0   Elapsed: 0.000s (0m 00s)
     Speed:     ev/sec=0   simsec/sec=0   ev/simsec=0
     Messages:  created: 5450   present: 5450   in FES: 5450
** Event #768   t=0   Elapsed: 2.115s (0m 02s)
     Speed:     ev/sec=363.593   simsec/sec=0   ev/simsec=0
     Messages:  created: 6104   present: 6049   in FES: 5934
** Event #1792   t=2580   Elapsed: 53.919s (0m 53s)
     Speed:     ev/sec=19.7672   simsec/sec=49.8041   ev/simsec=0.396899
     Messages:  created: 6220   present: 5903   in FES: 5262
** Event #5120   t=2630   Elapsed: 97.716s (1m 37s)
     Speed:     ev/sec=75.9869   simsec/sec=1.14163   ev/simsec=66.56
     Messages:  created: 6716   present: 5844   in FES: 5256
** Event #8448   t=2680   Elapsed: 130.398s (2m 10s)
     Speed:     ev/sec=101.833   simsec/sec=1.52994   ev/simsec=66.56
     Messages:  created: 7222   present: 5795   in FES: 5270
** Event #9216   t=2692   Elapsed: 150.320s (2m 30s)
     Speed:     ev/sec=38.5503   simsec/sec=0.602349   ev/simsec=64
     Messages:  created: 7336   present: 5774   in FES: 5252
** Event #9472   t=2696   Elapsed: 187.932s (3m 07s)
     Speed:     ev/sec=6.80634   simsec/sec=0.106349   ev/simsec=64
     Messages:  created: 7375   present: 5769   in FES: 5250
** Event #14080   t=2766   Elapsed: 216.213s (3m 36s)
     Speed:     ev/sec=162.942   simsec/sec=2.47525   ev/simsec=65.8286
     Messages:  created: 8078   present: 5696   in FES: 5248
** Event #16384   t=2826   Elapsed: 218.653s (3m 38s)
     Speed:     ev/sec=944.262   simsec/sec=24.5902   ev/simsec=38.4
     Messages:  created: 8422   present: 5656   in FES: 5229
** Event #16896   t=2878   Elapsed: 222.230s (3m 42s)
     Speed:     ev/sec=143.137   simsec/sec=14.5373   ev/simsec=9.84615
     Messages:  created: 8501   present: 5655   in FES: 5235
** Event #17920   t=2935   Elapsed: 227.909s (3m 47s)
     Speed:     ev/sec=180.313   simsec/sec=10.037   ev/simsec=17.9649
     Messages:  created: 8661   present: 5649   in FES: 5226
** Event #20224   t=3102   Elapsed: 283.940s (4m 43s)
     Speed:     ev/sec=41.1208   simsec/sec=2.98055   ev/simsec=13.7964
     Messages:  created: 9018   present: 5642   in FES: 5236
** Event #28672   t=3243   Elapsed: 285.985s (4m 45s)
     Speed:     ev/sec=4131.05   simsec/sec=68.9487   ev/simsec=59.9149
     Messages:  created: 10327   present: 5501   in FES: 5240
** Event #29696   t=3261   Elapsed: 341.615s (5m 41s)
     Speed:     ev/sec=18.4077   simsec/sec=0.323572   ev/simsec=56.8889
     Messages:  created: 10481   present: 5477   in FES: 5223
** Event #37632   t=3397   Elapsed: 343.631s (5m 43s)
     Speed:     ev/sec=3936.51   simsec/sec=67.4603   ev/simsec=58.3529
     Messages:  created: 11715   present: 5343   in FES: 5236
** Event #50234   t=86400   Elapsed: 345.018s (5m 45s)
     Speed:     ev/sec=9085.08   simsec/sec=59843.5   ev/simsec=0.151814
     Messages:  created: 15025   present: 0   in FES: 0

<!> No more events, simulation completed -- at t=86400s, event #50234
