** Event #0   t=0   Elapsed: 0.000s (0m 00s)
     Speed:     ev/sec=0   simsec/sec=0   ev/simsec=0
     Messages:  created: 5450   present: 5450   in FES: 5450
** Event #2816   t=0   Elapsed: 2.170s (0m 02s)
     Speed:     ev/sec=1298.16   simsec/sec=0   ev/simsec=0
     Messages:  created: 8104   present: 8049   in FES: 7886
** Event #5632   t=2578   Elapsed: 53.377s (0m 53s)
     Speed:     ev/sec=54.9936   simsec/sec=50.3457   ev/simsec=1.09232
     Messages:  created: 8198   present: 7904   in FES: 5274
** Event #9216   t=2631   Elapsed: 93.828s (1m 33s)
     Speed:     ev/sec=88.601   simsec/sec=1.31023   ev/simsec=67.6226
     Messages:  created: 8732   present: 7848   in FES: 5268
** Event #12288   t=2678   Elapsed: 121.369s (2m 01s)
     Speed:     ev/sec=111.547   simsec/sec=1.70661   ev/simsec=65.3617
     Messages:  created: 9196   present: 7792   in FES: 5254
** Event #13312   t=2693   Elapsed: 170.754s (2m 50s)
     Speed:     ev/sec=20.735   simsec/sec=0.303736   ev/simsec=68.2667
     Messages:  created: 9352   present: 7778   in FES: 5262
** Event #17920   t=2763   Elapsed: 198.766s (3m 18s)
     Speed:     ev/sec=164.507   simsec/sec=2.49902   ev/simsec=65.8286
     Messages:  created: 10054   present: 7704   in FES: 5255
** Event #20224   t=2803   Elapsed: 201.194s (3m 21s)
     Speed:     ev/sec=949.32   simsec/sec=16.4813   ev/simsec=57.6
     Messages:  created: 10400   present: 7657   in FES: 5231
** Event #20736   t=2870   Elapsed: 204.748s (3m 24s)
     Speed:     ev/sec=144.063   simsec/sec=18.852   ev/simsec=7.64179
     Messages:  created: 10475   present: 7653   in FES: 5229
** Event #22016   t=2942   Elapsed: 210.455s (3m 30s)
     Speed:     ev/sec=224.286   simsec/sec=12.6161   ev/simsec=17.7778
     Messages:  created: 10676   present: 7650   in FES: 5229
** Event #24320   t=3103   Elapsed: 265.886s (4m 25s)
     Speed:     ev/sec=41.5659   simsec/sec=2.90456   ev/simsec=14.3106
     Messages:  created: 11035   present: 7647   in FES: 5252
** Event #28160   t=3157   Elapsed: 271.636s (4m 31s)
     Speed:     ev/sec=667.826   simsec/sec=9.3913   ev/simsec=71.1111
     Messages:  created: 11631   present: 7591   in FES: 5245
** Event #33280   t=3218   Elapsed: 281.112s (4m 41s)
     Speed:     ev/sec=540.312   simsec/sec=6.43732   ev/simsec=83.9344
     Messages:  created: 12431   present: 7530   in FES: 5242
** Event #36608   t=3259   Elapsed: 347.026s (5m 47s)
     Speed:     ev/sec=50.49   simsec/sec=0.622023   ev/simsec=81.1707
     Messages:  created: 12951   present: 7484   in FES: 5232
** Event #45568   t=3374   Elapsed: 349.053s (5m 49s)
     Speed:     ev/sec=4420.33   simsec/sec=56.7341   ev/simsec=77.913
     Messages:  created: 14350   present: 7360   in FES: 5225
** Event #51456   t=3448   Elapsed: 356.240s (5m 56s)
     Speed:     ev/sec=819.371   simsec/sec=10.2978   ev/simsec=79.5676
     Messages:  created: 15257   present: 7296   in FES: 5250
** Event #56832   t=3507   Elapsed: 368.197s (6m 08s)
     Speed:     ev/sec=449.611   simsec/sec=4.93435   ev/simsec=91.1186
     Messages:  created: 16081   present: 7230   in FES: 5238
** Event #65792   t=3612   Elapsed: 370.245s (6m 10s)
     Speed:     ev/sec=4377.14   simsec/sec=51.2946   ev/simsec=85.3333
     Messages:  created: 17450   present: 7125   in FES: 5221
** Event #74240   t=3725   Elapsed: 372.258s (6m 12s)
     Speed:     ev/sec=4196.72   simsec/sec=56.1351   ev/simsec=74.7611
     Messages:  created: 18729   present: 7011   in FES: 5232
** Event #75264   t=3738   Elapsed: 378.286s (6m 18s)
     Speed:     ev/sec=169.902   simsec/sec=2.15696   ev/simsec=78.7692
     Messages:  created: 18882   present: 7002   in FES: 5223
** Event #80128   t=3795   Elapsed: 391.088s (6m 31s)
     Speed:     ev/sec=379.97   simsec/sec=4.45278   ev/simsec=85.3333
     Messages:  created: 19626   present: 6940   in FES: 5217
** Event #88320   t=3898   Elapsed: 393.132s (6m 33s)
     Speed:     ev/sec=4007.83   simsec/sec=50.3914   ev/simsec=79.534
     Messages:  created: 20872   present: 6833   in FES: 5222
** Event #91904   t=3947   Elapsed: 457.264s (7m 37s)
     Speed:     ev/sec=55.8847   simsec/sec=0.764049   ev/simsec=73.1429
     Messages:  created: 21413   present: 6781   in FES: 5222
** Event #93184   t=3965   Elapsed: 510.708s (8m 30s)
     Speed:     ev/sec=23.9508   simsec/sec=0.336807   ev/simsec=71.1111
     Messages:  created: 21608   present: 6755   in FES: 5209
** Event #98816   t=4048   Elapsed: 572.529s (9m 32s)
     Speed:     ev/sec=91.1017   simsec/sec=1.34259   ev/simsec=67.8554
     Messages:  created: 22458   present: 6669   in FES: 5190
** Event #101120   t=4087   Elapsed: 604.932s (10m 04s)
     Speed:     ev/sec=71.1067   simsec/sec=1.20363   ev/simsec=59.0769
     Messages:  created: 22792   present: 6669   in FES: 5208
** Event #105216   t=4144   Elapsed: 670.983s (11m 10s)
     Speed:     ev/sec=62.0136   simsec/sec=0.862983   ev/simsec=71.8596
     Messages:  created: 23360   present: 6663   in FES: 5196
** Event #112640   t=4247   Elapsed: 708.584s (11m 48s)
     Speed:     ev/sec=197.442   simsec/sec=2.73929   ev/simsec=72.0777
     Messages:  created: 24409   present: 6654   in FES: 5195
** Event #112896   t=4249   Elapsed: 758.062s (12m 38s)
     Speed:     ev/sec=5.17402   simsec/sec=0.040422   ev/simsec=128
     Messages:  created: 24448   present: 6660   in FES: 5211
** Event #113152   t=4252   Elapsed: 842.924s (14m 02s)
     Speed:     ev/sec=3.01666   simsec/sec=0.0353515   ev/simsec=85.3333
     Messages:  created: 24483   present: 6644   in FES: 5192
** Event #118272   t=4305   Elapsed: 918.603s (15m 18s)
     Speed:     ev/sec=67.6551   simsec/sec=0.700336   ev/simsec=96.6038
     Messages:  created: 25221   present: 6583   in FES: 5167
** Event #123392   t=4370   Elapsed: 978.434s (16m 18s)
     Speed:     ev/sec=85.5744   simsec/sec=1.08639   ev/simsec=78.7692
     Messages:  created: 25976   present: 6520   in FES: 5163
** Event #127488   t=4437   Elapsed: 1017.886s (16m 57s)
     Speed:     ev/sec=103.825   simsec/sec=1.69831   ev/simsec=61.1343
     Messages:  created: 26576   present: 6444   in FES: 5155
** Event #130560   t=4548   Elapsed: 1030.067s (17m 10s)
     Speed:     ev/sec=252.196   simsec/sec=9.11255   ev/simsec=27.6757
     Messages:  created: 27027   present: 6325   in FES: 5144
** Event #135168   t=7795   Elapsed: 1070.485s (17m 50s)
     Speed:     ev/sec=114.011   simsec/sec=80.3375   ev/simsec=1.41916
     Messages:  created: 27795   present: 5829   in FES: 4931
** Event #138240   t=7845   Elapsed: 1108.022s (18m 28s)
     Speed:     ev/sec=81.8393   simsec/sec=1.33202   ev/simsec=61.44
     Messages:  created: 28247   present: 5780   in FES: 4932
** Event #141568   t=7895   Elapsed: 1133.986s (18m 53s)
     Speed:     ev/sec=128.182   simsec/sec=1.92582   ev/simsec=66.56
     Messages:  created: 28752   present: 5725   in FES: 4934
** Event #147200   t=7979   Elapsed: 1160.185s (19m 20s)
     Speed:     ev/sec=214.97   simsec/sec=3.20623   ev/simsec=67.0476
     Messages:  created: 29599   present: 5641   in FES: 4933
** Event #149504   t=8014   Elapsed: 1162.492s (19m 22s)
     Speed:     ev/sec=999.133   simsec/sec=15.1778   ev/simsec=65.8286
     Messages:  created: 29940   present: 5594   in FES: 4912
** Event #150016   t=8083   Elapsed: 1165.791s (19m 25s)
     Speed:     ev/sec=155.199   simsec/sec=20.9154   ev/simsec=7.42029
     Messages:  created: 30015   present: 5592   in FES: 4911
** Event #151296   t=8155   Elapsed: 1171.154s (19m 31s)
     Speed:     ev/sec=238.717   simsec/sec=13.4278   ev/simsec=17.7778
     Messages:  created: 30216   present: 5587   in FES: 4908
** Event #153600   t=8318   Elapsed: 1223.365s (20m 23s)
     Speed:     ev/sec=44.1286   simsec/sec=3.12195   ev/simsec=14.135
     Messages:  created: 30572   present: 5569   in FES: 4910
** Event #157696   t=8375   Elapsed: 1228.698s (20m 28s)
     Speed:     ev/sec=768.192   simsec/sec=10.6902   ev/simsec=71.8596
     Messages:  created: 31209   present: 5514   in FES: 4914
** Event #162560   t=8433   Elapsed: 1237.393s (20m 37s)
     Speed:     ev/sec=559.402   simsec/sec=6.6705   ev/simsec=83.8621
     Messages:  created: 31972   present: 5458   in FES: 4928
** Event #165888   t=8473   Elapsed: 1289.859s (21m 29s)
     Speed:     ev/sec=63.4316   simsec/sec=0.762399   ev/simsec=83.2
     Messages:  created: 32493   present: 5415   in FES: 4925
** Event #174848   t=8608   Elapsed: 1291.896s (21m 31s)
     Speed:     ev/sec=4398.63   simsec/sec=66.2739   ev/simsec=66.3704
     Messages:  created: 33888   present: 5276   in FES: 4906
** Event #183808   t=8759   Elapsed: 1293.915s (21m 33s)
     Speed:     ev/sec=4437.84   simsec/sec=74.7895   ev/simsec=59.3377
     Messages:  created: 35251   present: 5121   in FES: 4905
** Event #192768   t=8916   Elapsed: 1295.936s (21m 35s)
     Speed:     ev/sec=4435.64   simsec/sec=77.7228   ev/simsec=57.0701
     Messages:  created: 36596   present: 4961   in FES: 4895
** Event #201720   t=86400   Elapsed: 1296.555s (21m 36s)
     Speed:     ev/sec=14460.4   simsec/sec=125176   ev/simsec=0.115521
     Messages:  created: 39251   present: 0   in FES: 0

<!> No more events, simulation completed -- at t=86400s, event #201720
