** Event #0   t=0   Elapsed: 0.000s (0m 00s)
     Speed:     ev/sec=0   simsec/sec=0   ev/simsec=0
     Messages:  created: 5450   present: 5450   in FES: 5450
** Event #768   t=0   Elapsed: 2.149s (0m 02s)
     Speed:     ev/sec=357.841   simsec/sec=0   ev/simsec=0
     Messages:  created: 6104   present: 6049   in FES: 5934
** Event #1792   t=2580   Elapsed: 53.992s (0m 53s)
     Speed:     ev/sec=19.7523   simsec/sec=49.7666   ev/simsec=0.396899
     Messages:  created: 6220   present: 5903   in FES: 5262
** Event #5120   t=2630   Elapsed: 96.059s (1m 36s)
     Speed:     ev/sec=79.1119   simsec/sec=1.18858   ev/simsec=66.56
     Messages:  created: 6716   present: 5844   in FES: 5256
** Event #8448   t=2680   Elapsed: 124.183s (2m 04s)
     Speed:     ev/sec=118.337   simsec/sec=1.7779   ev/simsec=66.56
     Messages:  created: 7222   present: 5795   in FES: 5270
** Event #9216   t=2692   Elapsed: 140.398s (2m 20s)
     Speed:     ev/sec=47.3636   simsec/sec=0.740056   ev/simsec=64
     Messages:  created: 7336   present: 5774   in FES: 5252
** Event #9472   t=2696   Elapsed: 174.230s (2m 54s)
     Speed:     ev/sec=7.56702   simsec/sec=0.118235   ev/simsec=64
     Messages:  created: 7375   present: 5769   in FES: 5250
** Event #14080   t=2766   Elapsed: 203.640s (3m 23s)
     Speed:     ev/sec=156.687   simsec/sec=2.38022   ev/simsec=65.8286
     Messages:  created: 8078   present: 5696   in FES: 5248
** Event #16384   t=2826   Elapsed: 206.217s (3m 26s)
     Speed:     ev/sec=894.41   simsec/sec=23.2919   ev/simsec=38.4
     Messages:  created: 8422   present: 5656   in FES: 5229
** Event #16896   t=2878   Elapsed: 209.884s (3m 29s)
     Speed:     ev/sec=139.662   simsec/sec=14.1844   ev/simsec=9.84615
     Messages:  created: 8501   present: 5655   in FES: 5235
** Event #17920   t=2935   Elapsed: 215.703s (3m 35s)
     Speed:     ev/sec=175.975   simsec/sec=9.7955   ev/simsec=17.9649
     Messages:  created: 8661   present: 5649   in FES: 5226
** Event #20224   t=3102   Elapsed: 272.674s (4m 32s)
     Speed:     ev/sec=40.4423   simsec/sec=2.93137   ev/simsec=13.7964
     Messages:  created: 9018   present: 5642   in FES: 5236
** Event #28416   t=3239   Elapsed: 274.695s (4m 34s)
     Speed:     ev/sec=4055.45   simsec/sec=67.8218   ev/simsec=59.7956
     Messages:  created: 10286   present: 5500   in FES: 5226
** Event #29696   t=3261   Elapsed: 330.264s (5m 30s)
     Speed:     ev/sec=23.0348   simsec/sec=0.395911   ev/simsec=58.1818
     Messages:  created: 10481   present: 5477   in FES: 5223
** Event #37632   t=3397   Elapsed: 332.267s (5m 32s)
     Speed:     ev/sec=3962.06   simsec/sec=67.8982   ev/simsec=58.3529
     Messages:  created: 11715   present: 5343   in FES: 5236
** Event #50234   t=86400   Elapsed: 333.685s (5m 33s)
     Speed:     ev/sec=8886.46   simsec/sec=58535.3   ev/simsec=0.151814
     Messages:  created: 15025   present: 0   in FES: 0

<!> No more events, simulation completed -- at t=86400s, event #50234
