** Event #0   t=0   Elapsed: 0.000s (0m 00s)
     Speed:     ev/sec=0   simsec/sec=0   ev/simsec=0
     Messages:  created: 5450   present: 5450   in FES: 5450
** Event #768   t=0   Elapsed: 2.398s (0m 02s)
     Speed:     ev/sec=320.684   simsec/sec=0   ev/simsec=0
     Messages:  created: 6104   present: 6049   in FES: 5934
** Event #1792   t=2580   Elapsed: 56.941s (0m 56s)
     Speed:     ev/sec=18.7742   simsec/sec=47.3021   ev/simsec=0.396899
     Messages:  created: 6220   present: 5903   in FES: 5262
** Event #5120   t=2630   Elapsed: 100.133s (1m 40s)
     Speed:     ev/sec=77.0513   simsec/sec=1.15762   ev/simsec=66.56
     Messages:  created: 6716   present: 5844   in FES: 5256
** Event #8448   t=2680   Elapsed: 129.456s (2m 09s)
     Speed:     ev/sec=113.495   simsec/sec=1.70515   ev/simsec=66.56
     Messages:  created: 7222   present: 5795   in FES: 5270
** Event #9216   t=2692   Elapsed: 146.008s (2m 26s)
     Speed:     ev/sec=46.402   simsec/sec=0.725032   ev/simsec=64
     Messages:  created: 7336   present: 5774   in FES: 5252
** Event #9472   t=2696   Elapsed: 180.216s (3m 00s)
     Speed:     ev/sec=7.48363   simsec/sec=0.116932   ev/simsec=64
     Messages:  created: 7375   present: 5769   in FES: 5250
** Event #14080   t=2766   Elapsed: 210.038s (3m 30s)
     Speed:     ev/sec=154.517   simsec/sec=2.34726   ev/simsec=65.8286
     Messages:  created: 8078   present: 5696   in FES: 5248
** Event #16384   t=2826   Elapsed: 212.499s (3m 32s)
     Speed:     ev/sec=936.585   simsec/sec=24.3902   ev/simsec=38.4
     Messages:  created: 8422   present: 5656   in FES: 5229
** Event #16896   t=2878   Elapsed: 216.072s (3m 36s)
     Speed:     ev/sec=143.337   simsec/sec=14.5577   ev/simsec=9.84615
     Messages:  created: 8501   present: 5655   in FES: 5235
** Event #17920   t=2935   Elapsed: 221.810s (3m 41s)
     Speed:     ev/sec=178.459   simsec/sec=9.93377   ev/simsec=17.9649
     Messages:  created: 8661   present: 5649   in FES: 5226
** Event #20224   t=3102   Elapsed: 279.879s (4m 39s)
     Speed:     ev/sec=39.6776   simsec/sec=2.87594   ev/simsec=13.7964
     Messages:  created: 9018   present: 5642   in FES: 5236
** Event #28416   t=3239   Elapsed: 281.910s (4m 41s)
     Speed:     ev/sec=4033.48   simsec/sec=67.4545   ev/simsec=59.7956
     Messages:  created: 10286   present: 5500   in FES: 5226
** Event #29696   t=3261   Elapsed: 339.053s (5m 39s)
     Speed:     ev/sec=22.3999   simsec/sec=0.384999   ev/simsec=58.1818
     Messages:  created: 10481   present: 5477   in FES: 5223
** Event #37632   t=3397   Elapsed: 341.068s (5m 41s)
     Speed:     ev/sec=3940.42   simsec/sec=67.5273   ev/simsec=58.3529
     Messages:  created: 11715   present: 5343   in FES: 5236
** Event #50234   t=86400   Elapsed: 342.498s (5m 42s)
     Speed:     ev/sec=8818.05   simsec/sec=58084.7   ev/simsec=0.151814
     Messages:  created: 15025   present: 0   in FES: 0

<!> No more events, simulation completed -- at t=86400s, event #50234
