** Event #0   t=0   Elapsed: 0.000s (0m 00s)
     Speed:     ev/sec=0   simsec/sec=0   ev/simsec=0
     Messages:  created: 5450   present: 5450   in FES: 5450
** Event #1792   t=0   Elapsed: 2.153s (0m 02s)
     Speed:     ev/sec=832.791   simsec/sec=0   ev/simsec=0
     Messages:  created: 7104   present: 7049   in FES: 6910
** Event #3584   t=2577   Elapsed: 52.137s (0m 52s)
     Speed:     ev/sec=35.8522   simsec/sec=51.5575   ev/simsec=0.695382
     Messages:  created: 7189   present: 6906   in FES: 5261
** Event #7168   t=2631   Elapsed: 93.190s (1m 33s)
     Speed:     ev/sec=87.3039   simsec/sec=1.3154   ev/simsec=66.3704
     Messages:  created: 7722   present: 6841   in FES: 5250
** Event #10240   t=2677   Elapsed: 120.916s (2m 00s)
     Speed:     ev/sec=110.803   simsec/sec=1.65915   ev/simsec=66.7826
     Messages:  created: 8190   present: 6797   in FES: 5268
** Event #11264   t=2693   Elapsed: 170.331s (2m 50s)
     Speed:     ev/sec=20.7225   simsec/sec=0.323788   ev/simsec=64
     Messages:  created: 8342   present: 6770   in FES: 5245
** Event #16128   t=2767   Elapsed: 198.669s (3m 18s)
     Speed:     ev/sec=171.642   simsec/sec=2.61133   ev/simsec=65.7297
     Messages:  created: 9084   present: 6696   in FES: 5245
** Event #18432   t=2832   Elapsed: 201.113s (3m 21s)
     Speed:     ev/sec=942.717   simsec/sec=26.5957   ev/simsec=35.4462
     Messages:  created: 9429   present: 6657   in FES: 5230
** Event #18688   t=2867   Elapsed: 204.645s (3m 24s)
     Speed:     ev/sec=72.5007   simsec/sec=9.91221   ev/simsec=7.31429
     Messages:  created: 9468   present: 6655   in FES: 5232
** Event #19968   t=2939   Elapsed: 210.339s (3m 30s)
     Speed:     ev/sec=224.798   simsec/sec=12.6449   ev/simsec=17.7778
     Messages:  created: 9668   present: 6649   in FES: 5225
** Event #22272   t=3103   Elapsed: 265.808s (4m 25s)
     Speed:     ev/sec=41.5367   simsec/sec=2.95661   ev/simsec=14.0488
     Messages:  created: 10025   present: 6646   in FES: 5236
** Event #26112   t=3156   Elapsed: 271.651s (4m 31s)
     Speed:     ev/sec=657.197   simsec/sec=9.07068   ev/simsec=72.4528
     Messages:  created: 10622   present: 6595   in FES: 5239
** Event #31232   t=3218   Elapsed: 281.214s (4m 41s)
     Speed:     ev/sec=535.397   simsec/sec=6.48332   ev/simsec=82.5806
     Messages:  created: 11422   present: 6522   in FES: 5232
** Event #34560   t=3258   Elapsed: 347.291s (5m 47s)
     Speed:     ev/sec=50.3662   simsec/sec=0.605364   ev/simsec=83.2
     Messages:  created: 11944   present: 6480   in FES: 5234
** Event #43008   t=3366   Elapsed: 349.300s (5m 49s)
     Speed:     ev/sec=4207.17   simsec/sec=53.7849   ev/simsec=78.2222
     Messages:  created: 13264   present: 6377   in FES: 5233
** Event #49408   t=3448   Elapsed: 356.652s (5m 56s)
     Speed:     ev/sec=870.63   simsec/sec=11.1549   ev/simsec=78.0488
     Messages:  created: 14245   present: 6285   in FES: 5221
** Event #54784   t=3507   Elapsed: 368.670s (6m 08s)
     Speed:     ev/sec=447.329   simsec/sec=4.9093   ev/simsec=91.1186
     Messages:  created: 15072   present: 6233   in FES: 5226
** Event #63232   t=3604   Elapsed: 370.701s (6m 10s)
     Speed:     ev/sec=4161.58   simsec/sec=47.7833   ev/simsec=87.0928
     Messages:  created: 16366   present: 6135   in FES: 5228
** Event #71424   t=3714   Elapsed: 372.752s (6m 12s)
     Speed:     ev/sec=3994.15   simsec/sec=53.6324   ev/simsec=74.4727
     Messages:  created: 17607   present: 6021   in FES: 5230
** Event #73216   t=3738   Elapsed: 378.927s (6m 18s)
     Speed:     ev/sec=290.249   simsec/sec=3.88727   ev/simsec=74.6667
     Messages:  created: 17875   present: 5996   in FES: 5226
** Event #78336   t=3798   Elapsed: 391.808s (6m 31s)
     Speed:     ev/sec=397.485   simsec/sec=4.65802   ev/simsec=85.3333
     Messages:  created: 18657   present: 5930   in FES: 5215
** Event #86016   t=3894   Elapsed: 393.813s (6m 33s)
     Speed:     ev/sec=3832.34   simsec/sec=47.9042   ev/simsec=80
     Messages:  created: 19825   present: 5834   in FES: 5213
** Event #89600   t=3944   Elapsed: 446.422s (7m 26s)
     Speed:     ev/sec=68.1265   simsec/sec=0.950426   ev/simsec=71.68
     Messages:  created: 20364   present: 5783   in FES: 5217
** Event #90624   t=3963   Elapsed: 488.279s (8m 08s)
     Speed:     ev/sec=24.4642   simsec/sec=0.453926   ev/simsec=53.8947
     Messages:  created: 20516   present: 5761   in FES: 5216
** Event #94720   t=4046   Elapsed: 510.562s (8m 30s)
     Speed:     ev/sec=183.826   simsec/sec=3.72498   ev/simsec=49.3494
     Messages:  created: 21126   present: 5675   in FES: 5204
** Event #94976   t=4052   Elapsed: 544.247s (9m 04s)
     Speed:     ev/sec=7.60005   simsec/sec=0.178126   ev/simsec=42.6667
     Messages:  created: 21157   present: 5666   in FES: 5186
** Event #96512   t=4085   Elapsed: 576.620s (9m 36s)
     Speed:     ev/sec=47.4469   simsec/sec=1.01937   ev/simsec=46.5455
     Messages:  created: 21367   present: 5664   in FES: 5189
** Event #100864   t=4145   Elapsed: 642.882s (10m 42s)
     Speed:     ev/sec=65.6797   simsec/sec=0.90551   ev/simsec=72.5333
     Messages:  created: 21974   present: 5667   in FES: 5208
** Event #107264   t=4249   Elapsed: 719.713s (11m 59s)
     Speed:     ev/sec=83.2997   simsec/sec=1.35362   ev/simsec=61.5385
     Messages:  created: 22868   present: 5654   in FES: 5201
** Event #107520   t=4252   Elapsed: 794.548s (13m 14s)
     Speed:     ev/sec=3.4209   simsec/sec=0.0400887   ev/simsec=85.3333
     Messages:  created: 22906   present: 5649   in FES: 5204
** Event #112128   t=4306   Elapsed: 870.095s (14m 30s)
     Speed:     ev/sec=60.9959   simsec/sec=0.714796   ev/simsec=85.3333
     Messages:  created: 23564   present: 5593   in FES: 5196
** Event #116480   t=4371   Elapsed: 909.954s (15m 09s)
     Speed:     ev/sec=109.185   simsec/sec=1.63075   ev/simsec=66.9538
     Messages:  created: 24201   present: 5517   in FES: 5168
** Event #118784   t=4433   Elapsed: 922.229s (15m 22s)
     Speed:     ev/sec=187.714   simsec/sec=5.05133   ev/simsec=37.1613
     Messages:  created: 24541   present: 5449   in FES: 5154
** Event #121088   t=4542   Elapsed: 934.221s (15m 34s)
     Speed:     ev/sec=192.128   simsec/sec=9.08939   ev/simsec=21.1376
     Messages:  created: 24870   present: 5331   in FES: 5143
** Event #130729   t=86400   Elapsed: 934.531s (15m 34s)
     Speed:     ev/sec=31096.8   simsec/sec=264058   ev/simsec=0.117765
     Messages:  created: 27713   present: 0   in FES: 0

<!> No more events, simulation completed -- at t=86400s, event #130729
