** Event #0   t=0   Elapsed: 1.5e-05s (0m 00s)
     Speed:     ev/sec=0   simsec/sec=0   ev/simsec=0
     Messages:  created: 258248   present: 258248   in FES: 258248
** Event #546560   t=189990.8   Elapsed: 2.00263s (0m 02s)
     Speed:     ev/sec=272923   simsec/sec=94871.1   ev/simsec=2.87678
     Messages:  created: 316467   present: 239430   in FES: 237912
** Event #1085952   t=346930.8   Elapsed: 4.00306s (0m 04s)
     Speed:     ev/sec=269638   simsec/sec=78453   ev/simsec=3.43693
     Messages:  created: 370198   present: 221915   in FES: 221089
** Event #1615360   t=515150   Elapsed: 6.00612s (0m 06s)
     Speed:     ev/sec=264299   simsec/sec=83981   ev/simsec=3.14713
     Messages:  created: 423495   present: 204968   in FES: 203045
** Event #1709312   t=547790.66666666675   Elapsed: 15.076s (0m 15s)
     Speed:     ev/sec=10358.7   simsec/sec=3598.82   ev/simsec=2.87837
     Messages:  created: 433589   present: 200463   in FES: 199544
** Event #1711872   t=547908.000000000098   Elapsed: 18.5936s (0m 18s)
     Speed:     ev/sec=727.763   simsec/sec=33.3558   ev/simsec=21.8182
     Messages:  created: 433798   present: 200441   in FES: 199520
** Event #2014464   t=639216.666666666789   Elapsed: 22.491s (0m 22s)
     Speed:     ev/sec=77639.2   simsec/sec=23428   ev/simsec=3.31395
     Messages:  created: 464897   present: 190745   in FES: 189702
** Event #2478848   t=785050   Elapsed: 24.4911s (0m 24s)
     Speed:     ev/sec=232185   simsec/sec=72914.6   ev/simsec=3.18435
     Messages:  created: 512543   present: 176282   in FES: 174160
** Event #2855168   t=910798   Elapsed: 31.4396s (0m 31s)
     Speed:     ev/sec=54158.5   simsec/sec=18097.1   ev/simsec=2.99265
     Messages:  created: 552851   present: 162636   in FES: 160755
** Event #2865152   t=911072.000000000072   Elapsed: 35.5751s (0m 35s)
     Speed:     ev/sec=2414.2   simsec/sec=66.255   ev/simsec=36.438
     Messages:  created: 553894   present: 162060   in FES: 160722
** Event #2865664   t=911088.000000000074   Elapsed: 39.7313s (0m 39s)
     Speed:     ev/sec=123.19   simsec/sec=3.84967   ev/simsec=32
     Messages:  created: 553935   present: 162051   in FES: 160716
** Event #2877952   t=912070.133333333529   Elapsed: 44.0102s (0m 44s)
     Speed:     ev/sec=2871.74   simsec/sec=229.528   ev/simsec=12.5115
     Messages:  created: 555280   present: 161464   in FES: 160574
** Event #3028736   t=963065.000000000001   Elapsed: 49.6052s (0m 49s)
     Speed:     ev/sec=26949.9   simsec/sec=9114.4   ev/simsec=2.95685
     Messages:  created: 570427   present: 157530   in FES: 155209
** Event #3485696   t=1110240   Elapsed: 51.6056s (0m 51s)
     Speed:     ev/sec=228438   simsec/sec=73573.8   ev/simsec=3.10488
     Messages:  created: 617981   present: 141789   in FES: 139534
** Event #3922176   t=1242189.666666666664   Elapsed: 53.607s (0m 53s)
     Speed:     ev/sec=218084   simsec/sec=65927.6   ev/simsec=3.30793
     Messages:  created: 663079   present: 126669   in FES: 125476
** Event #4309248   t=1360903.66666666699   Elapsed: 55.607s (0m 55s)
     Speed:     ev/sec=193535   simsec/sec=59356.6   ev/simsec=3.26054
     Messages:  created: 702950   present: 114238   in FES: 112833
** Event #4684288   t=1479244.666666666889   Elapsed: 57.6219s (0m 57s)
     Speed:     ev/sec=186138   simsec/sec=58734.5   ev/simsec=3.16915
     Messages:  created: 742437   present: 101460   in FES: 100247
** Event #4969216   t=1570120   Elapsed: 88.6923s (1m 28s)
     Speed:     ev/sec=9170.39   simsec/sec=2924.82   ev/simsec=3.13537
     Messages:  created: 771978   present: 91797   in FES: 90587
** Event #4969472   t=1570146.333333333578   Elapsed: 147.992s (2m 27s)
     Speed:     ev/sec=4.31702   simsec/sec=0.444069   ev/simsec=9.72152
     Messages:  created: 771995   present: 91786   in FES: 90581
** Event #4969728   t=1570170.333333333581   Elapsed: 201.851s (3m 21s)
     Speed:     ev/sec=4.7532   simsec/sec=0.445613   ev/simsec=10.6667
     Messages:  created: 772013   present: 91779   in FES: 90580
** Event #4969984   t=1570199.666666666918   Elapsed: 268.083s (4m 28s)
     Speed:     ev/sec=3.86522   simsec/sec=0.44289   ev/simsec=8.72727
     Messages:  created: 772030   present: 91766   in FES: 90574
** Event #4970240   t=1570223.666666666921   Elapsed: 322.544s (5m 22s)
     Speed:     ev/sec=4.70057   simsec/sec=0.440679   ev/simsec=10.6667
     Messages:  created: 772048   present: 91757   in FES: 90573
** Event #4970496   t=1570250   Elapsed: 378.04s (6m 18s)
     Speed:     ev/sec=4.61294   simsec/sec=0.474508   ev/simsec=9.72152
     Messages:  created: 772066   present: 91750   in FES: 90572
** Event #4970752   t=1570277.000000000261   Elapsed: 450.049s (7m 30s)
     Speed:     ev/sec=3.55511   simsec/sec=0.374953   ev/simsec=9.48148
     Messages:  created: 772083   present: 91737   in FES: 90566
** Event #4971008   t=1570301.000000000264   Elapsed: 508.126s (8m 28s)
     Speed:     ev/sec=4.40794   simsec/sec=0.413245   ev/simsec=10.6667
     Messages:  created: 772101   present: 91729   in FES: 90565
** Event #4971264   t=1570330   Elapsed: 577.201s (9m 37s)
     Speed:     ev/sec=3.70609   simsec/sec=0.419831   ev/simsec=8.82759
     Messages:  created: 772119   present: 91719   in FES: 90564
** Event #4971520   t=1570354.333333333604   Elapsed: 643.089s (10m 43s)
     Speed:     ev/sec=3.8854   simsec/sec=0.369315   ev/simsec=10.5205
     Messages:  created: 772136   present: 91708   in FES: 90558
** Event #4971776   t=1570380   Elapsed: 707.274s (11m 47s)
     Speed:     ev/sec=3.98848   simsec/sec=0.399887   ev/simsec=9.97403
     Messages:  created: 772154   present: 91701   in FES: 90557
** Event #4972032   t=1570407.666666666944   Elapsed: 785.366s (13m 05s)
     Speed:     ev/sec=3.27817   simsec/sec=0.354281   ev/simsec=9.25301
     Messages:  created: 772171   present: 91688   in FES: 90551
** Event #4972288   t=1570431.666666666947   Elapsed: 846.652s (14m 06s)
     Speed:     ev/sec=4.17715   simsec/sec=0.391608   ev/simsec=10.6667
     Messages:  created: 772189   present: 91680   in FES: 90550
** Event #4972544   t=1570460   Elapsed: 915.353s (15m 15s)
     Speed:     ev/sec=3.7263   simsec/sec=0.412416   ev/simsec=9.03529
     Messages:  created: 772207   present: 91670   in FES: 90549
** Event #4972800   t=1570485.000000000287   Elapsed: 979.746s (16m 19s)
     Speed:     ev/sec=3.97559   simsec/sec=0.388242   ev/simsec=10.24
     Messages:  created: 772224   present: 91659   in FES: 90543
** Event #4973056   t=1570510   Elapsed: 1040.8s (17m 20s)
     Speed:     ev/sec=4.19322   simsec/sec=0.409494   ev/simsec=10.24
     Messages:  created: 772242   present: 91652   in FES: 90542
** Event #4973312   t=1570538.333333333627   Elapsed: 1113.82s (18m 33s)
     Speed:     ev/sec=3.50558   simsec/sec=0.387987   ev/simsec=9.03529
     Messages:  created: 772259   present: 91639   in FES: 90536
** Event #4973568   t=1570562.33333333363   Elapsed: 1174.22s (19m 34s)
     Speed:     ev/sec=4.23869   simsec/sec=0.397377   ev/simsec=10.6667
     Messages:  created: 772277   present: 91631   in FES: 90535
** Event #4973824   t=1570590   Elapsed: 1241.8s (20m 41s)
     Speed:     ev/sec=3.78819   simsec/sec=0.409401   ev/simsec=9.25301
     Messages:  created: 772295   present: 91621   in FES: 90534
** Event #4974080   t=1570615.66666666697   Elapsed: 1310.66s (21m 50s)
     Speed:     ev/sec=3.71762   simsec/sec=0.37273   ev/simsec=9.97403
     Messages:  created: 772312   present: 91610   in FES: 90528
** Event #4974336   t=1570640   Elapsed: 1370.49s (22m 50s)
     Speed:     ev/sec=4.27905   simsec/sec=0.406733   ev/simsec=10.5205
     Messages:  created: 772330   present: 91603   in FES: 90527
** Event #4974592   t=1570669.00000000031   Elapsed: 1443.81s (24m 03s)
     Speed:     ev/sec=3.49143   simsec/sec=0.395513   ev/simsec=8.82759
     Messages:  created: 772347   present: 91590   in FES: 90521
** Event #4974848   t=1570693.000000000313   Elapsed: 1503.04s (25m 03s)
     Speed:     ev/sec=4.32223   simsec/sec=0.405209   ev/simsec=10.6667
     Messages:  created: 772365   present: 91581   in FES: 90520
** Event #4975104   t=1570720   Elapsed: 1570.44s (26m 10s)
     Speed:     ev/sec=3.79826   simsec/sec=0.400597   ev/simsec=9.48148
     Messages:  created: 772383   present: 91572   in FES: 90519
** Event #4975360   t=1570746.333333333653   Elapsed: 1637.14s (27m 17s)
     Speed:     ev/sec=3.83794   simsec/sec=0.394788   ev/simsec=9.72152
     Messages:  created: 772400   present: 91561   in FES: 90513
** Event #4975616   t=1570770.333333333656   Elapsed: 1700.09s (28m 20s)
     Speed:     ev/sec=4.06682   simsec/sec=0.381264   ev/simsec=10.6667
     Messages:  created: 772420   present: 91554   in FES: 90515
** Event #4975872   t=1570799.666666666993   Elapsed: 1774.47s (29m 34s)
     Speed:     ev/sec=3.44177   simsec/sec=0.39437   ev/simsec=8.72727
     Messages:  created: 772437   present: 91541   in FES: 90511
** Event #4976128   t=1570823.666666666996   Elapsed: 1836s (30m 36s)
     Speed:     ev/sec=4.16025   simsec/sec=0.390023   ev/simsec=10.6667
     Messages:  created: 772455   present: 91532   in FES: 90513
** Event #4976384   t=1570850   Elapsed: 1895.33s (31m 35s)
     Speed:     ev/sec=4.31466   simsec/sec=0.443826   ev/simsec=9.72152
     Messages:  created: 772473   present: 91525   in FES: 90515
** Event #4976640   t=1570877.000000000336   Elapsed: 1963.29s (32m 43s)
     Speed:     ev/sec=3.76719   simsec/sec=0.397321   ev/simsec=9.48148
     Messages:  created: 772490   present: 91513   in FES: 90498
** Event #4976896   t=1570900.8   Elapsed: 2027.13s (33m 47s)
     Speed:     ev/sec=4.00994   simsec/sec=0.372799   ev/simsec=10.7563
     Messages:  created: 772507   present: 91505   in FES: 90497
** Event #4977152   t=1570927.666666667009   Elapsed: 2103.76s (35m 03s)
     Speed:     ev/sec=3.34062   simsec/sec=0.350591   ev/simsec=9.52854
     Messages:  created: 772524   present: 91493   in FES: 90493
** Event #4977408   t=1570951.666666667012   Elapsed: 2169.37s (36m 09s)
     Speed:     ev/sec=3.90189   simsec/sec=0.365803   ev/simsec=10.6667
     Messages:  created: 772542   present: 91485   in FES: 90495
** Event #4977664   t=1570980   Elapsed: 2238.83s (37m 18s)
     Speed:     ev/sec=3.68548   simsec/sec=0.407898   ev/simsec=9.03529
     Messages:  created: 772560   present: 91475   in FES: 90496
** Event #4977920   t=1571005.000000000352   Elapsed: 2311.54s (38m 31s)
     Speed:     ev/sec=3.52087   simsec/sec=0.343835   ev/simsec=10.24
     Messages:  created: 772577   present: 91464   in FES: 90493
** Event #4978176   t=1571030   Elapsed: 2377.68s (39m 37s)
     Speed:     ev/sec=3.87069   simsec/sec=0.377997   ev/simsec=10.24
     Messages:  created: 772595   present: 91457   in FES: 90495
** Event #4978432   t=1571058.333333333692   Elapsed: 2449.76s (40m 49s)
     Speed:     ev/sec=3.55147   simsec/sec=0.393066   ev/simsec=9.03529
     Messages:  created: 772612   present: 91445   in FES: 90480
** Event #4978688   t=1571100   Elapsed: 2478.1s (41m 18s)
     Speed:     ev/sec=9.03385   simsec/sec=1.47035   ev/simsec=6.144
     Messages:  created: 772630   present: 91442   in FES: 90477
** Event #5005056   t=1581590   Elapsed: 2494.66s (41m 34s)
     Speed:     ev/sec=1592.62   simsec/sec=633.595   ev/simsec=2.51363
     Messages:  created: 775955   present: 89947   in FES: 89355
** Event #5005312   t=1581621.666666666791   Elapsed: 2590.99s (43m 10s)
     Speed:     ev/sec=2.65757   simsec/sec=0.328736   ev/simsec=8.08421
     Messages:  created: 775970   present: 89935   in FES: 89348
** Event #5005568   t=1581653.666666666795   Elapsed: 2691.19s (44m 51s)
     Speed:     ev/sec=2.55486   simsec/sec=0.319358   ev/simsec=8
     Messages:  created: 775985   present: 89923   in FES: 89341
** Event #5005824   t=1581685.666666666799   Elapsed: 2787.77s (46m 27s)
     Speed:     ev/sec=2.65051   simsec/sec=0.331313   ev/simsec=8
     Messages:  created: 776000   present: 89911   in FES: 89334
** Event #5006080   t=1581720   Elapsed: 2881.29s (48m 01s)
     Speed:     ev/sec=2.73759   simsec/sec=0.367151   ev/simsec=7.45631
     Messages:  created: 776016   present: 89899   in FES: 89342
** Event #5006336   t=1581750   Elapsed: 2979.01s (49m 39s)
     Speed:     ev/sec=2.61953   simsec/sec=0.306976   ev/simsec=8.53333
     Messages:  created: 776031   present: 89887   in FES: 89335
** Event #5006592   t=1581781.666666666811   Elapsed: 3074.12s (51m 14s)
     Speed:     ev/sec=2.69175   simsec/sec=0.332963   ev/simsec=8.08421
     Messages:  created: 776046   present: 89875   in FES: 89328
** Event #5006848   t=1581813.666666666815   Elapsed: 3166.95s (52m 46s)
     Speed:     ev/sec=2.75769   simsec/sec=0.344712   ev/simsec=8
     Messages:  created: 776061   present: 89863   in FES: 89321
** Event #5007104   t=1581848.333333333486   Elapsed: 3264.56s (54m 24s)
     Speed:     ev/sec=2.62261   simsec/sec=0.355145   ev/simsec=7.38462
     Messages:  created: 776077   present: 89851   in FES: 89319
** Event #5007360   t=1581880   Elapsed: 3362.06s (56m 02s)
     Speed:     ev/sec=2.62585   simsec/sec=0.324812   ev/simsec=8.08421
     Messages:  created: 776094   present: 89839   in FES: 89324
** Event #5007616   t=1581910   Elapsed: 3458.33s (57m 38s)
     Speed:     ev/sec=2.65902   simsec/sec=0.311604   ev/simsec=8.53333
     Messages:  created: 776109   present: 89827   in FES: 89317
** Event #5007872   t=1581941.666666666831   Elapsed: 3550.46s (59m 10s)
     Speed:     ev/sec=2.77875   simsec/sec=0.343726   ev/simsec=8.08421
     Messages:  created: 776124   present: 89815   in FES: 89310
** Event #5008128   t=1581973.666666666835   Elapsed: 3647.59s (1h 00m)
     Speed:     ev/sec=2.63578   simsec/sec=0.329473   ev/simsec=8
     Messages:  created: 776139   present: 89803   in FES: 89303
** Event #5008384   t=1582008.333333333506   Elapsed: 3742.23s (1h 02m)
     Speed:     ev/sec=2.70471   simsec/sec=0.366263   ev/simsec=7.38462
     Messages:  created: 776155   present: 89791   in FES: 89301
** Event #5008640   t=1582070   Elapsed: 3816.43s (1h 03m)
     Speed:     ev/sec=3.45017   simsec/sec=0.831097   ev/simsec=4.15135
     Messages:  created: 776171   present: 89782   in FES: 89308
** Event #5008896   t=1582140   Elapsed: 3882.58s (1h 04m)
     Speed:     ev/sec=3.87049   simsec/sec=1.05834   ev/simsec=3.65714
     Messages:  created: 776187   present: 89774   in FES: 89298
** Event #5009152   t=1582220   Elapsed: 3937.12s (1h 05m)
     Speed:     ev/sec=4.69352   simsec/sec=1.46673   ev/simsec=3.2
     Messages:  created: 776202   present: 89766   in FES: 89289
** Event #5009408   t=1582290   Elapsed: 3997.77s (1h 06m)
     Speed:     ev/sec=4.22052   simsec/sec=1.15405   ev/simsec=3.65714
     Messages:  created: 776217   present: 89759   in FES: 89281
** Event #5009664   t=1582370   Elapsed: 4053.45s (1h 07m)
     Speed:     ev/sec=4.59772   simsec/sec=1.43679   ev/simsec=3.2
     Messages:  created: 776233   present: 89752   in FES: 89276
** Event #5009920   t=1582440   Elapsed: 4116.39s (1h 08m)
     Speed:     ev/sec=4.06758   simsec/sec=1.11223   ev/simsec=3.65714
     Messages:  created: 776247   present: 89744   in FES: 89264
** Event #5010176   t=1582520   Elapsed: 4171.86s (1h 09m)
     Speed:     ev/sec=4.61481   simsec/sec=1.44213   ev/simsec=3.2
     Messages:  created: 776264   present: 89736   in FES: 89257
** Event #5010432   t=1582590   Elapsed: 4236.06s (1h 10m)
     Speed:     ev/sec=3.9881   simsec/sec=1.0905   ev/simsec=3.65714
     Messages:  created: 776279   present: 89729   in FES: 89249
** Event #5010688   t=1582670   Elapsed: 4289.78s (1h 11m)
     Speed:     ev/sec=4.76511   simsec/sec=1.4891   ev/simsec=3.2
     Messages:  created: 776295   present: 89722   in FES: 89244
** Event #5010944   t=1582740   Elapsed: 4350.72s (1h 12m)
     Speed:     ev/sec=4.20072   simsec/sec=1.14863   ev/simsec=3.65714
     Messages:  created: 776309   present: 89710   in FES: 89232
** Event #5011200   t=1582820   Elapsed: 4404.07s (1h 13m)
     Speed:     ev/sec=4.79847   simsec/sec=1.49952   ev/simsec=3.2
     Messages:  created: 776324   present: 89698   in FES: 89223
** Event #5011456   t=1582890   Elapsed: 4464.91s (1h 14m)
     Speed:     ev/sec=4.20775   simsec/sec=1.15056   ev/simsec=3.65714
     Messages:  created: 776339   present: 89691   in FES: 89215
** Event #5011712   t=1582970   Elapsed: 4518.25s (1h 15m)
     Speed:     ev/sec=4.79936   simsec/sec=1.4998   ev/simsec=3.2
     Messages:  created: 776355   present: 89684   in FES: 89210
** Event #5011968   t=1583040   Elapsed: 4579.23s (1h 16m)
     Speed:     ev/sec=4.19805   simsec/sec=1.1479   ev/simsec=3.65714
     Messages:  created: 776369   present: 89676   in FES: 89198
** Event #5012224   t=1583120   Elapsed: 4640.72s (1h 17m)
     Speed:     ev/sec=4.16378   simsec/sec=1.30118   ev/simsec=3.2
     Messages:  created: 776385   present: 89668   in FES: 89206
** Event #5012480   t=1583190   Elapsed: 4702.87s (1h 18m)
     Speed:     ev/sec=4.11895   simsec/sec=1.12628   ev/simsec=3.65714
     Messages:  created: 776399   present: 89661   in FES: 89181
** Event #5012736   t=1583270   Elapsed: 4770.72s (1h 19m)
     Speed:     ev/sec=3.77296   simsec/sec=1.17905   ev/simsec=3.2
     Messages:  created: 776415   present: 89653   in FES: 89189
** Event #5012992   t=1583340   Elapsed: 4835.39s (1h 20m)
     Speed:     ev/sec=3.95844   simsec/sec=1.08239   ev/simsec=3.65714
     Messages:  created: 776429   present: 89646   in FES: 89164
** Event #5013248   t=1583420   Elapsed: 4901.16s (1h 21m)
     Speed:     ev/sec=3.89249   simsec/sec=1.2164   ev/simsec=3.2
     Messages:  created: 776447   present: 89638   in FES: 89174
** Event #5013504   t=1583490   Elapsed: 4966.13s (1h 22m)
     Speed:     ev/sec=3.94035   simsec/sec=1.07744   ev/simsec=3.65714
     Messages:  created: 776461   present: 89631   in FES: 89149
** Event #5013760   t=1583570   Elapsed: 5036.88s (1h 23m)
     Speed:     ev/sec=3.61836   simsec/sec=1.13074   ev/simsec=3.2
     Messages:  created: 776477   present: 89623   in FES: 89157
** Event #5014016   t=1583640   Elapsed: 5095.42s (1h 24m)
     Speed:     ev/sec=4.37305   simsec/sec=1.19576   ev/simsec=3.65714
     Messages:  created: 776493   present: 89616   in FES: 89134
** Event #5014272   t=1583720   Elapsed: 5165.48s (1h 26m)
     Speed:     ev/sec=3.65396   simsec/sec=1.14186   ev/simsec=3.2
     Messages:  created: 776509   present: 89608   in FES: 89142
** Event #5014528   t=1583790   Elapsed: 5225.66s (1h 27m)
     Speed:     ev/sec=4.25374   simsec/sec=1.16313   ev/simsec=3.65714
     Messages:  created: 776523   present: 89601   in FES: 89117
** Event #5014784   t=1583870   Elapsed: 5293.95s (1h 28m)
     Speed:     ev/sec=3.74892   simsec/sec=1.17154   ev/simsec=3.2
     Messages:  created: 776539   present: 89593   in FES: 89125
** Event #5015040   t=1583940   Elapsed: 5351.58s (1h 29m)
     Speed:     ev/sec=4.44161   simsec/sec=1.2145   ev/simsec=3.65714
     Messages:  created: 776553   present: 89586   in FES: 89100
** Event #5015296   t=1584380   Elapsed: 5395.42s (1h 29m)
     Speed:     ev/sec=5.83951   simsec/sec=10.0366   ev/simsec=0.581818
     Messages:  created: 776602   present: 89580   in FES: 89048
** Event #5212416   t=1656000   Elapsed: 5397.81s (1h 29m)
     Speed:     ev/sec=82582.3   simsec/sec=30004.8   ev/simsec=2.7523
     Messages:  created: 796914   present: 84466   in FES: 81488
** Event #5256192   t=1660538.000000000242   Elapsed: 8701.69s (2h 25m)
     Speed:     ev/sec=13.2499   simsec/sec=1.37354   ev/simsec=9.64654
     Messages:  created: 801130   present: 82555   in FES: 80944
** Event #5286912   t=1672063.000000000123   Elapsed: 11201.1s (3h 06m)
     Speed:     ev/sec=12.2908   simsec/sec=4.61104   ev/simsec=2.66551
     Messages:  created: 805217   present: 80716   in FES: 79720
** Event #5287168   t=1672100.333333333461   Elapsed: 11336.6s (3h 08m)
     Speed:     ev/sec=1.88973   simsec/sec=0.275585   ev/simsec=6.85714
     Messages:  created: 805235   present: 80702   in FES: 79706
** Event #5287424   t=1672140.333333333466   Elapsed: 11487.3s (3h 11m)
     Speed:     ev/sec=1.69856   simsec/sec=0.265401   ev/simsec=6.4
     Messages:  created: 805254   present: 80687   in FES: 79709
** Event #5287680   t=1672180.333333333471   Elapsed: 11619.3s (3h 13m)
     Speed:     ev/sec=1.94007   simsec/sec=0.303136   ev/simsec=6.4
     Messages:  created: 805272   present: 80672   in FES: 79695
** Event #5287936   t=1672217.666666666809   Elapsed: 11766.1s (3h 16m)
     Speed:     ev/sec=1.74299   simsec/sec=0.254186   ev/simsec=6.85714
     Messages:  created: 805290   present: 80658   in FES: 79697
** Event #5288192   t=1672257.666666666814   Elapsed: 11910s (3h 18m)
     Speed:     ev/sec=1.77912   simsec/sec=0.277988   ev/simsec=6.4
     Messages:  created: 805309   present: 80643   in FES: 79700
** Event #5288448   t=1672295.000000000152   Elapsed: 12040.2s (3h 20m)
     Speed:     ev/sec=1.96738   simsec/sec=0.28691   ev/simsec=6.85714
     Messages:  created: 805327   present: 80629   in FES: 79686
** Event #5288704   t=1672335.000000000157   Elapsed: 12182.5s (3h 23m)
     Speed:     ev/sec=1.79895   simsec/sec=0.281086   ev/simsec=6.4
     Messages:  created: 805346   present: 80614   in FES: 79689
** Event #5288960   t=1672375.000000000162   Elapsed: 12315.7s (3h 25m)
     Speed:     ev/sec=1.92132   simsec/sec=0.300207   ev/simsec=6.4
     Messages:  created: 805365   present: 80600   in FES: 79678
** Event #5289216   t=1672412.3333333335   Elapsed: 12459.9s (3h 27m)
     Speed:     ev/sec=1.77469   simsec/sec=0.258808   ev/simsec=6.85714
     Messages:  created: 805383   present: 80585   in FES: 79678
** Event #5289472   t=1672452.333333333505   Elapsed: 12602.5s (3h 30m)
     Speed:     ev/sec=1.79591   simsec/sec=0.280611   ev/simsec=6.4
     Messages:  created: 805402   present: 80570   in FES: 79681
** Event #5289728   t=1672489.666666666843   Elapsed: 12734.8s (3h 32m)
     Speed:     ev/sec=1.93505   simsec/sec=0.282195   ev/simsec=6.85714
     Messages:  created: 805421   present: 80556   in FES: 79668
** Event #5289984   t=1672529.666666666848   Elapsed: 12873.1s (3h 34m)
     Speed:     ev/sec=1.85068   simsec/sec=0.289169   ev/simsec=6.4
     Messages:  created: 805440   present: 80541   in FES: 79671
** Event #5290240   t=1672567.000000000186   Elapsed: 13001s (3h 36m)
     Speed:     ev/sec=2.00154   simsec/sec=0.291891   ev/simsec=6.85714
     Messages:  created: 805458   present: 80527   in FES: 79657
** Event #5290496   t=1672607.000000000191   Elapsed: 13140.4s (3h 39m)
     Speed:     ev/sec=1.8366   simsec/sec=0.286969   ev/simsec=6.4
     Messages:  created: 805477   present: 80512   in FES: 79660
** Event #5290752   t=1672647.000000000196   Elapsed: 13275.6s (3h 41m)
     Speed:     ev/sec=1.89388   simsec/sec=0.295919   ev/simsec=6.4
     Messages:  created: 805496   present: 80498   in FES: 79649
** Event #5291008   t=1672684.333333333534   Elapsed: 13413.8s (3h 43m)
     Speed:     ev/sec=1.85237   simsec/sec=0.270138   ev/simsec=6.85714
     Messages:  created: 805514   present: 80483   in FES: 79649
** Event #5291264   t=1672724.333333333539   Elapsed: 13558s (3h 45m)
     Speed:     ev/sec=1.77541   simsec/sec=0.277408   ev/simsec=6.4
     Messages:  created: 805533   present: 80468   in FES: 79652
** Event #5291520   t=1672761.666666666877   Elapsed: 13699.8s (3h 48m)
     Speed:     ev/sec=1.8047   simsec/sec=0.263186   ev/simsec=6.85714
     Messages:  created: 805551   present: 80454   in FES: 79638
** Event #5291776   t=1672801.666666666882   Elapsed: 13850.6s (3h 50m)
     Speed:     ev/sec=1.69803   simsec/sec=0.265318   ev/simsec=6.4
     Messages:  created: 805570   present: 80439   in FES: 79641
** Event #5292032   t=1672841.666666666887   Elapsed: 13984.8s (3h 53m)
     Speed:     ev/sec=1.90776   simsec/sec=0.298087   ev/simsec=6.4
     Messages:  created: 805588   present: 80424   in FES: 79627
** Event #5292288   t=1672879.000000000225   Elapsed: 14127.6s (3h 55m)
     Speed:     ev/sec=1.79196   simsec/sec=0.261328   ev/simsec=6.85714
     Messages:  created: 805606   present: 80410   in FES: 79629
** Event #5292544   t=1672919.00000000023   Elapsed: 14272.6s (3h 57m)
     Speed:     ev/sec=1.76608   simsec/sec=0.275951   ev/simsec=6.4
     Messages:  created: 805625   present: 80395   in FES: 79632
** Event #5292800   t=1672956.333333333568   Elapsed: 14406.6s (4h 00m)
     Speed:     ev/sec=1.90994   simsec/sec=0.278533   ev/simsec=6.85714
     Messages:  created: 805643   present: 80381   in FES: 79618
** Event #5293056   t=1672996.333333333573   Elapsed: 14556.9s (4h 02m)
     Speed:     ev/sec=1.70354   simsec/sec=0.266179   ev/simsec=6.4
     Messages:  created: 805662   present: 80366   in FES: 79621
** Event #5574400   t=1763177.666666666788   Elapsed: 16704.7s (4h 38m)
     Speed:     ev/sec=130.993   simsec/sec=41.9883   ev/simsec=3.11976
     Messages:  created: 834772   present: 70868   in FES: 70026
** Event #5920512   t=1873130   Elapsed: 16706.7s (4h 38m)
     Speed:     ev/sec=172987   simsec/sec=54954.3   ev/simsec=3.14784
     Messages:  created: 870074   present: 59977   in FES: 58315
** Event #6002944   t=1900619.666666666908   Elapsed: 16752.8s (4h 39m)
     Speed:     ev/sec=1786.53   simsec/sec=595.779   ev/simsec=2.99865
     Messages:  created: 878602   present: 57266   in FES: 55387
** Event #6003200   t=1900649.000000000245   Elapsed: 16846.7s (4h 40m)
     Speed:     ev/sec=2.72547   simsec/sec=0.312294   ev/simsec=8.72727
     Messages:  created: 878619   present: 57241   in FES: 55367
** Event #6003456   t=1900678.333333333582   Elapsed: 16957.2s (4h 42m)
     Speed:     ev/sec=2.31809   simsec/sec=0.265614   ev/simsec=8.72727
     Messages:  created: 878636   present: 57226   in FES: 55375
** Event #6003712   t=1900707.666666666919   Elapsed: 17057.3s (4h 44m)
     Speed:     ev/sec=2.55715   simsec/sec=0.293007   ev/simsec=8.72727
     Messages:  created: 878653   present: 57208   in FES: 55369
** Event #6003968   t=1900737.000000000256   Elapsed: 17156.7s (4h 45m)
     Speed:     ev/sec=2.57578   simsec/sec=0.295142   ev/simsec=8.72727
     Messages:  created: 878670   present: 57194   in FES: 55363
** Event #6004224   t=1900766.333333333593   Elapsed: 17256.4s (4h 47m)
     Speed:     ev/sec=2.56808   simsec/sec=0.29426   ev/simsec=8.72727
     Messages:  created: 878687   present: 57180   in FES: 55357
** Event #6004480   t=1900795.66666666693   Elapsed: 17353.3s (4h 49m)
     Speed:     ev/sec=2.64009   simsec/sec=0.30251   ev/simsec=8.72727
     Messages:  created: 878704   present: 57166   in FES: 55351
** Event #6004736   t=1900820   Elapsed: 17429.3s (4h 50m)
     Speed:     ev/sec=3.37169   simsec/sec=0.320486   ev/simsec=10.5205
     Messages:  created: 878724   present: 57159   in FES: 55360
** Event #6004992   t=1900845.333333333333   Elapsed: 17505.2s (4h 51m)
     Speed:     ev/sec=3.37194   simsec/sec=0.333681   ev/simsec=10.1053
     Messages:  created: 878742   present: 57148   in FES: 55344
** Event #6005248   t=1900870   Elapsed: 17580.7s (4h 53m)
     Speed:     ev/sec=3.39034   simsec/sec=0.326673   ev/simsec=10.3784
     Messages:  created: 878762   present: 57141   in FES: 55353
** Event #6005504   t=1900894.333333333609   Elapsed: 17656.4s (4h 54m)
     Speed:     ev/sec=3.38269   simsec/sec=0.321532   ev/simsec=10.5205
     Messages:  created: 878781   present: 57127   in FES: 55340
** Event #6005760   t=1900920   Elapsed: 17740.1s (4h 55m)
     Speed:     ev/sec=3.05893   simsec/sec=0.30669   ev/simsec=9.97403
     Messages:  created: 878801   present: 57118   in FES: 55350
** Event #6006016   t=1900942.333333333615   Elapsed: 17817.5s (4h 56m)
     Speed:     ev/sec=3.30699   simsec/sec=0.2885   ev/simsec=11.4627
     Messages:  created: 878819   present: 57108   in FES: 55341
** Event #6006272   t=1900969.000000000285   Elapsed: 17901.4s (4h 58m)
     Speed:     ev/sec=3.05027   simsec/sec=0.317736   ev/simsec=9.6
     Messages:  created: 878837   present: 57097   in FES: 55332
** Event #6006528   t=1900990.8   Elapsed: 17972s (4h 59m)
     Speed:     ev/sec=3.62563   simsec/sec=0.308745   ev/simsec=11.7431
     Messages:  created: 878857   present: 57086   in FES: 55328
** Event #6006784   t=1901019.666666666958   Elapsed: 18056.3s (5h 00m)
     Speed:     ev/sec=3.03623   simsec/sec=0.342367   ev/simsec=8.86836
     Messages:  created: 878876   present: 57075   in FES: 55324
** Event #6007040   t=1901041.000000000294   Elapsed: 18132s (5h 02m)
     Speed:     ev/sec=3.38229   simsec/sec=0.281857   ev/simsec=12
     Messages:  created: 878896   present: 57067   in FES: 55333
** Event #6007296   t=1901067.666666666964   Elapsed: 18220.6s (5h 03m)
     Speed:     ev/sec=2.89014   simsec/sec=0.301056   ev/simsec=9.6
     Messages:  created: 878914   present: 57056   in FES: 55325
** Event #6007552   t=1901090   Elapsed: 18291s (5h 04m)
     Speed:     ev/sec=3.63486   simsec/sec=0.317104   ev/simsec=11.4627
     Messages:  created: 878934   present: 57051   in FES: 55321
** Event #6007808   t=1901118.333333333637   Elapsed: 18379.8s (5h 06m)
     Speed:     ev/sec=2.88351   simsec/sec=0.319138   ev/simsec=9.03529
     Messages:  created: 878952   present: 57037   in FES: 55312
** Event #6008064   t=1901140   Elapsed: 18466.7s (5h 07m)
     Speed:     ev/sec=2.94524   simsec/sec=0.249271   ev/simsec=11.8154
     Messages:  created: 878972   present: 57031   in FES: 55318
** Event #6008320   t=1901166.333333333643   Elapsed: 18556.8s (5h 09m)
     Speed:     ev/sec=2.84229   simsec/sec=0.292371   ev/simsec=9.72152
     Messages:  created: 878991   present: 57019   in FES: 55317
** Event #6008576   t=1901190   Elapsed: 18630.9s (5h 10m)
     Speed:     ev/sec=3.45501   simsec/sec=0.319408   ev/simsec=10.8169
     Messages:  created: 879011   present: 57014   in FES: 55314
** Event #6008832   t=1901214.333333333649   Elapsed: 18726.8s (5h 12m)
     Speed:     ev/sec=2.66891   simsec/sec=0.253686   ev/simsec=10.5205
     Messages:  created: 879029   present: 57002   in FES: 55305
** Event #6009088   t=1901240   Elapsed: 18810.5s (5h 13m)
     Speed:     ev/sec=3.05755   simsec/sec=0.306552   ev/simsec=9.97403
     Messages:  created: 879049   present: 56994   in FES: 55310
** Event #6009344   t=1901270   Elapsed: 18889.5s (5h 14m)
     Speed:     ev/sec=3.24165   simsec/sec=0.379881   ev/simsec=8.53333
     Messages:  created: 879069   present: 56985   in FES: 55307
** Event #6243840   t=1986776.4   Elapsed: 18891.5s (5h 14m)
     Speed:     ev/sec=117195   simsec/sec=42734   ev/simsec=2.74244
     Messages:  created: 904332   present: 49055   in FES: 46239
** Event #6277120   t=1988465.466666666907   Elapsed: 19024.8s (5h 17m)
     Speed:     ev/sec=249.704   simsec/sec=12.6733   ev/simsec=19.7032
     Messages:  created: 907332   present: 47903   in FES: 46035
** Event #6416896   t=2036470   Elapsed: 19033.7s (5h 17m)
     Speed:     ev/sec=15722.2   simsec/sec=5399.6   ev/simsec=2.91173
     Messages:  created: 922152   present: 43633   in FES: 40913
** Event #6572288   t=2078168.3333333336   Elapsed: 19075.9s (5h 17m)
     Speed:     ev/sec=3678.02   simsec/sec=986.97   ev/simsec=3.72658
     Messages:  created: 937835   present: 38239   in FES: 36470
** Event #6572544   t=2078190   Elapsed: 19159.9s (5h 19m)
     Speed:     ev/sec=3.04985   simsec/sec=0.258125   ev/simsec=11.8154
     Messages:  created: 937852   present: 38230   in FES: 36475
** Event #6572800   t=2078213.666666666939   Elapsed: 19255.6s (5h 20m)
     Speed:     ev/sec=2.6737   simsec/sec=0.247178   ev/simsec=10.8169
     Messages:  created: 937869   present: 38217   in FES: 36461
** Event #6573056   t=2078240   Elapsed: 19352.1s (5h 22m)
     Speed:     ev/sec=2.65151   simsec/sec=0.272746   ev/simsec=9.72152
     Messages:  created: 937886   present: 38207   in FES: 36463
** Event #6573312   t=2078261.666666666945   Elapsed: 19451.3s (5h 24m)
     Speed:     ev/sec=2.58104   simsec/sec=0.218448   ev/simsec=11.8154
     Messages:  created: 937902   present: 38195   in FES: 36468
** Event #6573568   t=2078288.333333333615   Elapsed: 19547.3s (5h 25m)
     Speed:     ev/sec=2.66634   simsec/sec=0.277744   ev/simsec=9.6
     Messages:  created: 937918   present: 38183   in FES: 36455
** Event #6573824   t=2078310   Elapsed: 19644.4s (5h 27m)
     Speed:     ev/sec=2.6365   simsec/sec=0.223141   ev/simsec=11.8154
     Messages:  created: 937934   present: 38173   in FES: 36456
** Event #6574080   t=2078333.666666666954   Elapsed: 19732.6s (5h 28m)
     Speed:     ev/sec=2.90497   simsec/sec=0.268558   ev/simsec=10.8169
     Messages:  created: 937952   present: 38161   in FES: 36448
** Event #6574336   t=2078357.666666666957   Elapsed: 19842.5s (5h 30m)
     Speed:     ev/sec=2.32931   simsec/sec=0.218373   ev/simsec=10.6667
     Messages:  created: 937967   present: 38149   in FES: 36445
** Event #6574592   t=2078380   Elapsed: 19929.1s (5h 32m)
     Speed:     ev/sec=2.95422   simsec/sec=0.257725   ev/simsec=11.4627
     Messages:  created: 937986   present: 38141   in FES: 36451
** Event #6574848   t=2078405.666666666963   Elapsed: 20026.2s (5h 33m)
     Speed:     ev/sec=2.63652   simsec/sec=0.264339   ev/simsec=9.97403
     Messages:  created: 938002   present: 38127   in FES: 36439
** Event #6575104   t=2078429.666666666966   Elapsed: 20146.4s (5h 35m)
     Speed:     ev/sec=2.1298   simsec/sec=0.199669   ev/simsec=10.6667
     Messages:  created: 938017   present: 38111   in FES: 36437
** Event #6575360   t=2078451.000000000302   Elapsed: 20229.4s (5h 37m)
     Speed:     ev/sec=3.08391   simsec/sec=0.256992   ev/simsec=12
     Messages:  created: 938034   present: 38089   in FES: 36434
** Event #6575616   t=2078477.666666666972   Elapsed: 20339.9s (5h 38m)
     Speed:     ev/sec=2.31849   simsec/sec=0.24151   ev/simsec=9.6
     Messages:  created: 938050   present: 38068   in FES: 36425
** Event #6575872   t=2078501.666666666975   Elapsed: 20421.3s (5h 40m)
     Speed:     ev/sec=3.14476   simsec/sec=0.294821   ev/simsec=10.6667
     Messages:  created: 938068   present: 38050   in FES: 36415
** Event #6576128   t=2078528.333333333645   Elapsed: 20539.8s (5h 42m)
     Speed:     ev/sec=2.15985   simsec/sec=0.224985   ev/simsec=9.6
     Messages:  created: 938084   present: 38032   in FES: 36415
** Event #6576384   t=2078552.333333333648   Elapsed: 20637.6s (5h 43m)
     Speed:     ev/sec=2.61691   simsec/sec=0.245335   ev/simsec=10.6667
     Messages:  created: 938102   present: 38017   in FES: 36409
** Event #6576640   t=2078580   Elapsed: 20742.3s (5h 45m)
     Speed:     ev/sec=2.44584   simsec/sec=0.264329   ev/simsec=9.25301
     Messages:  created: 938122   present: 37997   in FES: 36410
** Event #6576896   t=2078605.666666666988   Elapsed: 20849.1s (5h 47m)
     Speed:     ev/sec=2.3972   simsec/sec=0.240345   ev/simsec=9.97403
     Messages:  created: 938141   present: 37983   in FES: 36396
** Event #6577152   t=2078632.333333333658   Elapsed: 20959.9s (5h 49m)
     Speed:     ev/sec=2.30883   simsec/sec=0.240503   ev/simsec=9.6
     Messages:  created: 938160   present: 37971   in FES: 36401
** Event #6577408   t=2078660   Elapsed: 21070.8s (5h 51m)
     Speed:     ev/sec=2.31009   simsec/sec=0.249658   ev/simsec=9.25301
     Messages:  created: 938178   present: 37955   in FES: 36385
** Event #6577664   t=2078685.666666666998   Elapsed: 21180.8s (5h 53m)
     Speed:     ev/sec=2.32639   simsec/sec=0.233245   ev/simsec=9.97403
     Messages:  created: 938197   present: 37941   in FES: 36382
** Event #6577920   t=2078712.333333333668   Elapsed: 21290.9s (5h 54m)
     Speed:     ev/sec=2.32576   simsec/sec=0.242267   ev/simsec=9.6
     Messages:  created: 938216   present: 37929   in FES: 36384
** Event #6578176   t=2078740   Elapsed: 21392.2s (5h 56m)
     Speed:     ev/sec=2.52556   simsec/sec=0.272945   ev/simsec=9.25301
     Messages:  created: 938235   present: 37918   in FES: 36383
** Event #6578432   t=2078768.333333333675   Elapsed: 21498.3s (5h 58m)
     Speed:     ev/sec=2.41473   simsec/sec=0.267255   ev/simsec=9.03529
     Messages:  created: 938252   present: 37902   in FES: 36380
** Event #6578688   t=2078800.333333333679   Elapsed: 21632s (6h 00m)
     Speed:     ev/sec=1.91453   simsec/sec=0.239316   ev/simsec=8
     Messages:  created: 938270   present: 37885   in FES: 36369
** Event #6578944   t=2078837.666666667017   Elapsed: 21795.7s (6h 03m)
     Speed:     ev/sec=1.5632   simsec/sec=0.227967   ev/simsec=6.85714
     Messages:  created: 938287   present: 37871   in FES: 36368
** Event #6579200   t=2078875.000000000355   Elapsed: 21952.1s (6h 05m)
     Speed:     ev/sec=1.63736   simsec/sec=0.238781   ev/simsec=6.85714
     Messages:  created: 938305   present: 37857   in FES: 36368
** Event #6579456   t=2078912.333333333693   Elapsed: 22093.2s (6h 08m)
     Speed:     ev/sec=1.81473   simsec/sec=0.264649   ev/simsec=6.85714
     Messages:  created: 938323   present: 37844   in FES: 36354
** Event #6579712   t=2080050   Elapsed: 22103.7s (6h 08m)
     Speed:     ev/sec=24.2055   simsec/sec=107.57   ev/simsec=0.225022
     Messages:  created: 938441   present: 37834   in FES: 36230
** Event #6705664   t=2127477.2   Elapsed: 22115.6s (6h 08m)
     Speed:     ev/sec=10593   simsec/sec=3988.78   ev/simsec=2.65569
     Messages:  created: 951958   present: 34161   in FES: 31224
** Event #6844160   t=2167238.333333333542   Elapsed: 22202.8s (6h 10m)
     Speed:     ev/sec=1589.49   simsec/sec=456.33   ev/simsec=3.4832
     Messages:  created: 966706   present: 28379   in FES: 26937
** Event #6844416   t=2167273.000000000213   Elapsed: 22336.4s (6h 12m)
     Speed:     ev/sec=1.91526   simsec/sec=0.259358   ev/simsec=7.38462
     Messages:  created: 966727   present: 28362   in FES: 26942
** Event #6844672   t=2167307.666666666884   Elapsed: 22467.8s (6h 14m)
     Speed:     ev/sec=1.94877   simsec/sec=0.263896   ev/simsec=7.38462
     Messages:  created: 966746   present: 28346   in FES: 26937
** Event #6844928   t=2167342.333333333555   Elapsed: 22593.2s (6h 16m)
     Speed:     ev/sec=2.04105   simsec/sec=0.276392   ev/simsec=7.38462
     Messages:  created: 966766   present: 28329   in FES: 26925
** Event #6845184   t=2167377.000000000226   Elapsed: 22719.4s (6h 18m)
     Speed:     ev/sec=2.02938   simsec/sec=0.274812   ev/simsec=7.38462
     Messages:  created: 966786   present: 28314   in FES: 26924
** Event #6845440   t=2167410   Elapsed: 22854.1s (6h 20m)
     Speed:     ev/sec=1.89992   simsec/sec=0.244912   ev/simsec=7.75758
     Messages:  created: 966806   present: 28299   in FES: 26922
** Event #6845696   t=2167443.666666666901   Elapsed: 22986.1s (6h 23m)
     Speed:     ev/sec=1.93972   simsec/sec=0.255093   ev/simsec=7.60396
     Messages:  created: 966825   present: 28281   in FES: 26920
** Event #6845952   t=2167478.333333333572   Elapsed: 23112.5s (6h 25m)
     Speed:     ev/sec=2.02564   simsec/sec=0.274305   ev/simsec=7.38462
     Messages:  created: 966844   present: 28265   in FES: 26915
** Event #6846208   t=2167513.000000000243   Elapsed: 23251.1s (6h 27m)
     Speed:     ev/sec=1.84687   simsec/sec=0.250097   ev/simsec=7.38462
     Messages:  created: 966865   present: 28248   in FES: 26920
** Event #6846464   t=2167547.666666666914   Elapsed: 23382.4s (6h 29m)
     Speed:     ev/sec=1.94964   simsec/sec=0.264014   ev/simsec=7.38462
     Messages:  created: 966884   present: 28232   in FES: 26915
** Event #6846720   t=2167580.8   Elapsed: 23508.9s (6h 31m)
     Speed:     ev/sec=2.02364   simsec/sec=0.261913   ev/simsec=7.72636
     Messages:  created: 966904   present: 28216   in FES: 26903
** Event #6846976   t=2167617.000000000256   Elapsed: 23644.2s (6h 34m)
     Speed:     ev/sec=1.89112   simsec/sec=0.267416   ev/simsec=7.07182
     Messages:  created: 966923   present: 28199   in FES: 26898
** Event #6847232   t=2167650   Elapsed: 23782.5s (6h 36m)
     Speed:     ev/sec=1.85117   simsec/sec=0.238628   ev/simsec=7.75758
     Messages:  created: 966943   present: 28184   in FES: 26897
** Event #6847488   t=2167683.666666666931   Elapsed: 23918.4s (6h 38m)
     Speed:     ev/sec=1.88432   simsec/sec=0.247808   ev/simsec=7.60396
     Messages:  created: 966963   present: 28163   in FES: 26894
** Event #6847744   t=2167721.000000000269   Elapsed: 24047.9s (6h 40m)
     Speed:     ev/sec=1.97657   simsec/sec=0.28825   ev/simsec=6.85714
     Messages:  created: 966985   present: 28146   in FES: 26887
** Event #6848000   t=2167758.333333333607   Elapsed: 24207.1s (6h 43m)
     Speed:     ev/sec=1.60847   simsec/sec=0.234568   ev/simsec=6.85714
     Messages:  created: 967005   present: 28128   in FES: 26893
** Event #6848256   t=2167793.000000000278   Elapsed: 24341.4s (6h 45m)
     Speed:     ev/sec=1.90518   simsec/sec=0.257993   ev/simsec=7.38462
     Messages:  created: 967026   present: 28111   in FES: 26881
** Event #6848512   t=2167830.333333333616   Elapsed: 24487.7s (6h 48m)
     Speed:     ev/sec=1.75087   simsec/sec=0.255336   ev/simsec=6.85714
     Messages:  created: 967048   present: 28094   in FES: 26885
** Event #6848768   t=2167867.666666666954   Elapsed: 24634.1s (6h 50m)
     Speed:     ev/sec=1.74783   simsec/sec=0.254892   ev/simsec=6.85714
     Messages:  created: 967068   present: 28076   in FES: 26880
** Event #6849024   t=2167902.333333333625   Elapsed: 24777.5s (6h 52m)
     Speed:     ev/sec=1.78533   simsec/sec=0.241763   ev/simsec=7.38462
     Messages:  created: 967089   present: 28059   in FES: 26868
** Event #6849280   t=2167940   Elapsed: 24928.6s (6h 55m)
     Speed:     ev/sec=1.69485   simsec/sec=0.249372   ev/simsec=6.79646
     Messages:  created: 967110   present: 28042   in FES: 26866
** Event #6849536   t=2167977.000000000301   Elapsed: 25073.8s (6h 57m)
     Speed:     ev/sec=1.76314   simsec/sec=0.254829   ev/simsec=6.91892
     Messages:  created: 967131   present: 28024   in FES: 26867
** Event #6849792   t=2168014.333333333639   Elapsed: 25203.7s (7h 00m)
     Speed:     ev/sec=1.97072   simsec/sec=0.287396   ev/simsec=6.85714
     Messages:  created: 967153   present: 28007   in FES: 26858
** Event #6850048   t=2168050   Elapsed: 25343.9s (7h 02m)
     Speed:     ev/sec=1.82561   simsec/sec=0.254349   ev/simsec=7.17757
     Messages:  created: 967174   present: 27991   in FES: 26856
** Event #6850304   t=2168086.333333333648   Elapsed: 25484.7s (7h 04m)
     Speed:     ev/sec=1.81764   simsec/sec=0.257973   ev/simsec=7.04587
     Messages:  created: 967194   present: 27972   in FES: 26854
** Event #6850560   t=2168123.666666666986   Elapsed: 25615.9s (7h 06m)
     Speed:     ev/sec=1.9522   simsec/sec=0.284696   ev/simsec=6.85714
     Messages:  created: 967216   present: 27955   in FES: 26847
** Event #6850816   t=2168160   Elapsed: 25765.8s (7h 09m)
     Speed:     ev/sec=1.70721   simsec/sec=0.2423   ev/simsec=7.04587
     Messages:  created: 967237   present: 27939   in FES: 26845
** Event #6851072   t=2168300   Elapsed: 25842.6s (7h 10m)
     Speed:     ev/sec=3.33511   simsec/sec=1.82389   ev/simsec=1.82857
     Messages:  created: 967274   present: 27917   in FES: 26827
** Event #7119872   t=2255080   Elapsed: 25866.9s (7h 11m)
     Speed:     ev/sec=11040   simsec/sec=3564.17   ev/simsec=3.09749
     Messages:  created: 995304   present: 18786   in FES: 17579
** Event #7120128   t=2255096   Elapsed: 25920.7s (7h 12m)
     Speed:     ev/sec=4.76022   simsec/sec=0.297514   ev/simsec=16
     Messages:  created: 995333   present: 18760   in FES: 17575
** Event #7120384   t=2255120   Elapsed: 26003.1s (7h 13m)
     Speed:     ev/sec=3.10796   simsec/sec=0.291371   ev/simsec=10.6667
     Messages:  created: 995355   present: 18745   in FES: 17574
** Event #7120640   t=2255150   Elapsed: 26099.9s (7h 14m)
     Speed:     ev/sec=2.64392   simsec/sec=0.309835   ev/simsec=8.53333
     Messages:  created: 995374   present: 18731   in FES: 17579
** Event #7120896   t=2255177.333333333466   Elapsed: 26199.5s (7h 16m)
     Speed:     ev/sec=2.569   simsec/sec=0.274295   ev/simsec=9.36585
     Messages:  created: 995392   present: 18716   in FES: 17569
** Event #7121152   t=2255205.333333333333   Elapsed: 26288s (7h 18m)
     Speed:     ev/sec=2.89295   simsec/sec=0.316417   ev/simsec=9.14286
     Messages:  created: 995411   present: 18703   in FES: 17562
** Event #7121408   t=2255233.333333333473   Elapsed: 26389.2s (7h 19m)
     Speed:     ev/sec=2.52995   simsec/sec=0.276714   ev/simsec=9.14286
     Messages:  created: 995431   present: 18690   in FES: 17572
** Event #7121664   t=2255260.000000000143   Elapsed: 26479.4s (7h 21m)
     Speed:     ev/sec=2.84018   simsec/sec=0.295853   ev/simsec=9.6
     Messages:  created: 995450   present: 18674   in FES: 17566
** Event #7121920   t=2255290   Elapsed: 26578s (7h 22m)
     Speed:     ev/sec=2.59386   simsec/sec=0.303968   ev/simsec=8.53333
     Messages:  created: 995468   present: 18659   in FES: 17554
** Event #7122176   t=2255318.666666666817   Elapsed: 26669.9s (7h 24m)
     Speed:     ev/sec=2.78603   simsec/sec=0.311978   ev/simsec=8.93023
     Messages:  created: 995487   present: 18642   in FES: 17548
** Event #7122432   t=2255345.333333333487   Elapsed: 26766.2s (7h 26m)
     Speed:     ev/sec=2.65999   simsec/sec=0.277082   ev/simsec=9.6
     Messages:  created: 995506   present: 18628   in FES: 17554
** Event #7122688   t=2255372.000000000157   Elapsed: 26848.5s (7h 27m)
     Speed:     ev/sec=3.11088   simsec/sec=0.32405   ev/simsec=9.6
     Messages:  created: 995525   present: 18616   in FES: 17548
** Event #7122944   t=2255400.8   Elapsed: 26929s (7h 28m)
     Speed:     ev/sec=3.18074   simsec/sec=0.357834   ev/simsec=8.88889
     Messages:  created: 995544   present: 18603   in FES: 17541
** Event #7123200   t=2255430.666666666831   Elapsed: 27024s (7h 30m)
     Speed:     ev/sec=2.69347   simsec/sec=0.314239   ev/simsec=8.57143
     Messages:  created: 995564   present: 18585   in FES: 17536
** Event #7123456   t=2255468.000000000169   Elapsed: 27143.8s (7h 32m)
     Speed:     ev/sec=2.13601   simsec/sec=0.311501   ev/simsec=6.85714
     Messages:  created: 995584   present: 18567   in FES: 17531
** Event #7123712   t=2255502.66666666684   Elapsed: 27261.2s (7h 34m)
     Speed:     ev/sec=2.18064   simsec/sec=0.295295   ev/simsec=7.38462
     Messages:  created: 995605   present: 18549   in FES: 17532
** Event #7123968   t=2255540.000000000178   Elapsed: 27364.3s (7h 36m)
     Speed:     ev/sec=2.48497   simsec/sec=0.362391   ev/simsec=6.85714
     Messages:  created: 995627   present: 18533   in FES: 17525
** Event #7124224   t=2255577.333333333516   Elapsed: 27475.4s (7h 37m)
     Speed:     ev/sec=2.30403   simsec/sec=0.336005   ev/simsec=6.85714
     Messages:  created: 995647   present: 18515   in FES: 17520
** Event #7124480   t=2255612.000000000187   Elapsed: 27586.3s (7h 39m)
     Speed:     ev/sec=2.30773   simsec/sec=0.312505   ev/simsec=7.38462
     Messages:  created: 995668   present: 18497   in FES: 17519
** Event #7124736   t=2255649.333333333525   Elapsed: 27699.1s (7h 41m)
     Speed:     ev/sec=2.26999   simsec/sec=0.33104   ev/simsec=6.85714
     Messages:  created: 995688   present: 18480   in FES: 17514
** Event #7124992   t=2255686.666666666863   Elapsed: 27818.4s (7h 43m)
     Speed:     ev/sec=2.14467   simsec/sec=0.312765   ev/simsec=6.85714
     Messages:  created: 995710   present: 18462   in FES: 17518
** Event #7125248   t=2255721.333333333534   Elapsed: 27928s (7h 45m)
     Speed:     ev/sec=2.33654   simsec/sec=0.316406   ev/simsec=7.38462
     Messages:  created: 995731   present: 18445   in FES: 17506
** Event #7125504   t=2255758.666666666872   Elapsed: 28046.1s (7h 47m)
     Speed:     ev/sec=2.16752   simsec/sec=0.316096   ev/simsec=6.85714
     Messages:  created: 995751   present: 18428   in FES: 17501
** Event #7125760   t=2255796.00000000021   Elapsed: 28163.8s (7h 49m)
     Speed:     ev/sec=2.17595   simsec/sec=0.317327   ev/simsec=6.85714
     Messages:  created: 995773   present: 18410   in FES: 17505
** Event #7126016   t=2255830.8   Elapsed: 28272.8s (7h 51m)
     Speed:     ev/sec=2.34755   simsec/sec=0.31912   ev/simsec=7.35632
     Messages:  created: 995794   present: 18393   in FES: 17493
** Event #7126272   t=2255868.000000000219   Elapsed: 28388.9s (7h 53m)
     Speed:     ev/sec=2.20508   simsec/sec=0.320426   ev/simsec=6.88172
     Messages:  created: 995816   present: 18376   in FES: 17490
** Event #7126528   t=2255905.333333333557   Elapsed: 28499s (7h 54m)
     Speed:     ev/sec=2.32573   simsec/sec=0.339169   ev/simsec=6.85714
     Messages:  created: 995838   present: 18358   in FES: 17494
** Event #7126784   t=2255940.000000000228   Elapsed: 28601.8s (7h 56m)
     Speed:     ev/sec=2.49036   simsec/sec=0.337237   ev/simsec=7.38462
     Messages:  created: 995859   present: 18342   in FES: 17482
** Event #7127040   t=2255977.333333333566   Elapsed: 28712.4s (7h 58m)
     Speed:     ev/sec=2.31363   simsec/sec=0.337405   ev/simsec=6.85714
     Messages:  created: 995879   present: 18324   in FES: 17477
** Event #7127296   t=2256014.666666666904   Elapsed: 28823.2s (8h 00m)
     Speed:     ev/sec=2.31204   simsec/sec=0.337173   ev/simsec=6.85714
     Messages:  created: 995901   present: 18306   in FES: 17481
** Event #7127552   t=2256150   Elapsed: 28878.9s (8h 01m)
     Speed:     ev/sec=4.59002   simsec/sec=2.4265   ev/simsec=1.89163
     Messages:  created: 995936   present: 18286   in FES: 17460
** Event #7398144   t=2342591.666666666787   Elapsed: 28882.5s (8h 01m)
     Speed:     ev/sec=76148.5   simsec/sec=24325.9   ev/simsec=3.13034
     Messages:  created: 1024079   present: 9412   in FES: 8272
** Event #7409408   t=2343141.000000000189   Elapsed: 28941.3s (8h 02m)
     Speed:     ev/sec=191.558   simsec/sec=9.34209   ev/simsec=20.5049
     Messages:  created: 1024983   present: 9010   in FES: 8207
** Event #7409664   t=2343170   Elapsed: 29024.8s (8h 03m)
     Speed:     ev/sec=3.06483   simsec/sec=0.347188   ev/simsec=8.82759
     Messages:  created: 1025001   present: 8998   in FES: 8199
** Event #7409920   t=2343202.33333333353   Elapsed: 29133.1s (8h 05m)
     Speed:     ev/sec=2.3632   simsec/sec=0.298478   ev/simsec=7.91753
     Messages:  created: 1025021   present: 8977   in FES: 8186
** Event #7410176   t=2343239.666666666868   Elapsed: 29256.9s (8h 07m)
     Speed:     ev/sec=2.0679   simsec/sec=0.301569   ev/simsec=6.85714
     Messages:  created: 1025041   present: 8960   in FES: 8184
** Event #7410432   t=2343277.000000000206   Elapsed: 29371.9s (8h 09m)
     Speed:     ev/sec=2.22693   simsec/sec=0.324761   ev/simsec=6.85714
     Messages:  created: 1025063   present: 8943   in FES: 8180
** Event #7410688   t=2343311.666666666877   Elapsed: 29495.4s (8h 11m)
     Speed:     ev/sec=2.07308   simsec/sec=0.280729   ev/simsec=7.38462
     Messages:  created: 1025084   present: 8925   in FES: 8184
** Event #7410944   t=2343349.000000000215   Elapsed: 29610.4s (8h 13m)
     Speed:     ev/sec=2.22659   simsec/sec=0.324711   ev/simsec=6.85714
     Messages:  created: 1025104   present: 8901   in FES: 8169
** Event #7411200   t=2343383.666666666886   Elapsed: 29724.5s (8h 15m)
     Speed:     ev/sec=2.24233   simsec/sec=0.303649   ev/simsec=7.38462
     Messages:  created: 1025125   present: 8876   in FES: 8161
** Event #7411456   t=2343418.333333333557   Elapsed: 29841.5s (8h 17m)
     Speed:     ev/sec=2.18825   simsec/sec=0.296326   ev/simsec=7.38462
     Messages:  created: 1025144   present: 8853   in FES: 8156
** Event #7411712   t=2343455.666666666895   Elapsed: 29948.7s (8h 19m)
     Speed:     ev/sec=2.38912   simsec/sec=0.348413   ev/simsec=6.85714
     Messages:  created: 1025166   present: 8830   in FES: 8148
** Event #7411968   t=2343490.333333333566   Elapsed: 30055.9s (8h 20m)
     Speed:     ev/sec=2.38755   simsec/sec=0.323315   ev/simsec=7.38462
     Messages:  created: 1025187   present: 8794   in FES: 8136
** Event #7412224   t=2343527.666666666904   Elapsed: 30171.7s (8h 22m)
     Speed:     ev/sec=2.20959   simsec/sec=0.322231   ev/simsec=6.85714
     Messages:  created: 1025207   present: 8776   in FES: 8131
** Event #7412480   t=2343850   Elapsed: 30238s (8h 23m)
     Speed:     ev/sec=3.865   simsec/sec=4.86648   ev/simsec=0.794209
     Messages:  created: 1025256   present: 8752   in FES: 8090
** Event #7442688   t=2364110   Elapsed: 30240.1s (8h 24m)
     Speed:     ev/sec=14358.7   simsec/sec=9630.13   ev/simsec=1.49102
     Messages:  created: 1028768   present: 8044   in FES: 5972
** Event #7541504   t=2397540   Elapsed: 30242.1s (8h 24m)
     Speed:     ev/sec=49147.6   simsec/sec=16626.9   ev/simsec=2.95591
     Messages:  created: 1039047   present: 4649   in FES: 2410
** Event #7595520   t=2407940   Elapsed: 30244.2s (8h 24m)
     Speed:     ev/sec=25990.2   simsec/sec=5004.03   ev/simsec=5.19385
     Messages:  created: 1044839   present: 1417   in FES: 1282
** Event #7608658   t=2419200   Elapsed: 30244.5s (8h 24m)
     Speed:     ev/sec=37289   simsec/sec=31961.2   ev/simsec=1.1667
     Messages:  created: 1046696   present: 0   in FES: 0

<!> No more events, simulation completed -- at t=2419200s, event #7608658
