** Event #0   t=0   Elapsed: 1.6e-05s (0m 00s)  0% completed  (0% total)
     Speed:     ev/sec=0   simsec/sec=0   ev/simsec=0
     Messages:  created: 23757   present: 23757   in FES: 23758
** Event #256   t=0   Elapsed: 8.60165s (0m 08s)  0% completed  (0% total)
     Speed:     ev/sec=29.878   simsec/sec=0   ev/simsec=0
     Messages:  created: 23985   present: 23857   in FES: 23829
** Event #512   t=0   Elapsed: 30.6848s (0m 30s)  0% completed  (0% total)
     Speed:     ev/sec=11.5926   simsec/sec=0   ev/simsec=0
     Messages:  created: 23998   present: 23870   in FES: 23659
** Event #30720   t=18000   Elapsed: 32.901s (0m 32s)  20% completed  (20% total)
     Speed:     ev/sec=13630.3   simsec/sec=8121.87   ev/simsec=1.67822
     Messages:  created: 29655   present: 19164   in FES: 18905
** Event #62720   t=35337   Elapsed: 34.9073s (0m 34s)  40% completed  (40% total)
     Speed:     ev/sec=15949.5   simsec/sec=8641.16   ev/simsec=1.84576
     Messages:  created: 35581   present: 14113   in FES: 13913
** Event #83712   t=81178   Elapsed: 36.9195s (0m 36s)  93% completed  (93% total)
     Speed:     ev/sec=10432.4   simsec/sec=22781.6   ev/simsec=0.457931
     Messages:  created: 42099   present: 1575   in FES: 1443
** Event #85811   t=86400   Elapsed: 37.1524s (0m 37s)  100% completed  (100% total)
     Speed:     ev/sec=9008.85   simsec/sec=22423.4   ev/simsec=0.401762
     Messages:  created: 42754   present: 1   in FES: 0

<!> Simulation time limit reached -- at t=86400s, event #85811
