** Event #0   t=0   Elapsed: 1.7e-05s (0m 00s)
     Speed:     ev/sec=0   simsec/sec=0   ev/simsec=0
     Messages:  created: 124432   present: 124432   in FES: 124432
** Event #832256   t=308566.333333333406   Elapsed: 2.00038s (0m 02s)
     Speed:     ev/sec=416052   simsec/sec=154255   ev/simsec=2.69717
     Messages:  created: 231064   present: 94703   in FES: 92662
** Event #1613568   t=578650   Elapsed: 4.00048s (0m 04s)
     Speed:     ev/sec=390635   simsec/sec=135035   ev/simsec=2.89285
     Messages:  created: 329836   present: 65888   in FES: 64854
** Event #2306048   t=845480   Elapsed: 6.00061s (0m 06s)
     Speed:     ev/sec=346217   simsec/sec=133406   ev/simsec=2.59521
     Messages:  created: 419559   present: 40312   in FES: 37439
** Event #3058688   t=1112320   Elapsed: 8.00068s (0m 08s)
     Speed:     ev/sec=376308   simsec/sec=133416   ev/simsec=2.82057
     Messages:  created: 514297   present: 12238   in FES: 10044
** Event #3321318   t=1209600   Elapsed: 8.73303s (0m 08s)
     Speed:     ev/sec=358612   simsec/sec=132833   ev/simsec=2.69972
     Messages:  created: 547996   present: 1   in FES: 0

<!> No more events, simulation completed -- at t=1209600s, event #3321318
undisposed object: (BundlePacket) RegionsNetwork.regionNode[25].dtn.Src:A1,Dst:A13,ID:531006 -- check module destructor
