** Event #0   t=0   Elapsed: 2.2e-05s (0m 00s)
     Speed:     ev/sec=0   simsec/sec=0   ev/simsec=0
     Messages:  created: 243716   present: 243716   in FES: 243716
** Event #578048   t=302050   Elapsed: 2.00067s (0m 02s)
     Speed:     ev/sec=288929   simsec/sec=150975   ev/simsec=1.91375
     Messages:  created: 342003   present: 216596   in FES: 213280
** Event #1361664   t=671940.034133333333   Elapsed: 4.00094s (0m 04s)
     Speed:     ev/sec=391755   simsec/sec=184920   ev/simsec=2.11851
     Messages:  created: 469933   present: 176013   in FES: 175999
** Event #2094848   t=1002960   Elapsed: 6.00205s (0m 06s)
     Speed:     ev/sec=366389   simsec/sec=165419   ev/simsec=2.21492
     Messages:  created: 587464   present: 145320   in FES: 142644
** Event #2522624   t=1203940   Elapsed: 8.00464s (0m 08s)
     Speed:     ev/sec=213612   simsec/sec=100360   ev/simsec=2.12845
     Messages:  created: 657183   present: 127349   in FES: 122408
** Event #2711808   t=1296111.73792   Elapsed: 10.0053s (0m 10s)
     Speed:     ev/sec=94562.6   simsec/sec=46071.6   ev/simsec=2.05252
     Messages:  created: 689114   present: 116830   in FES: 113116
** Event #3060224   t=1469910   Elapsed: 12.0086s (0m 12s)
     Speed:     ev/sec=173915   simsec/sec=86753.2   ev/simsec=2.00472
     Messages:  created: 747498   present: 100688   in FES: 95606
** Event #3439104   t=1630380   Elapsed: 14.0107s (0m 14s)
     Speed:     ev/sec=189248   simsec/sec=80153.8   ev/simsec=2.36106
     Messages:  created: 809755   present: 82712   in FES: 79451
** Event #3642624   t=1735590   Elapsed: 16.0144s (0m 16s)
     Speed:     ev/sec=101572   simsec/sec=52507.7   ev/simsec=1.93442
     Messages:  created: 844783   present: 73928   in FES: 68855
** Event #3852544   t=1832820   Elapsed: 18.0417s (0m 18s)
     Speed:     ev/sec=103543   simsec/sec=47958.7   ev/simsec=2.159
     Messages:  created: 880039   present: 64404   in FES: 59068
** Event #4045312   t=1923080   Elapsed: 20.0447s (0m 20s)
     Speed:     ev/sec=96241.8   simsec/sec=45063.4   ev/simsec=2.1357
     Messages:  created: 912556   present: 55227   in FES: 49993
** Event #4417792   t=2094370   Elapsed: 22.0679s (0m 22s)
     Speed:     ev/sec=184104   simsec/sec=84662.6   ev/simsec=2.17456
     Messages:  created: 975041   present: 36919   in FES: 32742
** Event #4790016   t=2254180   Elapsed: 24.0695s (0m 24s)
     Speed:     ev/sec=185961   simsec/sec=79840   ev/simsec=2.32917
     Messages:  created: 1036432   present: 18963   in FES: 16642
** Event #5188123   t=2419200   Elapsed: 25.6299s (0m 25s)
     Speed:     ev/sec=255136   simsec/sec=105757   ev/simsec=2.41247
     Messages:  created: 1101016   present: 0   in FES: 0

<!> No more events, simulation completed -- at t=2419200s, event #5188123
