** Event #0   t=0   Elapsed: 0.000s (0m 00s)
     Speed:     ev/sec=0   simsec/sec=0   ev/simsec=0
     Messages:  created: 5587   present: 5587   in FES: 5587
** Event #4096   t=0   Elapsed: 2.157s (0m 02s)
     Speed:     ev/sec=1899.4   simsec/sec=0   ev/simsec=0
     Messages:  created: 8241   present: 8186   in FES: 6743
** Event #5632   t=2578   Elapsed: 17.612s (0m 17s)
     Speed:     ev/sec=99.3853   simsec/sec=166.807   ev/simsec=0.595811
     Messages:  created: 8336   present: 8037   in FES: 5407
** Event #8704   t=2628   Elapsed: 25.208s (0m 25s)
     Speed:     ev/sec=404.477   simsec/sec=6.58328   ev/simsec=61.44
     Messages:  created: 8786   present: 7979   in FES: 5385
** Event #8960   t=2632   Elapsed: 43.306s (0m 43s)
     Speed:     ev/sec=14.146   simsec/sec=0.221031   ev/simsec=64
     Messages:  created: 8822   present: 7974   in FES: 5382
** Event #19456   t=2788   Elapsed: 45.347s (0m 45s)
     Speed:     ev/sec=5145.1   simsec/sec=76.4706   ev/simsec=67.2821
     Messages:  created: 10394   present: 7812   in FES: 5384
** Event #20736   t=2875   Elapsed: 48.467s (0m 48s)
     Speed:     ev/sec=410.256   simsec/sec=27.8846   ev/simsec=14.7126
     Messages:  created: 10582   present: 7788   in FES: 5363
** Event #21760   t=2931   Elapsed: 51.521s (0m 51s)
     Speed:     ev/sec=335.408   simsec/sec=18.3426   ev/simsec=18.2857
     Messages:  created: 10743   present: 7782   in FES: 5357
** Event #24064   t=3101   Elapsed: 72.783s (1m 12s)
     Speed:     ev/sec=108.367   simsec/sec=7.99586   ev/simsec=13.5529
     Messages:  created: 11101   present: 7780   in FES: 5377
** Event #28160   t=3158   Elapsed: 77.752s (1m 17s)
     Speed:     ev/sec=824.311   simsec/sec=11.4711   ev/simsec=71.8596
     Messages:  created: 11726   present: 7720   in FES: 5363
** Event #33280   t=3218   Elapsed: 85.125s (1m 25s)
     Speed:     ev/sec=694.52   simsec/sec=8.1389   ev/simsec=85.3333
     Messages:  created: 12521   present: 7663   in FES: 5385
** Event #36608   t=3259   Elapsed: 97.800s (1m 37s)
     Speed:     ev/sec=262.564   simsec/sec=3.23471   ev/simsec=81.1707
     Messages:  created: 13032   present: 7609   in FES: 5355
** Event #43264   t=3450   Elapsed: 106.045s (1m 46s)
     Speed:     ev/sec=807.277   simsec/sec=23.1656   ev/simsec=34.8482
     Messages:  created: 14076   present: 7606   in FES: 5344
** Event #45824   t=3506   Elapsed: 118.176s (1m 58s)
     Speed:     ev/sec=211.047   simsec/sec=4.61665   ev/simsec=45.7143
     Messages:  created: 14474   present: 7606   in FES: 5341
** Event #54784   t=3740   Elapsed: 130.651s (2m 10s)
     Speed:     ev/sec=718.294   simsec/sec=18.759   ev/simsec=38.2906
     Messages:  created: 15802   present: 7601   in FES: 5337
** Event #57600   t=3795   Elapsed: 153.495s (2m 33s)
     Speed:     ev/sec=123.271   simsec/sec=2.40763   ev/simsec=51.2
     Messages:  created: 16239   present: 7602   in FES: 5341
** Event #57856   t=3797   Elapsed: 171.647s (2m 51s)
     Speed:     ev/sec=14.1039   simsec/sec=0.110187   ev/simsec=128
     Messages:  created: 16283   present: 7607   in FES: 5370
** Event #67840   t=3899   Elapsed: 173.679s (2m 53s)
     Speed:     ev/sec=4913.39   simsec/sec=50.1969   ev/simsec=97.8824
     Messages:  created: 17810   present: 7502   in FES: 5361
** Event #74240   t=3962   Elapsed: 205.358s (3m 25s)
     Speed:     ev/sec=202.033   simsec/sec=1.98876   ev/simsec=101.587
     Messages:  created: 18801   present: 7452   in FES: 5356
** Event #82176   t=4043   Elapsed: 207.363s (3m 27s)
     Speed:     ev/sec=3958.1   simsec/sec=40.399   ev/simsec=97.9753
     Messages:  created: 20097   present: 7449   in FES: 5353
** Event #90624   t=4143   Elapsed: 231.151s (3m 51s)
     Speed:     ev/sec=355.152   simsec/sec=4.20398   ev/simsec=84.48
     Messages:  created: 21408   present: 7437   in FES: 5331
** Event #97024   t=4248   Elapsed: 251.968s (4m 11s)
     Speed:     ev/sec=307.441   simsec/sec=5.04395   ev/simsec=60.9524
     Messages:  created: 22431   present: 7425   in FES: 5323
** Event #97280   t=4252   Elapsed: 271.222s (4m 31s)
     Speed:     ev/sec=13.2966   simsec/sec=0.20776   ev/simsec=64
     Messages:  created: 22471   present: 7418   in FES: 5323
** Event #100864   t=4306   Elapsed: 291.023s (4m 51s)
     Speed:     ev/sec=181.01   simsec/sec=2.72727   ev/simsec=66.3704
     Messages:  created: 23020   present: 7360   in FES: 5317
** Event #105216   t=4369   Elapsed: 303.670s (5m 03s)
     Speed:     ev/sec=344.113   simsec/sec=4.98142   ev/simsec=69.0794
     Messages:  created: 23702   present: 7288   in FES: 5294
** Event #109056   t=4435   Elapsed: 316.034s (5m 16s)
     Speed:     ev/sec=310.604   simsec/sec=5.33851   ev/simsec=58.1818
     Messages:  created: 24301   present: 7221   in FES: 5301
** Event #115200   t=4541   Elapsed: 340.491s (5m 40s)
     Speed:     ev/sec=251.216   simsec/sec=4.33414   ev/simsec=57.9623
     Messages:  created: 25255   present: 7105   in FES: 5287
** Event #118272   t=4594   Elapsed: 344.980s (5m 44s)
     Speed:     ev/sec=684.339   simsec/sec=11.8066   ev/simsec=57.9623
     Messages:  created: 25734   present: 7046   in FES: 5279
** Event #118784   t=4604   Elapsed: 348.285s (5m 48s)
     Speed:     ev/sec=154.964   simsec/sec=3.02663   ev/simsec=51.2
     Messages:  created: 25808   present: 7033   in FES: 5269
** Event #121088   t=4658   Elapsed: 357.272s (5m 57s)
     Speed:     ev/sec=256.37   simsec/sec=6.00868   ev/simsec=42.6667
     Messages:  created: 26130   present: 6975   in FES: 5262
** Event #123392   t=4710   Elapsed: 366.232s (6m 06s)
     Speed:     ev/sec=257.172   simsec/sec=5.80422   ev/simsec=44.3077
     Messages:  created: 26447   present: 6917   in FES: 5264
** Event #124160   t=4727   Elapsed: 375.080s (6m 15s)
     Speed:     ev/sec=86.7993   simsec/sec=1.92134   ev/simsec=45.1765
     Messages:  created: 26552   present: 6898   in FES: 5266
** Event #127232   t=4796   Elapsed: 384.056s (6m 24s)
     Speed:     ev/sec=342.284   simsec/sec=7.68802   ev/simsec=44.5217
     Messages:  created: 26964   present: 6822   in FES: 5255
** Event #128768   t=4830   Elapsed: 392.914s (6m 32s)
     Speed:     ev/sec=173.403   simsec/sec=3.83834   ev/simsec=45.1765
     Messages:  created: 27170   present: 6786   in FES: 5258
** Event #129024   t=4836   Elapsed: 401.607s (6m 41s)
     Speed:     ev/sec=29.4524   simsec/sec=0.69029   ev/simsec=42.6667
     Messages:  created: 27204   present: 6773   in FES: 5242
** Event #133632   t=4952   Elapsed: 405.107s (6m 45s)
     Speed:     ev/sec=1316.57   simsec/sec=33.1429   ev/simsec=39.7241
     Messages:  created: 27827   present: 6648   in FES: 5237
** Event #135424   t=4999   Elapsed: 408.391s (6m 48s)
     Speed:     ev/sec=545.842   simsec/sec=14.3162   ev/simsec=38.1277
     Messages:  created: 28064   present: 6597   in FES: 5232
** Event #135936   t=5013   Elapsed: 411.591s (6m 51s)
     Speed:     ev/sec=160.05   simsec/sec=4.37637   ev/simsec=36.5714
     Messages:  created: 28131   present: 6577   in FES: 5231
** Event #138752   t=5085   Elapsed: 414.907s (6m 54s)
     Speed:     ev/sec=849.216   simsec/sec=21.7129   ev/simsec=39.1111
     Messages:  created: 28496   present: 6503   in FES: 5227
** Event #140032   t=5118   Elapsed: 418.135s (6m 58s)
     Speed:     ev/sec=396.653   simsec/sec=10.2262   ev/simsec=38.7879
     Messages:  created: 28661   present: 6466   in FES: 5231
** Event #140288   t=5125   Elapsed: 421.276s (7m 01s)
     Speed:     ev/sec=81.5287   simsec/sec=2.2293   ev/simsec=36.5714
     Messages:  created: 28694   present: 6454   in FES: 5225
** Event #148480   t=7796   Elapsed: 435.537s (7m 15s)
     Speed:     ev/sec=574.474   simsec/sec=187.307   ev/simsec=3.06702
     Messages:  created: 29894   present: 5956   in FES: 5062
** Event #151552   t=7845   Elapsed: 459.898s (7m 39s)
     Speed:     ev/sec=126.108   simsec/sec=2.01149   ev/simsec=62.6939
     Messages:  created: 30346   present: 5908   in FES: 5070
** Event #163072   t=8034   Elapsed: 462.532s (7m 42s)
     Speed:     ev/sec=4373.58   simsec/sec=71.754   ev/simsec=60.9524
     Messages:  created: 32049   present: 5719   in FES: 5034
** Event #163584   t=8091   Elapsed: 464.679s (7m 44s)
     Speed:     ev/sec=238.472   simsec/sec=26.5487   ev/simsec=8.98246
     Messages:  created: 32126   present: 5715   in FES: 5032
** Event #164608   t=8146   Elapsed: 467.574s (7m 47s)
     Speed:     ev/sec=353.836   simsec/sec=19.0048   ev/simsec=18.6182
     Messages:  created: 32287   present: 5712   in FES: 5031
** Event #166912   t=8316   Elapsed: 487.846s (8m 07s)
     Speed:     ev/sec=113.654   simsec/sec=8.38595   ev/simsec=13.5529
     Messages:  created: 32645   present: 5702   in FES: 5049
** Event #171008   t=8373   Elapsed: 492.620s (8m 12s)
     Speed:     ev/sec=858.16   simsec/sec=11.9422   ev/simsec=71.8596
     Messages:  created: 33270   present: 5639   in FES: 5033
** Event #176128   t=8433   Elapsed: 499.602s (8m 19s)
     Speed:     ev/sec=733.419   simsec/sec=8.59476   ev/simsec=85.3333
     Messages:  created: 34062   present: 5584   in FES: 5038
** Event #179456   t=8475   Elapsed: 511.599s (8m 31s)
     Speed:     ev/sec=277.426   simsec/sec=3.50117   ev/simsec=79.2381
     Messages:  created: 34574   present: 5530   in FES: 5016
** Event #186112   t=9011   Elapsed: 533.085s (8m 53s)
     Speed:     ev/sec=309.783   simsec/sec=24.9465   ev/simsec=12.4179
     Messages:  created: 35618   present: 5516   in FES: 4998
** Event #200192   t=9254   Elapsed: 535.124s (8m 55s)
     Speed:     ev/sec=6905.35   simsec/sec=119.176   ev/simsec=57.9424
     Messages:  created: 37838   present: 5274   in FES: 5002
** Event #206592   t=9360   Elapsed: 549.781s (9m 09s)
     Speed:     ev/sec=436.681   simsec/sec=7.23253   ev/simsec=60.3774
     Messages:  created: 38795   present: 5157   in FES: 4988
** Event #212992   t=9466   Elapsed: 559.010s (9m 19s)
     Speed:     ev/sec=693.541   simsec/sec=11.4868   ev/simsec=60.3774
     Messages:  created: 39739   present: 5045   in FES: 4976
** Event #213248   t=9471   Elapsed: 567.394s (9m 27s)
     Speed:     ev/sec=30.5344   simsec/sec=0.596374   ev/simsec=51.2
     Messages:  created: 39782   present: 5041   in FES: 4987
** Event #221229   t=86400   Elapsed: 567.783s (9m 27s)
     Speed:     ev/sec=20514.1   simsec/sec=197761   ev/simsec=0.103732
     Messages:  created: 42317   present: 0   in FES: 0

<!> No more events, simulation completed -- at t=86400s, event #221229
