** Event #0   t=0   Elapsed: 0.000s (0m 00s)
     Speed:     ev/sec=0   simsec/sec=0   ev/simsec=0
     Messages:  created: 5587   present: 5587   in FES: 5587
** Event #3584   t=0   Elapsed: 2.144s (0m 02s)
     Speed:     ev/sec=1672.11   simsec/sec=0   ev/simsec=0
     Messages:  created: 7741   present: 7686   in FES: 6255
** Event #4608   t=2578   Elapsed: 17.177s (0m 17s)
     Speed:     ev/sec=68.1213   simsec/sec=171.501   ev/simsec=0.397207
     Messages:  created: 7830   present: 7531   in FES: 5388
** Event #7936   t=2631   Elapsed: 42.818s (0m 42s)
     Speed:     ev/sec=129.792   simsec/sec=2.067   ev/simsec=62.7925
     Messages:  created: 8322   present: 7482   in FES: 5406
** Event #18432   t=2788   Elapsed: 44.864s (0m 44s)
     Speed:     ev/sec=5132.52   simsec/sec=76.7726   ev/simsec=66.8535
     Messages:  created: 9892   present: 7311   in FES: 5393
** Event #19712   t=2874   Elapsed: 47.950s (0m 47s)
     Speed:     ev/sec=414.776   simsec/sec=27.8678   ev/simsec=14.8837
     Messages:  created: 10079   present: 7288   in FES: 5366
** Event #20736   t=2929   Elapsed: 50.956s (0m 50s)
     Speed:     ev/sec=340.765   simsec/sec=18.3028   ev/simsec=18.6182
     Messages:  created: 10239   present: 7282   in FES: 5358
** Event #23040   t=3101   Elapsed: 72.277s (1m 12s)
     Speed:     ev/sec=108.068   simsec/sec=8.06754   ev/simsec=13.3953
     Messages:  created: 10595   present: 7274   in FES: 5363
** Event #27136   t=3157   Elapsed: 77.243s (1m 17s)
     Speed:     ev/sec=824.809   simsec/sec=11.2767   ev/simsec=73.1429
     Messages:  created: 11226   present: 7228   in FES: 5387
** Event #32256   t=3218   Elapsed: 84.573s (1m 24s)
     Speed:     ev/sec=698.499   simsec/sec=8.32196   ev/simsec=83.9344
     Messages:  created: 12016   present: 7159   in FES: 5375
** Event #35584   t=3258   Elapsed: 97.214s (1m 37s)
     Speed:     ev/sec=263.27   simsec/sec=3.16431   ev/simsec=83.2
     Messages:  created: 12527   present: 7110   in FES: 5349
** Event #42240   t=3449   Elapsed: 105.465s (1m 45s)
     Speed:     ev/sec=806.788   simsec/sec=23.1515   ev/simsec=34.8482
     Messages:  created: 13574   present: 7111   in FES: 5357
** Event #45056   t=3512   Elapsed: 117.652s (1m 57s)
     Speed:     ev/sec=231.066   simsec/sec=5.16944   ev/simsec=44.6984
     Messages:  created: 14010   present: 7106   in FES: 5349
** Event #53760   t=3739   Elapsed: 130.049s (2m 10s)
     Speed:     ev/sec=702.162   simsec/sec=18.3124   ev/simsec=38.3436
     Messages:  created: 15301   present: 7108   in FES: 5353
** Event #56576   t=3794   Elapsed: 152.941s (2m 32s)
     Speed:     ev/sec=123.012   simsec/sec=2.40259   ev/simsec=51.2
     Messages:  created: 15737   present: 7114   in FES: 5353
** Event #56832   t=3797   Elapsed: 171.066s (2m 51s)
     Speed:     ev/sec=14.1249   simsec/sec=0.165526   ev/simsec=85.3333
     Messages:  created: 15777   present: 7101   in FES: 5355
** Event #66816   t=3899   Elapsed: 173.104s (2m 53s)
     Speed:     ev/sec=4898.92   simsec/sec=50.0491   ev/simsec=97.8824
     Messages:  created: 17304   present: 6996   in FES: 5349
** Event #73216   t=3962   Elapsed: 200.233s (3m 20s)
     Speed:     ev/sec=235.91   simsec/sec=2.32224   ev/simsec=101.587
     Messages:  created: 18296   present: 6947   in FES: 5349
** Event #73472   t=3965   Elapsed: 204.895s (3m 24s)
     Speed:     ev/sec=54.9238   simsec/sec=0.643639   ev/simsec=85.3333
     Messages:  created: 18338   present: 6942   in FES: 5340
** Event #81408   t=4045   Elapsed: 206.913s (3m 26s)
     Speed:     ev/sec=3934.56   simsec/sec=39.6629   ev/simsec=99.2
     Messages:  created: 19634   present: 6954   in FES: 5352
** Event #89600   t=4143   Elapsed: 226.326s (3m 46s)
     Speed:     ev/sec=422.007   simsec/sec=5.04842   ev/simsec=83.5918
     Messages:  created: 20903   present: 6932   in FES: 5328
** Event #89856   t=4147   Elapsed: 230.663s (3m 50s)
     Speed:     ev/sec=59.0406   simsec/sec=0.922509   ev/simsec=64
     Messages:  created: 20944   present: 6932   in FES: 5325
** Event #96000   t=4248   Elapsed: 251.374s (4m 11s)
     Speed:     ev/sec=296.668   simsec/sec=4.87687   ev/simsec=60.8317
     Messages:  created: 21926   present: 6921   in FES: 5310
** Event #96256   t=4252   Elapsed: 270.563s (4m 30s)
     Speed:     ev/sec=13.3417   simsec/sec=0.208464   ev/simsec=64
     Messages:  created: 21965   present: 6912   in FES: 5307
** Event #99840   t=4306   Elapsed: 290.338s (4m 50s)
     Speed:     ev/sec=181.239   simsec/sec=2.73072   ev/simsec=66.3704
     Messages:  created: 22514   present: 6855   in FES: 5302
** Event #104192   t=4369   Elapsed: 303.023s (5m 03s)
     Speed:     ev/sec=343.109   simsec/sec=4.96689   ev/simsec=69.0794
     Messages:  created: 23197   present: 6790   in FES: 5291
** Event #108032   t=4435   Elapsed: 315.373s (5m 15s)
     Speed:     ev/sec=310.956   simsec/sec=5.34456   ev/simsec=58.1818
     Messages:  created: 23795   present: 6715   in FES: 5286
** Event #114176   t=4541   Elapsed: 327.974s (5m 27s)
     Speed:     ev/sec=487.619   simsec/sec=8.4127   ev/simsec=57.9623
     Messages:  created: 24749   present: 6602   in FES: 5277
** Event #114432   t=4545   Elapsed: 339.824s (5m 39s)
     Speed:     ev/sec=21.6034   simsec/sec=0.337553   ev/simsec=64
     Messages:  created: 24793   present: 6601   in FES: 5286
** Event #117248   t=4593   Elapsed: 344.295s (5m 44s)
     Speed:     ev/sec=629.837   simsec/sec=10.7359   ev/simsec=58.6667
     Messages:  created: 25230   present: 6551   in FES: 5279
** Event #117760   t=4604   Elapsed: 347.606s (5m 47s)
     Speed:     ev/sec=154.636   simsec/sec=3.32226   ev/simsec=46.5455
     Messages:  created: 25305   present: 6531   in FES: 5272
** Event #120064   t=4657   Elapsed: 356.657s (5m 56s)
     Speed:     ev/sec=254.586   simsec/sec=5.85635   ev/simsec=43.4717
     Messages:  created: 25628   present: 6475   in FES: 5269
** Event #122368   t=4709   Elapsed: 365.659s (6m 05s)
     Speed:     ev/sec=255.972   simsec/sec=5.77714   ev/simsec=44.3077
     Messages:  created: 25944   present: 6420   in FES: 5266
** Event #123136   t=4727   Elapsed: 374.493s (6m 14s)
     Speed:     ev/sec=86.9368   simsec/sec=2.03758   ev/simsec=42.6667
     Messages:  created: 26048   present: 6395   in FES: 5258
** Event #126208   t=4795   Elapsed: 383.518s (6m 23s)
     Speed:     ev/sec=340.426   simsec/sec=7.53546   ev/simsec=45.1765
     Messages:  created: 26462   present: 6326   in FES: 5264
** Event #127744   t=4829   Elapsed: 392.394s (6m 32s)
     Speed:     ev/sec=173.051   simsec/sec=3.83055   ev/simsec=45.1765
     Messages:  created: 26666   present: 6288   in FES: 5255
** Event #128000   t=4835   Elapsed: 401.095s (6m 41s)
     Speed:     ev/sec=29.4253   simsec/sec=0.689655   ev/simsec=42.6667
     Messages:  created: 26703   present: 6278   in FES: 5260
** Event #132608   t=4952   Elapsed: 404.607s (6m 44s)
     Speed:     ev/sec=1312.45   simsec/sec=33.3238   ev/simsec=39.3846
     Messages:  created: 27323   present: 6145   in FES: 5233
** Event #134400   t=4999   Elapsed: 407.907s (6m 47s)
     Speed:     ev/sec=543.03   simsec/sec=14.2424   ev/simsec=38.1277
     Messages:  created: 27561   present: 6095   in FES: 5231
** Event #134912   t=5012   Elapsed: 411.113s (6m 51s)
     Speed:     ev/sec=159.75   simsec/sec=4.05616   ev/simsec=39.3846
     Messages:  created: 27629   present: 6080   in FES: 5238
** Event #137728   t=5085   Elapsed: 414.438s (6m 54s)
     Speed:     ev/sec=846.917   simsec/sec=21.9549   ev/simsec=38.5753
     Messages:  created: 27993   present: 6001   in FES: 5226
** Event #139008   t=5118   Elapsed: 417.676s (6m 57s)
     Speed:     ev/sec=395.306   simsec/sec=10.1915   ev/simsec=38.7879
     Messages:  created: 28156   present: 5963   in FES: 5217
** Event #139264   t=5124   Elapsed: 420.884s (7m 00s)
     Speed:     ev/sec=79.8254   simsec/sec=1.87091   ev/simsec=42.6667
     Messages:  created: 28191   present: 5956   in FES: 5227
** Event #147456   t=7795   Elapsed: 435.050s (7m 15s)
     Speed:     ev/sec=578.286   simsec/sec=188.55   ev/simsec=3.06702
     Messages:  created: 29390   present: 5461   in FES: 5063
** Event #150528   t=7845   Elapsed: 459.281s (7m 39s)
     Speed:     ev/sec=126.78   simsec/sec=2.06347   ev/simsec=61.44
     Messages:  created: 29842   present: 5405   in FES: 5061
** Event #162048   t=8031   Elapsed: 461.921s (7m 41s)
     Speed:     ev/sec=4363.64   simsec/sec=70.4545   ev/simsec=61.9355
     Messages:  created: 31545   present: 5218   in FES: 5032
** Event #162560   t=8094   Elapsed: 464.014s (7m 44s)
     Speed:     ev/sec=244.742   simsec/sec=30.1147   ev/simsec=8.12698
     Messages:  created: 31621   present: 5215   in FES: 5030
** Event #163072   t=8318   Elapsed: 484.030s (8m 04s)
     Speed:     ev/sec=25.5808   simsec/sec=11.1916   ev/simsec=2.28571
     Messages:  created: 31696   present: 5194   in FES: 5027
** Event #178219   t=86400   Elapsed: 485.468s (8m 05s)
     Speed:     ev/sec=10532.7   simsec/sec=54299   ev/simsec=0.193976
     Messages:  created: 35342   present: 0   in FES: 0

<!> No more events, simulation completed -- at t=86400s, event #178219
