** Event #0   t=0   Elapsed: 0.000s (0m 00s)
     Speed:     ev/sec=0   simsec/sec=0   ev/simsec=0
     Messages:  created: 5587   present: 5587   in FES: 5587
** Event #2560   t=2577   Elapsed: 16.417s (0m 16s)
     Speed:     ev/sec=155.997   simsec/sec=156.971   ev/simsec=0.993791
     Messages:  created: 6823   present: 6534   in FES: 5385
** Event #5888   t=2631   Elapsed: 42.471s (0m 42s)
     Speed:     ev/sec=127.735   simsec/sec=2.07262   ev/simsec=61.6296
     Messages:  created: 7312   present: 6480   in FES: 5387
** Event #16128   t=2784   Elapsed: 44.493s (0m 44s)
     Speed:     ev/sec=5066.8   simsec/sec=75.7051   ev/simsec=66.9281
     Messages:  created: 8844   present: 6313   in FES: 5377
** Event #17664   t=2872   Elapsed: 47.629s (0m 47s)
     Speed:     ev/sec=489.796   simsec/sec=28.0612   ev/simsec=17.4545
     Messages:  created: 9070   present: 6286   in FES: 5359
** Event #18944   t=2945   Elapsed: 50.734s (0m 50s)
     Speed:     ev/sec=412.371   simsec/sec=23.518   ev/simsec=17.5342
     Messages:  created: 9271   present: 6282   in FES: 5358
** Event #20992   t=3100   Elapsed: 72.038s (1m 12s)
     Speed:     ev/sec=96.1367   simsec/sec=7.27597   ev/simsec=13.2129
     Messages:  created: 9588   present: 6279   in FES: 5360
** Event #25088   t=3157   Elapsed: 77.089s (1m 17s)
     Speed:     ev/sec=810.929   simsec/sec=11.2849   ev/simsec=71.8596
     Messages:  created: 10215   present: 6218   in FES: 5363
** Event #30208   t=3217   Elapsed: 84.425s (1m 24s)
     Speed:     ev/sec=698.023   simsec/sec=8.17996   ev/simsec=85.3333
     Messages:  created: 11008   present: 6164   in FES: 5373
** Event #33536   t=3257   Elapsed: 97.095s (1m 37s)
     Speed:     ev/sec=262.668   simsec/sec=3.15706   ev/simsec=83.2
     Messages:  created: 11520   present: 6109   in FES: 5353
** Event #40192   t=3448   Elapsed: 105.366s (1m 45s)
     Speed:     ev/sec=804.837   simsec/sec=23.0955   ev/simsec=34.8482
     Messages:  created: 12567   present: 6111   in FES: 5358
** Event #45312   t=3797   Elapsed: 128.217s (2m 08s)
     Speed:     ev/sec=224.07   simsec/sec=15.2735   ev/simsec=14.6705
     Messages:  created: 13375   present: 6100   in FES: 5335
** Event #56320   t=4020   Elapsed: 130.232s (2m 10s)
     Speed:     ev/sec=5465.74   simsec/sec=110.725   ev/simsec=49.3632
     Messages:  created: 15137   present: 5939   in FES: 5318
** Event #61184   t=4147   Elapsed: 146.224s (2m 26s)
     Speed:     ev/sec=304.152   simsec/sec=7.94147   ev/simsec=38.2992
     Messages:  created: 15908   present: 5927   in FES: 5305
** Event #65280   t=4250   Elapsed: 156.151s (2m 36s)
     Speed:     ev/sec=412.612   simsec/sec=10.3757   ev/simsec=39.767
     Messages:  created: 16537   present: 5919   in FES: 5303
** Event #65536   t=4257   Elapsed: 165.053s (2m 45s)
     Speed:     ev/sec=28.7576   simsec/sec=0.78634   ev/simsec=36.5714
     Messages:  created: 16578   present: 5906   in FES: 5300
** Event #67584   t=4308   Elapsed: 174.096s (2m 54s)
     Speed:     ev/sec=226.499   simsec/sec=5.64035   ev/simsec=40.1569
     Messages:  created: 16887   present: 5850   in FES: 5292
** Event #70144   t=4372   Elapsed: 183.182s (3m 03s)
     Speed:     ev/sec=281.783   simsec/sec=7.04458   ev/simsec=40
     Messages:  created: 17273   present: 5783   in FES: 5284
** Event #72704   t=4434   Elapsed: 192.273s (3m 12s)
     Speed:     ev/sec=281.597   simsec/sec=6.81993   ev/simsec=41.2903
     Messages:  created: 17650   present: 5717   in FES: 5285
** Event #90195   t=86400   Elapsed: 193.032s (3m 13s)
     Speed:     ev/sec=23073.9   simsec/sec=108135   ev/simsec=0.213381
     Messages:  created: 21638   present: 0   in FES: 0

<!> No more events, simulation completed -- at t=86400s, event #90195
