** Event #0   t=0   Elapsed: 0.000s (0m 00s)
     Speed:     ev/sec=0   simsec/sec=0   ev/simsec=0
     Messages:  created: 5587   present: 5587   in FES: 5587
** Event #3072   t=0   Elapsed: 2.125s (0m 02s)
     Speed:     ev/sec=1446.12   simsec/sec=0   ev/simsec=0
     Messages:  created: 7241   present: 7186   in FES: 5767
** Event #3584   t=2577   Elapsed: 16.926s (0m 16s)
     Speed:     ev/sec=34.5923   simsec/sec=174.11   ev/simsec=0.198681
     Messages:  created: 7327   present: 7038   in FES: 5392
** Event #6912   t=2631   Elapsed: 42.669s (0m 42s)
     Speed:     ev/sec=129.278   simsec/sec=2.09766   ev/simsec=61.6296
     Messages:  created: 7816   present: 6976   in FES: 5387
** Event #17408   t=2788   Elapsed: 44.693s (0m 44s)
     Speed:     ev/sec=5188.33   simsec/sec=77.6075   ev/simsec=66.8535
     Messages:  created: 9386   present: 6805   in FES: 5375
** Event #18688   t=2873   Elapsed: 47.787s (0m 47s)
     Speed:     ev/sec=413.704   simsec/sec=27.4725   ev/simsec=15.0588
     Messages:  created: 9574   present: 6786   in FES: 5361
** Event #19712   t=2927   Elapsed: 50.814s (0m 50s)
     Speed:     ev/sec=338.401   simsec/sec=17.8453   ev/simsec=18.963
     Messages:  created: 9736   present: 6783   in FES: 5360
** Event #22016   t=3100   Elapsed: 72.134s (1m 12s)
     Speed:     ev/sec=108.068   simsec/sec=8.11445   ev/simsec=13.3179
     Messages:  created: 10092   present: 6783   in FES: 5369
** Event #26112   t=3157   Elapsed: 77.162s (1m 17s)
     Speed:     ev/sec=814.638   simsec/sec=11.3365   ev/simsec=71.8596
     Messages:  created: 10721   present: 6724   in FES: 5377
** Event #31232   t=3218   Elapsed: 84.537s (1m 24s)
     Speed:     ev/sec=694.237   simsec/sec=8.27119   ev/simsec=83.9344
     Messages:  created: 11510   present: 6653   in FES: 5358
** Event #34560   t=3258   Elapsed: 97.278s (1m 37s)
     Speed:     ev/sec=261.204   simsec/sec=3.13947   ev/simsec=83.2
     Messages:  created: 12023   present: 6606   in FES: 5347
** Event #41216   t=3449   Elapsed: 105.575s (1m 45s)
     Speed:     ev/sec=802.314   simsec/sec=23.0231   ev/simsec=34.8482
     Messages:  created: 13068   present: 6605   in FES: 5342
** Event #44032   t=3512   Elapsed: 117.784s (1m 57s)
     Speed:     ev/sec=230.668   simsec/sec=5.16055   ev/simsec=44.6984
     Messages:  created: 13505   present: 6601   in FES: 5337
** Event #52736   t=3739   Elapsed: 130.235s (2m 10s)
     Speed:     ev/sec=699.116   simsec/sec=18.2329   ev/simsec=38.3436
     Messages:  created: 14795   present: 6602   in FES: 5340
** Event #55552   t=3794   Elapsed: 144.071s (2m 24s)
     Speed:     ev/sec=203.542   simsec/sec=3.97542   ev/simsec=51.2
     Messages:  created: 15233   present: 6610   in FES: 5343
** Event #55808   t=3797   Elapsed: 171.411s (2m 51s)
     Speed:     ev/sec=9.36357   simsec/sec=0.109729   ev/simsec=85.3333
     Messages:  created: 15271   present: 6595   in FES: 5340
** Event #65792   t=3899   Elapsed: 173.433s (2m 53s)
     Speed:     ev/sec=4940.13   simsec/sec=50.4701   ev/simsec=97.8824
     Messages:  created: 16799   present: 6498   in FES: 5341
** Event #71936   t=3962   Elapsed: 186.878s (3m 06s)
     Speed:     ev/sec=456.973   simsec/sec=4.68576   ev/simsec=97.5238
     Messages:  created: 17753   present: 6450   in FES: 5348
** Event #81920   t=4092   Elapsed: 188.916s (3m 08s)
     Speed:     ev/sec=4901.33   simsec/sec=63.8193   ev/simsec=76.8
     Messages:  created: 19414   present: 6440   in FES: 5326
** Event #84992   t=4143   Elapsed: 207.284s (3m 27s)
     Speed:     ev/sec=167.247   simsec/sec=2.77657   ev/simsec=60.2353
     Messages:  created: 19880   present: 6434   in FES: 5326
** Event #91136   t=4249   Elapsed: 228.018s (3m 48s)
     Speed:     ev/sec=296.339   simsec/sec=5.11262   ev/simsec=57.9623
     Messages:  created: 20848   present: 6416   in FES: 5303
** Event #91392   t=4253   Elapsed: 247.283s (4m 07s)
     Speed:     ev/sec=13.2883   simsec/sec=0.20763   ev/simsec=64
     Messages:  created: 20887   present: 6407   in FES: 5299
** Event #94976   t=4307   Elapsed: 267.154s (4m 27s)
     Speed:     ev/sec=180.372   simsec/sec=2.71766   ev/simsec=66.3704
     Messages:  created: 21437   present: 6353   in FES: 5300
** Event #99072   t=4369   Elapsed: 279.663s (4m 39s)
     Speed:     ev/sec=327.444   simsec/sec=4.95643   ev/simsec=66.0645
     Messages:  created: 22060   present: 6288   in FES: 5294
** Event #102912   t=4435   Elapsed: 291.990s (4m 51s)
     Speed:     ev/sec=311.511   simsec/sec=5.3541   ev/simsec=58.1818
     Messages:  created: 22659   present: 6221   in FES: 5301
** Event #108544   t=4541   Elapsed: 310.286s (5m 10s)
     Speed:     ev/sec=307.844   simsec/sec=5.79393   ev/simsec=53.1321
     Messages:  created: 23520   present: 6104   in FES: 5281
** Event #110848   t=4596   Elapsed: 313.764s (5m 13s)
     Speed:     ev/sec=662.45   simsec/sec=15.8137   ev/simsec=41.8909
     Messages:  created: 23853   present: 6045   in FES: 5281
** Event #111360   t=4608   Elapsed: 317.096s (5m 17s)
     Speed:     ev/sec=153.661   simsec/sec=3.60144   ev/simsec=42.6667
     Messages:  created: 23927   present: 6029   in FES: 5278
** Event #113664   t=4661   Elapsed: 326.136s (5m 26s)
     Speed:     ev/sec=254.895   simsec/sec=5.86348   ev/simsec=43.4717
     Messages:  created: 24248   present: 5973   in FES: 5276
** Event #115712   t=4708   Elapsed: 335.097s (5m 35s)
     Speed:     ev/sec=228.571   simsec/sec=5.24554   ev/simsec=43.5745
     Messages:  created: 24526   present: 5916   in FES: 5253
** Event #116480   t=4725   Elapsed: 343.918s (5m 43s)
     Speed:     ev/sec=87.065   simsec/sec=1.92722   ev/simsec=45.1765
     Messages:  created: 24633   present: 5900   in FES: 5269
** Event #119552   t=4794   Elapsed: 352.922s (5m 52s)
     Speed:     ev/sec=341.182   simsec/sec=7.66326   ev/simsec=44.5217
     Messages:  created: 25044   present: 5824   in FES: 5249
** Event #121088   t=4833   Elapsed: 359.425s (5m 59s)
     Speed:     ev/sec=236.199   simsec/sec=5.99723   ev/simsec=39.3846
     Messages:  created: 25256   present: 5776   in FES: 5246
** Event #125440   t=4951   Elapsed: 362.878s (6m 02s)
     Speed:     ev/sec=1260.35   simsec/sec=34.1732   ev/simsec=36.8814
     Messages:  created: 25858   present: 5650   in FES: 5245
** Event #127232   t=4998   Elapsed: 366.175s (6m 06s)
     Speed:     ev/sec=543.524   simsec/sec=14.2554   ev/simsec=38.1277
     Messages:  created: 26095   present: 5598   in FES: 5241
** Event #128000   t=5020   Elapsed: 369.396s (6m 09s)
     Speed:     ev/sec=238.509   simsec/sec=6.8323   ev/simsec=34.9091
     Messages:  created: 26195   present: 5570   in FES: 5224
** Event #141959   t=86400   Elapsed: 369.848s (6m 09s)
     Speed:     ev/sec=30880.5   simsec/sec=180044   ev/simsec=0.171516
     Messages:  created: 29655   present: 0   in FES: 0

<!> No more events, simulation completed -- at t=86400s, event #141959
