** Event #0   t=0   Elapsed: 0.000s (0m 00s)
     Speed:     ev/sec=0   simsec/sec=0   ev/simsec=0
     Messages:  created: 5587   present: 5587   in FES: 5587
** Event #3584   t=0   Elapsed: 2.139s (0m 02s)
     Speed:     ev/sec=1676.02   simsec/sec=0   ev/simsec=0
     Messages:  created: 7741   present: 7686   in FES: 6255
** Event #4608   t=2578   Elapsed: 17.265s (0m 17s)
     Speed:     ev/sec=67.7025   simsec/sec=170.446   ev/simsec=0.397207
     Messages:  created: 7830   present: 7531   in FES: 5388
** Event #7936   t=2631   Elapsed: 42.890s (0m 42s)
     Speed:     ev/sec=129.873   simsec/sec=2.06829   ev/simsec=62.7925
     Messages:  created: 8322   present: 7482   in FES: 5406
** Event #18432   t=2788   Elapsed: 44.914s (0m 44s)
     Speed:     ev/sec=5185.77   simsec/sec=77.5692   ev/simsec=66.8535
     Messages:  created: 9892   present: 7311   in FES: 5393
** Event #19712   t=2874   Elapsed: 47.986s (0m 47s)
     Speed:     ev/sec=416.802   simsec/sec=28.0039   ev/simsec=14.8837
     Messages:  created: 10079   present: 7288   in FES: 5366
** Event #20736   t=2929   Elapsed: 51.009s (0m 51s)
     Speed:     ev/sec=338.848   simsec/sec=18.1999   ev/simsec=18.6182
     Messages:  created: 10239   present: 7282   in FES: 5358
** Event #23040   t=3101   Elapsed: 72.263s (1m 12s)
     Speed:     ev/sec=108.403   simsec/sec=8.09259   ev/simsec=13.3953
     Messages:  created: 10595   present: 7274   in FES: 5363
** Event #27136   t=3157   Elapsed: 77.237s (1m 17s)
     Speed:     ev/sec=823.648   simsec/sec=11.2608   ev/simsec=73.1429
     Messages:  created: 11226   present: 7228   in FES: 5387
** Event #32256   t=3218   Elapsed: 84.554s (1m 24s)
     Speed:     ev/sec=699.74   simsec/sec=8.33675   ev/simsec=83.9344
     Messages:  created: 12016   present: 7159   in FES: 5375
** Event #35584   t=3258   Elapsed: 97.202s (1m 37s)
     Speed:     ev/sec=263.125   simsec/sec=3.16256   ev/simsec=83.2
     Messages:  created: 12527   present: 7110   in FES: 5349
** Event #42240   t=3449   Elapsed: 105.446s (1m 45s)
     Speed:     ev/sec=807.473   simsec/sec=23.1712   ev/simsec=34.8482
     Messages:  created: 13574   present: 7111   in FES: 5357
** Event #45056   t=3512   Elapsed: 117.625s (1m 57s)
     Speed:     ev/sec=231.237   simsec/sec=5.17326   ev/simsec=44.6984
     Messages:  created: 14010   present: 7106   in FES: 5349
** Event #53760   t=3739   Elapsed: 130.079s (2m 10s)
     Speed:     ev/sec=698.892   simsec/sec=18.2271   ev/simsec=38.3436
     Messages:  created: 15301   present: 7108   in FES: 5353
** Event #56576   t=3794   Elapsed: 152.945s (2m 32s)
     Speed:     ev/sec=123.152   simsec/sec=2.40532   ev/simsec=51.2
     Messages:  created: 15737   present: 7114   in FES: 5353
** Event #56832   t=3797   Elapsed: 171.108s (2m 51s)
     Speed:     ev/sec=14.0954   simsec/sec=0.16518   ev/simsec=85.3333
     Messages:  created: 15777   present: 7101   in FES: 5355
** Event #66816   t=3899   Elapsed: 173.127s (2m 53s)
     Speed:     ev/sec=4945.02   simsec/sec=50.5201   ev/simsec=97.8824
     Messages:  created: 17304   present: 6996   in FES: 5349
** Event #73216   t=3962   Elapsed: 200.164s (3m 20s)
     Speed:     ev/sec=236.713   simsec/sec=2.33014   ev/simsec=101.587
     Messages:  created: 18296   present: 6947   in FES: 5349
** Event #73472   t=3965   Elapsed: 204.803s (3m 24s)
     Speed:     ev/sec=55.1962   simsec/sec=0.646831   ev/simsec=85.3333
     Messages:  created: 18338   present: 6942   in FES: 5340
** Event #81664   t=4048   Elapsed: 206.861s (3m 26s)
     Speed:     ev/sec=3980.56   simsec/sec=40.3304   ev/simsec=98.6988
     Messages:  created: 19673   present: 6941   in FES: 5341
** Event #89600   t=4143   Elapsed: 226.193s (3m 46s)
     Speed:     ev/sec=410.511   simsec/sec=4.91413   ev/simsec=83.5368
     Messages:  created: 20903   present: 6932   in FES: 5328
** Event #89856   t=4147   Elapsed: 230.514s (3m 50s)
     Speed:     ev/sec=59.2455   simsec/sec=0.925712   ev/simsec=64
     Messages:  created: 20944   present: 6932   in FES: 5325
** Event #96000   t=4248   Elapsed: 251.235s (4m 11s)
     Speed:     ev/sec=296.525   simsec/sec=4.87452   ev/simsec=60.8317
     Messages:  created: 21926   present: 6921   in FES: 5310
** Event #96256   t=4252   Elapsed: 270.418s (4m 30s)
     Speed:     ev/sec=13.3458   simsec/sec=0.208529   ev/simsec=64
     Messages:  created: 21965   present: 6912   in FES: 5307
** Event #99840   t=4306   Elapsed: 290.184s (4m 50s)
     Speed:     ev/sec=181.331   simsec/sec=2.7321   ev/simsec=66.3704
     Messages:  created: 22514   present: 6855   in FES: 5302
** Event #104192   t=4369   Elapsed: 302.803s (5m 02s)
     Speed:     ev/sec=344.877   simsec/sec=4.99247   ev/simsec=69.0794
     Messages:  created: 23197   present: 6790   in FES: 5291
** Event #108032   t=4435   Elapsed: 315.137s (5m 15s)
     Speed:     ev/sec=311.36   simsec/sec=5.3515   ev/simsec=58.1818
     Messages:  created: 23795   present: 6715   in FES: 5286
** Event #114176   t=4541   Elapsed: 327.717s (5m 27s)
     Speed:     ev/sec=488.394   simsec/sec=8.42607   ev/simsec=57.9623
     Messages:  created: 24749   present: 6602   in FES: 5277
** Event #114432   t=4545   Elapsed: 339.545s (5m 39s)
     Speed:     ev/sec=21.6436   simsec/sec=0.338181   ev/simsec=64
     Messages:  created: 24793   present: 6601   in FES: 5286
** Event #117248   t=4593   Elapsed: 344.011s (5m 44s)
     Speed:     ev/sec=630.542   simsec/sec=10.7479   ev/simsec=58.6667
     Messages:  created: 25230   present: 6551   in FES: 5279
** Event #117760   t=4604   Elapsed: 347.326s (5m 47s)
     Speed:     ev/sec=154.496   simsec/sec=3.31925   ev/simsec=46.5455
     Messages:  created: 25305   present: 6531   in FES: 5272
** Event #120064   t=4657   Elapsed: 356.323s (5m 56s)
     Speed:     ev/sec=256.114   simsec/sec=5.89151   ev/simsec=43.4717
     Messages:  created: 25628   present: 6475   in FES: 5269
** Event #122368   t=4709   Elapsed: 365.302s (6m 05s)
     Speed:     ev/sec=256.599   simsec/sec=5.79129   ev/simsec=44.3077
     Messages:  created: 25944   present: 6420   in FES: 5266
** Event #123136   t=4727   Elapsed: 374.145s (6m 14s)
     Speed:     ev/sec=86.8484   simsec/sec=2.03551   ev/simsec=42.6667
     Messages:  created: 26048   present: 6395   in FES: 5258
** Event #126208   t=4795   Elapsed: 383.205s (6m 23s)
     Speed:     ev/sec=339.11   simsec/sec=7.50635   ev/simsec=45.1765
     Messages:  created: 26462   present: 6326   in FES: 5264
** Event #127744   t=4829   Elapsed: 392.054s (6m 32s)
     Speed:     ev/sec=173.579   simsec/sec=3.84224   ev/simsec=45.1765
     Messages:  created: 26666   present: 6288   in FES: 5255
** Event #128000   t=4835   Elapsed: 400.721s (6m 40s)
     Speed:     ev/sec=29.5407   simsec/sec=0.692361   ev/simsec=42.6667
     Messages:  created: 26703   present: 6278   in FES: 5260
** Event #132608   t=4952   Elapsed: 404.231s (6m 44s)
     Speed:     ev/sec=1312.82   simsec/sec=33.3333   ev/simsec=39.3846
     Messages:  created: 27323   present: 6145   in FES: 5233
** Event #134400   t=4999   Elapsed: 407.527s (6m 47s)
     Speed:     ev/sec=543.854   simsec/sec=14.264   ev/simsec=38.1277
     Messages:  created: 27561   present: 6095   in FES: 5231
** Event #134912   t=5012   Elapsed: 410.731s (6m 50s)
     Speed:     ev/sec=159.8   simsec/sec=4.05743   ev/simsec=39.3846
     Messages:  created: 27629   present: 6080   in FES: 5238
** Event #137728   t=5085   Elapsed: 414.039s (6m 54s)
     Speed:     ev/sec=851.27   simsec/sec=22.0677   ev/simsec=38.5753
     Messages:  created: 27993   present: 6001   in FES: 5226
** Event #139008   t=5118   Elapsed: 417.252s (6m 57s)
     Speed:     ev/sec=398.506   simsec/sec=10.274   ev/simsec=38.7879
     Messages:  created: 28156   present: 5963   in FES: 5217
** Event #139264   t=5124   Elapsed: 420.387s (7m 00s)
     Speed:     ev/sec=81.6587   simsec/sec=1.91388   ev/simsec=42.6667
     Messages:  created: 28191   present: 5956   in FES: 5227
** Event #147456   t=7795   Elapsed: 434.574s (7m 14s)
     Speed:     ev/sec=577.471   simsec/sec=188.284   ev/simsec=3.06702
     Messages:  created: 29390   present: 5461   in FES: 5063
** Event #150528   t=7845   Elapsed: 458.757s (7m 38s)
     Speed:     ev/sec=127.031   simsec/sec=2.06757   ev/simsec=61.44
     Messages:  created: 29842   present: 5405   in FES: 5061
** Event #162048   t=8031   Elapsed: 461.376s (7m 41s)
     Speed:     ev/sec=4398.63   simsec/sec=71.0195   ev/simsec=61.9355
     Messages:  created: 31545   present: 5218   in FES: 5032
** Event #162560   t=8094   Elapsed: 463.469s (7m 43s)
     Speed:     ev/sec=244.625   simsec/sec=30.1003   ev/simsec=8.12698
     Messages:  created: 31621   present: 5215   in FES: 5030
** Event #163072   t=8318   Elapsed: 483.477s (8m 03s)
     Speed:     ev/sec=25.5898   simsec/sec=11.1955   ev/simsec=2.28571
     Messages:  created: 31696   present: 5194   in FES: 5027
** Event #178219   t=86400   Elapsed: 484.904s (8m 04s)
     Speed:     ev/sec=10621.3   simsec/sec=54756   ev/simsec=0.193976
     Messages:  created: 35342   present: 0   in FES: 0

<!> No more events, simulation completed -- at t=86400s, event #178219
