** Event #0   t=0   Elapsed: 0.000s (0m 00s)
     Speed:     ev/sec=0   simsec/sec=0   ev/simsec=0
     Messages:  created: 5587   present: 5587   in FES: 5587
** Event #2560   t=2577   Elapsed: 16.357s (0m 16s)
     Speed:     ev/sec=156.569   simsec/sec=157.547   ev/simsec=0.993791
     Messages:  created: 6823   present: 6534   in FES: 5385
** Event #5888   t=2631   Elapsed: 42.281s (0m 42s)
     Speed:     ev/sec=128.375   simsec/sec=2.08301   ev/simsec=61.6296
     Messages:  created: 7312   present: 6480   in FES: 5387
** Event #16128   t=2784   Elapsed: 44.296s (0m 44s)
     Speed:     ev/sec=5084.41   simsec/sec=75.9682   ev/simsec=66.9281
     Messages:  created: 8844   present: 6313   in FES: 5377
** Event #17664   t=2872   Elapsed: 47.422s (0m 47s)
     Speed:     ev/sec=491.52   simsec/sec=28.16   ev/simsec=17.4545
     Messages:  created: 9070   present: 6286   in FES: 5359
** Event #18944   t=2945   Elapsed: 50.457s (0m 50s)
     Speed:     ev/sec=421.885   simsec/sec=24.0606   ev/simsec=17.5342
     Messages:  created: 9271   present: 6282   in FES: 5358
** Event #20992   t=3100   Elapsed: 71.608s (1m 11s)
     Speed:     ev/sec=96.8276   simsec/sec=7.32826   ev/simsec=13.2129
     Messages:  created: 9588   present: 6279   in FES: 5360
** Event #25088   t=3157   Elapsed: 76.627s (1m 16s)
     Speed:     ev/sec=816.099   simsec/sec=11.3568   ev/simsec=71.8596
     Messages:  created: 10215   present: 6218   in FES: 5363
** Event #30208   t=3217   Elapsed: 83.948s (1m 23s)
     Speed:     ev/sec=699.358   simsec/sec=8.1956   ev/simsec=85.3333
     Messages:  created: 11008   present: 6164   in FES: 5373
** Event #33536   t=3257   Elapsed: 96.567s (1m 36s)
     Speed:     ev/sec=263.75   simsec/sec=3.17007   ev/simsec=83.2
     Messages:  created: 11520   present: 6109   in FES: 5353
** Event #40192   t=3448   Elapsed: 104.837s (1m 44s)
     Speed:     ev/sec=804.837   simsec/sec=23.0955   ev/simsec=34.8482
     Messages:  created: 12567   present: 6111   in FES: 5358
** Event #45312   t=3797   Elapsed: 127.666s (2m 07s)
     Speed:     ev/sec=224.286   simsec/sec=15.2882   ev/simsec=14.6705
     Messages:  created: 13375   present: 6100   in FES: 5335
** Event #56320   t=4020   Elapsed: 129.676s (2m 09s)
     Speed:     ev/sec=5479.34   simsec/sec=111   ev/simsec=49.3632
     Messages:  created: 15137   present: 5939   in FES: 5318
** Event #61184   t=4147   Elapsed: 145.538s (2m 25s)
     Speed:     ev/sec=306.645   simsec/sec=8.00656   ev/simsec=38.2992
     Messages:  created: 15908   present: 5927   in FES: 5305
** Event #65280   t=4250   Elapsed: 155.427s (2m 35s)
     Speed:     ev/sec=414.239   simsec/sec=10.4167   ev/simsec=39.767
     Messages:  created: 16537   present: 5919   in FES: 5303
** Event #65536   t=4257   Elapsed: 164.284s (2m 44s)
     Speed:     ev/sec=28.9037   simsec/sec=0.790335   ev/simsec=36.5714
     Messages:  created: 16578   present: 5906   in FES: 5300
** Event #67584   t=4308   Elapsed: 173.298s (2m 53s)
     Speed:     ev/sec=227.227   simsec/sec=5.65849   ev/simsec=40.1569
     Messages:  created: 16887   present: 5850   in FES: 5292
** Event #70144   t=4372   Elapsed: 182.351s (3m 02s)
     Speed:     ev/sec=282.779   simsec/sec=7.06948   ev/simsec=40
     Messages:  created: 17273   present: 5783   in FES: 5284
** Event #72704   t=4434   Elapsed: 191.389s (3m 11s)
     Speed:     ev/sec=283.249   simsec/sec=6.85992   ev/simsec=41.2903
     Messages:  created: 17650   present: 5717   in FES: 5285
** Event #90195   t=86400   Elapsed: 192.141s (3m 12s)
     Speed:     ev/sec=23288.9   simsec/sec=109142   ev/simsec=0.213381
     Messages:  created: 21638   present: 0   in FES: 0

<!> No more events, simulation completed -- at t=86400s, event #90195
