** Event #0   t=0   Elapsed: 0.000s (0m 00s)
     Speed:     ev/sec=0   simsec/sec=0   ev/simsec=0
     Messages:  created: 5587   present: 5587   in FES: 5587
** Event #4096   t=0   Elapsed: 2.155s (0m 02s)
     Speed:     ev/sec=1901.16   simsec/sec=0   ev/simsec=0
     Messages:  created: 8241   present: 8186   in FES: 6743
** Event #5632   t=2578   Elapsed: 17.507s (0m 17s)
     Speed:     ev/sec=100.052   simsec/sec=167.926   ev/simsec=0.595811
     Messages:  created: 8336   present: 8037   in FES: 5407
** Event #8704   t=2628   Elapsed: 25.049s (0m 25s)
     Speed:     ev/sec=407.373   simsec/sec=6.63042   ev/simsec=61.44
     Messages:  created: 8786   present: 7979   in FES: 5385
** Event #8960   t=2632   Elapsed: 43.130s (0m 43s)
     Speed:     ev/sec=14.1585   simsec/sec=0.221227   ev/simsec=64
     Messages:  created: 8822   present: 7974   in FES: 5382
** Event #19456   t=2788   Elapsed: 45.173s (0m 45s)
     Speed:     ev/sec=5140.06   simsec/sec=76.3957   ev/simsec=67.2821
     Messages:  created: 10394   present: 7812   in FES: 5384
** Event #20736   t=2875   Elapsed: 48.251s (0m 48s)
     Speed:     ev/sec=415.854   simsec/sec=28.2651   ev/simsec=14.7126
     Messages:  created: 10582   present: 7788   in FES: 5363
** Event #21760   t=2931   Elapsed: 51.271s (0m 51s)
     Speed:     ev/sec=339.185   simsec/sec=18.5492   ev/simsec=18.2857
     Messages:  created: 10743   present: 7782   in FES: 5357
** Event #24064   t=3101   Elapsed: 72.544s (1m 12s)
     Speed:     ev/sec=108.306   simsec/sec=7.99135   ev/simsec=13.5529
     Messages:  created: 11101   present: 7780   in FES: 5377
** Event #28160   t=3158   Elapsed: 77.523s (1m 17s)
     Speed:     ev/sec=822.655   simsec/sec=11.4481   ev/simsec=71.8596
     Messages:  created: 11726   present: 7720   in FES: 5363
** Event #33280   t=3218   Elapsed: 84.856s (1m 24s)
     Speed:     ev/sec=698.309   simsec/sec=8.18331   ev/simsec=85.3333
     Messages:  created: 12521   present: 7663   in FES: 5385
** Event #36608   t=3259   Elapsed: 97.528s (1m 37s)
     Speed:     ev/sec=262.626   simsec/sec=3.23548   ev/simsec=81.1707
     Messages:  created: 13032   present: 7609   in FES: 5355
** Event #43264   t=3450   Elapsed: 105.806s (1m 45s)
     Speed:     ev/sec=804.059   simsec/sec=23.0732   ev/simsec=34.8482
     Messages:  created: 14076   present: 7606   in FES: 5344
** Event #45824   t=3506   Elapsed: 117.943s (1m 57s)
     Speed:     ev/sec=210.943   simsec/sec=4.61437   ev/simsec=45.7143
     Messages:  created: 14474   present: 7606   in FES: 5341
** Event #54784   t=3740   Elapsed: 130.369s (2m 10s)
     Speed:     ev/sec=721.069   simsec/sec=18.8315   ev/simsec=38.2906
     Messages:  created: 15802   present: 7601   in FES: 5337
** Event #57600   t=3795   Elapsed: 153.241s (2m 33s)
     Speed:     ev/sec=123.125   simsec/sec=2.40479   ev/simsec=51.2
     Messages:  created: 16239   present: 7602   in FES: 5341
** Event #57856   t=3797   Elapsed: 171.362s (2m 51s)
     Speed:     ev/sec=14.1273   simsec/sec=0.110369   ev/simsec=128
     Messages:  created: 16283   present: 7607   in FES: 5370
** Event #67840   t=3899   Elapsed: 173.393s (2m 53s)
     Speed:     ev/sec=4915.81   simsec/sec=50.2216   ev/simsec=97.8824
     Messages:  created: 17810   present: 7502   in FES: 5361
** Event #74240   t=3962   Elapsed: 205.011s (3m 25s)
     Speed:     ev/sec=202.423   simsec/sec=1.9926   ev/simsec=101.587
     Messages:  created: 18801   present: 7452   in FES: 5356
** Event #82176   t=4043   Elapsed: 207.016s (3m 27s)
     Speed:     ev/sec=3958.1   simsec/sec=40.399   ev/simsec=97.9753
     Messages:  created: 20097   present: 7449   in FES: 5353
** Event #90624   t=4143   Elapsed: 230.797s (3m 50s)
     Speed:     ev/sec=355.242   simsec/sec=4.20504   ev/simsec=84.48
     Messages:  created: 21408   present: 7437   in FES: 5331
** Event #97024   t=4248   Elapsed: 251.538s (4m 11s)
     Speed:     ev/sec=308.568   simsec/sec=5.06244   ev/simsec=60.9524
     Messages:  created: 22431   present: 7425   in FES: 5323
** Event #97280   t=4252   Elapsed: 270.736s (4m 30s)
     Speed:     ev/sec=13.3354   simsec/sec=0.208366   ev/simsec=64
     Messages:  created: 22471   present: 7418   in FES: 5323
** Event #100864   t=4306   Elapsed: 290.488s (4m 50s)
     Speed:     ev/sec=181.459   simsec/sec=2.73404   ev/simsec=66.3704
     Messages:  created: 23020   present: 7360   in FES: 5317
** Event #105216   t=4369   Elapsed: 303.088s (5m 03s)
     Speed:     ev/sec=345.424   simsec/sec=5.0004   ev/simsec=69.0794
     Messages:  created: 23702   present: 7288   in FES: 5294
** Event #109056   t=4435   Elapsed: 315.416s (5m 15s)
     Speed:     ev/sec=311.486   simsec/sec=5.35367   ev/simsec=58.1818
     Messages:  created: 24301   present: 7221   in FES: 5301
** Event #115200   t=4541   Elapsed: 339.828s (5m 39s)
     Speed:     ev/sec=251.69   simsec/sec=4.3423   ev/simsec=57.9623
     Messages:  created: 25255   present: 7105   in FES: 5287
** Event #118272   t=4594   Elapsed: 344.316s (5m 44s)
     Speed:     ev/sec=684.492   simsec/sec=11.8093   ev/simsec=57.9623
     Messages:  created: 25734   present: 7046   in FES: 5279
** Event #118784   t=4604   Elapsed: 347.619s (5m 47s)
     Speed:     ev/sec=155.011   simsec/sec=3.02755   ev/simsec=51.2
     Messages:  created: 25808   present: 7033   in FES: 5269
** Event #121088   t=4658   Elapsed: 356.657s (5m 56s)
     Speed:     ev/sec=254.952   simsec/sec=5.97543   ev/simsec=42.6667
     Messages:  created: 26130   present: 6975   in FES: 5262
** Event #123392   t=4710   Elapsed: 365.650s (6m 05s)
     Speed:     ev/sec=256.228   simsec/sec=5.78292   ev/simsec=44.3077
     Messages:  created: 26447   present: 6917   in FES: 5264
** Event #124160   t=4727   Elapsed: 374.489s (6m 14s)
     Speed:     ev/sec=86.8877   simsec/sec=1.92329   ev/simsec=45.1765
     Messages:  created: 26552   present: 6898   in FES: 5266
** Event #127232   t=4796   Elapsed: 383.479s (6m 23s)
     Speed:     ev/sec=341.751   simsec/sec=7.67605   ev/simsec=44.5217
     Messages:  created: 26964   present: 6822   in FES: 5255
** Event #128768   t=4830   Elapsed: 392.346s (6m 32s)
     Speed:     ev/sec=173.246   simsec/sec=3.83487   ev/simsec=45.1765
     Messages:  created: 27170   present: 6786   in FES: 5258
** Event #129024   t=4836   Elapsed: 401.044s (6m 41s)
     Speed:     ev/sec=29.4321   simsec/sec=0.689814   ev/simsec=42.6667
     Messages:  created: 27204   present: 6773   in FES: 5242
** Event #133632   t=4952   Elapsed: 404.563s (6m 44s)
     Speed:     ev/sec=1309.84   simsec/sec=32.9733   ev/simsec=39.7241
     Messages:  created: 27827   present: 6648   in FES: 5237
** Event #135424   t=4999   Elapsed: 407.868s (6m 47s)
     Speed:     ev/sec=542.209   simsec/sec=14.2209   ev/simsec=38.1277
     Messages:  created: 28064   present: 6597   in FES: 5232
** Event #135936   t=5013   Elapsed: 411.081s (6m 51s)
     Speed:     ev/sec=159.402   simsec/sec=4.35866   ev/simsec=36.5714
     Messages:  created: 28131   present: 6577   in FES: 5231
** Event #138752   t=5085   Elapsed: 414.428s (6m 54s)
     Speed:     ev/sec=841.35   simsec/sec=21.5118   ev/simsec=39.1111
     Messages:  created: 28496   present: 6503   in FES: 5227
** Event #140032   t=5118   Elapsed: 417.661s (6m 57s)
     Speed:     ev/sec=395.917   simsec/sec=10.2072   ev/simsec=38.7879
     Messages:  created: 28661   present: 6466   in FES: 5231
** Event #140288   t=5125   Elapsed: 420.810s (7m 00s)
     Speed:     ev/sec=81.2956   simsec/sec=2.22293   ev/simsec=36.5714
     Messages:  created: 28694   present: 6454   in FES: 5225
** Event #148480   t=7796   Elapsed: 434.993s (7m 14s)
     Speed:     ev/sec=577.634   simsec/sec=188.337   ev/simsec=3.06702
     Messages:  created: 29894   present: 5956   in FES: 5062
** Event #151552   t=7845   Elapsed: 459.289s (7m 39s)
     Speed:     ev/sec=126.441   simsec/sec=2.01679   ev/simsec=62.6939
     Messages:  created: 30346   present: 5908   in FES: 5070
** Event #163072   t=8034   Elapsed: 461.925s (7m 41s)
     Speed:     ev/sec=4371.92   simsec/sec=71.7268   ev/simsec=60.9524
     Messages:  created: 32049   present: 5719   in FES: 5034
** Event #163584   t=8091   Elapsed: 464.031s (7m 44s)
     Speed:     ev/sec=243.23   simsec/sec=27.0784   ev/simsec=8.98246
     Messages:  created: 32126   present: 5715   in FES: 5032
** Event #164608   t=8146   Elapsed: 466.895s (7m 46s)
     Speed:     ev/sec=357.667   simsec/sec=19.2106   ev/simsec=18.6182
     Messages:  created: 32287   present: 5712   in FES: 5031
** Event #166912   t=8316   Elapsed: 487.171s (8m 07s)
     Speed:     ev/sec=113.632   simsec/sec=8.3843   ev/simsec=13.5529
     Messages:  created: 32645   present: 5702   in FES: 5049
** Event #171008   t=8373   Elapsed: 491.891s (8m 11s)
     Speed:     ev/sec=867.797   simsec/sec=12.0763   ev/simsec=71.8596
     Messages:  created: 33270   present: 5639   in FES: 5033
** Event #176128   t=8433   Elapsed: 498.834s (8m 18s)
     Speed:     ev/sec=737.54   simsec/sec=8.64304   ev/simsec=85.3333
     Messages:  created: 34062   present: 5584   in FES: 5038
** Event #179456   t=8475   Elapsed: 510.790s (8m 30s)
     Speed:     ev/sec=278.377   simsec/sec=3.51317   ev/simsec=79.2381
     Messages:  created: 34574   present: 5530   in FES: 5016
** Event #186112   t=9011   Elapsed: 532.335s (8m 52s)
     Speed:     ev/sec=308.935   simsec/sec=24.8782   ev/simsec=12.4179
     Messages:  created: 35618   present: 5516   in FES: 4998
** Event #199936   t=9250   Elapsed: 534.341s (8m 54s)
     Speed:     ev/sec=6891.33   simsec/sec=119.143   ev/simsec=57.841
     Messages:  created: 37797   present: 5273   in FES: 4990
** Event #206592   t=9360   Elapsed: 549.087s (9m 09s)
     Speed:     ev/sec=451.407   simsec/sec=7.46016   ev/simsec=60.5091
     Messages:  created: 38795   present: 5157   in FES: 4988
** Event #212992   t=9466   Elapsed: 558.357s (9m 18s)
     Speed:     ev/sec=690.399   simsec/sec=11.4347   ev/simsec=60.3774
     Messages:  created: 39739   present: 5045   in FES: 4976
** Event #213248   t=9471   Elapsed: 566.783s (9m 26s)
     Speed:     ev/sec=30.3858   simsec/sec=0.593472   ev/simsec=51.2
     Messages:  created: 39782   present: 5041   in FES: 4987
** Event #221229   t=86400   Elapsed: 567.174s (9m 27s)
     Speed:     ev/sec=20409.2   simsec/sec=196749   ev/simsec=0.103732
     Messages:  created: 42317   present: 0   in FES: 0

<!> No more events, simulation completed -- at t=86400s, event #221229
