** Event #0   t=0   Elapsed: 0.000s (0m 00s)
     Speed:     ev/sec=0   simsec/sec=0   ev/simsec=0
     Messages:  created: 5587   present: 5587   in FES: 5587
** Event #1792   t=2581   Elapsed: 16.341s (0m 16s)
     Speed:     ev/sec=109.724   simsec/sec=157.946   ev/simsec=0.694692
     Messages:  created: 6357   present: 6028   in FES: 5388
** Event #4864   t=2630   Elapsed: 41.948s (0m 41s)
     Speed:     ev/sec=119.972   simsec/sec=1.91361   ev/simsec=62.6939
     Messages:  created: 6811   present: 5982   in FES: 5404
** Event #15360   t=2787   Elapsed: 43.989s (0m 43s)
     Speed:     ev/sec=5142.58   simsec/sec=76.9231   ev/simsec=66.8535
     Messages:  created: 8381   present: 5811   in FES: 5389
** Event #16640   t=2870   Elapsed: 47.059s (0m 47s)
     Speed:     ev/sec=416.938   simsec/sec=27.0358   ev/simsec=15.4217
     Messages:  created: 8567   present: 5788   in FES: 5364
** Event #17920   t=2943   Elapsed: 50.091s (0m 50s)
     Speed:     ev/sec=422.164   simsec/sec=24.0765   ev/simsec=17.5342
     Messages:  created: 8768   present: 5783   in FES: 5360
** Event #20224   t=3103   Elapsed: 71.335s (1m 11s)
     Speed:     ev/sec=108.459   simsec/sec=7.53189   ev/simsec=14.4
     Messages:  created: 9126   present: 5780   in FES: 5383
** Event #29696   t=3269   Elapsed: 74.792s (1m 14s)
     Speed:     ev/sec=2739.95   simsec/sec=48.0185   ev/simsec=57.0602
     Messages:  created: 10561   present: 5606   in FES: 5341
** Event #32512   t=3795   Elapsed: 97.098s (1m 37s)
     Speed:     ev/sec=126.25   simsec/sec=23.5822   ev/simsec=5.35361
     Messages:  created: 11004   present: 5597   in FES: 5332
** Event #48640   t=44400   Elapsed: 99.099s (1m 39s)
     Speed:     ev/sec=8059.97   simsec/sec=20292.4   ev/simsec=0.397192
     Messages:  created: 14225   present: 2768   in FES: 2710
** Event #52678   t=86400   Elapsed: 99.264s (1m 39s)
     Speed:     ev/sec=24615.9   simsec/sec=256098   ev/simsec=0.096119
     Messages:  created: 15552   present: 0   in FES: 0

<!> No more events, simulation completed -- at t=86400s, event #52678
