** Event #0   t=0   Elapsed: 0.000s (0m 00s)
     Speed:     ev/sec=0   simsec/sec=0   ev/simsec=0
     Messages:  created: 5587   present: 5587   in FES: 5587
** Event #3072   t=0   Elapsed: 2.134s (0m 02s)
     Speed:     ev/sec=1440.02   simsec/sec=0   ev/simsec=0
     Messages:  created: 7241   present: 7186   in FES: 5767
** Event #3584   t=2577   Elapsed: 16.870s (0m 16s)
     Speed:     ev/sec=34.7472   simsec/sec=174.89   ev/simsec=0.198681
     Messages:  created: 7327   present: 7038   in FES: 5392
** Event #6912   t=2631   Elapsed: 42.602s (0m 42s)
     Speed:     ev/sec=129.333   simsec/sec=2.09855   ev/simsec=61.6296
     Messages:  created: 7816   present: 6976   in FES: 5387
** Event #17408   t=2788   Elapsed: 44.644s (0m 44s)
     Speed:     ev/sec=5142.58   simsec/sec=76.9231   ev/simsec=66.8535
     Messages:  created: 9386   present: 6805   in FES: 5375
** Event #18688   t=2873   Elapsed: 47.726s (0m 47s)
     Speed:     ev/sec=415.315   simsec/sec=27.5795   ev/simsec=15.0588
     Messages:  created: 9574   present: 6786   in FES: 5361
** Event #19712   t=2927   Elapsed: 50.733s (0m 50s)
     Speed:     ev/sec=340.539   simsec/sec=17.9581   ev/simsec=18.963
     Messages:  created: 9736   present: 6783   in FES: 5360
** Event #22016   t=3100   Elapsed: 71.984s (1m 11s)
     Speed:     ev/sec=108.418   simsec/sec=8.14079   ev/simsec=13.3179
     Messages:  created: 10092   present: 6783   in FES: 5369
** Event #26112   t=3157   Elapsed: 76.970s (1m 16s)
     Speed:     ev/sec=821.665   simsec/sec=11.4343   ev/simsec=71.8596
     Messages:  created: 10721   present: 6724   in FES: 5377
** Event #31232   t=3218   Elapsed: 84.284s (1m 24s)
     Speed:     ev/sec=700.027   simsec/sec=8.34017   ev/simsec=83.9344
     Messages:  created: 11510   present: 6653   in FES: 5358
** Event #34560   t=3258   Elapsed: 96.934s (1m 36s)
     Speed:     ev/sec=263.083   simsec/sec=3.16206   ev/simsec=83.2
     Messages:  created: 12023   present: 6606   in FES: 5347
** Event #41216   t=3449   Elapsed: 105.181s (1m 45s)
     Speed:     ev/sec=807.179   simsec/sec=23.1627   ev/simsec=34.8482
     Messages:  created: 13068   present: 6605   in FES: 5342
** Event #44032   t=3512   Elapsed: 117.338s (1m 57s)
     Speed:     ev/sec=231.655   simsec/sec=5.18263   ev/simsec=44.6984
     Messages:  created: 13505   present: 6601   in FES: 5337
** Event #52736   t=3739   Elapsed: 129.739s (2m 09s)
     Speed:     ev/sec=701.935   simsec/sec=18.3065   ev/simsec=38.3436
     Messages:  created: 14795   present: 6602   in FES: 5340
** Event #55552   t=3794   Elapsed: 143.655s (2m 23s)
     Speed:     ev/sec=202.357   simsec/sec=3.95229   ev/simsec=51.2
     Messages:  created: 15233   present: 6610   in FES: 5343
** Event #55808   t=3797   Elapsed: 170.880s (2m 50s)
     Speed:     ev/sec=9.40312   simsec/sec=0.110193   ev/simsec=85.3333
     Messages:  created: 15271   present: 6595   in FES: 5340
** Event #65792   t=3899   Elapsed: 172.916s (2m 52s)
     Speed:     ev/sec=4906.14   simsec/sec=50.1229   ev/simsec=97.8824
     Messages:  created: 16799   present: 6498   in FES: 5341
** Event #71936   t=3962   Elapsed: 186.344s (3m 06s)
     Speed:     ev/sec=457.551   simsec/sec=4.69169   ev/simsec=97.5238
     Messages:  created: 17753   present: 6450   in FES: 5348
** Event #81664   t=4088   Elapsed: 188.349s (3m 08s)
     Speed:     ev/sec=4854.29   simsec/sec=62.8743   ev/simsec=77.2063
     Messages:  created: 19374   present: 6440   in FES: 5322
** Event #84992   t=4143   Elapsed: 206.800s (3m 26s)
     Speed:     ev/sec=180.37   simsec/sec=2.98087   ev/simsec=60.5091
     Messages:  created: 19880   present: 6434   in FES: 5326
** Event #91136   t=4249   Elapsed: 227.480s (3m 47s)
     Speed:     ev/sec=297.113   simsec/sec=5.12597   ev/simsec=57.9623
     Messages:  created: 20848   present: 6416   in FES: 5303
** Event #91392   t=4253   Elapsed: 246.678s (4m 06s)
     Speed:     ev/sec=13.3354   simsec/sec=0.208366   ev/simsec=64
     Messages:  created: 20887   present: 6407   in FES: 5299
** Event #94976   t=4307   Elapsed: 266.504s (4m 26s)
     Speed:     ev/sec=180.782   simsec/sec=2.72383   ev/simsec=66.3704
     Messages:  created: 21437   present: 6353   in FES: 5300
** Event #99072   t=4369   Elapsed: 278.982s (4m 38s)
     Speed:     ev/sec=328.258   simsec/sec=4.96874   ev/simsec=66.0645
     Messages:  created: 22060   present: 6288   in FES: 5294
** Event #102912   t=4435   Elapsed: 291.309s (4m 51s)
     Speed:     ev/sec=311.537   simsec/sec=5.35454   ev/simsec=58.1818
     Messages:  created: 22659   present: 6221   in FES: 5301
** Event #108544   t=4541   Elapsed: 309.596s (5m 09s)
     Speed:     ev/sec=307.978   simsec/sec=5.79647   ev/simsec=53.1321
     Messages:  created: 23520   present: 6104   in FES: 5281
** Event #110848   t=4596   Elapsed: 313.090s (5m 13s)
     Speed:     ev/sec=659.605   simsec/sec=15.7458   ev/simsec=41.8909
     Messages:  created: 23853   present: 6045   in FES: 5281
** Event #111360   t=4608   Elapsed: 316.398s (5m 16s)
     Speed:     ev/sec=154.776   simsec/sec=3.62757   ev/simsec=42.6667
     Messages:  created: 23927   present: 6029   in FES: 5278
** Event #113664   t=4661   Elapsed: 325.414s (5m 25s)
     Speed:     ev/sec=255.546   simsec/sec=5.87844   ev/simsec=43.4717
     Messages:  created: 24248   present: 5973   in FES: 5276
** Event #115712   t=4708   Elapsed: 334.379s (5m 34s)
     Speed:     ev/sec=228.469   simsec/sec=5.2432   ev/simsec=43.5745
     Messages:  created: 24526   present: 5916   in FES: 5253
** Event #116480   t=4725   Elapsed: 343.200s (5m 43s)
     Speed:     ev/sec=87.065   simsec/sec=1.92722   ev/simsec=45.1765
     Messages:  created: 24633   present: 5900   in FES: 5269
** Event #119552   t=4794   Elapsed: 352.205s (5m 52s)
     Speed:     ev/sec=341.182   simsec/sec=7.66326   ev/simsec=44.5217
     Messages:  created: 25044   present: 5824   in FES: 5249
** Event #121088   t=4833   Elapsed: 358.716s (5m 58s)
     Speed:     ev/sec=235.908   simsec/sec=5.98986   ev/simsec=39.3846
     Messages:  created: 25256   present: 5776   in FES: 5246
** Event #125440   t=4951   Elapsed: 362.178s (6m 02s)
     Speed:     ev/sec=1257.44   simsec/sec=34.0942   ev/simsec=36.8814
     Messages:  created: 25858   present: 5650   in FES: 5245
** Event #127232   t=4998   Elapsed: 365.471s (6m 05s)
     Speed:     ev/sec=544.185   simsec/sec=14.2727   ev/simsec=38.1277
     Messages:  created: 26095   present: 5598   in FES: 5241
** Event #128000   t=5020   Elapsed: 368.678s (6m 08s)
     Speed:     ev/sec=239.476   simsec/sec=6.85999   ev/simsec=34.9091
     Messages:  created: 26195   present: 5570   in FES: 5224
** Event #141959   t=86400   Elapsed: 369.128s (6m 09s)
     Speed:     ev/sec=31017.8   simsec/sec=180844   ev/simsec=0.171516
     Messages:  created: 29655   present: 0   in FES: 0

<!> No more events, simulation completed -- at t=86400s, event #141959
