** Event #0   t=0   Elapsed: 0.000s (0m 00s)
     Speed:     ev/sec=0   simsec/sec=0   ev/simsec=0
     Messages:  created: 5587   present: 5587   in FES: 5587
** Event #1792   t=2581   Elapsed: 16.274s (0m 16s)
     Speed:     ev/sec=110.176   simsec/sec=158.597   ev/simsec=0.694692
     Messages:  created: 6357   present: 6028   in FES: 5388
** Event #4864   t=2630   Elapsed: 41.924s (0m 41s)
     Speed:     ev/sec=119.766   simsec/sec=1.91033   ev/simsec=62.6939
     Messages:  created: 6811   present: 5982   in FES: 5404
** Event #15360   t=2787   Elapsed: 43.961s (0m 43s)
     Speed:     ev/sec=5152.68   simsec/sec=77.0741   ev/simsec=66.8535
     Messages:  created: 8381   present: 5811   in FES: 5389
** Event #16640   t=2870   Elapsed: 47.047s (0m 47s)
     Speed:     ev/sec=414.911   simsec/sec=26.9044   ev/simsec=15.4217
     Messages:  created: 8567   present: 5788   in FES: 5364
** Event #17920   t=2943   Elapsed: 50.085s (0m 50s)
     Speed:     ev/sec=421.469   simsec/sec=24.0369   ev/simsec=17.5342
     Messages:  created: 8768   present: 5783   in FES: 5360
** Event #20224   t=3103   Elapsed: 71.412s (1m 11s)
     Speed:     ev/sec=108.032   simsec/sec=7.50223   ev/simsec=14.4
     Messages:  created: 9126   present: 5780   in FES: 5383
** Event #29696   t=3269   Elapsed: 74.884s (1m 14s)
     Speed:     ev/sec=2728.9   simsec/sec=47.8248   ev/simsec=57.0602
     Messages:  created: 10561   present: 5606   in FES: 5341
** Event #32512   t=3795   Elapsed: 97.298s (1m 37s)
     Speed:     ev/sec=125.636   simsec/sec=23.4675   ev/simsec=5.35361
     Messages:  created: 11004   present: 5597   in FES: 5332
** Event #48640   t=44400   Elapsed: 99.300s (1m 39s)
     Speed:     ev/sec=8059.97   simsec/sec=20292.4   ev/simsec=0.397192
     Messages:  created: 14225   present: 2768   in FES: 2710
** Event #52678   t=86400   Elapsed: 99.468s (1m 39s)
     Speed:     ev/sec=24029.8   simsec/sec=250000   ev/simsec=0.096119
     Messages:  created: 15552   present: 0   in FES: 0

<!> No more events, simulation completed -- at t=86400s, event #52678
