** Event #0   t=0   Elapsed: 0.000s (0m 00s)
     Speed:     ev/sec=0   simsec/sec=0   ev/simsec=0
     Messages:  created: 5587   present: 5587   in FES: 5587
** Event #3584   t=0   Elapsed: 2.149s (0m 02s)
     Speed:     ev/sec=1668.22   simsec/sec=0   ev/simsec=0
     Messages:  created: 7741   present: 7686   in FES: 6255
** Event #4608   t=2578   Elapsed: 17.260s (0m 17s)
     Speed:     ev/sec=67.7697   simsec/sec=170.615   ev/simsec=0.397207
     Messages:  created: 7830   present: 7531   in FES: 5388
** Event #7936   t=2631   Elapsed: 43.013s (0m 43s)
     Speed:     ev/sec=129.233   simsec/sec=2.05809   ev/simsec=62.7925
     Messages:  created: 8322   present: 7482   in FES: 5406
** Event #18176   t=2784   Elapsed: 45.020s (0m 45s)
     Speed:     ev/sec=5104.69   simsec/sec=76.2712   ev/simsec=66.9281
     Messages:  created: 9854   present: 7316   in FES: 5396
** Event #19712   t=2874   Elapsed: 48.169s (0m 48s)
     Speed:     ev/sec=487.774   simsec/sec=28.5805   ev/simsec=17.0667
     Messages:  created: 10079   present: 7288   in FES: 5366
** Event #20736   t=2929   Elapsed: 51.204s (0m 51s)
     Speed:     ev/sec=337.508   simsec/sec=18.1279   ev/simsec=18.6182
     Messages:  created: 10239   present: 7282   in FES: 5358
** Event #23040   t=3101   Elapsed: 72.554s (1m 12s)
     Speed:     ev/sec=107.916   simsec/sec=8.05621   ev/simsec=13.3953
     Messages:  created: 10595   present: 7274   in FES: 5363
** Event #27136   t=3157   Elapsed: 77.603s (1m 17s)
     Speed:     ev/sec=811.41   simsec/sec=11.0935   ev/simsec=73.1429
     Messages:  created: 11226   present: 7228   in FES: 5387
** Event #32256   t=3218   Elapsed: 84.994s (1m 24s)
     Speed:     ev/sec=692.734   simsec/sec=8.25328   ev/simsec=83.9344
     Messages:  created: 12016   present: 7159   in FES: 5375
** Event #35584   t=3258   Elapsed: 97.737s (1m 37s)
     Speed:     ev/sec=261.183   simsec/sec=3.13922   ev/simsec=83.2
     Messages:  created: 12527   present: 7110   in FES: 5349
** Event #42240   t=3449   Elapsed: 106.025s (1m 46s)
     Speed:     ev/sec=803.089   simsec/sec=23.0454   ev/simsec=34.8482
     Messages:  created: 13574   present: 7111   in FES: 5357
** Event #45056   t=3512   Elapsed: 118.251s (1m 58s)
     Speed:     ev/sec=230.348   simsec/sec=5.15337   ev/simsec=44.6984
     Messages:  created: 14010   present: 7106   in FES: 5349
** Event #53760   t=3739   Elapsed: 130.685s (2m 10s)
     Speed:     ev/sec=700.016   simsec/sec=18.2564   ev/simsec=38.3436
     Messages:  created: 15301   present: 7108   in FES: 5353
** Event #56576   t=3794   Elapsed: 153.618s (2m 33s)
     Speed:     ev/sec=122.792   simsec/sec=2.39829   ev/simsec=51.2
     Messages:  created: 15737   present: 7114   in FES: 5353
** Event #56832   t=3797   Elapsed: 171.779s (2m 51s)
     Speed:     ev/sec=14.0969   simsec/sec=0.165198   ev/simsec=85.3333
     Messages:  created: 15777   present: 7101   in FES: 5355
** Event #66816   t=3899   Elapsed: 173.822s (2m 53s)
     Speed:     ev/sec=4889.32   simsec/sec=49.951   ev/simsec=97.8824
     Messages:  created: 17304   present: 6996   in FES: 5349
** Event #73216   t=3962   Elapsed: 200.927s (3m 20s)
     Speed:     ev/sec=236.119   simsec/sec=2.32429   ev/simsec=101.587
     Messages:  created: 18296   present: 6947   in FES: 5349
** Event #73472   t=3965   Elapsed: 205.579s (3m 25s)
     Speed:     ev/sec=55.0419   simsec/sec=0.645023   ev/simsec=85.3333
     Messages:  created: 18338   present: 6942   in FES: 5340
** Event #81408   t=4045   Elapsed: 207.594s (3m 27s)
     Speed:     ev/sec=3938.46   simsec/sec=39.7022   ev/simsec=99.2
     Messages:  created: 19634   present: 6954   in FES: 5352
** Event #89600   t=4143   Elapsed: 227.122s (3m 47s)
     Speed:     ev/sec=419.522   simsec/sec=5.01869   ev/simsec=83.5918
     Messages:  created: 20903   present: 6932   in FES: 5328
** Event #89856   t=4147   Elapsed: 231.459s (3m 51s)
     Speed:     ev/sec=59.0406   simsec/sec=0.922509   ev/simsec=64
     Messages:  created: 20944   present: 6932   in FES: 5325
** Event #96000   t=4248   Elapsed: 252.164s (4m 12s)
     Speed:     ev/sec=296.74   simsec/sec=4.87805   ev/simsec=60.8317
     Messages:  created: 21926   present: 6921   in FES: 5310
** Event #96256   t=4252   Elapsed: 271.378s (4m 31s)
     Speed:     ev/sec=13.3236   simsec/sec=0.208182   ev/simsec=64
     Messages:  created: 21965   present: 6912   in FES: 5307
** Event #99840   t=4306   Elapsed: 291.103s (4m 51s)
     Speed:     ev/sec=181.698   simsec/sec=2.73764   ev/simsec=66.3704
     Messages:  created: 22514   present: 6855   in FES: 5302
** Event #104192   t=4369   Elapsed: 303.696s (5m 03s)
     Speed:     ev/sec=345.616   simsec/sec=5.00318   ev/simsec=69.0794
     Messages:  created: 23197   present: 6790   in FES: 5291
** Event #108032   t=4435   Elapsed: 316.066s (5m 16s)
     Speed:     ev/sec=310.428   simsec/sec=5.33549   ev/simsec=58.1818
     Messages:  created: 23795   present: 6715   in FES: 5286
** Event #114176   t=4541   Elapsed: 328.621s (5m 28s)
     Speed:     ev/sec=489.406   simsec/sec=8.44352   ev/simsec=57.9623
     Messages:  created: 24749   present: 6602   in FES: 5277
** Event #114432   t=4545   Elapsed: 340.433s (5m 40s)
     Speed:     ev/sec=21.6747   simsec/sec=0.338667   ev/simsec=64
     Messages:  created: 24793   present: 6601   in FES: 5286
** Event #117248   t=4593   Elapsed: 344.886s (5m 44s)
     Speed:     ev/sec=632.383   simsec/sec=10.7792   ev/simsec=58.6667
     Messages:  created: 25230   present: 6551   in FES: 5279
** Event #117760   t=4604   Elapsed: 348.193s (5m 48s)
     Speed:     ev/sec=154.87   simsec/sec=3.32728   ev/simsec=46.5455
     Messages:  created: 25305   present: 6531   in FES: 5272
** Event #120064   t=4657   Elapsed: 357.209s (5m 57s)
     Speed:     ev/sec=255.546   simsec/sec=5.87844   ev/simsec=43.4717
     Messages:  created: 25628   present: 6475   in FES: 5269
** Event #122368   t=4709   Elapsed: 366.198s (6m 06s)
     Speed:     ev/sec=256.342   simsec/sec=5.78549   ev/simsec=44.3077
     Messages:  created: 25944   present: 6420   in FES: 5266
** Event #123136   t=4727   Elapsed: 375.025s (6m 15s)
     Speed:     ev/sec=87.0156   simsec/sec=2.03943   ev/simsec=42.6667
     Messages:  created: 26048   present: 6395   in FES: 5258
** Event #126208   t=4795   Elapsed: 384.034s (6m 24s)
     Speed:     ev/sec=340.992   simsec/sec=7.54801   ev/simsec=45.1765
     Messages:  created: 26462   present: 6326   in FES: 5264
** Event #127744   t=4829   Elapsed: 392.902s (6m 32s)
     Speed:     ev/sec=173.207   simsec/sec=3.83401   ev/simsec=45.1765
     Messages:  created: 26666   present: 6288   in FES: 5255
** Event #128000   t=4835   Elapsed: 401.599s (6m 41s)
     Speed:     ev/sec=29.4354   simsec/sec=0.689893   ev/simsec=42.6667
     Messages:  created: 26703   present: 6278   in FES: 5260
** Event #132608   t=4952   Elapsed: 405.121s (6m 45s)
     Speed:     ev/sec=1308.35   simsec/sec=33.2198   ev/simsec=39.3846
     Messages:  created: 27323   present: 6145   in FES: 5233
** Event #134400   t=4999   Elapsed: 408.435s (6m 48s)
     Speed:     ev/sec=540.899   simsec/sec=14.1865   ev/simsec=38.1277
     Messages:  created: 27561   present: 6095   in FES: 5231
** Event #134912   t=5012   Elapsed: 411.647s (6m 51s)
     Speed:     ev/sec=159.402   simsec/sec=4.04732   ev/simsec=39.3846
     Messages:  created: 27629   present: 6080   in FES: 5238
** Event #137728   t=5085   Elapsed: 414.977s (6m 54s)
     Speed:     ev/sec=845.646   simsec/sec=21.9219   ev/simsec=38.5753
     Messages:  created: 27993   present: 6001   in FES: 5226
** Event #139008   t=5118   Elapsed: 418.209s (6m 58s)
     Speed:     ev/sec=396.162   simsec/sec=10.2136   ev/simsec=38.7879
     Messages:  created: 28156   present: 5963   in FES: 5217
** Event #139264   t=5124   Elapsed: 421.361s (7m 01s)
     Speed:     ev/sec=81.244   simsec/sec=1.90416   ev/simsec=42.6667
     Messages:  created: 28191   present: 5956   in FES: 5227
** Event #147456   t=7795   Elapsed: 435.583s (7m 15s)
     Speed:     ev/sec=576.009   simsec/sec=187.808   ev/simsec=3.06702
     Messages:  created: 29390   present: 5461   in FES: 5063
** Event #150528   t=7845   Elapsed: 459.799s (7m 39s)
     Speed:     ev/sec=126.864   simsec/sec=2.06484   ev/simsec=61.44
     Messages:  created: 29842   present: 5405   in FES: 5061
** Event #162048   t=8031   Elapsed: 462.440s (7m 42s)
     Speed:     ev/sec=4363.64   simsec/sec=70.4545   ev/simsec=61.9355
     Messages:  created: 31545   present: 5218   in FES: 5032
** Event #162560   t=8094   Elapsed: 464.547s (7m 44s)
     Speed:     ev/sec=243   simsec/sec=29.9003   ev/simsec=8.12698
     Messages:  created: 31621   present: 5215   in FES: 5030
** Event #163072   t=8318   Elapsed: 484.593s (8m 04s)
     Speed:     ev/sec=25.5425   simsec/sec=11.1749   ev/simsec=2.28571
     Messages:  created: 31696   present: 5194   in FES: 5027
** Event #178219   t=86400   Elapsed: 486.034s (8m 06s)
     Speed:     ev/sec=10518.1   simsec/sec=54223.6   ev/simsec=0.193976
     Messages:  created: 35342   present: 0   in FES: 0

<!> No more events, simulation completed -- at t=86400s, event #178219
