** Event #0   t=0   Elapsed: 0.000s (0m 00s)
     Speed:     ev/sec=0   simsec/sec=0   ev/simsec=0
     Messages:  created: 5587   present: 5587   in FES: 5587
** Event #2560   t=2577   Elapsed: 16.458s (0m 16s)
     Speed:     ev/sec=155.608   simsec/sec=156.58   ev/simsec=0.993791
     Messages:  created: 6823   present: 6534   in FES: 5385
** Event #5888   t=2631   Elapsed: 42.394s (0m 42s)
     Speed:     ev/sec=128.321   simsec/sec=2.08213   ev/simsec=61.6296
     Messages:  created: 7312   present: 6480   in FES: 5387
** Event #16128   t=2784   Elapsed: 44.414s (0m 44s)
     Speed:     ev/sec=5069.31   simsec/sec=75.7426   ev/simsec=66.9281
     Messages:  created: 8844   present: 6313   in FES: 5377
** Event #17664   t=2872   Elapsed: 47.563s (0m 47s)
     Speed:     ev/sec=487.929   simsec/sec=27.9543   ev/simsec=17.4545
     Messages:  created: 9070   present: 6286   in FES: 5359
** Event #18944   t=2945   Elapsed: 50.644s (0m 50s)
     Speed:     ev/sec=415.584   simsec/sec=23.7013   ev/simsec=17.5342
     Messages:  created: 9271   present: 6282   in FES: 5358
** Event #20992   t=3100   Elapsed: 71.878s (1m 11s)
     Speed:     ev/sec=96.4491   simsec/sec=7.29961   ev/simsec=13.2129
     Messages:  created: 9588   present: 6279   in FES: 5360
** Event #25088   t=3157   Elapsed: 76.955s (1m 16s)
     Speed:     ev/sec=806.935   simsec/sec=11.2293   ev/simsec=71.8596
     Messages:  created: 10215   present: 6218   in FES: 5363
** Event #30208   t=3217   Elapsed: 84.334s (1m 24s)
     Speed:     ev/sec=693.955   simsec/sec=8.13229   ev/simsec=85.3333
     Messages:  created: 11008   present: 6164   in FES: 5373
** Event #33536   t=3257   Elapsed: 97.050s (1m 37s)
     Speed:     ev/sec=261.718   simsec/sec=3.14564   ev/simsec=83.2
     Messages:  created: 11520   present: 6109   in FES: 5353
** Event #40192   t=3448   Elapsed: 105.366s (1m 45s)
     Speed:     ev/sec=800.385   simsec/sec=22.9678   ev/simsec=34.8482
     Messages:  created: 12567   present: 6111   in FES: 5358
** Event #45312   t=3797   Elapsed: 128.212s (2m 08s)
     Speed:     ev/sec=224.109   simsec/sec=15.2762   ev/simsec=14.6705
     Messages:  created: 13375   present: 6100   in FES: 5335
** Event #56320   t=4020   Elapsed: 130.229s (2m 10s)
     Speed:     ev/sec=5460.32   simsec/sec=110.615   ev/simsec=49.3632
     Messages:  created: 15137   present: 5939   in FES: 5318
** Event #61184   t=4147   Elapsed: 146.114s (2m 26s)
     Speed:     ev/sec=306.22   simsec/sec=7.99547   ev/simsec=38.2992
     Messages:  created: 15908   present: 5927   in FES: 5305
** Event #65280   t=4250   Elapsed: 156.011s (2m 36s)
     Speed:     ev/sec=413.863   simsec/sec=10.4072   ev/simsec=39.767
     Messages:  created: 16537   present: 5919   in FES: 5303
** Event #65536   t=4257   Elapsed: 164.876s (2m 44s)
     Speed:     ev/sec=28.8776   simsec/sec=0.789622   ev/simsec=36.5714
     Messages:  created: 16578   present: 5906   in FES: 5300
** Event #67584   t=4308   Elapsed: 173.911s (2m 53s)
     Speed:     ev/sec=226.674   simsec/sec=5.64471   ev/simsec=40.1569
     Messages:  created: 16887   present: 5850   in FES: 5292
** Event #70144   t=4372   Elapsed: 182.932s (3m 02s)
     Speed:     ev/sec=283.814   simsec/sec=7.09534   ev/simsec=40
     Messages:  created: 17273   present: 5783   in FES: 5284
** Event #72704   t=4434   Elapsed: 191.948s (3m 11s)
     Speed:     ev/sec=283.971   simsec/sec=6.87743   ev/simsec=41.2903
     Messages:  created: 17650   present: 5717   in FES: 5285
** Event #90195   t=86400   Elapsed: 192.700s (3m 12s)
     Speed:     ev/sec=23288.9   simsec/sec=109142   ev/simsec=0.213381
     Messages:  created: 21638   present: 0   in FES: 0

<!> No more events, simulation completed -- at t=86400s, event #90195
