** Event #0   t=0   Elapsed: 0.000s (0m 00s)
     Speed:     ev/sec=0   simsec/sec=0   ev/simsec=0
     Messages:  created: 5587   present: 5587   in FES: 5587
** Event #3072   t=0   Elapsed: 2.116s (0m 02s)
     Speed:     ev/sec=1452.27   simsec/sec=0   ev/simsec=0
     Messages:  created: 7241   present: 7186   in FES: 5767
** Event #3584   t=2577   Elapsed: 16.821s (0m 16s)
     Speed:     ev/sec=34.8181   simsec/sec=175.247   ev/simsec=0.198681
     Messages:  created: 7327   present: 7038   in FES: 5392
** Event #6912   t=2631   Elapsed: 42.457s (0m 42s)
     Speed:     ev/sec=129.823   simsec/sec=2.1065   ev/simsec=61.6296
     Messages:  created: 7816   present: 6976   in FES: 5387
** Event #17408   t=2788   Elapsed: 44.476s (0m 44s)
     Speed:     ev/sec=5198.61   simsec/sec=77.7613   ev/simsec=66.8535
     Messages:  created: 9386   present: 6805   in FES: 5375
** Event #18688   t=2873   Elapsed: 47.559s (0m 47s)
     Speed:     ev/sec=415.315   simsec/sec=27.5795   ev/simsec=15.0588
     Messages:  created: 9574   present: 6786   in FES: 5361
** Event #19712   t=2927   Elapsed: 50.562s (0m 50s)
     Speed:     ev/sec=340.992   simsec/sec=17.982   ev/simsec=18.963
     Messages:  created: 9736   present: 6783   in FES: 5360
** Event #22016   t=3100   Elapsed: 71.797s (1m 11s)
     Speed:     ev/sec=108.505   simsec/sec=8.14731   ev/simsec=13.3179
     Messages:  created: 10092   present: 6783   in FES: 5369
** Event #26112   t=3157   Elapsed: 76.781s (1m 16s)
     Speed:     ev/sec=821.83   simsec/sec=11.4366   ev/simsec=71.8596
     Messages:  created: 10721   present: 6724   in FES: 5377
** Event #31232   t=3218   Elapsed: 84.077s (1m 24s)
     Speed:     ev/sec=701.754   simsec/sec=8.36075   ev/simsec=83.9344
     Messages:  created: 11510   present: 6653   in FES: 5358
** Event #34560   t=3258   Elapsed: 96.808s (1m 36s)
     Speed:     ev/sec=261.43   simsec/sec=3.14218   ev/simsec=83.2
     Messages:  created: 12023   present: 6606   in FES: 5347
** Event #41216   t=3449   Elapsed: 105.038s (1m 45s)
     Speed:     ev/sec=808.748   simsec/sec=23.2078   ev/simsec=34.8482
     Messages:  created: 13068   present: 6605   in FES: 5342
** Event #44032   t=3512   Elapsed: 117.212s (1m 57s)
     Speed:     ev/sec=231.313   simsec/sec=5.17496   ev/simsec=44.6984
     Messages:  created: 13505   present: 6601   in FES: 5337
** Event #52736   t=3739   Elapsed: 129.605s (2m 09s)
     Speed:     ev/sec=702.389   simsec/sec=18.3183   ev/simsec=38.3436
     Messages:  created: 14795   present: 6602   in FES: 5340
** Event #55552   t=3794   Elapsed: 143.365s (2m 23s)
     Speed:     ev/sec=204.651   simsec/sec=3.99709   ev/simsec=51.2
     Messages:  created: 15233   present: 6610   in FES: 5343
** Event #55808   t=3797   Elapsed: 170.615s (2m 50s)
     Speed:     ev/sec=9.39484   simsec/sec=0.110096   ev/simsec=85.3333
     Messages:  created: 15271   present: 6595   in FES: 5340
** Event #65792   t=3899   Elapsed: 172.626s (2m 52s)
     Speed:     ev/sec=4964.69   simsec/sec=50.721   ev/simsec=97.8824
     Messages:  created: 16799   present: 6498   in FES: 5341
** Event #71936   t=3962   Elapsed: 186.000s (3m 06s)
     Speed:     ev/sec=459.433   simsec/sec=4.71098   ev/simsec=97.5238
     Messages:  created: 17753   present: 6450   in FES: 5348
** Event #81920   t=4092   Elapsed: 188.029s (3m 08s)
     Speed:     ev/sec=4920.65   simsec/sec=64.071   ev/simsec=76.8
     Messages:  created: 19414   present: 6440   in FES: 5326
** Event #84992   t=4143   Elapsed: 206.259s (3m 26s)
     Speed:     ev/sec=168.523   simsec/sec=2.79774   ev/simsec=60.2353
     Messages:  created: 19880   present: 6434   in FES: 5326
** Event #91136   t=4249   Elapsed: 226.959s (3m 46s)
     Speed:     ev/sec=296.826   simsec/sec=5.12102   ev/simsec=57.9623
     Messages:  created: 20848   present: 6416   in FES: 5303
** Event #91392   t=4253   Elapsed: 246.159s (4m 06s)
     Speed:     ev/sec=13.3333   simsec/sec=0.208333   ev/simsec=64
     Messages:  created: 20887   present: 6407   in FES: 5299
** Event #94976   t=4307   Elapsed: 265.936s (4m 25s)
     Speed:     ev/sec=181.23   simsec/sec=2.73058   ev/simsec=66.3704
     Messages:  created: 21437   present: 6353   in FES: 5300
** Event #99072   t=4369   Elapsed: 278.382s (4m 38s)
     Speed:     ev/sec=329.102   simsec/sec=4.98152   ev/simsec=66.0645
     Messages:  created: 22060   present: 6288   in FES: 5294
** Event #102912   t=4435   Elapsed: 290.684s (4m 50s)
     Speed:     ev/sec=312.144   simsec/sec=5.36498   ev/simsec=58.1818
     Messages:  created: 22659   present: 6221   in FES: 5301
** Event #108544   t=4541   Elapsed: 308.926s (5m 08s)
     Speed:     ev/sec=308.755   simsec/sec=5.81108   ev/simsec=53.1321
     Messages:  created: 23520   present: 6104   in FES: 5281
** Event #110848   t=4596   Elapsed: 312.411s (5m 12s)
     Speed:     ev/sec=661.309   simsec/sec=15.7865   ev/simsec=41.8909
     Messages:  created: 23853   present: 6045   in FES: 5281
** Event #111360   t=4608   Elapsed: 315.717s (5m 15s)
     Speed:     ev/sec=154.87   simsec/sec=3.62976   ev/simsec=42.6667
     Messages:  created: 23927   present: 6029   in FES: 5278
** Event #113664   t=4661   Elapsed: 324.713s (5m 24s)
     Speed:     ev/sec=256.114   simsec/sec=5.89151   ev/simsec=43.4717
     Messages:  created: 24248   present: 5973   in FES: 5276
** Event #115712   t=4708   Elapsed: 333.657s (5m 33s)
     Speed:     ev/sec=229.006   simsec/sec=5.25551   ev/simsec=43.5745
     Messages:  created: 24526   present: 5916   in FES: 5253
** Event #116480   t=4725   Elapsed: 342.512s (5m 42s)
     Speed:     ev/sec=86.7405   simsec/sec=1.92004   ev/simsec=45.1765
     Messages:  created: 24633   present: 5900   in FES: 5269
** Event #119552   t=4794   Elapsed: 351.470s (5m 51s)
     Speed:     ev/sec=342.934   simsec/sec=7.70261   ev/simsec=44.5217
     Messages:  created: 25044   present: 5824   in FES: 5249
** Event #121088   t=4833   Elapsed: 357.929s (5m 57s)
     Speed:     ev/sec=237.845   simsec/sec=6.03902   ev/simsec=39.3846
     Messages:  created: 25256   present: 5776   in FES: 5246
** Event #125440   t=4951   Elapsed: 361.370s (6m 01s)
     Speed:     ev/sec=1264.75   simsec/sec=34.2924   ev/simsec=36.8814
     Messages:  created: 25858   present: 5650   in FES: 5245
** Event #127232   t=4998   Elapsed: 364.650s (6m 04s)
     Speed:     ev/sec=546.508   simsec/sec=14.3336   ev/simsec=38.1277
     Messages:  created: 26095   present: 5598   in FES: 5241
** Event #128000   t=5020   Elapsed: 367.855s (6m 07s)
     Speed:     ev/sec=239.626   simsec/sec=6.86427   ev/simsec=34.9091
     Messages:  created: 26195   present: 5570   in FES: 5224
** Event #141959   t=86400   Elapsed: 368.304s (6m 08s)
     Speed:     ev/sec=31156.2   simsec/sec=181652   ev/simsec=0.171516
     Messages:  created: 29655   present: 0   in FES: 0

<!> No more events, simulation completed -- at t=86400s, event #141959
