** Event #0   t=0   Elapsed: 0.000s (0m 00s)
     Speed:     ev/sec=0   simsec/sec=0   ev/simsec=0
     Messages:  created: 5587   present: 5587   in FES: 5587
** Event #3584   t=0   Elapsed: 2.142s (0m 02s)
     Speed:     ev/sec=1673.67   simsec/sec=0   ev/simsec=0
     Messages:  created: 7741   present: 7686   in FES: 6255
** Event #4608   t=2578   Elapsed: 17.310s (0m 17s)
     Speed:     ev/sec=67.5105   simsec/sec=169.963   ev/simsec=0.397207
     Messages:  created: 7830   present: 7531   in FES: 5388
** Event #7936   t=2631   Elapsed: 43.147s (0m 43s)
     Speed:     ev/sec=128.813   simsec/sec=2.0514   ev/simsec=62.7925
     Messages:  created: 8322   present: 7482   in FES: 5406
** Event #18432   t=2788   Elapsed: 45.187s (0m 45s)
     Speed:     ev/sec=5145.1   simsec/sec=76.9608   ev/simsec=66.8535
     Messages:  created: 9892   present: 7311   in FES: 5393
** Event #19712   t=2874   Elapsed: 48.276s (0m 48s)
     Speed:     ev/sec=414.374   simsec/sec=27.8407   ev/simsec=14.8837
     Messages:  created: 10079   present: 7288   in FES: 5366
** Event #20736   t=2929   Elapsed: 51.361s (0m 51s)
     Speed:     ev/sec=332.036   simsec/sec=17.834   ev/simsec=18.6182
     Messages:  created: 10239   present: 7282   in FES: 5358
** Event #23040   t=3101   Elapsed: 72.736s (1m 12s)
     Speed:     ev/sec=107.789   simsec/sec=8.04678   ev/simsec=13.3953
     Messages:  created: 10595   present: 7274   in FES: 5363
** Event #27136   t=3157   Elapsed: 77.761s (1m 17s)
     Speed:     ev/sec=815.287   simsec/sec=11.1465   ev/simsec=73.1429
     Messages:  created: 11226   present: 7228   in FES: 5387
** Event #32256   t=3218   Elapsed: 85.144s (1m 25s)
     Speed:     ev/sec=693.579   simsec/sec=8.26334   ev/simsec=83.9344
     Messages:  created: 12016   present: 7159   in FES: 5375
** Event #35584   t=3258   Elapsed: 97.872s (1m 37s)
     Speed:     ev/sec=261.471   simsec/sec=3.14268   ev/simsec=83.2
     Messages:  created: 12527   present: 7110   in FES: 5349
** Event #42240   t=3449   Elapsed: 106.176s (1m 46s)
     Speed:     ev/sec=801.638   simsec/sec=23.0037   ev/simsec=34.8482
     Messages:  created: 13574   present: 7111   in FES: 5357
** Event #45056   t=3512   Elapsed: 118.439s (1m 58s)
     Speed:     ev/sec=229.634   simsec/sec=5.13741   ev/simsec=44.6984
     Messages:  created: 14010   present: 7106   in FES: 5349
** Event #53760   t=3739   Elapsed: 130.938s (2m 10s)
     Speed:     ev/sec=696.431   simsec/sec=18.1629   ev/simsec=38.3436
     Messages:  created: 15301   present: 7108   in FES: 5353
** Event #56576   t=3794   Elapsed: 153.954s (2m 33s)
     Speed:     ev/sec=122.35   simsec/sec=2.38964   ev/simsec=51.2
     Messages:  created: 15737   present: 7114   in FES: 5353
** Event #56832   t=3797   Elapsed: 172.231s (2m 52s)
     Speed:     ev/sec=14.0067   simsec/sec=0.164141   ev/simsec=85.3333
     Messages:  created: 15777   present: 7101   in FES: 5355
** Event #66816   t=3899   Elapsed: 174.265s (2m 54s)
     Speed:     ev/sec=4910.97   simsec/sec=50.1722   ev/simsec=97.8824
     Messages:  created: 17304   present: 6996   in FES: 5349
** Event #73216   t=3962   Elapsed: 201.564s (3m 21s)
     Speed:     ev/sec=234.441   simsec/sec=2.30778   ev/simsec=101.587
     Messages:  created: 18296   present: 6947   in FES: 5349
** Event #73472   t=3965   Elapsed: 206.258s (3m 26s)
     Speed:     ev/sec=54.5493   simsec/sec=0.63925   ev/simsec=85.3333
     Messages:  created: 18338   present: 6942   in FES: 5340
** Event #81408   t=4045   Elapsed: 208.265s (3m 28s)
     Speed:     ev/sec=3956.13   simsec/sec=39.8804   ev/simsec=99.2
     Messages:  created: 19634   present: 6954   in FES: 5352
** Event #89600   t=4143   Elapsed: 227.857s (3m 47s)
     Speed:     ev/sec=418.13   simsec/sec=5.00204   ev/simsec=83.5918
     Messages:  created: 20903   present: 6932   in FES: 5328
** Event #89856   t=4147   Elapsed: 232.202s (3m 52s)
     Speed:     ev/sec=58.9319   simsec/sec=0.92081   ev/simsec=64
     Messages:  created: 20944   present: 6932   in FES: 5325
** Event #96000   t=4248   Elapsed: 253.001s (4m 13s)
     Speed:     ev/sec=295.399   simsec/sec=4.856   ev/simsec=60.8317
     Messages:  created: 21926   present: 6921   in FES: 5310
** Event #96256   t=4252   Elapsed: 272.335s (4m 32s)
     Speed:     ev/sec=13.2416   simsec/sec=0.2069   ev/simsec=64
     Messages:  created: 21965   present: 6912   in FES: 5307
** Event #99840   t=4306   Elapsed: 292.257s (4m 52s)
     Speed:     ev/sec=179.902   simsec/sec=2.71057   ev/simsec=66.3704
     Messages:  created: 22514   present: 6855   in FES: 5302
** Event #104192   t=4369   Elapsed: 304.940s (5m 04s)
     Speed:     ev/sec=343.164   simsec/sec=4.96767   ev/simsec=69.0794
     Messages:  created: 23197   present: 6790   in FES: 5291
** Event #108032   t=4435   Elapsed: 317.333s (5m 17s)
     Speed:     ev/sec=309.852   simsec/sec=5.32559   ev/simsec=58.1818
     Messages:  created: 23795   present: 6715   in FES: 5286
** Event #114176   t=4541   Elapsed: 329.980s (5m 29s)
     Speed:     ev/sec=485.845   simsec/sec=8.3821   ev/simsec=57.9623
     Messages:  created: 24749   present: 6602   in FES: 5277
** Event #114432   t=4545   Elapsed: 341.887s (5m 41s)
     Speed:     ev/sec=21.5   simsec/sec=0.335937   ev/simsec=64
     Messages:  created: 24793   present: 6601   in FES: 5286
** Event #117248   t=4593   Elapsed: 346.399s (5m 46s)
     Speed:     ev/sec=624.252   simsec/sec=10.6407   ev/simsec=58.6667
     Messages:  created: 25230   present: 6551   in FES: 5279
** Event #117760   t=4604   Elapsed: 349.743s (5m 49s)
     Speed:     ev/sec=153.11   simsec/sec=3.28947   ev/simsec=46.5455
     Messages:  created: 25305   present: 6531   in FES: 5272
** Event #120064   t=4657   Elapsed: 358.861s (5m 58s)
     Speed:     ev/sec=252.687   simsec/sec=5.81268   ev/simsec=43.4717
     Messages:  created: 25628   present: 6475   in FES: 5269
** Event #122368   t=4709   Elapsed: 367.955s (6m 07s)
     Speed:     ev/sec=253.382   simsec/sec=5.71868   ev/simsec=44.3077
     Messages:  created: 25944   present: 6420   in FES: 5266
** Event #123136   t=4727   Elapsed: 376.892s (6m 16s)
     Speed:     ev/sec=85.9349   simsec/sec=2.0141   ev/simsec=42.6667
     Messages:  created: 26048   present: 6395   in FES: 5258
** Event #126208   t=4795   Elapsed: 385.972s (6m 25s)
     Speed:     ev/sec=338.326   simsec/sec=7.48899   ev/simsec=45.1765
     Messages:  created: 26462   present: 6326   in FES: 5264
** Event #127744   t=4829   Elapsed: 394.940s (6m 34s)
     Speed:     ev/sec=171.276   simsec/sec=3.79126   ev/simsec=45.1765
     Messages:  created: 26666   present: 6288   in FES: 5255
** Event #128000   t=4835   Elapsed: 403.820s (6m 43s)
     Speed:     ev/sec=28.8288   simsec/sec=0.675676   ev/simsec=42.6667
     Messages:  created: 26703   present: 6278   in FES: 5260
** Event #132608   t=4952   Elapsed: 407.378s (6m 47s)
     Speed:     ev/sec=1295.47   simsec/sec=32.8929   ev/simsec=39.3846
     Messages:  created: 27323   present: 6145   in FES: 5233
** Event #134400   t=4999   Elapsed: 410.713s (6m 50s)
     Speed:     ev/sec=537.493   simsec/sec=14.0972   ev/simsec=38.1277
     Messages:  created: 27561   present: 6095   in FES: 5231
** Event #134912   t=5012   Elapsed: 413.954s (6m 53s)
     Speed:     ev/sec=157.976   simsec/sec=4.01111   ev/simsec=39.3846
     Messages:  created: 27629   present: 6080   in FES: 5238
** Event #137728   t=5085   Elapsed: 417.315s (6m 57s)
     Speed:     ev/sec=838.095   simsec/sec=21.7262   ev/simsec=38.5753
     Messages:  created: 27993   present: 6001   in FES: 5226
** Event #139008   t=5118   Elapsed: 420.582s (7m 00s)
     Speed:     ev/sec=391.797   simsec/sec=10.101   ev/simsec=38.7879
     Messages:  created: 28156   present: 5963   in FES: 5217
** Event #139264   t=5124   Elapsed: 423.773s (7m 03s)
     Speed:     ev/sec=80.2508   simsec/sec=1.88088   ev/simsec=42.6667
     Messages:  created: 28191   present: 5956   in FES: 5227
** Event #147456   t=7795   Elapsed: 438.099s (7m 18s)
     Speed:     ev/sec=571.867   simsec/sec=186.457   ev/simsec=3.06702
     Messages:  created: 29390   present: 5461   in FES: 5063
** Event #150528   t=7845   Elapsed: 462.551s (7m 42s)
     Speed:     ev/sec=125.634   simsec/sec=2.04482   ev/simsec=61.44
     Messages:  created: 29842   present: 5405   in FES: 5061
** Event #162048   t=8031   Elapsed: 465.199s (7m 45s)
     Speed:     ev/sec=4352.1   simsec/sec=70.2682   ev/simsec=61.9355
     Messages:  created: 31545   present: 5218   in FES: 5032
** Event #162560   t=8094   Elapsed: 467.313s (7m 47s)
     Speed:     ev/sec=242.31   simsec/sec=29.8154   ev/simsec=8.12698
     Messages:  created: 31621   present: 5215   in FES: 5030
** Event #163072   t=8318   Elapsed: 487.516s (8m 07s)
     Speed:     ev/sec=25.3428   simsec/sec=11.0875   ev/simsec=2.28571
     Messages:  created: 31696   present: 5194   in FES: 5027
** Event #178219   t=86400   Elapsed: 488.957s (8m 08s)
     Speed:     ev/sec=10510.8   simsec/sec=54186   ev/simsec=0.193976
     Messages:  created: 35342   present: 0   in FES: 0

<!> No more events, simulation completed -- at t=86400s, event #178219
