** Event #0   t=0   Elapsed: 0.000s (0m 00s)
     Speed:     ev/sec=0   simsec/sec=0   ev/simsec=0
     Messages:  created: 5587   present: 5587   in FES: 5587
** Event #3840   t=0   Elapsed: 2.000s (0m 02s)
     Speed:     ev/sec=1920.5   simsec/sec=0   ev/simsec=0
     Messages:  created: 8241   present: 8186   in FES: 6999
** Event #5632   t=2578   Elapsed: 17.525s (0m 17s)
     Speed:     ev/sec=115.434   simsec/sec=166.065   ev/simsec=0.695112
     Messages:  created: 8336   present: 8037   in FES: 5407
** Event #8704   t=2628   Elapsed: 25.087s (0m 25s)
     Speed:     ev/sec=406.242   simsec/sec=6.61201   ev/simsec=61.44
     Messages:  created: 8786   present: 7979   in FES: 5385
** Event #8960   t=2632   Elapsed: 43.215s (0m 43s)
     Speed:     ev/sec=14.1226   simsec/sec=0.220665   ev/simsec=64
     Messages:  created: 8822   present: 7974   in FES: 5382
** Event #19456   t=2788   Elapsed: 45.254s (0m 45s)
     Speed:     ev/sec=5147.62   simsec/sec=76.5081   ev/simsec=67.2821
     Messages:  created: 10394   present: 7812   in FES: 5384
** Event #20736   t=2875   Elapsed: 48.330s (0m 48s)
     Speed:     ev/sec=416.125   simsec/sec=28.2835   ev/simsec=14.7126
     Messages:  created: 10582   present: 7788   in FES: 5363
** Event #21760   t=2931   Elapsed: 51.340s (0m 51s)
     Speed:     ev/sec=340.199   simsec/sec=18.6047   ev/simsec=18.2857
     Messages:  created: 10743   present: 7782   in FES: 5357
** Event #24064   t=3101   Elapsed: 72.713s (1m 12s)
     Speed:     ev/sec=107.805   simsec/sec=7.95433   ev/simsec=13.5529
     Messages:  created: 11101   present: 7780   in FES: 5377
** Event #28160   t=3158   Elapsed: 77.682s (1m 17s)
     Speed:     ev/sec=824.311   simsec/sec=11.4711   ev/simsec=71.8596
     Messages:  created: 11726   present: 7720   in FES: 5363
** Event #33280   t=3218   Elapsed: 85.009s (1m 25s)
     Speed:     ev/sec=698.881   simsec/sec=8.19001   ev/simsec=85.3333
     Messages:  created: 12521   present: 7663   in FES: 5385
** Event #36608   t=3259   Elapsed: 97.680s (1m 37s)
     Speed:     ev/sec=262.647   simsec/sec=3.23574   ev/simsec=81.1707
     Messages:  created: 13032   present: 7609   in FES: 5355
** Event #43264   t=3450   Elapsed: 105.968s (1m 45s)
     Speed:     ev/sec=803.089   simsec/sec=23.0454   ev/simsec=34.8482
     Messages:  created: 14076   present: 7606   in FES: 5344
** Event #45824   t=3506   Elapsed: 118.113s (1m 58s)
     Speed:     ev/sec=210.804   simsec/sec=4.61133   ev/simsec=45.7143
     Messages:  created: 14474   present: 7606   in FES: 5341
** Event #54784   t=3740   Elapsed: 130.554s (2m 10s)
     Speed:     ev/sec=720.257   simsec/sec=18.8103   ev/simsec=38.2906
     Messages:  created: 15802   present: 7601   in FES: 5337
** Event #57600   t=3795   Elapsed: 153.431s (2m 33s)
     Speed:     ev/sec=123.093   simsec/sec=2.40416   ev/simsec=51.2
     Messages:  created: 16239   present: 7602   in FES: 5341
** Event #57856   t=3797   Elapsed: 171.651s (2m 51s)
     Speed:     ev/sec=14.0505   simsec/sec=0.109769   ev/simsec=128
     Messages:  created: 16283   present: 7607   in FES: 5370
** Event #67840   t=3899   Elapsed: 173.690s (2m 53s)
     Speed:     ev/sec=4896.52   simsec/sec=50.0245   ev/simsec=97.8824
     Messages:  created: 17810   present: 7502   in FES: 5361
** Event #74240   t=3962   Elapsed: 205.428s (3m 25s)
     Speed:     ev/sec=201.657   simsec/sec=1.98506   ev/simsec=101.587
     Messages:  created: 18801   present: 7452   in FES: 5356
** Event #82176   t=4043   Elapsed: 207.437s (3m 27s)
     Speed:     ev/sec=3952.19   simsec/sec=40.3386   ev/simsec=97.9753
     Messages:  created: 20097   present: 7449   in FES: 5353
** Event #90624   t=4143   Elapsed: 231.223s (3m 51s)
     Speed:     ev/sec=355.167   simsec/sec=4.20415   ev/simsec=84.48
     Messages:  created: 21408   present: 7437   in FES: 5331
** Event #97024   t=4248   Elapsed: 251.956s (4m 11s)
     Speed:     ev/sec=308.702   simsec/sec=5.06463   ev/simsec=60.9524
     Messages:  created: 22431   present: 7425   in FES: 5323
** Event #97280   t=4252   Elapsed: 271.177s (4m 31s)
     Speed:     ev/sec=13.3195   simsec/sec=0.208117   ev/simsec=64
     Messages:  created: 22471   present: 7418   in FES: 5323
** Event #100864   t=4306   Elapsed: 291.029s (4m 51s)
     Speed:     ev/sec=180.536   simsec/sec=2.72013   ev/simsec=66.3704
     Messages:  created: 23020   present: 7360   in FES: 5317
** Event #105216   t=4369   Elapsed: 303.638s (5m 03s)
     Speed:     ev/sec=345.178   simsec/sec=4.99683   ev/simsec=69.0794
     Messages:  created: 23702   present: 7288   in FES: 5294
** Event #109056   t=4435   Elapsed: 315.971s (5m 15s)
     Speed:     ev/sec=311.36   simsec/sec=5.3515   ev/simsec=58.1818
     Messages:  created: 24301   present: 7221   in FES: 5301
** Event #115200   t=4541   Elapsed: 340.423s (5m 40s)
     Speed:     ev/sec=251.278   simsec/sec=4.3352   ev/simsec=57.9623
     Messages:  created: 25255   present: 7105   in FES: 5287
** Event #118272   t=4594   Elapsed: 344.940s (5m 44s)
     Speed:     ev/sec=680.097   simsec/sec=11.7335   ev/simsec=57.9623
     Messages:  created: 25734   present: 7046   in FES: 5279
** Event #118784   t=4604   Elapsed: 348.263s (5m 48s)
     Speed:     ev/sec=154.124   simsec/sec=3.01023   ev/simsec=51.2
     Messages:  created: 25808   present: 7033   in FES: 5269
** Event #121088   t=4658   Elapsed: 357.313s (5m 57s)
     Speed:     ev/sec=254.614   simsec/sec=5.96751   ev/simsec=42.6667
     Messages:  created: 26130   present: 6975   in FES: 5262
** Event #123392   t=4710   Elapsed: 366.357s (6m 06s)
     Speed:     ev/sec=254.755   simsec/sec=5.74967   ev/simsec=44.3077
     Messages:  created: 26447   present: 6917   in FES: 5264
** Event #124160   t=4727   Elapsed: 375.232s (6m 15s)
     Speed:     ev/sec=86.545   simsec/sec=1.91571   ev/simsec=45.1765
     Messages:  created: 26552   present: 6898   in FES: 5266
** Event #127232   t=4796   Elapsed: 384.288s (6m 24s)
     Speed:     ev/sec=339.223   simsec/sec=7.61926   ev/simsec=44.5217
     Messages:  created: 26964   present: 6822   in FES: 5255
** Event #128768   t=4830   Elapsed: 393.216s (6m 33s)
     Speed:     ev/sec=172.043   simsec/sec=3.80824   ev/simsec=45.1765
     Messages:  created: 27170   present: 6786   in FES: 5258
** Event #129024   t=4836   Elapsed: 402.043s (6m 42s)
     Speed:     ev/sec=29.0019   simsec/sec=0.679733   ev/simsec=42.6667
     Messages:  created: 27204   present: 6773   in FES: 5242
** Event #133632   t=4952   Elapsed: 405.604s (6m 45s)
     Speed:     ev/sec=1294.02   simsec/sec=32.5751   ev/simsec=39.7241
     Messages:  created: 27827   present: 6648   in FES: 5237
** Event #135424   t=4999   Elapsed: 408.948s (6m 48s)
     Speed:     ev/sec=536.045   simsec/sec=14.0592   ev/simsec=38.1277
     Messages:  created: 28064   present: 6597   in FES: 5232
** Event #135936   t=5013   Elapsed: 412.196s (6m 52s)
     Speed:     ev/sec=157.635   simsec/sec=4.31034   ev/simsec=36.5714
     Messages:  created: 28131   present: 6577   in FES: 5231
** Event #138752   t=5085   Elapsed: 415.554s (6m 55s)
     Speed:     ev/sec=838.844   simsec/sec=21.4477   ev/simsec=39.1111
     Messages:  created: 28496   present: 6503   in FES: 5227
** Event #140032   t=5118   Elapsed: 418.806s (6m 58s)
     Speed:     ev/sec=393.725   simsec/sec=10.1507   ev/simsec=38.7879
     Messages:  created: 28661   present: 6466   in FES: 5231
** Event #140288   t=5125   Elapsed: 421.975s (7m 01s)
     Speed:     ev/sec=80.8081   simsec/sec=2.2096   ev/simsec=36.5714
     Messages:  created: 28694   present: 6454   in FES: 5225
** Event #148480   t=7796   Elapsed: 436.183s (7m 16s)
     Speed:     ev/sec=576.577   simsec/sec=187.993   ev/simsec=3.06702
     Messages:  created: 29894   present: 5956   in FES: 5062
** Event #151552   t=7845   Elapsed: 460.510s (7m 40s)
     Speed:     ev/sec=126.279   simsec/sec=2.01422   ev/simsec=62.6939
     Messages:  created: 30346   present: 5908   in FES: 5070
** Event #163072   t=8034   Elapsed: 463.154s (7m 43s)
     Speed:     ev/sec=4358.68   simsec/sec=71.5096   ev/simsec=60.9524
     Messages:  created: 32049   present: 5719   in FES: 5034
** Event #163584   t=8091   Elapsed: 465.259s (7m 45s)
     Speed:     ev/sec=243.346   simsec/sec=27.0913   ev/simsec=8.98246
     Messages:  created: 32126   present: 5715   in FES: 5032
** Event #164608   t=8146   Elapsed: 468.116s (7m 48s)
     Speed:     ev/sec=358.418   simsec/sec=19.251   ev/simsec=18.6182
     Messages:  created: 32287   present: 5712   in FES: 5031
** Event #166912   t=8316   Elapsed: 488.436s (8m 08s)
     Speed:     ev/sec=113.391   simsec/sec=8.36655   ev/simsec=13.5529
     Messages:  created: 32645   present: 5702   in FES: 5049
** Event #171008   t=8373   Elapsed: 493.151s (8m 13s)
     Speed:     ev/sec=868.717   simsec/sec=12.0891   ev/simsec=71.8596
     Messages:  created: 33270   present: 5639   in FES: 5033
** Event #176128   t=8433   Elapsed: 500.094s (8m 20s)
     Speed:     ev/sec=737.54   simsec/sec=8.64304   ev/simsec=85.3333
     Messages:  created: 34062   present: 5584   in FES: 5038
** Event #179456   t=8475   Elapsed: 512.046s (8m 32s)
     Speed:     ev/sec=278.47   simsec/sec=3.51435   ev/simsec=79.2381
     Messages:  created: 34574   present: 5530   in FES: 5016
** Event #186112   t=9011   Elapsed: 533.625s (8m 53s)
     Speed:     ev/sec=308.448   simsec/sec=24.839   ev/simsec=12.4179
     Messages:  created: 35618   present: 5516   in FES: 4998
** Event #199936   t=9250   Elapsed: 535.637s (8m 55s)
     Speed:     ev/sec=6874.19   simsec/sec=118.846   ev/simsec=57.841
     Messages:  created: 37797   present: 5273   in FES: 4990
** Event #206592   t=9360   Elapsed: 550.467s (9m 10s)
     Speed:     ev/sec=448.82   simsec/sec=7.4174   ev/simsec=60.5091
     Messages:  created: 38795   present: 5157   in FES: 4988
** Event #212992   t=9466   Elapsed: 559.767s (9m 19s)
     Speed:     ev/sec=688.246   simsec/sec=11.3991   ev/simsec=60.3774
     Messages:  created: 39739   present: 5045   in FES: 4976
** Event #213248   t=9471   Elapsed: 568.211s (9m 28s)
     Speed:     ev/sec=30.3174   simsec/sec=0.592136   ev/simsec=51.2
     Messages:  created: 39782   present: 5041   in FES: 4987
** Event #221229   t=86400   Elapsed: 568.603s (9m 28s)
     Speed:     ev/sec=20409.2   simsec/sec=196749   ev/simsec=0.103732
     Messages:  created: 42317   present: 0   in FES: 0

<!> No more events, simulation completed -- at t=86400s, event #221229
