** Event #0   t=0   Elapsed: 0.000s (0m 00s)
     Speed:     ev/sec=0   simsec/sec=0   ev/simsec=0
     Messages:  created: 5587   present: 5587   in FES: 5587
** Event #3072   t=0   Elapsed: 2.119s (0m 02s)
     Speed:     ev/sec=1450.21   simsec/sec=0   ev/simsec=0
     Messages:  created: 7241   present: 7186   in FES: 5767
** Event #3584   t=2577   Elapsed: 16.986s (0m 16s)
     Speed:     ev/sec=34.4387   simsec/sec=173.337   ev/simsec=0.198681
     Messages:  created: 7327   present: 7038   in FES: 5392
** Event #6912   t=2631   Elapsed: 42.779s (0m 42s)
     Speed:     ev/sec=129.032   simsec/sec=2.09367   ev/simsec=61.6296
     Messages:  created: 7816   present: 6976   in FES: 5387
** Event #17408   t=2788   Elapsed: 44.807s (0m 44s)
     Speed:     ev/sec=5175.54   simsec/sec=77.4162   ev/simsec=66.8535
     Messages:  created: 9386   present: 6805   in FES: 5375
** Event #18688   t=2873   Elapsed: 47.893s (0m 47s)
     Speed:     ev/sec=414.911   simsec/sec=27.5527   ev/simsec=15.0588
     Messages:  created: 9574   present: 6786   in FES: 5361
** Event #19712   t=2927   Elapsed: 50.906s (0m 50s)
     Speed:     ev/sec=339.861   simsec/sec=17.9223   ev/simsec=18.963
     Messages:  created: 9736   present: 6783   in FES: 5360
** Event #22016   t=3100   Elapsed: 72.173s (1m 12s)
     Speed:     ev/sec=108.337   simsec/sec=8.13467   ev/simsec=13.3179
     Messages:  created: 10092   present: 6783   in FES: 5369
** Event #26112   t=3157   Elapsed: 77.148s (1m 17s)
     Speed:     ev/sec=823.482   simsec/sec=11.4596   ev/simsec=71.8596
     Messages:  created: 10721   present: 6724   in FES: 5377
** Event #31232   t=3218   Elapsed: 84.462s (1m 24s)
     Speed:     ev/sec=700.123   simsec/sec=8.34131   ev/simsec=83.9344
     Messages:  created: 11510   present: 6653   in FES: 5358
** Event #34560   t=3258   Elapsed: 97.106s (1m 37s)
     Speed:     ev/sec=263.229   simsec/sec=3.16381   ev/simsec=83.2
     Messages:  created: 12023   present: 6606   in FES: 5347
** Event #41216   t=3449   Elapsed: 105.546s (1m 45s)
     Speed:     ev/sec=788.626   simsec/sec=22.6303   ev/simsec=34.8482
     Messages:  created: 13068   present: 6605   in FES: 5342
** Event #44032   t=3512   Elapsed: 117.883s (1m 57s)
     Speed:     ev/sec=228.256   simsec/sec=5.10659   ev/simsec=44.6984
     Messages:  created: 13505   present: 6601   in FES: 5337
** Event #52736   t=3739   Elapsed: 130.294s (2m 10s)
     Speed:     ev/sec=701.37   simsec/sec=18.2917   ev/simsec=38.3436
     Messages:  created: 14795   present: 6602   in FES: 5340
** Event #55552   t=3794   Elapsed: 144.065s (2m 24s)
     Speed:     ev/sec=204.488   simsec/sec=3.9939   ev/simsec=51.2
     Messages:  created: 15233   present: 6610   in FES: 5343
** Event #55808   t=3797   Elapsed: 171.488s (2m 51s)
     Speed:     ev/sec=9.33557   simsec/sec=0.109401   ev/simsec=85.3333
     Messages:  created: 15271   present: 6595   in FES: 5340
** Event #65792   t=3899   Elapsed: 173.500s (2m 53s)
     Speed:     ev/sec=4962.23   simsec/sec=50.6958   ev/simsec=97.8824
     Messages:  created: 16799   present: 6498   in FES: 5341
** Event #71936   t=3962   Elapsed: 186.928s (3m 06s)
     Speed:     ev/sec=457.585   simsec/sec=4.69204   ev/simsec=97.5238
     Messages:  created: 17753   present: 6450   in FES: 5348
** Event #81920   t=4092   Elapsed: 188.956s (3m 08s)
     Speed:     ev/sec=4923.08   simsec/sec=64.1026   ev/simsec=76.8
     Messages:  created: 19414   present: 6440   in FES: 5326
** Event #84992   t=4143   Elapsed: 207.247s (3m 27s)
     Speed:     ev/sec=167.951   simsec/sec=2.78826   ev/simsec=60.2353
     Messages:  created: 19880   present: 6434   in FES: 5326
** Event #91136   t=4249   Elapsed: 228.026s (3m 48s)
     Speed:     ev/sec=295.683   simsec/sec=5.1013   ev/simsec=57.9623
     Messages:  created: 20848   present: 6416   in FES: 5303
** Event #91392   t=4253   Elapsed: 247.269s (4m 07s)
     Speed:     ev/sec=13.3042   simsec/sec=0.207879   ev/simsec=64
     Messages:  created: 20887   present: 6407   in FES: 5299
** Event #94976   t=4307   Elapsed: 267.040s (4m 27s)
     Speed:     ev/sec=181.276   simsec/sec=2.73127   ev/simsec=66.3704
     Messages:  created: 21437   present: 6353   in FES: 5300
** Event #99072   t=4369   Elapsed: 279.524s (4m 39s)
     Speed:     ev/sec=328.1   simsec/sec=4.96636   ev/simsec=66.0645
     Messages:  created: 22060   present: 6288   in FES: 5294
** Event #102912   t=4435   Elapsed: 291.832s (4m 51s)
     Speed:     ev/sec=312.018   simsec/sec=5.3628   ev/simsec=58.1818
     Messages:  created: 22659   present: 6221   in FES: 5301
** Event #108544   t=4541   Elapsed: 310.135s (5m 10s)
     Speed:     ev/sec=307.709   simsec/sec=5.7914   ev/simsec=53.1321
     Messages:  created: 23520   present: 6104   in FES: 5281
** Event #110848   t=4596   Elapsed: 313.613s (5m 13s)
     Speed:     ev/sec=662.45   simsec/sec=15.8137   ev/simsec=41.8909
     Messages:  created: 23853   present: 6045   in FES: 5281
** Event #111360   t=4608   Elapsed: 316.914s (5m 16s)
     Speed:     ev/sec=155.152   simsec/sec=3.63636   ev/simsec=42.6667
     Messages:  created: 23927   present: 6029   in FES: 5278
** Event #113664   t=4661   Elapsed: 325.958s (5m 25s)
     Speed:     ev/sec=254.755   simsec/sec=5.86024   ev/simsec=43.4717
     Messages:  created: 24248   present: 5973   in FES: 5276
** Event #115712   t=4708   Elapsed: 334.967s (5m 34s)
     Speed:     ev/sec=227.353   simsec/sec=5.21758   ev/simsec=43.5745
     Messages:  created: 24526   present: 5916   in FES: 5253
** Event #116480   t=4725   Elapsed: 343.837s (5m 43s)
     Speed:     ev/sec=86.584   simsec/sec=1.91657   ev/simsec=45.1765
     Messages:  created: 24633   present: 5900   in FES: 5269
** Event #119552   t=4794   Elapsed: 352.906s (5m 52s)
     Speed:     ev/sec=338.774   simsec/sec=7.60918   ev/simsec=44.5217
     Messages:  created: 25044   present: 5824   in FES: 5249
** Event #121088   t=4833   Elapsed: 359.398s (5m 59s)
     Speed:     ev/sec=236.599   simsec/sec=6.00739   ev/simsec=39.3846
     Messages:  created: 25256   present: 5776   in FES: 5246
** Event #125440   t=4951   Elapsed: 362.851s (6m 02s)
     Speed:     ev/sec=1260.72   simsec/sec=34.1831   ev/simsec=36.8814
     Messages:  created: 25858   present: 5650   in FES: 5245
** Event #127232   t=4998   Elapsed: 366.145s (6m 06s)
     Speed:     ev/sec=544.185   simsec/sec=14.2727   ev/simsec=38.1277
     Messages:  created: 26095   present: 5598   in FES: 5241
** Event #128000   t=5020   Elapsed: 369.348s (6m 09s)
     Speed:     ev/sec=239.775   simsec/sec=6.86856   ev/simsec=34.9091
     Messages:  created: 26195   present: 5570   in FES: 5224
** Event #141959   t=86400   Elapsed: 369.798s (6m 09s)
     Speed:     ev/sec=31086.9   simsec/sec=181247   ev/simsec=0.171516
     Messages:  created: 29655   present: 0   in FES: 0

<!> No more events, simulation completed -- at t=86400s, event #141959
