** Event #0   t=0   Elapsed: 0.000s (0m 00s)
     Speed:     ev/sec=0   simsec/sec=0   ev/simsec=0
     Messages:  created: 5587   present: 5587   in FES: 5587
** Event #1792   t=2581   Elapsed: 16.412s (0m 16s)
     Speed:     ev/sec=109.249   simsec/sec=157.263   ev/simsec=0.694692
     Messages:  created: 6357   present: 6028   in FES: 5388
** Event #4864   t=2630   Elapsed: 42.101s (0m 42s)
     Speed:     ev/sec=119.589   simsec/sec=1.90751   ev/simsec=62.6939
     Messages:  created: 6811   present: 5982   in FES: 5404
** Event #15360   t=2787   Elapsed: 44.133s (0m 44s)
     Speed:     ev/sec=5165.35   simsec/sec=77.2638   ev/simsec=66.8535
     Messages:  created: 8381   present: 5811   in FES: 5389
** Event #16640   t=2870   Elapsed: 47.260s (0m 47s)
     Speed:     ev/sec=409.469   simsec/sec=26.5515   ev/simsec=15.4217
     Messages:  created: 8567   present: 5788   in FES: 5364
** Event #17920   t=2943   Elapsed: 50.340s (0m 50s)
     Speed:     ev/sec=415.719   simsec/sec=23.709   ev/simsec=17.5342
     Messages:  created: 8768   present: 5783   in FES: 5360
** Event #20224   t=3103   Elapsed: 71.597s (1m 11s)
     Speed:     ev/sec=108.388   simsec/sec=7.52693   ev/simsec=14.4
     Messages:  created: 9126   present: 5780   in FES: 5383
** Event #29696   t=3269   Elapsed: 75.048s (1m 15s)
     Speed:     ev/sec=2744.71   simsec/sec=48.102   ev/simsec=57.0602
     Messages:  created: 10561   present: 5606   in FES: 5341
** Event #32512   t=3795   Elapsed: 97.379s (1m 37s)
     Speed:     ev/sec=126.108   simsec/sec=23.5558   ev/simsec=5.35361
     Messages:  created: 11004   present: 5597   in FES: 5332
** Event #48896   t=47008   Elapsed: 99.383s (1m 39s)
     Speed:     ev/sec=8179.73   simsec/sec=21574.1   ev/simsec=0.379145
     Messages:  created: 14309   present: 2592   in FES: 2538
** Event #52678   t=86400   Elapsed: 99.543s (1m 39s)
     Speed:     ev/sec=23779.9   simsec/sec=247748   ev/simsec=0.095984
     Messages:  created: 15552   present: 0   in FES: 0

<!> No more events, simulation completed -- at t=86400s, event #52678
