** Event #0   t=0   Elapsed: 0.000s (0m 00s)
     Speed:     ev/sec=0   simsec/sec=0   ev/simsec=0
     Messages:  created: 5587   present: 5587   in FES: 5587
** Event #3328   t=0   Elapsed: 2.018s (0m 02s)
     Speed:     ev/sec=1649.65   simsec/sec=0   ev/simsec=0
     Messages:  created: 7741   present: 7686   in FES: 6511
** Event #4608   t=2578   Elapsed: 17.359s (0m 17s)
     Speed:     ev/sec=83.4365   simsec/sec=168.046   ev/simsec=0.496509
     Messages:  created: 7830   present: 7531   in FES: 5388
** Event #7936   t=2631   Elapsed: 43.126s (0m 43s)
     Speed:     ev/sec=129.162   simsec/sec=2.05697   ev/simsec=62.7925
     Messages:  created: 8322   present: 7482   in FES: 5406
** Event #18176   t=2784   Elapsed: 45.147s (0m 45s)
     Speed:     ev/sec=5066.8   simsec/sec=75.7051   ev/simsec=66.9281
     Messages:  created: 9854   present: 7316   in FES: 5396
** Event #19712   t=2874   Elapsed: 48.300s (0m 48s)
     Speed:     ev/sec=487.31   simsec/sec=28.5533   ev/simsec=17.0667
     Messages:  created: 10079   present: 7288   in FES: 5366
** Event #20736   t=2929   Elapsed: 51.395s (0m 51s)
     Speed:     ev/sec=330.856   simsec/sec=17.7706   ev/simsec=18.6182
     Messages:  created: 10239   present: 7282   in FES: 5358
** Event #23040   t=3101   Elapsed: 72.715s (1m 12s)
     Speed:     ev/sec=108.073   simsec/sec=8.06792   ev/simsec=13.3953
     Messages:  created: 10595   present: 7274   in FES: 5363
** Event #27136   t=3157   Elapsed: 77.706s (1m 17s)
     Speed:     ev/sec=820.842   simsec/sec=11.2224   ev/simsec=73.1429
     Messages:  created: 11226   present: 7228   in FES: 5387
** Event #32256   t=3218   Elapsed: 85.076s (1m 25s)
     Speed:     ev/sec=694.708   simsec/sec=8.2768   ev/simsec=83.9344
     Messages:  created: 12016   present: 7159   in FES: 5375
** Event #35584   t=3258   Elapsed: 97.774s (1m 37s)
     Speed:     ev/sec=262.109   simsec/sec=3.15035   ev/simsec=83.2
     Messages:  created: 12527   present: 7110   in FES: 5349
** Event #42240   t=3449   Elapsed: 106.053s (1m 46s)
     Speed:     ev/sec=803.962   simsec/sec=23.0704   ev/simsec=34.8482
     Messages:  created: 13574   present: 7111   in FES: 5357
** Event #45056   t=3512   Elapsed: 118.263s (1m 58s)
     Speed:     ev/sec=230.65   simsec/sec=5.16013   ev/simsec=44.6984
     Messages:  created: 14010   present: 7106   in FES: 5349
** Event #53760   t=3739   Elapsed: 130.754s (2m 10s)
     Speed:     ev/sec=696.822   simsec/sec=18.1731   ev/simsec=38.3436
     Messages:  created: 15301   present: 7108   in FES: 5353
** Event #56576   t=3794   Elapsed: 153.707s (2m 33s)
     Speed:     ev/sec=122.691   simsec/sec=2.39631   ev/simsec=51.2
     Messages:  created: 15737   present: 7114   in FES: 5353
** Event #56832   t=3797   Elapsed: 171.980s (2m 51s)
     Speed:     ev/sec=14.0097   simsec/sec=0.164177   ev/simsec=85.3333
     Messages:  created: 15777   present: 7101   in FES: 5355
** Event #66816   t=3899   Elapsed: 174.029s (2m 54s)
     Speed:     ev/sec=4875   simsec/sec=49.8047   ev/simsec=97.8824
     Messages:  created: 17304   present: 6996   in FES: 5349
** Event #73216   t=3962   Elapsed: 201.169s (3m 21s)
     Speed:     ev/sec=235.814   simsec/sec=2.3213   ev/simsec=101.587
     Messages:  created: 18296   present: 6947   in FES: 5349
** Event #73472   t=3965   Elapsed: 205.837s (3m 25s)
     Speed:     ev/sec=54.8532   simsec/sec=0.642811   ev/simsec=85.3333
     Messages:  created: 18338   present: 6942   in FES: 5340
** Event #81408   t=4045   Elapsed: 207.858s (3m 27s)
     Speed:     ev/sec=3928.71   simsec/sec=39.604   ev/simsec=99.2
     Messages:  created: 19634   present: 6954   in FES: 5352
** Event #89600   t=4143   Elapsed: 227.412s (3m 47s)
     Speed:     ev/sec=418.964   simsec/sec=5.01202   ev/simsec=83.5918
     Messages:  created: 20903   present: 6932   in FES: 5328
** Event #89856   t=4147   Elapsed: 231.768s (3m 51s)
     Speed:     ev/sec=58.783   simsec/sec=0.918485   ev/simsec=64
     Messages:  created: 20944   present: 6932   in FES: 5325
** Event #96000   t=4248   Elapsed: 252.584s (4m 12s)
     Speed:     ev/sec=295.158   simsec/sec=4.85204   ev/simsec=60.8317
     Messages:  created: 21926   present: 6921   in FES: 5310
** Event #96256   t=4252   Elapsed: 271.878s (4m 31s)
     Speed:     ev/sec=13.2691   simsec/sec=0.207329   ev/simsec=64
     Messages:  created: 21965   present: 6912   in FES: 5307
** Event #99840   t=4306   Elapsed: 291.763s (4m 51s)
     Speed:     ev/sec=180.236   simsec/sec=2.71561   ev/simsec=66.3704
     Messages:  created: 22514   present: 6855   in FES: 5302
** Event #104192   t=4369   Elapsed: 304.422s (5m 04s)
     Speed:     ev/sec=343.787   simsec/sec=4.9767   ev/simsec=69.0794
     Messages:  created: 23197   present: 6790   in FES: 5291
** Event #108032   t=4435   Elapsed: 316.785s (5m 16s)
     Speed:     ev/sec=310.629   simsec/sec=5.33894   ev/simsec=58.1818
     Messages:  created: 23795   present: 6715   in FES: 5286
** Event #114176   t=4541   Elapsed: 329.414s (5m 29s)
     Speed:     ev/sec=486.538   simsec/sec=8.39404   ev/simsec=57.9623
     Messages:  created: 24749   present: 6602   in FES: 5277
** Event #114432   t=4545   Elapsed: 341.285s (5m 41s)
     Speed:     ev/sec=21.567   simsec/sec=0.336984   ev/simsec=64
     Messages:  created: 24793   present: 6601   in FES: 5286
** Event #117248   t=4593   Elapsed: 345.765s (5m 45s)
     Speed:     ev/sec=628.571   simsec/sec=10.7143   ev/simsec=58.6667
     Messages:  created: 25230   present: 6551   in FES: 5279
** Event #117760   t=4604   Elapsed: 349.084s (5m 49s)
     Speed:     ev/sec=154.263   simsec/sec=3.31425   ev/simsec=46.5455
     Messages:  created: 25305   present: 6531   in FES: 5272
** Event #120064   t=4657   Elapsed: 358.103s (5m 58s)
     Speed:     ev/sec=255.489   simsec/sec=5.87713   ev/simsec=43.4717
     Messages:  created: 25628   present: 6475   in FES: 5269
** Event #122368   t=4709   Elapsed: 367.120s (6m 07s)
     Speed:     ev/sec=255.546   simsec/sec=5.76752   ev/simsec=44.3077
     Messages:  created: 25944   present: 6420   in FES: 5266
** Event #123136   t=4727   Elapsed: 376.000s (6m 16s)
     Speed:     ev/sec=86.4865   simsec/sec=2.02703   ev/simsec=42.6667
     Messages:  created: 26048   present: 6395   in FES: 5258
** Event #126208   t=4795   Elapsed: 385.035s (6m 25s)
     Speed:     ev/sec=340.011   simsec/sec=7.52629   ev/simsec=45.1765
     Messages:  created: 26462   present: 6326   in FES: 5264
** Event #127744   t=4829   Elapsed: 393.912s (6m 33s)
     Speed:     ev/sec=173.051   simsec/sec=3.83055   ev/simsec=45.1765
     Messages:  created: 26666   present: 6288   in FES: 5255
** Event #128000   t=4835   Elapsed: 402.655s (6m 42s)
     Speed:     ev/sec=29.2806   simsec/sec=0.686263   ev/simsec=42.6667
     Messages:  created: 26703   present: 6278   in FES: 5260
** Event #132608   t=4952   Elapsed: 406.244s (6m 46s)
     Speed:     ev/sec=1284.28   simsec/sec=32.6087   ev/simsec=39.3846
     Messages:  created: 27323   present: 6145   in FES: 5233
** Event #134400   t=4999   Elapsed: 409.555s (6m 49s)
     Speed:     ev/sec=541.226   simsec/sec=14.1951   ev/simsec=38.1277
     Messages:  created: 27561   present: 6095   in FES: 5231
** Event #134912   t=5012   Elapsed: 412.775s (6m 52s)
     Speed:     ev/sec=159.056   simsec/sec=4.03852   ev/simsec=39.3846
     Messages:  created: 27629   present: 6080   in FES: 5238
** Event #137728   t=5085   Elapsed: 416.115s (6m 56s)
     Speed:     ev/sec=843.114   simsec/sec=21.8563   ev/simsec=38.5753
     Messages:  created: 27993   present: 6001   in FES: 5226
** Event #139008   t=5118   Elapsed: 419.357s (6m 59s)
     Speed:     ev/sec=394.818   simsec/sec=10.1789   ev/simsec=38.7879
     Messages:  created: 28156   present: 5963   in FES: 5217
** Event #139264   t=5124   Elapsed: 422.534s (7m 02s)
     Speed:     ev/sec=80.6045   simsec/sec=1.88917   ev/simsec=42.6667
     Messages:  created: 28191   present: 5956   in FES: 5227
** Event #147456   t=7795   Elapsed: 436.734s (7m 16s)
     Speed:     ev/sec=576.901   simsec/sec=188.099   ev/simsec=3.06702
     Messages:  created: 29390   present: 5461   in FES: 5063
** Event #150528   t=7845   Elapsed: 461.075s (7m 41s)
     Speed:     ev/sec=126.207   simsec/sec=2.05415   ev/simsec=61.44
     Messages:  created: 29842   present: 5405   in FES: 5061
** Event #162048   t=8031   Elapsed: 463.725s (7m 43s)
     Speed:     ev/sec=4347.17   simsec/sec=70.1887   ev/simsec=61.9355
     Messages:  created: 31545   present: 5218   in FES: 5032
** Event #162560   t=8094   Elapsed: 465.856s (7m 45s)
     Speed:     ev/sec=240.376   simsec/sec=29.5775   ev/simsec=8.12698
     Messages:  created: 31621   present: 5215   in FES: 5030
** Event #163072   t=8318   Elapsed: 485.941s (8m 05s)
     Speed:     ev/sec=25.4917   simsec/sec=11.1526   ev/simsec=2.28571
     Messages:  created: 31696   present: 5194   in FES: 5027
** Event #178219   t=86400   Elapsed: 487.381s (8m 07s)
     Speed:     ev/sec=10518.1   simsec/sec=54223.6   ev/simsec=0.193976
     Messages:  created: 35342   present: 0   in FES: 0

<!> No more events, simulation completed -- at t=86400s, event #178219
