** Event #0   t=0   Elapsed: 0.000s (0m 00s)
     Speed:     ev/sec=0   simsec/sec=0   ev/simsec=0
     Messages:  created: 5587   present: 5587   in FES: 5587
** Event #4096   t=0   Elapsed: 2.154s (0m 02s)
     Speed:     ev/sec=1902.04   simsec/sec=0   ev/simsec=0
     Messages:  created: 8241   present: 8186   in FES: 6743
** Event #5632   t=2578   Elapsed: 17.589s (0m 17s)
     Speed:     ev/sec=99.5141   simsec/sec=167.023   ev/simsec=0.595811
     Messages:  created: 8336   present: 8037   in FES: 5407
** Event #8704   t=2628   Elapsed: 25.187s (0m 25s)
     Speed:     ev/sec=404.37   simsec/sec=6.58155   ev/simsec=61.44
     Messages:  created: 8786   present: 7979   in FES: 5385
** Event #8960   t=2632   Elapsed: 43.280s (0m 43s)
     Speed:     ev/sec=14.1491   simsec/sec=0.22108   ev/simsec=64
     Messages:  created: 8822   present: 7974   in FES: 5382
** Event #19456   t=2788   Elapsed: 45.322s (0m 45s)
     Speed:     ev/sec=5142.58   simsec/sec=76.4331   ev/simsec=67.2821
     Messages:  created: 10394   present: 7812   in FES: 5384
** Event #20736   t=2875   Elapsed: 48.405s (0m 48s)
     Speed:     ev/sec=415.315   simsec/sec=28.2284   ev/simsec=14.7126
     Messages:  created: 10582   present: 7788   in FES: 5363
** Event #21760   t=2931   Elapsed: 51.413s (0m 51s)
     Speed:     ev/sec=340.426   simsec/sec=18.617   ev/simsec=18.2857
     Messages:  created: 10743   present: 7782   in FES: 5357
** Event #24064   t=3101   Elapsed: 72.717s (1m 12s)
     Speed:     ev/sec=108.149   simsec/sec=7.97972   ev/simsec=13.5529
     Messages:  created: 11101   present: 7780   in FES: 5377
** Event #28160   t=3158   Elapsed: 77.708s (1m 17s)
     Speed:     ev/sec=820.842   simsec/sec=11.4228   ev/simsec=71.8596
     Messages:  created: 11726   present: 7720   in FES: 5363
** Event #33280   t=3218   Elapsed: 85.059s (1m 25s)
     Speed:     ev/sec=696.599   simsec/sec=8.16327   ev/simsec=85.3333
     Messages:  created: 12521   present: 7663   in FES: 5385
** Event #36608   t=3259   Elapsed: 97.722s (1m 37s)
     Speed:     ev/sec=262.813   simsec/sec=3.23778   ev/simsec=81.1707
     Messages:  created: 13032   present: 7609   in FES: 5355
** Event #43264   t=3450   Elapsed: 105.985s (1m 45s)
     Speed:     ev/sec=805.519   simsec/sec=23.1151   ev/simsec=34.8482
     Messages:  created: 14076   present: 7606   in FES: 5344
** Event #45824   t=3506   Elapsed: 118.160s (1m 58s)
     Speed:     ev/sec=210.267   simsec/sec=4.59959   ev/simsec=45.7143
     Messages:  created: 14474   present: 7606   in FES: 5341
** Event #54784   t=3740   Elapsed: 130.681s (2m 10s)
     Speed:     ev/sec=715.598   simsec/sec=18.6886   ev/simsec=38.2906
     Messages:  created: 15802   present: 7601   in FES: 5337
** Event #57600   t=3795   Elapsed: 153.655s (2m 33s)
     Speed:     ev/sec=122.579   simsec/sec=2.39411   ev/simsec=51.2
     Messages:  created: 16239   present: 7602   in FES: 5341
** Event #57856   t=3797   Elapsed: 171.856s (2m 51s)
     Speed:     ev/sec=14.0659   simsec/sec=0.10989   ev/simsec=128
     Messages:  created: 16283   present: 7607   in FES: 5370
** Event #67840   t=3899   Elapsed: 173.895s (2m 53s)
     Speed:     ev/sec=4896.52   simsec/sec=50.0245   ev/simsec=97.8824
     Messages:  created: 17810   present: 7502   in FES: 5361
** Event #74240   t=3962   Elapsed: 205.564s (3m 25s)
     Speed:     ev/sec=202.097   simsec/sec=1.98939   ev/simsec=101.587
     Messages:  created: 18801   present: 7452   in FES: 5356
** Event #82176   t=4043   Elapsed: 207.571s (3m 27s)
     Speed:     ev/sec=3956.13   simsec/sec=40.3789   ev/simsec=97.9753
     Messages:  created: 20097   present: 7449   in FES: 5353
** Event #90624   t=4143   Elapsed: 231.453s (3m 51s)
     Speed:     ev/sec=353.739   simsec/sec=4.18725   ev/simsec=84.48
     Messages:  created: 21408   present: 7437   in FES: 5331
** Event #97024   t=4248   Elapsed: 252.272s (4m 12s)
     Speed:     ev/sec=307.426   simsec/sec=5.04371   ev/simsec=60.9524
     Messages:  created: 22431   present: 7425   in FES: 5323
** Event #97280   t=4252   Elapsed: 271.497s (4m 31s)
     Speed:     ev/sec=13.3167   simsec/sec=0.208073   ev/simsec=64
     Messages:  created: 22471   present: 7418   in FES: 5323
** Event #100864   t=4306   Elapsed: 291.330s (4m 51s)
     Speed:     ev/sec=180.718   simsec/sec=2.72287   ev/simsec=66.3704
     Messages:  created: 23020   present: 7360   in FES: 5317
** Event #105216   t=4369   Elapsed: 303.957s (5m 03s)
     Speed:     ev/sec=344.686   simsec/sec=4.9897   ev/simsec=69.0794
     Messages:  created: 23702   present: 7288   in FES: 5294
** Event #109056   t=4435   Elapsed: 316.284s (5m 16s)
     Speed:     ev/sec=311.511   simsec/sec=5.3541   ev/simsec=58.1818
     Messages:  created: 24301   present: 7221   in FES: 5301
** Event #115200   t=4541   Elapsed: 340.718s (5m 40s)
     Speed:     ev/sec=251.453   simsec/sec=4.33822   ev/simsec=57.9623
     Messages:  created: 25255   present: 7105   in FES: 5287
** Event #118272   t=4594   Elapsed: 345.231s (5m 45s)
     Speed:     ev/sec=680.851   simsec/sec=11.7465   ev/simsec=57.9623
     Messages:  created: 25734   present: 7046   in FES: 5279
** Event #118784   t=4604   Elapsed: 348.556s (5m 48s)
     Speed:     ev/sec=153.985   simsec/sec=3.00752   ev/simsec=51.2
     Messages:  created: 25808   present: 7033   in FES: 5269
** Event #121088   t=4658   Elapsed: 357.629s (5m 57s)
     Speed:     ev/sec=253.968   simsec/sec=5.95238   ev/simsec=42.6667
     Messages:  created: 26130   present: 6975   in FES: 5262
** Event #123392   t=4710   Elapsed: 366.750s (6m 06s)
     Speed:     ev/sec=252.632   simsec/sec=5.70175   ev/simsec=44.3077
     Messages:  created: 26447   present: 6917   in FES: 5264
** Event #124160   t=4727   Elapsed: 375.606s (6m 15s)
     Speed:     ev/sec=86.7209   simsec/sec=1.9196   ev/simsec=45.1765
     Messages:  created: 26552   present: 6898   in FES: 5266
** Event #127232   t=4796   Elapsed: 384.634s (6m 24s)
     Speed:     ev/sec=340.275   simsec/sec=7.64289   ev/simsec=44.5217
     Messages:  created: 26964   present: 6822   in FES: 5255
** Event #128768   t=4830   Elapsed: 393.533s (6m 33s)
     Speed:     ev/sec=172.604   simsec/sec=3.82065   ev/simsec=45.1765
     Messages:  created: 27170   present: 6786   in FES: 5258
** Event #129024   t=4836   Elapsed: 402.285s (6m 42s)
     Speed:     ev/sec=29.2505   simsec/sec=0.685558   ev/simsec=42.6667
     Messages:  created: 27204   present: 6773   in FES: 5242
** Event #133632   t=4952   Elapsed: 405.826s (6m 45s)
     Speed:     ev/sec=1301.69   simsec/sec=32.7684   ev/simsec=39.7241
     Messages:  created: 27827   present: 6648   in FES: 5237
** Event #135424   t=4999   Elapsed: 409.151s (6m 49s)
     Speed:     ev/sec=539.11   simsec/sec=14.1396   ev/simsec=38.1277
     Messages:  created: 28064   present: 6597   in FES: 5232
** Event #135936   t=5013   Elapsed: 412.381s (6m 52s)
     Speed:     ev/sec=158.514   simsec/sec=4.33437   ev/simsec=36.5714
     Messages:  created: 28131   present: 6577   in FES: 5231
** Event #138752   t=5085   Elapsed: 415.734s (6m 55s)
     Speed:     ev/sec=839.845   simsec/sec=21.4733   ev/simsec=39.1111
     Messages:  created: 28496   present: 6503   in FES: 5227
** Event #140032   t=5118   Elapsed: 418.982s (6m 58s)
     Speed:     ev/sec=394.089   simsec/sec=10.1601   ev/simsec=38.7879
     Messages:  created: 28661   present: 6466   in FES: 5231
** Event #140288   t=5125   Elapsed: 422.150s (7m 02s)
     Speed:     ev/sec=80.8336   simsec/sec=2.21029   ev/simsec=36.5714
     Messages:  created: 28694   present: 6454   in FES: 5225
** Event #148480   t=7796   Elapsed: 436.440s (7m 16s)
     Speed:     ev/sec=573.268   simsec/sec=186.914   ev/simsec=3.06702
     Messages:  created: 29894   present: 5956   in FES: 5062
** Event #151552   t=7845   Elapsed: 460.865s (7m 40s)
     Speed:     ev/sec=125.778   simsec/sec=2.00622   ev/simsec=62.6939
     Messages:  created: 30346   present: 5908   in FES: 5070
** Event #163072   t=8034   Elapsed: 463.510s (7m 43s)
     Speed:     ev/sec=4357.03   simsec/sec=71.4826   ev/simsec=60.9524
     Messages:  created: 32049   present: 5719   in FES: 5034
** Event #163584   t=8091   Elapsed: 465.633s (7m 45s)
     Speed:     ev/sec=241.168   simsec/sec=26.8488   ev/simsec=8.98246
     Messages:  created: 32126   present: 5715   in FES: 5032
** Event #164608   t=8146   Elapsed: 468.508s (7m 48s)
     Speed:     ev/sec=356.174   simsec/sec=19.1304   ev/simsec=18.6182
     Messages:  created: 32287   present: 5712   in FES: 5031
** Event #166912   t=8316   Elapsed: 488.951s (8m 08s)
     Speed:     ev/sec=112.709   simsec/sec=8.31621   ev/simsec=13.5529
     Messages:  created: 32645   present: 5702   in FES: 5049
** Event #171008   t=8373   Elapsed: 493.722s (8m 13s)
     Speed:     ev/sec=858.52   simsec/sec=11.9472   ev/simsec=71.8596
     Messages:  created: 33270   present: 5639   in FES: 5033
** Event #176128   t=8433   Elapsed: 500.730s (8m 20s)
     Speed:     ev/sec=730.594   simsec/sec=8.56164   ev/simsec=85.3333
     Messages:  created: 34062   present: 5584   in FES: 5038
** Event #179456   t=8475   Elapsed: 512.778s (8m 32s)
     Speed:     ev/sec=276.251   simsec/sec=3.48635   ev/simsec=79.2381
     Messages:  created: 34574   present: 5530   in FES: 5016
** Event #186112   t=9011   Elapsed: 534.386s (8m 54s)
     Speed:     ev/sec=308.034   simsec/sec=24.8056   ev/simsec=12.4179
     Messages:  created: 35618   present: 5516   in FES: 4998
** Event #199936   t=9250   Elapsed: 536.394s (8m 56s)
     Speed:     ev/sec=6884.46   simsec/sec=119.024   ev/simsec=57.841
     Messages:  created: 37797   present: 5273   in FES: 4990
** Event #206592   t=9360   Elapsed: 551.222s (9m 11s)
     Speed:     ev/sec=448.911   simsec/sec=7.4189   ev/simsec=60.5091
     Messages:  created: 38795   present: 5157   in FES: 4988
** Event #212992   t=9466   Elapsed: 560.499s (9m 20s)
     Speed:     ev/sec=689.878   simsec/sec=11.4261   ev/simsec=60.3774
     Messages:  created: 39739   present: 5045   in FES: 4976
** Event #213248   t=9471   Elapsed: 568.928s (9m 28s)
     Speed:     ev/sec=30.3749   simsec/sec=0.593261   ev/simsec=51.2
     Messages:  created: 39782   present: 5041   in FES: 4987
** Event #221229   t=86400   Elapsed: 569.320s (9m 29s)
     Speed:     ev/sec=20357.1   simsec/sec=196247   ev/simsec=0.103732
     Messages:  created: 42317   present: 0   in FES: 0

<!> No more events, simulation completed -- at t=86400s, event #221229
