** Event #0   t=0   Elapsed: 0.000s (0m 00s)
     Speed:     ev/sec=0   simsec/sec=0   ev/simsec=0
     Messages:  created: 5587   present: 5587   in FES: 5587
** Event #3072   t=0   Elapsed: 2.133s (0m 02s)
     Speed:     ev/sec=1440.69   simsec/sec=0   ev/simsec=0
     Messages:  created: 7241   present: 7186   in FES: 5767
** Event #3584   t=2577   Elapsed: 16.902s (0m 16s)
     Speed:     ev/sec=34.6696   simsec/sec=174.499   ev/simsec=0.198681
     Messages:  created: 7327   present: 7038   in FES: 5392
** Event #6912   t=2631   Elapsed: 42.533s (0m 42s)
     Speed:     ev/sec=129.843   simsec/sec=2.10682   ev/simsec=61.6296
     Messages:  created: 7816   present: 6976   in FES: 5387
** Event #17408   t=2788   Elapsed: 44.571s (0m 44s)
     Speed:     ev/sec=5150.15   simsec/sec=77.0363   ev/simsec=66.8535
     Messages:  created: 9386   present: 6805   in FES: 5375
** Event #18688   t=2873   Elapsed: 47.657s (0m 47s)
     Speed:     ev/sec=414.911   simsec/sec=27.5527   ev/simsec=15.0588
     Messages:  created: 9574   present: 6786   in FES: 5361
** Event #19712   t=2927   Elapsed: 50.658s (0m 50s)
     Speed:     ev/sec=341.22   simsec/sec=17.994   ev/simsec=18.963
     Messages:  created: 9736   present: 6783   in FES: 5360
** Event #22016   t=3100   Elapsed: 71.910s (1m 11s)
     Speed:     ev/sec=108.413   simsec/sec=8.14041   ev/simsec=13.3179
     Messages:  created: 10092   present: 6783   in FES: 5369
** Event #26112   t=3157   Elapsed: 76.887s (1m 16s)
     Speed:     ev/sec=823.151   simsec/sec=11.455   ev/simsec=71.8596
     Messages:  created: 10721   present: 6724   in FES: 5377
** Event #31232   t=3218   Elapsed: 84.193s (1m 24s)
     Speed:     ev/sec=700.794   simsec/sec=8.3493   ev/simsec=83.9344
     Messages:  created: 11510   present: 6653   in FES: 5358
** Event #34560   t=3258   Elapsed: 96.821s (1m 36s)
     Speed:     ev/sec=263.562   simsec/sec=3.16781   ev/simsec=83.2
     Messages:  created: 12023   present: 6606   in FES: 5347
** Event #41216   t=3449   Elapsed: 105.062s (1m 45s)
     Speed:     ev/sec=807.669   simsec/sec=23.1768   ev/simsec=34.8482
     Messages:  created: 13068   present: 6605   in FES: 5342
** Event #44032   t=3512   Elapsed: 117.231s (1m 57s)
     Speed:     ev/sec=231.427   simsec/sec=5.17751   ev/simsec=44.6984
     Messages:  created: 13505   present: 6601   in FES: 5337
** Event #52736   t=3739   Elapsed: 129.665s (2m 09s)
     Speed:     ev/sec=700.016   simsec/sec=18.2564   ev/simsec=38.3436
     Messages:  created: 14795   present: 6602   in FES: 5340
** Event #55552   t=3794   Elapsed: 143.427s (2m 23s)
     Speed:     ev/sec=204.636   simsec/sec=3.9968   ev/simsec=51.2
     Messages:  created: 15233   present: 6610   in FES: 5343
** Event #55808   t=3797   Elapsed: 170.650s (2m 50s)
     Speed:     ev/sec=9.40381   simsec/sec=0.110201   ev/simsec=85.3333
     Messages:  created: 15271   present: 6595   in FES: 5340
** Event #65792   t=3899   Elapsed: 172.689s (2m 52s)
     Speed:     ev/sec=4898.92   simsec/sec=50.0491   ev/simsec=97.8824
     Messages:  created: 16799   present: 6498   in FES: 5341
** Event #71936   t=3962   Elapsed: 186.148s (3m 06s)
     Speed:     ev/sec=456.498   simsec/sec=4.68088   ev/simsec=97.5238
     Messages:  created: 17753   present: 6450   in FES: 5348
** Event #81664   t=4088   Elapsed: 188.152s (3m 08s)
     Speed:     ev/sec=4854.29   simsec/sec=62.8743   ev/simsec=77.2063
     Messages:  created: 19374   present: 6440   in FES: 5322
** Event #84992   t=4143   Elapsed: 206.464s (3m 26s)
     Speed:     ev/sec=181.749   simsec/sec=3.00366   ev/simsec=60.5091
     Messages:  created: 19880   present: 6434   in FES: 5326
** Event #91136   t=4249   Elapsed: 227.143s (3m 47s)
     Speed:     ev/sec=297.113   simsec/sec=5.12597   ev/simsec=57.9623
     Messages:  created: 20848   present: 6416   in FES: 5303
** Event #91392   t=4253   Elapsed: 246.373s (4m 06s)
     Speed:     ev/sec=13.3125   simsec/sec=0.208008   ev/simsec=64
     Messages:  created: 20887   present: 6407   in FES: 5299
** Event #94976   t=4307   Elapsed: 266.101s (4m 26s)
     Speed:     ev/sec=181.68   simsec/sec=2.73737   ev/simsec=66.3704
     Messages:  created: 21437   present: 6353   in FES: 5300
** Event #99072   t=4369   Elapsed: 278.537s (4m 38s)
     Speed:     ev/sec=329.393   simsec/sec=4.98593   ev/simsec=66.0645
     Messages:  created: 22060   present: 6288   in FES: 5294
** Event #102912   t=4435   Elapsed: 290.809s (4m 50s)
     Speed:     ev/sec=312.907   simsec/sec=5.3781   ev/simsec=58.1818
     Messages:  created: 22659   present: 6221   in FES: 5301
** Event #108544   t=4541   Elapsed: 309.012s (5m 09s)
     Speed:     ev/sec=309.4   simsec/sec=5.82322   ev/simsec=53.1321
     Messages:  created: 23520   present: 6104   in FES: 5281
** Event #110848   t=4596   Elapsed: 312.481s (5m 12s)
     Speed:     ev/sec=664.168   simsec/sec=15.8547   ev/simsec=41.8909
     Messages:  created: 23853   present: 6045   in FES: 5281
** Event #111360   t=4608   Elapsed: 315.768s (5m 15s)
     Speed:     ev/sec=155.813   simsec/sec=3.65186   ev/simsec=42.6667
     Messages:  created: 23927   present: 6029   in FES: 5278
** Event #113664   t=4661   Elapsed: 324.737s (5m 24s)
     Speed:     ev/sec=256.913   simsec/sec=5.9099   ev/simsec=43.4717
     Messages:  created: 24248   present: 5973   in FES: 5276
** Event #115712   t=4708   Elapsed: 333.662s (5m 33s)
     Speed:     ev/sec=229.468   simsec/sec=5.26611   ev/simsec=43.5745
     Messages:  created: 24526   present: 5916   in FES: 5253
** Event #116480   t=4725   Elapsed: 342.435s (5m 42s)
     Speed:     ev/sec=87.5413   simsec/sec=1.93776   ev/simsec=45.1765
     Messages:  created: 24633   present: 5900   in FES: 5269
** Event #119552   t=4794   Elapsed: 351.396s (5m 51s)
     Speed:     ev/sec=342.857   simsec/sec=7.70089   ev/simsec=44.5217
     Messages:  created: 25044   present: 5824   in FES: 5249
** Event #121088   t=4833   Elapsed: 357.886s (5m 57s)
     Speed:     ev/sec=236.672   simsec/sec=6.00924   ev/simsec=39.3846
     Messages:  created: 25256   present: 5776   in FES: 5246
** Event #125440   t=4951   Elapsed: 361.335s (6m 01s)
     Speed:     ev/sec=1262.18   simsec/sec=34.2227   ev/simsec=36.8814
     Messages:  created: 25858   present: 5650   in FES: 5245
** Event #127232   t=4998   Elapsed: 364.662s (6m 04s)
     Speed:     ev/sec=538.623   simsec/sec=14.1268   ev/simsec=38.1277
     Messages:  created: 26095   present: 5598   in FES: 5241
** Event #128000   t=5020   Elapsed: 367.860s (6m 07s)
     Speed:     ev/sec=240.225   simsec/sec=6.88145   ev/simsec=34.9091
     Messages:  created: 26195   present: 5570   in FES: 5224
** Event #141959   t=86400   Elapsed: 368.311s (6m 08s)
     Speed:     ev/sec=30949   simsec/sec=180443   ev/simsec=0.171516
     Messages:  created: 29655   present: 0   in FES: 0

<!> No more events, simulation completed -- at t=86400s, event #141959
