** Event #0   t=0   Elapsed: 0.000s (0m 00s)
     Speed:     ev/sec=0   simsec/sec=0   ev/simsec=0
     Messages:  created: 5587   present: 5587   in FES: 5587
** Event #3584   t=0   Elapsed: 2.146s (0m 02s)
     Speed:     ev/sec=1670.55   simsec/sec=0   ev/simsec=0
     Messages:  created: 7741   present: 7686   in FES: 6255
** Event #4608   t=2578   Elapsed: 17.194s (0m 17s)
     Speed:     ev/sec=68.0534   simsec/sec=171.33   ev/simsec=0.397207
     Messages:  created: 7830   present: 7531   in FES: 5388
** Event #7936   t=2631   Elapsed: 42.848s (0m 42s)
     Speed:     ev/sec=129.731   simsec/sec=2.06604   ev/simsec=62.7925
     Messages:  created: 8322   present: 7482   in FES: 5406
** Event #18176   t=2784   Elapsed: 44.850s (0m 44s)
     Speed:     ev/sec=5117.44   simsec/sec=76.4618   ev/simsec=66.9281
     Messages:  created: 9854   present: 7316   in FES: 5396
** Event #19712   t=2874   Elapsed: 47.983s (0m 47s)
     Speed:     ev/sec=490.265   simsec/sec=28.7265   ev/simsec=17.0667
     Messages:  created: 10079   present: 7288   in FES: 5366
** Event #20736   t=2929   Elapsed: 51.064s (0m 51s)
     Speed:     ev/sec=332.36   simsec/sec=17.8513   ev/simsec=18.6182
     Messages:  created: 10239   present: 7282   in FES: 5358
** Event #23040   t=3101   Elapsed: 72.328s (1m 12s)
     Speed:     ev/sec=108.352   simsec/sec=8.08879   ev/simsec=13.3953
     Messages:  created: 10595   present: 7274   in FES: 5363
** Event #27136   t=3157   Elapsed: 77.314s (1m 17s)
     Speed:     ev/sec=821.665   simsec/sec=11.2337   ev/simsec=73.1429
     Messages:  created: 11226   present: 7228   in FES: 5387
** Event #32256   t=3218   Elapsed: 84.636s (1m 24s)
     Speed:     ev/sec=699.262   simsec/sec=8.33106   ev/simsec=83.9344
     Messages:  created: 12016   present: 7159   in FES: 5375
** Event #35584   t=3258   Elapsed: 97.279s (1m 37s)
     Speed:     ev/sec=263.229   simsec/sec=3.16381   ev/simsec=83.2
     Messages:  created: 12527   present: 7110   in FES: 5349
** Event #42240   t=3449   Elapsed: 105.539s (1m 45s)
     Speed:     ev/sec=805.909   simsec/sec=23.1263   ev/simsec=34.8482
     Messages:  created: 13574   present: 7111   in FES: 5357
** Event #45056   t=3512   Elapsed: 117.742s (1m 57s)
     Speed:     ev/sec=230.782   simsec/sec=5.16309   ev/simsec=44.6984
     Messages:  created: 14010   present: 7106   in FES: 5349
** Event #53760   t=3739   Elapsed: 130.200s (2m 10s)
     Speed:     ev/sec=698.668   simsec/sec=18.2212   ev/simsec=38.3436
     Messages:  created: 15301   present: 7108   in FES: 5353
** Event #56576   t=3794   Elapsed: 153.068s (2m 33s)
     Speed:     ev/sec=123.147   simsec/sec=2.40521   ev/simsec=51.2
     Messages:  created: 15737   present: 7114   in FES: 5353
** Event #56832   t=3797   Elapsed: 171.299s (2m 51s)
     Speed:     ev/sec=14.042   simsec/sec=0.164555   ev/simsec=85.3333
     Messages:  created: 15777   present: 7101   in FES: 5355
** Event #66816   t=3899   Elapsed: 173.337s (2m 53s)
     Speed:     ev/sec=4898.92   simsec/sec=50.0491   ev/simsec=97.8824
     Messages:  created: 17304   present: 6996   in FES: 5349
** Event #73216   t=3962   Elapsed: 200.374s (3m 20s)
     Speed:     ev/sec=236.721   simsec/sec=2.33023   ev/simsec=101.587
     Messages:  created: 18296   present: 6947   in FES: 5349
** Event #73472   t=3965   Elapsed: 205.022s (3m 25s)
     Speed:     ev/sec=55.0775   simsec/sec=0.645439   ev/simsec=85.3333
     Messages:  created: 18338   present: 6942   in FES: 5340
** Event #81408   t=4045   Elapsed: 207.037s (3m 27s)
     Speed:     ev/sec=3938.46   simsec/sec=39.7022   ev/simsec=99.2
     Messages:  created: 19634   present: 6954   in FES: 5352
** Event #89600   t=4143   Elapsed: 226.468s (3m 46s)
     Speed:     ev/sec=421.616   simsec/sec=5.04375   ev/simsec=83.5918
     Messages:  created: 20903   present: 6932   in FES: 5328
** Event #89856   t=4147   Elapsed: 230.782s (3m 50s)
     Speed:     ev/sec=59.3554   simsec/sec=0.927429   ev/simsec=64
     Messages:  created: 20944   present: 6932   in FES: 5325
** Event #96000   t=4248   Elapsed: 251.480s (4m 11s)
     Speed:     ev/sec=296.84   simsec/sec=4.8797   ev/simsec=60.8317
     Messages:  created: 21926   present: 6921   in FES: 5310
** Event #96256   t=4252   Elapsed: 270.721s (4m 30s)
     Speed:     ev/sec=13.3049   simsec/sec=0.207889   ev/simsec=64
     Messages:  created: 21965   present: 6912   in FES: 5307
** Event #99840   t=4306   Elapsed: 290.639s (4m 50s)
     Speed:     ev/sec=179.947   simsec/sec=2.71125   ev/simsec=66.3704
     Messages:  created: 22514   present: 6855   in FES: 5302
** Event #104192   t=4369   Elapsed: 303.252s (5m 03s)
     Speed:     ev/sec=345.041   simsec/sec=4.99485   ev/simsec=69.0794
     Messages:  created: 23197   present: 6790   in FES: 5291
** Event #108032   t=4435   Elapsed: 315.575s (5m 15s)
     Speed:     ev/sec=311.638   simsec/sec=5.35627   ev/simsec=58.1818
     Messages:  created: 23795   present: 6715   in FES: 5286
** Event #114176   t=4541   Elapsed: 328.140s (5m 28s)
     Speed:     ev/sec=488.977   simsec/sec=8.43613   ev/simsec=57.9623
     Messages:  created: 24749   present: 6602   in FES: 5277
** Event #114432   t=4545   Elapsed: 339.950s (5m 39s)
     Speed:     ev/sec=21.6784   simsec/sec=0.338725   ev/simsec=64
     Messages:  created: 24793   present: 6601   in FES: 5286
** Event #117248   t=4593   Elapsed: 344.409s (5m 44s)
     Speed:     ev/sec=631.532   simsec/sec=10.7647   ev/simsec=58.6667
     Messages:  created: 25230   present: 6551   in FES: 5279
** Event #117760   t=4604   Elapsed: 347.719s (5m 47s)
     Speed:     ev/sec=154.73   simsec/sec=3.32427   ev/simsec=46.5455
     Messages:  created: 25305   present: 6531   in FES: 5272
** Event #120064   t=4657   Elapsed: 356.732s (5m 56s)
     Speed:     ev/sec=255.659   simsec/sec=5.88105   ev/simsec=43.4717
     Messages:  created: 25628   present: 6475   in FES: 5269
** Event #122368   t=4709   Elapsed: 365.730s (6m 05s)
     Speed:     ev/sec=256.057   simsec/sec=5.77906   ev/simsec=44.3077
     Messages:  created: 25944   present: 6420   in FES: 5266
** Event #123136   t=4727   Elapsed: 374.567s (6m 14s)
     Speed:     ev/sec=86.9172   simsec/sec=2.03712   ev/simsec=42.6667
     Messages:  created: 26048   present: 6395   in FES: 5258
** Event #126208   t=4795   Elapsed: 383.570s (6m 23s)
     Speed:     ev/sec=341.257   simsec/sec=7.55388   ev/simsec=45.1765
     Messages:  created: 26462   present: 6326   in FES: 5264
** Event #127744   t=4829   Elapsed: 392.425s (6m 32s)
     Speed:     ev/sec=173.481   simsec/sec=3.84007   ev/simsec=45.1765
     Messages:  created: 26666   present: 6288   in FES: 5255
** Event #128000   t=4835   Elapsed: 401.146s (6m 41s)
     Speed:     ev/sec=29.3544   simsec/sec=0.687994   ev/simsec=42.6667
     Messages:  created: 26703   present: 6278   in FES: 5260
** Event #132608   t=4952   Elapsed: 404.653s (6m 44s)
     Speed:     ev/sec=1314.32   simsec/sec=33.3714   ev/simsec=39.3846
     Messages:  created: 27323   present: 6145   in FES: 5233
** Event #134400   t=4999   Elapsed: 407.953s (6m 47s)
     Speed:     ev/sec=543.195   simsec/sec=14.2467   ev/simsec=38.1277
     Messages:  created: 27561   present: 6095   in FES: 5231
** Event #134912   t=5012   Elapsed: 411.226s (6m 51s)
     Speed:     ev/sec=156.479   simsec/sec=3.97311   ev/simsec=39.3846
     Messages:  created: 27629   present: 6080   in FES: 5238
** Event #137728   t=5085   Elapsed: 414.546s (6m 54s)
     Speed:     ev/sec=848.193   simsec/sec=21.988   ev/simsec=38.5753
     Messages:  created: 27993   present: 6001   in FES: 5226
** Event #139008   t=5118   Elapsed: 417.769s (6m 57s)
     Speed:     ev/sec=397.146   simsec/sec=10.2389   ev/simsec=38.7879
     Messages:  created: 28156   present: 5963   in FES: 5217
** Event #139264   t=5124   Elapsed: 420.918s (7m 00s)
     Speed:     ev/sec=81.3215   simsec/sec=1.90597   ev/simsec=42.6667
     Messages:  created: 28191   present: 5956   in FES: 5227
** Event #147456   t=7795   Elapsed: 435.088s (7m 15s)
     Speed:     ev/sec=578.123   simsec/sec=188.497   ev/simsec=3.06702
     Messages:  created: 29390   present: 5461   in FES: 5063
** Event #150528   t=7845   Elapsed: 459.353s (7m 39s)
     Speed:     ev/sec=126.607   simsec/sec=2.06067   ev/simsec=61.44
     Messages:  created: 29842   present: 5405   in FES: 5061
** Event #162048   t=8031   Elapsed: 461.995s (7m 41s)
     Speed:     ev/sec=4361.98   simsec/sec=70.4279   ev/simsec=61.9355
     Messages:  created: 31545   present: 5218   in FES: 5032
** Event #162560   t=8094   Elapsed: 464.098s (7m 44s)
     Speed:     ev/sec=243.578   simsec/sec=29.9715   ev/simsec=8.12698
     Messages:  created: 31621   present: 5215   in FES: 5030
** Event #163072   t=8318   Elapsed: 484.168s (8m 04s)
     Speed:     ev/sec=25.5107   simsec/sec=11.1609   ev/simsec=2.28571
     Messages:  created: 31696   present: 5194   in FES: 5027
** Event #178219   t=86400   Elapsed: 485.608s (8m 05s)
     Speed:     ev/sec=10525.4   simsec/sec=54261.3   ev/simsec=0.193976
     Messages:  created: 35342   present: 0   in FES: 0

<!> No more events, simulation completed -- at t=86400s, event #178219
