** Event #0   t=0   Elapsed: 0.000s (0m 00s)
     Speed:     ev/sec=0   simsec/sec=0   ev/simsec=0
     Messages:  created: 5587   present: 5587   in FES: 5587
** Event #4096   t=0   Elapsed: 2.148s (0m 02s)
     Speed:     ev/sec=1907.36   simsec/sec=0   ev/simsec=0
     Messages:  created: 8241   present: 8186   in FES: 6743
** Event #5632   t=2578   Elapsed: 17.480s (0m 17s)
     Speed:     ev/sec=100.183   simsec/sec=168.145   ev/simsec=0.595811
     Messages:  created: 8336   present: 8037   in FES: 5407
** Event #8704   t=2628   Elapsed: 25.027s (0m 25s)
     Speed:     ev/sec=407.049   simsec/sec=6.62515   ev/simsec=61.44
     Messages:  created: 8786   present: 7979   in FES: 5385
** Event #8960   t=2632   Elapsed: 43.095s (0m 43s)
     Speed:     ev/sec=14.1695   simsec/sec=0.221398   ev/simsec=64
     Messages:  created: 8822   present: 7974   in FES: 5382
** Event #19456   t=2788   Elapsed: 45.122s (0m 45s)
     Speed:     ev/sec=5178.1   simsec/sec=76.961   ev/simsec=67.2821
     Messages:  created: 10394   present: 7812   in FES: 5384
** Event #20736   t=2875   Elapsed: 48.202s (0m 48s)
     Speed:     ev/sec=415.719   simsec/sec=28.2559   ev/simsec=14.7126
     Messages:  created: 10582   present: 7788   in FES: 5363
** Event #21760   t=2931   Elapsed: 51.210s (0m 51s)
     Speed:     ev/sec=340.426   simsec/sec=18.617   ev/simsec=18.2857
     Messages:  created: 10743   present: 7782   in FES: 5357
** Event #24064   t=3101   Elapsed: 72.453s (1m 12s)
     Speed:     ev/sec=108.464   simsec/sec=8.00301   ev/simsec=13.5529
     Messages:  created: 11101   present: 7780   in FES: 5377
** Event #28160   t=3158   Elapsed: 77.399s (1m 17s)
     Speed:     ev/sec=828.311   simsec/sec=11.5268   ev/simsec=71.8596
     Messages:  created: 11726   present: 7720   in FES: 5363
** Event #33280   t=3218   Elapsed: 84.709s (1m 24s)
     Speed:     ev/sec=700.41   simsec/sec=8.20793   ev/simsec=85.3333
     Messages:  created: 12521   present: 7663   in FES: 5385
** Event #36608   t=3259   Elapsed: 97.345s (1m 37s)
     Speed:     ev/sec=263.395   simsec/sec=3.24495   ev/simsec=81.1707
     Messages:  created: 13032   present: 7609   in FES: 5355
** Event #43264   t=3450   Elapsed: 105.582s (1m 45s)
     Speed:     ev/sec=808.061   simsec/sec=23.1881   ev/simsec=34.8482
     Messages:  created: 14076   present: 7606   in FES: 5344
** Event #45824   t=3506   Elapsed: 117.767s (1m 57s)
     Speed:     ev/sec=210.112   simsec/sec=4.59619   ev/simsec=45.7143
     Messages:  created: 14474   present: 7606   in FES: 5341
** Event #54784   t=3740   Elapsed: 130.235s (2m 10s)
     Speed:     ev/sec=718.64   simsec/sec=18.768   ev/simsec=38.2906
     Messages:  created: 15802   present: 7601   in FES: 5337
** Event #57600   t=3795   Elapsed: 153.095s (2m 33s)
     Speed:     ev/sec=123.19   simsec/sec=2.40605   ev/simsec=51.2
     Messages:  created: 16239   present: 7602   in FES: 5341
** Event #57856   t=3797   Elapsed: 171.214s (2m 51s)
     Speed:     ev/sec=14.1288   simsec/sec=0.110381   ev/simsec=128
     Messages:  created: 16283   present: 7607   in FES: 5370
** Event #67840   t=3899   Elapsed: 173.238s (2m 53s)
     Speed:     ev/sec=4935.24   simsec/sec=50.4202   ev/simsec=97.8824
     Messages:  created: 17810   present: 7502   in FES: 5361
** Event #74240   t=3962   Elapsed: 204.784s (3m 24s)
     Speed:     ev/sec=202.878   simsec/sec=1.99708   ev/simsec=101.587
     Messages:  created: 18801   present: 7452   in FES: 5356
** Event #82432   t=4046   Elapsed: 206.833s (3m 26s)
     Speed:     ev/sec=3998.05   simsec/sec=40.9956   ev/simsec=97.5238
     Messages:  created: 20134   present: 7440   in FES: 5328
** Event #90624   t=4143   Elapsed: 230.553s (3m 50s)
     Speed:     ev/sec=345.377   simsec/sec=4.08955   ev/simsec=84.4536
     Messages:  created: 21408   present: 7437   in FES: 5331
** Event #97024   t=4248   Elapsed: 251.278s (4m 11s)
     Speed:     ev/sec=308.821   simsec/sec=5.06659   ev/simsec=60.9524
     Messages:  created: 22431   present: 7425   in FES: 5323
** Event #97280   t=4252   Elapsed: 270.482s (4m 30s)
     Speed:     ev/sec=13.3306   simsec/sec=0.20829   ev/simsec=64
     Messages:  created: 22471   present: 7418   in FES: 5323
** Event #100864   t=4306   Elapsed: 290.196s (4m 50s)
     Speed:     ev/sec=181.809   simsec/sec=2.73931   ev/simsec=66.3704
     Messages:  created: 23020   present: 7360   in FES: 5317
** Event #105216   t=4369   Elapsed: 302.765s (5m 02s)
     Speed:     ev/sec=346.276   simsec/sec=5.01273   ev/simsec=69.0794
     Messages:  created: 23702   present: 7288   in FES: 5294
** Event #109056   t=4435   Elapsed: 315.067s (5m 15s)
     Speed:     ev/sec=312.17   simsec/sec=5.36542   ev/simsec=58.1818
     Messages:  created: 24301   present: 7221   in FES: 5301
** Event #115200   t=4541   Elapsed: 339.356s (5m 39s)
     Speed:     ev/sec=252.954   simsec/sec=4.36412   ev/simsec=57.9623
     Messages:  created: 25255   present: 7105   in FES: 5287
** Event #118272   t=4594   Elapsed: 343.838s (5m 43s)
     Speed:     ev/sec=685.408   simsec/sec=11.8251   ev/simsec=57.9623
     Messages:  created: 25734   present: 7046   in FES: 5279
** Event #118784   t=4604   Elapsed: 347.195s (5m 47s)
     Speed:     ev/sec=152.517   simsec/sec=2.97885   ev/simsec=51.2
     Messages:  created: 25808   present: 7033   in FES: 5269
** Event #121088   t=4658   Elapsed: 356.194s (5m 56s)
     Speed:     ev/sec=256.057   simsec/sec=6.00133   ev/simsec=42.6667
     Messages:  created: 26130   present: 6975   in FES: 5262
** Event #123392   t=4710   Elapsed: 365.217s (6m 05s)
     Speed:     ev/sec=255.347   simsec/sec=5.76305   ev/simsec=44.3077
     Messages:  created: 26447   present: 6917   in FES: 5264
** Event #124160   t=4727   Elapsed: 374.023s (6m 14s)
     Speed:     ev/sec=87.2232   simsec/sec=1.93072   ev/simsec=45.1765
     Messages:  created: 26552   present: 6898   in FES: 5266
** Event #127232   t=4796   Elapsed: 383.025s (6m 23s)
     Speed:     ev/sec=341.257   simsec/sec=7.66496   ev/simsec=44.5217
     Messages:  created: 26964   present: 6822   in FES: 5255
** Event #128768   t=4830   Elapsed: 391.873s (6m 31s)
     Speed:     ev/sec=173.599   simsec/sec=3.84268   ev/simsec=45.1765
     Messages:  created: 27170   present: 6786   in FES: 5258
** Event #129024   t=4836   Elapsed: 400.572s (6m 40s)
     Speed:     ev/sec=29.4287   simsec/sec=0.689734   ev/simsec=42.6667
     Messages:  created: 27204   present: 6773   in FES: 5242
** Event #133632   t=4952   Elapsed: 404.084s (6m 44s)
     Speed:     ev/sec=1312.45   simsec/sec=33.039   ev/simsec=39.7241
     Messages:  created: 27827   present: 6648   in FES: 5237
** Event #135424   t=4999   Elapsed: 407.390s (6m 47s)
     Speed:     ev/sec=542.045   simsec/sec=14.2166   ev/simsec=38.1277
     Messages:  created: 28064   present: 6597   in FES: 5232
** Event #135936   t=5013   Elapsed: 410.598s (6m 50s)
     Speed:     ev/sec=159.651   simsec/sec=4.36545   ev/simsec=36.5714
     Messages:  created: 28131   present: 6577   in FES: 5231
** Event #138752   t=5085   Elapsed: 413.923s (6m 53s)
     Speed:     ev/sec=846.917   simsec/sec=21.6541   ev/simsec=39.1111
     Messages:  created: 28496   present: 6503   in FES: 5227
** Event #140032   t=5118   Elapsed: 417.146s (6m 57s)
     Speed:     ev/sec=397.146   simsec/sec=10.2389   ev/simsec=38.7879
     Messages:  created: 28661   present: 6466   in FES: 5231
** Event #140288   t=5125   Elapsed: 420.283s (7m 00s)
     Speed:     ev/sec=81.6327   simsec/sec=2.23214   ev/simsec=36.5714
     Messages:  created: 28694   present: 6454   in FES: 5225
** Event #148480   t=7796   Elapsed: 434.484s (7m 14s)
     Speed:     ev/sec=576.861   simsec/sec=188.085   ev/simsec=3.06702
     Messages:  created: 29894   present: 5956   in FES: 5062
** Event #151552   t=7845   Elapsed: 458.777s (7m 38s)
     Speed:     ev/sec=126.461   simsec/sec=2.01712   ev/simsec=62.6939
     Messages:  created: 30346   present: 5908   in FES: 5070
** Event #163072   t=8034   Elapsed: 461.410s (7m 41s)
     Speed:     ev/sec=4376.9   simsec/sec=71.8085   ev/simsec=60.9524
     Messages:  created: 32049   present: 5719   in FES: 5034
** Event #163584   t=8091   Elapsed: 463.520s (7m 43s)
     Speed:     ev/sec=242.654   simsec/sec=27.0142   ev/simsec=8.98246
     Messages:  created: 32126   present: 5715   in FES: 5032
** Event #164608   t=8146   Elapsed: 466.387s (7m 46s)
     Speed:     ev/sec=357.292   simsec/sec=19.1905   ev/simsec=18.6182
     Messages:  created: 32287   present: 5712   in FES: 5031
** Event #166912   t=8316   Elapsed: 486.666s (8m 06s)
     Speed:     ev/sec=113.615   simsec/sec=8.38306   ev/simsec=13.5529
     Messages:  created: 32645   present: 5702   in FES: 5049
** Event #171008   t=8373   Elapsed: 491.379s (8m 11s)
     Speed:     ev/sec=869.27   simsec/sec=12.0968   ev/simsec=71.8596
     Messages:  created: 33270   present: 5639   in FES: 5033
** Event #176128   t=8433   Elapsed: 498.322s (8m 18s)
     Speed:     ev/sec=737.433   simsec/sec=8.6418   ev/simsec=85.3333
     Messages:  created: 34062   present: 5584   in FES: 5038
** Event #179456   t=8475   Elapsed: 510.274s (8m 30s)
     Speed:     ev/sec=278.47   simsec/sec=3.51435   ev/simsec=79.2381
     Messages:  created: 34574   present: 5530   in FES: 5016
** Event #186112   t=9011   Elapsed: 531.775s (8m 51s)
     Speed:     ev/sec=309.567   simsec/sec=24.9291   ev/simsec=12.4179
     Messages:  created: 35618   present: 5516   in FES: 4998
** Event #200192   t=9254   Elapsed: 533.813s (8m 53s)
     Speed:     ev/sec=6908.73   simsec/sec=119.235   ev/simsec=57.9424
     Messages:  created: 37838   present: 5274   in FES: 5002
** Event #206592   t=9360   Elapsed: 548.503s (9m 08s)
     Speed:     ev/sec=435.7   simsec/sec=7.21628   ev/simsec=60.3774
     Messages:  created: 38795   present: 5157   in FES: 4988
** Event #212992   t=9466   Elapsed: 557.759s (9m 17s)
     Speed:     ev/sec=691.443   simsec/sec=11.452   ev/simsec=60.3774
     Messages:  created: 39739   present: 5045   in FES: 4976
** Event #213248   t=9471   Elapsed: 566.170s (9m 26s)
     Speed:     ev/sec=30.4363   simsec/sec=0.59446   ev/simsec=51.2
     Messages:  created: 39782   present: 5041   in FES: 4987
** Event #221229   t=86400   Elapsed: 566.560s (9m 26s)
     Speed:     ev/sec=20514.1   simsec/sec=197761   ev/simsec=0.103732
     Messages:  created: 42317   present: 0   in FES: 0

<!> No more events, simulation completed -- at t=86400s, event #221229
