** Event #0   t=0   Elapsed: 0.000s (0m 00s)
     Speed:     ev/sec=0   simsec/sec=0   ev/simsec=0
     Messages:  created: 5587   present: 5587   in FES: 5587
** Event #4096   t=0   Elapsed: 2.152s (0m 02s)
     Speed:     ev/sec=1903.81   simsec/sec=0   ev/simsec=0
     Messages:  created: 8241   present: 8186   in FES: 6743
** Event #5632   t=2578   Elapsed: 17.503s (0m 17s)
     Speed:     ev/sec=100.059   simsec/sec=167.937   ev/simsec=0.595811
     Messages:  created: 8336   present: 8037   in FES: 5407
** Event #8704   t=2628   Elapsed: 25.113s (0m 25s)
     Speed:     ev/sec=403.679   simsec/sec=6.5703   ev/simsec=61.44
     Messages:  created: 8786   present: 7979   in FES: 5385
** Event #8960   t=2632   Elapsed: 43.210s (0m 43s)
     Speed:     ev/sec=14.1468   simsec/sec=0.221043   ev/simsec=64
     Messages:  created: 8822   present: 7974   in FES: 5382
** Event #19456   t=2788   Elapsed: 45.239s (0m 45s)
     Speed:     ev/sec=5175.54   simsec/sec=76.9231   ev/simsec=67.2821
     Messages:  created: 10394   present: 7812   in FES: 5384
** Event #20736   t=2875   Elapsed: 48.315s (0m 48s)
     Speed:     ev/sec=416.26   simsec/sec=28.2927   ev/simsec=14.7126
     Messages:  created: 10582   present: 7788   in FES: 5363
** Event #21760   t=2931   Elapsed: 51.325s (0m 51s)
     Speed:     ev/sec=340.199   simsec/sec=18.6047   ev/simsec=18.2857
     Messages:  created: 10743   present: 7782   in FES: 5357
** Event #24064   t=3101   Elapsed: 72.601s (1m 12s)
     Speed:     ev/sec=108.291   simsec/sec=7.99022   ev/simsec=13.5529
     Messages:  created: 11101   present: 7780   in FES: 5377
** Event #28160   t=3158   Elapsed: 77.575s (1m 17s)
     Speed:     ev/sec=823.648   simsec/sec=11.4619   ev/simsec=71.8596
     Messages:  created: 11726   present: 7720   in FES: 5363
** Event #33280   t=3218   Elapsed: 84.913s (1m 24s)
     Speed:     ev/sec=697.738   simsec/sec=8.17661   ev/simsec=85.3333
     Messages:  created: 12521   present: 7663   in FES: 5385
** Event #36608   t=3259   Elapsed: 97.544s (1m 37s)
     Speed:     ev/sec=263.479   simsec/sec=3.24598   ev/simsec=81.1707
     Messages:  created: 13032   present: 7609   in FES: 5355
** Event #43264   t=3450   Elapsed: 105.793s (1m 45s)
     Speed:     ev/sec=806.886   simsec/sec=23.1543   ev/simsec=34.8482
     Messages:  created: 14076   present: 7606   in FES: 5344
** Event #45824   t=3506   Elapsed: 117.929s (1m 57s)
     Speed:     ev/sec=210.96   simsec/sec=4.61475   ev/simsec=45.7143
     Messages:  created: 14474   present: 7606   in FES: 5341
** Event #54784   t=3740   Elapsed: 130.392s (2m 10s)
     Speed:     ev/sec=718.986   simsec/sec=18.7771   ev/simsec=38.2906
     Messages:  created: 15802   present: 7601   in FES: 5337
** Event #57600   t=3795   Elapsed: 153.342s (2m 33s)
     Speed:     ev/sec=122.707   simsec/sec=2.39662   ev/simsec=51.2
     Messages:  created: 16239   present: 7602   in FES: 5341
** Event #57856   t=3797   Elapsed: 171.479s (2m 51s)
     Speed:     ev/sec=14.1148   simsec/sec=0.110272   ev/simsec=128
     Messages:  created: 16283   present: 7607   in FES: 5370
** Event #67840   t=3899   Elapsed: 173.504s (2m 53s)
     Speed:     ev/sec=4932.81   simsec/sec=50.3953   ev/simsec=97.8824
     Messages:  created: 17810   present: 7502   in FES: 5361
** Event #74240   t=3962   Elapsed: 205.209s (3m 25s)
     Speed:     ev/sec=201.861   simsec/sec=1.98707   ev/simsec=101.587
     Messages:  created: 18801   present: 7452   in FES: 5356
** Event #82432   t=4046   Elapsed: 207.259s (3m 27s)
     Speed:     ev/sec=3998.05   simsec/sec=40.9956   ev/simsec=97.5238
     Messages:  created: 20134   present: 7440   in FES: 5328
** Event #90624   t=4143   Elapsed: 230.934s (3m 50s)
     Speed:     ev/sec=346.019   simsec/sec=4.09715   ev/simsec=84.4536
     Messages:  created: 21408   present: 7437   in FES: 5331
** Event #97024   t=4248   Elapsed: 251.649s (4m 11s)
     Speed:     ev/sec=308.97   simsec/sec=5.06904   ev/simsec=60.9524
     Messages:  created: 22431   present: 7425   in FES: 5323
** Event #97280   t=4252   Elapsed: 270.924s (4m 30s)
     Speed:     ev/sec=13.2815   simsec/sec=0.207523   ev/simsec=64
     Messages:  created: 22471   present: 7418   in FES: 5323
** Event #100864   t=4306   Elapsed: 290.689s (4m 50s)
     Speed:     ev/sec=181.331   simsec/sec=2.7321   ev/simsec=66.3704
     Messages:  created: 23020   present: 7360   in FES: 5317
** Event #105216   t=4369   Elapsed: 303.291s (5m 03s)
     Speed:     ev/sec=345.369   simsec/sec=4.9996   ev/simsec=69.0794
     Messages:  created: 23702   present: 7288   in FES: 5294
** Event #109056   t=4435   Elapsed: 315.612s (5m 15s)
     Speed:     ev/sec=311.663   simsec/sec=5.35671   ev/simsec=58.1818
     Messages:  created: 24301   present: 7221   in FES: 5301
** Event #115200   t=4541   Elapsed: 340.037s (5m 40s)
     Speed:     ev/sec=251.556   simsec/sec=4.33999   ev/simsec=57.9623
     Messages:  created: 25255   present: 7105   in FES: 5287
** Event #118272   t=4594   Elapsed: 344.542s (5m 44s)
     Speed:     ev/sec=682.06   simsec/sec=11.7673   ev/simsec=57.9623
     Messages:  created: 25734   present: 7046   in FES: 5279
** Event #118784   t=4604   Elapsed: 347.858s (5m 47s)
     Speed:     ev/sec=154.449   simsec/sec=3.01659   ev/simsec=51.2
     Messages:  created: 25808   present: 7033   in FES: 5269
** Event #121088   t=4658   Elapsed: 356.892s (5m 56s)
     Speed:     ev/sec=255.065   simsec/sec=5.97808   ev/simsec=42.6667
     Messages:  created: 26130   present: 6975   in FES: 5262
** Event #123392   t=4710   Elapsed: 365.903s (6m 05s)
     Speed:     ev/sec=255.716   simsec/sec=5.77137   ev/simsec=44.3077
     Messages:  created: 26447   present: 6917   in FES: 5264
** Event #124160   t=4727   Elapsed: 374.745s (6m 14s)
     Speed:     ev/sec=86.8582   simsec/sec=1.92264   ev/simsec=45.1765
     Messages:  created: 26552   present: 6898   in FES: 5266
** Event #127232   t=4796   Elapsed: 383.831s (6m 23s)
     Speed:     ev/sec=338.103   simsec/sec=7.5941   ev/simsec=44.5217
     Messages:  created: 26964   present: 6822   in FES: 5255
** Event #128768   t=4830   Elapsed: 392.729s (6m 32s)
     Speed:     ev/sec=172.623   simsec/sec=3.82108   ev/simsec=45.1765
     Messages:  created: 27170   present: 6786   in FES: 5258
** Event #129024   t=4836   Elapsed: 401.455s (6m 41s)
     Speed:     ev/sec=29.3376   simsec/sec=0.6876   ev/simsec=42.6667
     Messages:  created: 27204   present: 6773   in FES: 5242
** Event #133632   t=4952   Elapsed: 404.994s (6m 44s)
     Speed:     ev/sec=1302.43   simsec/sec=32.7869   ev/simsec=39.7241
     Messages:  created: 27827   present: 6648   in FES: 5237
** Event #135424   t=4999   Elapsed: 408.295s (6m 48s)
     Speed:     ev/sec=542.866   simsec/sec=14.2381   ev/simsec=38.1277
     Messages:  created: 28064   present: 6597   in FES: 5232
** Event #135936   t=5013   Elapsed: 411.504s (6m 51s)
     Speed:     ev/sec=159.551   simsec/sec=4.36273   ev/simsec=36.5714
     Messages:  created: 28131   present: 6577   in FES: 5231
** Event #138752   t=5085   Elapsed: 414.815s (6m 54s)
     Speed:     ev/sec=850.498   simsec/sec=21.7457   ev/simsec=39.1111
     Messages:  created: 28496   present: 6503   in FES: 5227
** Event #140032   t=5118   Elapsed: 418.035s (6m 58s)
     Speed:     ev/sec=397.639   simsec/sec=10.2516   ev/simsec=38.7879
     Messages:  created: 28661   present: 6466   in FES: 5231
** Event #140288   t=5125   Elapsed: 421.178s (7m 01s)
     Speed:     ev/sec=81.4508   simsec/sec=2.22717   ev/simsec=36.5714
     Messages:  created: 28694   present: 6454   in FES: 5225
** Event #148480   t=7796   Elapsed: 435.329s (7m 15s)
     Speed:     ev/sec=578.94   simsec/sec=188.763   ev/simsec=3.06702
     Messages:  created: 29894   present: 5956   in FES: 5062
** Event #151552   t=7845   Elapsed: 459.561s (7m 39s)
     Speed:     ev/sec=126.775   simsec/sec=2.02212   ev/simsec=62.6939
     Messages:  created: 30346   present: 5908   in FES: 5070
** Event #163072   t=8034   Elapsed: 462.181s (7m 42s)
     Speed:     ev/sec=4396.95   simsec/sec=72.1374   ev/simsec=60.9524
     Messages:  created: 32049   present: 5719   in FES: 5034
** Event #163584   t=8091   Elapsed: 464.277s (7m 44s)
     Speed:     ev/sec=244.391   simsec/sec=27.2076   ev/simsec=8.98246
     Messages:  created: 32126   present: 5715   in FES: 5032
** Event #164608   t=8146   Elapsed: 467.122s (7m 47s)
     Speed:     ev/sec=359.93   simsec/sec=19.3322   ev/simsec=18.6182
     Messages:  created: 32287   present: 5712   in FES: 5031
** Event #166912   t=8316   Elapsed: 487.271s (8m 07s)
     Speed:     ev/sec=114.354   simsec/sec=8.43756   ev/simsec=13.5529
     Messages:  created: 32645   present: 5702   in FES: 5049
** Event #171008   t=8373   Elapsed: 491.971s (8m 11s)
     Speed:     ev/sec=871.489   simsec/sec=12.1277   ev/simsec=71.8596
     Messages:  created: 33270   present: 5639   in FES: 5033
** Event #176128   t=8433   Elapsed: 498.886s (8m 18s)
     Speed:     ev/sec=740.526   simsec/sec=8.67804   ev/simsec=85.3333
     Messages:  created: 34062   present: 5584   in FES: 5038
** Event #179456   t=8475   Elapsed: 510.821s (8m 30s)
     Speed:     ev/sec=278.844   simsec/sec=3.51906   ev/simsec=79.2381
     Messages:  created: 34574   present: 5530   in FES: 5016
** Event #186112   t=9011   Elapsed: 532.262s (8m 52s)
     Speed:     ev/sec=310.448   simsec/sec=25   ev/simsec=12.4179
     Messages:  created: 35618   present: 5516   in FES: 4998
** Event #200192   t=9254   Elapsed: 534.296s (8m 54s)
     Speed:     ev/sec=6922.32   simsec/sec=119.469   ev/simsec=57.9424
     Messages:  created: 37838   present: 5274   in FES: 5002
** Event #206592   t=9360   Elapsed: 548.941s (9m 08s)
     Speed:     ev/sec=437.039   simsec/sec=7.23846   ev/simsec=60.3774
     Messages:  created: 38795   present: 5157   in FES: 4988
** Event #212992   t=9466   Elapsed: 558.172s (9m 18s)
     Speed:     ev/sec=693.316   simsec/sec=11.483   ev/simsec=60.3774
     Messages:  created: 39739   present: 5045   in FES: 4976
** Event #213248   t=9471   Elapsed: 566.561s (9m 26s)
     Speed:     ev/sec=30.5198   simsec/sec=0.59609   ev/simsec=51.2
     Messages:  created: 39782   present: 5041   in FES: 4987
** Event #221229   t=86400   Elapsed: 566.948s (9m 26s)
     Speed:     ev/sec=20673.6   simsec/sec=199298   ev/simsec=0.103732
     Messages:  created: 42317   present: 0   in FES: 0

<!> No more events, simulation completed -- at t=86400s, event #221229
