** Event #0   t=0   Elapsed: 0.000s (0m 00s)
     Speed:     ev/sec=0   simsec/sec=0   ev/simsec=0
     Messages:  created: 5587   present: 5587   in FES: 5587
** Event #3840   t=0   Elapsed: 2.000s (0m 02s)
     Speed:     ev/sec=1920.5   simsec/sec=0   ev/simsec=0
     Messages:  created: 8241   present: 8186   in FES: 6999
** Event #5632   t=2578   Elapsed: 17.541s (0m 17s)
     Speed:     ev/sec=115.315   simsec/sec=165.894   ev/simsec=0.695112
     Messages:  created: 8336   present: 8037   in FES: 5407
** Event #8704   t=2628   Elapsed: 25.141s (0m 25s)
     Speed:     ev/sec=404.264   simsec/sec=6.57981   ev/simsec=61.44
     Messages:  created: 8786   present: 7979   in FES: 5385
** Event #8960   t=2632   Elapsed: 43.287s (0m 43s)
     Speed:     ev/sec=14.1078   simsec/sec=0.220434   ev/simsec=64
     Messages:  created: 8822   present: 7974   in FES: 5382
** Event #19456   t=2788   Elapsed: 45.318s (0m 45s)
     Speed:     ev/sec=5167.9   simsec/sec=76.8095   ev/simsec=67.2821
     Messages:  created: 10394   present: 7812   in FES: 5384
** Event #20736   t=2875   Elapsed: 48.400s (0m 48s)
     Speed:     ev/sec=415.45   simsec/sec=28.2376   ev/simsec=14.7126
     Messages:  created: 10582   present: 7788   in FES: 5363
** Event #21760   t=2931   Elapsed: 51.416s (0m 51s)
     Speed:     ev/sec=339.635   simsec/sec=18.5738   ev/simsec=18.2857
     Messages:  created: 10743   present: 7782   in FES: 5357
** Event #24064   t=3101   Elapsed: 72.720s (1m 12s)
     Speed:     ev/sec=108.149   simsec/sec=7.97972   ev/simsec=13.5529
     Messages:  created: 11101   present: 7780   in FES: 5377
** Event #28160   t=3158   Elapsed: 77.711s (1m 17s)
     Speed:     ev/sec=820.842   simsec/sec=11.4228   ev/simsec=71.8596
     Messages:  created: 11726   present: 7720   in FES: 5363
** Event #33280   t=3218   Elapsed: 85.092s (1m 25s)
     Speed:     ev/sec=693.673   simsec/sec=8.12898   ev/simsec=85.3333
     Messages:  created: 12521   present: 7663   in FES: 5385
** Event #36608   t=3259   Elapsed: 97.803s (1m 37s)
     Speed:     ev/sec=261.82   simsec/sec=3.22555   ev/simsec=81.1707
     Messages:  created: 13032   present: 7609   in FES: 5355
** Event #43264   t=3450   Elapsed: 106.048s (1m 46s)
     Speed:     ev/sec=807.277   simsec/sec=23.1656   ev/simsec=34.8482
     Messages:  created: 14076   present: 7606   in FES: 5344
** Event #45824   t=3506   Elapsed: 118.189s (1m 58s)
     Speed:     ev/sec=210.873   simsec/sec=4.61285   ev/simsec=45.7143
     Messages:  created: 14474   present: 7606   in FES: 5341
** Event #54784   t=3740   Elapsed: 130.610s (2m 10s)
     Speed:     ev/sec=721.359   simsec/sec=18.8391   ev/simsec=38.2906
     Messages:  created: 15802   present: 7601   in FES: 5337
** Event #57600   t=3795   Elapsed: 153.497s (2m 33s)
     Speed:     ev/sec=123.045   simsec/sec=2.40322   ev/simsec=51.2
     Messages:  created: 16239   present: 7602   in FES: 5341
** Event #57856   t=3797   Elapsed: 171.729s (2m 51s)
     Speed:     ev/sec=14.0412   simsec/sec=0.109697   ev/simsec=128
     Messages:  created: 16283   present: 7607   in FES: 5370
** Event #67840   t=3899   Elapsed: 173.751s (2m 53s)
     Speed:     ev/sec=4937.69   simsec/sec=50.4451   ev/simsec=97.8824
     Messages:  created: 17810   present: 7502   in FES: 5361
** Event #74240   t=3962   Elapsed: 205.362s (3m 25s)
     Speed:     ev/sec=202.468   simsec/sec=1.99304   ev/simsec=101.587
     Messages:  created: 18801   present: 7452   in FES: 5356
** Event #82432   t=4046   Elapsed: 207.408s (3m 27s)
     Speed:     ev/sec=4003.91   simsec/sec=41.0557   ev/simsec=97.5238
     Messages:  created: 20134   present: 7440   in FES: 5328
** Event #90624   t=4143   Elapsed: 231.167s (3m 51s)
     Speed:     ev/sec=344.796   simsec/sec=4.08266   ev/simsec=84.4536
     Messages:  created: 21408   present: 7437   in FES: 5331
** Event #97024   t=4248   Elapsed: 251.895s (4m 11s)
     Speed:     ev/sec=308.776   simsec/sec=5.06586   ev/simsec=60.9524
     Messages:  created: 22431   present: 7425   in FES: 5323
** Event #97280   t=4252   Elapsed: 271.096s (4m 31s)
     Speed:     ev/sec=13.3333   simsec/sec=0.208333   ev/simsec=64
     Messages:  created: 22471   present: 7418   in FES: 5323
** Event #100864   t=4306   Elapsed: 290.922s (4m 50s)
     Speed:     ev/sec=180.782   simsec/sec=2.72383   ev/simsec=66.3704
     Messages:  created: 23020   present: 7360   in FES: 5317
** Event #105216   t=4369   Elapsed: 303.492s (5m 03s)
     Speed:     ev/sec=346.249   simsec/sec=5.01233   ev/simsec=69.0794
     Messages:  created: 23702   present: 7288   in FES: 5294
** Event #109056   t=4435   Elapsed: 315.786s (5m 15s)
     Speed:     ev/sec=312.347   simsec/sec=5.36847   ev/simsec=58.1818
     Messages:  created: 24301   present: 7221   in FES: 5301
** Event #115200   t=4541   Elapsed: 340.095s (5m 40s)
     Speed:     ev/sec=252.756   simsec/sec=4.3607   ev/simsec=57.9623
     Messages:  created: 25255   present: 7105   in FES: 5287
** Event #118272   t=4594   Elapsed: 344.586s (5m 44s)
     Speed:     ev/sec=684.187   simsec/sec=11.804   ev/simsec=57.9623
     Messages:  created: 25734   present: 7046   in FES: 5279
** Event #118784   t=4604   Elapsed: 347.889s (5m 47s)
     Speed:     ev/sec=155.011   simsec/sec=3.02755   ev/simsec=51.2
     Messages:  created: 25808   present: 7033   in FES: 5269
** Event #121088   t=4658   Elapsed: 356.909s (5m 56s)
     Speed:     ev/sec=255.461   simsec/sec=5.98736   ev/simsec=42.6667
     Messages:  created: 26130   present: 6975   in FES: 5262
** Event #123392   t=4710   Elapsed: 365.913s (6m 05s)
     Speed:     ev/sec=255.886   simsec/sec=5.77521   ev/simsec=44.3077
     Messages:  created: 26447   present: 6917   in FES: 5264
** Event #124160   t=4727   Elapsed: 374.756s (6m 14s)
     Speed:     ev/sec=86.8582   simsec/sec=1.92264   ev/simsec=45.1765
     Messages:  created: 26552   present: 6898   in FES: 5266
** Event #127232   t=4796   Elapsed: 383.730s (6m 23s)
     Speed:     ev/sec=342.322   simsec/sec=7.68888   ev/simsec=44.5217
     Messages:  created: 26964   present: 6822   in FES: 5255
** Event #128768   t=4830   Elapsed: 392.571s (6m 32s)
     Speed:     ev/sec=173.736   simsec/sec=3.84572   ev/simsec=45.1765
     Messages:  created: 27170   present: 6786   in FES: 5258
** Event #129024   t=4836   Elapsed: 401.275s (6m 41s)
     Speed:     ev/sec=29.4151   simsec/sec=0.689417   ev/simsec=42.6667
     Messages:  created: 27204   present: 6773   in FES: 5242
** Event #133632   t=4952   Elapsed: 404.853s (6m 44s)
     Speed:     ev/sec=1287.87   simsec/sec=32.4203   ev/simsec=39.7241
     Messages:  created: 27827   present: 6648   in FES: 5237
** Event #135424   t=4999   Elapsed: 408.153s (6m 48s)
     Speed:     ev/sec=543.195   simsec/sec=14.2467   ev/simsec=38.1277
     Messages:  created: 28064   present: 6597   in FES: 5232
** Event #135936   t=5013   Elapsed: 411.359s (6m 51s)
     Speed:     ev/sec=159.701   simsec/sec=4.36681   ev/simsec=36.5714
     Messages:  created: 28131   present: 6577   in FES: 5231
** Event #138752   t=5085   Elapsed: 414.688s (6m 54s)
     Speed:     ev/sec=845.9   simsec/sec=21.6281   ev/simsec=39.1111
     Messages:  created: 28496   present: 6503   in FES: 5227
** Event #140032   t=5118   Elapsed: 417.918s (6m 57s)
     Speed:     ev/sec=396.408   simsec/sec=10.2199   ev/simsec=38.7879
     Messages:  created: 28661   present: 6466   in FES: 5231
** Event #140288   t=5125   Elapsed: 421.077s (7m 01s)
     Speed:     ev/sec=81.064   simsec/sec=2.21659   ev/simsec=36.5714
     Messages:  created: 28694   present: 6454   in FES: 5225
** Event #148480   t=7796   Elapsed: 435.282s (7m 15s)
     Speed:     ev/sec=576.698   simsec/sec=188.032   ev/simsec=3.06702
     Messages:  created: 29894   present: 5956   in FES: 5062
** Event #151552   t=7845   Elapsed: 459.537s (7m 39s)
     Speed:     ev/sec=126.66   simsec/sec=2.02029   ev/simsec=62.6939
     Messages:  created: 30346   present: 5908   in FES: 5070
** Event #163072   t=8034   Elapsed: 462.161s (7m 42s)
     Speed:     ev/sec=4391.92   simsec/sec=72.0549   ev/simsec=60.9524
     Messages:  created: 32049   present: 5719   in FES: 5034
** Event #163584   t=8091   Elapsed: 464.260s (7m 44s)
     Speed:     ev/sec=243.926   simsec/sec=27.1558   ev/simsec=8.98246
     Messages:  created: 32126   present: 5715   in FES: 5032
** Event #164608   t=8146   Elapsed: 467.112s (7m 47s)
     Speed:     ev/sec=359.172   simsec/sec=19.2915   ev/simsec=18.6182
     Messages:  created: 32287   present: 5712   in FES: 5031
** Event #166912   t=8316   Elapsed: 487.356s (8m 07s)
     Speed:     ev/sec=113.817   simsec/sec=8.39796   ev/simsec=13.5529
     Messages:  created: 32645   present: 5702   in FES: 5049
** Event #171008   t=8373   Elapsed: 492.088s (8m 12s)
     Speed:     ev/sec=865.779   simsec/sec=12.0482   ev/simsec=71.8596
     Messages:  created: 33270   present: 5639   in FES: 5033
** Event #176128   t=8433   Elapsed: 499.036s (8m 19s)
     Speed:     ev/sec=737.009   simsec/sec=8.63682   ev/simsec=85.3333
     Messages:  created: 34062   present: 5584   in FES: 5038
** Event #179456   t=8475   Elapsed: 511.015s (8m 31s)
     Speed:     ev/sec=277.82   simsec/sec=3.50614   ev/simsec=79.2381
     Messages:  created: 34574   present: 5530   in FES: 5016
** Event #186112   t=9011   Elapsed: 532.560s (8m 52s)
     Speed:     ev/sec=308.949   simsec/sec=24.8793   ev/simsec=12.4179
     Messages:  created: 35618   present: 5516   in FES: 4998
** Event #200192   t=9254   Elapsed: 534.590s (8m 54s)
     Speed:     ev/sec=6935.96   simsec/sec=119.704   ev/simsec=57.9424
     Messages:  created: 37838   present: 5274   in FES: 5002
** Event #206592   t=9360   Elapsed: 549.299s (9m 09s)
     Speed:     ev/sec=435.137   simsec/sec=7.20696   ev/simsec=60.3774
     Messages:  created: 38795   present: 5157   in FES: 4988
** Event #212992   t=9466   Elapsed: 558.533s (9m 18s)
     Speed:     ev/sec=693.091   simsec/sec=11.4793   ev/simsec=60.3774
     Messages:  created: 39739   present: 5045   in FES: 4976
** Event #213248   t=9471   Elapsed: 566.924s (9m 26s)
     Speed:     ev/sec=30.5125   simsec/sec=0.595948   ev/simsec=51.2
     Messages:  created: 39782   present: 5041   in FES: 4987
** Event #221229   t=86400   Elapsed: 567.311s (9m 27s)
     Speed:     ev/sec=20620.2   simsec/sec=198783   ev/simsec=0.103732
     Messages:  created: 42317   present: 0   in FES: 0

<!> No more events, simulation completed -- at t=86400s, event #221229
