** Event #0   t=0   Elapsed: 0.000s (0m 00s)
     Speed:     ev/sec=0   simsec/sec=0   ev/simsec=0
     Messages:  created: 5587   present: 5587   in FES: 5587
** Event #4096   t=0   Elapsed: 2.147s (0m 02s)
     Speed:     ev/sec=1908.24   simsec/sec=0   ev/simsec=0
     Messages:  created: 8241   present: 8186   in FES: 6743
** Event #5632   t=2578   Elapsed: 17.473s (0m 17s)
     Speed:     ev/sec=100.228   simsec/sec=168.222   ev/simsec=0.595811
     Messages:  created: 8336   present: 8037   in FES: 5407
** Event #8704   t=2628   Elapsed: 25.023s (0m 25s)
     Speed:     ev/sec=406.887   simsec/sec=6.62252   ev/simsec=61.44
     Messages:  created: 8786   present: 7979   in FES: 5385
** Event #8960   t=2632   Elapsed: 43.073s (0m 43s)
     Speed:     ev/sec=14.1828   simsec/sec=0.221607   ev/simsec=64
     Messages:  created: 8822   present: 7974   in FES: 5382
** Event #19456   t=2788   Elapsed: 45.100s (0m 45s)
     Speed:     ev/sec=5178.1   simsec/sec=76.961   ev/simsec=67.2821
     Messages:  created: 10394   present: 7812   in FES: 5384
** Event #20736   t=2875   Elapsed: 48.173s (0m 48s)
     Speed:     ev/sec=416.667   simsec/sec=28.3203   ev/simsec=14.7126
     Messages:  created: 10582   present: 7788   in FES: 5363
** Event #21760   t=2931   Elapsed: 51.180s (0m 51s)
     Speed:     ev/sec=340.652   simsec/sec=18.6294   ev/simsec=18.2857
     Messages:  created: 10743   present: 7782   in FES: 5357
** Event #24064   t=3101   Elapsed: 72.507s (1m 12s)
     Speed:     ev/sec=108.032   simsec/sec=7.97112   ev/simsec=13.5529
     Messages:  created: 11101   present: 7780   in FES: 5377
** Event #28160   t=3158   Elapsed: 77.521s (1m 17s)
     Speed:     ev/sec=817.076   simsec/sec=11.3704   ev/simsec=71.8596
     Messages:  created: 11726   present: 7720   in FES: 5363
** Event #33280   t=3218   Elapsed: 84.844s (1m 24s)
     Speed:     ev/sec=699.262   simsec/sec=8.19448   ev/simsec=85.3333
     Messages:  created: 12521   present: 7663   in FES: 5385
** Event #36608   t=3259   Elapsed: 97.470s (1m 37s)
     Speed:     ev/sec=263.583   simsec/sec=3.24727   ev/simsec=81.1707
     Messages:  created: 13032   present: 7609   in FES: 5355
** Event #43264   t=3450   Elapsed: 105.715s (1m 45s)
     Speed:     ev/sec=807.277   simsec/sec=23.1656   ev/simsec=34.8482
     Messages:  created: 14076   present: 7606   in FES: 5344
** Event #45824   t=3506   Elapsed: 117.830s (1m 57s)
     Speed:     ev/sec=211.308   simsec/sec=4.62237   ev/simsec=45.7143
     Messages:  created: 14474   present: 7606   in FES: 5341
** Event #54784   t=3740   Elapsed: 130.250s (2m 10s)
     Speed:     ev/sec=721.475   simsec/sec=18.8421   ev/simsec=38.2906
     Messages:  created: 15802   present: 7601   in FES: 5337
** Event #57600   t=3795   Elapsed: 153.082s (2m 33s)
     Speed:     ev/sec=123.336   simsec/sec=2.4089   ev/simsec=51.2
     Messages:  created: 16239   present: 7602   in FES: 5341
** Event #57856   t=3797   Elapsed: 171.241s (2m 51s)
     Speed:     ev/sec=14.0985   simsec/sec=0.110144   ev/simsec=128
     Messages:  created: 16283   present: 7607   in FES: 5370
** Event #67840   t=3899   Elapsed: 173.264s (2m 53s)
     Speed:     ev/sec=4935.24   simsec/sec=50.4202   ev/simsec=97.8824
     Messages:  created: 17810   present: 7502   in FES: 5361
** Event #74240   t=3962   Elapsed: 204.914s (3m 24s)
     Speed:     ev/sec=202.218   simsec/sec=1.99058   ev/simsec=101.587
     Messages:  created: 18801   present: 7452   in FES: 5356
** Event #82432   t=4046   Elapsed: 206.963s (3m 26s)
     Speed:     ev/sec=4000   simsec/sec=41.0156   ev/simsec=97.5238
     Messages:  created: 20134   present: 7440   in FES: 5328
** Event #90624   t=4143   Elapsed: 230.608s (3m 50s)
     Speed:     ev/sec=346.458   simsec/sec=4.10235   ev/simsec=84.4536
     Messages:  created: 21408   present: 7437   in FES: 5331
** Event #97024   t=4248   Elapsed: 251.304s (4m 11s)
     Speed:     ev/sec=309.253   simsec/sec=5.07369   ev/simsec=60.9524
     Messages:  created: 22431   present: 7425   in FES: 5323
** Event #97280   t=4252   Elapsed: 270.507s (4m 30s)
     Speed:     ev/sec=13.3313   simsec/sec=0.208301   ev/simsec=64
     Messages:  created: 22471   present: 7418   in FES: 5323
** Event #100864   t=4306   Elapsed: 290.213s (4m 50s)
     Speed:     ev/sec=181.874   simsec/sec=2.74028   ev/simsec=66.3704
     Messages:  created: 23020   present: 7360   in FES: 5317
** Event #105216   t=4369   Elapsed: 302.795s (5m 02s)
     Speed:     ev/sec=345.918   simsec/sec=5.00755   ev/simsec=69.0794
     Messages:  created: 23702   present: 7288   in FES: 5294
** Event #109056   t=4435   Elapsed: 315.180s (5m 15s)
     Speed:     ev/sec=310.052   simsec/sec=5.32903   ev/simsec=58.1818
     Messages:  created: 24301   present: 7221   in FES: 5301
** Event #115200   t=4541   Elapsed: 339.553s (5m 39s)
     Speed:     ev/sec=252.093   simsec/sec=4.34925   ev/simsec=57.9623
     Messages:  created: 25255   present: 7105   in FES: 5287
** Event #118272   t=4594   Elapsed: 344.042s (5m 44s)
     Speed:     ev/sec=684.339   simsec/sec=11.8066   ev/simsec=57.9623
     Messages:  created: 25734   present: 7046   in FES: 5279
** Event #118784   t=4604   Elapsed: 347.345s (5m 47s)
     Speed:     ev/sec=155.011   simsec/sec=3.02755   ev/simsec=51.2
     Messages:  created: 25808   present: 7033   in FES: 5269
** Event #121088   t=4658   Elapsed: 356.366s (5m 56s)
     Speed:     ev/sec=255.404   simsec/sec=5.98603   ev/simsec=42.6667
     Messages:  created: 26130   present: 6975   in FES: 5262
** Event #123392   t=4710   Elapsed: 365.349s (6m 05s)
     Speed:     ev/sec=256.513   simsec/sec=5.78936   ev/simsec=44.3077
     Messages:  created: 26447   present: 6917   in FES: 5264
** Event #124160   t=4727   Elapsed: 374.168s (6m 14s)
     Speed:     ev/sec=87.0847   simsec/sec=1.92766   ev/simsec=45.1765
     Messages:  created: 26552   present: 6898   in FES: 5266
** Event #127232   t=4796   Elapsed: 383.167s (6m 23s)
     Speed:     ev/sec=341.409   simsec/sec=7.66837   ev/simsec=44.5217
     Messages:  created: 26964   present: 6822   in FES: 5255
** Event #128768   t=4830   Elapsed: 391.988s (6m 31s)
     Speed:     ev/sec=174.13   simsec/sec=3.85444   ev/simsec=45.1765
     Messages:  created: 27170   present: 6786   in FES: 5258
** Event #129024   t=4836   Elapsed: 400.653s (6m 40s)
     Speed:     ev/sec=29.5441   simsec/sec=0.692441   ev/simsec=42.6667
     Messages:  created: 27204   present: 6773   in FES: 5242
** Event #133632   t=4952   Elapsed: 404.165s (6m 44s)
     Speed:     ev/sec=1312.45   simsec/sec=33.039   ev/simsec=39.7241
     Messages:  created: 27827   present: 6648   in FES: 5237
** Event #135424   t=4999   Elapsed: 407.461s (6m 47s)
     Speed:     ev/sec=543.689   simsec/sec=14.2597   ev/simsec=38.1277
     Messages:  created: 28064   present: 6597   in FES: 5232
** Event #135936   t=5013   Elapsed: 410.663s (6m 50s)
     Speed:     ev/sec=159.9   simsec/sec=4.37227   ev/simsec=36.5714
     Messages:  created: 28131   present: 6577   in FES: 5231
** Event #138752   t=5085   Elapsed: 413.984s (6m 53s)
     Speed:     ev/sec=848.193   simsec/sec=21.6867   ev/simsec=39.1111
     Messages:  created: 28496   present: 6503   in FES: 5227
** Event #140032   t=5118   Elapsed: 417.207s (6m 57s)
     Speed:     ev/sec=397.146   simsec/sec=10.2389   ev/simsec=38.7879
     Messages:  created: 28661   present: 6466   in FES: 5231
** Event #140288   t=5125   Elapsed: 420.350s (7m 00s)
     Speed:     ev/sec=81.4508   simsec/sec=2.22717   ev/simsec=36.5714
     Messages:  created: 28694   present: 6454   in FES: 5225
** Event #148480   t=7796   Elapsed: 434.561s (7m 14s)
     Speed:     ev/sec=576.495   simsec/sec=187.966   ev/simsec=3.06702
     Messages:  created: 29894   present: 5956   in FES: 5062
** Event #151552   t=7845   Elapsed: 458.861s (7m 38s)
     Speed:     ev/sec=126.425   simsec/sec=2.01654   ev/simsec=62.6939
     Messages:  created: 30346   present: 5908   in FES: 5070
** Event #163072   t=8034   Elapsed: 461.486s (7m 41s)
     Speed:     ev/sec=4388.57   simsec/sec=72   ev/simsec=60.9524
     Messages:  created: 32049   present: 5719   in FES: 5034
** Event #163584   t=8091   Elapsed: 463.596s (7m 43s)
     Speed:     ev/sec=242.654   simsec/sec=27.0142   ev/simsec=8.98246
     Messages:  created: 32126   present: 5715   in FES: 5032
** Event #164608   t=8146   Elapsed: 466.455s (7m 46s)
     Speed:     ev/sec=358.293   simsec/sec=19.2442   ev/simsec=18.6182
     Messages:  created: 32287   present: 5712   in FES: 5031
** Event #166912   t=8316   Elapsed: 486.773s (8m 06s)
     Speed:     ev/sec=113.397   simsec/sec=8.36697   ev/simsec=13.5529
     Messages:  created: 32645   present: 5702   in FES: 5049
** Event #171008   t=8373   Elapsed: 491.492s (8m 11s)
     Speed:     ev/sec=867.981   simsec/sec=12.0788   ev/simsec=71.8596
     Messages:  created: 33270   present: 5639   in FES: 5033
** Event #176128   t=8433   Elapsed: 498.436s (8m 18s)
     Speed:     ev/sec=737.433   simsec/sec=8.6418   ev/simsec=85.3333
     Messages:  created: 34062   present: 5584   in FES: 5038
** Event #179456   t=8475   Elapsed: 510.404s (8m 30s)
     Speed:     ev/sec=278.075   simsec/sec=3.50936   ev/simsec=79.2381
     Messages:  created: 34574   present: 5530   in FES: 5016
** Event #186112   t=9011   Elapsed: 531.932s (8m 51s)
     Speed:     ev/sec=309.193   simsec/sec=24.899   ev/simsec=12.4179
     Messages:  created: 35618   present: 5516   in FES: 4998
** Event #200192   t=9254   Elapsed: 533.967s (8m 53s)
     Speed:     ev/sec=6918.92   simsec/sec=119.41   ev/simsec=57.9424
     Messages:  created: 37838   present: 5274   in FES: 5002
** Event #206592   t=9360   Elapsed: 548.645s (9m 08s)
     Speed:     ev/sec=436.027   simsec/sec=7.22169   ev/simsec=60.3774
     Messages:  created: 38795   present: 5157   in FES: 4988
** Event #212992   t=9466   Elapsed: 557.967s (9m 17s)
     Speed:     ev/sec=686.548   simsec/sec=11.371   ev/simsec=60.3774
     Messages:  created: 39739   present: 5045   in FES: 4976
** Event #213248   t=9471   Elapsed: 566.359s (9m 26s)
     Speed:     ev/sec=30.5052   simsec/sec=0.595806   ev/simsec=51.2
     Messages:  created: 39782   present: 5041   in FES: 4987
** Event #221229   t=86400   Elapsed: 566.749s (9m 26s)
     Speed:     ev/sec=20514.1   simsec/sec=197761   ev/simsec=0.103732
     Messages:  created: 42317   present: 0   in FES: 0

<!> No more events, simulation completed -- at t=86400s, event #221229
