** Event #0   t=0   Elapsed: 0.000s (0m 00s)
     Speed:     ev/sec=0   simsec/sec=0   ev/simsec=0
     Messages:  created: 5587   present: 5587   in FES: 5587
** Event #3584   t=0   Elapsed: 2.136s (0m 02s)
     Speed:     ev/sec=1678.37   simsec/sec=0   ev/simsec=0
     Messages:  created: 7741   present: 7686   in FES: 6255
** Event #4608   t=2578   Elapsed: 17.160s (0m 17s)
     Speed:     ev/sec=68.1576   simsec/sec=171.592   ev/simsec=0.397207
     Messages:  created: 7830   present: 7531   in FES: 5388
** Event #7936   t=2631   Elapsed: 42.883s (0m 42s)
     Speed:     ev/sec=129.383   simsec/sec=2.06049   ev/simsec=62.7925
     Messages:  created: 8322   present: 7482   in FES: 5406
** Event #18432   t=2788   Elapsed: 44.906s (0m 44s)
     Speed:     ev/sec=5190.9   simsec/sec=77.6459   ev/simsec=66.8535
     Messages:  created: 9892   present: 7311   in FES: 5393
** Event #19712   t=2874   Elapsed: 47.979s (0m 47s)
     Speed:     ev/sec=416.531   simsec/sec=27.9857   ev/simsec=14.8837
     Messages:  created: 10079   present: 7288   in FES: 5366
** Event #20736   t=2929   Elapsed: 50.994s (0m 50s)
     Speed:     ev/sec=339.748   simsec/sec=18.2482   ev/simsec=18.6182
     Messages:  created: 10239   present: 7282   in FES: 5358
** Event #23040   t=3101   Elapsed: 72.241s (1m 12s)
     Speed:     ev/sec=108.439   simsec/sec=8.09526   ev/simsec=13.3953
     Messages:  created: 10595   present: 7274   in FES: 5363
** Event #27136   t=3157   Elapsed: 77.206s (1m 17s)
     Speed:     ev/sec=824.975   simsec/sec=11.279   ev/simsec=73.1429
     Messages:  created: 11226   present: 7228   in FES: 5387
** Event #32256   t=3218   Elapsed: 84.505s (1m 24s)
     Speed:     ev/sec=701.562   simsec/sec=8.35845   ev/simsec=83.9344
     Messages:  created: 12016   present: 7159   in FES: 5375
** Event #35584   t=3258   Elapsed: 97.076s (1m 37s)
     Speed:     ev/sec=264.736   simsec/sec=3.18193   ev/simsec=83.2
     Messages:  created: 12527   present: 7110   in FES: 5349
** Event #42240   t=3449   Elapsed: 105.301s (1m 45s)
     Speed:     ev/sec=809.24   simsec/sec=23.2219   ev/simsec=34.8482
     Messages:  created: 13574   present: 7111   in FES: 5357
** Event #45056   t=3512   Elapsed: 117.449s (1m 57s)
     Speed:     ev/sec=231.827   simsec/sec=5.18647   ev/simsec=44.6984
     Messages:  created: 14010   present: 7106   in FES: 5349
** Event #53760   t=3739   Elapsed: 129.825s (2m 09s)
     Speed:     ev/sec=703.297   simsec/sec=18.342   ev/simsec=38.3436
     Messages:  created: 15301   present: 7108   in FES: 5353
** Event #56576   t=3794   Elapsed: 152.736s (2m 32s)
     Speed:     ev/sec=122.91   simsec/sec=2.40059   ev/simsec=51.2
     Messages:  created: 15737   present: 7114   in FES: 5353
** Event #56832   t=3797   Elapsed: 170.847s (2m 50s)
     Speed:     ev/sec=14.1358   simsec/sec=0.165654   ev/simsec=85.3333
     Messages:  created: 15777   present: 7101   in FES: 5355
** Event #66816   t=3899   Elapsed: 172.863s (2m 52s)
     Speed:     ev/sec=4954.84   simsec/sec=50.6203   ev/simsec=97.8824
     Messages:  created: 17304   present: 6996   in FES: 5349
** Event #73216   t=3962   Elapsed: 199.842s (3m 19s)
     Speed:     ev/sec=237.23   simsec/sec=2.33524   ev/simsec=101.587
     Messages:  created: 18296   present: 6947   in FES: 5349
** Event #73472   t=3965   Elapsed: 204.469s (3m 24s)
     Speed:     ev/sec=55.3274   simsec/sec=0.648368   ev/simsec=85.3333
     Messages:  created: 18338   present: 6942   in FES: 5340
** Event #81664   t=4048   Elapsed: 206.522s (3m 26s)
     Speed:     ev/sec=3990.26   simsec/sec=40.4286   ev/simsec=98.6988
     Messages:  created: 19673   present: 6941   in FES: 5341
** Event #89600   t=4143   Elapsed: 225.847s (3m 45s)
     Speed:     ev/sec=410.681   simsec/sec=4.91617   ev/simsec=83.5368
     Messages:  created: 20903   present: 6932   in FES: 5328
** Event #89856   t=4147   Elapsed: 230.177s (3m 50s)
     Speed:     ev/sec=59.1361   simsec/sec=0.924001   ev/simsec=64
     Messages:  created: 20944   present: 6932   in FES: 5325
** Event #96000   t=4248   Elapsed: 250.834s (4m 10s)
     Speed:     ev/sec=297.429   simsec/sec=4.88938   ev/simsec=60.8317
     Messages:  created: 21926   present: 6921   in FES: 5310
** Event #96256   t=4252   Elapsed: 270.121s (4m 30s)
     Speed:     ev/sec=13.2739   simsec/sec=0.207404   ev/simsec=64
     Messages:  created: 21965   present: 6912   in FES: 5307
** Event #99840   t=4306   Elapsed: 289.867s (4m 49s)
     Speed:     ev/sec=181.514   simsec/sec=2.73487   ev/simsec=66.3704
     Messages:  created: 22514   present: 6855   in FES: 5302
** Event #104192   t=4369   Elapsed: 302.461s (5m 02s)
     Speed:     ev/sec=345.561   simsec/sec=5.00238   ev/simsec=69.0794
     Messages:  created: 23197   present: 6790   in FES: 5291
** Event #108032   t=4435   Elapsed: 314.760s (5m 14s)
     Speed:     ev/sec=312.246   simsec/sec=5.36673   ev/simsec=58.1818
     Messages:  created: 23795   present: 6715   in FES: 5286
** Event #114176   t=4541   Elapsed: 327.290s (5m 27s)
     Speed:     ev/sec=490.382   simsec/sec=8.46037   ev/simsec=57.9623
     Messages:  created: 24749   present: 6602   in FES: 5277
** Event #114432   t=4545   Elapsed: 339.086s (5m 39s)
     Speed:     ev/sec=21.7041   simsec/sec=0.339127   ev/simsec=64
     Messages:  created: 24793   present: 6601   in FES: 5286
** Event #117248   t=4593   Elapsed: 343.545s (5m 43s)
     Speed:     ev/sec=631.532   simsec/sec=10.7647   ev/simsec=58.6667
     Messages:  created: 25230   present: 6551   in FES: 5279
** Event #117760   t=4604   Elapsed: 346.846s (5m 46s)
     Speed:     ev/sec=155.152   simsec/sec=3.33333   ev/simsec=46.5455
     Messages:  created: 25305   present: 6531   in FES: 5272
** Event #120064   t=4657   Elapsed: 355.856s (5m 55s)
     Speed:     ev/sec=255.744   simsec/sec=5.88301   ev/simsec=43.4717
     Messages:  created: 25628   present: 6475   in FES: 5269
** Event #122368   t=4709   Elapsed: 364.816s (6m 04s)
     Speed:     ev/sec=257.143   simsec/sec=5.80357   ev/simsec=44.3077
     Messages:  created: 25944   present: 6420   in FES: 5266
** Event #123136   t=4727   Elapsed: 373.613s (6m 13s)
     Speed:     ev/sec=87.3025   simsec/sec=2.04615   ev/simsec=42.6667
     Messages:  created: 26048   present: 6395   in FES: 5258
** Event #126208   t=4795   Elapsed: 382.677s (6m 22s)
     Speed:     ev/sec=338.961   simsec/sec=7.50303   ev/simsec=45.1765
     Messages:  created: 26462   present: 6326   in FES: 5264
** Event #127744   t=4829   Elapsed: 391.515s (6m 31s)
     Speed:     ev/sec=173.815   simsec/sec=3.84746   ev/simsec=45.1765
     Messages:  created: 26666   present: 6288   in FES: 5255
** Event #128000   t=4835   Elapsed: 400.216s (6m 40s)
     Speed:     ev/sec=29.4219   simsec/sec=0.689576   ev/simsec=42.6667
     Messages:  created: 26703   present: 6278   in FES: 5260
** Event #132608   t=4952   Elapsed: 403.725s (6m 43s)
     Speed:     ev/sec=1313.57   simsec/sec=33.3523   ev/simsec=39.3846
     Messages:  created: 27323   present: 6145   in FES: 5233
** Event #134400   t=4999   Elapsed: 407.025s (6m 47s)
     Speed:     ev/sec=543.03   simsec/sec=14.2424   ev/simsec=38.1277
     Messages:  created: 27561   present: 6095   in FES: 5231
** Event #134912   t=5012   Elapsed: 410.234s (6m 50s)
     Speed:     ev/sec=159.551   simsec/sec=4.05111   ev/simsec=39.3846
     Messages:  created: 27629   present: 6080   in FES: 5238
** Event #137728   t=5085   Elapsed: 413.563s (6m 53s)
     Speed:     ev/sec=846.154   simsec/sec=21.9351   ev/simsec=38.5753
     Messages:  created: 27993   present: 6001   in FES: 5226
** Event #139008   t=5118   Elapsed: 416.789s (6m 56s)
     Speed:     ev/sec=396.899   simsec/sec=10.2326   ev/simsec=38.7879
     Messages:  created: 28156   present: 5963   in FES: 5217
** Event #139264   t=5124   Elapsed: 419.946s (6m 59s)
     Speed:     ev/sec=81.0896   simsec/sec=1.90054   ev/simsec=42.6667
     Messages:  created: 28191   present: 5956   in FES: 5227
** Event #147456   t=7795   Elapsed: 434.163s (7m 14s)
     Speed:     ev/sec=576.252   simsec/sec=187.887   ev/simsec=3.06702
     Messages:  created: 29390   present: 5461   in FES: 5063
** Event #150528   t=7845   Elapsed: 458.467s (7m 38s)
     Speed:     ev/sec=126.399   simsec/sec=2.05727   ev/simsec=61.44
     Messages:  created: 29842   present: 5405   in FES: 5061
** Event #162048   t=8031   Elapsed: 461.094s (7m 41s)
     Speed:     ev/sec=4386.9   simsec/sec=70.8302   ev/simsec=61.9355
     Messages:  created: 31545   present: 5218   in FES: 5032
** Event #162560   t=8094   Elapsed: 463.201s (7m 43s)
     Speed:     ev/sec=243.115   simsec/sec=29.9145   ev/simsec=8.12698
     Messages:  created: 31621   present: 5215   in FES: 5030
** Event #163072   t=8318   Elapsed: 483.352s (8m 03s)
     Speed:     ev/sec=25.4094   simsec/sec=11.1166   ev/simsec=2.28571
     Messages:  created: 31696   present: 5194   in FES: 5027
** Event #178219   t=86400   Elapsed: 484.777s (8m 04s)
     Speed:     ev/sec=10636.2   simsec/sec=54832.9   ev/simsec=0.193976
     Messages:  created: 35342   present: 0   in FES: 0

<!> No more events, simulation completed -- at t=86400s, event #178219
