** Event #0   t=0   Elapsed: 2.1e-05s (0m 00s)
     Speed:     ev/sec=0   simsec/sec=0   ev/simsec=0
     Messages:  created: 26608   present: 26608   in FES: 26608
** Event #619008   t=241610   Elapsed: 2.89823s (0m 02s)
     Speed:     ev/sec=213583   simsec/sec=83365   ev/simsec=2.56202
     Messages:  created: 112477   present: 3038   in FES: 1820
** Event #619264   t=242890   Elapsed: 8.47565s (0m 08s)
     Speed:     ev/sec=45.8993   simsec/sec=229.497   ev/simsec=0.2
     Messages:  created: 112605   present: 2910   in FES: 1692
** Event #619520   t=244160   Elapsed: 14.0814s (0m 14s)
     Speed:     ev/sec=45.6673   simsec/sec=226.552   ev/simsec=0.201575
     Messages:  created: 112732   present: 2779   in FES: 1563
** Event #619776   t=244793.666666666664   Elapsed: 17.0009s (0m 17s)
     Speed:     ev/sec=87.6858   simsec/sec=217.045   ev/simsec=0.403998
     Messages:  created: 112815   present: 2709   in FES: 1505
** Event #644352   t=254226.133333333374   Elapsed: 19.0263s (0m 19s)
     Speed:     ev/sec=12133.8   simsec/sec=4657.06   ev/simsec=2.60547
     Messages:  created: 116423   present: 759   in FES: 546
** Event #646668   t=259200   Elapsed: 19.1563s (0m 19s)
     Speed:     ev/sec=17818.9   simsec/sec=38284.7   ev/simsec=0.465433
     Messages:  created: 117121   present: 0   in FES: 0

<!> No more events, simulation completed -- at t=259200s, event #646668
