** Event #0   t=0   Elapsed: 3e-05s (0m 00s)
     Speed:     ev/sec=0   simsec/sec=0   ev/simsec=0
     Messages:  created: 62096   present: 62096   in FES: 62096
** Event #940288   t=366590   Elapsed: 2.00083s (0m 02s)
     Speed:     ev/sec=469952   simsec/sec=183220   ev/simsec=2.56496
     Messages:  created: 193712   present: 26086   in FES: 24472
** Event #1528832   t=577704.000000000124   Elapsed: 7.0494s (0m 07s)
     Speed:     ev/sec=116576   simsec/sec=41816.6   ev/simsec=2.7878
     Messages:  created: 274932   present: 3204   in FES: 2785
** Event #1529088   t=577754.666666666797   Elapsed: 11.5321s (0m 11s)
     Speed:     ev/sec=57.1086   simsec/sec=11.3027   ev/simsec=5.05263
     Messages:  created: 274958   present: 3181   in FES: 2778
** Event #1529344   t=577802.666666666803   Elapsed: 16.3044s (0m 16s)
     Speed:     ev/sec=53.6425   simsec/sec=10.058   ev/simsec=5.33333
     Messages:  created: 274981   present: 3157   in FES: 2776
** Event #1529600   t=577853.333333333476   Elapsed: 20.8292s (0m 20s)
     Speed:     ev/sec=56.578   simsec/sec=11.1977   ev/simsec=5.05263
     Messages:  created: 275005   present: 3134   in FES: 2768
** Event #1529856   t=577901.333333333482   Elapsed: 25.386s (0m 25s)
     Speed:     ev/sec=56.1791   simsec/sec=10.5336   ev/simsec=5.33333
     Messages:  created: 275028   present: 3110   in FES: 2765
** Event #1530112   t=577952.000000000155   Elapsed: 29.7868s (0m 29s)
     Speed:     ev/sec=58.1715   simsec/sec=11.5131   ev/simsec=5.05263
     Messages:  created: 275052   present: 3087   in FES: 2758
** Event #1530368   t=578000.000000000161   Elapsed: 34.4682s (0m 34s)
     Speed:     ev/sec=54.6847   simsec/sec=10.2534   ev/simsec=5.33333
     Messages:  created: 275075   present: 3063   in FES: 2754
** Event #1530624   t=578050.666666666834   Elapsed: 39.5749s (0m 39s)
     Speed:     ev/sec=50.1301   simsec/sec=9.92158   ev/simsec=5.05263
     Messages:  created: 275099   present: 3039   in FES: 2755
** Event #1530880   t=578098.66666666684   Elapsed: 44.3609s (0m 44s)
     Speed:     ev/sec=53.4895   simsec/sec=10.0293   ev/simsec=5.33333
     Messages:  created: 275121   present: 3013   in FES: 2741
** Event #1531136   t=578149.333333333513   Elapsed: 49.2284s (0m 49s)
     Speed:     ev/sec=52.5937   simsec/sec=10.4092   ev/simsec=5.05263
     Messages:  created: 275145   present: 2989   in FES: 2742
** Event #1531392   t=578200   Elapsed: 54.0883s (0m 54s)
     Speed:     ev/sec=52.6753   simsec/sec=10.4253   ev/simsec=5.05263
     Messages:  created: 275169   present: 2966   in FES: 2731
** Event #1531648   t=578248.000000000192   Elapsed: 59.1119s (0m 59s)
     Speed:     ev/sec=50.9599   simsec/sec=9.55497   ev/simsec=5.33333
     Messages:  created: 275192   present: 2942   in FES: 2731
** Event #1531904   t=578298.666666666865   Elapsed: 63.906s (1m 03s)
     Speed:     ev/sec=53.3994   simsec/sec=10.5686   ev/simsec=5.05263
     Messages:  created: 275216   present: 2919   in FES: 2722
** Event #1532160   t=578346.666666666871   Elapsed: 68.8709s (1m 08s)
     Speed:     ev/sec=51.5621   simsec/sec=9.66789   ev/simsec=5.33333
     Messages:  created: 275239   present: 2895   in FES: 2720
** Event #1532416   t=578397.333333333544   Elapsed: 73.5516s (1m 13s)
     Speed:     ev/sec=54.6918   simsec/sec=10.8244   ev/simsec=5.05263
     Messages:  created: 275263   present: 2872   in FES: 2712
** Event #1532672   t=578445.33333333355   Elapsed: 78.5431s (1m 18s)
     Speed:     ev/sec=51.2874   simsec/sec=9.61638   ev/simsec=5.33333
     Messages:  created: 275286   present: 2848   in FES: 2709
** Event #1532928   t=578496.000000000223   Elapsed: 83.2266s (1m 23s)
     Speed:     ev/sec=54.6606   simsec/sec=10.8182   ev/simsec=5.05263
     Messages:  created: 275310   present: 2825   in FES: 2702
** Event #1533184   t=578544.000000000229   Elapsed: 88.2147s (1m 28s)
     Speed:     ev/sec=51.3214   simsec/sec=9.62276   ev/simsec=5.33333
     Messages:  created: 275333   present: 2801   in FES: 2698
** Event #1533440   t=578594.666666666902   Elapsed: 93.2232s (1m 33s)
     Speed:     ev/sec=51.1131   simsec/sec=10.1161   ev/simsec=5.05263
     Messages:  created: 275357   present: 2777   in FES: 2699
** Event #1533696   t=578850   Elapsed: 96.6942s (1m 36s)
     Speed:     ev/sec=73.7536   simsec/sec=73.5615   ev/simsec=1.00261
     Messages:  created: 275396   present: 2737   in FES: 2664
** Event #1570692   t=604800   Elapsed: 96.7735s (1m 36s)
     Speed:     ev/sec=466808   simsec/sec=327441   ev/simsec=1.42563
     Messages:  created: 280884   present: 31   in FES: 0

<!> No more events, simulation completed -- at t=604800s, event #1570692
undisposed object: (BundlePacket) RegionsNetwork.regionNode[1].dtn.Src:A3,Dst:A7,ID:249086 -- check module destructor
undisposed object: (BundlePacket) RegionsNetwork.regionNode[1].dtn.Src:A3,Dst:A7,ID:249090 -- check module destructor
undisposed object: (BundlePacket) RegionsNetwork.regionNode[1].dtn.Src:A3,Dst:A7,ID:249089 -- check module destructor
undisposed object: (BundlePacket) RegionsNetwork.regionNode[1].dtn.Src:A3,Dst:A7,ID:249074 -- check module destructor
undisposed object: (BundlePacket) RegionsNetwork.regionNode[1].dtn.Src:A3,Dst:A7,ID:249069 -- check module destructor
undisposed object: (BundlePacket) RegionsNetwork.regionNode[1].dtn.Src:A3,Dst:A7,ID:249075 -- check module destructor
undisposed object: (BundlePacket) RegionsNetwork.regionNode[1].dtn.Src:A3,Dst:A7,ID:249097 -- check module destructor
undisposed object: (BundlePacket) RegionsNetwork.regionNode[1].dtn.Src:A3,Dst:A7,ID:249080 -- check module destructor
undisposed object: (BundlePacket) RegionsNetwork.regionNode[1].dtn.Src:A3,Dst:A7,ID:249078 -- check module destructor
undisposed object: (BundlePacket) RegionsNetwork.regionNode[1].dtn.Src:A3,Dst:A7,ID:249098 -- check module destructor
undisposed object: (BundlePacket) RegionsNetwork.regionNode[1].dtn.Src:A3,Dst:A7,ID:249071 -- check module destructor
undisposed object: (BundlePacket) RegionsNetwork.regionNode[1].dtn.Src:A3,Dst:A7,ID:249096 -- check module destructor
undisposed object: (BundlePacket) RegionsNetwork.regionNode[1].dtn.Src:A3,Dst:A7,ID:249076 -- check module destructor
undisposed object: (BundlePacket) RegionsNetwork.regionNode[1].dtn.Src:A3,Dst:A7,ID:249070 -- check module destructor
undisposed object: (BundlePacket) RegionsNetwork.regionNode[1].dtn.Src:A3,Dst:A7,ID:249087 -- check module destructor
undisposed object: (BundlePacket) RegionsNetwork.regionNode[1].dtn.Src:A3,Dst:A7,ID:249092 -- check module destructor
undisposed object: (BundlePacket) RegionsNetwork.regionNode[1].dtn.Src:A3,Dst:A7,ID:249093 -- check module destructor
undisposed object: (BundlePacket) RegionsNetwork.regionNode[1].dtn.Src:A3,Dst:A7,ID:249085 -- check module destructor
undisposed object: (BundlePacket) RegionsNetwork.regionNode[1].dtn.Src:A3,Dst:A7,ID:249077 -- check module destructor
undisposed object: (BundlePacket) RegionsNetwork.regionNode[1].dtn.Src:A3,Dst:A7,ID:249095 -- check module destructor
undisposed object: (BundlePacket) RegionsNetwork.regionNode[1].dtn.Src:A3,Dst:A7,ID:249081 -- check module destructor
undisposed object: (BundlePacket) RegionsNetwork.regionNode[1].dtn.Src:A3,Dst:A7,ID:249094 -- check module destructor
undisposed object: (BundlePacket) RegionsNetwork.regionNode[1].dtn.Src:A3,Dst:A7,ID:249068 -- check module destructor
undisposed object: (BundlePacket) RegionsNetwork.regionNode[1].dtn.Src:A3,Dst:A7,ID:249088 -- check module destructor
undisposed object: (BundlePacket) RegionsNetwork.regionNode[1].dtn.Src:A3,Dst:A7,ID:249091 -- check module destructor
undisposed object: (BundlePacket) RegionsNetwork.regionNode[1].dtn.Src:A3,Dst:A7,ID:249079 -- check module destructor
undisposed object: (BundlePacket) RegionsNetwork.regionNode[1].dtn.Src:A3,Dst:A7,ID:249083 -- check module destructor
undisposed object: (BundlePacket) RegionsNetwork.regionNode[1].dtn.Src:A3,Dst:A7,ID:249072 -- check module destructor
undisposed object: (BundlePacket) RegionsNetwork.regionNode[1].dtn.Src:A3,Dst:A7,ID:249073 -- check module destructor
undisposed object: (BundlePacket) RegionsNetwork.regionNode[1].dtn.Src:A3,Dst:A7,ID:249084 -- check module destructor
undisposed object: (BundlePacket) RegionsNetwork.regionNode[1].dtn.Src:A3,Dst:A7,ID:249082 -- check module destructor
