** Event #0   t=0   Elapsed: 4.8e-05s (0m 00s)
     Speed:     ev/sec=0   simsec/sec=0   ev/simsec=0
     Messages:  created: 64988   present: 64988   in FES: 64988
** Event #198656   t=79200   Elapsed: 2.00362s (0m 02s)
     Speed:     ev/sec=99150.2   simsec/sec=39528.9   ev/simsec=2.5083
     Messages:  created: 91459   present: 57310   in FES: 56376
** Event #326912   t=130977.66666666676   Elapsed: 4.0044s (0m 04s)
     Speed:     ev/sec=64103   simsec/sec=25878.8   ev/simsec=2.47705
     Messages:  created: 107871   present: 52024   in FES: 50682
** Event #504832   t=195647.999999999922   Elapsed: 6.0057s (0m 06s)
     Speed:     ev/sec=88901.9   simsec/sec=32314   ev/simsec=2.75118
     Messages:  created: 130172   present: 44494   in FES: 43702
** Event #634368   t=252026.666666666665   Elapsed: 8.01962s (0m 08s)
     Speed:     ev/sec=64320.3   simsec/sec=27994.5   ev/simsec=2.29761
     Messages:  created: 146793   present: 40228   in FES: 37646
** Event #773120   t=302401   Elapsed: 10.0257s (0m 10s)
     Speed:     ev/sec=69166.2   simsec/sec=25111   ev/simsec=2.75442
     Messages:  created: 164496   present: 34538   in FES: 32267
** Event #925184   t=353791.999999999938   Elapsed: 12.0264s (0m 12s)
     Speed:     ev/sec=76004.6   simsec/sec=25686.2   ev/simsec=2.95896
     Messages:  created: 183509   present: 27898   in FES: 26719
** Event #980480   t=382351.999999999953   Elapsed: 14.0951s (0m 14s)
     Speed:     ev/sec=26730.6   simsec/sec=13806.2   ev/simsec=1.93613
     Messages:  created: 191312   present: 24792   in FES: 23659
** Event #1008128   t=390102.133333333252   Elapsed: 16.0955s (0m 16s)
     Speed:     ev/sec=13820.8   simsec/sec=3874.18   ev/simsec=3.56742
     Messages:  created: 194401   present: 24318   in FES: 22832
** Event #1012736   t=392401   Elapsed: 20.0921s (0m 20s)
     Speed:     ev/sec=1152.98   simsec/sec=575.208   ev/simsec=2.00447
     Messages:  created: 195070   present: 24304   in FES: 22573
** Event #1012992   t=393985   Elapsed: 24.1825s (0m 24s)
     Speed:     ev/sec=62.5862   simsec/sec=387.252   ev/simsec=0.161616
     Messages:  created: 195140   present: 24310   in FES: 22450
** Event #1020160   t=397300.8   Elapsed: 26.8566s (0m 26s)
     Speed:     ev/sec=2680.5   simsec/sec=1239.96   ev/simsec=2.16177
     Messages:  created: 196118   present: 23994   in FES: 22065
** Event #1177600   t=399600   Elapsed: 28.8631s (0m 28s)
     Speed:     ev/sec=78464.3   simsec/sec=1145.87   ev/simsec=68.476
     Messages:  created: 207964   present: 22847   in FES: 21806
** Event #1343488   t=402537.6   Elapsed: 30.8645s (0m 30s)
     Speed:     ev/sec=82888.1   simsec/sec=1467.81   ev/simsec=56.4706
     Messages:  created: 219471   present: 22475   in FES: 21671
** Event #1468672   t=404642.4   Elapsed: 32.8671s (0m 32s)
     Speed:     ev/sec=62508.2   simsec/sec=1050.99   ev/simsec=59.4755
     Messages:  created: 227999   present: 22476   in FES: 21317
** Event #1597696   t=406812   Elapsed: 34.8683s (0m 34s)
     Speed:     ev/sec=64476   simsec/sec=1084.19   ev/simsec=59.469
     Messages:  created: 236600   present: 22471   in FES: 20932
** Event #1741312   t=409001.6   Elapsed: 36.8697s (0m 36s)
     Speed:     ev/sec=71756.1   simsec/sec=1094.01   ev/simsec=65.5901
     Messages:  created: 245523   present: 22111   in FES: 20929
** Event #1882368   t=411298.4   Elapsed: 38.8724s (0m 38s)
     Speed:     ev/sec=70434.4   simsec/sec=1146.88   ev/simsec=61.4141
     Messages:  created: 254856   present: 21747   in FES: 20577
** Event #2045440   t=414000   Elapsed: 41.4898s (0m 41s)
     Speed:     ev/sec=62301.8   simsec/sec=1032.15   ev/simsec=60.3613
     Messages:  created: 265218   present: 21747   in FES: 20406
** Event #2179840   t=416168   Elapsed: 43.4912s (0m 43s)
     Speed:     ev/sec=67153   simsec/sec=1083.24   ev/simsec=61.9926
     Messages:  created: 273481   present: 21735   in FES: 20225
** Event #2347264   t=418964   Elapsed: 45.4937s (0m 45s)
     Speed:     ev/sec=83606.1   simsec/sec=1396.23   ev/simsec=59.8798
     Messages:  created: 284838   present: 21476   in FES: 19846
** Event #2392320   t=419724.8   Elapsed: 47.7663s (0m 47s)
     Speed:     ev/sec=19826.3   simsec/sec=334.781   ev/simsec=59.2219
     Messages:  created: 287902   present: 21367   in FES: 19850
** Event #2407168   t=419903.2   Elapsed: 49.7817s (0m 49s)
     Speed:     ev/sec=7367.1   simsec/sec=88.5163   ev/simsec=83.2287
     Messages:  created: 288895   present: 21368   in FES: 19837
** Event #2411264   t=419940.533333333338   Elapsed: 52.8489s (0m 52s)
     Speed:     ev/sec=1335.44   simsec/sec=12.172   ev/simsec=109.714
     Messages:  created: 289203   present: 21368   in FES: 19844
** Event #2443008   t=421364.533333333242   Elapsed: 54.8547s (0m 54s)
     Speed:     ev/sec=15825.8   simsec/sec=709.926   ev/simsec=22.2921
     Messages:  created: 291951   present: 21250   in FES: 19449
** Event #2520320   t=425638.666666667004   Elapsed: 56.8561s (0m 56s)
     Speed:     ev/sec=38629.1   simsec/sec=2135.58   ev/simsec=18.0883
     Messages:  created: 298620   present: 20930   in FES: 19067
** Event #2576128   t=432002   Elapsed: 59.0234s (0m 59s)
     Speed:     ev/sec=25750.6   simsec/sec=2936.13   ev/simsec=8.77025
     Messages:  created: 303906   present: 20840   in FES: 18308
** Event #2767360   t=493677.333333333393   Elapsed: 61.024s (1m 01s)
     Speed:     ev/sec=95586.8   simsec/sec=30828.2   ev/simsec=3.10062
     Messages:  created: 327204   present: 13017   in FES: 11654
** Event #2905344   t=554401   Elapsed: 63.5235s (1m 03s)
     Speed:     ev/sec=55203.8   simsec/sec=24293.9   ev/simsec=2.27233
     Messages:  created: 345737   present: 6010   in FES: 5216
** Event #3004928   t=597600   Elapsed: 65.8587s (1m 05s)
     Speed:     ev/sec=42644.5   simsec/sec=18499   ev/simsec=2.30524
     Messages:  created: 359106   present: 786   in FES: 688
** Event #3006151   t=604800   Elapsed: 66.1843s (1m 06s)
     Speed:     ev/sec=3753.11   simsec/sec=22113.2   ev/simsec=0.169722
     Messages:  created: 359628   present: 0   in FES: 0

<!> No more events, simulation completed -- at t=604800s, event #3006151
