** Event #0   t=0   Elapsed: 2.4e-05s (0m 00s)
     Speed:     ev/sec=0   simsec/sec=0   ev/simsec=0
     Messages:  created: 244320   present: 244320   in FES: 244320
** Event #658688   t=308594.999999999915   Elapsed: 2.00022s (0m 02s)
     Speed:     ev/sec=329310   simsec/sec=154281   ev/simsec=2.13448
     Messages:  created: 357486   present: 215264   in FES: 213134
** Event #1237248   t=550016.2   Elapsed: 4.00036s (0m 04s)
     Speed:     ev/sec=289260   simsec/sec=120702   ev/simsec=2.39648
     Messages:  created: 454175   present: 189559   in FES: 188720
** Event #1828608   t=824050   Elapsed: 6.00361s (0m 06s)
     Speed:     ev/sec=295201   simsec/sec=136795   ev/simsec=2.15798
     Messages:  created: 555992   present: 163357   in FES: 161038
** Event #2285824   t=1025987.000000000043   Elapsed: 8.00408s (0m 08s)
     Speed:     ev/sec=228554   simsec/sec=100945   ev/simsec=2.26415
     Messages:  created: 634413   present: 143155   in FES: 140684
** Event #2824448   t=1259275.999999999894   Elapsed: 10.0047s (0m 10s)
     Speed:     ev/sec=269234   simsec/sec=116611   ev/simsec=2.30883
     Messages:  created: 725743   present: 119596   in FES: 117117
** Event #3302656   t=1474640.6666666666   Elapsed: 12.0058s (0m 12s)
     Speed:     ev/sec=238963   simsec/sec=107619   ev/simsec=2.22046
     Messages:  created: 807689   present: 98881   in FES: 95376
** Event #3689984   t=1656120.8   Elapsed: 14.0062s (0m 14s)
     Speed:     ev/sec=193633   simsec/sec=90725.3   ev/simsec=2.13427
     Messages:  created: 875368   present: 81225   in FES: 77073
** Event #3965696   t=1756350   Elapsed: 16.0104s (0m 16s)
     Speed:     ev/sec=137564   simsec/sec=50008.3   ev/simsec=2.75082
     Messages:  created: 922352   present: 69235   in FES: 66940
** Event #4309248   t=1840850   Elapsed: 18.0155s (0m 18s)
     Speed:     ev/sec=171342   simsec/sec=42143.3   ev/simsec=4.0657
     Messages:  created: 976696   present: 60183   in FES: 58408
** Event #4827136   t=2058664.999999999853   Elapsed: 20.0158s (0m 20s)
     Speed:     ev/sec=258901   simsec/sec=108890   ev/simsec=2.37765
     Messages:  created: 1064762   present: 37875   in FES: 36422
** Event #5368832   t=2289460   Elapsed: 22.0171s (0m 22s)
     Speed:     ev/sec=270678   simsec/sec=115325   ev/simsec=2.34709
     Messages:  created: 1156606   present: 14926   in FES: 13125
** Event #5654773   t=2419200   Elapsed: 23.0569s (0m 23s)
     Speed:     ev/sec=274989   simsec/sec=124771   ev/simsec=2.20395
     Messages:  created: 1205195   present: 0   in FES: 0

<!> No more events, simulation completed -- at t=2419200s, event #5654773
