** Event #0   t=0   Elapsed: 0.000s (0m 00s)
     Speed:     ev/sec=0   simsec/sec=0   ev/simsec=0
     Messages:  created: 7134   present: 7134   in FES: 7134
** Event #2304   t=0   Elapsed: 5.622s (0m 05s)
     Speed:     ev/sec=409.996   simsec/sec=0   ev/simsec=0
     Messages:  created: 9324   present: 9233   in FES: 9118
** Event #4864   t=2580   Elapsed: 267.100s (4m 27s)
     Speed:     ev/sec=9.79054   simsec/sec=9.86702   ev/simsec=0.992248
     Messages:  created: 9439   present: 9019   in FES: 6860
** Event #8448   t=2631   Elapsed: 375.824s (6m 15s)
     Speed:     ev/sec=32.9645   simsec/sec=0.469082   ev/simsec=70.2745
     Messages:  created: 9908   present: 8964   in FES: 6862
** Event #12032   t=2679   Elapsed: 575.917s (9m 35s)
     Speed:     ev/sec=17.9117   simsec/sec=0.239888   ev/simsec=74.6667
     Messages:  created: 10393   present: 8916   in FES: 6874
** Event #13056   t=2693   Elapsed: 847.746s (14m 07s)
     Speed:     ev/sec=3.76707   simsec/sec=0.051503   ev/simsec=73.1429
     Messages:  created: 10533   present: 8899   in FES: 6881
** Event #14592   t=2714   Elapsed: 1118.551s (18m 38s)
     Speed:     ev/sec=5.672   simsec/sec=0.0775469   ev/simsec=73.1429
     Messages:  created: 10745   present: 8874   in FES: 6878
** Event #18176   t=2763   Elapsed: 1318.151s (21m 58s)
     Speed:     ev/sec=17.9559   simsec/sec=0.245491   ev/simsec=73.1429
     Messages:  created: 11235   present: 8820   in FES: 6874
** Event #20736   t=2803   Elapsed: 1326.284s (22m 06s)
     Speed:     ev/sec=314.806   simsec/sec=4.91884   ev/simsec=64
     Messages:  created: 11581   present: 8773   in FES: 6833
** Event #21248   t=2870   Elapsed: 1338.719s (22m 18s)
     Speed:     ev/sec=41.1774   simsec/sec=5.38845   ev/simsec=7.64179
     Messages:  created: 11656   present: 8765   in FES: 6829
** Event #22528   t=2942   Elapsed: 1358.649s (22m 38s)
     Speed:     ev/sec=64.2248   simsec/sec=3.61264   ev/simsec=17.7778
     Messages:  created: 11857   present: 8762   in FES: 6829
** Event #24832   t=3106   Elapsed: 1496.697s (24m 56s)
     Speed:     ev/sec=16.69   simsec/sec=1.188   ev/simsec=14.0488
     Messages:  created: 12213   present: 8747   in FES: 6821
** Event #26112   t=3137   Elapsed: 1653.384s (27m 33s)
     Speed:     ev/sec=8.16915   simsec/sec=0.197847   ev/simsec=41.2903
     Messages:  created: 12400   present: 8708   in FES: 6816
** Event #27136   t=3160   Elapsed: 1666.466s (27m 46s)
     Speed:     ev/sec=78.2815   simsec/sec=1.75828   ev/simsec=44.5217
     Messages:  created: 12555   present: 8691   in FES: 6835
** Event #30208   t=3218   Elapsed: 1692.205s (28m 12s)
     Speed:     ev/sec=119.352   simsec/sec=2.25339   ev/simsec=52.9655
     Messages:  created: 13015   present: 8624   in FES: 6814
** Event #32512   t=3261   Elapsed: 1860.906s (31m 00s)
     Speed:     ev/sec=13.6573   simsec/sec=0.254889   ev/simsec=53.5814
     Messages:  created: 13365   present: 8579   in FES: 6821
** Event #36096   t=3332   Elapsed: 1986.794s (33m 06s)
     Speed:     ev/sec=28.47   simsec/sec=0.563998   ev/simsec=50.4789
     Messages:  created: 13897   present: 8506   in FES: 6820
** Event #41472   t=3439   Elapsed: 2147.650s (35m 47s)
     Speed:     ev/sec=33.4212   simsec/sec=0.665191   ev/simsec=50.243
     Messages:  created: 14645   present: 8391   in FES: 6803
** Event #41984   t=3448   Elapsed: 2160.647s (36m 00s)
     Speed:     ev/sec=39.3967   simsec/sec=0.692521   ev/simsec=56.8889
     Messages:  created: 14720   present: 8387   in FES: 6821
** Event #45824   t=3509   Elapsed: 2187.076s (36m 27s)
     Speed:     ev/sec=145.3   simsec/sec=2.30816   ev/simsec=62.9508
     Messages:  created: 15268   present: 8322   in FES: 6816
** Event #53248   t=3639   Elapsed: 2313.963s (38m 33s)
     Speed:     ev/sec=58.5092   simsec/sec=1.02454   ev/simsec=57.1077
     Messages:  created: 16283   present: 8184   in FES: 6790
** Event #58880   t=3739   Elapsed: 2326.776s (38m 46s)
     Speed:     ev/sec=439.554   simsec/sec=7.80457   ev/simsec=56.32
     Messages:  created: 17000   present: 8087   in FES: 6810
** Event #59136   t=3743   Elapsed: 2511.381s (41m 51s)
     Speed:     ev/sec=1.38675   simsec/sec=0.021668   ev/simsec=64
     Messages:  created: 17033   present: 8076   in FES: 6795
** Event #62720   t=3796   Elapsed: 2536.514s (42m 16s)
     Speed:     ev/sec=142.601   simsec/sec=2.10878   ev/simsec=67.6226
     Messages:  created: 17517   present: 8023   in FES: 6800
** Event #72192   t=3947   Elapsed: 2674.351s (44m 34s)
     Speed:     ev/sec=68.7188   simsec/sec=1.0955   ev/simsec=62.7285
     Messages:  created: 18731   present: 7868   in FES: 6793
** Event #73216   t=3963   Elapsed: 2858.307s (47m 38s)
     Speed:     ev/sec=5.56658   simsec/sec=0.0869778   ev/simsec=64
     Messages:  created: 18856   present: 7845   in FES: 6786
** Event #78848   t=4049   Elapsed: 3145.902s (52m 25s)
     Speed:     ev/sec=19.5831   simsec/sec=0.299032   ev/simsec=65.4884
     Messages:  created: 19549   present: 7751   in FES: 6758
** Event #85248   t=4147   Elapsed: 3321.923s (55m 21s)
     Speed:     ev/sec=36.3595   simsec/sec=0.556755   ev/simsec=65.3061
     Messages:  created: 20333   present: 7648   in FES: 6760
** Event #89344   t=4248   Elapsed: 3446.049s (57m 26s)
     Speed:     ev/sec=32.9987   simsec/sec=0.813689   ev/simsec=40.5545
     Messages:  created: 20811   present: 7542   in FES: 6735
** Event #89600   t=4257   Elapsed: 3568.618s (59m 28s)
     Speed:     ev/sec=2.08864   simsec/sec=0.0734286   ev/simsec=28.4444
     Messages:  created: 20840   present: 7529   in FES: 6742
** Event #91136   t=4310   Elapsed: 3690.872s (1h 01m)
     Speed:     ev/sec=12.564   simsec/sec=0.433524   ev/simsec=28.9811
     Messages:  created: 21001   present: 7471   in FES: 6723
** Event #92928   t=4371   Elapsed: 3812.756s (1h 03m)
     Speed:     ev/sec=14.7025   simsec/sec=0.500476   ev/simsec=29.377
     Messages:  created: 21190   present: 7407   in FES: 6728
** Event #94720   t=4433   Elapsed: 3933.627s (1h 05m)
     Speed:     ev/sec=14.8258   simsec/sec=0.512948   ev/simsec=28.9032
     Messages:  created: 21376   present: 7340   in FES: 6724
** Event #96768   t=4552   Elapsed: 3992.344s (1h 06m)
     Speed:     ev/sec=34.8792   simsec/sec=2.02667   ev/simsec=17.2101
     Messages:  created: 21658   present: 7214   in FES: 6702
** Event #97280   t=4594   Elapsed: 4021.388s (1h 07m)
     Speed:     ev/sec=17.6284   simsec/sec=1.44608   ev/simsec=12.1905
     Messages:  created: 21744   present: 7167   in FES: 6696
** Event #97536   t=4615   Elapsed: 4050.086s (1h 07m)
     Speed:     ev/sec=8.92079   simsec/sec=0.731784   ev/simsec=12.1905
     Messages:  created: 21788   present: 7143   in FES: 6694
** Event #98048   t=7792   Elapsed: 4092.976s (1h 08m)
     Speed:     ev/sec=11.9378   simsec/sec=74.0749   ev/simsec=0.161158
     Messages:  created: 21934   present: 6867   in FES: 6442
** Event #98304   t=7796   Elapsed: 4185.047s (1h 09m)
     Speed:     ev/sec=2.78049   simsec/sec=0.0434452   ev/simsec=64
     Messages:  created: 21968   present: 6865   in FES: 6451
** Event #101376   t=7844   Elapsed: 4254.380s (1h 10m)
     Speed:     ev/sec=44.3085   simsec/sec=0.692321   ev/simsec=64
     Messages:  created: 22356   present: 6814   in FES: 6448
** Event #103936   t=7886   Elapsed: 4336.403s (1h 12m)
     Speed:     ev/sec=31.2108   simsec/sec=0.512051   ev/simsec=60.9524
     Messages:  created: 22685   present: 6762   in FES: 6434
** Event #104448   t=7894   Elapsed: 4403.287s (1h 13m)
     Speed:     ev/sec=7.65504   simsec/sec=0.11961   ev/simsec=64
     Messages:  created: 22752   present: 6753   in FES: 6438
** Event #107008   t=7935   Elapsed: 4539.170s (1h 15m)
     Speed:     ev/sec=18.8399   simsec/sec=0.301732   ev/simsec=62.439
     Messages:  created: 23084   present: 6710   in FES: 6442
** Event #109824   t=7980   Elapsed: 4606.726s (1h 16m)
     Speed:     ev/sec=41.6846   simsec/sec=0.666124   ev/simsec=62.5778
     Messages:  created: 23439   present: 6656   in FES: 6426
** Event #112128   t=8036   Elapsed: 4614.357s (1h 16m)
     Speed:     ev/sec=301.966   simsec/sec=7.33945   ev/simsec=41.1429
     Messages:  created: 23733   present: 6618   in FES: 6418
** Event #112640   t=8100   Elapsed: 4626.256s (1h 17m)
     Speed:     ev/sec=43.0288   simsec/sec=5.3786   ev/simsec=8
     Messages:  created: 23808   present: 6613   in FES: 6411
** Event #113152   t=8321   Elapsed: 4716.963s (1h 18m)
     Speed:     ev/sec=5.64461   simsec/sec=2.43644   ev/simsec=2.31674
     Messages:  created: 23877   present: 6581   in FES: 6402
** Event #125696   t=76115   Elapsed: 4718.968s (1h 18m)
     Speed:     ev/sec=6256.36   simsec/sec=33812.5   ev/simsec=0.185031
     Messages:  created: 27125   present: 957   in FES: 902
** Event #127021   t=86400   Elapsed: 4719.061s (1h 18m)
     Speed:     ev/sec=14391.3   simsec/sec=111793   ev/simsec=0.128731
     Messages:  created: 27547   present: 0   in FES: 0

<!> No more events, simulation completed -- at t=86400s, event #127021
