** Event #0   t=0   Elapsed: 0.000s (0m 00s)
     Speed:     ev/sec=0   simsec/sec=0   ev/simsec=0
     Messages:  created: 7134   present: 7134   in FES: 7134
** Event #768   t=0   Elapsed: 5.572s (0m 05s)
     Speed:     ev/sec=138.011   simsec/sec=0   ev/simsec=0
     Messages:  created: 7824   present: 7733   in FES: 7654
** Event #1792   t=2579   Elapsed: 266.061s (4m 26s)
     Speed:     ev/sec=3.93107   simsec/sec=9.90061   ev/simsec=0.397053
     Messages:  created: 7930   present: 7523   in FES: 6863
** Event #5376   t=2630   Elapsed: 374.722s (6m 14s)
     Speed:     ev/sec=32.9836   simsec/sec=0.469354   ev/simsec=70.2745
     Messages:  created: 8399   present: 7466   in FES: 6864
** Event #8960   t=2678   Elapsed: 574.891s (9m 34s)
     Speed:     ev/sec=17.9049   simsec/sec=0.239797   ev/simsec=74.6667
     Messages:  created: 8883   present: 7417   in FES: 6872
** Event #9984   t=2692   Elapsed: 846.196s (14m 06s)
     Speed:     ev/sec=3.77435   simsec/sec=0.0516024   ev/simsec=73.1429
     Messages:  created: 9023   present: 7400   in FES: 6881
** Event #11520   t=2713   Elapsed: 1118.373s (18m 38s)
     Speed:     ev/sec=5.64341   simsec/sec=0.077156   ev/simsec=73.1429
     Messages:  created: 9233   present: 7375   in FES: 6878
** Event #15360   t=2766   Elapsed: 1319.511s (21m 59s)
     Speed:     ev/sec=19.0914   simsec/sec=0.263501   ev/simsec=72.4528
     Messages:  created: 9757   present: 7310   in FES: 6846
** Event #17920   t=2829   Elapsed: 1327.673s (22m 07s)
     Speed:     ev/sec=313.687   simsec/sec=7.71964   ev/simsec=40.6349
     Messages:  created: 10107   present: 7269   in FES: 6831
** Event #18432   t=2879   Elapsed: 1340.196s (22m 20s)
     Speed:     ev/sec=40.8848   simsec/sec=3.99265   ev/simsec=10.24
     Messages:  created: 10185   present: 7267   in FES: 6832
** Event #19456   t=2937   Elapsed: 1360.168s (22m 40s)
     Speed:     ev/sec=51.2718   simsec/sec=2.90407   ev/simsec=17.6552
     Messages:  created: 10345   present: 7260   in FES: 6824
** Event #21760   t=3104   Elapsed: 1498.551s (24m 58s)
     Speed:     ev/sec=16.6496   simsec/sec=1.2068   ev/simsec=13.7964
     Messages:  created: 10703   present: 7246   in FES: 6821
** Event #23040   t=3143   Elapsed: 1636.321s (27m 16s)
     Speed:     ev/sec=9.29091   simsec/sec=0.283083   ev/simsec=32.8205
     Messages:  created: 10887   present: 7203   in FES: 6817
** Event #26368   t=3259   Elapsed: 1773.597s (29m 33s)
     Speed:     ev/sec=24.2431   simsec/sec=0.845013   ev/simsec=28.6897
     Messages:  created: 11357   present: 7080   in FES: 6808
** Event #28416   t=3329   Elapsed: 1899.763s (31m 39s)
     Speed:     ev/sec=16.2326   simsec/sec=0.554825   ev/simsec=29.2571
     Messages:  created: 11639   present: 7006   in FES: 6804
** Event #32000   t=3445   Elapsed: 2035.716s (33m 55s)
     Speed:     ev/sec=26.3622   simsec/sec=0.853242   ev/simsec=30.8966
     Messages:  created: 12107   present: 6887   in FES: 6809
** Event #43202   t=86400   Elapsed: 2036.345s (33m 56s)
     Speed:     ev/sec=17836   simsec/sec=132094   ev/simsec=0.135025
     Messages:  created: 15605   present: 0   in FES: 0

<!> No more events, simulation completed -- at t=86400s, event #43202
