** Event #0   t=0   Elapsed: 0.000s (0m 00s)
     Speed:     ev/sec=0   simsec/sec=0   ev/simsec=0
     Messages:  created: 7134   present: 7134   in FES: 7134
** Event #1280   t=0   Elapsed: 5.619s (0m 05s)
     Speed:     ev/sec=227.977   simsec/sec=0   ev/simsec=0
     Messages:  created: 8324   present: 8233   in FES: 8142
** Event #2816   t=2579   Elapsed: 267.548s (4m 27s)
     Speed:     ev/sec=5.86421   simsec/sec=9.84622   ev/simsec=0.59558
     Messages:  created: 8434   present: 8019   in FES: 6864
** Event #6400   t=2630   Elapsed: 376.695s (6m 16s)
     Speed:     ev/sec=32.8364   simsec/sec=0.46726   ev/simsec=70.2745
     Messages:  created: 8903   present: 7969   in FES: 6880
** Event #9984   t=2679   Elapsed: 578.120s (9m 38s)
     Speed:     ev/sec=17.7932   simsec/sec=0.243267   ev/simsec=73.1429
     Messages:  created: 9384   present: 7908   in FES: 6852
** Event #11008   t=2692   Elapsed: 850.119s (14m 10s)
     Speed:     ev/sec=3.76473   simsec/sec=0.0477945   ev/simsec=78.7692
     Messages:  created: 9523   present: 7899   in FES: 6859
** Event #12544   t=2714   Elapsed: 1122.438s (18m 42s)
     Speed:     ev/sec=5.64044   simsec/sec=0.0807876   ev/simsec=69.8182
     Messages:  created: 9734   present: 7874   in FES: 6856
** Event #16384   t=2766   Elapsed: 1322.998s (22m 02s)
     Speed:     ev/sec=19.1465   simsec/sec=0.259275   ev/simsec=73.8462
     Messages:  created: 10263   present: 7816   in FES: 6870
** Event #18944   t=2832   Elapsed: 1331.139s (22m 11s)
     Speed:     ev/sec=314.458   simsec/sec=8.10711   ev/simsec=38.7879
     Messages:  created: 10610   present: 7769   in FES: 6831
** Event #19200   t=2867   Elapsed: 1343.694s (22m 23s)
     Speed:     ev/sec=20.3919   simsec/sec=2.78796   ev/simsec=7.31429
     Messages:  created: 10649   present: 7767   in FES: 6832
** Event #20480   t=2938   Elapsed: 1363.823s (22m 43s)
     Speed:     ev/sec=63.5898   simsec/sec=3.52725   ev/simsec=18.0282
     Messages:  created: 10849   present: 7762   in FES: 6826
** Event #22784   t=3104   Elapsed: 1502.878s (25m 02s)
     Speed:     ev/sec=16.5691   simsec/sec=1.19378   ev/simsec=13.8795
     Messages:  created: 11207   present: 7749   in FES: 6828
** Event #24064   t=3136   Elapsed: 1660.428s (27m 40s)
     Speed:     ev/sec=8.12446   simsec/sec=0.203111   ev/simsec=40
     Messages:  created: 11393   present: 7713   in FES: 6819
** Event #25088   t=3159   Elapsed: 1673.517s (27m 53s)
     Speed:     ev/sec=78.2336   simsec/sec=1.7572   ev/simsec=44.5217
     Messages:  created: 11547   present: 7692   in FES: 6831
** Event #28160   t=3217   Elapsed: 1699.622s (28m 19s)
     Speed:     ev/sec=117.683   simsec/sec=2.22188   ev/simsec=52.9655
     Messages:  created: 12008   present: 7626   in FES: 6818
** Event #30464   t=3260   Elapsed: 1869.089s (31m 09s)
     Speed:     ev/sec=13.5956   simsec/sec=0.253737   ev/simsec=53.5814
     Messages:  created: 12358   present: 7581   in FES: 6824
** Event #34048   t=3331   Elapsed: 1995.553s (33m 15s)
     Speed:     ev/sec=28.3403   simsec/sec=0.561429   ev/simsec=50.4789
     Messages:  created: 12890   present: 7507   in FES: 6819
** Event #39424   t=3438   Elapsed: 2099.827s (34m 59s)
     Speed:     ev/sec=51.5565   simsec/sec=1.02614   ev/simsec=50.243
     Messages:  created: 13639   present: 7393   in FES: 6810
** Event #39680   t=3443   Elapsed: 2157.487s (35m 57s)
     Speed:     ev/sec=4.4399   simsec/sec=0.0867167   ev/simsec=51.2
     Messages:  created: 13674   present: 7388   in FES: 6810
** Event #39936   t=3447   Elapsed: 2170.478s (36m 10s)
     Speed:     ev/sec=19.706   simsec/sec=0.307905   ev/simsec=64
     Messages:  created: 13712   present: 7389   in FES: 6814
** Event #48384   t=3643   Elapsed: 2296.279s (38m 16s)
     Speed:     ev/sec=67.1537   simsec/sec=1.55802   ev/simsec=43.102
     Messages:  created: 14872   present: 7179   in FES: 6792
** Event #50944   t=3745   Elapsed: 2420.629s (40m 20s)
     Speed:     ev/sec=20.5872   simsec/sec=0.820272   ev/simsec=25.098
     Messages:  created: 15182   present: 7073   in FES: 6786
** Event #56064   t=3948   Elapsed: 2545.424s (42m 25s)
     Speed:     ev/sec=41.0273   simsec/sec=1.62667   ev/simsec=25.2217
     Messages:  created: 15802   present: 6863   in FES: 6776
** Event #56576   t=3967   Elapsed: 2669.288s (44m 29s)
     Speed:     ev/sec=4.1336   simsec/sec=0.153395   ev/simsec=26.9474
     Messages:  created: 15859   present: 6838   in FES: 6759
** Event #66998   t=86400   Elapsed: 2669.812s (44m 29s)
     Speed:     ev/sec=19925.4   simsec/sec=157616   ev/simsec=0.126418
     Messages:  created: 19236   present: 0   in FES: 0

<!> No more events, simulation completed -- at t=86400s, event #66998
