** Event #0   t=0   Elapsed: 1.1e-05s (0m 00s)
     Speed:     ev/sec=0   simsec/sec=0   ev/simsec=0
     Messages:  created: 129700   present: 129700   in FES: 129700
** Event #251904   t=94050   Elapsed: 2.00078s (0m 02s)
     Speed:     ev/sec=125904   simsec/sec=47006.9   ev/simsec=2.67842
     Messages:  created: 159253   present: 120987   in FES: 119545
** Event #734464   t=252360   Elapsed: 4.00115s (0m 04s)
     Speed:     ev/sec=241236   simsec/sec=79140.6   ev/simsec=3.0482
     Messages:  created: 211718   present: 104931   in FES: 102667
** Event #1110272   t=373430   Elapsed: 6.39902s (0m 06s)
     Speed:     ev/sec=156725   simsec/sec=50490.5   ev/simsec=3.10406
     Messages:  created: 253716   present: 90196   in FES: 89552
** Event #1124608   t=383020   Elapsed: 9.77776s (0m 09s)
     Speed:     ev/sec=4243   simsec/sec=2838.34   ev/simsec=1.49489
     Messages:  created: 255796   present: 89802   in FES: 88578
** Event #1161216   t=393400   Elapsed: 15.1885s (0m 15s)
     Speed:     ev/sec=6765.8   simsec/sec=1918.41   ev/simsec=3.52678
     Messages:  created: 259561   present: 89319   in FES: 87410
** Event #1161472   t=394562   Elapsed: 17.849s (0m 17s)
     Speed:     ev/sec=96.2231   simsec/sec=436.763   ev/simsec=0.22031
     Messages:  created: 259687   present: 89311   in FES: 87280
** Event #1161728   t=395730   Elapsed: 20.3477s (0m 20s)
     Speed:     ev/sec=102.451   simsec/sec=467.435   ev/simsec=0.219178
     Messages:  created: 259812   present: 89299   in FES: 87149
** Event #1165824   t=397301.6   Elapsed: 23.7776s (0m 23s)
     Speed:     ev/sec=1194.2   simsec/sec=458.206   ev/simsec=2.60626
     Messages:  created: 260331   present: 89123   in FES: 87009
** Event #1394176   t=400783.2   Elapsed: 26.1523s (0m 26s)
     Speed:     ev/sec=96161.7   simsec/sec=1466.14   ev/simsec=65.5882
     Messages:  created: 277189   present: 87611   in FES: 86616
** Event #1432832   t=416970   Elapsed: 28.6663s (0m 28s)
     Speed:     ev/sec=15376.3   simsec/sec=6438.68   ev/simsec=2.38812
     Messages:  created: 280999   present: 86617   in FES: 84959
** Event #1449216   t=424810.8   Elapsed: 30.7939s (0m 30s)
     Speed:     ev/sec=7700.65   simsec/sec=3685.26   ev/simsec=2.08958
     Messages:  created: 282789   present: 85919   in FES: 84143
** Event #1510912   t=433263.000000000007   Elapsed: 33.5134s (0m 33s)
     Speed:     ev/sec=22686.8   simsec/sec=3108.04   ev/simsec=7.2994
     Messages:  created: 288738   present: 85558   in FES: 83196
** Event #2127360   t=635750   Elapsed: 35.5135s (0m 35s)
     Speed:     ev/sec=308203   simsec/sec=101237   ev/simsec=3.04438
     Messages:  created: 356480   present: 63241   in FES: 61502
** Event #2466816   t=735090   Elapsed: 37.5143s (0m 37s)
     Speed:     ev/sec=169662   simsec/sec=49650.7   ev/simsec=3.41711
     Messages:  created: 394126   present: 51396   in FES: 50749
** Event #2885120   t=876670   Elapsed: 39.5144s (0m 39s)
     Speed:     ev/sec=209138   simsec/sec=70785.4   ev/simsec=2.95454
     Messages:  created: 440198   present: 36862   in FES: 35610
** Event #3481088   t=1088800   Elapsed: 41.5149s (0m 41s)
     Speed:     ev/sec=297911   simsec/sec=106039   ev/simsec=2.80945
     Messages:  created: 505439   present: 15223   in FES: 12976
** Event #3802624   t=1184200   Elapsed: 43.6418s (0m 43s)
     Speed:     ev/sec=151177   simsec/sec=44854.2   ev/simsec=3.3704
     Messages:  created: 539600   present: 3921   in FES: 2757
** Event #3892080   t=1209600   Elapsed: 44.806s (0m 44s)
     Speed:     ev/sec=76836.5   simsec/sec=21817.1   ev/simsec=3.52185
     Messages:  created: 548690   present: 0   in FES: 0

<!> No more events, simulation completed -- at t=1209600s, event #3892080
