** Event #0   t=0   Elapsed: 1.7e-05s (0m 00s)
     Speed:     ev/sec=0   simsec/sec=0   ev/simsec=0
     Messages:  created: 129700   present: 129700   in FES: 129700
** Event #580864   t=197690.034133333333   Elapsed: 2.00043s (0m 02s)
     Speed:     ev/sec=290372   simsec/sec=98824.3   ev/simsec=2.93826
     Messages:  created: 195496   present: 109192   in FES: 108428
** Event #1092352   t=367030   Elapsed: 4.00085s (0m 04s)
     Speed:     ev/sec=255691   simsec/sec=84652.6   ev/simsec=3.02048
     Messages:  created: 253258   present: 90516   in FES: 90313
** Event #1675008   t=563260.00512   Elapsed: 6.00087s (0m 06s)
     Speed:     ev/sec=291324   simsec/sec=98113.7   ev/simsec=2.96925
     Messages:  created: 316480   present: 70474   in FES: 69176
** Event #2066176   t=698430   Elapsed: 8.00521s (0m 08s)
     Speed:     ev/sec=195160   simsec/sec=67438.6   ev/simsec=2.8939
     Messages:  created: 361180   present: 57191   in FES: 54681
** Event #2600192   t=874870   Elapsed: 10.0058s (0m 10s)
     Speed:     ev/sec=266929   simsec/sec=88193.9   ev/simsec=3.02662
     Messages:  created: 420802   present: 38330   in FES: 35831
** Event #3118336   t=1045570   Elapsed: 12.0068s (0m 12s)
     Speed:     ev/sec=258940   simsec/sec=85306.4   ev/simsec=3.03541
     Messages:  created: 477123   present: 19226   in FES: 17563
** Event #3543808   t=1182290   Elapsed: 14.2856s (0m 14s)
     Speed:     ev/sec=186713   simsec/sec=59997.8   ev/simsec=3.112
     Messages:  created: 522731   present: 4110   in FES: 2953
** Event #3625984   t=1206050   Elapsed: 16.3236s (0m 16s)
     Speed:     ev/sec=40320.6   simsec/sec=11658.1   ev/simsec=3.45859
     Messages:  created: 531278   present: 559   in FES: 491
** Event #3633384   t=1209600   Elapsed: 16.3403s (0m 16s)
     Speed:     ev/sec=444464   simsec/sec=213252   ev/simsec=2.08423
     Messages:  created: 532015   present: 0   in FES: 0

<!> No more events, simulation completed -- at t=1209600s, event #3633384
