** Event #0   t=0   Elapsed: 1.5e-05s (0m 00s)
     Speed:     ev/sec=0   simsec/sec=0   ev/simsec=0
     Messages:  created: 123088   present: 123088   in FES: 123088
** Event #754176   t=294160   Elapsed: 2.00795s (0m 02s)
     Speed:     ev/sec=375598   simsec/sec=146499   ev/simsec=2.56383
     Messages:  created: 229087   present: 95713   in FES: 93165
** Event #1549312   t=588510.8   Elapsed: 4.00806s (0m 04s)
     Speed:     ev/sec=397545   simsec/sec=147167   ev/simsec=2.70132
     Messages:  created: 338818   present: 63245   in FES: 63210
** Event #2367488   t=913610   Elapsed: 6.0162s (0m 06s)
     Speed:     ev/sec=407431   simsec/sec=161891   ev/simsec=2.5167
     Messages:  created: 449517   present: 32411   in FES: 30126
** Event #2878208   t=1115815.8   Elapsed: 8.0167s (0m 08s)
     Speed:     ev/sec=255295   simsec/sec=101077   ev/simsec=2.52574
     Messages:  created: 519059   present: 14207   in FES: 9586
** Event #3175234   t=1209601.333333333821   Elapsed: 9.4647s (0m 09s)
     Speed:     ev/sec=205128   simsec/sec=64768.2   ev/simsec=3.16711
     Messages:  created: 559686   present: 169   in FES: 0

<!> No more events, simulation completed -- at t=1209601.333333333821s, event #3175234
undisposed object: (BundlePacket) RegionsNetwork.regionNode[0].dtn.Src:A1,Dst:A15,ID:553626 -- check module destructor
undisposed object: (BundlePacket) RegionsNetwork.regionNode[0].dtn.Src:A1,Dst:A15,ID:554622 -- check module destructor
undisposed object: (BundlePacket) RegionsNetwork.regionNode[0].dtn.Src:A1,Dst:A15,ID:553254 -- check module destructor
undisposed object: (BundlePacket) RegionsNetwork.regionNode[0].dtn.Src:A1,Dst:A15,ID:553225 -- check module destructor
undisposed object: (BundlePacket) RegionsNetwork.regionNode[0].dtn.Src:A1,Dst:A15,ID:557175 -- check module destructor
undisposed object: (BundlePacket) RegionsNetwork.regionNode[0].dtn.Src:A1,Dst:A15,ID:556904 -- check module destructor
undisposed object: (BundlePacket) RegionsNetwork.regionNode[0].dtn.Src:A1,Dst:A15,ID:555479 -- check module destructor
undisposed object: (BundlePacket) RegionsNetwork.regionNode[0].dtn.Src:A1,Dst:A15,ID:557239 -- check module destructor
undisposed object: (BundlePacket) RegionsNetwork.regionNode[0].dtn.Src:A1,Dst:A15,ID:555192 -- check module destructor
undisposed object: (BundlePacket) RegionsNetwork.regionNode[0].dtn.Src:A1,Dst:A15,ID:554593 -- check module destructor
undisposed object: (BundlePacket) RegionsNetwork.regionNode[0].dtn.Src:A1,Dst:A15,ID:555534 -- check module destructor
undisposed object: (BundlePacket) RegionsNetwork.regionNode[0].dtn.Src:A1,Dst:A15,ID:556875 -- check module destructor
undisposed object: (BundlePacket) RegionsNetwork.regionNode[0].dtn.Src:A1,Dst:A15,ID:554880 -- check module destructor
undisposed object: (BundlePacket) RegionsNetwork.regionNode[0].dtn.Src:A1,Dst:A15,ID:553199 -- check module destructor
undisposed object: (BundlePacket) RegionsNetwork.regionNode[0].dtn.Src:A1,Dst:A15,ID:555648 -- check module destructor
undisposed object: (BundlePacket) RegionsNetwork.regionNode[0].dtn.Src:A1,Dst:A15,ID:556218 -- check module destructor
undisposed object: (BundlePacket) RegionsNetwork.regionNode[0].dtn.Src:A1,Dst:A15,ID:553567 -- check module destructor
undisposed object: (BundlePacket) RegionsNetwork.regionNode[0].dtn.Src:A1,Dst:A15,ID:555619 -- check module destructor
undisposed object: (BundlePacket) RegionsNetwork.regionNode[0].dtn.Src:A1,Dst:A15,ID:555450 -- check module destructor
undisposed object: (BundlePacket) RegionsNetwork.regionNode[0].dtn.Src:A1,Dst:A15,ID:555876 -- check module destructor
undisposed object: (BundlePacket) RegionsNetwork.regionNode[0].dtn.Src:A1,Dst:A15,ID:557269 -- check module destructor
undisposed object: (BundlePacket) RegionsNetwork.regionNode[0].dtn.Src:A1,Dst:A15,ID:555678 -- check module destructor
undisposed object: (BundlePacket) RegionsNetwork.regionNode[0].dtn.Src:A1,Dst:A15,ID:553596 -- check module destructor
undisposed object: (BundlePacket) RegionsNetwork.regionNode[0].dtn.Src:A1,Dst:A15,ID:556417 -- check module destructor
undisposed object: (BundlePacket) RegionsNetwork.regionNode[0].dtn.Src:A1,Dst:A15,ID:553313 -- check module destructor
undisposed object: (BundlePacket) RegionsNetwork.regionNode[0].dtn.Src:A1,Dst:A15,ID:555251 -- check module destructor
undisposed object: (BundlePacket) RegionsNetwork.regionNode[0].dtn.Src:A1,Dst:A15,ID:556761 -- check module destructor
undisposed object: (BundlePacket) RegionsNetwork.regionNode[0].dtn.Src:A1,Dst:A15,ID:554707 -- check module destructor
undisposed object: (BundlePacket) RegionsNetwork.regionNode[0].dtn.Src:A1,Dst:A15,ID:557367 -- check module destructor
undisposed object: (BundlePacket) RegionsNetwork.regionNode[0].dtn.Src:A1,Dst:A15,ID:553512 -- check module destructor
undisposed object: (BundlePacket) RegionsNetwork.regionNode[0].dtn.Src:A1,Dst:A15,ID:555564 -- check module destructor
undisposed object: (BundlePacket) RegionsNetwork.regionNode[0].dtn.Src:A1,Dst:A15,ID:554479 -- check module destructor
undisposed object: (BundlePacket) RegionsNetwork.regionNode[0].dtn.Src:A1,Dst:A15,ID:555821 -- check module destructor
undisposed object: (BundlePacket) RegionsNetwork.regionNode[0].dtn.Src:A1,Dst:A15,ID:556849 -- check module destructor
undisposed object: (BundlePacket) RegionsNetwork.regionNode[0].dtn.Src:A1,Dst:A15,ID:554964 -- check module destructor
undisposed object: (BundlePacket) RegionsNetwork.regionNode[0].dtn.Src:A1,Dst:A15,ID:554424 -- check module destructor
undisposed object: (BundlePacket) RegionsNetwork.regionNode[0].dtn.Src:A1,Dst:A15,ID:555707 -- check module destructor
undisposed object: (BundlePacket) RegionsNetwork.regionNode[0].dtn.Src:A1,Dst:A15,ID:556735 -- check module destructor
undisposed object: (BundlePacket) RegionsNetwork.regionNode[0].dtn.Src:A1,Dst:A15,ID:555906 -- check module destructor
undisposed object: (BundlePacket) RegionsNetwork.regionNode[0].dtn.Src:A1,Dst:A15,ID:556362 -- check module destructor
undisposed object: (BundlePacket) RegionsNetwork.regionNode[0].dtn.Src:A1,Dst:A15,ID:554994 -- check module destructor
undisposed object: (BundlePacket) RegionsNetwork.regionNode[0].dtn.Src:A1,Dst:A15,ID:556020 -- check module destructor
undisposed object: (BundlePacket) RegionsNetwork.regionNode[0].dtn.Src:A1,Dst:A15,ID:557397 -- check module destructor
undisposed object: (BundlePacket) RegionsNetwork.regionNode[0].dtn.Src:A1,Dst:A15,ID:556277 -- check module destructor
undisposed object: (BundlePacket) RegionsNetwork.regionNode[0].dtn.Src:A1,Dst:A15,ID:556163 -- check module destructor
undisposed object: (BundlePacket) RegionsNetwork.regionNode[0].dtn.Src:A1,Dst:A15,ID:555049 -- check module destructor
undisposed object: (BundlePacket) RegionsNetwork.regionNode[0].dtn.Src:A1,Dst:A15,ID:557572 -- check module destructor
undisposed object: (BundlePacket) RegionsNetwork.regionNode[0].dtn.Src:A1,Dst:A15,ID:553541 -- check module destructor
undisposed object: (BundlePacket) RegionsNetwork.regionNode[0].dtn.Src:A1,Dst:A15,ID:555023 -- check module destructor
undisposed object: (BundlePacket) RegionsNetwork.regionNode[0].dtn.Src:A1,Dst:A15,ID:554652 -- check module destructor
undisposed object: (BundlePacket) RegionsNetwork.regionNode[0].dtn.Src:A1,Dst:A15,ID:554795 -- check module destructor
undisposed object: (BundlePacket) RegionsNetwork.regionNode[0].dtn.Src:A1,Dst:A15,ID:553909 -- check module destructor
undisposed object: (BundlePacket) RegionsNetwork.regionNode[0].dtn.Src:A1,Dst:A15,ID:554538 -- check module destructor
undisposed object: (BundlePacket) RegionsNetwork.regionNode[0].dtn.Src:A1,Dst:A15,ID:553398 -- check module destructor
undisposed object: (BundlePacket) RegionsNetwork.regionNode[0].dtn.Src:A1,Dst:A15,ID:557525 -- check module destructor
undisposed object: (BundlePacket) RegionsNetwork.regionNode[0].dtn.Src:A1,Dst:A15,ID:557205 -- check module destructor
undisposed object: (BundlePacket) RegionsNetwork.regionNode[0].dtn.Src:A1,Dst:A15,ID:553427 -- check module destructor
undisposed object: (BundlePacket) RegionsNetwork.regionNode[0].dtn.Src:A1,Dst:A15,ID:556505 -- check module destructor
undisposed object: (BundlePacket) RegionsNetwork.regionNode[0].dtn.Src:A1,Dst:A15,ID:556790 -- check module destructor
undisposed object: (BundlePacket) RegionsNetwork.regionNode[0].dtn.Src:A1,Dst:A15,ID:555336 -- check module destructor
undisposed object: (BundlePacket) RegionsNetwork.regionNode[0].dtn.Src:A1,Dst:A15,ID:554909 -- check module destructor
undisposed object: (BundlePacket) RegionsNetwork.regionNode[0].dtn.Src:A1,Dst:A15,ID:553740 -- check module destructor
undisposed object: (BundlePacket) RegionsNetwork.regionNode[0].dtn.Src:A1,Dst:A15,ID:557077 -- check module destructor
undisposed object: (BundlePacket) RegionsNetwork.regionNode[0].dtn.Src:A1,Dst:A15,ID:556647 -- check module destructor
undisposed object: (BundlePacket) RegionsNetwork.regionNode[0].dtn.Src:A1,Dst:A15,ID:553769 -- check module destructor
undisposed object: (BundlePacket) RegionsNetwork.regionNode[0].dtn.Src:A1,Dst:A15,ID:556706 -- check module destructor
undisposed object: (BundlePacket) RegionsNetwork.regionNode[0].dtn.Src:A1,Dst:A15,ID:556303 -- check module destructor
undisposed object: (BundlePacket) RegionsNetwork.regionNode[0].dtn.Src:A1,Dst:A15,ID:554023 -- check module destructor
undisposed object: (BundlePacket) RegionsNetwork.regionNode[0].dtn.Src:A1,Dst:A15,ID:553710 -- check module destructor
undisposed object: (BundlePacket) RegionsNetwork.regionNode[0].dtn.Src:A1,Dst:A15,ID:553655 -- check module destructor
undisposed object: (BundlePacket) RegionsNetwork.regionNode[0].dtn.Src:A1,Dst:A15,ID:557559 -- check module destructor
undisposed object: (BundlePacket) RegionsNetwork.regionNode[0].dtn.Src:A1,Dst:A15,ID:555792 -- check module destructor
undisposed object: (BundlePacket) RegionsNetwork.regionNode[0].dtn.Src:A1,Dst:A15,ID:556590 -- check module destructor
undisposed object: (BundlePacket) RegionsNetwork.regionNode[0].dtn.Src:A1,Dst:A15,ID:554935 -- check module destructor
undisposed object: (BundlePacket) RegionsNetwork.regionNode[0].dtn.Src:A1,Dst:A15,ID:553453 -- check module destructor
undisposed object: (BundlePacket) RegionsNetwork.regionNode[0].dtn.Src:A1,Dst:A15,ID:556676 -- check module destructor
undisposed object: (BundlePacket) RegionsNetwork.regionNode[0].dtn.Src:A1,Dst:A15,ID:556989 -- check module destructor
undisposed object: (BundlePacket) RegionsNetwork.regionNode[0].dtn.Src:A1,Dst:A15,ID:554453 -- check module destructor
undisposed object: (BundlePacket) RegionsNetwork.regionNode[0].dtn.Src:A1,Dst:A15,ID:557048 -- check module destructor
undisposed object: (BundlePacket) RegionsNetwork.regionNode[0].dtn.Src:A1,Dst:A15,ID:556391 -- check module destructor
undisposed object: (BundlePacket) RegionsNetwork.regionNode[0].dtn.Src:A1,Dst:A15,ID:554850 -- check module destructor
undisposed object: (BundlePacket) RegionsNetwork.regionNode[0].dtn.Src:A1,Dst:A15,ID:554736 -- check module destructor
undisposed object: (BundlePacket) RegionsNetwork.regionNode[0].dtn.Src:A1,Dst:A15,ID:555593 -- check module destructor
undisposed object: (BundlePacket) RegionsNetwork.regionNode[0].dtn.Src:A1,Dst:A15,ID:553795 -- check module destructor
undisposed object: (BundlePacket) RegionsNetwork.regionNode[0].dtn.Src:A1,Dst:A15,ID:556134 -- check module destructor
undisposed object: (BundlePacket) RegionsNetwork.regionNode[0].dtn.Src:A1,Dst:A15,ID:554225 -- check module destructor
undisposed object: (BundlePacket) RegionsNetwork.regionNode[0].dtn.Src:A1,Dst:A15,ID:554508 -- check module destructor
undisposed object: (BundlePacket) RegionsNetwork.regionNode[0].dtn.Src:A1,Dst:A15,ID:556619 -- check module destructor
undisposed object: (BundlePacket) RegionsNetwork.regionNode[0].dtn.Src:A1,Dst:A15,ID:555108 -- check module destructor
undisposed object: (BundlePacket) RegionsNetwork.regionNode[0].dtn.Src:A1,Dst:A15,ID:557252 -- check module destructor
undisposed object: (BundlePacket) RegionsNetwork.regionNode[0].dtn.Src:A1,Dst:A15,ID:553681 -- check module destructor
undisposed object: (BundlePacket) RegionsNetwork.regionNode[0].dtn.Src:A1,Dst:A15,ID:557286 -- check module destructor
undisposed object: (BundlePacket) RegionsNetwork.regionNode[0].dtn.Src:A1,Dst:A15,ID:556104 -- check module destructor
undisposed object: (BundlePacket) RegionsNetwork.regionNode[0].dtn.Src:A1,Dst:A15,ID:555163 -- check module destructor
undisposed object: (BundlePacket) RegionsNetwork.regionNode[0].dtn.Src:A1,Dst:A15,ID:555762 -- check module destructor
undisposed object: (BundlePacket) RegionsNetwork.regionNode[0].dtn.Src:A1,Dst:A15,ID:556049 -- check module destructor
undisposed object: (BundlePacket) RegionsNetwork.regionNode[0].dtn.Src:A1,Dst:A15,ID:554082 -- check module destructor
undisposed object: (BundlePacket) RegionsNetwork.regionNode[0].dtn.Src:A1,Dst:A15,ID:556189 -- check module destructor
undisposed object: (BundlePacket) RegionsNetwork.regionNode[0].dtn.Src:A1,Dst:A15,ID:554251 -- check module destructor
undisposed object: (BundlePacket) RegionsNetwork.regionNode[0].dtn.Src:A1,Dst:A15,ID:554365 -- check module destructor
undisposed object: (BundlePacket) RegionsNetwork.regionNode[0].dtn.Src:A1,Dst:A15,ID:555222 -- check module destructor
undisposed object: (BundlePacket) RegionsNetwork.regionNode[0].dtn.Src:A1,Dst:A15,ID:555137 -- check module destructor
undisposed object: (BundlePacket) RegionsNetwork.regionNode[0].dtn.Src:A1,Dst:A15,ID:557444 -- check module destructor
undisposed object: (BundlePacket) RegionsNetwork.regionNode[0].dtn.Src:A1,Dst:A15,ID:554339 -- check module destructor
undisposed object: (BundlePacket) RegionsNetwork.regionNode[0].dtn.Src:A1,Dst:A15,ID:557478 -- check module destructor
undisposed object: (BundlePacket) RegionsNetwork.regionNode[0].dtn.Src:A1,Dst:A15,ID:555733 -- check module destructor
undisposed object: (BundlePacket) RegionsNetwork.regionNode[0].dtn.Src:A1,Dst:A15,ID:554280 -- check module destructor
undisposed object: (BundlePacket) RegionsNetwork.regionNode[0].dtn.Src:A1,Dst:A15,ID:557495 -- check module destructor
undisposed object: (BundlePacket) RegionsNetwork.regionNode[0].dtn.Src:A1,Dst:A15,ID:557018 -- check module destructor
undisposed object: (BundlePacket) RegionsNetwork.regionNode[0].dtn.Src:A1,Dst:A15,ID:554394 -- check module destructor
undisposed object: (BundlePacket) RegionsNetwork.regionNode[0].dtn.Src:A1,Dst:A15,ID:557188 -- check module destructor
undisposed object: (BundlePacket) RegionsNetwork.regionNode[0].dtn.Src:A1,Dst:A15,ID:557103 -- check module destructor
undisposed object: (BundlePacket) RegionsNetwork.regionNode[0].dtn.Src:A1,Dst:A15,ID:557380 -- check module destructor
undisposed object: (BundlePacket) RegionsNetwork.regionNode[0].dtn.Src:A1,Dst:A15,ID:554567 -- check module destructor
undisposed object: (BundlePacket) RegionsNetwork.regionNode[0].dtn.Src:A1,Dst:A15,ID:557350 -- check module destructor
undisposed object: (BundlePacket) RegionsNetwork.regionNode[0].dtn.Src:A1,Dst:A15,ID:557606 -- check module destructor
undisposed object: (BundlePacket) RegionsNetwork.regionNode[0].dtn.Src:A1,Dst:A15,ID:556332 -- check module destructor
undisposed object: (BundlePacket) RegionsNetwork.regionNode[0].dtn.Src:A1,Dst:A15,ID:555306 -- check module destructor
undisposed object: (BundlePacket) RegionsNetwork.regionNode[0].dtn.Src:A1,Dst:A15,ID:554111 -- check module destructor
undisposed object: (BundlePacket) RegionsNetwork.regionNode[0].dtn.Src:A1,Dst:A15,ID:553368 -- check module destructor
undisposed object: (BundlePacket) RegionsNetwork.regionNode[0].dtn.Src:A1,Dst:A15,ID:557461 -- check module destructor
undisposed object: (BundlePacket) RegionsNetwork.regionNode[0].dtn.Src:A1,Dst:A15,ID:557333 -- check module destructor
undisposed object: (BundlePacket) RegionsNetwork.regionNode[0].dtn.Src:A1,Dst:A15,ID:555990 -- check module destructor
undisposed object: (BundlePacket) RegionsNetwork.regionNode[0].dtn.Src:A1,Dst:A15,ID:555277 -- check module destructor
undisposed object: (BundlePacket) RegionsNetwork.regionNode[0].dtn.Src:A1,Dst:A15,ID:554310 -- check module destructor
undisposed object: (BundlePacket) RegionsNetwork.regionNode[0].dtn.Src:A1,Dst:A15,ID:553854 -- check module destructor
undisposed object: (BundlePacket) RegionsNetwork.regionNode[0].dtn.Src:A1,Dst:A15,ID:554052 -- check module destructor
undisposed object: (BundlePacket) RegionsNetwork.regionNode[0].dtn.Src:A1,Dst:A15,ID:557316 -- check module destructor
undisposed object: (BundlePacket) RegionsNetwork.regionNode[0].dtn.Src:A1,Dst:A15,ID:557132 -- check module destructor
undisposed object: (BundlePacket) RegionsNetwork.regionNode[0].dtn.Src:A1,Dst:A15,ID:557508 -- check module destructor
undisposed object: (BundlePacket) RegionsNetwork.regionNode[0].dtn.Src:A1,Dst:A15,ID:556446 -- check module destructor
undisposed object: (BundlePacket) RegionsNetwork.regionNode[0].dtn.Src:A1,Dst:A15,ID:557623 -- check module destructor
undisposed object: (BundlePacket) RegionsNetwork.regionNode[0].dtn.Src:A1,Dst:A15,ID:555420 -- check module destructor
undisposed object: (BundlePacket) RegionsNetwork.regionNode[0].dtn.Src:A1,Dst:A15,ID:555961 -- check module destructor
undisposed object: (BundlePacket) RegionsNetwork.regionNode[0].dtn.Src:A1,Dst:A15,ID:557158 -- check module destructor
undisposed object: (BundlePacket) RegionsNetwork.regionNode[0].dtn.Src:A1,Dst:A15,ID:557542 -- check module destructor
undisposed object: (BundlePacket) RegionsNetwork.regionNode[0].dtn.Src:A1,Dst:A15,ID:555365 -- check module destructor
undisposed object: (BundlePacket) RegionsNetwork.regionNode[0].dtn.Src:A1,Dst:A15,ID:553482 -- check module destructor
undisposed object: (BundlePacket) RegionsNetwork.regionNode[0].dtn.Src:A1,Dst:A15,ID:556531 -- check module destructor
undisposed object: (BundlePacket) RegionsNetwork.regionNode[0].dtn.Src:A1,Dst:A15,ID:553938 -- check module destructor
undisposed object: (BundlePacket) RegionsNetwork.regionNode[0].dtn.Src:A1,Dst:A15,ID:557431 -- check module destructor
undisposed object: (BundlePacket) RegionsNetwork.regionNode[0].dtn.Src:A1,Dst:A15,ID:554196 -- check module destructor
undisposed object: (BundlePacket) RegionsNetwork.regionNode[0].dtn.Src:A1,Dst:A15,ID:553997 -- check module destructor
undisposed object: (BundlePacket) RegionsNetwork.regionNode[0].dtn.Src:A1,Dst:A15,ID:556075 -- check module destructor
undisposed object: (BundlePacket) RegionsNetwork.regionNode[0].dtn.Src:A1,Dst:A15,ID:556820 -- check module destructor
undisposed object: (BundlePacket) RegionsNetwork.regionNode[0].dtn.Src:A1,Dst:A15,ID:555847 -- check module destructor
undisposed object: (BundlePacket) RegionsNetwork.regionNode[0].dtn.Src:A1,Dst:A15,ID:556248 -- check module destructor
undisposed object: (BundlePacket) RegionsNetwork.regionNode[0].dtn.Src:A1,Dst:A15,ID:555505 -- check module destructor
undisposed object: (BundlePacket) RegionsNetwork.regionNode[0].dtn.Src:A1,Dst:A15,ID:557303 -- check module destructor
undisposed object: (BundlePacket) RegionsNetwork.regionNode[0].dtn.Src:A1,Dst:A15,ID:557222 -- check module destructor
undisposed object: (BundlePacket) RegionsNetwork.regionNode[0].dtn.Src:A1,Dst:A15,ID:554766 -- check module destructor
undisposed object: (BundlePacket) RegionsNetwork.regionNode[0].dtn.Src:A1,Dst:A15,ID:555078 -- check module destructor
undisposed object: (BundlePacket) RegionsNetwork.regionNode[0].dtn.Src:A1,Dst:A15,ID:555935 -- check module destructor
undisposed object: (BundlePacket) RegionsNetwork.regionNode[0].dtn.Src:A1,Dst:A15,ID:553284 -- check module destructor
undisposed object: (BundlePacket) RegionsNetwork.regionNode[0].dtn.Src:A1,Dst:A15,ID:554821 -- check module destructor
undisposed object: (BundlePacket) RegionsNetwork.regionNode[0].dtn.Src:A1,Dst:A15,ID:553339 -- check module destructor
undisposed object: (BundlePacket) RegionsNetwork.regionNode[0].dtn.Src:A1,Dst:A15,ID:557589 -- check module destructor
undisposed object: (BundlePacket) RegionsNetwork.regionNode[0].dtn.Src:A1,Dst:A15,ID:556963 -- check module destructor
undisposed object: (BundlePacket) RegionsNetwork.regionNode[0].dtn.Src:A1,Dst:A15,ID:556934 -- check module destructor
undisposed object: (BundlePacket) RegionsNetwork.regionNode[0].dtn.Src:A1,Dst:A15,ID:555391 -- check module destructor
undisposed object: (BundlePacket) RegionsNetwork.regionNode[0].dtn.Src:A1,Dst:A15,ID:554166 -- check module destructor
undisposed object: (BundlePacket) RegionsNetwork.regionNode[0].dtn.Src:A1,Dst:A15,ID:556560 -- check module destructor
undisposed object: (BundlePacket) RegionsNetwork.regionNode[0].dtn.Src:A1,Dst:A15,ID:553968 -- check module destructor
undisposed object: (BundlePacket) RegionsNetwork.regionNode[0].dtn.Src:A1,Dst:A15,ID:554137 -- check module destructor
undisposed object: (BundlePacket) RegionsNetwork.regionNode[0].dtn.Src:A1,Dst:A15,ID:553883 -- check module destructor
undisposed object: (BundlePacket) RegionsNetwork.regionNode[0].dtn.Src:A1,Dst:A15,ID:554681 -- check module destructor
undisposed object: (BundlePacket) RegionsNetwork.regionNode[0].dtn.Src:A1,Dst:A15,ID:557414 -- check module destructor
undisposed object: (BundlePacket) RegionsNetwork.regionNode[0].dtn.Src:A1,Dst:A15,ID:553824 -- check module destructor
undisposed object: (BundlePacket) RegionsNetwork.regionNode[0].dtn.Src:A1,Dst:A15,ID:556476 -- check module destructor
