** Event #0   t=0   Elapsed: 0.000s (0m 00s)
     Speed:     ev/sec=0   simsec/sec=0   ev/simsec=0
     Messages:  created: 1466   present: 1466   in FES: 1466
** Event #3584   t=2580   Elapsed: 10.019s (0m 10s)
     Speed:     ev/sec=357.82   simsec/sec=257.511   ev/simsec=1.38953
     Messages:  created: 3166   present: 3039   in FES: 1408
** Event #11008   t=2693   Elapsed: 19.491s (0m 19s)
     Speed:     ev/sec=783.867   simsec/sec=11.9312   ev/simsec=65.6991
     Messages:  created: 4298   present: 2922   in FES: 1410
** Event #17920   t=2802   Elapsed: 27.477s (0m 27s)
     Speed:     ev/sec=865.515   simsec/sec=13.6489   ev/simsec=63.4128
     Messages:  created: 5361   present: 2807   in FES: 1393
** Event #38656   t=3875   Elapsed: 29.481s (0m 29s)
     Speed:     ev/sec=10347.3   simsec/sec=535.429   ev/simsec=19.3253
     Messages:  created: 8686   present: 2785   in FES: 1368
** Event #57856   t=4635   Elapsed: 31.493s (0m 31s)
     Speed:     ev/sec=9547.49   simsec/sec=377.921   ev/simsec=25.2632
     Messages:  created: 11568   present: 2384   in FES: 1359
** Event #86235   t=86400   Elapsed: 33.157s (0m 33s)
     Speed:     ev/sec=17054.1   simsec/sec=49137.6   ev/simsec=0.347068
     Messages:  created: 16008   present: 0   in FES: 0

<!> No more events, simulation completed -- at t=86400s, event #86235
