** Event #0   t=0   Elapsed: 0.000s (0m 00s)
     Speed:     ev/sec=0   simsec/sec=0   ev/simsec=0
     Messages:  created: 1466   present: 1466   in FES: 1466
** Event #5376   t=2577   Elapsed: 10.324s (0m 10s)
     Speed:     ev/sec=520.825   simsec/sec=249.613   ev/simsec=2.08653
     Messages:  created: 4134   present: 4041   in FES: 1408
** Event #13056   t=2694   Elapsed: 19.750s (0m 19s)
     Speed:     ev/sec=814.854   simsec/sec=12.4138   ev/simsec=65.641
     Messages:  created: 5306   present: 3920   in FES: 1415
** Event #19968   t=2804   Elapsed: 27.615s (0m 27s)
     Speed:     ev/sec=878.942   simsec/sec=13.9878   ev/simsec=62.8364
     Messages:  created: 6368   present: 3806   in FES: 1389
** Event #39936   t=3626   Elapsed: 29.620s (0m 29s)
     Speed:     ev/sec=9959.1   simsec/sec=409.975   ev/simsec=24.292
     Messages:  created: 9613   present: 3790   in FES: 1374
** Event #54784   t=4426   Elapsed: 31.623s (0m 31s)
     Speed:     ev/sec=7412.88   simsec/sec=399.401   ev/simsec=18.56
     Messages:  created: 11898   present: 3595   in FES: 1361
** Event #82432   t=5249   Elapsed: 33.628s (0m 33s)
     Speed:     ev/sec=13796.4   simsec/sec=410.679   ev/simsec=33.5942
     Messages:  created: 15973   present: 2757   in FES: 1343
** Event #93440   t=7793   Elapsed: 41.884s (0m 41s)
     Speed:     ev/sec=1333.33   simsec/sec=308.14   ev/simsec=4.32704
     Messages:  created: 17556   present: 2213   in FES: 1323
** Event #108032   t=8014   Elapsed: 49.577s (0m 49s)
     Speed:     ev/sec=1897.04   simsec/sec=28.7311   ev/simsec=66.0271
     Messages:  created: 19773   present: 1986   in FES: 1313
** Event #116480   t=9295   Elapsed: 51.579s (0m 51s)
     Speed:     ev/sec=4219.78   simsec/sec=639.86   ev/simsec=6.59485
     Messages:  created: 21091   present: 1954   in FES: 1295
** Event #133632   t=9869   Elapsed: 53.582s (0m 53s)
     Speed:     ev/sec=8563.16   simsec/sec=286.57   ev/simsec=29.8815
     Messages:  created: 23616   present: 1551   in FES: 1273
** Event #141346   t=86400   Elapsed: 53.739s (0m 53s)
     Speed:     ev/sec=49442.3   simsec/sec=490583   ev/simsec=0.100783
     Messages:  created: 25060   present: 0   in FES: 0

<!> No more events, simulation completed -- at t=86400s, event #141346
