** Event #0   t=0   Elapsed: 0.000s (0m 00s)
     Speed:     ev/sec=0   simsec/sec=0   ev/simsec=0
     Messages:  created: 1466   present: 1466   in FES: 1466
** Event #5376   t=2577   Elapsed: 10.279s (0m 10s)
     Speed:     ev/sec=523.105   simsec/sec=250.705   ev/simsec=2.08653
     Messages:  created: 4134   present: 4041   in FES: 1408
** Event #13056   t=2694   Elapsed: 19.757s (0m 19s)
     Speed:     ev/sec=810.298   simsec/sec=12.3444   ev/simsec=65.641
     Messages:  created: 5306   present: 3920   in FES: 1415
** Event #19968   t=2804   Elapsed: 27.745s (0m 27s)
     Speed:     ev/sec=865.406   simsec/sec=13.7724   ev/simsec=62.8364
     Messages:  created: 6368   present: 3806   in FES: 1389
** Event #40448   t=3665   Elapsed: 29.760s (0m 29s)
     Speed:     ev/sec=10168.8   simsec/sec=427.507   ev/simsec=23.7863
     Messages:  created: 9691   present: 3790   in FES: 1373
** Event #55552   t=4445   Elapsed: 31.766s (0m 31s)
     Speed:     ev/sec=7529.41   simsec/sec=388.833   ev/simsec=19.3641
     Messages:  created: 12013   present: 3572   in FES: 1358
** Event #82432   t=5249   Elapsed: 33.770s (0m 33s)
     Speed:     ev/sec=13419.9   simsec/sec=401.398   ev/simsec=33.4328
     Messages:  created: 15973   present: 2757   in FES: 1343
** Event #93440   t=7793   Elapsed: 42.222s (0m 42s)
     Speed:     ev/sec=1302.57   simsec/sec=301.029   ev/simsec=4.32704
     Messages:  created: 17556   present: 2213   in FES: 1323
** Event #108032   t=8014   Elapsed: 50.010s (0m 50s)
     Speed:     ev/sec=1873.65   simsec/sec=28.377   ev/simsec=66.0271
     Messages:  created: 19773   present: 1986   in FES: 1313
** Event #116480   t=9295   Elapsed: 52.043s (0m 52s)
     Speed:     ev/sec=4157.48   simsec/sec=630.413   ev/simsec=6.59485
     Messages:  created: 21091   present: 1954   in FES: 1295
** Event #134144   t=9883   Elapsed: 54.047s (0m 54s)
     Speed:     ev/sec=8814.37   simsec/sec=293.413   ev/simsec=30.0408
     Messages:  created: 23690   present: 1540   in FES: 1283
** Event #141346   t=86400   Elapsed: 54.190s (0m 54s)
     Speed:     ev/sec=50711.3   simsec/sec=538852   ev/simsec=0.0941098
     Messages:  created: 25060   present: 0   in FES: 0

<!> No more events, simulation completed -- at t=86400s, event #141346
