** Event #0   t=0   Elapsed: 0.000s (0m 00s)
     Speed:     ev/sec=0   simsec/sec=0   ev/simsec=0
     Messages:  created: 1466   present: 1466   in FES: 1466
** Event #5376   t=2577   Elapsed: 10.345s (0m 10s)
     Speed:     ev/sec=519.768   simsec/sec=249.106   ev/simsec=2.08653
     Messages:  created: 4134   present: 4041   in FES: 1408
** Event #13056   t=2694   Elapsed: 19.758s (0m 19s)
     Speed:     ev/sec=815.98   simsec/sec=12.4309   ev/simsec=65.641
     Messages:  created: 5306   present: 3920   in FES: 1415
** Event #19968   t=2804   Elapsed: 27.714s (0m 27s)
     Speed:     ev/sec=868.887   simsec/sec=13.8278   ev/simsec=62.8364
     Messages:  created: 6368   present: 3806   in FES: 1389
** Event #40704   t=3685   Elapsed: 29.715s (0m 29s)
     Speed:     ev/sec=10368   simsec/sec=440.5   ev/simsec=23.5369
     Messages:  created: 9731   present: 3790   in FES: 1374
** Event #55040   t=4432   Elapsed: 31.721s (0m 31s)
     Speed:     ev/sec=7146.56   simsec/sec=372.383   ev/simsec=19.1914
     Messages:  created: 11937   present: 3587   in FES: 1364
** Event #83200   t=5286   Elapsed: 33.728s (0m 33s)
     Speed:     ev/sec=14037.9   simsec/sec=425.723   ev/simsec=32.9742
     Messages:  created: 16083   present: 2720   in FES: 1346
** Event #93440   t=7793   Elapsed: 42.048s (0m 42s)
     Speed:     ev/sec=1230.92   simsec/sec=301.358   ev/simsec=4.08456
     Messages:  created: 17556   present: 2213   in FES: 1323
** Event #108032   t=8014   Elapsed: 49.794s (0m 49s)
     Speed:     ev/sec=1884.05   simsec/sec=28.5345   ev/simsec=66.0271
     Messages:  created: 19773   present: 1986   in FES: 1313
** Event #116736   t=9300   Elapsed: 51.797s (0m 51s)
     Speed:     ev/sec=4345.48   simsec/sec=642.037   ev/simsec=6.76827
     Messages:  created: 21128   present: 1946   in FES: 1289
** Event #134912   t=9905   Elapsed: 53.799s (0m 53s)
     Speed:     ev/sec=9083.46   simsec/sec=302.349   ev/simsec=30.043
     Messages:  created: 23800   present: 1518   in FES: 1285
** Event #141346   t=86400   Elapsed: 53.916s (0m 53s)
     Speed:     ev/sec=55456.9   simsec/sec=659440   ev/simsec=0.084097
     Messages:  created: 25060   present: 0   in FES: 0

<!> No more events, simulation completed -- at t=86400s, event #141346
