** Event #0   t=0   Elapsed: 0.000s (0m 00s)
     Speed:     ev/sec=0   simsec/sec=0   ev/simsec=0
     Messages:  created: 1466   present: 1466   in FES: 1466
** Event #3584   t=2580   Elapsed: 9.945s (0m 09s)
     Speed:     ev/sec=360.519   simsec/sec=259.453   ev/simsec=1.38953
     Messages:  created: 3166   present: 3039   in FES: 1408
** Event #11008   t=2693   Elapsed: 19.244s (0m 19s)
     Speed:     ev/sec=798.365   simsec/sec=12.1518   ev/simsec=65.6991
     Messages:  created: 4298   present: 2922   in FES: 1410
** Event #17920   t=2802   Elapsed: 27.215s (0m 27s)
     Speed:     ev/sec=867.143   simsec/sec=13.6746   ev/simsec=63.4128
     Messages:  created: 5361   present: 2807   in FES: 1393
** Event #38912   t=3912   Elapsed: 29.216s (0m 29s)
     Speed:     ev/sec=10496   simsec/sec=555   ev/simsec=18.9117
     Messages:  created: 8723   present: 2785   in FES: 1367
** Event #58368   t=4647   Elapsed: 31.218s (0m 31s)
     Speed:     ev/sec=9718.28   simsec/sec=367.133   ev/simsec=26.4707
     Messages:  created: 11646   present: 2374   in FES: 1367
** Event #86235   t=86400   Elapsed: 32.922s (0m 32s)
     Speed:     ev/sec=16353.3   simsec/sec=47977.1   ev/simsec=0.340856
     Messages:  created: 16008   present: 0   in FES: 0

<!> No more events, simulation completed -- at t=86400s, event #86235
