** Event #0   t=0   Elapsed: 0.000s (0m 00s)
     Speed:     ev/sec=0   simsec/sec=0   ev/simsec=0
     Messages:  created: 1466   present: 1466   in FES: 1466
** Event #5376   t=2577   Elapsed: 10.257s (0m 10s)
     Speed:     ev/sec=524.227   simsec/sec=251.243   ev/simsec=2.08653
     Messages:  created: 4134   present: 4041   in FES: 1408
** Event #13056   t=2694   Elapsed: 19.592s (0m 19s)
     Speed:     ev/sec=822.798   simsec/sec=12.5348   ev/simsec=65.641
     Messages:  created: 5306   present: 3920   in FES: 1415
** Event #19968   t=2804   Elapsed: 27.481s (0m 27s)
     Speed:     ev/sec=876.268   simsec/sec=13.9452   ev/simsec=62.8364
     Messages:  created: 6368   present: 3806   in FES: 1389
** Event #40192   t=3646   Elapsed: 29.490s (0m 29s)
     Speed:     ev/sec=10071.7   simsec/sec=419.323   ev/simsec=24.019
     Messages:  created: 9652   present: 3789   in FES: 1372
** Event #55296   t=4438   Elapsed: 31.494s (0m 31s)
     Speed:     ev/sec=7536.93   simsec/sec=395.21   ev/simsec=19.0707
     Messages:  created: 11976   present: 3583   in FES: 1369
** Event #83456   t=5298   Elapsed: 33.496s (0m 33s)
     Speed:     ev/sec=14065.9   simsec/sec=429.57   ev/simsec=32.7442
     Messages:  created: 16120   present: 2709   in FES: 1348
** Event #93440   t=7793   Elapsed: 41.793s (0m 41s)
     Speed:     ev/sec=1203.47   simsec/sec=300.747   ev/simsec=4.0016
     Messages:  created: 17556   present: 2213   in FES: 1323
** Event #108032   t=8014   Elapsed: 49.496s (0m 49s)
     Speed:     ev/sec=1894.33   simsec/sec=28.6901   ev/simsec=66.0271
     Messages:  created: 19773   present: 1986   in FES: 1313
** Event #116480   t=9295   Elapsed: 51.499s (0m 51s)
     Speed:     ev/sec=4219.78   simsec/sec=639.86   ev/simsec=6.59485
     Messages:  created: 21091   present: 1954   in FES: 1295
** Event #131072   t=9796   Elapsed: 53.501s (0m 53s)
     Speed:     ev/sec=7292.35   simsec/sec=250.375   ev/simsec=29.1257
     Messages:  created: 23250   present: 1627   in FES: 1275
** Event #141346   t=86400   Elapsed: 53.739s (0m 53s)
     Speed:     ev/sec=43346   simsec/sec=323224   ev/simsec=0.134105
     Messages:  created: 25060   present: 0   in FES: 0

<!> No more events, simulation completed -- at t=86400s, event #141346
