** Event #0   t=0   Elapsed: 0.000s (0m 00s)
     Speed:     ev/sec=0   simsec/sec=0   ev/simsec=0
     Messages:  created: 1466   present: 1466   in FES: 1466
** Event #5376   t=2577   Elapsed: 10.279s (0m 10s)
     Speed:     ev/sec=523.105   simsec/sec=250.705   ev/simsec=2.08653
     Messages:  created: 4134   present: 4041   in FES: 1408
** Event #13056   t=2694   Elapsed: 19.646s (0m 19s)
     Speed:     ev/sec=819.9   simsec/sec=12.4907   ev/simsec=65.641
     Messages:  created: 5306   present: 3920   in FES: 1415
** Event #19968   t=2804   Elapsed: 27.570s (0m 27s)
     Speed:     ev/sec=872.397   simsec/sec=13.8836   ev/simsec=62.8364
     Messages:  created: 6368   present: 3806   in FES: 1389
** Event #40704   t=3685   Elapsed: 29.571s (0m 29s)
     Speed:     ev/sec=10362.8   simsec/sec=440.28   ev/simsec=23.5369
     Messages:  created: 9731   present: 3790   in FES: 1374
** Event #56320   t=4464   Elapsed: 31.581s (0m 31s)
     Speed:     ev/sec=7773.02   simsec/sec=387.755   ev/simsec=20.0462
     Messages:  created: 12129   present: 3555   in FES: 1364
** Event #84992   t=5371   Elapsed: 33.584s (0m 33s)
     Speed:     ev/sec=14321.7   simsec/sec=453.047   ev/simsec=31.6119
     Messages:  created: 16339   present: 2635   in FES: 1345
** Event #93440   t=7793   Elapsed: 41.853s (0m 41s)
     Speed:     ev/sec=1021.77   simsec/sec=292.937   ev/simsec=3.48803
     Messages:  created: 17556   present: 2213   in FES: 1323
** Event #108032   t=8014   Elapsed: 49.497s (0m 49s)
     Speed:     ev/sec=1909.2   simsec/sec=28.9153   ev/simsec=66.0271
     Messages:  created: 19773   present: 1986   in FES: 1313
** Event #116480   t=9295   Elapsed: 51.519s (0m 51s)
     Speed:     ev/sec=4180.11   simsec/sec=633.845   ev/simsec=6.59485
     Messages:  created: 21091   present: 1954   in FES: 1295
** Event #134656   t=9898   Elapsed: 53.525s (0m 53s)
     Speed:     ev/sec=9060.82   simsec/sec=300.598   ev/simsec=30.1426
     Messages:  created: 23763   present: 1524   in FES: 1279
** Event #141346   t=86400   Elapsed: 53.650s (0m 53s)
     Speed:     ev/sec=53943.5   simsec/sec=616952   ev/simsec=0.0874356
     Messages:  created: 25060   present: 0   in FES: 0

<!> No more events, simulation completed -- at t=86400s, event #141346
