** Event #0   t=0   Elapsed: 0.000s (0m 00s)
     Speed:     ev/sec=0   simsec/sec=0   ev/simsec=0
     Messages:  created: 1466   present: 1466   in FES: 1466
** Event #3584   t=2580   Elapsed: 9.980s (0m 09s)
     Speed:     ev/sec=359.218   simsec/sec=258.517   ev/simsec=1.38953
     Messages:  created: 3166   present: 3039   in FES: 1408
** Event #11008   t=2693   Elapsed: 19.331s (0m 19s)
     Speed:     ev/sec=793.926   simsec/sec=12.0843   ev/simsec=65.6991
     Messages:  created: 4298   present: 2922   in FES: 1410
** Event #17920   t=2802   Elapsed: 27.260s (0m 27s)
     Speed:     ev/sec=871.847   simsec/sec=13.7487   ev/simsec=63.4128
     Messages:  created: 5361   present: 2807   in FES: 1393
** Event #39168   t=3948   Elapsed: 29.282s (0m 29s)
     Speed:     ev/sec=10513.6   simsec/sec=567.046   ev/simsec=18.541
     Messages:  created: 8759   present: 2781   in FES: 1365
** Event #58880   t=4660   Elapsed: 31.288s (0m 31s)
     Speed:     ev/sec=9826.52   simsec/sec=354.935   ev/simsec=27.6854
     Messages:  created: 11723   present: 2360   in FES: 1370
** Event #86235   t=86400   Elapsed: 32.904s (0m 32s)
     Speed:     ev/sec=16937.5   simsec/sec=50613   ev/simsec=0.334646
     Messages:  created: 16008   present: 0   in FES: 0

<!> No more events, simulation completed -- at t=86400s, event #86235
