** Event #0   t=0   Elapsed: 0.000s (0m 00s)
     Speed:     ev/sec=0   simsec/sec=0   ev/simsec=0
     Messages:  created: 1466   present: 1466   in FES: 1466
** Event #3584   t=2580   Elapsed: 9.915s (0m 09s)
     Speed:     ev/sec=361.573   simsec/sec=260.212   ev/simsec=1.38953
     Messages:  created: 3166   present: 3039   in FES: 1408
** Event #11008   t=2693   Elapsed: 19.380s (0m 19s)
     Speed:     ev/sec=784.446   simsec/sec=11.94   ev/simsec=65.6991
     Messages:  created: 4298   present: 2922   in FES: 1410
** Event #17920   t=2802   Elapsed: 27.311s (0m 27s)
     Speed:     ev/sec=871.517   simsec/sec=13.7435   ev/simsec=63.4128
     Messages:  created: 5361   present: 2807   in FES: 1393
** Event #38912   t=3912   Elapsed: 29.331s (0m 29s)
     Speed:     ev/sec=10397.2   simsec/sec=549.777   ev/simsec=18.9117
     Messages:  created: 8723   present: 2785   in FES: 1367
** Event #58112   t=4641   Elapsed: 31.334s (0m 31s)
     Speed:     ev/sec=9590.41   simsec/sec=364.136   ev/simsec=26.3374
     Messages:  created: 11608   present: 2379   in FES: 1369
** Event #86235   t=86400   Elapsed: 32.992s (0m 32s)
     Speed:     ev/sec=16961.4   simsec/sec=49311.8   ev/simsec=0.343962
     Messages:  created: 16008   present: 0   in FES: 0

<!> No more events, simulation completed -- at t=86400s, event #86235
