** Event #0   t=0   Elapsed: 0.000s (0m 00s)
     Speed:     ev/sec=0   simsec/sec=0   ev/simsec=0
     Messages:  created: 1466   present: 1466   in FES: 1466
** Event #3584   t=2580   Elapsed: 9.951s (0m 09s)
     Speed:     ev/sec=360.265   simsec/sec=259.27   ev/simsec=1.38953
     Messages:  created: 3166   present: 3039   in FES: 1408
** Event #11008   t=2693   Elapsed: 19.289s (0m 19s)
     Speed:     ev/sec=795.031   simsec/sec=12.1011   ev/simsec=65.6991
     Messages:  created: 4298   present: 2922   in FES: 1410
** Event #17920   t=2802   Elapsed: 27.208s (0m 27s)
     Speed:     ev/sec=872.948   simsec/sec=13.7661   ev/simsec=63.4128
     Messages:  created: 5361   present: 2807   in FES: 1393
** Event #38912   t=3912   Elapsed: 29.211s (0m 29s)
     Speed:     ev/sec=10480.3   simsec/sec=554.169   ev/simsec=18.9117
     Messages:  created: 8723   present: 2785   in FES: 1367
** Event #58112   t=4641   Elapsed: 31.212s (0m 31s)
     Speed:     ev/sec=9600   simsec/sec=364.5   ev/simsec=26.3374
     Messages:  created: 11608   present: 2379   in FES: 1369
** Event #86235   t=86400   Elapsed: 32.864s (0m 32s)
     Speed:     ev/sec=17023   simsec/sec=49490.9   ev/simsec=0.343962
     Messages:  created: 16008   present: 0   in FES: 0

<!> No more events, simulation completed -- at t=86400s, event #86235
