** Event #0   t=0   Elapsed: 0.000s (0m 00s)
     Speed:     ev/sec=0   simsec/sec=0   ev/simsec=0
     Messages:  created: 1466   present: 1466   in FES: 1466
** Event #4352   t=2577   Elapsed: 6.732s (0m 06s)
     Speed:     ev/sec=646.613   simsec/sec=382.799   ev/simsec=1.68917
     Messages:  created: 3630   present: 3537   in FES: 1399
** Event #4608   t=2581   Elapsed: 10.135s (0m 10s)
     Speed:     ev/sec=75.2499   simsec/sec=1.17578   ev/simsec=64
     Messages:  created: 3670   present: 3533   in FES: 1406
** Event #12032   t=2694   Elapsed: 19.470s (0m 19s)
     Speed:     ev/sec=795.372   simsec/sec=12.1063   ev/simsec=65.6991
     Messages:  created: 4800   present: 3414   in FES: 1398
** Event #18944   t=2803   Elapsed: 27.418s (0m 27s)
     Speed:     ev/sec=869.653   simsec/sec=13.7141   ev/simsec=63.4128
     Messages:  created: 5864   present: 3305   in FES: 1389
** Event #39680   t=3683   Elapsed: 29.420s (0m 29s)
     Speed:     ev/sec=10362.8   simsec/sec=439.78   ev/simsec=23.5636
     Messages:  created: 9227   present: 3290   in FES: 1375
** Event #52224   t=4387   Elapsed: 31.425s (0m 31s)
     Speed:     ev/sec=6256.36   simsec/sec=351.122   ev/simsec=17.8182
     Messages:  created: 11164   present: 3134   in FES: 1361
** Event #78848   t=5127   Elapsed: 33.433s (0m 33s)
     Speed:     ev/sec=13265.6   simsec/sec=368.71   ev/simsec=35.9784
     Messages:  created: 15102   present: 2383   in FES: 1352
** Event #92416   t=7792   Elapsed: 40.951s (0m 40s)
     Speed:     ev/sec=1804.98   simsec/sec=354.53   ev/simsec=5.09118
     Messages:  created: 17053   present: 1714   in FES: 1322
** Event #107008   t=8014   Elapsed: 43.951s (0m 43s)
     Speed:     ev/sec=4865.62   simsec/sec=74.0247   ev/simsec=65.7297
     Messages:  created: 19269   present: 1482   in FES: 1313
** Event #107264   t=8022   Elapsed: 49.493s (0m 49s)
     Speed:     ev/sec=46.1927   simsec/sec=1.44352   ev/simsec=32
     Messages:  created: 19312   present: 1485   in FES: 1315
** Event #118129   t=86400   Elapsed: 51.303s (0m 51s)
     Speed:     ev/sec=6005.53   simsec/sec=43326.7   ev/simsec=0.13861
     Messages:  created: 21328   present: 0   in FES: 0

<!> No more events, simulation completed -- at t=86400s, event #118129
