** Event #0   t=0   Elapsed: 0.000s (0m 00s)
     Speed:     ev/sec=0   simsec/sec=0   ev/simsec=0
     Messages:  created: 1466   present: 1466   in FES: 1466
** Event #4352   t=2577   Elapsed: 6.872s (0m 06s)
     Speed:     ev/sec=633.44   simsec/sec=375   ev/simsec=1.68917
     Messages:  created: 3630   present: 3537   in FES: 1399
** Event #4608   t=2581   Elapsed: 10.251s (0m 10s)
     Speed:     ev/sec=75.7845   simsec/sec=1.18413   ev/simsec=64
     Messages:  created: 3670   present: 3533   in FES: 1406
** Event #12032   t=2694   Elapsed: 19.694s (0m 19s)
     Speed:     ev/sec=786.191   simsec/sec=11.9665   ev/simsec=65.6991
     Messages:  created: 4800   present: 3414   in FES: 1398
** Event #18944   t=2803   Elapsed: 27.623s (0m 27s)
     Speed:     ev/sec=871.847   simsec/sec=13.7487   ev/simsec=63.4128
     Messages:  created: 5864   present: 3305   in FES: 1389
** Event #39424   t=3664   Elapsed: 29.631s (0m 29s)
     Speed:     ev/sec=10204.3   simsec/sec=428.999   ev/simsec=23.7863
     Messages:  created: 9187   present: 3289   in FES: 1371
** Event #54784   t=4451   Elapsed: 31.636s (0m 31s)
     Speed:     ev/sec=7660.85   simsec/sec=392.519   ev/simsec=19.5172
     Messages:  created: 11548   present: 3070   in FES: 1361
** Event #83712   t=5358   Elapsed: 33.641s (0m 33s)
     Speed:     ev/sec=14435.1   simsec/sec=452.595   ev/simsec=31.8942
     Messages:  created: 15799   present: 2148   in FES: 1346
** Event #92416   t=7792   Elapsed: 41.116s (0m 41s)
     Speed:     ev/sec=1164.41   simsec/sec=325.619   ev/simsec=3.57601
     Messages:  created: 17053   present: 1714   in FES: 1322
** Event #107008   t=8014   Elapsed: 44.184s (0m 44s)
     Speed:     ev/sec=4757.74   simsec/sec=72.3834   ev/simsec=65.7297
     Messages:  created: 19269   present: 1482   in FES: 1313
** Event #107264   t=8022   Elapsed: 49.740s (0m 49s)
     Speed:     ev/sec=46.0846   simsec/sec=1.44014   ev/simsec=32
     Messages:  created: 19312   present: 1485   in FES: 1315
** Event #118129   t=86400   Elapsed: 51.546s (0m 51s)
     Speed:     ev/sec=6015.5   simsec/sec=43398.7   ev/simsec=0.13861
     Messages:  created: 21328   present: 0   in FES: 0

<!> No more events, simulation completed -- at t=86400s, event #118129
