** Event #0   t=0   Elapsed: 0.000s (0m 00s)
     Speed:     ev/sec=0   simsec/sec=0   ev/simsec=0
     Messages:  created: 1466   present: 1466   in FES: 1466
** Event #4352   t=2577   Elapsed: 6.725s (0m 06s)
     Speed:     ev/sec=647.286   simsec/sec=383.197   ev/simsec=1.68917
     Messages:  created: 3630   present: 3537   in FES: 1399
** Event #4608   t=2581   Elapsed: 10.121s (0m 10s)
     Speed:     ev/sec=75.405   simsec/sec=1.1782   ev/simsec=64
     Messages:  created: 3670   present: 3533   in FES: 1406
** Event #12032   t=2694   Elapsed: 19.498s (0m 19s)
     Speed:     ev/sec=791.724   simsec/sec=12.0508   ev/simsec=65.6991
     Messages:  created: 4800   present: 3414   in FES: 1398
** Event #18944   t=2803   Elapsed: 27.445s (0m 27s)
     Speed:     ev/sec=869.872   simsec/sec=13.7176   ev/simsec=63.4128
     Messages:  created: 5864   present: 3305   in FES: 1389
** Event #39680   t=3683   Elapsed: 29.460s (0m 29s)
     Speed:     ev/sec=10290.8   simsec/sec=436.725   ev/simsec=23.5636
     Messages:  created: 9227   present: 3290   in FES: 1375
** Event #54016   t=4431   Elapsed: 31.469s (0m 31s)
     Speed:     ev/sec=7135.89   simsec/sec=372.325   ev/simsec=19.1658
     Messages:  created: 11434   present: 3090   in FES: 1369
** Event #81152   t=5236   Elapsed: 33.470s (0m 33s)
     Speed:     ev/sec=13568   simsec/sec=402.5   ev/simsec=33.7093
     Messages:  created: 15434   present: 2271   in FES: 1348
** Event #92416   t=7792   Elapsed: 41.014s (0m 41s)
     Speed:     ev/sec=1493.31   simsec/sec=338.857   ev/simsec=4.40689
     Messages:  created: 17053   present: 1714   in FES: 1322
** Event #107008   t=8014   Elapsed: 44.020s (0m 44s)
     Speed:     ev/sec=4855.91   simsec/sec=73.8769   ev/simsec=65.7297
     Messages:  created: 19269   present: 1482   in FES: 1313
** Event #107264   t=8022   Elapsed: 49.598s (0m 49s)
     Speed:     ev/sec=45.8946   simsec/sec=1.43421   ev/simsec=32
     Messages:  created: 19312   present: 1485   in FES: 1315
** Event #118129   t=86400   Elapsed: 51.412s (0m 51s)
     Speed:     ev/sec=5992.28   simsec/sec=43231.1   ev/simsec=0.13861
     Messages:  created: 21328   present: 0   in FES: 0

<!> No more events, simulation completed -- at t=86400s, event #118129
