** Event #0   t=0   Elapsed: 0.000s (0m 00s)
     Speed:     ev/sec=0   simsec/sec=0   ev/simsec=0
     Messages:  created: 1466   present: 1466   in FES: 1466
** Event #4352   t=2577   Elapsed: 6.776s (0m 06s)
     Speed:     ev/sec=642.414   simsec/sec=380.313   ev/simsec=1.68917
     Messages:  created: 3630   present: 3537   in FES: 1399
** Event #4608   t=2581   Elapsed: 10.243s (0m 10s)
     Speed:     ev/sec=73.8391   simsec/sec=1.15374   ev/simsec=64
     Messages:  created: 3670   present: 3533   in FES: 1406
** Event #12032   t=2694   Elapsed: 19.685s (0m 19s)
     Speed:     ev/sec=786.357   simsec/sec=11.9691   ev/simsec=65.6991
     Messages:  created: 4800   present: 3414   in FES: 1398
** Event #18944   t=2803   Elapsed: 27.655s (0m 27s)
     Speed:     ev/sec=867.252   simsec/sec=13.6763   ev/simsec=63.4128
     Messages:  created: 5864   present: 3305   in FES: 1389
** Event #39680   t=3683   Elapsed: 29.679s (0m 29s)
     Speed:     ev/sec=10250.1   simsec/sec=434.998   ev/simsec=23.5636
     Messages:  created: 9227   present: 3290   in FES: 1375
** Event #55040   t=4457   Elapsed: 31.691s (0m 31s)
     Speed:     ev/sec=7634.19   simsec/sec=384.692   ev/simsec=19.845
     Messages:  created: 11587   present: 3062   in FES: 1364
** Event #78848   t=5127   Elapsed: 33.702s (0m 33s)
     Speed:     ev/sec=11844.8   simsec/sec=333.333   ev/simsec=35.5343
     Messages:  created: 15102   present: 2383   in FES: 1352
** Event #92416   t=7792   Elapsed: 41.297s (0m 41s)
     Speed:     ev/sec=1786.44   simsec/sec=350.889   ev/simsec=5.09118
     Messages:  created: 17053   present: 1714   in FES: 1322
** Event #107008   t=8014   Elapsed: 44.334s (0m 44s)
     Speed:     ev/sec=4806.32   simsec/sec=73.1225   ev/simsec=65.7297
     Messages:  created: 19269   present: 1482   in FES: 1313
** Event #107264   t=8022   Elapsed: 49.899s (0m 49s)
     Speed:     ev/sec=46.0018   simsec/sec=1.43756   ev/simsec=32
     Messages:  created: 19312   present: 1485   in FES: 1315
** Event #118129   t=86400   Elapsed: 51.720s (0m 51s)
     Speed:     ev/sec=5969.23   simsec/sec=43064.8   ev/simsec=0.13861
     Messages:  created: 21328   present: 0   in FES: 0

<!> No more events, simulation completed -- at t=86400s, event #118129
