** Event #0   t=0   Elapsed: 0.000s (0m 00s)
     Speed:     ev/sec=0   simsec/sec=0   ev/simsec=0
     Messages:  created: 1466   present: 1466   in FES: 1466
** Event #3584   t=2580   Elapsed: 9.942s (0m 09s)
     Speed:     ev/sec=360.591   simsec/sec=259.505   ev/simsec=1.38953
     Messages:  created: 3166   present: 3039   in FES: 1408
** Event #11008   t=2693   Elapsed: 19.306s (0m 19s)
     Speed:     ev/sec=792.824   simsec/sec=12.0675   ev/simsec=65.6991
     Messages:  created: 4298   present: 2922   in FES: 1410
** Event #17920   t=2802   Elapsed: 27.234s (0m 27s)
     Speed:     ev/sec=871.957   simsec/sec=13.7505   ev/simsec=63.4128
     Messages:  created: 5361   present: 2807   in FES: 1393
** Event #38912   t=3912   Elapsed: 29.237s (0m 29s)
     Speed:     ev/sec=10485.5   simsec/sec=554.446   ev/simsec=18.9117
     Messages:  created: 8723   present: 2785   in FES: 1367
** Event #57600   t=4628   Elapsed: 31.244s (0m 31s)
     Speed:     ev/sec=9311.41   simsec/sec=356.751   ev/simsec=26.1006
     Messages:  created: 11531   present: 2392   in FES: 1370
** Event #86235   t=86400   Elapsed: 32.951s (0m 32s)
     Speed:     ev/sec=16784.3   simsec/sec=47932   ev/simsec=0.350169
     Messages:  created: 16008   present: 0   in FES: 0

<!> No more events, simulation completed -- at t=86400s, event #86235
