** Event #0   t=0   Elapsed: 0.000s (0m 00s)
     Speed:     ev/sec=0   simsec/sec=0   ev/simsec=0
     Messages:  created: 1466   present: 1466   in FES: 1466
** Event #3584   t=2580   Elapsed: 10.012s (0m 10s)
     Speed:     ev/sec=358.07   simsec/sec=257.691   ev/simsec=1.38953
     Messages:  created: 3166   present: 3039   in FES: 1408
** Event #11008   t=2693   Elapsed: 19.388s (0m 19s)
     Speed:     ev/sec=791.809   simsec/sec=12.052   ev/simsec=65.6991
     Messages:  created: 4298   present: 2922   in FES: 1410
** Event #17920   t=2802   Elapsed: 27.431s (0m 27s)
     Speed:     ev/sec=859.381   simsec/sec=13.5522   ev/simsec=63.4128
     Messages:  created: 5361   present: 2807   in FES: 1393
** Event #39168   t=3948   Elapsed: 29.449s (0m 29s)
     Speed:     ev/sec=10534.5   simsec/sec=568.171   ev/simsec=18.541
     Messages:  created: 8759   present: 2781   in FES: 1365
** Event #58624   t=4654   Elapsed: 31.458s (0m 31s)
     Speed:     ev/sec=9684.42   simsec/sec=351.419   ev/simsec=27.5581
     Messages:  created: 11684   present: 2364   in FES: 1361
** Event #86235   t=86400   Elapsed: 33.091s (0m 33s)
     Speed:     ev/sec=16917.9   simsec/sec=50089.5   ev/simsec=0.337754
     Messages:  created: 16008   present: 0   in FES: 0

<!> No more events, simulation completed -- at t=86400s, event #86235
