** Event #0   t=0   Elapsed: 1.8e-05s (0m 00s)
     Speed:     ev/sec=0   simsec/sec=0   ev/simsec=0
     Messages:  created: 124432   present: 124432   in FES: 124432
** Event #1063168   t=393660   Elapsed: 2.00859s (0m 02s)
     Speed:     ev/sec=529316   simsec/sec=195990   ev/simsec=2.70073
     Messages:  created: 258829   present: 85948   in FES: 83896
** Event #2001408   t=731200   Elapsed: 4.00912s (0m 04s)
     Speed:     ev/sec=468995   simsec/sec=168725   ev/simsec=2.77964
     Messages:  created: 376040   present: 50801   in FES: 49178
** Event #2916608   t=1061430   Elapsed: 6.0092s (0m 06s)
     Speed:     ev/sec=457581   simsec/sec=165108   ev/simsec=2.7714
     Messages:  created: 491544   present: 16383   in FES: 15262
** Event #3311464   t=1209600   Elapsed: 6.98171s (0m 06s)
     Speed:     ev/sec=406017   simsec/sec=152358   ev/simsec=2.66488
     Messages:  created: 541280   present: 721   in FES: 0

<!> No more events, simulation completed -- at t=1209600s, event #3311464
undisposed object: (BundlePacket) RegionsNetwork.regionNode[7].dtn.Src:A8,Dst:A2,ID:488199 -- check module destructor
undisposed object: (BundlePacket) RegionsNetwork.regionNode[7].dtn.Src:A8,Dst:A2,ID:488220 -- check module destructor
undisposed object: (BundlePacket) RegionsNetwork.regionNode[7].dtn.Src:A8,Dst:A2,ID:488242 -- check module destructor
undisposed object: (BundlePacket) RegionsNetwork.regionNode[7].dtn.Src:A8,Dst:A2,ID:488263 -- check module destructor
undisposed object: (BundlePacket) RegionsNetwork.regionNode[7].dtn.Src:A8,Dst:A2,ID:488283 -- check module destructor
undisposed object: (BundlePacket) RegionsNetwork.regionNode[7].dtn.Src:A8,Dst:A2,ID:488304 -- check module destructor
undisposed object: (BundlePacket) RegionsNetwork.regionNode[7].dtn.Src:A8,Dst:A2,ID:488326 -- check module destructor
undisposed object: (BundlePacket) RegionsNetwork.regionNode[7].dtn.Src:A8,Dst:A2,ID:488347 -- check module destructor
undisposed object: (BundlePacket) RegionsNetwork.regionNode[7].dtn.Src:A8,Dst:A2,ID:488367 -- check module destructor
undisposed object: (BundlePacket) RegionsNetwork.regionNode[7].dtn.Src:A8,Dst:A2,ID:488388 -- check module destructor
undisposed object: (BundlePacket) RegionsNetwork.regionNode[7].dtn.Src:A8,Dst:A2,ID:488410 -- check module destructor
undisposed object: (BundlePacket) RegionsNetwork.regionNode[7].dtn.Src:A8,Dst:A2,ID:488431 -- check module destructor
undisposed object: (BundlePacket) RegionsNetwork.regionNode[7].dtn.Src:A8,Dst:A2,ID:488451 -- check module destructor
undisposed object: (BundlePacket) RegionsNetwork.regionNode[7].dtn.Src:A8,Dst:A2,ID:488472 -- check module destructor
undisposed object: (BundlePacket) RegionsNetwork.regionNode[7].dtn.Src:A8,Dst:A2,ID:488494 -- check module destructor
undisposed object: (BundlePacket) RegionsNetwork.regionNode[7].dtn.Src:A8,Dst:A2,ID:488515 -- check module destructor
undisposed object: (BundlePacket) RegionsNetwork.regionNode[7].dtn.Src:A8,Dst:A2,ID:488535 -- check module destructor
undisposed object: (BundlePacket) RegionsNetwork.regionNode[7].dtn.Src:A8,Dst:A2,ID:488556 -- check module destructor
undisposed object: (BundlePacket) RegionsNetwork.regionNode[7].dtn.Src:A8,Dst:A2,ID:488578 -- check module destructor
undisposed object: (BundlePacket) RegionsNetwork.regionNode[7].dtn.Src:A8,Dst:A2,ID:488599 -- check module destructor
undisposed object: (BundlePacket) RegionsNetwork.regionNode[7].dtn.Src:A8,Dst:A2,ID:488619 -- check module destructor
undisposed object: (BundlePacket) RegionsNetwork.regionNode[7].dtn.Src:A8,Dst:A2,ID:488640 -- check module destructor
undisposed object: (BundlePacket) RegionsNetwork.regionNode[7].dtn.Src:A8,Dst:A2,ID:488662 -- check module destructor
undisposed object: (BundlePacket) RegionsNetwork.regionNode[7].dtn.Src:A8,Dst:A2,ID:488683 -- check module destructor
undisposed object: (BundlePacket) RegionsNetwork.regionNode[7].dtn.Src:A8,Dst:A2,ID:488703 -- check module destructor
undisposed object: (BundlePacket) RegionsNetwork.regionNode[7].dtn.Src:A8,Dst:A2,ID:488724 -- check module destructor
undisposed object: (BundlePacket) RegionsNetwork.regionNode[7].dtn.Src:A8,Dst:A2,ID:488746 -- check module destructor
undisposed object: (BundlePacket) RegionsNetwork.regionNode[7].dtn.Src:A8,Dst:A2,ID:488767 -- check module destructor
undisposed object: (BundlePacket) RegionsNetwork.regionNode[7].dtn.Src:A8,Dst:A2,ID:488787 -- check module destructor
undisposed object: (BundlePacket) RegionsNetwork.regionNode[7].dtn.Src:A8,Dst:A2,ID:488808 -- check module destructor
undisposed object: (BundlePacket) RegionsNetwork.regionNode[7].dtn.Src:A8,Dst:A2,ID:488830 -- check module destructor
undisposed object: (BundlePacket) RegionsNetwork.regionNode[7].dtn.Src:A8,Dst:A2,ID:488852 -- check module destructor
undisposed object: (BundlePacket) RegionsNetwork.regionNode[7].dtn.Src:A8,Dst:A2,ID:488873 -- check module destructor
undisposed object: (BundlePacket) RegionsNetwork.regionNode[7].dtn.Src:A8,Dst:A2,ID:488894 -- check module destructor
undisposed object: (BundlePacket) RegionsNetwork.regionNode[7].dtn.Src:A8,Dst:A2,ID:488916 -- check module destructor
undisposed object: (BundlePacket) RegionsNetwork.regionNode[7].dtn.Src:A8,Dst:A2,ID:488932 -- check module destructor
undisposed object: (BundlePacket) RegionsNetwork.regionNode[7].dtn.Src:A8,Dst:A2,ID:488939 -- check module destructor
undisposed object: (BundlePacket) RegionsNetwork.regionNode[7].dtn.Src:A8,Dst:A2,ID:488948 -- check module destructor
undisposed object: (BundlePacket) RegionsNetwork.regionNode[7].dtn.Src:A8,Dst:A2,ID:488957 -- check module destructor
undisposed object: (BundlePacket) RegionsNetwork.regionNode[7].dtn.Src:A8,Dst:A2,ID:488966 -- check module destructor
undisposed object: (BundlePacket) RegionsNetwork.regionNode[7].dtn.Src:A8,Dst:A2,ID:488975 -- check module destructor
undisposed object: (BundlePacket) RegionsNetwork.regionNode[7].dtn.Src:A8,Dst:A2,ID:488985 -- check module destructor
undisposed object: (BundlePacket) RegionsNetwork.regionNode[7].dtn.Src:A8,Dst:A2,ID:488997 -- check module destructor
undisposed object: (BundlePacket) RegionsNetwork.regionNode[7].dtn.Src:A8,Dst:A2,ID:489006 -- check module destructor
undisposed object: (BundlePacket) RegionsNetwork.regionNode[7].dtn.Src:A8,Dst:A2,ID:489013 -- check module destructor
undisposed object: (BundlePacket) RegionsNetwork.regionNode[7].dtn.Src:A8,Dst:A2,ID:489022 -- check module destructor
undisposed object: (BundlePacket) RegionsNetwork.regionNode[7].dtn.Src:A8,Dst:A2,ID:489031 -- check module destructor
undisposed object: (BundlePacket) RegionsNetwork.regionNode[7].dtn.Src:A8,Dst:A2,ID:489040 -- check module destructor
undisposed object: (BundlePacket) RegionsNetwork.regionNode[7].dtn.Src:A8,Dst:A2,ID:489047 -- check module destructor
undisposed object: (BundlePacket) RegionsNetwork.regionNode[7].dtn.Src:A8,Dst:A2,ID:489056 -- check module destructor
undisposed object: (BundlePacket) RegionsNetwork.regionNode[7].dtn.Src:A8,Dst:A2,ID:489065 -- check module destructor
undisposed object: (BundlePacket) RegionsNetwork.regionNode[7].dtn.Src:A8,Dst:A2,ID:489074 -- check module destructor
undisposed object: (BundlePacket) RegionsNetwork.regionNode[7].dtn.Src:A8,Dst:A2,ID:489081 -- check module destructor
undisposed object: (BundlePacket) RegionsNetwork.regionNode[7].dtn.Src:A8,Dst:A2,ID:489090 -- check module destructor
undisposed object: (BundlePacket) RegionsNetwork.regionNode[7].dtn.Src:A8,Dst:A2,ID:489099 -- check module destructor
undisposed object: (BundlePacket) RegionsNetwork.regionNode[7].dtn.Src:A8,Dst:A2,ID:489108 -- check module destructor
undisposed object: (BundlePacket) RegionsNetwork.regionNode[7].dtn.Src:A8,Dst:A2,ID:489115 -- check module destructor
undisposed object: (BundlePacket) RegionsNetwork.regionNode[7].dtn.Src:A8,Dst:A2,ID:489124 -- check module destructor
undisposed object: (BundlePacket) RegionsNetwork.regionNode[7].dtn.Src:A8,Dst:A2,ID:489133 -- check module destructor
undisposed object: (BundlePacket) RegionsNetwork.regionNode[7].dtn.Src:A8,Dst:A2,ID:489142 -- check module destructor
undisposed object: (BundlePacket) RegionsNetwork.regionNode[7].dtn.Src:A8,Dst:A2,ID:489149 -- check module destructor
undisposed object: (BundlePacket) RegionsNetwork.regionNode[7].dtn.Src:A8,Dst:A2,ID:489158 -- check module destructor
undisposed object: (BundlePacket) RegionsNetwork.regionNode[7].dtn.Src:A8,Dst:A2,ID:489167 -- check module destructor
undisposed object: (BundlePacket) RegionsNetwork.regionNode[7].dtn.Src:A8,Dst:A2,ID:489176 -- check module destructor
undisposed object: (BundlePacket) RegionsNetwork.regionNode[7].dtn.Src:A8,Dst:A2,ID:489183 -- check module destructor
undisposed object: (BundlePacket) RegionsNetwork.regionNode[7].dtn.Src:A8,Dst:A2,ID:489192 -- check module destructor
undisposed object: (BundlePacket) RegionsNetwork.regionNode[7].dtn.Src:A8,Dst:A2,ID:489201 -- check module destructor
undisposed object: (BundlePacket) RegionsNetwork.regionNode[7].dtn.Src:A8,Dst:A2,ID:489210 -- check module destructor
undisposed object: (BundlePacket) RegionsNetwork.regionNode[7].dtn.Src:A8,Dst:A2,ID:489217 -- check module destructor
undisposed object: (BundlePacket) RegionsNetwork.regionNode[7].dtn.Src:A8,Dst:A2,ID:489226 -- check module destructor
undisposed object: (BundlePacket) RegionsNetwork.regionNode[7].dtn.Src:A8,Dst:A2,ID:489235 -- check module destructor
undisposed object: (BundlePacket) RegionsNetwork.regionNode[7].dtn.Src:A8,Dst:A2,ID:489244 -- check module destructor
undisposed object: (BundlePacket) RegionsNetwork.regionNode[7].dtn.Src:A8,Dst:A2,ID:489251 -- check module destructor
undisposed object: (BundlePacket) RegionsNetwork.regionNode[7].dtn.Src:A8,Dst:A2,ID:489260 -- check module destructor
undisposed object: (BundlePacket) RegionsNetwork.regionNode[7].dtn.Src:A8,Dst:A2,ID:489269 -- check module destructor
undisposed object: (BundlePacket) RegionsNetwork.regionNode[7].dtn.Src:A8,Dst:A2,ID:489278 -- check module destructor
undisposed object: (BundlePacket) RegionsNetwork.regionNode[7].dtn.Src:A8,Dst:A2,ID:489285 -- check module destructor
undisposed object: (BundlePacket) RegionsNetwork.regionNode[7].dtn.Src:A8,Dst:A2,ID:489294 -- check module destructor
undisposed object: (BundlePacket) RegionsNetwork.regionNode[7].dtn.Src:A8,Dst:A2,ID:489306 -- check module destructor
undisposed object: (BundlePacket) RegionsNetwork.regionNode[7].dtn.Src:A8,Dst:A2,ID:489315 -- check module destructor
undisposed object: (BundlePacket) RegionsNetwork.regionNode[7].dtn.Src:A8,Dst:A2,ID:489322 -- check module destructor
undisposed object: (BundlePacket) RegionsNetwork.regionNode[7].dtn.Src:A8,Dst:A2,ID:489331 -- check module destructor
undisposed object: (BundlePacket) RegionsNetwork.regionNode[7].dtn.Src:A8,Dst:A2,ID:489340 -- check module destructor
undisposed object: (BundlePacket) RegionsNetwork.regionNode[7].dtn.Src:A8,Dst:A2,ID:489349 -- check module destructor
undisposed object: (BundlePacket) RegionsNetwork.regionNode[7].dtn.Src:A8,Dst:A2,ID:489356 -- check module destructor
undisposed object: (BundlePacket) RegionsNetwork.regionNode[7].dtn.Src:A8,Dst:A2,ID:489365 -- check module destructor
undisposed object: (BundlePacket) RegionsNetwork.regionNode[7].dtn.Src:A8,Dst:A2,ID:489374 -- check module destructor
undisposed object: (BundlePacket) RegionsNetwork.regionNode[7].dtn.Src:A8,Dst:A2,ID:489383 -- check module destructor
undisposed object: (BundlePacket) RegionsNetwork.regionNode[7].dtn.Src:A8,Dst:A2,ID:489390 -- check module destructor
undisposed object: (BundlePacket) RegionsNetwork.regionNode[7].dtn.Src:A8,Dst:A2,ID:489399 -- check module destructor
undisposed object: (BundlePacket) RegionsNetwork.regionNode[7].dtn.Src:A8,Dst:A2,ID:489408 -- check module destructor
undisposed object: (BundlePacket) RegionsNetwork.regionNode[7].dtn.Src:A8,Dst:A2,ID:489417 -- check module destructor
undisposed object: (BundlePacket) RegionsNetwork.regionNode[7].dtn.Src:A8,Dst:A2,ID:489424 -- check module destructor
undisposed object: (BundlePacket) RegionsNetwork.regionNode[7].dtn.Src:A8,Dst:A2,ID:489433 -- check module destructor
undisposed object: (BundlePacket) RegionsNetwork.regionNode[7].dtn.Src:A8,Dst:A2,ID:489442 -- check module destructor
undisposed object: (BundlePacket) RegionsNetwork.regionNode[7].dtn.Src:A8,Dst:A2,ID:489451 -- check module destructor
undisposed object: (BundlePacket) RegionsNetwork.regionNode[7].dtn.Src:A8,Dst:A2,ID:489458 -- check module destructor
undisposed object: (BundlePacket) RegionsNetwork.regionNode[7].dtn.Src:A8,Dst:A2,ID:489467 -- check module destructor
undisposed object: (BundlePacket) RegionsNetwork.regionNode[7].dtn.Src:A8,Dst:A2,ID:489476 -- check module destructor
undisposed object: (BundlePacket) RegionsNetwork.regionNode[7].dtn.Src:A8,Dst:A2,ID:489485 -- check module destructor
undisposed object: (BundlePacket) RegionsNetwork.regionNode[7].dtn.Src:A8,Dst:A2,ID:489492 -- check module destructor
undisposed object: (BundlePacket) RegionsNetwork.regionNode[7].dtn.Src:A8,Dst:A2,ID:489501 -- check module destructor
undisposed object: (BundlePacket) RegionsNetwork.regionNode[7].dtn.Src:A8,Dst:A2,ID:489510 -- check module destructor
undisposed object: (BundlePacket) RegionsNetwork.regionNode[7].dtn.Src:A8,Dst:A2,ID:489519 -- check module destructor
undisposed object: (BundlePacket) RegionsNetwork.regionNode[7].dtn.Src:A8,Dst:A2,ID:489526 -- check module destructor
undisposed object: (BundlePacket) RegionsNetwork.regionNode[7].dtn.Src:A8,Dst:A2,ID:489535 -- check module destructor
undisposed object: (BundlePacket) RegionsNetwork.regionNode[7].dtn.Src:A8,Dst:A2,ID:489544 -- check module destructor
undisposed object: (BundlePacket) RegionsNetwork.regionNode[7].dtn.Src:A8,Dst:A2,ID:489553 -- check module destructor
undisposed object: (BundlePacket) RegionsNetwork.regionNode[7].dtn.Src:A8,Dst:A2,ID:489560 -- check module destructor
undisposed object: (BundlePacket) RegionsNetwork.regionNode[7].dtn.Src:A8,Dst:A2,ID:489569 -- check module destructor
undisposed object: (BundlePacket) RegionsNetwork.regionNode[7].dtn.Src:A8,Dst:A2,ID:489578 -- check module destructor
undisposed object: (BundlePacket) RegionsNetwork.regionNode[7].dtn.Src:A8,Dst:A2,ID:489587 -- check module destructor
undisposed object: (BundlePacket) RegionsNetwork.regionNode[7].dtn.Src:A8,Dst:A2,ID:489594 -- check module destructor
undisposed object: (BundlePacket) RegionsNetwork.regionNode[7].dtn.Src:A8,Dst:A2,ID:489603 -- check module destructor
undisposed object: (BundlePacket) RegionsNetwork.regionNode[7].dtn.Src:A8,Dst:A2,ID:489612 -- check module destructor
undisposed object: (BundlePacket) RegionsNetwork.regionNode[7].dtn.Src:A8,Dst:A2,ID:489621 -- check module destructor
undisposed object: (BundlePacket) RegionsNetwork.regionNode[7].dtn.Src:A8,Dst:A2,ID:489628 -- check module destructor
undisposed object: (BundlePacket) RegionsNetwork.regionNode[7].dtn.Src:A8,Dst:A2,ID:489637 -- check module destructor
undisposed object: (BundlePacket) RegionsNetwork.regionNode[7].dtn.Src:A8,Dst:A2,ID:489646 -- check module destructor
undisposed object: (BundlePacket) RegionsNetwork.regionNode[7].dtn.Src:A8,Dst:A2,ID:489655 -- check module destructor
undisposed object: (BundlePacket) RegionsNetwork.regionNode[7].dtn.Src:A8,Dst:A2,ID:489662 -- check module destructor
undisposed object: (BundlePacket) RegionsNetwork.regionNode[7].dtn.Src:A8,Dst:A2,ID:489671 -- check module destructor
undisposed object: (BundlePacket) RegionsNetwork.regionNode[7].dtn.Src:A8,Dst:A2,ID:489680 -- check module destructor
undisposed object: (BundlePacket) RegionsNetwork.regionNode[7].dtn.Src:A8,Dst:A2,ID:489689 -- check module destructor
undisposed object: (BundlePacket) RegionsNetwork.regionNode[7].dtn.Src:A8,Dst:A2,ID:489696 -- check module destructor
undisposed object: (BundlePacket) RegionsNetwork.regionNode[7].dtn.Src:A8,Dst:A2,ID:489705 -- check module destructor
undisposed object: (BundlePacket) RegionsNetwork.regionNode[7].dtn.Src:A8,Dst:A2,ID:489714 -- check module destructor
undisposed object: (BundlePacket) RegionsNetwork.regionNode[7].dtn.Src:A8,Dst:A2,ID:489723 -- check module destructor
undisposed object: (BundlePacket) RegionsNetwork.regionNode[7].dtn.Src:A8,Dst:A2,ID:489730 -- check module destructor
undisposed object: (BundlePacket) RegionsNetwork.regionNode[7].dtn.Src:A8,Dst:A2,ID:489739 -- check module destructor
undisposed object: (BundlePacket) RegionsNetwork.regionNode[7].dtn.Src:A8,Dst:A2,ID:489748 -- check module destructor
undisposed object: (BundlePacket) RegionsNetwork.regionNode[7].dtn.Src:A8,Dst:A2,ID:489757 -- check module destructor
undisposed object: (BundlePacket) RegionsNetwork.regionNode[7].dtn.Src:A8,Dst:A2,ID:489764 -- check module destructor
undisposed object: (BundlePacket) RegionsNetwork.regionNode[7].dtn.Src:A8,Dst:A2,ID:489773 -- check module destructor
undisposed object: (BundlePacket) RegionsNetwork.regionNode[7].dtn.Src:A8,Dst:A2,ID:489782 -- check module destructor
undisposed object: (BundlePacket) RegionsNetwork.regionNode[7].dtn.Src:A8,Dst:A2,ID:489791 -- check module destructor
undisposed object: (BundlePacket) RegionsNetwork.regionNode[7].dtn.Src:A8,Dst:A2,ID:489798 -- check module destructor
undisposed object: (BundlePacket) RegionsNetwork.regionNode[7].dtn.Src:A8,Dst:A2,ID:489807 -- check module destructor
undisposed object: (BundlePacket) RegionsNetwork.regionNode[7].dtn.Src:A8,Dst:A2,ID:489816 -- check module destructor
undisposed object: (BundlePacket) RegionsNetwork.regionNode[7].dtn.Src:A8,Dst:A2,ID:489825 -- check module destructor
undisposed object: (BundlePacket) RegionsNetwork.regionNode[7].dtn.Src:A8,Dst:A2,ID:489832 -- check module destructor
undisposed object: (BundlePacket) RegionsNetwork.regionNode[7].dtn.Src:A8,Dst:A2,ID:489841 -- check module destructor
undisposed object: (BundlePacket) RegionsNetwork.regionNode[7].dtn.Src:A8,Dst:A2,ID:489850 -- check module destructor
undisposed object: (BundlePacket) RegionsNetwork.regionNode[7].dtn.Src:A8,Dst:A2,ID:489859 -- check module destructor
undisposed object: (BundlePacket) RegionsNetwork.regionNode[7].dtn.Src:A8,Dst:A2,ID:489866 -- check module destructor
undisposed object: (BundlePacket) RegionsNetwork.regionNode[7].dtn.Src:A8,Dst:A2,ID:489875 -- check module destructor
undisposed object: (BundlePacket) RegionsNetwork.regionNode[7].dtn.Src:A8,Dst:A2,ID:489884 -- check module destructor
undisposed object: (BundlePacket) RegionsNetwork.regionNode[7].dtn.Src:A8,Dst:A2,ID:489893 -- check module destructor
undisposed object: (BundlePacket) RegionsNetwork.regionNode[7].dtn.Src:A8,Dst:A2,ID:489900 -- check module destructor
undisposed object: (BundlePacket) RegionsNetwork.regionNode[7].dtn.Src:A8,Dst:A2,ID:489909 -- check module destructor
undisposed object: (BundlePacket) RegionsNetwork.regionNode[7].dtn.Src:A8,Dst:A2,ID:489918 -- check module destructor
undisposed object: (BundlePacket) RegionsNetwork.regionNode[7].dtn.Src:A8,Dst:A2,ID:489927 -- check module destructor
undisposed object: (BundlePacket) RegionsNetwork.regionNode[7].dtn.Src:A8,Dst:A2,ID:489934 -- check module destructor
undisposed object: (BundlePacket) RegionsNetwork.regionNode[7].dtn.Src:A8,Dst:A2,ID:489943 -- check module destructor
undisposed object: (BundlePacket) RegionsNetwork.regionNode[7].dtn.Src:A8,Dst:A2,ID:489952 -- check module destructor
undisposed object: (BundlePacket) RegionsNetwork.regionNode[7].dtn.Src:A8,Dst:A2,ID:489961 -- check module destructor
undisposed object: (BundlePacket) RegionsNetwork.regionNode[7].dtn.Src:A8,Dst:A2,ID:489968 -- check module destructor
undisposed object: (BundlePacket) RegionsNetwork.regionNode[7].dtn.Src:A8,Dst:A2,ID:489977 -- check module destructor
undisposed object: (BundlePacket) RegionsNetwork.regionNode[7].dtn.Src:A8,Dst:A2,ID:489986 -- check module destructor
undisposed object: (BundlePacket) RegionsNetwork.regionNode[7].dtn.Src:A8,Dst:A2,ID:489995 -- check module destructor
undisposed object: (BundlePacket) RegionsNetwork.regionNode[7].dtn.Src:A8,Dst:A2,ID:490002 -- check module destructor
undisposed object: (BundlePacket) RegionsNetwork.regionNode[7].dtn.Src:A8,Dst:A2,ID:490011 -- check module destructor
undisposed object: (BundlePacket) RegionsNetwork.regionNode[7].dtn.Src:A8,Dst:A2,ID:490020 -- check module destructor
undisposed object: (BundlePacket) RegionsNetwork.regionNode[7].dtn.Src:A8,Dst:A2,ID:490029 -- check module destructor
undisposed object: (BundlePacket) RegionsNetwork.regionNode[7].dtn.Src:A8,Dst:A2,ID:490036 -- check module destructor
undisposed object: (BundlePacket) RegionsNetwork.regionNode[7].dtn.Src:A8,Dst:A2,ID:490045 -- check module destructor
undisposed object: (BundlePacket) RegionsNetwork.regionNode[7].dtn.Src:A8,Dst:A2,ID:490054 -- check module destructor
undisposed object: (BundlePacket) RegionsNetwork.regionNode[7].dtn.Src:A8,Dst:A2,ID:490063 -- check module destructor
undisposed object: (BundlePacket) RegionsNetwork.regionNode[7].dtn.Src:A8,Dst:A2,ID:490070 -- check module destructor
undisposed object: (BundlePacket) RegionsNetwork.regionNode[7].dtn.Src:A8,Dst:A2,ID:490079 -- check module destructor
undisposed object: (BundlePacket) RegionsNetwork.regionNode[7].dtn.Src:A8,Dst:A2,ID:490080 -- check module destructor
undisposed object: (BundlePacket) RegionsNetwork.regionNode[7].dtn.Src:A8,Dst:A2,ID:490081 -- check module destructor
undisposed object: (BundlePacket) RegionsNetwork.regionNode[7].dtn.Src:A8,Dst:A2,ID:490082 -- check module destructor
undisposed object: (BundlePacket) RegionsNetwork.regionNode[7].dtn.Src:A8,Dst:A2,ID:490083 -- check module destructor
undisposed object: (BundlePacket) RegionsNetwork.regionNode[7].dtn.Src:A8,Dst:A2,ID:490084 -- check module destructor
undisposed object: (BundlePacket) RegionsNetwork.regionNode[7].dtn.Src:A8,Dst:A2,ID:490085 -- check module destructor
undisposed object: (BundlePacket) RegionsNetwork.regionNode[7].dtn.Src:A8,Dst:A2,ID:490086 -- check module destructor
undisposed object: (BundlePacket) RegionsNetwork.regionNode[7].dtn.Src:A8,Dst:A2,ID:490087 -- check module destructor
undisposed object: (BundlePacket) RegionsNetwork.regionNode[7].dtn.Src:A8,Dst:A2,ID:490088 -- check module destructor
undisposed object: (BundlePacket) RegionsNetwork.regionNode[7].dtn.Src:A8,Dst:A2,ID:490089 -- check module destructor
undisposed object: (BundlePacket) RegionsNetwork.regionNode[7].dtn.Src:A8,Dst:A2,ID:490090 -- check module destructor
undisposed object: (BundlePacket) RegionsNetwork.regionNode[7].dtn.Src:A8,Dst:A2,ID:490091 -- check module destructor
undisposed object: (BundlePacket) RegionsNetwork.regionNode[7].dtn.Src:A8,Dst:A2,ID:490092 -- check module destructor
undisposed object: (BundlePacket) RegionsNetwork.regionNode[7].dtn.Src:A8,Dst:A2,ID:490093 -- check module destructor
undisposed object: (BundlePacket) RegionsNetwork.regionNode[7].dtn.Src:A8,Dst:A2,ID:490094 -- check module destructor
undisposed object: (BundlePacket) RegionsNetwork.regionNode[7].dtn.Src:A8,Dst:A2,ID:490095 -- check module destructor
undisposed object: (BundlePacket) RegionsNetwork.regionNode[7].dtn.Src:A8,Dst:A2,ID:490096 -- check module destructor
undisposed object: (BundlePacket) RegionsNetwork.regionNode[7].dtn.Src:A8,Dst:A2,ID:490097 -- check module destructor
undisposed object: (BundlePacket) RegionsNetwork.regionNode[7].dtn.Src:A8,Dst:A2,ID:490098 -- check module destructor
undisposed object: (BundlePacket) RegionsNetwork.regionNode[7].dtn.Src:A8,Dst:A2,ID:490099 -- check module destructor
undisposed object: (BundlePacket) RegionsNetwork.regionNode[7].dtn.Src:A8,Dst:A2,ID:490100 -- check module destructor
undisposed object: (BundlePacket) RegionsNetwork.regionNode[7].dtn.Src:A8,Dst:A2,ID:490101 -- check module destructor
undisposed object: (BundlePacket) RegionsNetwork.regionNode[7].dtn.Src:A8,Dst:A2,ID:490102 -- check module destructor
undisposed object: (BundlePacket) RegionsNetwork.regionNode[7].dtn.Src:A8,Dst:A2,ID:490103 -- check module destructor
undisposed object: (BundlePacket) RegionsNetwork.regionNode[7].dtn.Src:A8,Dst:A2,ID:490104 -- check module destructor
undisposed object: (BundlePacket) RegionsNetwork.regionNode[7].dtn.Src:A8,Dst:A2,ID:490105 -- check module destructor
undisposed object: (BundlePacket) RegionsNetwork.regionNode[7].dtn.Src:A8,Dst:A2,ID:490106 -- check module destructor
undisposed object: (BundlePacket) RegionsNetwork.regionNode[7].dtn.Src:A8,Dst:A2,ID:490107 -- check module destructor
undisposed object: (BundlePacket) RegionsNetwork.regionNode[7].dtn.Src:A8,Dst:A2,ID:490108 -- check module destructor
undisposed object: (BundlePacket) RegionsNetwork.regionNode[7].dtn.Src:A8,Dst:A2,ID:490109 -- check module destructor
undisposed object: (BundlePacket) RegionsNetwork.regionNode[7].dtn.Src:A8,Dst:A2,ID:490110 -- check module destructor
undisposed object: (BundlePacket) RegionsNetwork.regionNode[7].dtn.Src:A8,Dst:A2,ID:490111 -- check module destructor
undisposed object: (BundlePacket) RegionsNetwork.regionNode[7].dtn.Src:A8,Dst:A2,ID:490112 -- check module destructor
undisposed object: (BundlePacket) RegionsNetwork.regionNode[7].dtn.Src:A8,Dst:A2,ID:490113 -- check module destructor
undisposed object: (BundlePacket) RegionsNetwork.regionNode[7].dtn.Src:A8,Dst:A2,ID:490114 -- check module destructor
undisposed object: (BundlePacket) RegionsNetwork.regionNode[7].dtn.Src:A8,Dst:A2,ID:490115 -- check module destructor
undisposed object: (BundlePacket) RegionsNetwork.regionNode[7].dtn.Src:A8,Dst:A2,ID:490116 -- check module destructor
undisposed object: (BundlePacket) RegionsNetwork.regionNode[7].dtn.Src:A8,Dst:A2,ID:490117 -- check module destructor
undisposed object: (BundlePacket) RegionsNetwork.regionNode[7].dtn.Src:A8,Dst:A2,ID:490118 -- check module destructor
undisposed object: (BundlePacket) RegionsNetwork.regionNode[7].dtn.Src:A8,Dst:A2,ID:490119 -- check module destructor
undisposed object: (BundlePacket) RegionsNetwork.regionNode[7].dtn.Src:A8,Dst:A2,ID:490120 -- check module destructor
undisposed object: (BundlePacket) RegionsNetwork.regionNode[7].dtn.Src:A8,Dst:A2,ID:490121 -- check module destructor
undisposed object: (BundlePacket) RegionsNetwork.regionNode[7].dtn.Src:A8,Dst:A2,ID:490122 -- check module destructor
undisposed object: (BundlePacket) RegionsNetwork.regionNode[7].dtn.Src:A8,Dst:A2,ID:490123 -- check module destructor
undisposed object: (BundlePacket) RegionsNetwork.regionNode[7].dtn.Src:A8,Dst:A2,ID:490124 -- check module destructor
undisposed object: (BundlePacket) RegionsNetwork.regionNode[7].dtn.Src:A8,Dst:A2,ID:490125 -- check module destructor
undisposed object: (BundlePacket) RegionsNetwork.regionNode[7].dtn.Src:A8,Dst:A2,ID:490126 -- check module destructor
undisposed object: (BundlePacket) RegionsNetwork.regionNode[7].dtn.Src:A8,Dst:A2,ID:490127 -- check module destructor
undisposed object: (BundlePacket) RegionsNetwork.regionNode[7].dtn.Src:A8,Dst:A2,ID:490128 -- check module destructor
undisposed object: (BundlePacket) RegionsNetwork.regionNode[7].dtn.Src:A8,Dst:A2,ID:490129 -- check module destructor
undisposed object: (BundlePacket) RegionsNetwork.regionNode[7].dtn.Src:A8,Dst:A2,ID:490130 -- check module destructor
undisposed object: (BundlePacket) RegionsNetwork.regionNode[7].dtn.Src:A8,Dst:A2,ID:490131 -- check module destructor
undisposed object: (BundlePacket) RegionsNetwork.regionNode[7].dtn.Src:A8,Dst:A2,ID:490132 -- check module destructor
undisposed object: (BundlePacket) RegionsNetwork.regionNode[7].dtn.Src:A8,Dst:A2,ID:490133 -- check module destructor
undisposed object: (BundlePacket) RegionsNetwork.regionNode[7].dtn.Src:A8,Dst:A2,ID:490134 -- check module destructor
undisposed object: (BundlePacket) RegionsNetwork.regionNode[7].dtn.Src:A8,Dst:A2,ID:490135 -- check module destructor
undisposed object: (BundlePacket) RegionsNetwork.regionNode[7].dtn.Src:A8,Dst:A2,ID:490136 -- check module destructor
undisposed object: (BundlePacket) RegionsNetwork.regionNode[7].dtn.Src:A8,Dst:A2,ID:490137 -- check module destructor
undisposed object: (BundlePacket) RegionsNetwork.regionNode[7].dtn.Src:A8,Dst:A2,ID:490138 -- check module destructor
undisposed object: (BundlePacket) RegionsNetwork.regionNode[7].dtn.Src:A8,Dst:A2,ID:490139 -- check module destructor
undisposed object: (BundlePacket) RegionsNetwork.regionNode[7].dtn.Src:A8,Dst:A2,ID:490140 -- check module destructor
undisposed object: (BundlePacket) RegionsNetwork.regionNode[7].dtn.Src:A8,Dst:A2,ID:490141 -- check module destructor
undisposed object: (BundlePacket) RegionsNetwork.regionNode[7].dtn.Src:A8,Dst:A2,ID:490142 -- check module destructor
undisposed object: (BundlePacket) RegionsNetwork.regionNode[7].dtn.Src:A8,Dst:A2,ID:490143 -- check module destructor
undisposed object: (BundlePacket) RegionsNetwork.regionNode[7].dtn.Src:A8,Dst:A2,ID:490144 -- check module destructor
undisposed object: (BundlePacket) RegionsNetwork.regionNode[7].dtn.Src:A8,Dst:A2,ID:490145 -- check module destructor
undisposed object: (BundlePacket) RegionsNetwork.regionNode[7].dtn.Src:A8,Dst:A2,ID:490146 -- check module destructor
undisposed object: (BundlePacket) RegionsNetwork.regionNode[7].dtn.Src:A8,Dst:A2,ID:490147 -- check module destructor
undisposed object: (BundlePacket) RegionsNetwork.regionNode[7].dtn.Src:A8,Dst:A2,ID:490148 -- check module destructor
undisposed object: (BundlePacket) RegionsNetwork.regionNode[7].dtn.Src:A8,Dst:A2,ID:490149 -- check module destructor
undisposed object: (BundlePacket) RegionsNetwork.regionNode[7].dtn.Src:A8,Dst:A2,ID:490150 -- check module destructor
undisposed object: (BundlePacket) RegionsNetwork.regionNode[7].dtn.Src:A8,Dst:A2,ID:490151 -- check module destructor
undisposed object: (BundlePacket) RegionsNetwork.regionNode[7].dtn.Src:A8,Dst:A2,ID:490152 -- check module destructor
undisposed object: (BundlePacket) RegionsNetwork.regionNode[7].dtn.Src:A8,Dst:A2,ID:490153 -- check module destructor
undisposed object: (BundlePacket) RegionsNetwork.regionNode[7].dtn.Src:A8,Dst:A2,ID:490154 -- check module destructor
undisposed object: (BundlePacket) RegionsNetwork.regionNode[7].dtn.Src:A8,Dst:A2,ID:490155 -- check module destructor
undisposed object: (BundlePacket) RegionsNetwork.regionNode[7].dtn.Src:A8,Dst:A2,ID:490156 -- check module destructor
undisposed object: (BundlePacket) RegionsNetwork.regionNode[7].dtn.Src:A8,Dst:A2,ID:490157 -- check module destructor
undisposed object: (BundlePacket) RegionsNetwork.regionNode[7].dtn.Src:A8,Dst:A2,ID:490158 -- check module destructor
undisposed object: (BundlePacket) RegionsNetwork.regionNode[7].dtn.Src:A8,Dst:A2,ID:490159 -- check module destructor
undisposed object: (BundlePacket) RegionsNetwork.regionNode[7].dtn.Src:A8,Dst:A2,ID:490160 -- check module destructor
undisposed object: (BundlePacket) RegionsNetwork.regionNode[7].dtn.Src:A8,Dst:A2,ID:490161 -- check module destructor
undisposed object: (BundlePacket) RegionsNetwork.regionNode[7].dtn.Src:A8,Dst:A2,ID:490162 -- check module destructor
undisposed object: (BundlePacket) RegionsNetwork.regionNode[7].dtn.Src:A8,Dst:A2,ID:490163 -- check module destructor
undisposed object: (BundlePacket) RegionsNetwork.regionNode[7].dtn.Src:A8,Dst:A2,ID:490164 -- check module destructor
undisposed object: (BundlePacket) RegionsNetwork.regionNode[7].dtn.Src:A8,Dst:A2,ID:490165 -- check module destructor
undisposed object: (BundlePacket) RegionsNetwork.regionNode[7].dtn.Src:A8,Dst:A2,ID:490166 -- check module destructor
undisposed object: (BundlePacket) RegionsNetwork.regionNode[7].dtn.Src:A8,Dst:A2,ID:490167 -- check module destructor
undisposed object: (BundlePacket) RegionsNetwork.regionNode[7].dtn.Src:A8,Dst:A2,ID:490168 -- check module destructor
undisposed object: (BundlePacket) RegionsNetwork.regionNode[7].dtn.Src:A8,Dst:A2,ID:490169 -- check module destructor
undisposed object: (BundlePacket) RegionsNetwork.regionNode[7].dtn.Src:A8,Dst:A2,ID:490170 -- check module destructor
undisposed object: (BundlePacket) RegionsNetwork.regionNode[7].dtn.Src:A8,Dst:A2,ID:490171 -- check module destructor
undisposed object: (BundlePacket) RegionsNetwork.regionNode[7].dtn.Src:A8,Dst:A2,ID:490172 -- check module destructor
undisposed object: (BundlePacket) RegionsNetwork.regionNode[7].dtn.Src:A8,Dst:A2,ID:490173 -- check module destructor
undisposed object: (BundlePacket) RegionsNetwork.regionNode[7].dtn.Src:A8,Dst:A2,ID:490174 -- check module destructor
undisposed object: (BundlePacket) RegionsNetwork.regionNode[7].dtn.Src:A8,Dst:A2,ID:490175 -- check module destructor
undisposed object: (BundlePacket) RegionsNetwork.regionNode[7].dtn.Src:A8,Dst:A2,ID:490176 -- check module destructor
undisposed object: (BundlePacket) RegionsNetwork.regionNode[7].dtn.Src:A8,Dst:A2,ID:490177 -- check module destructor
undisposed object: (BundlePacket) RegionsNetwork.regionNode[7].dtn.Src:A8,Dst:A2,ID:490178 -- check module destructor
undisposed object: (BundlePacket) RegionsNetwork.regionNode[7].dtn.Src:A8,Dst:A2,ID:490179 -- check module destructor
undisposed object: (BundlePacket) RegionsNetwork.regionNode[7].dtn.Src:A8,Dst:A2,ID:490180 -- check module destructor
undisposed object: (BundlePacket) RegionsNetwork.regionNode[7].dtn.Src:A8,Dst:A2,ID:490181 -- check module destructor
undisposed object: (BundlePacket) RegionsNetwork.regionNode[7].dtn.Src:A8,Dst:A2,ID:490182 -- check module destructor
undisposed object: (BundlePacket) RegionsNetwork.regionNode[7].dtn.Src:A8,Dst:A2,ID:490183 -- check module destructor
undisposed object: (BundlePacket) RegionsNetwork.regionNode[7].dtn.Src:A8,Dst:A2,ID:490184 -- check module destructor
undisposed object: (BundlePacket) RegionsNetwork.regionNode[7].dtn.Src:A8,Dst:A2,ID:490185 -- check module destructor
undisposed object: (BundlePacket) RegionsNetwork.regionNode[7].dtn.Src:A8,Dst:A2,ID:490186 -- check module destructor
undisposed object: (BundlePacket) RegionsNetwork.regionNode[7].dtn.Src:A8,Dst:A2,ID:490187 -- check module destructor
undisposed object: (BundlePacket) RegionsNetwork.regionNode[7].dtn.Src:A8,Dst:A2,ID:490188 -- check module destructor
undisposed object: (BundlePacket) RegionsNetwork.regionNode[7].dtn.Src:A8,Dst:A2,ID:490189 -- check module destructor
undisposed object: (BundlePacket) RegionsNetwork.regionNode[7].dtn.Src:A8,Dst:A2,ID:490190 -- check module destructor
undisposed object: (BundlePacket) RegionsNetwork.regionNode[7].dtn.Src:A8,Dst:A2,ID:490191 -- check module destructor
undisposed object: (BundlePacket) RegionsNetwork.regionNode[7].dtn.Src:A8,Dst:A2,ID:490192 -- check module destructor
undisposed object: (BundlePacket) RegionsNetwork.regionNode[7].dtn.Src:A8,Dst:A2,ID:490193 -- check module destructor
undisposed object: (BundlePacket) RegionsNetwork.regionNode[7].dtn.Src:A8,Dst:A2,ID:490194 -- check module destructor
undisposed object: (BundlePacket) RegionsNetwork.regionNode[7].dtn.Src:A8,Dst:A2,ID:490195 -- check module destructor
undisposed object: (BundlePacket) RegionsNetwork.regionNode[7].dtn.Src:A8,Dst:A2,ID:490196 -- check module destructor
undisposed object: (BundlePacket) RegionsNetwork.regionNode[7].dtn.Src:A8,Dst:A2,ID:490197 -- check module destructor
undisposed object: (BundlePacket) RegionsNetwork.regionNode[7].dtn.Src:A8,Dst:A2,ID:490198 -- check module destructor
undisposed object: (BundlePacket) RegionsNetwork.regionNode[7].dtn.Src:A8,Dst:A2,ID:490199 -- check module destructor
undisposed object: (BundlePacket) RegionsNetwork.regionNode[7].dtn.Src:A8,Dst:A2,ID:490200 -- check module destructor
undisposed object: (BundlePacket) RegionsNetwork.regionNode[7].dtn.Src:A8,Dst:A2,ID:490201 -- check module destructor
undisposed object: (BundlePacket) RegionsNetwork.regionNode[7].dtn.Src:A8,Dst:A2,ID:490202 -- check module destructor
undisposed object: (BundlePacket) RegionsNetwork.regionNode[7].dtn.Src:A8,Dst:A2,ID:490203 -- check module destructor
undisposed object: (BundlePacket) RegionsNetwork.regionNode[7].dtn.Src:A8,Dst:A2,ID:490204 -- check module destructor
undisposed object: (BundlePacket) RegionsNetwork.regionNode[7].dtn.Src:A8,Dst:A2,ID:490205 -- check module destructor
undisposed object: (BundlePacket) RegionsNetwork.regionNode[7].dtn.Src:A8,Dst:A2,ID:490206 -- check module destructor
undisposed object: (BundlePacket) RegionsNetwork.regionNode[7].dtn.Src:A8,Dst:A2,ID:490207 -- check module destructor
undisposed object: (BundlePacket) RegionsNetwork.regionNode[7].dtn.Src:A8,Dst:A2,ID:490208 -- check module destructor
undisposed object: (BundlePacket) RegionsNetwork.regionNode[7].dtn.Src:A8,Dst:A2,ID:490209 -- check module destructor
undisposed object: (BundlePacket) RegionsNetwork.regionNode[7].dtn.Src:A8,Dst:A2,ID:490210 -- check module destructor
undisposed object: (BundlePacket) RegionsNetwork.regionNode[7].dtn.Src:A8,Dst:A2,ID:490211 -- check module destructor
undisposed object: (BundlePacket) RegionsNetwork.regionNode[7].dtn.Src:A8,Dst:A2,ID:490212 -- check module destructor
undisposed object: (BundlePacket) RegionsNetwork.regionNode[7].dtn.Src:A8,Dst:A2,ID:490213 -- check module destructor
undisposed object: (BundlePacket) RegionsNetwork.regionNode[7].dtn.Src:A8,Dst:A2,ID:490214 -- check module destructor
undisposed object: (BundlePacket) RegionsNetwork.regionNode[7].dtn.Src:A8,Dst:A2,ID:490215 -- check module destructor
undisposed object: (BundlePacket) RegionsNetwork.regionNode[7].dtn.Src:A8,Dst:A2,ID:490216 -- check module destructor
undisposed object: (BundlePacket) RegionsNetwork.regionNode[7].dtn.Src:A8,Dst:A2,ID:490217 -- check module destructor
undisposed object: (BundlePacket) RegionsNetwork.regionNode[7].dtn.Src:A8,Dst:A2,ID:490218 -- check module destructor
undisposed object: (BundlePacket) RegionsNetwork.regionNode[7].dtn.Src:A8,Dst:A2,ID:490219 -- check module destructor
undisposed object: (BundlePacket) RegionsNetwork.regionNode[7].dtn.Src:A8,Dst:A2,ID:490220 -- check module destructor
undisposed object: (BundlePacket) RegionsNetwork.regionNode[7].dtn.Src:A8,Dst:A2,ID:490221 -- check module destructor
undisposed object: (BundlePacket) RegionsNetwork.regionNode[7].dtn.Src:A8,Dst:A2,ID:490222 -- check module destructor
undisposed object: (BundlePacket) RegionsNetwork.regionNode[7].dtn.Src:A8,Dst:A2,ID:490223 -- check module destructor
undisposed object: (BundlePacket) RegionsNetwork.regionNode[7].dtn.Src:A8,Dst:A2,ID:490224 -- check module destructor
undisposed object: (BundlePacket) RegionsNetwork.regionNode[7].dtn.Src:A8,Dst:A2,ID:490225 -- check module destructor
undisposed object: (BundlePacket) RegionsNetwork.regionNode[7].dtn.Src:A8,Dst:A2,ID:490226 -- check module destructor
undisposed object: (BundlePacket) RegionsNetwork.regionNode[7].dtn.Src:A8,Dst:A2,ID:490227 -- check module destructor
undisposed object: (BundlePacket) RegionsNetwork.regionNode[7].dtn.Src:A8,Dst:A2,ID:490228 -- check module destructor
undisposed object: (BundlePacket) RegionsNetwork.regionNode[7].dtn.Src:A8,Dst:A2,ID:490229 -- check module destructor
undisposed object: (BundlePacket) RegionsNetwork.regionNode[7].dtn.Src:A8,Dst:A2,ID:490230 -- check module destructor
undisposed object: (BundlePacket) RegionsNetwork.regionNode[7].dtn.Src:A8,Dst:A2,ID:490231 -- check module destructor
undisposed object: (BundlePacket) RegionsNetwork.regionNode[7].dtn.Src:A8,Dst:A2,ID:490232 -- check module destructor
undisposed object: (BundlePacket) RegionsNetwork.regionNode[7].dtn.Src:A8,Dst:A2,ID:490233 -- check module destructor
undisposed object: (BundlePacket) RegionsNetwork.regionNode[7].dtn.Src:A8,Dst:A2,ID:490234 -- check module destructor
undisposed object: (BundlePacket) RegionsNetwork.regionNode[7].dtn.Src:A8,Dst:A2,ID:490235 -- check module destructor
undisposed object: (BundlePacket) RegionsNetwork.regionNode[7].dtn.Src:A8,Dst:A2,ID:490236 -- check module destructor
undisposed object: (BundlePacket) RegionsNetwork.regionNode[7].dtn.Src:A8,Dst:A2,ID:490237 -- check module destructor
undisposed object: (BundlePacket) RegionsNetwork.regionNode[7].dtn.Src:A8,Dst:A2,ID:490238 -- check module destructor
undisposed object: (BundlePacket) RegionsNetwork.regionNode[7].dtn.Src:A8,Dst:A2,ID:490239 -- check module destructor
undisposed object: (BundlePacket) RegionsNetwork.regionNode[7].dtn.Src:A8,Dst:A2,ID:490240 -- check module destructor
undisposed object: (BundlePacket) RegionsNetwork.regionNode[7].dtn.Src:A8,Dst:A2,ID:490241 -- check module destructor
undisposed object: (BundlePacket) RegionsNetwork.regionNode[7].dtn.Src:A8,Dst:A2,ID:490242 -- check module destructor
undisposed object: (BundlePacket) RegionsNetwork.regionNode[7].dtn.Src:A8,Dst:A2,ID:490243 -- check module destructor
undisposed object: (BundlePacket) RegionsNetwork.regionNode[7].dtn.Src:A8,Dst:A2,ID:490244 -- check module destructor
undisposed object: (BundlePacket) RegionsNetwork.regionNode[7].dtn.Src:A8,Dst:A2,ID:490245 -- check module destructor
undisposed object: (BundlePacket) RegionsNetwork.regionNode[7].dtn.Src:A8,Dst:A2,ID:490246 -- check module destructor
undisposed object: (BundlePacket) RegionsNetwork.regionNode[7].dtn.Src:A8,Dst:A2,ID:490247 -- check module destructor
undisposed object: (BundlePacket) RegionsNetwork.regionNode[7].dtn.Src:A8,Dst:A2,ID:490248 -- check module destructor
undisposed object: (BundlePacket) RegionsNetwork.regionNode[7].dtn.Src:A8,Dst:A2,ID:490249 -- check module destructor
undisposed object: (BundlePacket) RegionsNetwork.regionNode[7].dtn.Src:A8,Dst:A2,ID:490250 -- check module destructor
undisposed object: (BundlePacket) RegionsNetwork.regionNode[7].dtn.Src:A8,Dst:A2,ID:490251 -- check module destructor
undisposed object: (BundlePacket) RegionsNetwork.regionNode[7].dtn.Src:A8,Dst:A2,ID:490252 -- check module destructor
undisposed object: (BundlePacket) RegionsNetwork.regionNode[7].dtn.Src:A8,Dst:A2,ID:490253 -- check module destructor
undisposed object: (BundlePacket) RegionsNetwork.regionNode[7].dtn.Src:A8,Dst:A2,ID:490254 -- check module destructor
undisposed object: (BundlePacket) RegionsNetwork.regionNode[7].dtn.Src:A8,Dst:A2,ID:490255 -- check module destructor
undisposed object: (BundlePacket) RegionsNetwork.regionNode[7].dtn.Src:A8,Dst:A2,ID:490256 -- check module destructor
undisposed object: (BundlePacket) RegionsNetwork.regionNode[7].dtn.Src:A8,Dst:A2,ID:490257 -- check module destructor
undisposed object: (BundlePacket) RegionsNetwork.regionNode[7].dtn.Src:A8,Dst:A2,ID:490258 -- check module destructor
undisposed object: (BundlePacket) RegionsNetwork.regionNode[7].dtn.Src:A8,Dst:A2,ID:490259 -- check module destructor
undisposed object: (BundlePacket) RegionsNetwork.regionNode[7].dtn.Src:A8,Dst:A2,ID:490260 -- check module destructor
undisposed object: (BundlePacket) RegionsNetwork.regionNode[7].dtn.Src:A8,Dst:A2,ID:490261 -- check module destructor
undisposed object: (BundlePacket) RegionsNetwork.regionNode[7].dtn.Src:A8,Dst:A2,ID:490262 -- check module destructor
undisposed object: (BundlePacket) RegionsNetwork.regionNode[7].dtn.Src:A8,Dst:A2,ID:490263 -- check module destructor
undisposed object: (BundlePacket) RegionsNetwork.regionNode[7].dtn.Src:A8,Dst:A2,ID:490264 -- check module destructor
undisposed object: (BundlePacket) RegionsNetwork.regionNode[7].dtn.Src:A8,Dst:A2,ID:490265 -- check module destructor
undisposed object: (BundlePacket) RegionsNetwork.regionNode[7].dtn.Src:A8,Dst:A2,ID:490266 -- check module destructor
undisposed object: (BundlePacket) RegionsNetwork.regionNode[7].dtn.Src:A8,Dst:A2,ID:490267 -- check module destructor
undisposed object: (BundlePacket) RegionsNetwork.regionNode[7].dtn.Src:A8,Dst:A2,ID:490268 -- check module destructor
undisposed object: (BundlePacket) RegionsNetwork.regionNode[7].dtn.Src:A8,Dst:A2,ID:490269 -- check module destructor
undisposed object: (BundlePacket) RegionsNetwork.regionNode[7].dtn.Src:A8,Dst:A2,ID:517140 -- check module destructor
undisposed object: (BundlePacket) RegionsNetwork.regionNode[7].dtn.Src:A8,Dst:A2,ID:517145 -- check module destructor
undisposed object: (BundlePacket) RegionsNetwork.regionNode[7].dtn.Src:A8,Dst:A2,ID:517150 -- check module destructor
undisposed object: (BundlePacket) RegionsNetwork.regionNode[7].dtn.Src:A8,Dst:A2,ID:517155 -- check module destructor
undisposed object: (BundlePacket) RegionsNetwork.regionNode[7].dtn.Src:A8,Dst:A2,ID:517160 -- check module destructor
undisposed object: (BundlePacket) RegionsNetwork.regionNode[7].dtn.Src:A8,Dst:A2,ID:517165 -- check module destructor
undisposed object: (BundlePacket) RegionsNetwork.regionNode[7].dtn.Src:A8,Dst:A2,ID:517170 -- check module destructor
undisposed object: (BundlePacket) RegionsNetwork.regionNode[7].dtn.Src:A8,Dst:A2,ID:517173 -- check module destructor
undisposed object: (BundlePacket) RegionsNetwork.regionNode[7].dtn.Src:A8,Dst:A2,ID:517178 -- check module destructor
undisposed object: (BundlePacket) RegionsNetwork.regionNode[7].dtn.Src:A8,Dst:A2,ID:517183 -- check module destructor
undisposed object: (BundlePacket) RegionsNetwork.regionNode[7].dtn.Src:A8,Dst:A2,ID:517188 -- check module destructor
undisposed object: (BundlePacket) RegionsNetwork.regionNode[7].dtn.Src:A8,Dst:A2,ID:517193 -- check module destructor
undisposed object: (BundlePacket) RegionsNetwork.regionNode[7].dtn.Src:A8,Dst:A2,ID:517198 -- check module destructor
undisposed object: (BundlePacket) RegionsNetwork.regionNode[7].dtn.Src:A8,Dst:A2,ID:517203 -- check module destructor
undisposed object: (BundlePacket) RegionsNetwork.regionNode[7].dtn.Src:A8,Dst:A2,ID:517208 -- check module destructor
undisposed object: (BundlePacket) RegionsNetwork.regionNode[7].dtn.Src:A8,Dst:A2,ID:517211 -- check module destructor
undisposed object: (BundlePacket) RegionsNetwork.regionNode[7].dtn.Src:A8,Dst:A2,ID:517216 -- check module destructor
undisposed object: (BundlePacket) RegionsNetwork.regionNode[7].dtn.Src:A8,Dst:A2,ID:517221 -- check module destructor
undisposed object: (BundlePacket) RegionsNetwork.regionNode[7].dtn.Src:A8,Dst:A2,ID:517226 -- check module destructor
undisposed object: (BundlePacket) RegionsNetwork.regionNode[7].dtn.Src:A8,Dst:A2,ID:517231 -- check module destructor
undisposed object: (BundlePacket) RegionsNetwork.regionNode[7].dtn.Src:A8,Dst:A2,ID:517236 -- check module destructor
undisposed object: (BundlePacket) RegionsNetwork.regionNode[7].dtn.Src:A8,Dst:A2,ID:517241 -- check module destructor
undisposed object: (BundlePacket) RegionsNetwork.regionNode[7].dtn.Src:A8,Dst:A2,ID:517246 -- check module destructor
undisposed object: (BundlePacket) RegionsNetwork.regionNode[7].dtn.Src:A8,Dst:A2,ID:517249 -- check module destructor
undisposed object: (BundlePacket) RegionsNetwork.regionNode[7].dtn.Src:A8,Dst:A2,ID:517254 -- check module destructor
undisposed object: (BundlePacket) RegionsNetwork.regionNode[7].dtn.Src:A8,Dst:A2,ID:517259 -- check module destructor
undisposed object: (BundlePacket) RegionsNetwork.regionNode[7].dtn.Src:A8,Dst:A2,ID:517264 -- check module destructor
undisposed object: (BundlePacket) RegionsNetwork.regionNode[7].dtn.Src:A8,Dst:A2,ID:517269 -- check module destructor
undisposed object: (BundlePacket) RegionsNetwork.regionNode[7].dtn.Src:A8,Dst:A2,ID:517274 -- check module destructor
undisposed object: (BundlePacket) RegionsNetwork.regionNode[7].dtn.Src:A8,Dst:A2,ID:517279 -- check module destructor
undisposed object: (BundlePacket) RegionsNetwork.regionNode[7].dtn.Src:A8,Dst:A2,ID:517284 -- check module destructor
undisposed object: (BundlePacket) RegionsNetwork.regionNode[7].dtn.Src:A8,Dst:A2,ID:517287 -- check module destructor
undisposed object: (BundlePacket) RegionsNetwork.regionNode[7].dtn.Src:A8,Dst:A2,ID:517292 -- check module destructor
undisposed object: (BundlePacket) RegionsNetwork.regionNode[7].dtn.Src:A8,Dst:A2,ID:517297 -- check module destructor
undisposed object: (BundlePacket) RegionsNetwork.regionNode[7].dtn.Src:A8,Dst:A2,ID:517302 -- check module destructor
undisposed object: (BundlePacket) RegionsNetwork.regionNode[7].dtn.Src:A8,Dst:A2,ID:517307 -- check module destructor
undisposed object: (BundlePacket) RegionsNetwork.regionNode[7].dtn.Src:A8,Dst:A2,ID:517312 -- check module destructor
undisposed object: (BundlePacket) RegionsNetwork.regionNode[7].dtn.Src:A8,Dst:A2,ID:517317 -- check module destructor
undisposed object: (BundlePacket) RegionsNetwork.regionNode[7].dtn.Src:A8,Dst:A2,ID:517322 -- check module destructor
undisposed object: (BundlePacket) RegionsNetwork.regionNode[7].dtn.Src:A8,Dst:A2,ID:517325 -- check module destructor
undisposed object: (BundlePacket) RegionsNetwork.regionNode[7].dtn.Src:A8,Dst:A2,ID:517330 -- check module destructor
undisposed object: (BundlePacket) RegionsNetwork.regionNode[7].dtn.Src:A8,Dst:A2,ID:517335 -- check module destructor
undisposed object: (BundlePacket) RegionsNetwork.regionNode[7].dtn.Src:A8,Dst:A2,ID:517340 -- check module destructor
undisposed object: (BundlePacket) RegionsNetwork.regionNode[7].dtn.Src:A8,Dst:A2,ID:517345 -- check module destructor
undisposed object: (BundlePacket) RegionsNetwork.regionNode[7].dtn.Src:A8,Dst:A2,ID:517350 -- check module destructor
undisposed object: (BundlePacket) RegionsNetwork.regionNode[7].dtn.Src:A8,Dst:A2,ID:517355 -- check module destructor
undisposed object: (BundlePacket) RegionsNetwork.regionNode[7].dtn.Src:A8,Dst:A2,ID:517360 -- check module destructor
undisposed object: (BundlePacket) RegionsNetwork.regionNode[7].dtn.Src:A8,Dst:A2,ID:517363 -- check module destructor
undisposed object: (BundlePacket) RegionsNetwork.regionNode[7].dtn.Src:A8,Dst:A2,ID:517368 -- check module destructor
undisposed object: (BundlePacket) RegionsNetwork.regionNode[7].dtn.Src:A8,Dst:A2,ID:517373 -- check module destructor
undisposed object: (BundlePacket) RegionsNetwork.regionNode[7].dtn.Src:A8,Dst:A2,ID:517378 -- check module destructor
undisposed object: (BundlePacket) RegionsNetwork.regionNode[7].dtn.Src:A8,Dst:A2,ID:517383 -- check module destructor
undisposed object: (BundlePacket) RegionsNetwork.regionNode[7].dtn.Src:A8,Dst:A2,ID:517388 -- check module destructor
undisposed object: (BundlePacket) RegionsNetwork.regionNode[7].dtn.Src:A8,Dst:A2,ID:517393 -- check module destructor
undisposed object: (BundlePacket) RegionsNetwork.regionNode[7].dtn.Src:A8,Dst:A2,ID:517398 -- check module destructor
undisposed object: (BundlePacket) RegionsNetwork.regionNode[7].dtn.Src:A8,Dst:A2,ID:517401 -- check module destructor
undisposed object: (BundlePacket) RegionsNetwork.regionNode[7].dtn.Src:A8,Dst:A2,ID:517406 -- check module destructor
undisposed object: (BundlePacket) RegionsNetwork.regionNode[7].dtn.Src:A8,Dst:A2,ID:517411 -- check module destructor
undisposed object: (BundlePacket) RegionsNetwork.regionNode[7].dtn.Src:A8,Dst:A2,ID:517416 -- check module destructor
undisposed object: (BundlePacket) RegionsNetwork.regionNode[7].dtn.Src:A8,Dst:A2,ID:517421 -- check module destructor
undisposed object: (BundlePacket) RegionsNetwork.regionNode[7].dtn.Src:A8,Dst:A2,ID:517426 -- check module destructor
undisposed object: (BundlePacket) RegionsNetwork.regionNode[7].dtn.Src:A8,Dst:A2,ID:517431 -- check module destructor
undisposed object: (BundlePacket) RegionsNetwork.regionNode[7].dtn.Src:A8,Dst:A2,ID:517436 -- check module destructor
undisposed object: (BundlePacket) RegionsNetwork.regionNode[7].dtn.Src:A8,Dst:A2,ID:517439 -- check module destructor
undisposed object: (BundlePacket) RegionsNetwork.regionNode[7].dtn.Src:A8,Dst:A2,ID:517444 -- check module destructor
undisposed object: (BundlePacket) RegionsNetwork.regionNode[7].dtn.Src:A8,Dst:A2,ID:517445 -- check module destructor
undisposed object: (BundlePacket) RegionsNetwork.regionNode[7].dtn.Src:A8,Dst:A2,ID:517446 -- check module destructor
undisposed object: (BundlePacket) RegionsNetwork.regionNode[7].dtn.Src:A8,Dst:A2,ID:517447 -- check module destructor
undisposed object: (BundlePacket) RegionsNetwork.regionNode[7].dtn.Src:A8,Dst:A2,ID:517448 -- check module destructor
undisposed object: (BundlePacket) RegionsNetwork.regionNode[7].dtn.Src:A8,Dst:A2,ID:517449 -- check module destructor
undisposed object: (BundlePacket) RegionsNetwork.regionNode[7].dtn.Src:A8,Dst:A2,ID:517450 -- check module destructor
undisposed object: (BundlePacket) RegionsNetwork.regionNode[7].dtn.Src:A8,Dst:A2,ID:517451 -- check module destructor
undisposed object: (BundlePacket) RegionsNetwork.regionNode[7].dtn.Src:A8,Dst:A2,ID:517452 -- check module destructor
undisposed object: (BundlePacket) RegionsNetwork.regionNode[7].dtn.Src:A8,Dst:A2,ID:517453 -- check module destructor
undisposed object: (BundlePacket) RegionsNetwork.regionNode[7].dtn.Src:A8,Dst:A2,ID:517454 -- check module destructor
undisposed object: (BundlePacket) RegionsNetwork.regionNode[7].dtn.Src:A8,Dst:A2,ID:517455 -- check module destructor
undisposed object: (BundlePacket) RegionsNetwork.regionNode[7].dtn.Src:A8,Dst:A2,ID:517456 -- check module destructor
undisposed object: (BundlePacket) RegionsNetwork.regionNode[7].dtn.Src:A8,Dst:A2,ID:517457 -- check module destructor
undisposed object: (BundlePacket) RegionsNetwork.regionNode[7].dtn.Src:A8,Dst:A2,ID:517473 -- check module destructor
undisposed object: (BundlePacket) RegionsNetwork.regionNode[7].dtn.Src:A8,Dst:A2,ID:517495 -- check module destructor
undisposed object: (BundlePacket) RegionsNetwork.regionNode[7].dtn.Src:A8,Dst:A2,ID:517516 -- check module destructor
undisposed object: (BundlePacket) RegionsNetwork.regionNode[7].dtn.Src:A8,Dst:A2,ID:517538 -- check module destructor
undisposed object: (BundlePacket) RegionsNetwork.regionNode[7].dtn.Src:A8,Dst:A2,ID:517557 -- check module destructor
undisposed object: (BundlePacket) RegionsNetwork.regionNode[7].dtn.Src:A8,Dst:A2,ID:517579 -- check module destructor
undisposed object: (BundlePacket) RegionsNetwork.regionNode[7].dtn.Src:A8,Dst:A2,ID:517600 -- check module destructor
undisposed object: (BundlePacket) RegionsNetwork.regionNode[7].dtn.Src:A8,Dst:A2,ID:517622 -- check module destructor
undisposed object: (BundlePacket) RegionsNetwork.regionNode[7].dtn.Src:A8,Dst:A2,ID:517641 -- check module destructor
undisposed object: (BundlePacket) RegionsNetwork.regionNode[7].dtn.Src:A8,Dst:A2,ID:517663 -- check module destructor
undisposed object: (BundlePacket) RegionsNetwork.regionNode[7].dtn.Src:A8,Dst:A2,ID:517684 -- check module destructor
undisposed object: (BundlePacket) RegionsNetwork.regionNode[7].dtn.Src:A8,Dst:A2,ID:517706 -- check module destructor
undisposed object: (BundlePacket) RegionsNetwork.regionNode[7].dtn.Src:A8,Dst:A2,ID:517725 -- check module destructor
undisposed object: (BundlePacket) RegionsNetwork.regionNode[7].dtn.Src:A8,Dst:A2,ID:517747 -- check module destructor
undisposed object: (BundlePacket) RegionsNetwork.regionNode[7].dtn.Src:A8,Dst:A2,ID:517768 -- check module destructor
undisposed object: (BundlePacket) RegionsNetwork.regionNode[7].dtn.Src:A8,Dst:A2,ID:517790 -- check module destructor
undisposed object: (BundlePacket) RegionsNetwork.regionNode[7].dtn.Src:A8,Dst:A2,ID:517809 -- check module destructor
undisposed object: (BundlePacket) RegionsNetwork.regionNode[7].dtn.Src:A8,Dst:A2,ID:517831 -- check module destructor
undisposed object: (BundlePacket) RegionsNetwork.regionNode[7].dtn.Src:A8,Dst:A2,ID:517852 -- check module destructor
undisposed object: (BundlePacket) RegionsNetwork.regionNode[7].dtn.Src:A8,Dst:A2,ID:517874 -- check module destructor
undisposed object: (BundlePacket) RegionsNetwork.regionNode[7].dtn.Src:A8,Dst:A2,ID:517893 -- check module destructor
undisposed object: (BundlePacket) RegionsNetwork.regionNode[7].dtn.Src:A8,Dst:A2,ID:517915 -- check module destructor
undisposed object: (BundlePacket) RegionsNetwork.regionNode[7].dtn.Src:A8,Dst:A2,ID:517936 -- check module destructor
undisposed object: (BundlePacket) RegionsNetwork.regionNode[7].dtn.Src:A8,Dst:A2,ID:517958 -- check module destructor
undisposed object: (BundlePacket) RegionsNetwork.regionNode[7].dtn.Src:A8,Dst:A2,ID:517977 -- check module destructor
undisposed object: (BundlePacket) RegionsNetwork.regionNode[7].dtn.Src:A8,Dst:A2,ID:517999 -- check module destructor
undisposed object: (BundlePacket) RegionsNetwork.regionNode[7].dtn.Src:A8,Dst:A2,ID:518020 -- check module destructor
undisposed object: (BundlePacket) RegionsNetwork.regionNode[7].dtn.Src:A8,Dst:A2,ID:518042 -- check module destructor
undisposed object: (BundlePacket) RegionsNetwork.regionNode[7].dtn.Src:A8,Dst:A2,ID:518061 -- check module destructor
undisposed object: (BundlePacket) RegionsNetwork.regionNode[7].dtn.Src:A8,Dst:A2,ID:518083 -- check module destructor
undisposed object: (BundlePacket) RegionsNetwork.regionNode[7].dtn.Src:A8,Dst:A2,ID:518104 -- check module destructor
undisposed object: (BundlePacket) RegionsNetwork.regionNode[7].dtn.Src:A8,Dst:A2,ID:518126 -- check module destructor
undisposed object: (BundlePacket) RegionsNetwork.regionNode[7].dtn.Src:A8,Dst:A2,ID:518145 -- check module destructor
undisposed object: (BundlePacket) RegionsNetwork.regionNode[7].dtn.Src:A8,Dst:A2,ID:518167 -- check module destructor
undisposed object: (BundlePacket) RegionsNetwork.regionNode[7].dtn.Src:A8,Dst:A2,ID:518188 -- check module destructor
undisposed object: (BundlePacket) RegionsNetwork.regionNode[7].dtn.Src:A8,Dst:A2,ID:518210 -- check module destructor
undisposed object: (BundlePacket) RegionsNetwork.regionNode[7].dtn.Src:A8,Dst:A2,ID:518229 -- check module destructor
undisposed object: (BundlePacket) RegionsNetwork.regionNode[7].dtn.Src:A8,Dst:A2,ID:518251 -- check module destructor
undisposed object: (BundlePacket) RegionsNetwork.regionNode[7].dtn.Src:A8,Dst:A2,ID:518272 -- check module destructor
undisposed object: (BundlePacket) RegionsNetwork.regionNode[7].dtn.Src:A8,Dst:A2,ID:518294 -- check module destructor
undisposed object: (BundlePacket) RegionsNetwork.regionNode[7].dtn.Src:A8,Dst:A2,ID:518313 -- check module destructor
undisposed object: (BundlePacket) RegionsNetwork.regionNode[7].dtn.Src:A8,Dst:A2,ID:518335 -- check module destructor
undisposed object: (BundlePacket) RegionsNetwork.regionNode[7].dtn.Src:A8,Dst:A2,ID:518356 -- check module destructor
undisposed object: (BundlePacket) RegionsNetwork.regionNode[7].dtn.Src:A8,Dst:A2,ID:518378 -- check module destructor
undisposed object: (BundlePacket) RegionsNetwork.regionNode[7].dtn.Src:A8,Dst:A2,ID:518397 -- check module destructor
undisposed object: (BundlePacket) RegionsNetwork.regionNode[7].dtn.Src:A8,Dst:A2,ID:518419 -- check module destructor
undisposed object: (BundlePacket) RegionsNetwork.regionNode[7].dtn.Src:A8,Dst:A2,ID:518440 -- check module destructor
undisposed object: (BundlePacket) RegionsNetwork.regionNode[7].dtn.Src:A8,Dst:A2,ID:518462 -- check module destructor
undisposed object: (BundlePacket) RegionsNetwork.regionNode[7].dtn.Src:A8,Dst:A2,ID:518481 -- check module destructor
undisposed object: (BundlePacket) RegionsNetwork.regionNode[7].dtn.Src:A8,Dst:A2,ID:518503 -- check module destructor
undisposed object: (BundlePacket) RegionsNetwork.regionNode[7].dtn.Src:A8,Dst:A2,ID:518524 -- check module destructor
undisposed object: (BundlePacket) RegionsNetwork.regionNode[7].dtn.Src:A8,Dst:A2,ID:518546 -- check module destructor
undisposed object: (BundlePacket) RegionsNetwork.regionNode[7].dtn.Src:A8,Dst:A2,ID:518565 -- check module destructor
undisposed object: (BundlePacket) RegionsNetwork.regionNode[7].dtn.Src:A8,Dst:A2,ID:518587 -- check module destructor
undisposed object: (BundlePacket) RegionsNetwork.regionNode[7].dtn.Src:A8,Dst:A2,ID:518608 -- check module destructor
undisposed object: (BundlePacket) RegionsNetwork.regionNode[7].dtn.Src:A8,Dst:A2,ID:518630 -- check module destructor
undisposed object: (BundlePacket) RegionsNetwork.regionNode[7].dtn.Src:A8,Dst:A2,ID:518651 -- check module destructor
undisposed object: (BundlePacket) RegionsNetwork.regionNode[7].dtn.Src:A8,Dst:A2,ID:518671 -- check module destructor
undisposed object: (BundlePacket) RegionsNetwork.regionNode[7].dtn.Src:A8,Dst:A2,ID:518680 -- check module destructor
undisposed object: (BundlePacket) RegionsNetwork.regionNode[7].dtn.Src:A8,Dst:A2,ID:518689 -- check module destructor
undisposed object: (BundlePacket) RegionsNetwork.regionNode[7].dtn.Src:A8,Dst:A2,ID:518696 -- check module destructor
undisposed object: (BundlePacket) RegionsNetwork.regionNode[7].dtn.Src:A8,Dst:A2,ID:518705 -- check module destructor
undisposed object: (BundlePacket) RegionsNetwork.regionNode[7].dtn.Src:A8,Dst:A2,ID:518714 -- check module destructor
undisposed object: (BundlePacket) RegionsNetwork.regionNode[7].dtn.Src:A8,Dst:A2,ID:518723 -- check module destructor
undisposed object: (BundlePacket) RegionsNetwork.regionNode[7].dtn.Src:A8,Dst:A2,ID:518730 -- check module destructor
undisposed object: (BundlePacket) RegionsNetwork.regionNode[7].dtn.Src:A8,Dst:A2,ID:518739 -- check module destructor
undisposed object: (BundlePacket) RegionsNetwork.regionNode[7].dtn.Src:A8,Dst:A2,ID:518748 -- check module destructor
undisposed object: (BundlePacket) RegionsNetwork.regionNode[7].dtn.Src:A8,Dst:A2,ID:518757 -- check module destructor
undisposed object: (BundlePacket) RegionsNetwork.regionNode[7].dtn.Src:A8,Dst:A2,ID:518764 -- check module destructor
undisposed object: (BundlePacket) RegionsNetwork.regionNode[7].dtn.Src:A8,Dst:A2,ID:518773 -- check module destructor
undisposed object: (BundlePacket) RegionsNetwork.regionNode[7].dtn.Src:A8,Dst:A2,ID:518782 -- check module destructor
undisposed object: (BundlePacket) RegionsNetwork.regionNode[7].dtn.Src:A8,Dst:A2,ID:518791 -- check module destructor
undisposed object: (BundlePacket) RegionsNetwork.regionNode[7].dtn.Src:A8,Dst:A2,ID:518798 -- check module destructor
undisposed object: (BundlePacket) RegionsNetwork.regionNode[7].dtn.Src:A8,Dst:A2,ID:518807 -- check module destructor
undisposed object: (BundlePacket) RegionsNetwork.regionNode[7].dtn.Src:A8,Dst:A2,ID:518816 -- check module destructor
undisposed object: (BundlePacket) RegionsNetwork.regionNode[7].dtn.Src:A8,Dst:A2,ID:518827 -- check module destructor
undisposed object: (BundlePacket) RegionsNetwork.regionNode[7].dtn.Src:A8,Dst:A2,ID:518834 -- check module destructor
undisposed object: (BundlePacket) RegionsNetwork.regionNode[7].dtn.Src:A8,Dst:A2,ID:518843 -- check module destructor
undisposed object: (BundlePacket) RegionsNetwork.regionNode[7].dtn.Src:A8,Dst:A2,ID:518852 -- check module destructor
undisposed object: (BundlePacket) RegionsNetwork.regionNode[7].dtn.Src:A8,Dst:A2,ID:518861 -- check module destructor
undisposed object: (BundlePacket) RegionsNetwork.regionNode[7].dtn.Src:A8,Dst:A2,ID:518868 -- check module destructor
undisposed object: (BundlePacket) RegionsNetwork.regionNode[7].dtn.Src:A8,Dst:A2,ID:518877 -- check module destructor
undisposed object: (BundlePacket) RegionsNetwork.regionNode[7].dtn.Src:A8,Dst:A2,ID:518886 -- check module destructor
undisposed object: (BundlePacket) RegionsNetwork.regionNode[7].dtn.Src:A8,Dst:A2,ID:518895 -- check module destructor
undisposed object: (BundlePacket) RegionsNetwork.regionNode[7].dtn.Src:A8,Dst:A2,ID:518902 -- check module destructor
undisposed object: (BundlePacket) RegionsNetwork.regionNode[7].dtn.Src:A8,Dst:A2,ID:518911 -- check module destructor
undisposed object: (BundlePacket) RegionsNetwork.regionNode[7].dtn.Src:A8,Dst:A2,ID:518920 -- check module destructor
undisposed object: (BundlePacket) RegionsNetwork.regionNode[7].dtn.Src:A8,Dst:A2,ID:518929 -- check module destructor
undisposed object: (BundlePacket) RegionsNetwork.regionNode[7].dtn.Src:A8,Dst:A2,ID:518936 -- check module destructor
undisposed object: (BundlePacket) RegionsNetwork.regionNode[7].dtn.Src:A8,Dst:A2,ID:518945 -- check module destructor
undisposed object: (BundlePacket) RegionsNetwork.regionNode[7].dtn.Src:A8,Dst:A2,ID:518954 -- check module destructor
undisposed object: (BundlePacket) RegionsNetwork.regionNode[7].dtn.Src:A8,Dst:A2,ID:518963 -- check module destructor
undisposed object: (BundlePacket) RegionsNetwork.regionNode[7].dtn.Src:A8,Dst:A2,ID:518970 -- check module destructor
undisposed object: (BundlePacket) RegionsNetwork.regionNode[7].dtn.Src:A8,Dst:A2,ID:518979 -- check module destructor
undisposed object: (BundlePacket) RegionsNetwork.regionNode[7].dtn.Src:A8,Dst:A2,ID:518988 -- check module destructor
undisposed object: (BundlePacket) RegionsNetwork.regionNode[7].dtn.Src:A8,Dst:A2,ID:518997 -- check module destructor
undisposed object: (BundlePacket) RegionsNetwork.regionNode[7].dtn.Src:A8,Dst:A2,ID:519004 -- check module destructor
undisposed object: (BundlePacket) RegionsNetwork.regionNode[7].dtn.Src:A8,Dst:A2,ID:519013 -- check module destructor
undisposed object: (BundlePacket) RegionsNetwork.regionNode[7].dtn.Src:A8,Dst:A2,ID:519022 -- check module destructor
undisposed object: (BundlePacket) RegionsNetwork.regionNode[7].dtn.Src:A8,Dst:A2,ID:519031 -- check module destructor
undisposed object: (BundlePacket) RegionsNetwork.regionNode[7].dtn.Src:A8,Dst:A2,ID:519038 -- check module destructor
undisposed object: (BundlePacket) RegionsNetwork.regionNode[7].dtn.Src:A8,Dst:A2,ID:519047 -- check module destructor
undisposed object: (BundlePacket) RegionsNetwork.regionNode[7].dtn.Src:A8,Dst:A2,ID:519056 -- check module destructor
undisposed object: (BundlePacket) RegionsNetwork.regionNode[7].dtn.Src:A8,Dst:A2,ID:519065 -- check module destructor
undisposed object: (BundlePacket) RegionsNetwork.regionNode[7].dtn.Src:A8,Dst:A2,ID:519072 -- check module destructor
undisposed object: (BundlePacket) RegionsNetwork.regionNode[7].dtn.Src:A8,Dst:A2,ID:519081 -- check module destructor
undisposed object: (BundlePacket) RegionsNetwork.regionNode[7].dtn.Src:A8,Dst:A2,ID:519090 -- check module destructor
undisposed object: (BundlePacket) RegionsNetwork.regionNode[7].dtn.Src:A8,Dst:A2,ID:519099 -- check module destructor
undisposed object: (BundlePacket) RegionsNetwork.regionNode[7].dtn.Src:A8,Dst:A2,ID:519106 -- check module destructor
undisposed object: (BundlePacket) RegionsNetwork.regionNode[7].dtn.Src:A8,Dst:A2,ID:519115 -- check module destructor
undisposed object: (BundlePacket) RegionsNetwork.regionNode[7].dtn.Src:A8,Dst:A2,ID:519124 -- check module destructor
undisposed object: (BundlePacket) RegionsNetwork.regionNode[7].dtn.Src:A8,Dst:A2,ID:519133 -- check module destructor
undisposed object: (BundlePacket) RegionsNetwork.regionNode[7].dtn.Src:A8,Dst:A2,ID:519140 -- check module destructor
undisposed object: (BundlePacket) RegionsNetwork.regionNode[7].dtn.Src:A8,Dst:A2,ID:519149 -- check module destructor
undisposed object: (BundlePacket) RegionsNetwork.regionNode[7].dtn.Src:A8,Dst:A2,ID:519158 -- check module destructor
undisposed object: (BundlePacket) RegionsNetwork.regionNode[7].dtn.Src:A8,Dst:A2,ID:519167 -- check module destructor
undisposed object: (BundlePacket) RegionsNetwork.regionNode[7].dtn.Src:A8,Dst:A2,ID:519174 -- check module destructor
undisposed object: (BundlePacket) RegionsNetwork.regionNode[7].dtn.Src:A8,Dst:A2,ID:519183 -- check module destructor
undisposed object: (BundlePacket) RegionsNetwork.regionNode[7].dtn.Src:A8,Dst:A2,ID:519192 -- check module destructor
undisposed object: (BundlePacket) RegionsNetwork.regionNode[7].dtn.Src:A8,Dst:A2,ID:519201 -- check module destructor
undisposed object: (BundlePacket) RegionsNetwork.regionNode[7].dtn.Src:A8,Dst:A2,ID:519208 -- check module destructor
undisposed object: (BundlePacket) RegionsNetwork.regionNode[7].dtn.Src:A8,Dst:A2,ID:519217 -- check module destructor
undisposed object: (BundlePacket) RegionsNetwork.regionNode[7].dtn.Src:A8,Dst:A2,ID:519228 -- check module destructor
undisposed object: (BundlePacket) RegionsNetwork.regionNode[7].dtn.Src:A8,Dst:A2,ID:519237 -- check module destructor
undisposed object: (BundlePacket) RegionsNetwork.regionNode[7].dtn.Src:A8,Dst:A2,ID:519244 -- check module destructor
undisposed object: (BundlePacket) RegionsNetwork.regionNode[7].dtn.Src:A8,Dst:A2,ID:519253 -- check module destructor
undisposed object: (BundlePacket) RegionsNetwork.regionNode[7].dtn.Src:A8,Dst:A2,ID:519262 -- check module destructor
undisposed object: (BundlePacket) RegionsNetwork.regionNode[7].dtn.Src:A8,Dst:A2,ID:519271 -- check module destructor
undisposed object: (BundlePacket) RegionsNetwork.regionNode[7].dtn.Src:A8,Dst:A2,ID:519280 -- check module destructor
undisposed object: (BundlePacket) RegionsNetwork.regionNode[7].dtn.Src:A8,Dst:A2,ID:519289 -- check module destructor
undisposed object: (BundlePacket) RegionsNetwork.regionNode[7].dtn.Src:A8,Dst:A2,ID:519298 -- check module destructor
undisposed object: (BundlePacket) RegionsNetwork.regionNode[7].dtn.Src:A8,Dst:A2,ID:519307 -- check module destructor
undisposed object: (BundlePacket) RegionsNetwork.regionNode[7].dtn.Src:A8,Dst:A2,ID:519314 -- check module destructor
undisposed object: (BundlePacket) RegionsNetwork.regionNode[7].dtn.Src:A8,Dst:A2,ID:519323 -- check module destructor
undisposed object: (BundlePacket) RegionsNetwork.regionNode[7].dtn.Src:A8,Dst:A2,ID:519332 -- check module destructor
undisposed object: (BundlePacket) RegionsNetwork.regionNode[7].dtn.Src:A8,Dst:A2,ID:519341 -- check module destructor
undisposed object: (BundlePacket) RegionsNetwork.regionNode[7].dtn.Src:A8,Dst:A2,ID:519348 -- check module destructor
undisposed object: (BundlePacket) RegionsNetwork.regionNode[7].dtn.Src:A8,Dst:A2,ID:519357 -- check module destructor
undisposed object: (BundlePacket) RegionsNetwork.regionNode[7].dtn.Src:A8,Dst:A2,ID:519366 -- check module destructor
undisposed object: (BundlePacket) RegionsNetwork.regionNode[7].dtn.Src:A8,Dst:A2,ID:519375 -- check module destructor
undisposed object: (BundlePacket) RegionsNetwork.regionNode[7].dtn.Src:A8,Dst:A2,ID:519382 -- check module destructor
undisposed object: (BundlePacket) RegionsNetwork.regionNode[7].dtn.Src:A8,Dst:A2,ID:519391 -- check module destructor
undisposed object: (BundlePacket) RegionsNetwork.regionNode[7].dtn.Src:A8,Dst:A2,ID:519400 -- check module destructor
undisposed object: (BundlePacket) RegionsNetwork.regionNode[7].dtn.Src:A8,Dst:A2,ID:519409 -- check module destructor
undisposed object: (BundlePacket) RegionsNetwork.regionNode[7].dtn.Src:A8,Dst:A2,ID:519416 -- check module destructor
undisposed object: (BundlePacket) RegionsNetwork.regionNode[7].dtn.Src:A8,Dst:A2,ID:519425 -- check module destructor
undisposed object: (BundlePacket) RegionsNetwork.regionNode[7].dtn.Src:A8,Dst:A2,ID:519434 -- check module destructor
undisposed object: (BundlePacket) RegionsNetwork.regionNode[7].dtn.Src:A8,Dst:A2,ID:519443 -- check module destructor
undisposed object: (BundlePacket) RegionsNetwork.regionNode[7].dtn.Src:A8,Dst:A2,ID:519450 -- check module destructor
undisposed object: (BundlePacket) RegionsNetwork.regionNode[7].dtn.Src:A8,Dst:A2,ID:519459 -- check module destructor
undisposed object: (BundlePacket) RegionsNetwork.regionNode[7].dtn.Src:A8,Dst:A2,ID:519468 -- check module destructor
undisposed object: (BundlePacket) RegionsNetwork.regionNode[7].dtn.Src:A8,Dst:A2,ID:519477 -- check module destructor
undisposed object: (BundlePacket) RegionsNetwork.regionNode[7].dtn.Src:A8,Dst:A2,ID:519484 -- check module destructor
undisposed object: (BundlePacket) RegionsNetwork.regionNode[7].dtn.Src:A8,Dst:A2,ID:519493 -- check module destructor
undisposed object: (BundlePacket) RegionsNetwork.regionNode[7].dtn.Src:A8,Dst:A2,ID:519502 -- check module destructor
undisposed object: (BundlePacket) RegionsNetwork.regionNode[7].dtn.Src:A8,Dst:A2,ID:519511 -- check module destructor
undisposed object: (BundlePacket) RegionsNetwork.regionNode[7].dtn.Src:A8,Dst:A2,ID:519518 -- check module destructor
undisposed object: (BundlePacket) RegionsNetwork.regionNode[7].dtn.Src:A8,Dst:A2,ID:519527 -- check module destructor
undisposed object: (BundlePacket) RegionsNetwork.regionNode[7].dtn.Src:A8,Dst:A2,ID:519536 -- check module destructor
undisposed object: (BundlePacket) RegionsNetwork.regionNode[7].dtn.Src:A8,Dst:A2,ID:519545 -- check module destructor
undisposed object: (BundlePacket) RegionsNetwork.regionNode[7].dtn.Src:A8,Dst:A2,ID:519552 -- check module destructor
undisposed object: (BundlePacket) RegionsNetwork.regionNode[7].dtn.Src:A8,Dst:A2,ID:519561 -- check module destructor
undisposed object: (BundlePacket) RegionsNetwork.regionNode[7].dtn.Src:A8,Dst:A2,ID:519570 -- check module destructor
undisposed object: (BundlePacket) RegionsNetwork.regionNode[7].dtn.Src:A8,Dst:A2,ID:519579 -- check module destructor
undisposed object: (BundlePacket) RegionsNetwork.regionNode[7].dtn.Src:A8,Dst:A2,ID:519586 -- check module destructor
undisposed object: (BundlePacket) RegionsNetwork.regionNode[7].dtn.Src:A8,Dst:A2,ID:519595 -- check module destructor
undisposed object: (BundlePacket) RegionsNetwork.regionNode[7].dtn.Src:A8,Dst:A2,ID:519604 -- check module destructor
undisposed object: (BundlePacket) RegionsNetwork.regionNode[7].dtn.Src:A8,Dst:A2,ID:519613 -- check module destructor
undisposed object: (BundlePacket) RegionsNetwork.regionNode[7].dtn.Src:A8,Dst:A2,ID:519620 -- check module destructor
undisposed object: (BundlePacket) RegionsNetwork.regionNode[7].dtn.Src:A8,Dst:A2,ID:519629 -- check module destructor
undisposed object: (BundlePacket) RegionsNetwork.regionNode[7].dtn.Src:A8,Dst:A2,ID:519638 -- check module destructor
undisposed object: (BundlePacket) RegionsNetwork.regionNode[7].dtn.Src:A8,Dst:A2,ID:519647 -- check module destructor
undisposed object: (BundlePacket) RegionsNetwork.regionNode[7].dtn.Src:A8,Dst:A2,ID:519654 -- check module destructor
undisposed object: (BundlePacket) RegionsNetwork.regionNode[7].dtn.Src:A8,Dst:A2,ID:519663 -- check module destructor
undisposed object: (BundlePacket) RegionsNetwork.regionNode[7].dtn.Src:A8,Dst:A2,ID:519672 -- check module destructor
undisposed object: (BundlePacket) RegionsNetwork.regionNode[7].dtn.Src:A8,Dst:A2,ID:519681 -- check module destructor
undisposed object: (BundlePacket) RegionsNetwork.regionNode[7].dtn.Src:A8,Dst:A2,ID:519688 -- check module destructor
undisposed object: (BundlePacket) RegionsNetwork.regionNode[7].dtn.Src:A8,Dst:A2,ID:519697 -- check module destructor
undisposed object: (BundlePacket) RegionsNetwork.regionNode[7].dtn.Src:A8,Dst:A2,ID:519706 -- check module destructor
undisposed object: (BundlePacket) RegionsNetwork.regionNode[7].dtn.Src:A8,Dst:A2,ID:519715 -- check module destructor
undisposed object: (BundlePacket) RegionsNetwork.regionNode[7].dtn.Src:A8,Dst:A2,ID:519722 -- check module destructor
undisposed object: (BundlePacket) RegionsNetwork.regionNode[7].dtn.Src:A8,Dst:A2,ID:519731 -- check module destructor
undisposed object: (BundlePacket) RegionsNetwork.regionNode[7].dtn.Src:A8,Dst:A2,ID:519740 -- check module destructor
undisposed object: (BundlePacket) RegionsNetwork.regionNode[7].dtn.Src:A8,Dst:A2,ID:519749 -- check module destructor
undisposed object: (BundlePacket) RegionsNetwork.regionNode[7].dtn.Src:A8,Dst:A2,ID:519756 -- check module destructor
undisposed object: (BundlePacket) RegionsNetwork.regionNode[7].dtn.Src:A8,Dst:A2,ID:519765 -- check module destructor
undisposed object: (BundlePacket) RegionsNetwork.regionNode[7].dtn.Src:A8,Dst:A2,ID:519774 -- check module destructor
undisposed object: (BundlePacket) RegionsNetwork.regionNode[7].dtn.Src:A8,Dst:A2,ID:519783 -- check module destructor
undisposed object: (BundlePacket) RegionsNetwork.regionNode[7].dtn.Src:A8,Dst:A2,ID:519790 -- check module destructor
undisposed object: (BundlePacket) RegionsNetwork.regionNode[7].dtn.Src:A8,Dst:A2,ID:519799 -- check module destructor
undisposed object: (BundlePacket) RegionsNetwork.regionNode[7].dtn.Src:A8,Dst:A2,ID:519808 -- check module destructor
undisposed object: (BundlePacket) RegionsNetwork.regionNode[7].dtn.Src:A8,Dst:A2,ID:519817 -- check module destructor
undisposed object: (BundlePacket) RegionsNetwork.regionNode[7].dtn.Src:A8,Dst:A2,ID:519820 -- check module destructor
undisposed object: (BundlePacket) RegionsNetwork.regionNode[7].dtn.Src:A8,Dst:A2,ID:519821 -- check module destructor
undisposed object: (BundlePacket) RegionsNetwork.regionNode[7].dtn.Src:A8,Dst:A2,ID:519822 -- check module destructor
undisposed object: (BundlePacket) RegionsNetwork.regionNode[7].dtn.Src:A8,Dst:A2,ID:519823 -- check module destructor
undisposed object: (BundlePacket) RegionsNetwork.regionNode[7].dtn.Src:A8,Dst:A2,ID:519824 -- check module destructor
undisposed object: (BundlePacket) RegionsNetwork.regionNode[7].dtn.Src:A8,Dst:A2,ID:519825 -- check module destructor
undisposed object: (BundlePacket) RegionsNetwork.regionNode[7].dtn.Src:A8,Dst:A2,ID:519826 -- check module destructor
undisposed object: (BundlePacket) RegionsNetwork.regionNode[7].dtn.Src:A8,Dst:A2,ID:519827 -- check module destructor
undisposed object: (BundlePacket) RegionsNetwork.regionNode[7].dtn.Src:A8,Dst:A2,ID:519828 -- check module destructor
undisposed object: (BundlePacket) RegionsNetwork.regionNode[7].dtn.Src:A8,Dst:A2,ID:519829 -- check module destructor
undisposed object: (BundlePacket) RegionsNetwork.regionNode[7].dtn.Src:A8,Dst:A2,ID:519830 -- check module destructor
undisposed object: (BundlePacket) RegionsNetwork.regionNode[7].dtn.Src:A8,Dst:A2,ID:519831 -- check module destructor
undisposed object: (BundlePacket) RegionsNetwork.regionNode[7].dtn.Src:A8,Dst:A2,ID:519832 -- check module destructor
undisposed object: (BundlePacket) RegionsNetwork.regionNode[7].dtn.Src:A8,Dst:A2,ID:519833 -- check module destructor
undisposed object: (BundlePacket) RegionsNetwork.regionNode[7].dtn.Src:A8,Dst:A2,ID:519834 -- check module destructor
undisposed object: (BundlePacket) RegionsNetwork.regionNode[7].dtn.Src:A8,Dst:A2,ID:519835 -- check module destructor
undisposed object: (BundlePacket) RegionsNetwork.regionNode[7].dtn.Src:A8,Dst:A2,ID:519836 -- check module destructor
undisposed object: (BundlePacket) RegionsNetwork.regionNode[7].dtn.Src:A8,Dst:A2,ID:519837 -- check module destructor
undisposed object: (BundlePacket) RegionsNetwork.regionNode[7].dtn.Src:A8,Dst:A2,ID:519838 -- check module destructor
undisposed object: (BundlePacket) RegionsNetwork.regionNode[7].dtn.Src:A8,Dst:A2,ID:519839 -- check module destructor
undisposed object: (BundlePacket) RegionsNetwork.regionNode[7].dtn.Src:A8,Dst:A2,ID:519840 -- check module destructor
undisposed object: (BundlePacket) RegionsNetwork.regionNode[7].dtn.Src:A8,Dst:A2,ID:519841 -- check module destructor
undisposed object: (BundlePacket) RegionsNetwork.regionNode[7].dtn.Src:A8,Dst:A2,ID:519842 -- check module destructor
undisposed object: (BundlePacket) RegionsNetwork.regionNode[7].dtn.Src:A8,Dst:A2,ID:519843 -- check module destructor
undisposed object: (BundlePacket) RegionsNetwork.regionNode[7].dtn.Src:A8,Dst:A2,ID:519844 -- check module destructor
undisposed object: (BundlePacket) RegionsNetwork.regionNode[7].dtn.Src:A8,Dst:A2,ID:519845 -- check module destructor
undisposed object: (BundlePacket) RegionsNetwork.regionNode[7].dtn.Src:A8,Dst:A2,ID:519846 -- check module destructor
undisposed object: (BundlePacket) RegionsNetwork.regionNode[7].dtn.Src:A8,Dst:A2,ID:519847 -- check module destructor
undisposed object: (BundlePacket) RegionsNetwork.regionNode[7].dtn.Src:A8,Dst:A2,ID:519848 -- check module destructor
undisposed object: (BundlePacket) RegionsNetwork.regionNode[7].dtn.Src:A8,Dst:A2,ID:519849 -- check module destructor
undisposed object: (BundlePacket) RegionsNetwork.regionNode[7].dtn.Src:A8,Dst:A2,ID:519850 -- check module destructor
undisposed object: (BundlePacket) RegionsNetwork.regionNode[7].dtn.Src:A8,Dst:A2,ID:519851 -- check module destructor
undisposed object: (BundlePacket) RegionsNetwork.regionNode[7].dtn.Src:A8,Dst:A2,ID:519852 -- check module destructor
undisposed object: (BundlePacket) RegionsNetwork.regionNode[7].dtn.Src:A8,Dst:A2,ID:519853 -- check module destructor
undisposed object: (BundlePacket) RegionsNetwork.regionNode[7].dtn.Src:A8,Dst:A2,ID:519854 -- check module destructor
undisposed object: (BundlePacket) RegionsNetwork.regionNode[7].dtn.Src:A8,Dst:A2,ID:519855 -- check module destructor
undisposed object: (BundlePacket) RegionsNetwork.regionNode[7].dtn.Src:A8,Dst:A2,ID:519856 -- check module destructor
undisposed object: (BundlePacket) RegionsNetwork.regionNode[7].dtn.Src:A8,Dst:A2,ID:519857 -- check module destructor
undisposed object: (BundlePacket) RegionsNetwork.regionNode[7].dtn.Src:A8,Dst:A2,ID:519858 -- check module destructor
undisposed object: (BundlePacket) RegionsNetwork.regionNode[7].dtn.Src:A8,Dst:A2,ID:519859 -- check module destructor
undisposed object: (BundlePacket) RegionsNetwork.regionNode[7].dtn.Src:A8,Dst:A2,ID:519860 -- check module destructor
undisposed object: (BundlePacket) RegionsNetwork.regionNode[7].dtn.Src:A8,Dst:A2,ID:519861 -- check module destructor
undisposed object: (BundlePacket) RegionsNetwork.regionNode[7].dtn.Src:A8,Dst:A2,ID:519862 -- check module destructor
undisposed object: (BundlePacket) RegionsNetwork.regionNode[7].dtn.Src:A8,Dst:A2,ID:519863 -- check module destructor
undisposed object: (BundlePacket) RegionsNetwork.regionNode[7].dtn.Src:A8,Dst:A2,ID:519864 -- check module destructor
undisposed object: (BundlePacket) RegionsNetwork.regionNode[7].dtn.Src:A8,Dst:A2,ID:519865 -- check module destructor
undisposed object: (BundlePacket) RegionsNetwork.regionNode[7].dtn.Src:A8,Dst:A2,ID:519866 -- check module destructor
undisposed object: (BundlePacket) RegionsNetwork.regionNode[7].dtn.Src:A8,Dst:A2,ID:519867 -- check module destructor
undisposed object: (BundlePacket) RegionsNetwork.regionNode[7].dtn.Src:A8,Dst:A2,ID:519868 -- check module destructor
undisposed object: (BundlePacket) RegionsNetwork.regionNode[7].dtn.Src:A8,Dst:A2,ID:519869 -- check module destructor
undisposed object: (BundlePacket) RegionsNetwork.regionNode[7].dtn.Src:A8,Dst:A2,ID:519870 -- check module destructor
undisposed object: (BundlePacket) RegionsNetwork.regionNode[7].dtn.Src:A8,Dst:A2,ID:519871 -- check module destructor
undisposed object: (BundlePacket) RegionsNetwork.regionNode[7].dtn.Src:A8,Dst:A2,ID:519872 -- check module destructor
undisposed object: (BundlePacket) RegionsNetwork.regionNode[7].dtn.Src:A8,Dst:A2,ID:519873 -- check module destructor
undisposed object: (BundlePacket) RegionsNetwork.regionNode[7].dtn.Src:A8,Dst:A2,ID:519874 -- check module destructor
undisposed object: (BundlePacket) RegionsNetwork.regionNode[7].dtn.Src:A8,Dst:A2,ID:519875 -- check module destructor
undisposed object: (BundlePacket) RegionsNetwork.regionNode[7].dtn.Src:A8,Dst:A2,ID:519876 -- check module destructor
undisposed object: (BundlePacket) RegionsNetwork.regionNode[7].dtn.Src:A8,Dst:A2,ID:519877 -- check module destructor
undisposed object: (BundlePacket) RegionsNetwork.regionNode[7].dtn.Src:A8,Dst:A2,ID:519878 -- check module destructor
undisposed object: (BundlePacket) RegionsNetwork.regionNode[7].dtn.Src:A8,Dst:A2,ID:519879 -- check module destructor
undisposed object: (BundlePacket) RegionsNetwork.regionNode[7].dtn.Src:A8,Dst:A2,ID:519880 -- check module destructor
undisposed object: (BundlePacket) RegionsNetwork.regionNode[7].dtn.Src:A8,Dst:A2,ID:519881 -- check module destructor
undisposed object: (BundlePacket) RegionsNetwork.regionNode[7].dtn.Src:A8,Dst:A2,ID:519882 -- check module destructor
undisposed object: (BundlePacket) RegionsNetwork.regionNode[7].dtn.Src:A8,Dst:A2,ID:519883 -- check module destructor
undisposed object: (BundlePacket) RegionsNetwork.regionNode[7].dtn.Src:A8,Dst:A2,ID:519884 -- check module destructor
undisposed object: (BundlePacket) RegionsNetwork.regionNode[7].dtn.Src:A8,Dst:A2,ID:519885 -- check module destructor
undisposed object: (BundlePacket) RegionsNetwork.regionNode[7].dtn.Src:A8,Dst:A2,ID:519886 -- check module destructor
undisposed object: (BundlePacket) RegionsNetwork.regionNode[7].dtn.Src:A8,Dst:A2,ID:519887 -- check module destructor
undisposed object: (BundlePacket) RegionsNetwork.regionNode[7].dtn.Src:A8,Dst:A2,ID:519888 -- check module destructor
undisposed object: (BundlePacket) RegionsNetwork.regionNode[7].dtn.Src:A8,Dst:A2,ID:519889 -- check module destructor
undisposed object: (BundlePacket) RegionsNetwork.regionNode[7].dtn.Src:A8,Dst:A2,ID:519890 -- check module destructor
undisposed object: (BundlePacket) RegionsNetwork.regionNode[7].dtn.Src:A8,Dst:A2,ID:519891 -- check module destructor
undisposed object: (BundlePacket) RegionsNetwork.regionNode[7].dtn.Src:A8,Dst:A2,ID:519892 -- check module destructor
undisposed object: (BundlePacket) RegionsNetwork.regionNode[7].dtn.Src:A8,Dst:A2,ID:519893 -- check module destructor
undisposed object: (BundlePacket) RegionsNetwork.regionNode[7].dtn.Src:A8,Dst:A2,ID:519894 -- check module destructor
undisposed object: (BundlePacket) RegionsNetwork.regionNode[7].dtn.Src:A8,Dst:A2,ID:519895 -- check module destructor
undisposed object: (BundlePacket) RegionsNetwork.regionNode[7].dtn.Src:A8,Dst:A2,ID:519896 -- check module destructor
undisposed object: (BundlePacket) RegionsNetwork.regionNode[7].dtn.Src:A8,Dst:A2,ID:519897 -- check module destructor
undisposed object: (BundlePacket) RegionsNetwork.regionNode[7].dtn.Src:A8,Dst:A2,ID:519898 -- check module destructor
undisposed object: (BundlePacket) RegionsNetwork.regionNode[7].dtn.Src:A8,Dst:A2,ID:519899 -- check module destructor
undisposed object: (BundlePacket) RegionsNetwork.regionNode[7].dtn.Src:A8,Dst:A2,ID:519900 -- check module destructor
undisposed object: (BundlePacket) RegionsNetwork.regionNode[7].dtn.Src:A8,Dst:A2,ID:519901 -- check module destructor
undisposed object: (BundlePacket) RegionsNetwork.regionNode[7].dtn.Src:A8,Dst:A2,ID:519902 -- check module destructor
undisposed object: (BundlePacket) RegionsNetwork.regionNode[7].dtn.Src:A8,Dst:A2,ID:519903 -- check module destructor
undisposed object: (BundlePacket) RegionsNetwork.regionNode[7].dtn.Src:A8,Dst:A2,ID:519904 -- check module destructor
undisposed object: (BundlePacket) RegionsNetwork.regionNode[7].dtn.Src:A8,Dst:A2,ID:519905 -- check module destructor
undisposed object: (BundlePacket) RegionsNetwork.regionNode[7].dtn.Src:A8,Dst:A2,ID:519906 -- check module destructor
undisposed object: (BundlePacket) RegionsNetwork.regionNode[7].dtn.Src:A8,Dst:A2,ID:519907 -- check module destructor
undisposed object: (BundlePacket) RegionsNetwork.regionNode[7].dtn.Src:A8,Dst:A2,ID:519908 -- check module destructor
undisposed object: (BundlePacket) RegionsNetwork.regionNode[7].dtn.Src:A8,Dst:A2,ID:519909 -- check module destructor
undisposed object: (BundlePacket) RegionsNetwork.regionNode[25].dtn.Src:A1,Dst:A13,ID:523570 -- check module destructor
