** Event #0   t=0   Elapsed: 1.7e-05s (0m 00s)
     Speed:     ev/sec=0   simsec/sec=0   ev/simsec=0
     Messages:  created: 248760   present: 248760   in FES: 248760
** Event #1011712   t=368270   Elapsed: 2.00014s (0m 02s)
     Speed:     ev/sec=505825   simsec/sec=184123   ev/simsec=2.7472
     Messages:  created: 375890   present: 211705   in FES: 210865
** Event #1762048   t=639968.333333333547   Elapsed: 4.00033s (0m 04s)
     Speed:     ev/sec=375132   simsec/sec=135836   ev/simsec=2.76165
     Messages:  created: 469454   present: 184298   in FES: 182906
** Event #2610176   t=948690   Elapsed: 6.00079s (0m 06s)
     Speed:     ev/sec=423967   simsec/sec=154325   ev/simsec=2.74723
     Messages:  created: 577137   present: 152838   in FES: 151154
** Event #3426048   t=1265160   Elapsed: 8.00343s (0m 08s)
     Speed:     ev/sec=407397   simsec/sec=158026   ev/simsec=2.57804
     Messages:  created: 681431   present: 122742   in FES: 118632
** Event #4099328   t=1491763.000000000112   Elapsed: 10.0034s (0m 10s)
     Speed:     ev/sec=336638   simsec/sec=113301   ev/simsec=2.97119
     Messages:  created: 765062   present: 97361   in FES: 95367
** Event #4713216   t=1705310   Elapsed: 12.1046s (0m 12s)
     Speed:     ev/sec=292172   simsec/sec=101635   ev/simsec=2.87472
     Messages:  created: 840097   present: 75872   in FES: 73414
** Event #5086464   t=1813490   Elapsed: 14.1143s (0m 14s)
     Speed:     ev/sec=185719   simsec/sec=53827.7   ev/simsec=3.45025
     Messages:  created: 885206   present: 65092   in FES: 62290
** Event #5657856   t=2002860   Elapsed: 16.1154s (0m 16s)
     Speed:     ev/sec=285533   simsec/sec=94631   ev/simsec=3.01733
     Messages:  created: 955870   present: 45691   in FES: 42838
** Event #6336256   t=2225107.999999999991   Elapsed: 18.1157s (0m 18s)
     Speed:     ev/sec=339154   simsec/sec=111109   ev/simsec=3.05245
     Messages:  created: 1037891   present: 21451   in FES: 19991
** Event #6880782   t=2419200   Elapsed: 19.7288s (0m 19s)
     Speed:     ev/sec=337565   simsec/sec=120323   ev/simsec=2.8055
     Messages:  created: 1104174   present: 360   in FES: 0

<!> No more events, simulation completed -- at t=2419200s, event #6880782
undisposed object: (BundlePacket) RegionsNetwork.regionNode[5].dtn.Src:A6,Dst:A2,ID:1103450 -- check module destructor
undisposed object: (BundlePacket) RegionsNetwork.regionNode[5].dtn.Src:A6,Dst:A2,ID:1103451 -- check module destructor
undisposed object: (BundlePacket) RegionsNetwork.regionNode[5].dtn.Src:A6,Dst:A2,ID:1103452 -- check module destructor
undisposed object: (BundlePacket) RegionsNetwork.regionNode[5].dtn.Src:A6,Dst:A2,ID:1103453 -- check module destructor
undisposed object: (BundlePacket) RegionsNetwork.regionNode[5].dtn.Src:A6,Dst:A2,ID:1103454 -- check module destructor
undisposed object: (BundlePacket) RegionsNetwork.regionNode[5].dtn.Src:A6,Dst:A2,ID:1103455 -- check module destructor
undisposed object: (BundlePacket) RegionsNetwork.regionNode[5].dtn.Src:A6,Dst:A2,ID:1103456 -- check module destructor
undisposed object: (BundlePacket) RegionsNetwork.regionNode[5].dtn.Src:A6,Dst:A2,ID:1103457 -- check module destructor
undisposed object: (BundlePacket) RegionsNetwork.regionNode[5].dtn.Src:A6,Dst:A2,ID:1103458 -- check module destructor
undisposed object: (BundlePacket) RegionsNetwork.regionNode[5].dtn.Src:A6,Dst:A2,ID:1103459 -- check module destructor
undisposed object: (BundlePacket) RegionsNetwork.regionNode[5].dtn.Src:A6,Dst:A2,ID:1103460 -- check module destructor
undisposed object: (BundlePacket) RegionsNetwork.regionNode[5].dtn.Src:A6,Dst:A2,ID:1103461 -- check module destructor
undisposed object: (BundlePacket) RegionsNetwork.regionNode[5].dtn.Src:A6,Dst:A2,ID:1103462 -- check module destructor
undisposed object: (BundlePacket) RegionsNetwork.regionNode[5].dtn.Src:A6,Dst:A2,ID:1103463 -- check module destructor
undisposed object: (BundlePacket) RegionsNetwork.regionNode[5].dtn.Src:A6,Dst:A2,ID:1103464 -- check module destructor
undisposed object: (BundlePacket) RegionsNetwork.regionNode[5].dtn.Src:A6,Dst:A2,ID:1103465 -- check module destructor
undisposed object: (BundlePacket) RegionsNetwork.regionNode[5].dtn.Src:A6,Dst:A2,ID:1103466 -- check module destructor
undisposed object: (BundlePacket) RegionsNetwork.regionNode[5].dtn.Src:A6,Dst:A2,ID:1103467 -- check module destructor
undisposed object: (BundlePacket) RegionsNetwork.regionNode[5].dtn.Src:A6,Dst:A2,ID:1103468 -- check module destructor
undisposed object: (BundlePacket) RegionsNetwork.regionNode[5].dtn.Src:A6,Dst:A2,ID:1103469 -- check module destructor
undisposed object: (BundlePacket) RegionsNetwork.regionNode[5].dtn.Src:A6,Dst:A2,ID:1103470 -- check module destructor
undisposed object: (BundlePacket) RegionsNetwork.regionNode[5].dtn.Src:A6,Dst:A2,ID:1103471 -- check module destructor
undisposed object: (BundlePacket) RegionsNetwork.regionNode[5].dtn.Src:A6,Dst:A2,ID:1103472 -- check module destructor
undisposed object: (BundlePacket) RegionsNetwork.regionNode[5].dtn.Src:A6,Dst:A2,ID:1103473 -- check module destructor
undisposed object: (BundlePacket) RegionsNetwork.regionNode[5].dtn.Src:A6,Dst:A2,ID:1103474 -- check module destructor
undisposed object: (BundlePacket) RegionsNetwork.regionNode[5].dtn.Src:A6,Dst:A2,ID:1103475 -- check module destructor
undisposed object: (BundlePacket) RegionsNetwork.regionNode[5].dtn.Src:A6,Dst:A2,ID:1103476 -- check module destructor
undisposed object: (BundlePacket) RegionsNetwork.regionNode[5].dtn.Src:A6,Dst:A2,ID:1103477 -- check module destructor
undisposed object: (BundlePacket) RegionsNetwork.regionNode[5].dtn.Src:A6,Dst:A2,ID:1103478 -- check module destructor
undisposed object: (BundlePacket) RegionsNetwork.regionNode[5].dtn.Src:A6,Dst:A2,ID:1103479 -- check module destructor
undisposed object: (BundlePacket) RegionsNetwork.regionNode[5].dtn.Src:A6,Dst:A2,ID:1103480 -- check module destructor
undisposed object: (BundlePacket) RegionsNetwork.regionNode[5].dtn.Src:A6,Dst:A2,ID:1103481 -- check module destructor
undisposed object: (BundlePacket) RegionsNetwork.regionNode[5].dtn.Src:A6,Dst:A2,ID:1103482 -- check module destructor
undisposed object: (BundlePacket) RegionsNetwork.regionNode[5].dtn.Src:A6,Dst:A2,ID:1103483 -- check module destructor
undisposed object: (BundlePacket) RegionsNetwork.regionNode[5].dtn.Src:A6,Dst:A2,ID:1103484 -- check module destructor
undisposed object: (BundlePacket) RegionsNetwork.regionNode[5].dtn.Src:A6,Dst:A2,ID:1103485 -- check module destructor
undisposed object: (BundlePacket) RegionsNetwork.regionNode[5].dtn.Src:A6,Dst:A2,ID:1103486 -- check module destructor
undisposed object: (BundlePacket) RegionsNetwork.regionNode[5].dtn.Src:A6,Dst:A2,ID:1103487 -- check module destructor
undisposed object: (BundlePacket) RegionsNetwork.regionNode[5].dtn.Src:A6,Dst:A2,ID:1103488 -- check module destructor
undisposed object: (BundlePacket) RegionsNetwork.regionNode[5].dtn.Src:A6,Dst:A2,ID:1103489 -- check module destructor
undisposed object: (BundlePacket) RegionsNetwork.regionNode[5].dtn.Src:A6,Dst:A2,ID:1103490 -- check module destructor
undisposed object: (BundlePacket) RegionsNetwork.regionNode[5].dtn.Src:A6,Dst:A2,ID:1103491 -- check module destructor
undisposed object: (BundlePacket) RegionsNetwork.regionNode[5].dtn.Src:A6,Dst:A2,ID:1103492 -- check module destructor
undisposed object: (BundlePacket) RegionsNetwork.regionNode[5].dtn.Src:A6,Dst:A2,ID:1103493 -- check module destructor
undisposed object: (BundlePacket) RegionsNetwork.regionNode[5].dtn.Src:A6,Dst:A2,ID:1103494 -- check module destructor
undisposed object: (BundlePacket) RegionsNetwork.regionNode[5].dtn.Src:A6,Dst:A2,ID:1103495 -- check module destructor
undisposed object: (BundlePacket) RegionsNetwork.regionNode[5].dtn.Src:A6,Dst:A2,ID:1103496 -- check module destructor
undisposed object: (BundlePacket) RegionsNetwork.regionNode[5].dtn.Src:A6,Dst:A2,ID:1103497 -- check module destructor
undisposed object: (BundlePacket) RegionsNetwork.regionNode[5].dtn.Src:A6,Dst:A2,ID:1103498 -- check module destructor
undisposed object: (BundlePacket) RegionsNetwork.regionNode[5].dtn.Src:A6,Dst:A2,ID:1103499 -- check module destructor
undisposed object: (BundlePacket) RegionsNetwork.regionNode[5].dtn.Src:A6,Dst:A2,ID:1103500 -- check module destructor
undisposed object: (BundlePacket) RegionsNetwork.regionNode[5].dtn.Src:A6,Dst:A2,ID:1103501 -- check module destructor
undisposed object: (BundlePacket) RegionsNetwork.regionNode[5].dtn.Src:A6,Dst:A2,ID:1103502 -- check module destructor
undisposed object: (BundlePacket) RegionsNetwork.regionNode[5].dtn.Src:A6,Dst:A2,ID:1103503 -- check module destructor
undisposed object: (BundlePacket) RegionsNetwork.regionNode[5].dtn.Src:A6,Dst:A2,ID:1103504 -- check module destructor
undisposed object: (BundlePacket) RegionsNetwork.regionNode[5].dtn.Src:A6,Dst:A2,ID:1103505 -- check module destructor
undisposed object: (BundlePacket) RegionsNetwork.regionNode[5].dtn.Src:A6,Dst:A2,ID:1103506 -- check module destructor
undisposed object: (BundlePacket) RegionsNetwork.regionNode[5].dtn.Src:A6,Dst:A2,ID:1103507 -- check module destructor
undisposed object: (BundlePacket) RegionsNetwork.regionNode[5].dtn.Src:A6,Dst:A2,ID:1103508 -- check module destructor
undisposed object: (BundlePacket) RegionsNetwork.regionNode[5].dtn.Src:A6,Dst:A2,ID:1103509 -- check module destructor
undisposed object: (BundlePacket) RegionsNetwork.regionNode[5].dtn.Src:A6,Dst:A2,ID:1103510 -- check module destructor
undisposed object: (BundlePacket) RegionsNetwork.regionNode[5].dtn.Src:A6,Dst:A2,ID:1103511 -- check module destructor
undisposed object: (BundlePacket) RegionsNetwork.regionNode[5].dtn.Src:A6,Dst:A2,ID:1103512 -- check module destructor
undisposed object: (BundlePacket) RegionsNetwork.regionNode[5].dtn.Src:A6,Dst:A2,ID:1103513 -- check module destructor
undisposed object: (BundlePacket) RegionsNetwork.regionNode[5].dtn.Src:A6,Dst:A2,ID:1103514 -- check module destructor
undisposed object: (BundlePacket) RegionsNetwork.regionNode[5].dtn.Src:A6,Dst:A2,ID:1103515 -- check module destructor
undisposed object: (BundlePacket) RegionsNetwork.regionNode[5].dtn.Src:A6,Dst:A2,ID:1103516 -- check module destructor
undisposed object: (BundlePacket) RegionsNetwork.regionNode[5].dtn.Src:A6,Dst:A2,ID:1103517 -- check module destructor
undisposed object: (BundlePacket) RegionsNetwork.regionNode[5].dtn.Src:A6,Dst:A2,ID:1103518 -- check module destructor
undisposed object: (BundlePacket) RegionsNetwork.regionNode[5].dtn.Src:A6,Dst:A2,ID:1103519 -- check module destructor
undisposed object: (BundlePacket) RegionsNetwork.regionNode[5].dtn.Src:A6,Dst:A2,ID:1103520 -- check module destructor
undisposed object: (BundlePacket) RegionsNetwork.regionNode[5].dtn.Src:A6,Dst:A2,ID:1103521 -- check module destructor
undisposed object: (BundlePacket) RegionsNetwork.regionNode[5].dtn.Src:A6,Dst:A2,ID:1103522 -- check module destructor
undisposed object: (BundlePacket) RegionsNetwork.regionNode[5].dtn.Src:A6,Dst:A2,ID:1103523 -- check module destructor
undisposed object: (BundlePacket) RegionsNetwork.regionNode[5].dtn.Src:A6,Dst:A2,ID:1103524 -- check module destructor
undisposed object: (BundlePacket) RegionsNetwork.regionNode[5].dtn.Src:A6,Dst:A2,ID:1103525 -- check module destructor
undisposed object: (BundlePacket) RegionsNetwork.regionNode[5].dtn.Src:A6,Dst:A2,ID:1103526 -- check module destructor
undisposed object: (BundlePacket) RegionsNetwork.regionNode[5].dtn.Src:A6,Dst:A2,ID:1103527 -- check module destructor
undisposed object: (BundlePacket) RegionsNetwork.regionNode[5].dtn.Src:A6,Dst:A2,ID:1103528 -- check module destructor
undisposed object: (BundlePacket) RegionsNetwork.regionNode[5].dtn.Src:A6,Dst:A2,ID:1103529 -- check module destructor
undisposed object: (BundlePacket) RegionsNetwork.regionNode[5].dtn.Src:A6,Dst:A2,ID:1103530 -- check module destructor
undisposed object: (BundlePacket) RegionsNetwork.regionNode[5].dtn.Src:A6,Dst:A2,ID:1103531 -- check module destructor
undisposed object: (BundlePacket) RegionsNetwork.regionNode[5].dtn.Src:A6,Dst:A2,ID:1103532 -- check module destructor
undisposed object: (BundlePacket) RegionsNetwork.regionNode[5].dtn.Src:A6,Dst:A2,ID:1103533 -- check module destructor
undisposed object: (BundlePacket) RegionsNetwork.regionNode[5].dtn.Src:A6,Dst:A2,ID:1103534 -- check module destructor
undisposed object: (BundlePacket) RegionsNetwork.regionNode[5].dtn.Src:A6,Dst:A2,ID:1103535 -- check module destructor
undisposed object: (BundlePacket) RegionsNetwork.regionNode[5].dtn.Src:A6,Dst:A2,ID:1103536 -- check module destructor
undisposed object: (BundlePacket) RegionsNetwork.regionNode[5].dtn.Src:A6,Dst:A2,ID:1103537 -- check module destructor
undisposed object: (BundlePacket) RegionsNetwork.regionNode[5].dtn.Src:A6,Dst:A2,ID:1103538 -- check module destructor
undisposed object: (BundlePacket) RegionsNetwork.regionNode[5].dtn.Src:A6,Dst:A2,ID:1103539 -- check module destructor
undisposed object: (BundlePacket) RegionsNetwork.regionNode[5].dtn.Src:A6,Dst:A2,ID:1103540 -- check module destructor
undisposed object: (BundlePacket) RegionsNetwork.regionNode[5].dtn.Src:A6,Dst:A2,ID:1103541 -- check module destructor
undisposed object: (BundlePacket) RegionsNetwork.regionNode[5].dtn.Src:A6,Dst:A2,ID:1103542 -- check module destructor
undisposed object: (BundlePacket) RegionsNetwork.regionNode[5].dtn.Src:A6,Dst:A2,ID:1103543 -- check module destructor
undisposed object: (BundlePacket) RegionsNetwork.regionNode[5].dtn.Src:A6,Dst:A2,ID:1103544 -- check module destructor
undisposed object: (BundlePacket) RegionsNetwork.regionNode[5].dtn.Src:A6,Dst:A2,ID:1103545 -- check module destructor
undisposed object: (BundlePacket) RegionsNetwork.regionNode[5].dtn.Src:A6,Dst:A2,ID:1103546 -- check module destructor
undisposed object: (BundlePacket) RegionsNetwork.regionNode[5].dtn.Src:A6,Dst:A2,ID:1103547 -- check module destructor
undisposed object: (BundlePacket) RegionsNetwork.regionNode[5].dtn.Src:A6,Dst:A2,ID:1103548 -- check module destructor
undisposed object: (BundlePacket) RegionsNetwork.regionNode[5].dtn.Src:A6,Dst:A2,ID:1103549 -- check module destructor
undisposed object: (BundlePacket) RegionsNetwork.regionNode[5].dtn.Src:A6,Dst:A2,ID:1103550 -- check module destructor
undisposed object: (BundlePacket) RegionsNetwork.regionNode[5].dtn.Src:A6,Dst:A2,ID:1103551 -- check module destructor
undisposed object: (BundlePacket) RegionsNetwork.regionNode[5].dtn.Src:A6,Dst:A2,ID:1103552 -- check module destructor
undisposed object: (BundlePacket) RegionsNetwork.regionNode[5].dtn.Src:A6,Dst:A2,ID:1103553 -- check module destructor
undisposed object: (BundlePacket) RegionsNetwork.regionNode[5].dtn.Src:A6,Dst:A2,ID:1103554 -- check module destructor
undisposed object: (BundlePacket) RegionsNetwork.regionNode[5].dtn.Src:A6,Dst:A2,ID:1103555 -- check module destructor
undisposed object: (BundlePacket) RegionsNetwork.regionNode[5].dtn.Src:A6,Dst:A2,ID:1103556 -- check module destructor
undisposed object: (BundlePacket) RegionsNetwork.regionNode[5].dtn.Src:A6,Dst:A2,ID:1103557 -- check module destructor
undisposed object: (BundlePacket) RegionsNetwork.regionNode[5].dtn.Src:A6,Dst:A2,ID:1103558 -- check module destructor
undisposed object: (BundlePacket) RegionsNetwork.regionNode[5].dtn.Src:A6,Dst:A2,ID:1103559 -- check module destructor
undisposed object: (BundlePacket) RegionsNetwork.regionNode[5].dtn.Src:A6,Dst:A2,ID:1103560 -- check module destructor
undisposed object: (BundlePacket) RegionsNetwork.regionNode[5].dtn.Src:A6,Dst:A2,ID:1103561 -- check module destructor
undisposed object: (BundlePacket) RegionsNetwork.regionNode[5].dtn.Src:A6,Dst:A2,ID:1103562 -- check module destructor
undisposed object: (BundlePacket) RegionsNetwork.regionNode[5].dtn.Src:A6,Dst:A2,ID:1103563 -- check module destructor
undisposed object: (BundlePacket) RegionsNetwork.regionNode[5].dtn.Src:A6,Dst:A2,ID:1103564 -- check module destructor
undisposed object: (BundlePacket) RegionsNetwork.regionNode[5].dtn.Src:A6,Dst:A2,ID:1103565 -- check module destructor
undisposed object: (BundlePacket) RegionsNetwork.regionNode[5].dtn.Src:A6,Dst:A2,ID:1103566 -- check module destructor
undisposed object: (BundlePacket) RegionsNetwork.regionNode[5].dtn.Src:A6,Dst:A2,ID:1103567 -- check module destructor
undisposed object: (BundlePacket) RegionsNetwork.regionNode[5].dtn.Src:A6,Dst:A2,ID:1103568 -- check module destructor
undisposed object: (BundlePacket) RegionsNetwork.regionNode[5].dtn.Src:A6,Dst:A2,ID:1103569 -- check module destructor
undisposed object: (BundlePacket) RegionsNetwork.regionNode[5].dtn.Src:A6,Dst:A2,ID:1103570 -- check module destructor
undisposed object: (BundlePacket) RegionsNetwork.regionNode[5].dtn.Src:A6,Dst:A2,ID:1103571 -- check module destructor
undisposed object: (BundlePacket) RegionsNetwork.regionNode[5].dtn.Src:A6,Dst:A2,ID:1103572 -- check module destructor
undisposed object: (BundlePacket) RegionsNetwork.regionNode[5].dtn.Src:A6,Dst:A2,ID:1103573 -- check module destructor
undisposed object: (BundlePacket) RegionsNetwork.regionNode[5].dtn.Src:A6,Dst:A2,ID:1103574 -- check module destructor
undisposed object: (BundlePacket) RegionsNetwork.regionNode[5].dtn.Src:A6,Dst:A2,ID:1103575 -- check module destructor
undisposed object: (BundlePacket) RegionsNetwork.regionNode[5].dtn.Src:A6,Dst:A2,ID:1103576 -- check module destructor
undisposed object: (BundlePacket) RegionsNetwork.regionNode[5].dtn.Src:A6,Dst:A2,ID:1103577 -- check module destructor
undisposed object: (BundlePacket) RegionsNetwork.regionNode[5].dtn.Src:A6,Dst:A2,ID:1103578 -- check module destructor
undisposed object: (BundlePacket) RegionsNetwork.regionNode[5].dtn.Src:A6,Dst:A2,ID:1103579 -- check module destructor
undisposed object: (BundlePacket) RegionsNetwork.regionNode[5].dtn.Src:A6,Dst:A2,ID:1103580 -- check module destructor
undisposed object: (BundlePacket) RegionsNetwork.regionNode[5].dtn.Src:A6,Dst:A2,ID:1103581 -- check module destructor
undisposed object: (BundlePacket) RegionsNetwork.regionNode[5].dtn.Src:A6,Dst:A2,ID:1103582 -- check module destructor
undisposed object: (BundlePacket) RegionsNetwork.regionNode[5].dtn.Src:A6,Dst:A2,ID:1103583 -- check module destructor
undisposed object: (BundlePacket) RegionsNetwork.regionNode[5].dtn.Src:A6,Dst:A2,ID:1103584 -- check module destructor
undisposed object: (BundlePacket) RegionsNetwork.regionNode[5].dtn.Src:A6,Dst:A2,ID:1103585 -- check module destructor
undisposed object: (BundlePacket) RegionsNetwork.regionNode[5].dtn.Src:A6,Dst:A2,ID:1103586 -- check module destructor
undisposed object: (BundlePacket) RegionsNetwork.regionNode[5].dtn.Src:A6,Dst:A2,ID:1103587 -- check module destructor
undisposed object: (BundlePacket) RegionsNetwork.regionNode[5].dtn.Src:A6,Dst:A2,ID:1103588 -- check module destructor
undisposed object: (BundlePacket) RegionsNetwork.regionNode[5].dtn.Src:A6,Dst:A2,ID:1103589 -- check module destructor
undisposed object: (BundlePacket) RegionsNetwork.regionNode[5].dtn.Src:A6,Dst:A2,ID:1103590 -- check module destructor
undisposed object: (BundlePacket) RegionsNetwork.regionNode[5].dtn.Src:A6,Dst:A2,ID:1103591 -- check module destructor
undisposed object: (BundlePacket) RegionsNetwork.regionNode[5].dtn.Src:A6,Dst:A2,ID:1103592 -- check module destructor
undisposed object: (BundlePacket) RegionsNetwork.regionNode[5].dtn.Src:A6,Dst:A2,ID:1103593 -- check module destructor
undisposed object: (BundlePacket) RegionsNetwork.regionNode[5].dtn.Src:A6,Dst:A2,ID:1103594 -- check module destructor
undisposed object: (BundlePacket) RegionsNetwork.regionNode[5].dtn.Src:A6,Dst:A2,ID:1103595 -- check module destructor
undisposed object: (BundlePacket) RegionsNetwork.regionNode[5].dtn.Src:A6,Dst:A2,ID:1103596 -- check module destructor
undisposed object: (BundlePacket) RegionsNetwork.regionNode[5].dtn.Src:A6,Dst:A2,ID:1103597 -- check module destructor
undisposed object: (BundlePacket) RegionsNetwork.regionNode[5].dtn.Src:A6,Dst:A2,ID:1103598 -- check module destructor
undisposed object: (BundlePacket) RegionsNetwork.regionNode[5].dtn.Src:A6,Dst:A2,ID:1103599 -- check module destructor
undisposed object: (BundlePacket) RegionsNetwork.regionNode[5].dtn.Src:A6,Dst:A2,ID:1103600 -- check module destructor
undisposed object: (BundlePacket) RegionsNetwork.regionNode[5].dtn.Src:A6,Dst:A2,ID:1103601 -- check module destructor
undisposed object: (BundlePacket) RegionsNetwork.regionNode[5].dtn.Src:A6,Dst:A2,ID:1103602 -- check module destructor
undisposed object: (BundlePacket) RegionsNetwork.regionNode[5].dtn.Src:A6,Dst:A2,ID:1103603 -- check module destructor
undisposed object: (BundlePacket) RegionsNetwork.regionNode[5].dtn.Src:A6,Dst:A2,ID:1103604 -- check module destructor
undisposed object: (BundlePacket) RegionsNetwork.regionNode[5].dtn.Src:A6,Dst:A2,ID:1103605 -- check module destructor
undisposed object: (BundlePacket) RegionsNetwork.regionNode[5].dtn.Src:A6,Dst:A2,ID:1103606 -- check module destructor
undisposed object: (BundlePacket) RegionsNetwork.regionNode[5].dtn.Src:A6,Dst:A2,ID:1103607 -- check module destructor
undisposed object: (BundlePacket) RegionsNetwork.regionNode[5].dtn.Src:A6,Dst:A2,ID:1103608 -- check module destructor
undisposed object: (BundlePacket) RegionsNetwork.regionNode[5].dtn.Src:A6,Dst:A2,ID:1103609 -- check module destructor
undisposed object: (BundlePacket) RegionsNetwork.regionNode[5].dtn.Src:A6,Dst:A2,ID:1103610 -- check module destructor
undisposed object: (BundlePacket) RegionsNetwork.regionNode[5].dtn.Src:A6,Dst:A2,ID:1103611 -- check module destructor
undisposed object: (BundlePacket) RegionsNetwork.regionNode[5].dtn.Src:A6,Dst:A2,ID:1103612 -- check module destructor
undisposed object: (BundlePacket) RegionsNetwork.regionNode[5].dtn.Src:A6,Dst:A2,ID:1103613 -- check module destructor
undisposed object: (BundlePacket) RegionsNetwork.regionNode[5].dtn.Src:A6,Dst:A2,ID:1103614 -- check module destructor
undisposed object: (BundlePacket) RegionsNetwork.regionNode[5].dtn.Src:A6,Dst:A2,ID:1103615 -- check module destructor
undisposed object: (BundlePacket) RegionsNetwork.regionNode[5].dtn.Src:A6,Dst:A2,ID:1103616 -- check module destructor
undisposed object: (BundlePacket) RegionsNetwork.regionNode[5].dtn.Src:A6,Dst:A2,ID:1103617 -- check module destructor
undisposed object: (BundlePacket) RegionsNetwork.regionNode[5].dtn.Src:A6,Dst:A2,ID:1103618 -- check module destructor
undisposed object: (BundlePacket) RegionsNetwork.regionNode[5].dtn.Src:A6,Dst:A2,ID:1103619 -- check module destructor
undisposed object: (BundlePacket) RegionsNetwork.regionNode[5].dtn.Src:A6,Dst:A2,ID:1103620 -- check module destructor
undisposed object: (BundlePacket) RegionsNetwork.regionNode[5].dtn.Src:A6,Dst:A2,ID:1103621 -- check module destructor
undisposed object: (BundlePacket) RegionsNetwork.regionNode[5].dtn.Src:A6,Dst:A2,ID:1103622 -- check module destructor
undisposed object: (BundlePacket) RegionsNetwork.regionNode[5].dtn.Src:A6,Dst:A2,ID:1103623 -- check module destructor
undisposed object: (BundlePacket) RegionsNetwork.regionNode[5].dtn.Src:A6,Dst:A2,ID:1103624 -- check module destructor
undisposed object: (BundlePacket) RegionsNetwork.regionNode[5].dtn.Src:A6,Dst:A2,ID:1103625 -- check module destructor
undisposed object: (BundlePacket) RegionsNetwork.regionNode[5].dtn.Src:A6,Dst:A2,ID:1103626 -- check module destructor
undisposed object: (BundlePacket) RegionsNetwork.regionNode[5].dtn.Src:A6,Dst:A2,ID:1103627 -- check module destructor
undisposed object: (BundlePacket) RegionsNetwork.regionNode[5].dtn.Src:A6,Dst:A2,ID:1103628 -- check module destructor
undisposed object: (BundlePacket) RegionsNetwork.regionNode[5].dtn.Src:A6,Dst:A2,ID:1103629 -- check module destructor
undisposed object: (BundlePacket) RegionsNetwork.regionNode[5].dtn.Src:A6,Dst:A2,ID:1103630 -- check module destructor
undisposed object: (BundlePacket) RegionsNetwork.regionNode[5].dtn.Src:A6,Dst:A2,ID:1103631 -- check module destructor
undisposed object: (BundlePacket) RegionsNetwork.regionNode[5].dtn.Src:A6,Dst:A2,ID:1103632 -- check module destructor
undisposed object: (BundlePacket) RegionsNetwork.regionNode[5].dtn.Src:A6,Dst:A2,ID:1103633 -- check module destructor
undisposed object: (BundlePacket) RegionsNetwork.regionNode[5].dtn.Src:A6,Dst:A2,ID:1103634 -- check module destructor
undisposed object: (BundlePacket) RegionsNetwork.regionNode[5].dtn.Src:A6,Dst:A2,ID:1103635 -- check module destructor
undisposed object: (BundlePacket) RegionsNetwork.regionNode[5].dtn.Src:A6,Dst:A2,ID:1103636 -- check module destructor
undisposed object: (BundlePacket) RegionsNetwork.regionNode[5].dtn.Src:A6,Dst:A2,ID:1103637 -- check module destructor
undisposed object: (BundlePacket) RegionsNetwork.regionNode[5].dtn.Src:A6,Dst:A2,ID:1103638 -- check module destructor
undisposed object: (BundlePacket) RegionsNetwork.regionNode[5].dtn.Src:A6,Dst:A2,ID:1103639 -- check module destructor
undisposed object: (BundlePacket) RegionsNetwork.regionNode[5].dtn.Src:A6,Dst:A2,ID:1103640 -- check module destructor
undisposed object: (BundlePacket) RegionsNetwork.regionNode[5].dtn.Src:A6,Dst:A2,ID:1103641 -- check module destructor
undisposed object: (BundlePacket) RegionsNetwork.regionNode[5].dtn.Src:A6,Dst:A2,ID:1103642 -- check module destructor
undisposed object: (BundlePacket) RegionsNetwork.regionNode[5].dtn.Src:A6,Dst:A2,ID:1103643 -- check module destructor
undisposed object: (BundlePacket) RegionsNetwork.regionNode[5].dtn.Src:A6,Dst:A2,ID:1103644 -- check module destructor
undisposed object: (BundlePacket) RegionsNetwork.regionNode[5].dtn.Src:A6,Dst:A2,ID:1103645 -- check module destructor
undisposed object: (BundlePacket) RegionsNetwork.regionNode[5].dtn.Src:A6,Dst:A2,ID:1103646 -- check module destructor
undisposed object: (BundlePacket) RegionsNetwork.regionNode[5].dtn.Src:A6,Dst:A2,ID:1103647 -- check module destructor
undisposed object: (BundlePacket) RegionsNetwork.regionNode[5].dtn.Src:A6,Dst:A2,ID:1103648 -- check module destructor
undisposed object: (BundlePacket) RegionsNetwork.regionNode[5].dtn.Src:A6,Dst:A2,ID:1103649 -- check module destructor
undisposed object: (BundlePacket) RegionsNetwork.regionNode[5].dtn.Src:A6,Dst:A2,ID:1103650 -- check module destructor
undisposed object: (BundlePacket) RegionsNetwork.regionNode[5].dtn.Src:A6,Dst:A2,ID:1103651 -- check module destructor
undisposed object: (BundlePacket) RegionsNetwork.regionNode[5].dtn.Src:A6,Dst:A2,ID:1103652 -- check module destructor
undisposed object: (BundlePacket) RegionsNetwork.regionNode[5].dtn.Src:A6,Dst:A2,ID:1103653 -- check module destructor
undisposed object: (BundlePacket) RegionsNetwork.regionNode[5].dtn.Src:A6,Dst:A2,ID:1103654 -- check module destructor
undisposed object: (BundlePacket) RegionsNetwork.regionNode[5].dtn.Src:A6,Dst:A2,ID:1103655 -- check module destructor
undisposed object: (BundlePacket) RegionsNetwork.regionNode[5].dtn.Src:A6,Dst:A2,ID:1103656 -- check module destructor
undisposed object: (BundlePacket) RegionsNetwork.regionNode[5].dtn.Src:A6,Dst:A2,ID:1103657 -- check module destructor
undisposed object: (BundlePacket) RegionsNetwork.regionNode[5].dtn.Src:A6,Dst:A2,ID:1103658 -- check module destructor
undisposed object: (BundlePacket) RegionsNetwork.regionNode[5].dtn.Src:A6,Dst:A2,ID:1103659 -- check module destructor
undisposed object: (BundlePacket) RegionsNetwork.regionNode[5].dtn.Src:A6,Dst:A2,ID:1103660 -- check module destructor
undisposed object: (BundlePacket) RegionsNetwork.regionNode[5].dtn.Src:A6,Dst:A2,ID:1103661 -- check module destructor
undisposed object: (BundlePacket) RegionsNetwork.regionNode[5].dtn.Src:A6,Dst:A2,ID:1103662 -- check module destructor
undisposed object: (BundlePacket) RegionsNetwork.regionNode[5].dtn.Src:A6,Dst:A2,ID:1103663 -- check module destructor
undisposed object: (BundlePacket) RegionsNetwork.regionNode[5].dtn.Src:A6,Dst:A2,ID:1103664 -- check module destructor
undisposed object: (BundlePacket) RegionsNetwork.regionNode[5].dtn.Src:A6,Dst:A2,ID:1103665 -- check module destructor
undisposed object: (BundlePacket) RegionsNetwork.regionNode[5].dtn.Src:A6,Dst:A2,ID:1103666 -- check module destructor
undisposed object: (BundlePacket) RegionsNetwork.regionNode[5].dtn.Src:A6,Dst:A2,ID:1103667 -- check module destructor
undisposed object: (BundlePacket) RegionsNetwork.regionNode[5].dtn.Src:A6,Dst:A2,ID:1103668 -- check module destructor
undisposed object: (BundlePacket) RegionsNetwork.regionNode[5].dtn.Src:A6,Dst:A2,ID:1103669 -- check module destructor
undisposed object: (BundlePacket) RegionsNetwork.regionNode[5].dtn.Src:A6,Dst:A2,ID:1103670 -- check module destructor
undisposed object: (BundlePacket) RegionsNetwork.regionNode[5].dtn.Src:A6,Dst:A2,ID:1103671 -- check module destructor
undisposed object: (BundlePacket) RegionsNetwork.regionNode[5].dtn.Src:A6,Dst:A2,ID:1103672 -- check module destructor
undisposed object: (BundlePacket) RegionsNetwork.regionNode[5].dtn.Src:A6,Dst:A2,ID:1103673 -- check module destructor
undisposed object: (BundlePacket) RegionsNetwork.regionNode[5].dtn.Src:A6,Dst:A2,ID:1103674 -- check module destructor
undisposed object: (BundlePacket) RegionsNetwork.regionNode[5].dtn.Src:A6,Dst:A2,ID:1103675 -- check module destructor
undisposed object: (BundlePacket) RegionsNetwork.regionNode[5].dtn.Src:A6,Dst:A2,ID:1103676 -- check module destructor
undisposed object: (BundlePacket) RegionsNetwork.regionNode[5].dtn.Src:A6,Dst:A2,ID:1103677 -- check module destructor
undisposed object: (BundlePacket) RegionsNetwork.regionNode[5].dtn.Src:A6,Dst:A2,ID:1103678 -- check module destructor
undisposed object: (BundlePacket) RegionsNetwork.regionNode[5].dtn.Src:A6,Dst:A2,ID:1103679 -- check module destructor
undisposed object: (BundlePacket) RegionsNetwork.regionNode[5].dtn.Src:A6,Dst:A2,ID:1103680 -- check module destructor
undisposed object: (BundlePacket) RegionsNetwork.regionNode[5].dtn.Src:A6,Dst:A2,ID:1103681 -- check module destructor
undisposed object: (BundlePacket) RegionsNetwork.regionNode[5].dtn.Src:A6,Dst:A2,ID:1103682 -- check module destructor
undisposed object: (BundlePacket) RegionsNetwork.regionNode[5].dtn.Src:A6,Dst:A2,ID:1103683 -- check module destructor
undisposed object: (BundlePacket) RegionsNetwork.regionNode[5].dtn.Src:A6,Dst:A2,ID:1103684 -- check module destructor
undisposed object: (BundlePacket) RegionsNetwork.regionNode[5].dtn.Src:A6,Dst:A2,ID:1103685 -- check module destructor
undisposed object: (BundlePacket) RegionsNetwork.regionNode[5].dtn.Src:A6,Dst:A2,ID:1103686 -- check module destructor
undisposed object: (BundlePacket) RegionsNetwork.regionNode[5].dtn.Src:A6,Dst:A2,ID:1103687 -- check module destructor
undisposed object: (BundlePacket) RegionsNetwork.regionNode[5].dtn.Src:A6,Dst:A2,ID:1103688 -- check module destructor
undisposed object: (BundlePacket) RegionsNetwork.regionNode[5].dtn.Src:A6,Dst:A2,ID:1103689 -- check module destructor
undisposed object: (BundlePacket) RegionsNetwork.regionNode[5].dtn.Src:A6,Dst:A2,ID:1103690 -- check module destructor
undisposed object: (BundlePacket) RegionsNetwork.regionNode[5].dtn.Src:A6,Dst:A2,ID:1103691 -- check module destructor
undisposed object: (BundlePacket) RegionsNetwork.regionNode[5].dtn.Src:A6,Dst:A2,ID:1103692 -- check module destructor
undisposed object: (BundlePacket) RegionsNetwork.regionNode[5].dtn.Src:A6,Dst:A2,ID:1103693 -- check module destructor
undisposed object: (BundlePacket) RegionsNetwork.regionNode[5].dtn.Src:A6,Dst:A2,ID:1103694 -- check module destructor
undisposed object: (BundlePacket) RegionsNetwork.regionNode[5].dtn.Src:A6,Dst:A2,ID:1103695 -- check module destructor
undisposed object: (BundlePacket) RegionsNetwork.regionNode[5].dtn.Src:A6,Dst:A2,ID:1103696 -- check module destructor
undisposed object: (BundlePacket) RegionsNetwork.regionNode[5].dtn.Src:A6,Dst:A2,ID:1103697 -- check module destructor
undisposed object: (BundlePacket) RegionsNetwork.regionNode[5].dtn.Src:A6,Dst:A2,ID:1103698 -- check module destructor
undisposed object: (BundlePacket) RegionsNetwork.regionNode[5].dtn.Src:A6,Dst:A2,ID:1103699 -- check module destructor
undisposed object: (BundlePacket) RegionsNetwork.regionNode[5].dtn.Src:A6,Dst:A2,ID:1103700 -- check module destructor
undisposed object: (BundlePacket) RegionsNetwork.regionNode[5].dtn.Src:A6,Dst:A2,ID:1103701 -- check module destructor
undisposed object: (BundlePacket) RegionsNetwork.regionNode[5].dtn.Src:A6,Dst:A2,ID:1103702 -- check module destructor
undisposed object: (BundlePacket) RegionsNetwork.regionNode[5].dtn.Src:A6,Dst:A2,ID:1103703 -- check module destructor
undisposed object: (BundlePacket) RegionsNetwork.regionNode[5].dtn.Src:A6,Dst:A2,ID:1103704 -- check module destructor
undisposed object: (BundlePacket) RegionsNetwork.regionNode[5].dtn.Src:A6,Dst:A2,ID:1103705 -- check module destructor
undisposed object: (BundlePacket) RegionsNetwork.regionNode[5].dtn.Src:A6,Dst:A2,ID:1103706 -- check module destructor
undisposed object: (BundlePacket) RegionsNetwork.regionNode[5].dtn.Src:A6,Dst:A2,ID:1103707 -- check module destructor
undisposed object: (BundlePacket) RegionsNetwork.regionNode[5].dtn.Src:A6,Dst:A2,ID:1103708 -- check module destructor
undisposed object: (BundlePacket) RegionsNetwork.regionNode[5].dtn.Src:A6,Dst:A2,ID:1103709 -- check module destructor
undisposed object: (BundlePacket) RegionsNetwork.regionNode[5].dtn.Src:A6,Dst:A2,ID:1103710 -- check module destructor
undisposed object: (BundlePacket) RegionsNetwork.regionNode[5].dtn.Src:A6,Dst:A2,ID:1103711 -- check module destructor
undisposed object: (BundlePacket) RegionsNetwork.regionNode[5].dtn.Src:A6,Dst:A2,ID:1103712 -- check module destructor
undisposed object: (BundlePacket) RegionsNetwork.regionNode[5].dtn.Src:A6,Dst:A2,ID:1103713 -- check module destructor
undisposed object: (BundlePacket) RegionsNetwork.regionNode[5].dtn.Src:A6,Dst:A2,ID:1103714 -- check module destructor
undisposed object: (BundlePacket) RegionsNetwork.regionNode[5].dtn.Src:A6,Dst:A2,ID:1103715 -- check module destructor
undisposed object: (BundlePacket) RegionsNetwork.regionNode[5].dtn.Src:A6,Dst:A2,ID:1103716 -- check module destructor
undisposed object: (BundlePacket) RegionsNetwork.regionNode[5].dtn.Src:A6,Dst:A2,ID:1103717 -- check module destructor
undisposed object: (BundlePacket) RegionsNetwork.regionNode[5].dtn.Src:A6,Dst:A2,ID:1103718 -- check module destructor
undisposed object: (BundlePacket) RegionsNetwork.regionNode[5].dtn.Src:A6,Dst:A2,ID:1103719 -- check module destructor
undisposed object: (BundlePacket) RegionsNetwork.regionNode[5].dtn.Src:A6,Dst:A2,ID:1103720 -- check module destructor
undisposed object: (BundlePacket) RegionsNetwork.regionNode[5].dtn.Src:A6,Dst:A2,ID:1103721 -- check module destructor
undisposed object: (BundlePacket) RegionsNetwork.regionNode[5].dtn.Src:A6,Dst:A2,ID:1103722 -- check module destructor
undisposed object: (BundlePacket) RegionsNetwork.regionNode[5].dtn.Src:A6,Dst:A2,ID:1103723 -- check module destructor
undisposed object: (BundlePacket) RegionsNetwork.regionNode[5].dtn.Src:A6,Dst:A2,ID:1103724 -- check module destructor
undisposed object: (BundlePacket) RegionsNetwork.regionNode[5].dtn.Src:A6,Dst:A2,ID:1103725 -- check module destructor
undisposed object: (BundlePacket) RegionsNetwork.regionNode[5].dtn.Src:A6,Dst:A2,ID:1103726 -- check module destructor
undisposed object: (BundlePacket) RegionsNetwork.regionNode[5].dtn.Src:A6,Dst:A2,ID:1103727 -- check module destructor
undisposed object: (BundlePacket) RegionsNetwork.regionNode[5].dtn.Src:A6,Dst:A2,ID:1103728 -- check module destructor
undisposed object: (BundlePacket) RegionsNetwork.regionNode[5].dtn.Src:A6,Dst:A2,ID:1103729 -- check module destructor
undisposed object: (BundlePacket) RegionsNetwork.regionNode[5].dtn.Src:A6,Dst:A2,ID:1103730 -- check module destructor
undisposed object: (BundlePacket) RegionsNetwork.regionNode[5].dtn.Src:A6,Dst:A2,ID:1103731 -- check module destructor
undisposed object: (BundlePacket) RegionsNetwork.regionNode[5].dtn.Src:A6,Dst:A2,ID:1103732 -- check module destructor
undisposed object: (BundlePacket) RegionsNetwork.regionNode[5].dtn.Src:A6,Dst:A2,ID:1103733 -- check module destructor
undisposed object: (BundlePacket) RegionsNetwork.regionNode[5].dtn.Src:A6,Dst:A2,ID:1103734 -- check module destructor
undisposed object: (BundlePacket) RegionsNetwork.regionNode[5].dtn.Src:A6,Dst:A2,ID:1103735 -- check module destructor
undisposed object: (BundlePacket) RegionsNetwork.regionNode[5].dtn.Src:A6,Dst:A2,ID:1103736 -- check module destructor
undisposed object: (BundlePacket) RegionsNetwork.regionNode[5].dtn.Src:A6,Dst:A2,ID:1103737 -- check module destructor
undisposed object: (BundlePacket) RegionsNetwork.regionNode[5].dtn.Src:A6,Dst:A2,ID:1103738 -- check module destructor
undisposed object: (BundlePacket) RegionsNetwork.regionNode[5].dtn.Src:A6,Dst:A2,ID:1103739 -- check module destructor
undisposed object: (BundlePacket) RegionsNetwork.regionNode[5].dtn.Src:A6,Dst:A2,ID:1103740 -- check module destructor
undisposed object: (BundlePacket) RegionsNetwork.regionNode[5].dtn.Src:A6,Dst:A2,ID:1103741 -- check module destructor
undisposed object: (BundlePacket) RegionsNetwork.regionNode[5].dtn.Src:A6,Dst:A2,ID:1103742 -- check module destructor
undisposed object: (BundlePacket) RegionsNetwork.regionNode[5].dtn.Src:A6,Dst:A2,ID:1103743 -- check module destructor
undisposed object: (BundlePacket) RegionsNetwork.regionNode[5].dtn.Src:A6,Dst:A2,ID:1103744 -- check module destructor
undisposed object: (BundlePacket) RegionsNetwork.regionNode[5].dtn.Src:A6,Dst:A2,ID:1103745 -- check module destructor
undisposed object: (BundlePacket) RegionsNetwork.regionNode[5].dtn.Src:A6,Dst:A2,ID:1103746 -- check module destructor
undisposed object: (BundlePacket) RegionsNetwork.regionNode[5].dtn.Src:A6,Dst:A2,ID:1103747 -- check module destructor
undisposed object: (BundlePacket) RegionsNetwork.regionNode[5].dtn.Src:A6,Dst:A2,ID:1103748 -- check module destructor
undisposed object: (BundlePacket) RegionsNetwork.regionNode[5].dtn.Src:A6,Dst:A2,ID:1103749 -- check module destructor
undisposed object: (BundlePacket) RegionsNetwork.regionNode[5].dtn.Src:A6,Dst:A2,ID:1103750 -- check module destructor
undisposed object: (BundlePacket) RegionsNetwork.regionNode[5].dtn.Src:A6,Dst:A2,ID:1103751 -- check module destructor
undisposed object: (BundlePacket) RegionsNetwork.regionNode[5].dtn.Src:A6,Dst:A2,ID:1103752 -- check module destructor
undisposed object: (BundlePacket) RegionsNetwork.regionNode[5].dtn.Src:A6,Dst:A2,ID:1103753 -- check module destructor
undisposed object: (BundlePacket) RegionsNetwork.regionNode[5].dtn.Src:A6,Dst:A2,ID:1103754 -- check module destructor
undisposed object: (BundlePacket) RegionsNetwork.regionNode[5].dtn.Src:A6,Dst:A2,ID:1103755 -- check module destructor
undisposed object: (BundlePacket) RegionsNetwork.regionNode[5].dtn.Src:A6,Dst:A2,ID:1103756 -- check module destructor
undisposed object: (BundlePacket) RegionsNetwork.regionNode[5].dtn.Src:A6,Dst:A2,ID:1103757 -- check module destructor
undisposed object: (BundlePacket) RegionsNetwork.regionNode[5].dtn.Src:A6,Dst:A2,ID:1103758 -- check module destructor
undisposed object: (BundlePacket) RegionsNetwork.regionNode[5].dtn.Src:A6,Dst:A2,ID:1103759 -- check module destructor
undisposed object: (BundlePacket) RegionsNetwork.regionNode[5].dtn.Src:A6,Dst:A2,ID:1103760 -- check module destructor
undisposed object: (BundlePacket) RegionsNetwork.regionNode[5].dtn.Src:A6,Dst:A2,ID:1103761 -- check module destructor
undisposed object: (BundlePacket) RegionsNetwork.regionNode[5].dtn.Src:A6,Dst:A2,ID:1103762 -- check module destructor
undisposed object: (BundlePacket) RegionsNetwork.regionNode[5].dtn.Src:A6,Dst:A2,ID:1103763 -- check module destructor
undisposed object: (BundlePacket) RegionsNetwork.regionNode[5].dtn.Src:A6,Dst:A2,ID:1103764 -- check module destructor
undisposed object: (BundlePacket) RegionsNetwork.regionNode[5].dtn.Src:A6,Dst:A2,ID:1103765 -- check module destructor
undisposed object: (BundlePacket) RegionsNetwork.regionNode[5].dtn.Src:A6,Dst:A2,ID:1103766 -- check module destructor
undisposed object: (BundlePacket) RegionsNetwork.regionNode[5].dtn.Src:A6,Dst:A2,ID:1103767 -- check module destructor
undisposed object: (BundlePacket) RegionsNetwork.regionNode[5].dtn.Src:A6,Dst:A2,ID:1103768 -- check module destructor
undisposed object: (BundlePacket) RegionsNetwork.regionNode[5].dtn.Src:A6,Dst:A2,ID:1103769 -- check module destructor
undisposed object: (BundlePacket) RegionsNetwork.regionNode[5].dtn.Src:A6,Dst:A2,ID:1103770 -- check module destructor
undisposed object: (BundlePacket) RegionsNetwork.regionNode[5].dtn.Src:A6,Dst:A2,ID:1103771 -- check module destructor
undisposed object: (BundlePacket) RegionsNetwork.regionNode[5].dtn.Src:A6,Dst:A2,ID:1103772 -- check module destructor
undisposed object: (BundlePacket) RegionsNetwork.regionNode[5].dtn.Src:A6,Dst:A2,ID:1103773 -- check module destructor
undisposed object: (BundlePacket) RegionsNetwork.regionNode[5].dtn.Src:A6,Dst:A2,ID:1103774 -- check module destructor
undisposed object: (BundlePacket) RegionsNetwork.regionNode[5].dtn.Src:A6,Dst:A2,ID:1103775 -- check module destructor
undisposed object: (BundlePacket) RegionsNetwork.regionNode[5].dtn.Src:A6,Dst:A2,ID:1103776 -- check module destructor
undisposed object: (BundlePacket) RegionsNetwork.regionNode[5].dtn.Src:A6,Dst:A2,ID:1103777 -- check module destructor
undisposed object: (BundlePacket) RegionsNetwork.regionNode[5].dtn.Src:A6,Dst:A2,ID:1103778 -- check module destructor
undisposed object: (BundlePacket) RegionsNetwork.regionNode[5].dtn.Src:A6,Dst:A2,ID:1103779 -- check module destructor
undisposed object: (BundlePacket) RegionsNetwork.regionNode[5].dtn.Src:A6,Dst:A2,ID:1103780 -- check module destructor
undisposed object: (BundlePacket) RegionsNetwork.regionNode[5].dtn.Src:A6,Dst:A2,ID:1103781 -- check module destructor
undisposed object: (BundlePacket) RegionsNetwork.regionNode[5].dtn.Src:A6,Dst:A2,ID:1103782 -- check module destructor
undisposed object: (BundlePacket) RegionsNetwork.regionNode[5].dtn.Src:A6,Dst:A2,ID:1103783 -- check module destructor
undisposed object: (BundlePacket) RegionsNetwork.regionNode[5].dtn.Src:A6,Dst:A2,ID:1103784 -- check module destructor
undisposed object: (BundlePacket) RegionsNetwork.regionNode[5].dtn.Src:A6,Dst:A2,ID:1103785 -- check module destructor
undisposed object: (BundlePacket) RegionsNetwork.regionNode[5].dtn.Src:A6,Dst:A2,ID:1103786 -- check module destructor
undisposed object: (BundlePacket) RegionsNetwork.regionNode[5].dtn.Src:A6,Dst:A2,ID:1103787 -- check module destructor
undisposed object: (BundlePacket) RegionsNetwork.regionNode[5].dtn.Src:A6,Dst:A2,ID:1103788 -- check module destructor
undisposed object: (BundlePacket) RegionsNetwork.regionNode[5].dtn.Src:A6,Dst:A2,ID:1103789 -- check module destructor
undisposed object: (BundlePacket) RegionsNetwork.regionNode[5].dtn.Src:A6,Dst:A2,ID:1103790 -- check module destructor
undisposed object: (BundlePacket) RegionsNetwork.regionNode[5].dtn.Src:A6,Dst:A2,ID:1103791 -- check module destructor
undisposed object: (BundlePacket) RegionsNetwork.regionNode[5].dtn.Src:A6,Dst:A2,ID:1103792 -- check module destructor
undisposed object: (BundlePacket) RegionsNetwork.regionNode[5].dtn.Src:A6,Dst:A2,ID:1103793 -- check module destructor
undisposed object: (BundlePacket) RegionsNetwork.regionNode[5].dtn.Src:A6,Dst:A2,ID:1103794 -- check module destructor
undisposed object: (BundlePacket) RegionsNetwork.regionNode[5].dtn.Src:A6,Dst:A2,ID:1103795 -- check module destructor
undisposed object: (BundlePacket) RegionsNetwork.regionNode[5].dtn.Src:A6,Dst:A2,ID:1103796 -- check module destructor
undisposed object: (BundlePacket) RegionsNetwork.regionNode[5].dtn.Src:A6,Dst:A2,ID:1103797 -- check module destructor
undisposed object: (BundlePacket) RegionsNetwork.regionNode[5].dtn.Src:A6,Dst:A2,ID:1103798 -- check module destructor
undisposed object: (BundlePacket) RegionsNetwork.regionNode[5].dtn.Src:A6,Dst:A2,ID:1103799 -- check module destructor
undisposed object: (BundlePacket) RegionsNetwork.regionNode[5].dtn.Src:A6,Dst:A2,ID:1103800 -- check module destructor
undisposed object: (BundlePacket) RegionsNetwork.regionNode[5].dtn.Src:A6,Dst:A2,ID:1103801 -- check module destructor
undisposed object: (BundlePacket) RegionsNetwork.regionNode[5].dtn.Src:A6,Dst:A2,ID:1103802 -- check module destructor
undisposed object: (BundlePacket) RegionsNetwork.regionNode[5].dtn.Src:A6,Dst:A2,ID:1103803 -- check module destructor
undisposed object: (BundlePacket) RegionsNetwork.regionNode[5].dtn.Src:A6,Dst:A2,ID:1103804 -- check module destructor
undisposed object: (BundlePacket) RegionsNetwork.regionNode[5].dtn.Src:A6,Dst:A2,ID:1103805 -- check module destructor
undisposed object: (BundlePacket) RegionsNetwork.regionNode[5].dtn.Src:A6,Dst:A2,ID:1103806 -- check module destructor
undisposed object: (BundlePacket) RegionsNetwork.regionNode[5].dtn.Src:A6,Dst:A2,ID:1103807 -- check module destructor
undisposed object: (BundlePacket) RegionsNetwork.regionNode[5].dtn.Src:A6,Dst:A2,ID:1103808 -- check module destructor
undisposed object: (BundlePacket) RegionsNetwork.regionNode[5].dtn.Src:A6,Dst:A2,ID:1103811 -- check module destructor
