** Event #0   t=0   Elapsed: 1.5e-05s (0m 00s)
     Speed:     ev/sec=0   simsec/sec=0   ev/simsec=0
     Messages:  created: 26688   present: 26688   in FES: 26688
** Event #693636   t=259200   Elapsed: 1.08812s (0m 01s)
     Speed:     ev/sec=637470   simsec/sec=238212   ev/simsec=2.67606
     Messages:  created: 113647   present: 336   in FES: 0

<!> No more events, simulation completed -- at t=259200s, event #693636
undisposed object: (BundlePacket) RegionsNetwork.regionNode[5].dtn.Src:A6,Dst:A2,ID:109679 -- check module destructor
undisposed object: (BundlePacket) RegionsNetwork.regionNode[5].dtn.Src:A6,Dst:A2,ID:109680 -- check module destructor
undisposed object: (BundlePacket) RegionsNetwork.regionNode[5].dtn.Src:A6,Dst:A2,ID:109681 -- check module destructor
undisposed object: (BundlePacket) RegionsNetwork.regionNode[5].dtn.Src:A6,Dst:A2,ID:109682 -- check module destructor
undisposed object: (BundlePacket) RegionsNetwork.regionNode[5].dtn.Src:A6,Dst:A2,ID:109683 -- check module destructor
undisposed object: (BundlePacket) RegionsNetwork.regionNode[5].dtn.Src:A6,Dst:A2,ID:109684 -- check module destructor
undisposed object: (BundlePacket) RegionsNetwork.regionNode[5].dtn.Src:A6,Dst:A2,ID:109685 -- check module destructor
undisposed object: (BundlePacket) RegionsNetwork.regionNode[5].dtn.Src:A6,Dst:A2,ID:109686 -- check module destructor
undisposed object: (BundlePacket) RegionsNetwork.regionNode[5].dtn.Src:A6,Dst:A2,ID:109687 -- check module destructor
undisposed object: (BundlePacket) RegionsNetwork.regionNode[5].dtn.Src:A6,Dst:A2,ID:109688 -- check module destructor
undisposed object: (BundlePacket) RegionsNetwork.regionNode[5].dtn.Src:A6,Dst:A2,ID:109689 -- check module destructor
undisposed object: (BundlePacket) RegionsNetwork.regionNode[5].dtn.Src:A6,Dst:A2,ID:109690 -- check module destructor
undisposed object: (BundlePacket) RegionsNetwork.regionNode[5].dtn.Src:A6,Dst:A2,ID:109691 -- check module destructor
undisposed object: (BundlePacket) RegionsNetwork.regionNode[5].dtn.Src:A6,Dst:A2,ID:109692 -- check module destructor
undisposed object: (BundlePacket) RegionsNetwork.regionNode[5].dtn.Src:A6,Dst:A2,ID:109693 -- check module destructor
undisposed object: (BundlePacket) RegionsNetwork.regionNode[5].dtn.Src:A6,Dst:A2,ID:109694 -- check module destructor
undisposed object: (BundlePacket) RegionsNetwork.regionNode[5].dtn.Src:A6,Dst:A2,ID:109695 -- check module destructor
undisposed object: (BundlePacket) RegionsNetwork.regionNode[5].dtn.Src:A6,Dst:A2,ID:109696 -- check module destructor
undisposed object: (BundlePacket) RegionsNetwork.regionNode[5].dtn.Src:A6,Dst:A2,ID:109697 -- check module destructor
undisposed object: (BundlePacket) RegionsNetwork.regionNode[5].dtn.Src:A6,Dst:A2,ID:109698 -- check module destructor
undisposed object: (BundlePacket) RegionsNetwork.regionNode[5].dtn.Src:A6,Dst:A2,ID:109699 -- check module destructor
undisposed object: (BundlePacket) RegionsNetwork.regionNode[5].dtn.Src:A6,Dst:A2,ID:109700 -- check module destructor
undisposed object: (BundlePacket) RegionsNetwork.regionNode[5].dtn.Src:A6,Dst:A2,ID:109701 -- check module destructor
undisposed object: (BundlePacket) RegionsNetwork.regionNode[5].dtn.Src:A6,Dst:A2,ID:109702 -- check module destructor
undisposed object: (BundlePacket) RegionsNetwork.regionNode[5].dtn.Src:A6,Dst:A2,ID:109703 -- check module destructor
undisposed object: (BundlePacket) RegionsNetwork.regionNode[5].dtn.Src:A6,Dst:A2,ID:109704 -- check module destructor
undisposed object: (BundlePacket) RegionsNetwork.regionNode[5].dtn.Src:A6,Dst:A2,ID:109705 -- check module destructor
undisposed object: (BundlePacket) RegionsNetwork.regionNode[5].dtn.Src:A6,Dst:A2,ID:109706 -- check module destructor
undisposed object: (BundlePacket) RegionsNetwork.regionNode[5].dtn.Src:A6,Dst:A2,ID:109707 -- check module destructor
undisposed object: (BundlePacket) RegionsNetwork.regionNode[5].dtn.Src:A6,Dst:A2,ID:109708 -- check module destructor
undisposed object: (BundlePacket) RegionsNetwork.regionNode[5].dtn.Src:A6,Dst:A2,ID:109709 -- check module destructor
undisposed object: (BundlePacket) RegionsNetwork.regionNode[5].dtn.Src:A6,Dst:A2,ID:109710 -- check module destructor
undisposed object: (BundlePacket) RegionsNetwork.regionNode[5].dtn.Src:A6,Dst:A2,ID:109711 -- check module destructor
undisposed object: (BundlePacket) RegionsNetwork.regionNode[5].dtn.Src:A6,Dst:A2,ID:109712 -- check module destructor
undisposed object: (BundlePacket) RegionsNetwork.regionNode[5].dtn.Src:A6,Dst:A2,ID:109713 -- check module destructor
undisposed object: (BundlePacket) RegionsNetwork.regionNode[5].dtn.Src:A6,Dst:A2,ID:109714 -- check module destructor
undisposed object: (BundlePacket) RegionsNetwork.regionNode[5].dtn.Src:A6,Dst:A2,ID:109715 -- check module destructor
undisposed object: (BundlePacket) RegionsNetwork.regionNode[5].dtn.Src:A6,Dst:A2,ID:109716 -- check module destructor
undisposed object: (BundlePacket) RegionsNetwork.regionNode[5].dtn.Src:A6,Dst:A2,ID:109717 -- check module destructor
undisposed object: (BundlePacket) RegionsNetwork.regionNode[5].dtn.Src:A6,Dst:A2,ID:109718 -- check module destructor
undisposed object: (BundlePacket) RegionsNetwork.regionNode[5].dtn.Src:A6,Dst:A2,ID:109719 -- check module destructor
undisposed object: (BundlePacket) RegionsNetwork.regionNode[5].dtn.Src:A6,Dst:A2,ID:109720 -- check module destructor
undisposed object: (BundlePacket) RegionsNetwork.regionNode[5].dtn.Src:A6,Dst:A2,ID:109721 -- check module destructor
undisposed object: (BundlePacket) RegionsNetwork.regionNode[5].dtn.Src:A6,Dst:A2,ID:109722 -- check module destructor
undisposed object: (BundlePacket) RegionsNetwork.regionNode[5].dtn.Src:A6,Dst:A2,ID:109723 -- check module destructor
undisposed object: (BundlePacket) RegionsNetwork.regionNode[5].dtn.Src:A6,Dst:A2,ID:109724 -- check module destructor
undisposed object: (BundlePacket) RegionsNetwork.regionNode[5].dtn.Src:A6,Dst:A2,ID:109725 -- check module destructor
undisposed object: (BundlePacket) RegionsNetwork.regionNode[5].dtn.Src:A6,Dst:A2,ID:109726 -- check module destructor
undisposed object: (BundlePacket) RegionsNetwork.regionNode[5].dtn.Src:A6,Dst:A2,ID:109727 -- check module destructor
undisposed object: (BundlePacket) RegionsNetwork.regionNode[5].dtn.Src:A6,Dst:A2,ID:109728 -- check module destructor
undisposed object: (BundlePacket) RegionsNetwork.regionNode[5].dtn.Src:A6,Dst:A2,ID:109729 -- check module destructor
undisposed object: (BundlePacket) RegionsNetwork.regionNode[5].dtn.Src:A6,Dst:A2,ID:109730 -- check module destructor
undisposed object: (BundlePacket) RegionsNetwork.regionNode[5].dtn.Src:A6,Dst:A2,ID:109731 -- check module destructor
undisposed object: (BundlePacket) RegionsNetwork.regionNode[5].dtn.Src:A6,Dst:A2,ID:109732 -- check module destructor
undisposed object: (BundlePacket) RegionsNetwork.regionNode[5].dtn.Src:A6,Dst:A2,ID:109733 -- check module destructor
undisposed object: (BundlePacket) RegionsNetwork.regionNode[5].dtn.Src:A6,Dst:A2,ID:109734 -- check module destructor
undisposed object: (BundlePacket) RegionsNetwork.regionNode[5].dtn.Src:A6,Dst:A2,ID:109735 -- check module destructor
undisposed object: (BundlePacket) RegionsNetwork.regionNode[5].dtn.Src:A6,Dst:A2,ID:109736 -- check module destructor
undisposed object: (BundlePacket) RegionsNetwork.regionNode[5].dtn.Src:A6,Dst:A2,ID:109737 -- check module destructor
undisposed object: (BundlePacket) RegionsNetwork.regionNode[5].dtn.Src:A6,Dst:A2,ID:109738 -- check module destructor
undisposed object: (BundlePacket) RegionsNetwork.regionNode[5].dtn.Src:A6,Dst:A2,ID:109739 -- check module destructor
undisposed object: (BundlePacket) RegionsNetwork.regionNode[5].dtn.Src:A6,Dst:A2,ID:109740 -- check module destructor
undisposed object: (BundlePacket) RegionsNetwork.regionNode[5].dtn.Src:A6,Dst:A2,ID:109741 -- check module destructor
undisposed object: (BundlePacket) RegionsNetwork.regionNode[5].dtn.Src:A6,Dst:A2,ID:109742 -- check module destructor
undisposed object: (BundlePacket) RegionsNetwork.regionNode[5].dtn.Src:A6,Dst:A2,ID:109743 -- check module destructor
undisposed object: (BundlePacket) RegionsNetwork.regionNode[5].dtn.Src:A6,Dst:A2,ID:109744 -- check module destructor
undisposed object: (BundlePacket) RegionsNetwork.regionNode[5].dtn.Src:A6,Dst:A2,ID:109745 -- check module destructor
undisposed object: (BundlePacket) RegionsNetwork.regionNode[5].dtn.Src:A6,Dst:A2,ID:109746 -- check module destructor
undisposed object: (BundlePacket) RegionsNetwork.regionNode[5].dtn.Src:A6,Dst:A2,ID:109747 -- check module destructor
undisposed object: (BundlePacket) RegionsNetwork.regionNode[5].dtn.Src:A6,Dst:A2,ID:109748 -- check module destructor
undisposed object: (BundlePacket) RegionsNetwork.regionNode[5].dtn.Src:A6,Dst:A2,ID:109749 -- check module destructor
undisposed object: (BundlePacket) RegionsNetwork.regionNode[5].dtn.Src:A6,Dst:A2,ID:109750 -- check module destructor
undisposed object: (BundlePacket) RegionsNetwork.regionNode[5].dtn.Src:A6,Dst:A2,ID:109751 -- check module destructor
undisposed object: (BundlePacket) RegionsNetwork.regionNode[5].dtn.Src:A6,Dst:A2,ID:109752 -- check module destructor
undisposed object: (BundlePacket) RegionsNetwork.regionNode[5].dtn.Src:A6,Dst:A2,ID:109753 -- check module destructor
undisposed object: (BundlePacket) RegionsNetwork.regionNode[5].dtn.Src:A6,Dst:A2,ID:109754 -- check module destructor
undisposed object: (BundlePacket) RegionsNetwork.regionNode[5].dtn.Src:A6,Dst:A2,ID:109755 -- check module destructor
undisposed object: (BundlePacket) RegionsNetwork.regionNode[5].dtn.Src:A6,Dst:A2,ID:109756 -- check module destructor
undisposed object: (BundlePacket) RegionsNetwork.regionNode[5].dtn.Src:A6,Dst:A2,ID:109757 -- check module destructor
undisposed object: (BundlePacket) RegionsNetwork.regionNode[5].dtn.Src:A6,Dst:A2,ID:109758 -- check module destructor
undisposed object: (BundlePacket) RegionsNetwork.regionNode[5].dtn.Src:A6,Dst:A2,ID:109759 -- check module destructor
undisposed object: (BundlePacket) RegionsNetwork.regionNode[5].dtn.Src:A6,Dst:A2,ID:109760 -- check module destructor
undisposed object: (BundlePacket) RegionsNetwork.regionNode[5].dtn.Src:A6,Dst:A2,ID:109761 -- check module destructor
undisposed object: (BundlePacket) RegionsNetwork.regionNode[5].dtn.Src:A6,Dst:A2,ID:109762 -- check module destructor
undisposed object: (BundlePacket) RegionsNetwork.regionNode[5].dtn.Src:A6,Dst:A2,ID:109763 -- check module destructor
undisposed object: (BundlePacket) RegionsNetwork.regionNode[5].dtn.Src:A6,Dst:A2,ID:109764 -- check module destructor
undisposed object: (BundlePacket) RegionsNetwork.regionNode[5].dtn.Src:A6,Dst:A2,ID:109765 -- check module destructor
undisposed object: (BundlePacket) RegionsNetwork.regionNode[5].dtn.Src:A6,Dst:A2,ID:109766 -- check module destructor
undisposed object: (BundlePacket) RegionsNetwork.regionNode[5].dtn.Src:A6,Dst:A2,ID:109767 -- check module destructor
undisposed object: (BundlePacket) RegionsNetwork.regionNode[5].dtn.Src:A6,Dst:A2,ID:109768 -- check module destructor
undisposed object: (BundlePacket) RegionsNetwork.regionNode[5].dtn.Src:A6,Dst:A2,ID:109769 -- check module destructor
undisposed object: (BundlePacket) RegionsNetwork.regionNode[5].dtn.Src:A6,Dst:A2,ID:109770 -- check module destructor
undisposed object: (BundlePacket) RegionsNetwork.regionNode[5].dtn.Src:A6,Dst:A2,ID:109771 -- check module destructor
undisposed object: (BundlePacket) RegionsNetwork.regionNode[5].dtn.Src:A6,Dst:A2,ID:109772 -- check module destructor
undisposed object: (BundlePacket) RegionsNetwork.regionNode[5].dtn.Src:A6,Dst:A2,ID:109773 -- check module destructor
undisposed object: (BundlePacket) RegionsNetwork.regionNode[5].dtn.Src:A6,Dst:A2,ID:109774 -- check module destructor
undisposed object: (BundlePacket) RegionsNetwork.regionNode[5].dtn.Src:A6,Dst:A2,ID:109775 -- check module destructor
undisposed object: (BundlePacket) RegionsNetwork.regionNode[5].dtn.Src:A6,Dst:A2,ID:109776 -- check module destructor
undisposed object: (BundlePacket) RegionsNetwork.regionNode[5].dtn.Src:A6,Dst:A2,ID:109777 -- check module destructor
undisposed object: (BundlePacket) RegionsNetwork.regionNode[5].dtn.Src:A6,Dst:A2,ID:109778 -- check module destructor
undisposed object: (BundlePacket) RegionsNetwork.regionNode[5].dtn.Src:A6,Dst:A2,ID:109779 -- check module destructor
undisposed object: (BundlePacket) RegionsNetwork.regionNode[5].dtn.Src:A6,Dst:A2,ID:109780 -- check module destructor
undisposed object: (BundlePacket) RegionsNetwork.regionNode[5].dtn.Src:A6,Dst:A2,ID:109781 -- check module destructor
undisposed object: (BundlePacket) RegionsNetwork.regionNode[5].dtn.Src:A6,Dst:A2,ID:109782 -- check module destructor
undisposed object: (BundlePacket) RegionsNetwork.regionNode[5].dtn.Src:A6,Dst:A2,ID:109783 -- check module destructor
undisposed object: (BundlePacket) RegionsNetwork.regionNode[5].dtn.Src:A6,Dst:A2,ID:109784 -- check module destructor
undisposed object: (BundlePacket) RegionsNetwork.regionNode[5].dtn.Src:A6,Dst:A2,ID:109785 -- check module destructor
undisposed object: (BundlePacket) RegionsNetwork.regionNode[5].dtn.Src:A6,Dst:A2,ID:109786 -- check module destructor
undisposed object: (BundlePacket) RegionsNetwork.regionNode[5].dtn.Src:A6,Dst:A2,ID:109787 -- check module destructor
undisposed object: (BundlePacket) RegionsNetwork.regionNode[5].dtn.Src:A6,Dst:A2,ID:109788 -- check module destructor
undisposed object: (BundlePacket) RegionsNetwork.regionNode[5].dtn.Src:A6,Dst:A2,ID:109789 -- check module destructor
undisposed object: (BundlePacket) RegionsNetwork.regionNode[5].dtn.Src:A6,Dst:A2,ID:109790 -- check module destructor
undisposed object: (BundlePacket) RegionsNetwork.regionNode[5].dtn.Src:A6,Dst:A2,ID:109791 -- check module destructor
undisposed object: (BundlePacket) RegionsNetwork.regionNode[5].dtn.Src:A6,Dst:A2,ID:109792 -- check module destructor
undisposed object: (BundlePacket) RegionsNetwork.regionNode[5].dtn.Src:A6,Dst:A2,ID:109793 -- check module destructor
undisposed object: (BundlePacket) RegionsNetwork.regionNode[5].dtn.Src:A6,Dst:A2,ID:109794 -- check module destructor
undisposed object: (BundlePacket) RegionsNetwork.regionNode[5].dtn.Src:A6,Dst:A2,ID:109795 -- check module destructor
undisposed object: (BundlePacket) RegionsNetwork.regionNode[5].dtn.Src:A6,Dst:A2,ID:109796 -- check module destructor
undisposed object: (BundlePacket) RegionsNetwork.regionNode[5].dtn.Src:A6,Dst:A2,ID:109797 -- check module destructor
undisposed object: (BundlePacket) RegionsNetwork.regionNode[5].dtn.Src:A6,Dst:A2,ID:109798 -- check module destructor
undisposed object: (BundlePacket) RegionsNetwork.regionNode[5].dtn.Src:A6,Dst:A2,ID:109799 -- check module destructor
undisposed object: (BundlePacket) RegionsNetwork.regionNode[5].dtn.Src:A6,Dst:A2,ID:109800 -- check module destructor
undisposed object: (BundlePacket) RegionsNetwork.regionNode[5].dtn.Src:A6,Dst:A2,ID:109801 -- check module destructor
undisposed object: (BundlePacket) RegionsNetwork.regionNode[5].dtn.Src:A6,Dst:A2,ID:109802 -- check module destructor
undisposed object: (BundlePacket) RegionsNetwork.regionNode[5].dtn.Src:A6,Dst:A2,ID:109803 -- check module destructor
undisposed object: (BundlePacket) RegionsNetwork.regionNode[5].dtn.Src:A6,Dst:A2,ID:109804 -- check module destructor
undisposed object: (BundlePacket) RegionsNetwork.regionNode[5].dtn.Src:A6,Dst:A2,ID:109805 -- check module destructor
undisposed object: (BundlePacket) RegionsNetwork.regionNode[5].dtn.Src:A6,Dst:A2,ID:109806 -- check module destructor
undisposed object: (BundlePacket) RegionsNetwork.regionNode[5].dtn.Src:A6,Dst:A2,ID:109807 -- check module destructor
undisposed object: (BundlePacket) RegionsNetwork.regionNode[5].dtn.Src:A6,Dst:A2,ID:109808 -- check module destructor
undisposed object: (BundlePacket) RegionsNetwork.regionNode[5].dtn.Src:A6,Dst:A2,ID:109809 -- check module destructor
undisposed object: (BundlePacket) RegionsNetwork.regionNode[5].dtn.Src:A6,Dst:A2,ID:109810 -- check module destructor
undisposed object: (BundlePacket) RegionsNetwork.regionNode[5].dtn.Src:A6,Dst:A2,ID:109811 -- check module destructor
undisposed object: (BundlePacket) RegionsNetwork.regionNode[5].dtn.Src:A6,Dst:A2,ID:109812 -- check module destructor
undisposed object: (BundlePacket) RegionsNetwork.regionNode[5].dtn.Src:A6,Dst:A2,ID:109813 -- check module destructor
undisposed object: (BundlePacket) RegionsNetwork.regionNode[5].dtn.Src:A6,Dst:A2,ID:109814 -- check module destructor
undisposed object: (BundlePacket) RegionsNetwork.regionNode[5].dtn.Src:A6,Dst:A2,ID:109815 -- check module destructor
undisposed object: (BundlePacket) RegionsNetwork.regionNode[5].dtn.Src:A6,Dst:A2,ID:109816 -- check module destructor
undisposed object: (BundlePacket) RegionsNetwork.regionNode[5].dtn.Src:A6,Dst:A2,ID:109817 -- check module destructor
undisposed object: (BundlePacket) RegionsNetwork.regionNode[5].dtn.Src:A6,Dst:A2,ID:109818 -- check module destructor
undisposed object: (BundlePacket) RegionsNetwork.regionNode[5].dtn.Src:A6,Dst:A2,ID:109819 -- check module destructor
undisposed object: (BundlePacket) RegionsNetwork.regionNode[5].dtn.Src:A6,Dst:A2,ID:109820 -- check module destructor
undisposed object: (BundlePacket) RegionsNetwork.regionNode[5].dtn.Src:A6,Dst:A2,ID:109821 -- check module destructor
undisposed object: (BundlePacket) RegionsNetwork.regionNode[5].dtn.Src:A6,Dst:A2,ID:109822 -- check module destructor
undisposed object: (BundlePacket) RegionsNetwork.regionNode[5].dtn.Src:A6,Dst:A2,ID:109823 -- check module destructor
undisposed object: (BundlePacket) RegionsNetwork.regionNode[5].dtn.Src:A6,Dst:A2,ID:109824 -- check module destructor
undisposed object: (BundlePacket) RegionsNetwork.regionNode[5].dtn.Src:A6,Dst:A2,ID:109825 -- check module destructor
undisposed object: (BundlePacket) RegionsNetwork.regionNode[5].dtn.Src:A6,Dst:A2,ID:109826 -- check module destructor
undisposed object: (BundlePacket) RegionsNetwork.regionNode[5].dtn.Src:A6,Dst:A2,ID:109827 -- check module destructor
undisposed object: (BundlePacket) RegionsNetwork.regionNode[5].dtn.Src:A6,Dst:A2,ID:109828 -- check module destructor
undisposed object: (BundlePacket) RegionsNetwork.regionNode[5].dtn.Src:A6,Dst:A2,ID:109829 -- check module destructor
undisposed object: (BundlePacket) RegionsNetwork.regionNode[5].dtn.Src:A6,Dst:A2,ID:109830 -- check module destructor
undisposed object: (BundlePacket) RegionsNetwork.regionNode[5].dtn.Src:A6,Dst:A2,ID:109831 -- check module destructor
undisposed object: (BundlePacket) RegionsNetwork.regionNode[5].dtn.Src:A6,Dst:A2,ID:109833 -- check module destructor
undisposed object: (BundlePacket) RegionsNetwork.regionNode[5].dtn.Src:A6,Dst:A2,ID:109854 -- check module destructor
undisposed object: (BundlePacket) RegionsNetwork.regionNode[5].dtn.Src:A6,Dst:A2,ID:109879 -- check module destructor
undisposed object: (BundlePacket) RegionsNetwork.regionNode[5].dtn.Src:A6,Dst:A2,ID:109905 -- check module destructor
undisposed object: (BundlePacket) RegionsNetwork.regionNode[5].dtn.Src:A6,Dst:A2,ID:109930 -- check module destructor
undisposed object: (BundlePacket) RegionsNetwork.regionNode[5].dtn.Src:A6,Dst:A2,ID:109953 -- check module destructor
undisposed object: (BundlePacket) RegionsNetwork.regionNode[5].dtn.Src:A6,Dst:A2,ID:109978 -- check module destructor
undisposed object: (BundlePacket) RegionsNetwork.regionNode[5].dtn.Src:A6,Dst:A2,ID:110004 -- check module destructor
undisposed object: (BundlePacket) RegionsNetwork.regionNode[5].dtn.Src:A6,Dst:A2,ID:110029 -- check module destructor
undisposed object: (BundlePacket) RegionsNetwork.regionNode[5].dtn.Src:A6,Dst:A2,ID:110052 -- check module destructor
undisposed object: (BundlePacket) RegionsNetwork.regionNode[5].dtn.Src:A6,Dst:A2,ID:110077 -- check module destructor
undisposed object: (BundlePacket) RegionsNetwork.regionNode[5].dtn.Src:A6,Dst:A2,ID:110103 -- check module destructor
undisposed object: (BundlePacket) RegionsNetwork.regionNode[5].dtn.Src:A6,Dst:A2,ID:110128 -- check module destructor
undisposed object: (BundlePacket) RegionsNetwork.regionNode[5].dtn.Src:A6,Dst:A2,ID:110153 -- check module destructor
undisposed object: (BundlePacket) RegionsNetwork.regionNode[5].dtn.Src:A6,Dst:A2,ID:110178 -- check module destructor
undisposed object: (BundlePacket) RegionsNetwork.regionNode[5].dtn.Src:A6,Dst:A2,ID:110204 -- check module destructor
undisposed object: (BundlePacket) RegionsNetwork.regionNode[5].dtn.Src:A6,Dst:A2,ID:110229 -- check module destructor
undisposed object: (BundlePacket) RegionsNetwork.regionNode[5].dtn.Src:A6,Dst:A2,ID:110252 -- check module destructor
undisposed object: (BundlePacket) RegionsNetwork.regionNode[5].dtn.Src:A6,Dst:A2,ID:110278 -- check module destructor
undisposed object: (BundlePacket) RegionsNetwork.regionNode[5].dtn.Src:A6,Dst:A2,ID:110305 -- check module destructor
undisposed object: (BundlePacket) RegionsNetwork.regionNode[5].dtn.Src:A6,Dst:A2,ID:110330 -- check module destructor
undisposed object: (BundlePacket) RegionsNetwork.regionNode[5].dtn.Src:A6,Dst:A2,ID:110353 -- check module destructor
undisposed object: (BundlePacket) RegionsNetwork.regionNode[5].dtn.Src:A6,Dst:A2,ID:110378 -- check module destructor
undisposed object: (BundlePacket) RegionsNetwork.regionNode[5].dtn.Src:A6,Dst:A2,ID:110404 -- check module destructor
undisposed object: (BundlePacket) RegionsNetwork.regionNode[5].dtn.Src:A6,Dst:A2,ID:110429 -- check module destructor
undisposed object: (BundlePacket) RegionsNetwork.regionNode[5].dtn.Src:A6,Dst:A2,ID:110452 -- check module destructor
undisposed object: (BundlePacket) RegionsNetwork.regionNode[5].dtn.Src:A6,Dst:A2,ID:110477 -- check module destructor
undisposed object: (BundlePacket) RegionsNetwork.regionNode[5].dtn.Src:A6,Dst:A2,ID:110503 -- check module destructor
undisposed object: (BundlePacket) RegionsNetwork.regionNode[5].dtn.Src:A6,Dst:A2,ID:110528 -- check module destructor
undisposed object: (BundlePacket) RegionsNetwork.regionNode[5].dtn.Src:A6,Dst:A2,ID:110551 -- check module destructor
undisposed object: (BundlePacket) RegionsNetwork.regionNode[5].dtn.Src:A6,Dst:A2,ID:110576 -- check module destructor
undisposed object: (BundlePacket) RegionsNetwork.regionNode[5].dtn.Src:A6,Dst:A2,ID:110602 -- check module destructor
undisposed object: (BundlePacket) RegionsNetwork.regionNode[5].dtn.Src:A6,Dst:A2,ID:110627 -- check module destructor
undisposed object: (BundlePacket) RegionsNetwork.regionNode[5].dtn.Src:A6,Dst:A2,ID:110650 -- check module destructor
undisposed object: (BundlePacket) RegionsNetwork.regionNode[5].dtn.Src:A6,Dst:A2,ID:110675 -- check module destructor
undisposed object: (BundlePacket) RegionsNetwork.regionNode[5].dtn.Src:A6,Dst:A2,ID:110701 -- check module destructor
undisposed object: (BundlePacket) RegionsNetwork.regionNode[5].dtn.Src:A6,Dst:A2,ID:110726 -- check module destructor
undisposed object: (BundlePacket) RegionsNetwork.regionNode[5].dtn.Src:A6,Dst:A2,ID:110749 -- check module destructor
undisposed object: (BundlePacket) RegionsNetwork.regionNode[5].dtn.Src:A6,Dst:A2,ID:110774 -- check module destructor
undisposed object: (BundlePacket) RegionsNetwork.regionNode[5].dtn.Src:A6,Dst:A2,ID:110800 -- check module destructor
undisposed object: (BundlePacket) RegionsNetwork.regionNode[5].dtn.Src:A6,Dst:A2,ID:110825 -- check module destructor
undisposed object: (BundlePacket) RegionsNetwork.regionNode[5].dtn.Src:A6,Dst:A2,ID:110848 -- check module destructor
undisposed object: (BundlePacket) RegionsNetwork.regionNode[5].dtn.Src:A6,Dst:A2,ID:110873 -- check module destructor
undisposed object: (BundlePacket) RegionsNetwork.regionNode[5].dtn.Src:A6,Dst:A2,ID:110899 -- check module destructor
undisposed object: (BundlePacket) RegionsNetwork.regionNode[5].dtn.Src:A6,Dst:A2,ID:110924 -- check module destructor
undisposed object: (BundlePacket) RegionsNetwork.regionNode[5].dtn.Src:A6,Dst:A2,ID:110947 -- check module destructor
undisposed object: (BundlePacket) RegionsNetwork.regionNode[5].dtn.Src:A6,Dst:A2,ID:110972 -- check module destructor
undisposed object: (BundlePacket) RegionsNetwork.regionNode[5].dtn.Src:A6,Dst:A2,ID:110998 -- check module destructor
undisposed object: (BundlePacket) RegionsNetwork.regionNode[5].dtn.Src:A6,Dst:A2,ID:111023 -- check module destructor
undisposed object: (BundlePacket) RegionsNetwork.regionNode[5].dtn.Src:A6,Dst:A2,ID:111046 -- check module destructor
undisposed object: (BundlePacket) RegionsNetwork.regionNode[5].dtn.Src:A6,Dst:A2,ID:111071 -- check module destructor
undisposed object: (BundlePacket) RegionsNetwork.regionNode[5].dtn.Src:A6,Dst:A2,ID:111097 -- check module destructor
undisposed object: (BundlePacket) RegionsNetwork.regionNode[5].dtn.Src:A6,Dst:A2,ID:111122 -- check module destructor
undisposed object: (BundlePacket) RegionsNetwork.regionNode[5].dtn.Src:A6,Dst:A2,ID:111145 -- check module destructor
undisposed object: (BundlePacket) RegionsNetwork.regionNode[5].dtn.Src:A6,Dst:A2,ID:111170 -- check module destructor
undisposed object: (BundlePacket) RegionsNetwork.regionNode[5].dtn.Src:A6,Dst:A2,ID:111196 -- check module destructor
undisposed object: (BundlePacket) RegionsNetwork.regionNode[5].dtn.Src:A6,Dst:A2,ID:111221 -- check module destructor
undisposed object: (BundlePacket) RegionsNetwork.regionNode[5].dtn.Src:A6,Dst:A2,ID:111244 -- check module destructor
undisposed object: (BundlePacket) RegionsNetwork.regionNode[5].dtn.Src:A6,Dst:A2,ID:111269 -- check module destructor
undisposed object: (BundlePacket) RegionsNetwork.regionNode[5].dtn.Src:A6,Dst:A2,ID:111295 -- check module destructor
undisposed object: (BundlePacket) RegionsNetwork.regionNode[5].dtn.Src:A6,Dst:A2,ID:111314 -- check module destructor
undisposed object: (BundlePacket) RegionsNetwork.regionNode[5].dtn.Src:A6,Dst:A2,ID:111324 -- check module destructor
undisposed object: (BundlePacket) RegionsNetwork.regionNode[5].dtn.Src:A6,Dst:A2,ID:111337 -- check module destructor
undisposed object: (BundlePacket) RegionsNetwork.regionNode[5].dtn.Src:A6,Dst:A2,ID:111350 -- check module destructor
undisposed object: (BundlePacket) RegionsNetwork.regionNode[5].dtn.Src:A6,Dst:A2,ID:111363 -- check module destructor
undisposed object: (BundlePacket) RegionsNetwork.regionNode[5].dtn.Src:A6,Dst:A2,ID:111373 -- check module destructor
undisposed object: (BundlePacket) RegionsNetwork.regionNode[5].dtn.Src:A6,Dst:A2,ID:111386 -- check module destructor
undisposed object: (BundlePacket) RegionsNetwork.regionNode[5].dtn.Src:A6,Dst:A2,ID:111399 -- check module destructor
undisposed object: (BundlePacket) RegionsNetwork.regionNode[5].dtn.Src:A6,Dst:A2,ID:111412 -- check module destructor
undisposed object: (BundlePacket) RegionsNetwork.regionNode[5].dtn.Src:A6,Dst:A2,ID:111422 -- check module destructor
undisposed object: (BundlePacket) RegionsNetwork.regionNode[5].dtn.Src:A6,Dst:A2,ID:111435 -- check module destructor
undisposed object: (BundlePacket) RegionsNetwork.regionNode[5].dtn.Src:A6,Dst:A2,ID:111448 -- check module destructor
undisposed object: (BundlePacket) RegionsNetwork.regionNode[5].dtn.Src:A6,Dst:A2,ID:111461 -- check module destructor
undisposed object: (BundlePacket) RegionsNetwork.regionNode[5].dtn.Src:A6,Dst:A2,ID:111471 -- check module destructor
undisposed object: (BundlePacket) RegionsNetwork.regionNode[5].dtn.Src:A6,Dst:A2,ID:111484 -- check module destructor
undisposed object: (BundlePacket) RegionsNetwork.regionNode[5].dtn.Src:A6,Dst:A2,ID:111497 -- check module destructor
undisposed object: (BundlePacket) RegionsNetwork.regionNode[5].dtn.Src:A6,Dst:A2,ID:111510 -- check module destructor
undisposed object: (BundlePacket) RegionsNetwork.regionNode[5].dtn.Src:A6,Dst:A2,ID:111520 -- check module destructor
undisposed object: (BundlePacket) RegionsNetwork.regionNode[5].dtn.Src:A6,Dst:A2,ID:111533 -- check module destructor
undisposed object: (BundlePacket) RegionsNetwork.regionNode[5].dtn.Src:A6,Dst:A2,ID:111546 -- check module destructor
undisposed object: (BundlePacket) RegionsNetwork.regionNode[5].dtn.Src:A6,Dst:A2,ID:111559 -- check module destructor
undisposed object: (BundlePacket) RegionsNetwork.regionNode[5].dtn.Src:A6,Dst:A2,ID:111569 -- check module destructor
undisposed object: (BundlePacket) RegionsNetwork.regionNode[5].dtn.Src:A6,Dst:A2,ID:111582 -- check module destructor
undisposed object: (BundlePacket) RegionsNetwork.regionNode[5].dtn.Src:A6,Dst:A2,ID:111595 -- check module destructor
undisposed object: (BundlePacket) RegionsNetwork.regionNode[5].dtn.Src:A6,Dst:A2,ID:111608 -- check module destructor
undisposed object: (BundlePacket) RegionsNetwork.regionNode[5].dtn.Src:A6,Dst:A2,ID:111618 -- check module destructor
undisposed object: (BundlePacket) RegionsNetwork.regionNode[5].dtn.Src:A6,Dst:A2,ID:111631 -- check module destructor
undisposed object: (BundlePacket) RegionsNetwork.regionNode[5].dtn.Src:A6,Dst:A2,ID:111644 -- check module destructor
undisposed object: (BundlePacket) RegionsNetwork.regionNode[5].dtn.Src:A6,Dst:A2,ID:111657 -- check module destructor
undisposed object: (BundlePacket) RegionsNetwork.regionNode[5].dtn.Src:A6,Dst:A2,ID:111667 -- check module destructor
undisposed object: (BundlePacket) RegionsNetwork.regionNode[5].dtn.Src:A6,Dst:A2,ID:111680 -- check module destructor
undisposed object: (BundlePacket) RegionsNetwork.regionNode[5].dtn.Src:A6,Dst:A2,ID:111693 -- check module destructor
undisposed object: (BundlePacket) RegionsNetwork.regionNode[5].dtn.Src:A6,Dst:A2,ID:111706 -- check module destructor
undisposed object: (BundlePacket) RegionsNetwork.regionNode[5].dtn.Src:A6,Dst:A2,ID:111716 -- check module destructor
undisposed object: (BundlePacket) RegionsNetwork.regionNode[5].dtn.Src:A6,Dst:A2,ID:111729 -- check module destructor
undisposed object: (BundlePacket) RegionsNetwork.regionNode[5].dtn.Src:A6,Dst:A2,ID:111742 -- check module destructor
undisposed object: (BundlePacket) RegionsNetwork.regionNode[5].dtn.Src:A6,Dst:A2,ID:111755 -- check module destructor
undisposed object: (BundlePacket) RegionsNetwork.regionNode[5].dtn.Src:A6,Dst:A2,ID:111763 -- check module destructor
undisposed object: (BundlePacket) RegionsNetwork.regionNode[5].dtn.Src:A6,Dst:A2,ID:111772 -- check module destructor
undisposed object: (BundlePacket) RegionsNetwork.regionNode[5].dtn.Src:A6,Dst:A2,ID:111781 -- check module destructor
undisposed object: (BundlePacket) RegionsNetwork.regionNode[5].dtn.Src:A6,Dst:A2,ID:111790 -- check module destructor
undisposed object: (BundlePacket) RegionsNetwork.regionNode[5].dtn.Src:A6,Dst:A2,ID:111797 -- check module destructor
undisposed object: (BundlePacket) RegionsNetwork.regionNode[5].dtn.Src:A6,Dst:A2,ID:111806 -- check module destructor
undisposed object: (BundlePacket) RegionsNetwork.regionNode[5].dtn.Src:A6,Dst:A2,ID:111815 -- check module destructor
undisposed object: (BundlePacket) RegionsNetwork.regionNode[5].dtn.Src:A6,Dst:A2,ID:111824 -- check module destructor
undisposed object: (BundlePacket) RegionsNetwork.regionNode[5].dtn.Src:A6,Dst:A2,ID:111831 -- check module destructor
undisposed object: (BundlePacket) RegionsNetwork.regionNode[5].dtn.Src:A6,Dst:A2,ID:111840 -- check module destructor
undisposed object: (BundlePacket) RegionsNetwork.regionNode[5].dtn.Src:A6,Dst:A2,ID:111849 -- check module destructor
undisposed object: (BundlePacket) RegionsNetwork.regionNode[5].dtn.Src:A6,Dst:A2,ID:111858 -- check module destructor
undisposed object: (BundlePacket) RegionsNetwork.regionNode[5].dtn.Src:A6,Dst:A2,ID:111865 -- check module destructor
undisposed object: (BundlePacket) RegionsNetwork.regionNode[5].dtn.Src:A6,Dst:A2,ID:111874 -- check module destructor
undisposed object: (BundlePacket) RegionsNetwork.regionNode[5].dtn.Src:A6,Dst:A2,ID:111883 -- check module destructor
undisposed object: (BundlePacket) RegionsNetwork.regionNode[5].dtn.Src:A6,Dst:A2,ID:111892 -- check module destructor
undisposed object: (BundlePacket) RegionsNetwork.regionNode[5].dtn.Src:A6,Dst:A2,ID:111899 -- check module destructor
undisposed object: (BundlePacket) RegionsNetwork.regionNode[5].dtn.Src:A6,Dst:A2,ID:111908 -- check module destructor
undisposed object: (BundlePacket) RegionsNetwork.regionNode[5].dtn.Src:A6,Dst:A2,ID:111917 -- check module destructor
undisposed object: (BundlePacket) RegionsNetwork.regionNode[5].dtn.Src:A6,Dst:A2,ID:111926 -- check module destructor
undisposed object: (BundlePacket) RegionsNetwork.regionNode[5].dtn.Src:A6,Dst:A2,ID:111933 -- check module destructor
undisposed object: (BundlePacket) RegionsNetwork.regionNode[5].dtn.Src:A6,Dst:A2,ID:111942 -- check module destructor
undisposed object: (BundlePacket) RegionsNetwork.regionNode[5].dtn.Src:A6,Dst:A2,ID:111951 -- check module destructor
undisposed object: (BundlePacket) RegionsNetwork.regionNode[5].dtn.Src:A6,Dst:A2,ID:111960 -- check module destructor
undisposed object: (BundlePacket) RegionsNetwork.regionNode[5].dtn.Src:A6,Dst:A2,ID:111967 -- check module destructor
undisposed object: (BundlePacket) RegionsNetwork.regionNode[5].dtn.Src:A6,Dst:A2,ID:111976 -- check module destructor
undisposed object: (BundlePacket) RegionsNetwork.regionNode[5].dtn.Src:A6,Dst:A2,ID:111985 -- check module destructor
undisposed object: (BundlePacket) RegionsNetwork.regionNode[5].dtn.Src:A6,Dst:A2,ID:111994 -- check module destructor
undisposed object: (BundlePacket) RegionsNetwork.regionNode[5].dtn.Src:A6,Dst:A2,ID:112001 -- check module destructor
undisposed object: (BundlePacket) RegionsNetwork.regionNode[5].dtn.Src:A6,Dst:A2,ID:112010 -- check module destructor
undisposed object: (BundlePacket) RegionsNetwork.regionNode[5].dtn.Src:A6,Dst:A2,ID:112019 -- check module destructor
undisposed object: (BundlePacket) RegionsNetwork.regionNode[5].dtn.Src:A6,Dst:A2,ID:112028 -- check module destructor
undisposed object: (BundlePacket) RegionsNetwork.regionNode[5].dtn.Src:A6,Dst:A2,ID:112035 -- check module destructor
undisposed object: (BundlePacket) RegionsNetwork.regionNode[5].dtn.Src:A6,Dst:A2,ID:112044 -- check module destructor
undisposed object: (BundlePacket) RegionsNetwork.regionNode[5].dtn.Src:A6,Dst:A2,ID:112053 -- check module destructor
undisposed object: (BundlePacket) RegionsNetwork.regionNode[5].dtn.Src:A6,Dst:A2,ID:112062 -- check module destructor
undisposed object: (BundlePacket) RegionsNetwork.regionNode[5].dtn.Src:A6,Dst:A2,ID:112069 -- check module destructor
undisposed object: (BundlePacket) RegionsNetwork.regionNode[5].dtn.Src:A6,Dst:A2,ID:112078 -- check module destructor
undisposed object: (BundlePacket) RegionsNetwork.regionNode[5].dtn.Src:A6,Dst:A2,ID:112087 -- check module destructor
undisposed object: (BundlePacket) RegionsNetwork.regionNode[5].dtn.Src:A6,Dst:A2,ID:112096 -- check module destructor
undisposed object: (BundlePacket) RegionsNetwork.regionNode[5].dtn.Src:A6,Dst:A2,ID:112103 -- check module destructor
undisposed object: (BundlePacket) RegionsNetwork.regionNode[5].dtn.Src:A6,Dst:A2,ID:112112 -- check module destructor
undisposed object: (BundlePacket) RegionsNetwork.regionNode[5].dtn.Src:A6,Dst:A2,ID:112121 -- check module destructor
undisposed object: (BundlePacket) RegionsNetwork.regionNode[5].dtn.Src:A6,Dst:A2,ID:112130 -- check module destructor
undisposed object: (BundlePacket) RegionsNetwork.regionNode[5].dtn.Src:A6,Dst:A2,ID:112137 -- check module destructor
undisposed object: (BundlePacket) RegionsNetwork.regionNode[5].dtn.Src:A6,Dst:A2,ID:112146 -- check module destructor
undisposed object: (BundlePacket) RegionsNetwork.regionNode[5].dtn.Src:A6,Dst:A2,ID:112155 -- check module destructor
undisposed object: (BundlePacket) RegionsNetwork.regionNode[5].dtn.Src:A6,Dst:A2,ID:112164 -- check module destructor
undisposed object: (BundlePacket) RegionsNetwork.regionNode[5].dtn.Src:A6,Dst:A2,ID:112171 -- check module destructor
undisposed object: (BundlePacket) RegionsNetwork.regionNode[5].dtn.Src:A6,Dst:A2,ID:112180 -- check module destructor
undisposed object: (BundlePacket) RegionsNetwork.regionNode[5].dtn.Src:A6,Dst:A2,ID:112189 -- check module destructor
undisposed object: (BundlePacket) RegionsNetwork.regionNode[5].dtn.Src:A6,Dst:A2,ID:112198 -- check module destructor
undisposed object: (BundlePacket) RegionsNetwork.regionNode[5].dtn.Src:A6,Dst:A2,ID:112205 -- check module destructor
undisposed object: (BundlePacket) RegionsNetwork.regionNode[5].dtn.Src:A6,Dst:A2,ID:112214 -- check module destructor
undisposed object: (BundlePacket) RegionsNetwork.regionNode[5].dtn.Src:A6,Dst:A2,ID:112223 -- check module destructor
undisposed object: (BundlePacket) RegionsNetwork.regionNode[5].dtn.Src:A6,Dst:A2,ID:112232 -- check module destructor
undisposed object: (BundlePacket) RegionsNetwork.regionNode[5].dtn.Src:A6,Dst:A2,ID:112239 -- check module destructor
undisposed object: (BundlePacket) RegionsNetwork.regionNode[5].dtn.Src:A6,Dst:A2,ID:112248 -- check module destructor
undisposed object: (BundlePacket) RegionsNetwork.regionNode[5].dtn.Src:A6,Dst:A2,ID:112257 -- check module destructor
undisposed object: (BundlePacket) RegionsNetwork.regionNode[5].dtn.Src:A6,Dst:A2,ID:112266 -- check module destructor
undisposed object: (BundlePacket) RegionsNetwork.regionNode[5].dtn.Src:A6,Dst:A2,ID:112273 -- check module destructor
undisposed object: (BundlePacket) RegionsNetwork.regionNode[5].dtn.Src:A6,Dst:A2,ID:112282 -- check module destructor
undisposed object: (BundlePacket) RegionsNetwork.regionNode[5].dtn.Src:A6,Dst:A2,ID:112291 -- check module destructor
undisposed object: (BundlePacket) RegionsNetwork.regionNode[5].dtn.Src:A6,Dst:A2,ID:112300 -- check module destructor
undisposed object: (BundlePacket) RegionsNetwork.regionNode[5].dtn.Src:A6,Dst:A2,ID:112307 -- check module destructor
undisposed object: (BundlePacket) RegionsNetwork.regionNode[5].dtn.Src:A6,Dst:A2,ID:112316 -- check module destructor
undisposed object: (BundlePacket) RegionsNetwork.regionNode[5].dtn.Src:A6,Dst:A2,ID:112325 -- check module destructor
undisposed object: (BundlePacket) RegionsNetwork.regionNode[5].dtn.Src:A6,Dst:A2,ID:112334 -- check module destructor
undisposed object: (BundlePacket) RegionsNetwork.regionNode[5].dtn.Src:A6,Dst:A2,ID:112341 -- check module destructor
undisposed object: (BundlePacket) RegionsNetwork.regionNode[5].dtn.Src:A6,Dst:A2,ID:112350 -- check module destructor
undisposed object: (BundlePacket) RegionsNetwork.regionNode[5].dtn.Src:A6,Dst:A2,ID:112359 -- check module destructor
undisposed object: (BundlePacket) RegionsNetwork.regionNode[5].dtn.Src:A6,Dst:A2,ID:112368 -- check module destructor
undisposed object: (BundlePacket) RegionsNetwork.regionNode[5].dtn.Src:A6,Dst:A2,ID:112375 -- check module destructor
undisposed object: (BundlePacket) RegionsNetwork.regionNode[5].dtn.Src:A6,Dst:A2,ID:112384 -- check module destructor
undisposed object: (BundlePacket) RegionsNetwork.regionNode[5].dtn.Src:A6,Dst:A2,ID:112393 -- check module destructor
undisposed object: (BundlePacket) RegionsNetwork.regionNode[5].dtn.Src:A6,Dst:A2,ID:112402 -- check module destructor
undisposed object: (BundlePacket) RegionsNetwork.regionNode[5].dtn.Src:A6,Dst:A2,ID:112409 -- check module destructor
undisposed object: (BundlePacket) RegionsNetwork.regionNode[5].dtn.Src:A6,Dst:A2,ID:112418 -- check module destructor
undisposed object: (BundlePacket) RegionsNetwork.regionNode[5].dtn.Src:A6,Dst:A2,ID:112427 -- check module destructor
undisposed object: (BundlePacket) RegionsNetwork.regionNode[5].dtn.Src:A6,Dst:A2,ID:112436 -- check module destructor
undisposed object: (BundlePacket) RegionsNetwork.regionNode[5].dtn.Src:A6,Dst:A2,ID:112443 -- check module destructor
undisposed object: (BundlePacket) RegionsNetwork.regionNode[5].dtn.Src:A6,Dst:A2,ID:112452 -- check module destructor
undisposed object: (BundlePacket) RegionsNetwork.regionNode[5].dtn.Src:A6,Dst:A2,ID:112461 -- check module destructor
undisposed object: (BundlePacket) RegionsNetwork.regionNode[5].dtn.Src:A6,Dst:A2,ID:112470 -- check module destructor
undisposed object: (BundlePacket) RegionsNetwork.regionNode[5].dtn.Src:A6,Dst:A2,ID:112477 -- check module destructor
undisposed object: (BundlePacket) RegionsNetwork.regionNode[5].dtn.Src:A6,Dst:A2,ID:112486 -- check module destructor
