** Event #0   t=0   Elapsed: 0.000s (0m 00s)
     Speed:     ev/sec=0   simsec/sec=0   ev/simsec=0
     Messages:  created: 2522   present: 2522   in FES: 2522
** Event #4864   t=0   Elapsed: 2.105s (0m 02s)
     Speed:     ev/sec=2311.16   simsec/sec=0   ev/simsec=0
     Messages:  created: 5166   present: 5121   in FES: 2900
** Event #5632   t=2580   Elapsed: 10.818s (0m 10s)
     Speed:     ev/sec=88.1442   simsec/sec=296.109   ev/simsec=0.297674
     Messages:  created: 5238   present: 5063   in FES: 2432
** Event #13056   t=2693   Elapsed: 19.745s (0m 19s)
     Speed:     ev/sec=831.634   simsec/sec=12.6582   ev/simsec=65.6991
     Messages:  created: 6370   present: 4946   in FES: 2434
** Event #21504   t=2930   Elapsed: 22.726s (0m 22s)
     Speed:     ev/sec=2834.9   simsec/sec=79.5302   ev/simsec=35.6456
     Messages:  created: 7667   present: 4825   in FES: 2406
** Event #23808   t=3101   Elapsed: 27.858s (0m 27s)
     Speed:     ev/sec=449.035   simsec/sec=33.3268   ev/simsec=13.4737
     Messages:  created: 8025   present: 4829   in FES: 2424
** Event #29952   t=3183   Elapsed: 29.862s (0m 29s)
     Speed:     ev/sec=3065.87   simsec/sec=40.9182   ev/simsec=74.9268
     Messages:  created: 8981   present: 4745   in FES: 2420
** Event #32768   t=3217   Elapsed: 31.966s (0m 31s)
     Speed:     ev/sec=1338.4   simsec/sec=16.1597   ev/simsec=82.8235
     Messages:  created: 9422   present: 4707   in FES: 2416
** Event #36096   t=3260   Elapsed: 38.830s (0m 38s)
     Speed:     ev/sec=484.919   simsec/sec=6.26548   ev/simsec=77.3953
     Messages:  created: 9942   present: 4664   in FES: 2425
** Event #55552   t=3506   Elapsed: 41.173s (0m 41s)
     Speed:     ev/sec=8303.88   simsec/sec=104.994   ev/simsec=79.0894
     Messages:  created: 13022   present: 4417   in FES: 2428
** Event #57344   t=3526   Elapsed: 43.189s (0m 43s)
     Speed:     ev/sec=888.889   simsec/sec=9.92063   ev/simsec=89.6
     Messages:  created: 13310   present: 4388   in FES: 2405
** Event #74496   t=3739   Elapsed: 46.061s (0m 46s)
     Speed:     ev/sec=5972.14   simsec/sec=74.1643   ev/simsec=80.5258
     Messages:  created: 15996   present: 4184   in FES: 2409
** Event #79616   t=3795   Elapsed: 48.343s (0m 48s)
     Speed:     ev/sec=2243.65   simsec/sec=24.5399   ev/simsec=91.4286
     Messages:  created: 16795   present: 4125   in FES: 2414
** Event #91904   t=3944   Elapsed: 53.920s (0m 53s)
     Speed:     ev/sec=2203.73   simsec/sec=26.7217   ev/simsec=82.4698
     Messages:  created: 18690   present: 3965   in FES: 2401
** Event #92160   t=3947   Elapsed: 59.089s (0m 59s)
     Speed:     ev/sec=49.526   simsec/sec=0.580383   ev/simsec=85.3333
     Messages:  created: 18732   present: 3967   in FES: 2416
** Event #93440   t=3964   Elapsed: 67.443s (1m 07s)
     Speed:     ev/sec=153.238   simsec/sec=2.0352   ev/simsec=75.2941
     Messages:  created: 18933   present: 3943   in FES: 2406
** Event #99584   t=4048   Elapsed: 80.804s (1m 20s)
     Speed:     ev/sec=459.846   simsec/sec=6.28695   ev/simsec=73.1429
     Messages:  created: 19902   present: 3859   in FES: 2408
** Event #102656   t=4088   Elapsed: 83.180s (1m 23s)
     Speed:     ev/sec=1293.47   simsec/sec=16.8421   ev/simsec=76.8
     Messages:  created: 20387   present: 3850   in FES: 2393
** Event #113664   t=4249   Elapsed: 90.477s (1m 30s)
     Speed:     ev/sec=1508.57   simsec/sec=22.0639   ev/simsec=68.3727
     Messages:  created: 22113   present: 3840   in FES: 2391
** Event #121600   t=4370   Elapsed: 99.032s (1m 39s)
     Speed:     ev/sec=927.753   simsec/sec=14.1454   ev/simsec=65.5868
     Messages:  created: 23328   present: 3711   in FES: 2373
** Event #126720   t=4435   Elapsed: 106.644s (1m 46s)
     Speed:     ev/sec=672.622   simsec/sec=8.53915   ev/simsec=78.7692
     Messages:  created: 24098   present: 3642   in FES: 2365
** Event #131072   t=4548   Elapsed: 110.655s (1m 50s)
     Speed:     ev/sec=1085.29   simsec/sec=28.1796   ev/simsec=38.5133
     Messages:  created: 24727   present: 3524   in FES: 2353
** Event #135168   t=7792   Elapsed: 115.156s (1m 55s)
     Speed:     ev/sec=910.02   simsec/sec=720.729   ev/simsec=1.26264
     Messages:  created: 25392   present: 3172   in FES: 2278
** Event #135424   t=7796   Elapsed: 120.350s (2m 00s)
     Speed:     ev/sec=49.2971   simsec/sec=0.770268   ev/simsec=64
     Messages:  created: 25431   present: 3167   in FES: 2284
** Event #150272   t=8082   Elapsed: 122.646s (2m 02s)
     Speed:     ev/sec=6466.9   simsec/sec=124.564   ev/simsec=51.9161
     Messages:  created: 27682   present: 2944   in FES: 2267
** Event #153856   t=8318   Elapsed: 130.248s (2m 10s)
     Speed:     ev/sec=471.517   simsec/sec=31.0485   ev/simsec=15.1864
     Messages:  created: 28239   present: 2931   in FES: 2268
** Event #161536   t=8418   Elapsed: 132.252s (2m 12s)
     Speed:     ev/sec=3834.25   simsec/sec=49.9251   ev/simsec=76.8
     Messages:  created: 29438   present: 2831   in FES: 2274
** Event #164864   t=8460   Elapsed: 134.260s (2m 14s)
     Speed:     ev/sec=1657.37   simsec/sec=20.9163   ev/simsec=79.2381
     Messages:  created: 29959   present: 2789   in FES: 2282
** Event #165888   t=8473   Elapsed: 140.523s (2m 20s)
     Speed:     ev/sec=163.5   simsec/sec=2.07568   ev/simsec=78.7692
     Messages:  created: 30118   present: 2774   in FES: 2279
** Event #193024   t=8921   Elapsed: 142.532s (2m 22s)
     Speed:     ev/sec=13513.9   simsec/sec=223.108   ev/simsec=60.5714
     Messages:  created: 34370   present: 2313   in FES: 2251
** Event #197895   t=86400   Elapsed: 142.699s (2m 22s)
     Speed:     ev/sec=29161.7   simsec/sec=463946   ev/simsec=0.0628557
     Messages:  created: 35698   present: 0   in FES: 0

<!> No more events, simulation completed -- at t=86400s, event #197895
