** Event #0   t=0   Elapsed: 0.000s (0m 00s)
     Speed:     ev/sec=0   simsec/sec=0   ev/simsec=0
     Messages:  created: 2522   present: 2522   in FES: 2522
** Event #4864   t=0   Elapsed: 2.103s (0m 02s)
     Speed:     ev/sec=2313.36   simsec/sec=0   ev/simsec=0
     Messages:  created: 5166   present: 5121   in FES: 2900
** Event #5632   t=2580   Elapsed: 10.899s (0m 10s)
     Speed:     ev/sec=87.3124   simsec/sec=293.315   ev/simsec=0.297674
     Messages:  created: 5238   present: 5063   in FES: 2432
** Event #13056   t=2693   Elapsed: 19.812s (0m 19s)
     Speed:     ev/sec=832.941   simsec/sec=12.6781   ev/simsec=65.6991
     Messages:  created: 6370   present: 4946   in FES: 2434
** Event #21504   t=2930   Elapsed: 22.843s (0m 22s)
     Speed:     ev/sec=2788.12   simsec/sec=78.2178   ev/simsec=35.6456
     Messages:  created: 7667   present: 4825   in FES: 2406
** Event #23808   t=3101   Elapsed: 27.985s (0m 27s)
     Speed:     ev/sec=448.075   simsec/sec=33.2555   ev/simsec=13.4737
     Messages:  created: 8025   present: 4829   in FES: 2424
** Event #30208   t=3186   Elapsed: 30.006s (0m 30s)
     Speed:     ev/sec=3168.32   simsec/sec=42.0792   ev/simsec=75.2941
     Messages:  created: 9022   present: 4744   in FES: 2424
** Event #32768   t=3217   Elapsed: 32.063s (0m 32s)
     Speed:     ev/sec=1245.14   simsec/sec=15.0778   ev/simsec=82.5806
     Messages:  created: 9422   present: 4707   in FES: 2416
** Event #36096   t=3260   Elapsed: 38.995s (0m 38s)
     Speed:     ev/sec=480.092   simsec/sec=6.20312   ev/simsec=77.3953
     Messages:  created: 9942   present: 4664   in FES: 2425
** Event #55552   t=3506   Elapsed: 41.295s (0m 41s)
     Speed:     ev/sec=8462.81   simsec/sec=107.003   ev/simsec=79.0894
     Messages:  created: 13022   present: 4417   in FES: 2428
** Event #57344   t=3526   Elapsed: 43.313s (0m 43s)
     Speed:     ev/sec=888.448   simsec/sec=9.91572   ev/simsec=89.6
     Messages:  created: 13310   present: 4388   in FES: 2405
** Event #74496   t=3739   Elapsed: 46.311s (0m 46s)
     Speed:     ev/sec=5721.15   simsec/sec=71.0474   ev/simsec=80.5258
     Messages:  created: 15996   present: 4184   in FES: 2409
** Event #79616   t=3795   Elapsed: 48.537s (0m 48s)
     Speed:     ev/sec=2300.09   simsec/sec=25.1572   ev/simsec=91.4286
     Messages:  created: 16795   present: 4125   in FES: 2414
** Event #91904   t=3944   Elapsed: 54.178s (0m 54s)
     Speed:     ev/sec=2178.72   simsec/sec=26.4184   ev/simsec=82.4698
     Messages:  created: 18690   present: 3965   in FES: 2401
** Event #92160   t=3947   Elapsed: 59.255s (0m 59s)
     Speed:     ev/sec=50.4235   simsec/sec=0.5909   ev/simsec=85.3333
     Messages:  created: 18732   present: 3967   in FES: 2416
** Event #93440   t=3964   Elapsed: 67.566s (1m 07s)
     Speed:     ev/sec=154.013   simsec/sec=2.04548   ev/simsec=75.2941
     Messages:  created: 18933   present: 3943   in FES: 2406
** Event #99584   t=4048   Elapsed: 80.873s (1m 20s)
     Speed:     ev/sec=461.712   simsec/sec=6.31247   ev/simsec=73.1429
     Messages:  created: 19902   present: 3859   in FES: 2408
** Event #102656   t=4088   Elapsed: 83.244s (1m 23s)
     Speed:     ev/sec=1295.66   simsec/sec=16.8705   ev/simsec=76.8
     Messages:  created: 20387   present: 3850   in FES: 2393
** Event #113664   t=4249   Elapsed: 90.595s (1m 30s)
     Speed:     ev/sec=1497.69   simsec/sec=21.9048   ev/simsec=68.3727
     Messages:  created: 22113   present: 3840   in FES: 2391
** Event #121600   t=4370   Elapsed: 99.144s (1m 39s)
     Speed:     ev/sec=928.296   simsec/sec=14.1537   ev/simsec=65.5868
     Messages:  created: 23328   present: 3711   in FES: 2373
** Event #126720   t=4435   Elapsed: 106.700s (1m 46s)
     Speed:     ev/sec=677.697   simsec/sec=8.60357   ev/simsec=78.7692
     Messages:  created: 24098   present: 3642   in FES: 2365
** Event #131072   t=4548   Elapsed: 110.775s (1m 50s)
     Speed:     ev/sec=1068.24   simsec/sec=27.7369   ev/simsec=38.5133
     Messages:  created: 24727   present: 3524   in FES: 2353
** Event #135168   t=7792   Elapsed: 115.175s (1m 55s)
     Speed:     ev/sec=931.121   simsec/sec=737.44   ev/simsec=1.26264
     Messages:  created: 25392   present: 3172   in FES: 2278
** Event #135424   t=7796   Elapsed: 120.459s (2m 00s)
     Speed:     ev/sec=48.4481   simsec/sec=0.757002   ev/simsec=64
     Messages:  created: 25431   present: 3167   in FES: 2284
** Event #150272   t=8082   Elapsed: 122.743s (2m 02s)
     Speed:     ev/sec=6503.72   simsec/sec=125.274   ev/simsec=51.9161
     Messages:  created: 27682   present: 2944   in FES: 2267
** Event #153856   t=8318   Elapsed: 130.399s (2m 10s)
     Speed:     ev/sec=468.191   simsec/sec=30.8295   ev/simsec=15.1864
     Messages:  created: 28239   present: 2931   in FES: 2268
** Event #162048   t=8424   Elapsed: 132.418s (2m 12s)
     Speed:     ev/sec=4057.45   simsec/sec=52.5012   ev/simsec=77.283
     Messages:  created: 29520   present: 2829   in FES: 2285
** Event #165120   t=8463   Elapsed: 134.430s (2m 14s)
     Speed:     ev/sec=1527.6   simsec/sec=19.3933   ev/simsec=78.7692
     Messages:  created: 29998   present: 2788   in FES: 2279
** Event #165888   t=8473   Elapsed: 140.671s (2m 20s)
     Speed:     ev/sec=123.077   simsec/sec=1.60256   ev/simsec=76.8
     Messages:  created: 30118   present: 2774   in FES: 2279
** Event #192256   t=8908   Elapsed: 142.687s (2m 22s)
     Speed:     ev/sec=13085.9   simsec/sec=215.881   ev/simsec=60.6161
     Messages:  created: 34253   present: 2326   in FES: 2251
** Event #197895   t=86400   Elapsed: 142.906s (2m 22s)
     Speed:     ev/sec=25744.3   simsec/sec=353845   ev/simsec=0.0727559
     Messages:  created: 35698   present: 0   in FES: 0

<!> No more events, simulation completed -- at t=86400s, event #197895
