** Event #0   t=0   Elapsed: 0.000s (0m 00s)
     Speed:     ev/sec=0   simsec/sec=0   ev/simsec=0
     Messages:  created: 2522   present: 2522   in FES: 2522
** Event #4352   t=1825   Elapsed: 2.035s (0m 02s)
     Speed:     ev/sec=2139.07   simsec/sec=896.806   ev/simsec=2.38521
     Messages:  created: 4690   present: 4589   in FES: 2436
** Event #4608   t=2580   Elapsed: 10.542s (0m 10s)
     Speed:     ev/sec=30.0929   simsec/sec=88.7504   ev/simsec=0.339073
     Messages:  created: 4736   present: 4562   in FES: 2442
** Event #12032   t=2693   Elapsed: 19.427s (0m 19s)
     Speed:     ev/sec=835.66   simsec/sec=12.7195   ev/simsec=65.6991
     Messages:  created: 5867   present: 4444   in FES: 2434
** Event #20480   t=2928   Elapsed: 22.429s (0m 22s)
     Speed:     ev/sec=2815.06   simsec/sec=78.3072   ev/simsec=35.9489
     Messages:  created: 7163   present: 4325   in FES: 2406
** Event #22784   t=3101   Elapsed: 27.562s (0m 27s)
     Speed:     ev/sec=448.948   simsec/sec=33.7101   ev/simsec=13.3179
     Messages:  created: 7519   present: 4325   in FES: 2413
** Event #29184   t=3186   Elapsed: 29.568s (0m 29s)
     Speed:     ev/sec=3190.43   simsec/sec=42.3729   ev/simsec=75.2941
     Messages:  created: 8516   present: 4239   in FES: 2412
** Event #31744   t=3217   Elapsed: 31.631s (0m 31s)
     Speed:     ev/sec=1241.51   simsec/sec=15.0339   ev/simsec=82.5806
     Messages:  created: 8918   present: 4213   in FES: 2418
** Event #35072   t=3260   Elapsed: 38.583s (0m 38s)
     Speed:     ev/sec=478.711   simsec/sec=6.18527   ev/simsec=77.3953
     Messages:  created: 9436   present: 4158   in FES: 2410
** Event #54784   t=3509   Elapsed: 42.816s (0m 42s)
     Speed:     ev/sec=4657.84   simsec/sec=58.8374   ev/simsec=79.1647
     Messages:  created: 12556   present: 3904   in FES: 2405
** Event #73472   t=3738   Elapsed: 45.856s (0m 45s)
     Speed:     ev/sec=6147.37   simsec/sec=75.3289   ev/simsec=81.607
     Messages:  created: 15496   present: 3687   in FES: 2432
** Event #78848   t=3798   Elapsed: 48.108s (0m 48s)
     Speed:     ev/sec=2387.21   simsec/sec=26.643   ev/simsec=89.6
     Messages:  created: 16332   present: 3620   in FES: 2421
** Event #91136   t=3947   Elapsed: 58.719s (0m 58s)
     Speed:     ev/sec=1158.04   simsec/sec=14.042   ev/simsec=82.4698
     Messages:  created: 18226   present: 3462   in FES: 2403
** Event #92416   t=3964   Elapsed: 66.958s (1m 06s)
     Speed:     ev/sec=155.359   simsec/sec=2.06336   ev/simsec=75.2941
     Messages:  created: 18427   present: 3438   in FES: 2393
** Event #98560   t=4048   Elapsed: 80.229s (1m 20s)
     Speed:     ev/sec=462.999   simsec/sec=6.33007   ev/simsec=73.1429
     Messages:  created: 19396   present: 3353   in FES: 2395
** Event #101632   t=4088   Elapsed: 82.616s (1m 22s)
     Speed:     ev/sec=1286.97   simsec/sec=16.7574   ev/simsec=76.8
     Messages:  created: 19882   present: 3351   in FES: 2386
** Event #112640   t=4249   Elapsed: 89.933s (1m 29s)
     Speed:     ev/sec=1504.44   simsec/sec=22.0036   ev/simsec=68.3727
     Messages:  created: 21608   present: 3336   in FES: 2377
** Event #120576   t=4369   Elapsed: 98.533s (1m 38s)
     Speed:     ev/sec=922.898   simsec/sec=13.9551   ev/simsec=66.1333
     Messages:  created: 22826   present: 3221   in FES: 2385
** Event #125696   t=4434   Elapsed: 106.092s (1m 46s)
     Speed:     ev/sec=677.428   simsec/sec=8.60016   ev/simsec=78.7692
     Messages:  created: 23598   present: 3151   in FES: 2389
** Event #130048   t=4547   Elapsed: 110.139s (1m 50s)
     Speed:     ev/sec=1075.36   simsec/sec=27.9219   ev/simsec=38.5133
     Messages:  created: 24224   present: 3025   in FES: 2353
** Event #134400   t=7796   Elapsed: 119.756s (1m 59s)
     Speed:     ev/sec=452.579   simsec/sec=337.874   ev/simsec=1.33949
     Messages:  created: 24927   present: 2671   in FES: 2284
** Event #149504   t=8108   Elapsed: 122.081s (2m 02s)
     Speed:     ev/sec=6496.34   simsec/sec=134.194   ev/simsec=48.4103
     Messages:  created: 27216   present: 2442   in FES: 2263
** Event #149760   t=8315   Elapsed: 124.246s (2m 04s)
     Speed:     ev/sec=118.245   simsec/sec=95.612   ev/simsec=1.23671
     Messages:  created: 27254   present: 2433   in FES: 2261
** Event #150016   t=8319   Elapsed: 128.398s (2m 08s)
     Speed:     ev/sec=61.657   simsec/sec=0.963391   ev/simsec=64
     Messages:  created: 27295   present: 2433   in FES: 2275
** Event #160762   t=86400   Elapsed: 128.983s (2m 08s)
     Speed:     ev/sec=18399   simsec/sec=133700   ev/simsec=0.137614
     Messages:  created: 29542   present: 0   in FES: 0

<!> No more events, simulation completed -- at t=86400s, event #160762
