** Event #0   t=0   Elapsed: 0.000s (0m 00s)
     Speed:     ev/sec=0   simsec/sec=0   ev/simsec=0
     Messages:  created: 2522   present: 2522   in FES: 2522
** Event #4864   t=0   Elapsed: 2.104s (0m 02s)
     Speed:     ev/sec=2312.26   simsec/sec=0   ev/simsec=0
     Messages:  created: 5166   present: 5121   in FES: 2900
** Event #5632   t=2580   Elapsed: 10.751s (0m 10s)
     Speed:     ev/sec=88.8169   simsec/sec=298.369   ev/simsec=0.297674
     Messages:  created: 5238   present: 5063   in FES: 2432
** Event #13056   t=2693   Elapsed: 19.611s (0m 19s)
     Speed:     ev/sec=838.018   simsec/sec=12.7554   ev/simsec=65.6991
     Messages:  created: 6370   present: 4946   in FES: 2434
** Event #21504   t=2930   Elapsed: 22.694s (0m 22s)
     Speed:     ev/sec=2740.19   simsec/sec=76.8732   ev/simsec=35.6456
     Messages:  created: 7667   present: 4825   in FES: 2406
** Event #23808   t=3101   Elapsed: 27.905s (0m 27s)
     Speed:     ev/sec=442.226   simsec/sec=32.8215   ev/simsec=13.4737
     Messages:  created: 8025   present: 4829   in FES: 2424
** Event #30208   t=3186   Elapsed: 29.905s (0m 29s)
     Speed:     ev/sec=3200   simsec/sec=42.5   ev/simsec=75.2941
     Messages:  created: 9022   present: 4744   in FES: 2424
** Event #32768   t=3217   Elapsed: 32.000s (0m 32s)
     Speed:     ev/sec=1222.54   simsec/sec=14.8042   ev/simsec=82.5806
     Messages:  created: 9422   present: 4707   in FES: 2416
** Event #36096   t=3260   Elapsed: 38.837s (0m 38s)
     Speed:     ev/sec=486.763   simsec/sec=6.28931   ev/simsec=77.3953
     Messages:  created: 9942   present: 4664   in FES: 2425
** Event #55296   t=3503   Elapsed: 40.853s (0m 40s)
     Speed:     ev/sec=9528.54   simsec/sec=120.596   ev/simsec=79.0123
     Messages:  created: 12982   present: 4426   in FES: 2430
** Event #55808   t=3509   Elapsed: 43.025s (0m 43s)
     Speed:     ev/sec=235.727   simsec/sec=2.76243   ev/simsec=85.3333
     Messages:  created: 13062   present: 4410   in FES: 2418
** Event #74496   t=3739   Elapsed: 46.027s (0m 46s)
     Speed:     ev/sec=6227.26   simsec/sec=76.6411   ev/simsec=81.2522
     Messages:  created: 15996   present: 4184   in FES: 2409
** Event #79616   t=3795   Elapsed: 48.267s (0m 48s)
     Speed:     ev/sec=2285.71   simsec/sec=25   ev/simsec=91.4286
     Messages:  created: 16795   present: 4125   in FES: 2414
** Event #91904   t=3944   Elapsed: 53.815s (0m 53s)
     Speed:     ev/sec=2215.25   simsec/sec=26.8614   ev/simsec=82.4698
     Messages:  created: 18690   present: 3965   in FES: 2401
** Event #92160   t=3947   Elapsed: 58.983s (0m 58s)
     Speed:     ev/sec=49.5356   simsec/sec=0.580495   ev/simsec=85.3333
     Messages:  created: 18732   present: 3967   in FES: 2416
** Event #93440   t=3964   Elapsed: 67.322s (1m 07s)
     Speed:     ev/sec=153.514   simsec/sec=2.03886   ev/simsec=75.2941
     Messages:  created: 18933   present: 3943   in FES: 2406
** Event #99584   t=4048   Elapsed: 80.597s (1m 20s)
     Speed:     ev/sec=462.825   simsec/sec=6.32768   ev/simsec=73.1429
     Messages:  created: 19902   present: 3859   in FES: 2408
** Event #102656   t=4088   Elapsed: 82.966s (1m 22s)
     Speed:     ev/sec=1297.3   simsec/sec=16.8919   ev/simsec=76.8
     Messages:  created: 20387   present: 3850   in FES: 2393
** Event #113664   t=4249   Elapsed: 90.259s (1m 30s)
     Speed:     ev/sec=1509.6   simsec/sec=22.079   ev/simsec=68.3727
     Messages:  created: 22113   present: 3840   in FES: 2391
** Event #121600   t=4370   Elapsed: 98.803s (1m 38s)
     Speed:     ev/sec=928.839   simsec/sec=14.162   ev/simsec=65.5868
     Messages:  created: 23328   present: 3711   in FES: 2373
** Event #126720   t=4435   Elapsed: 106.479s (1m 46s)
     Speed:     ev/sec=667.101   simsec/sec=8.46906   ev/simsec=78.7692
     Messages:  created: 24098   present: 3642   in FES: 2365
** Event #131072   t=4548   Elapsed: 110.486s (1m 50s)
     Speed:     ev/sec=1086.1   simsec/sec=28.2006   ev/simsec=38.5133
     Messages:  created: 24727   present: 3524   in FES: 2353
** Event #135168   t=7792   Elapsed: 114.918s (1m 54s)
     Speed:     ev/sec=924.396   simsec/sec=732.115   ev/simsec=1.26264
     Messages:  created: 25392   present: 3172   in FES: 2278
** Event #135424   t=7796   Elapsed: 120.107s (2m 00s)
     Speed:     ev/sec=49.3446   simsec/sec=0.77101   ev/simsec=64
     Messages:  created: 25431   present: 3167   in FES: 2284
** Event #150272   t=8082   Elapsed: 122.401s (2m 02s)
     Speed:     ev/sec=6475.36   simsec/sec=124.727   ev/simsec=51.9161
     Messages:  created: 27682   present: 2944   in FES: 2267
** Event #153856   t=8318   Elapsed: 130.025s (2m 10s)
     Speed:     ev/sec=470.094   simsec/sec=30.9549   ev/simsec=15.1864
     Messages:  created: 28239   present: 2931   in FES: 2268
** Event #162048   t=8424   Elapsed: 132.032s (2m 12s)
     Speed:     ev/sec=4081.71   simsec/sec=52.8151   ev/simsec=77.283
     Messages:  created: 29520   present: 2829   in FES: 2285
** Event #165632   t=8470   Elapsed: 134.036s (2m 14s)
     Speed:     ev/sec=1789.32   simsec/sec=22.9656   ev/simsec=77.913
     Messages:  created: 30078   present: 2778   in FES: 2279
** Event #165888   t=8473   Elapsed: 140.287s (2m 20s)
     Speed:     ev/sec=40.96   simsec/sec=0.48   ev/simsec=85.3333
     Messages:  created: 30118   present: 2774   in FES: 2279
** Event #193024   t=8921   Elapsed: 142.295s (2m 22s)
     Speed:     ev/sec=13513.9   simsec/sec=223.108   ev/simsec=60.5714
     Messages:  created: 34370   present: 2313   in FES: 2251
** Event #197895   t=86400   Elapsed: 142.461s (2m 22s)
     Speed:     ev/sec=29337.3   simsec/sec=466741   ev/simsec=0.0628557
     Messages:  created: 35698   present: 0   in FES: 0

<!> No more events, simulation completed -- at t=86400s, event #197895
