** Event #0   t=0   Elapsed: 0.000s (0m 00s)
     Speed:     ev/sec=0   simsec/sec=0   ev/simsec=0
     Messages:  created: 2522   present: 2522   in FES: 2522
** Event #2560   t=2579   Elapsed: 9.846s (0m 09s)
     Speed:     ev/sec=260.106   simsec/sec=261.934   ev/simsec=0.993021
     Messages:  created: 3728   present: 3564   in FES: 2439
** Event #9984   t=2692   Elapsed: 18.722s (0m 18s)
     Speed:     ev/sec=836.413   simsec/sec=12.731   ev/simsec=65.6991
     Messages:  created: 4860   present: 3447   in FES: 2441
** Event #18688   t=2944   Elapsed: 21.718s (0m 21s)
     Speed:     ev/sec=2906.18   simsec/sec=84.1402   ev/simsec=34.5397
     Messages:  created: 6195   present: 3325   in FES: 2406
** Event #20992   t=3104   Elapsed: 26.833s (0m 26s)
     Speed:     ev/sec=450.44   simsec/sec=31.2805   ev/simsec=14.4
     Messages:  created: 6552   present: 3327   in FES: 2418
** Event #27392   t=3188   Elapsed: 28.846s (0m 28s)
     Speed:     ev/sec=3180.91   simsec/sec=41.7495   ev/simsec=76.1905
     Messages:  created: 7553   present: 3247   in FES: 2438
** Event #29952   t=3219   Elapsed: 30.888s (0m 30s)
     Speed:     ev/sec=1253.67   simsec/sec=15.1812   ev/simsec=82.5806
     Messages:  created: 7953   present: 3211   in FES: 2433
** Event #33024   t=3259   Elapsed: 37.743s (0m 37s)
     Speed:     ev/sec=448.14   simsec/sec=5.83516   ev/simsec=76.8
     Messages:  created: 8431   present: 3166   in FES: 2427
** Event #52480   t=3507   Elapsed: 41.492s (0m 41s)
     Speed:     ev/sec=5189.65   simsec/sec=66.151   ev/simsec=78.4516
     Messages:  created: 11507   present: 2917   in FES: 2413
** Event #78336   t=3928   Elapsed: 43.499s (0m 43s)
     Speed:     ev/sec=12882.9   simsec/sec=209.766   ev/simsec=61.4157
     Messages:  created: 15513   present: 2481   in FES: 2389
** Event #79104   t=3944   Elapsed: 49.421s (0m 49s)
     Speed:     ev/sec=129.708   simsec/sec=2.70225   ev/simsec=48
     Messages:  created: 15631   present: 2466   in FES: 2398
** Event #80128   t=3967   Elapsed: 53.993s (0m 53s)
     Speed:     ev/sec=223.972   simsec/sec=5.03062   ev/simsec=44.5217
     Messages:  created: 15791   present: 2437   in FES: 2390
** Event #84199   t=86400   Elapsed: 54.097s (0m 54s)
     Speed:     ev/sec=39514.6   simsec/sec=800320   ev/simsec=0.0493734
     Messages:  created: 17035   present: 0   in FES: 0

<!> No more events, simulation completed -- at t=86400s, event #84199
