** Event #0   t=0   Elapsed: 0.000s (0m 00s)
     Speed:     ev/sec=0   simsec/sec=0   ev/simsec=0
     Messages:  created: 2522   present: 2522   in FES: 2522
** Event #4352   t=1825   Elapsed: 2.052s (0m 02s)
     Speed:     ev/sec=2121.35   simsec/sec=889.376   ev/simsec=2.38521
     Messages:  created: 4690   present: 4589   in FES: 2436
** Event #4608   t=2580   Elapsed: 10.548s (0m 10s)
     Speed:     ev/sec=30.1354   simsec/sec=88.8758   ev/simsec=0.339073
     Messages:  created: 4736   present: 4562   in FES: 2442
** Event #12032   t=2693   Elapsed: 19.434s (0m 19s)
     Speed:     ev/sec=835.566   simsec/sec=12.7181   ev/simsec=65.6991
     Messages:  created: 5867   present: 4444   in FES: 2434
** Event #20480   t=2928   Elapsed: 22.419s (0m 22s)
     Speed:     ev/sec=2830.15   simsec/sec=78.727   ev/simsec=35.9489
     Messages:  created: 7163   present: 4325   in FES: 2406
** Event #22784   t=3101   Elapsed: 27.565s (0m 27s)
     Speed:     ev/sec=447.726   simsec/sec=33.6183   ev/simsec=13.3179
     Messages:  created: 7519   present: 4325   in FES: 2413
** Event #29440   t=3189   Elapsed: 29.571s (0m 29s)
     Speed:     ev/sec=3318.05   simsec/sec=43.8684   ev/simsec=75.6364
     Messages:  created: 8557   present: 4237   in FES: 2416
** Event #31744   t=3217   Elapsed: 31.589s (0m 31s)
     Speed:     ev/sec=1142.29   simsec/sec=13.882   ev/simsec=82.2857
     Messages:  created: 8918   present: 4213   in FES: 2418
** Event #35072   t=3260   Elapsed: 38.407s (0m 38s)
     Speed:     ev/sec=488.191   simsec/sec=6.30776   ev/simsec=77.3953
     Messages:  created: 9436   present: 4158   in FES: 2410
** Event #54784   t=3509   Elapsed: 42.589s (0m 42s)
     Speed:     ev/sec=4713.53   simsec/sec=59.5409   ev/simsec=79.1647
     Messages:  created: 12556   present: 3904   in FES: 2405
** Event #73472   t=3738   Elapsed: 45.595s (0m 45s)
     Speed:     ev/sec=6218.97   simsec/sec=76.2063   ev/simsec=81.607
     Messages:  created: 15496   present: 3687   in FES: 2432
** Event #78848   t=3798   Elapsed: 47.849s (0m 47s)
     Speed:     ev/sec=2386.15   simsec/sec=26.6312   ev/simsec=89.6
     Messages:  created: 16332   present: 3620   in FES: 2421
** Event #91136   t=3947   Elapsed: 58.671s (0m 58s)
     Speed:     ev/sec=1135.46   simsec/sec=13.7682   ev/simsec=82.4698
     Messages:  created: 18226   present: 3462   in FES: 2403
** Event #92416   t=3964   Elapsed: 66.970s (1m 06s)
     Speed:     ev/sec=154.235   simsec/sec=2.04844   ev/simsec=75.2941
     Messages:  created: 18427   present: 3438   in FES: 2393
** Event #98560   t=4048   Elapsed: 80.316s (1m 20s)
     Speed:     ev/sec=460.397   simsec/sec=6.29449   ev/simsec=73.1429
     Messages:  created: 19396   present: 3353   in FES: 2395
** Event #101632   t=4088   Elapsed: 82.775s (1m 22s)
     Speed:     ev/sec=1249.29   simsec/sec=16.2668   ev/simsec=76.8
     Messages:  created: 19882   present: 3351   in FES: 2386
** Event #112640   t=4249   Elapsed: 90.101s (1m 30s)
     Speed:     ev/sec=1502.8   simsec/sec=21.9795   ev/simsec=68.3727
     Messages:  created: 21608   present: 3336   in FES: 2377
** Event #120576   t=4369   Elapsed: 98.705s (1m 38s)
     Speed:     ev/sec=922.469   simsec/sec=13.9486   ev/simsec=66.1333
     Messages:  created: 22826   present: 3221   in FES: 2385
** Event #125696   t=4434   Elapsed: 106.283s (1m 46s)
     Speed:     ev/sec=675.729   simsec/sec=8.57859   ev/simsec=78.7692
     Messages:  created: 23598   present: 3151   in FES: 2389
** Event #130048   t=4547   Elapsed: 110.325s (1m 50s)
     Speed:     ev/sec=1076.96   simsec/sec=27.9634   ev/simsec=38.5133
     Messages:  created: 24224   present: 3025   in FES: 2353
** Event #134400   t=7796   Elapsed: 119.902s (1m 59s)
     Speed:     ev/sec=454.422   simsec/sec=339.25   ev/simsec=1.33949
     Messages:  created: 24927   present: 2671   in FES: 2284
** Event #149504   t=8108   Elapsed: 122.189s (2m 02s)
     Speed:     ev/sec=6604.29   simsec/sec=136.423   ev/simsec=48.4103
     Messages:  created: 27216   present: 2442   in FES: 2263
** Event #149760   t=8315   Elapsed: 124.348s (2m 04s)
     Speed:     ev/sec=118.573   simsec/sec=95.8777   ev/simsec=1.23671
     Messages:  created: 27254   present: 2433   in FES: 2261
** Event #150016   t=8319   Elapsed: 128.484s (2m 08s)
     Speed:     ev/sec=61.8956   simsec/sec=0.967118   ev/simsec=64
     Messages:  created: 27295   present: 2433   in FES: 2275
** Event #160762   t=86400   Elapsed: 129.068s (2m 09s)
     Speed:     ev/sec=18399   simsec/sec=133700   ev/simsec=0.137614
     Messages:  created: 29542   present: 0   in FES: 0

<!> No more events, simulation completed -- at t=86400s, event #160762
