** Event #0   t=0   Elapsed: 0.000s (0m 00s)
     Speed:     ev/sec=0   simsec/sec=0   ev/simsec=0
     Messages:  created: 2522   present: 2522   in FES: 2522
** Event #4864   t=0   Elapsed: 2.089s (0m 02s)
     Speed:     ev/sec=2328.87   simsec/sec=0   ev/simsec=0
     Messages:  created: 5166   present: 5121   in FES: 2900
** Event #5632   t=2580   Elapsed: 10.755s (0m 10s)
     Speed:     ev/sec=88.6324   simsec/sec=297.75   ev/simsec=0.297674
     Messages:  created: 5238   present: 5063   in FES: 2432
** Event #13056   t=2693   Elapsed: 19.649s (0m 19s)
     Speed:     ev/sec=834.814   simsec/sec=12.7066   ev/simsec=65.6991
     Messages:  created: 6370   present: 4946   in FES: 2434
** Event #21504   t=2930   Elapsed: 22.628s (0m 22s)
     Speed:     ev/sec=2835.85   simsec/sec=79.5569   ev/simsec=35.6456
     Messages:  created: 7667   present: 4825   in FES: 2406
** Event #23808   t=3101   Elapsed: 27.818s (0m 27s)
     Speed:     ev/sec=443.931   simsec/sec=32.948   ev/simsec=13.4737
     Messages:  created: 8025   present: 4829   in FES: 2424
** Event #30208   t=3186   Elapsed: 29.835s (0m 29s)
     Speed:     ev/sec=3174.6   simsec/sec=42.1627   ev/simsec=75.2941
     Messages:  created: 9022   present: 4744   in FES: 2424
** Event #32768   t=3217   Elapsed: 31.907s (0m 31s)
     Speed:     ev/sec=1236.12   simsec/sec=14.9686   ev/simsec=82.5806
     Messages:  created: 9422   present: 4707   in FES: 2416
** Event #36096   t=3260   Elapsed: 38.774s (0m 38s)
     Speed:     ev/sec=484.637   simsec/sec=6.26183   ev/simsec=77.3953
     Messages:  created: 9942   present: 4664   in FES: 2425
** Event #55552   t=3506   Elapsed: 41.070s (0m 41s)
     Speed:     ev/sec=8477.56   simsec/sec=107.19   ev/simsec=79.0894
     Messages:  created: 13022   present: 4417   in FES: 2428
** Event #57344   t=3526   Elapsed: 43.072s (0m 43s)
     Speed:     ev/sec=895.105   simsec/sec=9.99001   ev/simsec=89.6
     Messages:  created: 13310   present: 4388   in FES: 2405
** Event #74496   t=3739   Elapsed: 45.953s (0m 45s)
     Speed:     ev/sec=5955.56   simsec/sec=73.9583   ev/simsec=80.5258
     Messages:  created: 15996   present: 4184   in FES: 2409
** Event #79616   t=3795   Elapsed: 48.180s (0m 48s)
     Speed:     ev/sec=2299.06   simsec/sec=25.1459   ev/simsec=91.4286
     Messages:  created: 16795   present: 4125   in FES: 2414
** Event #91904   t=3944   Elapsed: 53.745s (0m 53s)
     Speed:     ev/sec=2208.48   simsec/sec=26.7793   ev/simsec=82.4698
     Messages:  created: 18690   present: 3965   in FES: 2401
** Event #92160   t=3947   Elapsed: 58.847s (0m 58s)
     Speed:     ev/sec=50.1764   simsec/sec=0.588005   ev/simsec=85.3333
     Messages:  created: 18732   present: 3967   in FES: 2416
** Event #93440   t=3964   Elapsed: 67.177s (1m 07s)
     Speed:     ev/sec=153.661   simsec/sec=2.04082   ev/simsec=75.2941
     Messages:  created: 18933   present: 3943   in FES: 2406
** Event #99584   t=4048   Elapsed: 80.519s (1m 20s)
     Speed:     ev/sec=460.501   simsec/sec=6.29591   ev/simsec=73.1429
     Messages:  created: 19902   present: 3859   in FES: 2408
** Event #102656   t=4088   Elapsed: 82.896s (1m 22s)
     Speed:     ev/sec=1292.93   simsec/sec=16.835   ev/simsec=76.8
     Messages:  created: 20387   present: 3850   in FES: 2393
** Event #113664   t=4249   Elapsed: 90.290s (1m 30s)
     Speed:     ev/sec=1488.77   simsec/sec=21.7744   ev/simsec=68.3727
     Messages:  created: 22113   present: 3840   in FES: 2391
** Event #121600   t=4370   Elapsed: 98.915s (1m 38s)
     Speed:     ev/sec=920.223   simsec/sec=14.0306   ev/simsec=65.5868
     Messages:  created: 23328   present: 3711   in FES: 2373
** Event #126720   t=4435   Elapsed: 106.531s (1m 46s)
     Speed:     ev/sec=672.357   simsec/sec=8.53578   ev/simsec=78.7692
     Messages:  created: 24098   present: 3642   in FES: 2365
** Event #131072   t=4548   Elapsed: 110.556s (1m 50s)
     Speed:     ev/sec=1081.24   simsec/sec=28.0745   ev/simsec=38.5133
     Messages:  created: 24727   present: 3524   in FES: 2353
** Event #135168   t=7792   Elapsed: 114.982s (1m 54s)
     Speed:     ev/sec=925.441   simsec/sec=732.942   ev/simsec=1.26264
     Messages:  created: 25392   present: 3172   in FES: 2278
** Event #135424   t=7796   Elapsed: 120.218s (2m 00s)
     Speed:     ev/sec=48.9016   simsec/sec=0.764088   ev/simsec=64
     Messages:  created: 25431   present: 3167   in FES: 2284
** Event #150272   t=8082   Elapsed: 122.480s (2m 02s)
     Speed:     ev/sec=6564.1   simsec/sec=126.437   ev/simsec=51.9161
     Messages:  created: 27682   present: 2944   in FES: 2267
** Event #153856   t=8318   Elapsed: 130.108s (2m 10s)
     Speed:     ev/sec=469.91   simsec/sec=30.9427   ev/simsec=15.1864
     Messages:  created: 28239   present: 2931   in FES: 2268
** Event #161792   t=8421   Elapsed: 132.124s (2m 12s)
     Speed:     ev/sec=3936.51   simsec/sec=51.0913   ev/simsec=77.0485
     Messages:  created: 29479   present: 2830   in FES: 2278
** Event #164352   t=8453   Elapsed: 134.127s (2m 14s)
     Speed:     ev/sec=1278.08   simsec/sec=15.976   ev/simsec=80
     Messages:  created: 29878   present: 2798   in FES: 2277
** Event #165888   t=8473   Elapsed: 140.434s (2m 20s)
     Speed:     ev/sec=243.578   simsec/sec=3.17158   ev/simsec=76.8
     Messages:  created: 30118   present: 2774   in FES: 2279
** Event #192512   t=8912   Elapsed: 142.444s (2m 22s)
     Speed:     ev/sec=13245.8   simsec/sec=218.408   ev/simsec=60.6469
     Messages:  created: 34294   present: 2327   in FES: 2265
** Event #197895   t=86400   Elapsed: 142.645s (2m 22s)
     Speed:     ev/sec=26910   simsec/sec=387440   ev/simsec=0.0694559
     Messages:  created: 35698   present: 0   in FES: 0

<!> No more events, simulation completed -- at t=86400s, event #197895
