** Event #0   t=0   Elapsed: 0.000s (0m 00s)
     Speed:     ev/sec=0   simsec/sec=0   ev/simsec=0
     Messages:  created: 2522   present: 2522   in FES: 2522
** Event #1536   t=2579   Elapsed: 9.556s (0m 09s)
     Speed:     ev/sec=160.841   simsec/sec=269.883   ev/simsec=0.595967
     Messages:  created: 3224   present: 3061   in FES: 2436
** Event #8960   t=2692   Elapsed: 12.945s (0m 12s)
     Speed:     ev/sec=2190.62   simsec/sec=33.3432   ev/simsec=65.6991
     Messages:  created: 4355   present: 2943   in FES: 2428
** Event #9216   t=2696   Elapsed: 18.511s (0m 18s)
     Speed:     ev/sec=45.9935   simsec/sec=0.718649   ev/simsec=64
     Messages:  created: 4394   present: 2938   in FES: 2426
** Event #17664   t=2942   Elapsed: 21.503s (0m 21s)
     Speed:     ev/sec=2824.47   simsec/sec=82.2467   ev/simsec=34.3415
     Messages:  created: 5692   present: 2826   in FES: 2409
** Event #19968   t=3103   Elapsed: 26.666s (0m 26s)
     Speed:     ev/sec=446.339   simsec/sec=31.1895   ev/simsec=14.3106
     Messages:  created: 6051   present: 2831   in FES: 2436
** Event #29184   t=3259   Elapsed: 33.988s (0m 33s)
     Speed:     ev/sec=1258.67   simsec/sec=21.3057   ev/simsec=59.0769
     Messages:  created: 7479   present: 2659   in FES: 2407
** Event #45299   t=86400   Elapsed: 35.006s (0m 35s)
     Speed:     ev/sec=15829.1   simsec/sec=81670.9   ev/simsec=0.193815
     Messages:  created: 10633   present: 0   in FES: 0

<!> No more events, simulation completed -- at t=86400s, event #45299
