** Event #0   t=0   Elapsed: 0.000s (0m 00s)
     Speed:     ev/sec=0   simsec/sec=0   ev/simsec=0
     Messages:  created: 2522   present: 2522   in FES: 2522
** Event #4608   t=0   Elapsed: 2.053s (0m 02s)
     Speed:     ev/sec=2245.01   simsec/sec=0   ev/simsec=0
     Messages:  created: 5166   present: 5121   in FES: 3156
** Event #5632   t=2580   Elapsed: 10.906s (0m 10s)
     Speed:     ev/sec=115.68   simsec/sec=291.46   ev/simsec=0.396899
     Messages:  created: 5238   present: 5063   in FES: 2432
** Event #13056   t=2693   Elapsed: 19.844s (0m 19s)
     Speed:     ev/sec=830.611   simsec/sec=12.6426   ev/simsec=65.6991
     Messages:  created: 6370   present: 4946   in FES: 2434
** Event #21504   t=2930   Elapsed: 22.855s (0m 22s)
     Speed:     ev/sec=2806.64   simsec/sec=78.7375   ev/simsec=35.6456
     Messages:  created: 7667   present: 4825   in FES: 2406
** Event #23808   t=3101   Elapsed: 27.979s (0m 27s)
     Speed:     ev/sec=449.649   simsec/sec=33.3724   ev/simsec=13.4737
     Messages:  created: 8025   present: 4829   in FES: 2424
** Event #30208   t=3186   Elapsed: 29.981s (0m 29s)
     Speed:     ev/sec=3198.4   simsec/sec=42.4788   ev/simsec=75.2941
     Messages:  created: 9022   present: 4744   in FES: 2424
** Event #32768   t=3217   Elapsed: 32.038s (0m 32s)
     Speed:     ev/sec=1244.53   simsec/sec=15.0705   ev/simsec=82.5806
     Messages:  created: 9422   present: 4707   in FES: 2416
** Event #36096   t=3260   Elapsed: 38.934s (0m 38s)
     Speed:     ev/sec=482.669   simsec/sec=6.2364   ev/simsec=77.3953
     Messages:  created: 9942   present: 4664   in FES: 2425
** Event #55552   t=3506   Elapsed: 41.241s (0m 41s)
     Speed:     ev/sec=8437.12   simsec/sec=106.678   ev/simsec=79.0894
     Messages:  created: 13022   present: 4417   in FES: 2428
** Event #57088   t=3523   Elapsed: 43.247s (0m 43s)
     Speed:     ev/sec=765.703   simsec/sec=8.47458   ev/simsec=90.3529
     Messages:  created: 13270   present: 4394   in FES: 2414
** Event #74496   t=3739   Elapsed: 46.147s (0m 46s)
     Speed:     ev/sec=6002.76   simsec/sec=74.4828   ev/simsec=80.5926
     Messages:  created: 15996   present: 4184   in FES: 2409
** Event #79616   t=3795   Elapsed: 48.379s (0m 48s)
     Speed:     ev/sec=2294.94   simsec/sec=25.1009   ev/simsec=91.4286
     Messages:  created: 16795   present: 4125   in FES: 2414
** Event #91904   t=3944   Elapsed: 53.960s (0m 53s)
     Speed:     ev/sec=2201.76   simsec/sec=26.6977   ev/simsec=82.4698
     Messages:  created: 18690   present: 3965   in FES: 2401
** Event #92160   t=3947   Elapsed: 59.198s (0m 59s)
     Speed:     ev/sec=48.8829   simsec/sec=0.572847   ev/simsec=85.3333
     Messages:  created: 18732   present: 3967   in FES: 2416
** Event #93440   t=3964   Elapsed: 67.455s (1m 07s)
     Speed:     ev/sec=155.02   simsec/sec=2.05886   ev/simsec=75.2941
     Messages:  created: 18933   present: 3943   in FES: 2406
** Event #99584   t=4048   Elapsed: 80.790s (1m 20s)
     Speed:     ev/sec=460.777   simsec/sec=6.29969   ev/simsec=73.1429
     Messages:  created: 19902   present: 3859   in FES: 2408
** Event #102656   t=4088   Elapsed: 83.225s (1m 23s)
     Speed:     ev/sec=1262.12   simsec/sec=16.4339   ev/simsec=76.8
     Messages:  created: 20387   present: 3850   in FES: 2393
** Event #113664   t=4249   Elapsed: 90.525s (1m 30s)
     Speed:     ev/sec=1508.15   simsec/sec=22.0578   ev/simsec=68.3727
     Messages:  created: 22113   present: 3840   in FES: 2391
** Event #121600   t=4370   Elapsed: 99.153s (1m 39s)
     Speed:     ev/sec=919.903   simsec/sec=14.0257   ev/simsec=65.5868
     Messages:  created: 23328   present: 3711   in FES: 2373
** Event #126720   t=4435   Elapsed: 106.705s (1m 46s)
     Speed:     ev/sec=678.056   simsec/sec=8.60813   ev/simsec=78.7692
     Messages:  created: 24098   present: 3642   in FES: 2365
** Event #131072   t=4548   Elapsed: 110.776s (1m 50s)
     Speed:     ev/sec=1069.02   simsec/sec=27.7573   ev/simsec=38.5133
     Messages:  created: 24727   present: 3524   in FES: 2353
** Event #135168   t=7792   Elapsed: 115.161s (1m 55s)
     Speed:     ev/sec=934.307   simsec/sec=739.964   ev/simsec=1.26264
     Messages:  created: 25392   present: 3172   in FES: 2278
** Event #135424   t=7796   Elapsed: 120.333s (2m 00s)
     Speed:     ev/sec=49.5069   simsec/sec=0.773545   ev/simsec=64
     Messages:  created: 25431   present: 3167   in FES: 2284
** Event #150272   t=8082   Elapsed: 122.602s (2m 02s)
     Speed:     ev/sec=6543.85   simsec/sec=126.047   ev/simsec=51.9161
     Messages:  created: 27682   present: 2944   in FES: 2267
** Event #153856   t=8318   Elapsed: 130.208s (2m 10s)
     Speed:     ev/sec=471.269   simsec/sec=31.0322   ev/simsec=15.1864
     Messages:  created: 28239   present: 2931   in FES: 2268
** Event #161792   t=8421   Elapsed: 132.228s (2m 12s)
     Speed:     ev/sec=3928.71   simsec/sec=50.9901   ev/simsec=77.0485
     Messages:  created: 29479   present: 2830   in FES: 2278
** Event #165376   t=8467   Elapsed: 134.231s (2m 14s)
     Speed:     ev/sec=1789.32   simsec/sec=22.9656   ev/simsec=77.913
     Messages:  created: 30036   present: 2775   in FES: 2264
** Event #165888   t=8473   Elapsed: 140.456s (2m 20s)
     Speed:     ev/sec=82.249   simsec/sec=0.963855   ev/simsec=85.3333
     Messages:  created: 30118   present: 2774   in FES: 2279
** Event #192768   t=8916   Elapsed: 142.461s (2m 22s)
     Speed:     ev/sec=13413.2   simsec/sec=221.058   ev/simsec=60.6772
     Messages:  created: 34332   present: 2324   in FES: 2260
** Event #197895   t=86400   Elapsed: 142.648s (2m 22s)
     Speed:     ev/sec=27559.1   simsec/sec=416581   ev/simsec=0.0661556
     Messages:  created: 35698   present: 0   in FES: 0

<!> No more events, simulation completed -- at t=86400s, event #197895
