** Event #0   t=0   Elapsed: 0.000s (0m 00s)
     Speed:     ev/sec=0   simsec/sec=0   ev/simsec=0
     Messages:  created: 2522   present: 2522   in FES: 2522
** Event #3584   t=2580   Elapsed: 10.168s (0m 10s)
     Speed:     ev/sec=352.577   simsec/sec=253.737   ev/simsec=1.38953
     Messages:  created: 4230   present: 4056   in FES: 2426
** Event #11008   t=2693   Elapsed: 19.029s (0m 19s)
     Speed:     ev/sec=837.923   simsec/sec=12.754   ev/simsec=65.6991
     Messages:  created: 5361   present: 3938   in FES: 2420
** Event #19456   t=2926   Elapsed: 21.215s (0m 21s)
     Speed:     ev/sec=3864.59   simsec/sec=106.587   ev/simsec=36.2575
     Messages:  created: 6660   present: 3826   in FES: 2409
** Event #21760   t=3100   Elapsed: 25.761s (0m 25s)
     Speed:     ev/sec=506.931   simsec/sec=38.2838   ev/simsec=13.2414
     Messages:  created: 7017   present: 3833   in FES: 2421
** Event #25856   t=3158   Elapsed: 28.997s (0m 28s)
     Speed:     ev/sec=1265.76   simsec/sec=17.9234   ev/simsec=70.6207
     Messages:  created: 7652   present: 3771   in FES: 2416
** Event #30976   t=3220   Elapsed: 31.278s (0m 31s)
     Speed:     ev/sec=2245.61   simsec/sec=27.193   ev/simsec=82.5806
     Messages:  created: 8454   present: 3709   in FES: 2417
** Event #34048   t=3259   Elapsed: 38.111s (0m 38s)
     Speed:     ev/sec=449.649   simsec/sec=5.70843   ev/simsec=78.7692
     Messages:  created: 8934   present: 3668   in FES: 2422
** Event #53248   t=3503   Elapsed: 40.114s (0m 40s)
     Speed:     ev/sec=9585.62   simsec/sec=121.817   ev/simsec=78.6885
     Messages:  created: 11972   present: 3417   in FES: 2413
** Event #53760   t=3508   Elapsed: 42.298s (0m 42s)
     Speed:     ev/sec=234.432   simsec/sec=2.28938   ev/simsec=102.4
     Messages:  created: 12055   present: 3418   in FES: 2425
** Event #72448   t=3738   Elapsed: 45.308s (0m 45s)
     Speed:     ev/sec=6210.7   simsec/sec=76.4374   ev/simsec=81.2522
     Messages:  created: 14990   present: 3182   in FES: 2419
** Event #77824   t=3798   Elapsed: 47.566s (0m 47s)
     Speed:     ev/sec=2380.87   simsec/sec=26.5722   ev/simsec=89.6
     Messages:  created: 15826   present: 3115   in FES: 2405
** Event #89856   t=3944   Elapsed: 54.489s (0m 54s)
     Speed:     ev/sec=1738.23   simsec/sec=21.0922   ev/simsec=82.411
     Messages:  created: 17682   present: 2967   in FES: 2404
** Event #91136   t=3964   Elapsed: 62.867s (1m 02s)
     Speed:     ev/sec=152.799   simsec/sec=2.38749   ev/simsec=64
     Messages:  created: 17881   present: 2942   in FES: 2401
** Event #95744   t=4050   Elapsed: 74.291s (1m 14s)
     Speed:     ev/sec=403.361   simsec/sec=7.52801   ev/simsec=53.5814
     Messages:  created: 18599   present: 2855   in FES: 2397
** Event #97536   t=4079   Elapsed: 76.308s (1m 16s)
     Speed:     ev/sec=888.448   simsec/sec=14.3778   ev/simsec=61.7931
     Messages:  created: 18874   present: 2861   in FES: 2399
** Event #98048   t=4086   Elapsed: 78.436s (1m 18s)
     Speed:     ev/sec=240.715   simsec/sec=3.29102   ev/simsec=73.1429
     Messages:  created: 18954   present: 2853   in FES: 2401
** Event #107776   t=4251   Elapsed: 85.566s (1m 25s)
     Speed:     ev/sec=1364.57   simsec/sec=23.1449   ev/simsec=58.9576
     Messages:  created: 20443   present: 2839   in FES: 2379
** Event #114176   t=4367   Elapsed: 90.645s (1m 30s)
     Speed:     ev/sec=1260.09   simsec/sec=22.8391   ev/simsec=55.1724
     Messages:  created: 21416   present: 2718   in FES: 2373
** Event #117248   t=4434   Elapsed: 94.583s (1m 34s)
     Speed:     ev/sec=780.29   simsec/sec=17.018   ev/simsec=45.8507
     Messages:  created: 21875   present: 2644   in FES: 2368
** Event #124698   t=86400   Elapsed: 94.780s (1m 34s)
     Speed:     ev/sec=37812.2   simsec/sec=416071   ev/simsec=0.0908791
     Messages:  created: 23646   present: 0   in FES: 0

<!> No more events, simulation completed -- at t=86400s, event #124698
