** Event #0   t=0   Elapsed: 0.000s (0m 00s)
     Speed:     ev/sec=0   simsec/sec=0   ev/simsec=0
     Messages:  created: 2522   present: 2522   in FES: 2522
** Event #4352   t=1825   Elapsed: 2.025s (0m 02s)
     Speed:     ev/sec=2149.63   simsec/sec=901.235   ev/simsec=2.38521
     Messages:  created: 4690   present: 4589   in FES: 2436
** Event #4608   t=2580   Elapsed: 10.546s (0m 10s)
     Speed:     ev/sec=30.0469   simsec/sec=88.615   ev/simsec=0.339073
     Messages:  created: 4736   present: 4562   in FES: 2442
** Event #12032   t=2693   Elapsed: 19.489s (0m 19s)
     Speed:     ev/sec=830.146   simsec/sec=12.6356   ev/simsec=65.6991
     Messages:  created: 5867   present: 4444   in FES: 2434
** Event #20480   t=2928   Elapsed: 22.508s (0m 22s)
     Speed:     ev/sec=2799.2   simsec/sec=77.8661   ev/simsec=35.9489
     Messages:  created: 7163   present: 4325   in FES: 2406
** Event #22784   t=3101   Elapsed: 27.632s (0m 27s)
     Speed:     ev/sec=449.649   simsec/sec=33.7627   ev/simsec=13.3179
     Messages:  created: 7519   present: 4325   in FES: 2413
** Event #27136   t=3161   Elapsed: 29.634s (0m 29s)
     Speed:     ev/sec=2174.91   simsec/sec=29.985   ev/simsec=72.5333
     Messages:  created: 8198   present: 4270   in FES: 2426
** Event #31744   t=3217   Elapsed: 31.939s (0m 31s)
     Speed:     ev/sec=2000   simsec/sec=24.3056   ev/simsec=82.2857
     Messages:  created: 8918   present: 4213   in FES: 2418
** Event #35072   t=3260   Elapsed: 38.900s (0m 38s)
     Speed:     ev/sec=478.161   simsec/sec=6.17816   ev/simsec=77.3953
     Messages:  created: 9436   present: 4158   in FES: 2410
** Event #54784   t=3509   Elapsed: 43.054s (0m 43s)
     Speed:     ev/sec=4745.31   simsec/sec=59.9422   ev/simsec=79.1647
     Messages:  created: 12556   present: 3904   in FES: 2405
** Event #73472   t=3738   Elapsed: 46.085s (0m 46s)
     Speed:     ev/sec=6167.66   simsec/sec=75.5776   ev/simsec=81.607
     Messages:  created: 15496   present: 3687   in FES: 2432
** Event #78848   t=3798   Elapsed: 48.337s (0m 48s)
     Speed:     ev/sec=2388.27   simsec/sec=26.6548   ev/simsec=89.6
     Messages:  created: 16332   present: 3620   in FES: 2421
** Event #91136   t=3947   Elapsed: 58.947s (0m 58s)
     Speed:     ev/sec=1158.15   simsec/sec=14.0434   ev/simsec=82.4698
     Messages:  created: 18226   present: 3462   in FES: 2403
** Event #92416   t=3964   Elapsed: 67.242s (1m 07s)
     Speed:     ev/sec=154.328   simsec/sec=2.04967   ev/simsec=75.2941
     Messages:  created: 18427   present: 3438   in FES: 2393
** Event #98560   t=4048   Elapsed: 80.525s (1m 20s)
     Speed:     ev/sec=462.546   simsec/sec=6.32387   ev/simsec=73.1429
     Messages:  created: 19396   present: 3353   in FES: 2395
** Event #101632   t=4088   Elapsed: 82.895s (1m 22s)
     Speed:     ev/sec=1296.75   simsec/sec=16.8848   ev/simsec=76.8
     Messages:  created: 19882   present: 3351   in FES: 2386
** Event #112640   t=4249   Elapsed: 90.173s (1m 30s)
     Speed:     ev/sec=1512.5   simsec/sec=22.1215   ev/simsec=68.3727
     Messages:  created: 21608   present: 3336   in FES: 2377
** Event #120576   t=4369   Elapsed: 98.782s (1m 38s)
     Speed:     ev/sec=921.826   simsec/sec=13.9389   ev/simsec=66.1333
     Messages:  created: 22826   present: 3221   in FES: 2385
** Event #125696   t=4434   Elapsed: 106.391s (1m 46s)
     Speed:     ev/sec=672.976   simsec/sec=8.54364   ev/simsec=78.7692
     Messages:  created: 23598   present: 3151   in FES: 2389
** Event #130048   t=4547   Elapsed: 110.522s (1m 50s)
     Speed:     ev/sec=1053.5   simsec/sec=27.3542   ev/simsec=38.5133
     Messages:  created: 24224   present: 3025   in FES: 2353
** Event #134400   t=7796   Elapsed: 120.186s (2m 00s)
     Speed:     ev/sec=450.378   simsec/sec=336.231   ev/simsec=1.33949
     Messages:  created: 24927   present: 2671   in FES: 2284
** Event #149504   t=8108   Elapsed: 122.479s (2m 02s)
     Speed:     ev/sec=6587   simsec/sec=136.066   ev/simsec=48.4103
     Messages:  created: 27216   present: 2442   in FES: 2263
** Event #149760   t=8315   Elapsed: 124.616s (2m 04s)
     Speed:     ev/sec=119.85   simsec/sec=96.9101   ev/simsec=1.23671
     Messages:  created: 27254   present: 2433   in FES: 2261
** Event #150016   t=8319   Elapsed: 128.792s (2m 08s)
     Speed:     ev/sec=61.3027   simsec/sec=0.957854   ev/simsec=64
     Messages:  created: 27295   present: 2433   in FES: 2275
** Event #160762   t=86400   Elapsed: 129.377s (2m 09s)
     Speed:     ev/sec=18367.5   simsec/sec=133472   ev/simsec=0.137614
     Messages:  created: 29542   present: 0   in FES: 0

<!> No more events, simulation completed -- at t=86400s, event #160762
