** Event #0   t=0   Elapsed: 0.000s (0m 00s)
     Speed:     ev/sec=0   simsec/sec=0   ev/simsec=0
     Messages:  created: 2522   present: 2522   in FES: 2522
** Event #4864   t=0   Elapsed: 2.088s (0m 02s)
     Speed:     ev/sec=2329.98   simsec/sec=0   ev/simsec=0
     Messages:  created: 5166   present: 5121   in FES: 2900
** Event #5632   t=2580   Elapsed: 10.837s (0m 10s)
     Speed:     ev/sec=87.7915   simsec/sec=294.925   ev/simsec=0.297674
     Messages:  created: 5238   present: 5063   in FES: 2432
** Event #13056   t=2693   Elapsed: 19.732s (0m 19s)
     Speed:     ev/sec=834.626   simsec/sec=12.7038   ev/simsec=65.6991
     Messages:  created: 6370   present: 4946   in FES: 2434
** Event #21504   t=2930   Elapsed: 22.730s (0m 22s)
     Speed:     ev/sec=2818.82   simsec/sec=79.0791   ev/simsec=35.6456
     Messages:  created: 7667   present: 4825   in FES: 2406
** Event #23808   t=3101   Elapsed: 27.829s (0m 27s)
     Speed:     ev/sec=451.942   simsec/sec=33.5426   ev/simsec=13.4737
     Messages:  created: 8025   present: 4829   in FES: 2424
** Event #30208   t=3186   Elapsed: 29.838s (0m 29s)
     Speed:     ev/sec=3185.66   simsec/sec=42.3096   ev/simsec=75.2941
     Messages:  created: 9022   present: 4744   in FES: 2424
** Event #32768   t=3217   Elapsed: 31.895s (0m 31s)
     Speed:     ev/sec=1244.53   simsec/sec=15.0705   ev/simsec=82.5806
     Messages:  created: 9422   present: 4707   in FES: 2416
** Event #36096   t=3260   Elapsed: 38.747s (0m 38s)
     Speed:     ev/sec=485.698   simsec/sec=6.27554   ev/simsec=77.3953
     Messages:  created: 9942   present: 4664   in FES: 2425
** Event #55552   t=3506   Elapsed: 41.048s (0m 41s)
     Speed:     ev/sec=8459.13   simsec/sec=106.957   ev/simsec=79.0894
     Messages:  created: 13022   present: 4417   in FES: 2428
** Event #58112   t=3534   Elapsed: 43.062s (0m 43s)
     Speed:     ev/sec=1271.1   simsec/sec=13.9027   ev/simsec=91.4286
     Messages:  created: 13438   present: 4386   in FES: 2422
** Event #74496   t=3739   Elapsed: 45.894s (0m 45s)
     Speed:     ev/sec=5787.35   simsec/sec=72.4126   ev/simsec=79.922
     Messages:  created: 15996   present: 4184   in FES: 2409
** Event #79616   t=3795   Elapsed: 48.123s (0m 48s)
     Speed:     ev/sec=2296.99   simsec/sec=25.1234   ev/simsec=91.4286
     Messages:  created: 16795   present: 4125   in FES: 2414
** Event #91904   t=3944   Elapsed: 53.676s (0m 53s)
     Speed:     ev/sec=2213.26   simsec/sec=26.8372   ev/simsec=82.4698
     Messages:  created: 18690   present: 3965   in FES: 2401
** Event #92160   t=3947   Elapsed: 58.763s (0m 58s)
     Speed:     ev/sec=50.3244   simsec/sec=0.589739   ev/simsec=85.3333
     Messages:  created: 18732   present: 3967   in FES: 2416
** Event #93440   t=3964   Elapsed: 67.058s (1m 07s)
     Speed:     ev/sec=154.31   simsec/sec=2.04943   ev/simsec=75.2941
     Messages:  created: 18933   present: 3943   in FES: 2406
** Event #99584   t=4048   Elapsed: 80.273s (1m 20s)
     Speed:     ev/sec=464.961   simsec/sec=6.35689   ev/simsec=73.1429
     Messages:  created: 19902   present: 3859   in FES: 2408
** Event #102656   t=4088   Elapsed: 82.634s (1m 22s)
     Speed:     ev/sec=1301.14   simsec/sec=16.942   ev/simsec=76.8
     Messages:  created: 20387   present: 3850   in FES: 2393
** Event #113664   t=4249   Elapsed: 89.913s (1m 29s)
     Speed:     ev/sec=1512.5   simsec/sec=22.1215   ev/simsec=68.3727
     Messages:  created: 22113   present: 3840   in FES: 2391
** Event #121600   t=4370   Elapsed: 98.405s (1m 38s)
     Speed:     ev/sec=934.527   simsec/sec=14.2487   ev/simsec=65.5868
     Messages:  created: 23328   present: 3711   in FES: 2373
** Event #126720   t=4435   Elapsed: 105.947s (1m 45s)
     Speed:     ev/sec=678.955   simsec/sec=8.61955   ev/simsec=78.7692
     Messages:  created: 24098   present: 3642   in FES: 2365
** Event #131072   t=4548   Elapsed: 109.956s (1m 49s)
     Speed:     ev/sec=1085.56   simsec/sec=28.1866   ev/simsec=38.5133
     Messages:  created: 24727   present: 3524   in FES: 2353
** Event #135168   t=7792   Elapsed: 114.366s (1m 54s)
     Speed:     ev/sec=928.798   simsec/sec=735.601   ev/simsec=1.26264
     Messages:  created: 25392   present: 3172   in FES: 2278
** Event #135424   t=7796   Elapsed: 119.578s (1m 59s)
     Speed:     ev/sec=49.1268   simsec/sec=0.767607   ev/simsec=64
     Messages:  created: 25431   present: 3167   in FES: 2284
** Event #150272   t=8082   Elapsed: 121.847s (2m 01s)
     Speed:     ev/sec=6543.85   simsec/sec=126.047   ev/simsec=51.9161
     Messages:  created: 27682   present: 2944   in FES: 2267
** Event #153856   t=8318   Elapsed: 129.475s (2m 09s)
     Speed:     ev/sec=469.91   simsec/sec=30.9427   ev/simsec=15.1864
     Messages:  created: 28239   present: 2931   in FES: 2268
** Event #162048   t=8424   Elapsed: 131.485s (2m 11s)
     Speed:     ev/sec=4075.62   simsec/sec=52.7363   ev/simsec=77.283
     Messages:  created: 29520   present: 2829   in FES: 2285
** Event #165632   t=8470   Elapsed: 133.488s (2m 13s)
     Speed:     ev/sec=1789.32   simsec/sec=22.9656   ev/simsec=77.913
     Messages:  created: 30078   present: 2778   in FES: 2279
** Event #165888   t=8473   Elapsed: 139.699s (2m 19s)
     Speed:     ev/sec=41.2238   simsec/sec=0.483092   ev/simsec=85.3333
     Messages:  created: 30118   present: 2774   in FES: 2279
** Event #192768   t=8916   Elapsed: 141.704s (2m 21s)
     Speed:     ev/sec=13406.5   simsec/sec=220.948   ev/simsec=60.6772
     Messages:  created: 34332   present: 2324   in FES: 2260
** Event #197895   t=86400   Elapsed: 141.889s (2m 21s)
     Speed:     ev/sec=27858.7   simsec/sec=421109   ev/simsec=0.0661556
     Messages:  created: 35698   present: 0   in FES: 0

<!> No more events, simulation completed -- at t=86400s, event #197895
