** Event #0   t=0   Elapsed: 0.000s (0m 00s)
     Speed:     ev/sec=0   simsec/sec=0   ev/simsec=0
     Messages:  created: 2522   present: 2522   in FES: 2522
** Event #4864   t=0   Elapsed: 2.138s (0m 02s)
     Speed:     ev/sec=2275.49   simsec/sec=0   ev/simsec=0
     Messages:  created: 5166   present: 5121   in FES: 2900
** Event #5632   t=2580   Elapsed: 10.825s (0m 10s)
     Speed:     ev/sec=88.4181   simsec/sec=297.03   ev/simsec=0.297674
     Messages:  created: 5238   present: 5063   in FES: 2432
** Event #13056   t=2693   Elapsed: 19.800s (0m 19s)
     Speed:     ev/sec=827.187   simsec/sec=12.5905   ev/simsec=65.6991
     Messages:  created: 6370   present: 4946   in FES: 2434
** Event #21504   t=2930   Elapsed: 22.791s (0m 22s)
     Speed:     ev/sec=2825.42   simsec/sec=79.2642   ev/simsec=35.6456
     Messages:  created: 7667   present: 4825   in FES: 2406
** Event #23808   t=3101   Elapsed: 27.991s (0m 27s)
     Speed:     ev/sec=443.162   simsec/sec=32.8909   ev/simsec=13.4737
     Messages:  created: 8025   present: 4829   in FES: 2424
** Event #30208   t=3186   Elapsed: 29.994s (0m 29s)
     Speed:     ev/sec=3195.21   simsec/sec=42.4363   ev/simsec=75.2941
     Messages:  created: 9022   present: 4744   in FES: 2424
** Event #32768   t=3217   Elapsed: 32.053s (0m 32s)
     Speed:     ev/sec=1243.32   simsec/sec=15.0559   ev/simsec=82.5806
     Messages:  created: 9422   present: 4707   in FES: 2416
** Event #36096   t=3260   Elapsed: 38.924s (0m 38s)
     Speed:     ev/sec=484.355   simsec/sec=6.25819   ev/simsec=77.3953
     Messages:  created: 9942   present: 4664   in FES: 2425
** Event #55552   t=3506   Elapsed: 41.225s (0m 41s)
     Speed:     ev/sec=8459.13   simsec/sec=106.957   ev/simsec=79.0894
     Messages:  created: 13022   present: 4417   in FES: 2428
** Event #58112   t=3534   Elapsed: 43.236s (0m 43s)
     Speed:     ev/sec=1273   simsec/sec=13.9234   ev/simsec=91.4286
     Messages:  created: 13438   present: 4386   in FES: 2422
** Event #74496   t=3739   Elapsed: 46.042s (0m 46s)
     Speed:     ev/sec=5841   simsec/sec=73.0838   ev/simsec=79.922
     Messages:  created: 15996   present: 4184   in FES: 2409
** Event #79616   t=3795   Elapsed: 48.270s (0m 48s)
     Speed:     ev/sec=2298.03   simsec/sec=25.1346   ev/simsec=91.4286
     Messages:  created: 16795   present: 4125   in FES: 2414
** Event #91904   t=3944   Elapsed: 53.842s (0m 53s)
     Speed:     ev/sec=2205.71   simsec/sec=26.7456   ev/simsec=82.4698
     Messages:  created: 18690   present: 3965   in FES: 2401
** Event #92160   t=3947   Elapsed: 58.930s (0m 58s)
     Speed:     ev/sec=50.3145   simsec/sec=0.589623   ev/simsec=85.3333
     Messages:  created: 18732   present: 3967   in FES: 2416
** Event #93440   t=3964   Elapsed: 67.147s (1m 07s)
     Speed:     ev/sec=155.794   simsec/sec=2.06913   ev/simsec=75.2941
     Messages:  created: 18933   present: 3943   in FES: 2406
** Event #99584   t=4048   Elapsed: 80.416s (1m 20s)
     Speed:     ev/sec=463.034   simsec/sec=6.33054   ev/simsec=73.1429
     Messages:  created: 19902   present: 3859   in FES: 2408
** Event #102656   t=4088   Elapsed: 82.821s (1m 22s)
     Speed:     ev/sec=1277.34   simsec/sec=16.632   ev/simsec=76.8
     Messages:  created: 20387   present: 3850   in FES: 2393
** Event #113664   t=4249   Elapsed: 90.105s (1m 30s)
     Speed:     ev/sec=1511.47   simsec/sec=22.1063   ev/simsec=68.3727
     Messages:  created: 22113   present: 3840   in FES: 2391
** Event #121600   t=4370   Elapsed: 98.679s (1m 38s)
     Speed:     ev/sec=925.589   simsec/sec=14.1124   ev/simsec=65.5868
     Messages:  created: 23328   present: 3711   in FES: 2373
** Event #126720   t=4435   Elapsed: 106.217s (1m 46s)
     Speed:     ev/sec=679.315   simsec/sec=8.62412   ev/simsec=78.7692
     Messages:  created: 24098   present: 3642   in FES: 2365
** Event #131072   t=4548   Elapsed: 110.250s (1m 50s)
     Speed:     ev/sec=1079.1   simsec/sec=28.0188   ev/simsec=38.5133
     Messages:  created: 24727   present: 3524   in FES: 2353
** Event #135168   t=7792   Elapsed: 114.709s (1m 54s)
     Speed:     ev/sec=918.798   simsec/sec=727.681   ev/simsec=1.26264
     Messages:  created: 25392   present: 3172   in FES: 2278
** Event #135424   t=7796   Elapsed: 119.887s (1m 59s)
     Speed:     ev/sec=49.4399   simsec/sec=0.772499   ev/simsec=64
     Messages:  created: 25431   present: 3167   in FES: 2284
** Event #150272   t=8082   Elapsed: 122.151s (2m 02s)
     Speed:     ev/sec=6561.2   simsec/sec=126.381   ev/simsec=51.9161
     Messages:  created: 27682   present: 2944   in FES: 2267
** Event #153856   t=8318   Elapsed: 129.722s (2m 09s)
     Speed:     ev/sec=473.385   simsec/sec=31.1716   ev/simsec=15.1864
     Messages:  created: 28239   present: 2931   in FES: 2268
** Event #161792   t=8421   Elapsed: 131.728s (2m 11s)
     Speed:     ev/sec=3958.1   simsec/sec=51.3716   ev/simsec=77.0485
     Messages:  created: 29479   present: 2830   in FES: 2278
** Event #165632   t=8470   Elapsed: 133.748s (2m 13s)
     Speed:     ev/sec=1900.99   simsec/sec=24.2574   ev/simsec=78.3673
     Messages:  created: 30078   present: 2778   in FES: 2279
** Event #165888   t=8473   Elapsed: 139.932s (2m 19s)
     Speed:     ev/sec=41.3972   simsec/sec=0.485123   ev/simsec=85.3333
     Messages:  created: 30118   present: 2774   in FES: 2279
** Event #193024   t=8921   Elapsed: 141.943s (2m 21s)
     Speed:     ev/sec=13500.5   simsec/sec=222.886   ev/simsec=60.5714
     Messages:  created: 34370   present: 2313   in FES: 2251
** Event #197895   t=86400   Elapsed: 142.109s (2m 22s)
     Speed:     ev/sec=29515.2   simsec/sec=469570   ev/simsec=0.0628557
     Messages:  created: 35698   present: 0   in FES: 0

<!> No more events, simulation completed -- at t=86400s, event #197895
