** Event #0   t=0   Elapsed: 0.000s (0m 00s)
     Speed:     ev/sec=0   simsec/sec=0   ev/simsec=0
     Messages:  created: 2522   present: 2522   in FES: 2522
** Event #2560   t=2579   Elapsed: 9.909s (0m 09s)
     Speed:     ev/sec=258.452   simsec/sec=260.268   ev/simsec=0.993021
     Messages:  created: 3728   present: 3564   in FES: 2439
** Event #9984   t=2692   Elapsed: 18.867s (0m 18s)
     Speed:     ev/sec=828.849   simsec/sec=12.6158   ev/simsec=65.6991
     Messages:  created: 4860   present: 3447   in FES: 2441
** Event #18688   t=2944   Elapsed: 21.888s (0m 21s)
     Speed:     ev/sec=2881.17   simsec/sec=83.4161   ev/simsec=34.5397
     Messages:  created: 6195   present: 3325   in FES: 2406
** Event #20992   t=3104   Elapsed: 27.056s (0m 27s)
     Speed:     ev/sec=445.82   simsec/sec=30.9598   ev/simsec=14.4
     Messages:  created: 6552   present: 3327   in FES: 2418
** Event #27648   t=3191   Elapsed: 29.065s (0m 29s)
     Speed:     ev/sec=3314.74   simsec/sec=43.3267   ev/simsec=76.5057
     Messages:  created: 7593   present: 3244   in FES: 2439
** Event #29952   t=3219   Elapsed: 31.129s (0m 31s)
     Speed:     ev/sec=1116.82   simsec/sec=13.5725   ev/simsec=82.2857
     Messages:  created: 7953   present: 3211   in FES: 2433
** Event #33024   t=3259   Elapsed: 38.026s (0m 38s)
     Speed:     ev/sec=445.411   simsec/sec=5.79962   ev/simsec=76.8
     Messages:  created: 8431   present: 3166   in FES: 2427
** Event #52480   t=3507   Elapsed: 41.860s (0m 41s)
     Speed:     ev/sec=5074.6   simsec/sec=64.6844   ev/simsec=78.4516
     Messages:  created: 11507   present: 2917   in FES: 2413
** Event #79104   t=3944   Elapsed: 49.739s (0m 49s)
     Speed:     ev/sec=3379.54   simsec/sec=55.4709   ev/simsec=60.9245
     Messages:  created: 15631   present: 2466   in FES: 2398
** Event #80128   t=3967   Elapsed: 54.301s (0m 54s)
     Speed:     ev/sec=224.463   simsec/sec=5.04165   ev/simsec=44.5217
     Messages:  created: 15791   present: 2437   in FES: 2390
** Event #84199   t=86400   Elapsed: 54.405s (0m 54s)
     Speed:     ev/sec=39514.6   simsec/sec=800320   ev/simsec=0.0493734
     Messages:  created: 17035   present: 0   in FES: 0

<!> No more events, simulation completed -- at t=86400s, event #84199
