** Event #0   t=0   Elapsed: 0.000s (0m 00s)
     Speed:     ev/sec=0   simsec/sec=0   ev/simsec=0
     Messages:  created: 2522   present: 2522   in FES: 2522
** Event #4096   t=0   Elapsed: 2.004s (0m 02s)
     Speed:     ev/sec=2044.41   simsec/sec=0   ev/simsec=0
     Messages:  created: 4666   present: 4621   in FES: 2668
** Event #4608   t=2580   Elapsed: 10.546s (0m 10s)
     Speed:     ev/sec=59.9391   simsec/sec=302.037   ev/simsec=0.19845
     Messages:  created: 4736   present: 4562   in FES: 2442
** Event #12032   t=2693   Elapsed: 19.454s (0m 19s)
     Speed:     ev/sec=833.502   simsec/sec=12.6867   ev/simsec=65.6991
     Messages:  created: 5867   present: 4444   in FES: 2434
** Event #20480   t=2928   Elapsed: 22.449s (0m 22s)
     Speed:     ev/sec=2821.64   simsec/sec=78.4903   ev/simsec=35.9489
     Messages:  created: 7163   present: 4325   in FES: 2406
** Event #22784   t=3101   Elapsed: 27.605s (0m 27s)
     Speed:     ev/sec=446.858   simsec/sec=33.5531   ev/simsec=13.3179
     Messages:  created: 7519   present: 4325   in FES: 2413
** Event #29184   t=3186   Elapsed: 29.610s (0m 29s)
     Speed:     ev/sec=3192.02   simsec/sec=42.394   ev/simsec=75.2941
     Messages:  created: 8516   present: 4239   in FES: 2412
** Event #31744   t=3217   Elapsed: 31.668s (0m 31s)
     Speed:     ev/sec=1244.53   simsec/sec=15.0705   ev/simsec=82.5806
     Messages:  created: 8918   present: 4213   in FES: 2418
** Event #35072   t=3260   Elapsed: 38.575s (0m 38s)
     Speed:     ev/sec=481.9   simsec/sec=6.22647   ev/simsec=77.3953
     Messages:  created: 9436   present: 4158   in FES: 2410
** Event #54784   t=3509   Elapsed: 42.715s (0m 42s)
     Speed:     ev/sec=4762.5   simsec/sec=60.1595   ev/simsec=79.1647
     Messages:  created: 12556   present: 3904   in FES: 2405
** Event #73472   t=3738   Elapsed: 45.772s (0m 45s)
     Speed:     ev/sec=6115.18   simsec/sec=74.9346   ev/simsec=81.607
     Messages:  created: 15496   present: 3687   in FES: 2432
** Event #78848   t=3798   Elapsed: 48.047s (0m 48s)
     Speed:     ev/sec=2364.12   simsec/sec=26.3852   ev/simsec=89.6
     Messages:  created: 16332   present: 3620   in FES: 2421
** Event #91136   t=3947   Elapsed: 58.667s (0m 58s)
     Speed:     ev/sec=1157.06   simsec/sec=14.0301   ev/simsec=82.4698
     Messages:  created: 18226   present: 3462   in FES: 2403
** Event #92416   t=3964   Elapsed: 66.920s (1m 06s)
     Speed:     ev/sec=155.095   simsec/sec=2.05986   ev/simsec=75.2941
     Messages:  created: 18427   present: 3438   in FES: 2393
** Event #98560   t=4048   Elapsed: 80.249s (1m 20s)
     Speed:     ev/sec=460.95   simsec/sec=6.30205   ev/simsec=73.1429
     Messages:  created: 19396   present: 3353   in FES: 2395
** Event #101632   t=4088   Elapsed: 82.632s (1m 22s)
     Speed:     ev/sec=1289.67   simsec/sec=16.7926   ev/simsec=76.8
     Messages:  created: 19882   present: 3351   in FES: 2386
** Event #112640   t=4249   Elapsed: 90.062s (1m 30s)
     Speed:     ev/sec=1481.56   simsec/sec=21.6689   ev/simsec=68.3727
     Messages:  created: 21608   present: 3336   in FES: 2377
** Event #120576   t=4369   Elapsed: 98.676s (1m 38s)
     Speed:     ev/sec=921.398   simsec/sec=13.9324   ev/simsec=66.1333
     Messages:  created: 22826   present: 3221   in FES: 2385
** Event #125696   t=4434   Elapsed: 106.335s (1m 46s)
     Speed:     ev/sec=668.495   simsec/sec=8.48675   ev/simsec=78.7692
     Messages:  created: 23598   present: 3151   in FES: 2389
** Event #130048   t=4547   Elapsed: 110.528s (1m 50s)
     Speed:     ev/sec=1038.17   simsec/sec=26.9561   ev/simsec=38.5133
     Messages:  created: 24224   present: 3025   in FES: 2353
** Event #134400   t=7796   Elapsed: 120.227s (2m 00s)
     Speed:     ev/sec=448.706   simsec/sec=334.983   ev/simsec=1.33949
     Messages:  created: 24927   present: 2671   in FES: 2284
** Event #149504   t=8108   Elapsed: 122.516s (2m 02s)
     Speed:     ev/sec=6598.51   simsec/sec=136.304   ev/simsec=48.4103
     Messages:  created: 27216   present: 2442   in FES: 2263
** Event #149760   t=8315   Elapsed: 124.693s (2m 04s)
     Speed:     ev/sec=117.647   simsec/sec=95.1287   ev/simsec=1.23671
     Messages:  created: 27254   present: 2433   in FES: 2261
** Event #150016   t=8319   Elapsed: 128.827s (2m 08s)
     Speed:     ev/sec=61.9255   simsec/sec=0.967586   ev/simsec=64
     Messages:  created: 27295   present: 2433   in FES: 2275
** Event #160762   t=86400   Elapsed: 129.412s (2m 09s)
     Speed:     ev/sec=18399   simsec/sec=133700   ev/simsec=0.137614
     Messages:  created: 29542   present: 0   in FES: 0

<!> No more events, simulation completed -- at t=86400s, event #160762
