** Event #0   t=0   Elapsed: 0.000s (0m 00s)
     Speed:     ev/sec=0   simsec/sec=0   ev/simsec=0
     Messages:  created: 2522   present: 2522   in FES: 2522
** Event #4352   t=1825   Elapsed: 2.008s (0m 02s)
     Speed:     ev/sec=2167.83   simsec/sec=908.865   ev/simsec=2.38521
     Messages:  created: 4690   present: 4589   in FES: 2436
** Event #4608   t=2580   Elapsed: 10.509s (0m 10s)
     Speed:     ev/sec=30.1141   simsec/sec=88.8131   ev/simsec=0.339073
     Messages:  created: 4736   present: 4562   in FES: 2442
** Event #12032   t=2693   Elapsed: 19.425s (0m 19s)
     Speed:     ev/sec=832.66   simsec/sec=12.6738   ev/simsec=65.6991
     Messages:  created: 5867   present: 4444   in FES: 2434
** Event #20480   t=2928   Elapsed: 22.406s (0m 22s)
     Speed:     ev/sec=2834.9   simsec/sec=78.8591   ev/simsec=35.9489
     Messages:  created: 7163   present: 4325   in FES: 2406
** Event #22784   t=3101   Elapsed: 27.517s (0m 27s)
     Speed:     ev/sec=450.881   simsec/sec=33.8552   ev/simsec=13.3179
     Messages:  created: 7519   present: 4325   in FES: 2413
** Event #29440   t=3189   Elapsed: 29.521s (0m 29s)
     Speed:     ev/sec=3321.36   simsec/sec=43.9122   ev/simsec=75.6364
     Messages:  created: 8557   present: 4237   in FES: 2416
** Event #31744   t=3217   Elapsed: 31.563s (0m 31s)
     Speed:     ev/sec=1128.31   simsec/sec=13.712   ev/simsec=82.2857
     Messages:  created: 8918   present: 4213   in FES: 2418
** Event #35072   t=3260   Elapsed: 38.389s (0m 38s)
     Speed:     ev/sec=487.548   simsec/sec=6.29944   ev/simsec=77.3953
     Messages:  created: 9436   present: 4158   in FES: 2410
** Event #54528   t=3506   Elapsed: 40.397s (0m 40s)
     Speed:     ev/sec=9689.24   simsec/sec=122.51   ev/simsec=79.0894
     Messages:  created: 12516   present: 3912   in FES: 2414
** Event #54784   t=3509   Elapsed: 42.538s (0m 42s)
     Speed:     ev/sec=119.626   simsec/sec=1.40187   ev/simsec=85.3333
     Messages:  created: 12556   present: 3904   in FES: 2405
** Event #73472   t=3738   Elapsed: 45.539s (0m 45s)
     Speed:     ev/sec=6229.33   simsec/sec=76.3333   ev/simsec=81.607
     Messages:  created: 15496   present: 3687   in FES: 2432
** Event #78848   t=3798   Elapsed: 47.798s (0m 47s)
     Speed:     ev/sec=2379.81   simsec/sec=26.5604   ev/simsec=89.6
     Messages:  created: 16332   present: 3620   in FES: 2421
** Event #91136   t=3947   Elapsed: 58.411s (0m 58s)
     Speed:     ev/sec=1157.93   simsec/sec=14.0407   ev/simsec=82.4698
     Messages:  created: 18226   present: 3462   in FES: 2403
** Event #92416   t=3964   Elapsed: 66.650s (1m 06s)
     Speed:     ev/sec=155.378   simsec/sec=2.06361   ev/simsec=75.2941
     Messages:  created: 18427   present: 3438   in FES: 2393
** Event #98560   t=4048   Elapsed: 79.892s (1m 19s)
     Speed:     ev/sec=463.978   simsec/sec=6.34345   ev/simsec=73.1429
     Messages:  created: 19396   present: 3353   in FES: 2395
** Event #101632   t=4088   Elapsed: 82.253s (1m 22s)
     Speed:     ev/sec=1301.14   simsec/sec=16.942   ev/simsec=76.8
     Messages:  created: 19882   present: 3351   in FES: 2386
** Event #112640   t=4249   Elapsed: 89.525s (1m 29s)
     Speed:     ev/sec=1513.75   simsec/sec=22.1397   ev/simsec=68.3727
     Messages:  created: 21608   present: 3336   in FES: 2377
** Event #120576   t=4369   Elapsed: 98.109s (1m 38s)
     Speed:     ev/sec=924.511   simsec/sec=13.9795   ev/simsec=66.1333
     Messages:  created: 22826   present: 3221   in FES: 2385
** Event #125696   t=4434   Elapsed: 105.722s (1m 45s)
     Speed:     ev/sec=672.622   simsec/sec=8.53915   ev/simsec=78.7692
     Messages:  created: 23598   present: 3151   in FES: 2389
** Event #130048   t=4547   Elapsed: 109.776s (1m 49s)
     Speed:     ev/sec=1073.77   simsec/sec=27.8806   ev/simsec=38.5133
     Messages:  created: 24224   present: 3025   in FES: 2353
** Event #134400   t=7796   Elapsed: 119.351s (1m 59s)
     Speed:     ev/sec=454.517   simsec/sec=339.321   ev/simsec=1.33949
     Messages:  created: 24927   present: 2671   in FES: 2284
** Event #149504   t=8108   Elapsed: 121.653s (2m 01s)
     Speed:     ev/sec=6564.1   simsec/sec=135.593   ev/simsec=48.4103
     Messages:  created: 27216   present: 2442   in FES: 2263
** Event #149760   t=8315   Elapsed: 123.787s (2m 03s)
     Speed:     ev/sec=120.019   simsec/sec=97.0464   ev/simsec=1.23671
     Messages:  created: 27254   present: 2433   in FES: 2261
** Event #150016   t=8319   Elapsed: 127.921s (2m 07s)
     Speed:     ev/sec=61.9255   simsec/sec=0.967586   ev/simsec=64
     Messages:  created: 27295   present: 2433   in FES: 2275
** Event #160762   t=86400   Elapsed: 128.513s (2m 08s)
     Speed:     ev/sec=18181   simsec/sec=132117   ev/simsec=0.137614
     Messages:  created: 29542   present: 0   in FES: 0

<!> No more events, simulation completed -- at t=86400s, event #160762
