** Event #0   t=0   Elapsed: 0.000s (0m 00s)
     Speed:     ev/sec=0   simsec/sec=0   ev/simsec=0
     Messages:  created: 2522   present: 2522   in FES: 2522
** Event #4864   t=0   Elapsed: 2.092s (0m 02s)
     Speed:     ev/sec=2325.53   simsec/sec=0   ev/simsec=0
     Messages:  created: 5166   present: 5121   in FES: 2900
** Event #5632   t=2580   Elapsed: 10.817s (0m 10s)
     Speed:     ev/sec=88.0229   simsec/sec=295.702   ev/simsec=0.297674
     Messages:  created: 5238   present: 5063   in FES: 2432
** Event #13056   t=2693   Elapsed: 19.650s (0m 19s)
     Speed:     ev/sec=840.58   simsec/sec=12.7944   ev/simsec=65.6991
     Messages:  created: 6370   present: 4946   in FES: 2434
** Event #21504   t=2930   Elapsed: 22.652s (0m 22s)
     Speed:     ev/sec=2815.06   simsec/sec=78.9737   ev/simsec=35.6456
     Messages:  created: 7667   present: 4825   in FES: 2406
** Event #23808   t=3101   Elapsed: 27.747s (0m 27s)
     Speed:     ev/sec=452.208   simsec/sec=33.5623   ev/simsec=13.4737
     Messages:  created: 8025   present: 4829   in FES: 2424
** Event #30208   t=3186   Elapsed: 29.751s (0m 29s)
     Speed:     ev/sec=3193.61   simsec/sec=42.4152   ev/simsec=75.2941
     Messages:  created: 9022   present: 4744   in FES: 2424
** Event #32768   t=3217   Elapsed: 31.792s (0m 31s)
     Speed:     ev/sec=1254.9   simsec/sec=15.1961   ev/simsec=82.5806
     Messages:  created: 9422   present: 4707   in FES: 2416
** Event #36096   t=3260   Elapsed: 38.647s (0m 38s)
     Speed:     ev/sec=485.556   simsec/sec=6.27371   ev/simsec=77.3953
     Messages:  created: 9942   present: 4664   in FES: 2425
** Event #55296   t=3503   Elapsed: 40.651s (0m 40s)
     Speed:     ev/sec=9580.84   simsec/sec=121.257   ev/simsec=79.0123
     Messages:  created: 12982   present: 4426   in FES: 2430
** Event #55808   t=3509   Elapsed: 42.829s (0m 42s)
     Speed:     ev/sec=235.078   simsec/sec=2.75482   ev/simsec=85.3333
     Messages:  created: 13062   present: 4410   in FES: 2418
** Event #74496   t=3739   Elapsed: 45.935s (0m 45s)
     Speed:     ev/sec=6018.68   simsec/sec=74.0741   ev/simsec=81.2522
     Messages:  created: 15996   present: 4184   in FES: 2409
** Event #79616   t=3795   Elapsed: 48.183s (0m 48s)
     Speed:     ev/sec=2277.58   simsec/sec=24.911   ev/simsec=91.4286
     Messages:  created: 16795   present: 4125   in FES: 2414
** Event #91904   t=3944   Elapsed: 53.796s (0m 53s)
     Speed:     ev/sec=2189.59   simsec/sec=26.5502   ev/simsec=82.4698
     Messages:  created: 18690   present: 3965   in FES: 2401
** Event #92160   t=3947   Elapsed: 58.878s (0m 58s)
     Speed:     ev/sec=50.3838   simsec/sec=0.590435   ev/simsec=85.3333
     Messages:  created: 18732   present: 3967   in FES: 2416
** Event #93440   t=3964   Elapsed: 67.158s (1m 07s)
     Speed:     ev/sec=154.608   simsec/sec=2.05339   ev/simsec=75.2941
     Messages:  created: 18933   present: 3943   in FES: 2406
** Event #99584   t=4048   Elapsed: 80.612s (1m 20s)
     Speed:     ev/sec=456.667   simsec/sec=6.2435   ev/simsec=73.1429
     Messages:  created: 19902   present: 3859   in FES: 2408
** Event #102656   t=4088   Elapsed: 82.990s (1m 22s)
     Speed:     ev/sec=1291.84   simsec/sec=16.8209   ev/simsec=76.8
     Messages:  created: 20387   present: 3850   in FES: 2393
** Event #113664   t=4249   Elapsed: 90.450s (1m 30s)
     Speed:     ev/sec=1475.8   simsec/sec=21.5847   ev/simsec=68.3727
     Messages:  created: 22113   present: 3840   in FES: 2391
** Event #121600   t=4370   Elapsed: 98.960s (1m 38s)
     Speed:     ev/sec=932.66   simsec/sec=14.2202   ev/simsec=65.5868
     Messages:  created: 23328   present: 3711   in FES: 2373
** Event #126720   t=4435   Elapsed: 106.626s (1m 46s)
     Speed:     ev/sec=667.884   simsec/sec=8.479   ev/simsec=78.7692
     Messages:  created: 24098   present: 3642   in FES: 2365
** Event #131072   t=4548   Elapsed: 110.652s (1m 50s)
     Speed:     ev/sec=1081.24   simsec/sec=28.0745   ev/simsec=38.5133
     Messages:  created: 24727   present: 3524   in FES: 2353
** Event #135168   t=7792   Elapsed: 115.064s (1m 55s)
     Speed:     ev/sec=928.377   simsec/sec=735.267   ev/simsec=1.26264
     Messages:  created: 25392   present: 3172   in FES: 2278
** Event #135424   t=7796   Elapsed: 120.323s (2m 00s)
     Speed:     ev/sec=48.6785   simsec/sec=0.760601   ev/simsec=64
     Messages:  created: 25431   present: 3167   in FES: 2284
** Event #150272   t=8082   Elapsed: 122.605s (2m 02s)
     Speed:     ev/sec=6509.43   simsec/sec=125.384   ev/simsec=51.9161
     Messages:  created: 27682   present: 2944   in FES: 2267
** Event #153856   t=8318   Elapsed: 130.264s (2m 10s)
     Speed:     ev/sec=467.946   simsec/sec=30.8134   ev/simsec=15.1864
     Messages:  created: 28239   present: 2931   in FES: 2268
** Event #162048   t=8424   Elapsed: 132.277s (2m 12s)
     Speed:     ev/sec=4071.57   simsec/sec=52.6839   ev/simsec=77.283
     Messages:  created: 29520   present: 2829   in FES: 2285
** Event #165632   t=8470   Elapsed: 134.288s (2m 14s)
     Speed:     ev/sec=1782.2   simsec/sec=22.8742   ev/simsec=77.913
     Messages:  created: 30078   present: 2778   in FES: 2279
** Event #165888   t=8473   Elapsed: 140.524s (2m 20s)
     Speed:     ev/sec=41.052   simsec/sec=0.481078   ev/simsec=85.3333
     Messages:  created: 30118   present: 2774   in FES: 2279
** Event #192768   t=8916   Elapsed: 142.529s (2m 22s)
     Speed:     ev/sec=13413.2   simsec/sec=221.058   ev/simsec=60.6772
     Messages:  created: 34332   present: 2324   in FES: 2260
** Event #197895   t=86400   Elapsed: 142.714s (2m 22s)
     Speed:     ev/sec=27858.7   simsec/sec=421109   ev/simsec=0.0661556
     Messages:  created: 35698   present: 0   in FES: 0

<!> No more events, simulation completed -- at t=86400s, event #197895
