** Event #0   t=0   Elapsed: 0.000s (0m 00s)
     Speed:     ev/sec=0   simsec/sec=0   ev/simsec=0
     Messages:  created: 2522   present: 2522   in FES: 2522
** Event #2560   t=2579   Elapsed: 9.941s (0m 09s)
     Speed:     ev/sec=257.62   simsec/sec=259.431   ev/simsec=0.993021
     Messages:  created: 3728   present: 3564   in FES: 2439
** Event #9984   t=2692   Elapsed: 18.799s (0m 18s)
     Speed:     ev/sec=838.207   simsec/sec=12.7583   ev/simsec=65.6991
     Messages:  created: 4860   present: 3447   in FES: 2441
** Event #18688   t=2944   Elapsed: 21.825s (0m 21s)
     Speed:     ev/sec=2876.4   simsec/sec=83.2783   ev/simsec=34.5397
     Messages:  created: 6195   present: 3325   in FES: 2406
** Event #20992   t=3104   Elapsed: 26.923s (0m 26s)
     Speed:     ev/sec=452.031   simsec/sec=31.391   ev/simsec=14.4
     Messages:  created: 6552   present: 3327   in FES: 2418
** Event #27136   t=3185   Elapsed: 28.928s (0m 28s)
     Speed:     ev/sec=3064.34   simsec/sec=40.399   ev/simsec=75.8519
     Messages:  created: 7512   present: 3248   in FES: 2433
** Event #29952   t=3219   Elapsed: 30.992s (0m 30s)
     Speed:     ev/sec=1364.34   simsec/sec=16.4729   ev/simsec=82.8235
     Messages:  created: 7953   present: 3211   in FES: 2433
** Event #33024   t=3259   Elapsed: 37.799s (0m 37s)
     Speed:     ev/sec=451.3   simsec/sec=5.8763   ev/simsec=76.8
     Messages:  created: 8431   present: 3166   in FES: 2427
** Event #52480   t=3507   Elapsed: 41.568s (0m 41s)
     Speed:     ev/sec=5163.48   simsec/sec=65.8174   ev/simsec=78.4516
     Messages:  created: 11507   present: 2917   in FES: 2413
** Event #78848   t=3939   Elapsed: 43.569s (0m 43s)
     Speed:     ev/sec=13184   simsec/sec=216   ev/simsec=61.037
     Messages:  created: 15591   present: 2471   in FES: 2392
** Event #79104   t=3944   Elapsed: 49.469s (0m 49s)
     Speed:     ev/sec=43.3898   simsec/sec=0.847458   ev/simsec=51.2
     Messages:  created: 15631   present: 2466   in FES: 2398
** Event #80128   t=3967   Elapsed: 54.038s (0m 54s)
     Speed:     ev/sec=224.168   simsec/sec=5.03503   ev/simsec=44.5217
     Messages:  created: 15791   present: 2437   in FES: 2390
** Event #84199   t=86400   Elapsed: 54.143s (0m 54s)
     Speed:     ev/sec=39134.6   simsec/sec=792625   ev/simsec=0.0493734
     Messages:  created: 17035   present: 0   in FES: 0

<!> No more events, simulation completed -- at t=86400s, event #84199
