** Event #0   t=0   Elapsed: 0.000s (0m 00s)
     Speed:     ev/sec=0   simsec/sec=0   ev/simsec=0
     Messages:  created: 2522   present: 2522   in FES: 2522
** Event #4352   t=1825   Elapsed: 2.005s (0m 02s)
     Speed:     ev/sec=2171.07   simsec/sec=910.224   ev/simsec=2.38521
     Messages:  created: 4690   present: 4589   in FES: 2436
** Event #4608   t=2580   Elapsed: 10.483s (0m 10s)
     Speed:     ev/sec=30.1958   simsec/sec=89.054   ev/simsec=0.339073
     Messages:  created: 4736   present: 4562   in FES: 2442
** Event #12032   t=2693   Elapsed: 19.339s (0m 19s)
     Speed:     ev/sec=838.302   simsec/sec=12.7597   ev/simsec=65.6991
     Messages:  created: 5867   present: 4444   in FES: 2434
** Event #20480   t=2928   Elapsed: 22.317s (0m 22s)
     Speed:     ev/sec=2836.8   simsec/sec=78.912   ev/simsec=35.9489
     Messages:  created: 7163   present: 4325   in FES: 2406
** Event #22784   t=3101   Elapsed: 27.474s (0m 27s)
     Speed:     ev/sec=446.858   simsec/sec=33.5531   ev/simsec=13.3179
     Messages:  created: 7519   present: 4325   in FES: 2413
** Event #28672   t=3179   Elapsed: 29.481s (0m 29s)
     Speed:     ev/sec=2933.73   simsec/sec=38.864   ev/simsec=75.4872
     Messages:  created: 8438   present: 4257   in FES: 2426
** Event #31744   t=3217   Elapsed: 31.567s (0m 31s)
     Speed:     ev/sec=1473.38   simsec/sec=18.2254   ev/simsec=80.8421
     Messages:  created: 8918   present: 4213   in FES: 2418
** Event #35072   t=3260   Elapsed: 38.419s (0m 38s)
     Speed:     ev/sec=485.698   simsec/sec=6.27554   ev/simsec=77.3953
     Messages:  created: 9436   present: 4158   in FES: 2410
** Event #54784   t=3509   Elapsed: 42.519s (0m 42s)
     Speed:     ev/sec=4808.98   simsec/sec=60.7465   ev/simsec=79.1647
     Messages:  created: 12556   present: 3904   in FES: 2405
** Event #73472   t=3738   Elapsed: 45.542s (0m 45s)
     Speed:     ev/sec=6183.98   simsec/sec=75.7776   ev/simsec=81.607
     Messages:  created: 15496   present: 3687   in FES: 2432
** Event #78848   t=3798   Elapsed: 47.792s (0m 47s)
     Speed:     ev/sec=2389.33   simsec/sec=26.6667   ev/simsec=89.6
     Messages:  created: 16332   present: 3620   in FES: 2421
** Event #91136   t=3947   Elapsed: 58.360s (0m 58s)
     Speed:     ev/sec=1162.76   simsec/sec=14.0992   ev/simsec=82.4698
     Messages:  created: 18226   present: 3462   in FES: 2403
** Event #92416   t=3964   Elapsed: 66.618s (1m 06s)
     Speed:     ev/sec=155.02   simsec/sec=2.05886   ev/simsec=75.2941
     Messages:  created: 18427   present: 3438   in FES: 2393
** Event #98560   t=4048   Elapsed: 79.980s (1m 19s)
     Speed:     ev/sec=459.846   simsec/sec=6.28695   ev/simsec=73.1429
     Messages:  created: 19396   present: 3353   in FES: 2395
** Event #101632   t=4088   Elapsed: 82.367s (1m 22s)
     Speed:     ev/sec=1287.51   simsec/sec=16.7645   ev/simsec=76.8
     Messages:  created: 19882   present: 3351   in FES: 2386
** Event #112640   t=4249   Elapsed: 89.701s (1m 29s)
     Speed:     ev/sec=1500.95   simsec/sec=21.9525   ev/simsec=68.3727
     Messages:  created: 21608   present: 3336   in FES: 2377
** Event #120576   t=4369   Elapsed: 98.320s (1m 38s)
     Speed:     ev/sec=920.863   simsec/sec=13.9243   ev/simsec=66.1333
     Messages:  created: 22826   present: 3221   in FES: 2385
** Event #125696   t=4434   Elapsed: 105.995s (1m 45s)
     Speed:     ev/sec=667.101   simsec/sec=8.46906   ev/simsec=78.7692
     Messages:  created: 23598   present: 3151   in FES: 2389
** Event #130048   t=4547   Elapsed: 110.041s (1m 50s)
     Speed:     ev/sec=1075.9   simsec/sec=27.9357   ev/simsec=38.5133
     Messages:  created: 24224   present: 3025   in FES: 2353
** Event #134400   t=7796   Elapsed: 119.672s (1m 59s)
     Speed:     ev/sec=451.874   simsec/sec=337.348   ev/simsec=1.33949
     Messages:  created: 24927   present: 2671   in FES: 2284
** Event #149504   t=8108   Elapsed: 121.958s (2m 01s)
     Speed:     ev/sec=6607.17   simsec/sec=136.483   ev/simsec=48.4103
     Messages:  created: 27216   present: 2442   in FES: 2263
** Event #149760   t=8315   Elapsed: 124.093s (2m 04s)
     Speed:     ev/sec=119.963   simsec/sec=97.0009   ev/simsec=1.23671
     Messages:  created: 27254   present: 2433   in FES: 2261
** Event #150016   t=8319   Elapsed: 128.253s (2m 08s)
     Speed:     ev/sec=61.5533   simsec/sec=0.96177   ev/simsec=64
     Messages:  created: 27295   present: 2433   in FES: 2275
** Event #160762   t=86400   Elapsed: 128.840s (2m 08s)
     Speed:     ev/sec=18304.9   simsec/sec=133017   ev/simsec=0.137614
     Messages:  created: 29542   present: 0   in FES: 0

<!> No more events, simulation completed -- at t=86400s, event #160762
