** Event #0   t=0   Elapsed: 0.000s (0m 00s)
     Speed:     ev/sec=0   simsec/sec=0   ev/simsec=0
     Messages:  created: 2522   present: 2522   in FES: 2522
** Event #2560   t=2579   Elapsed: 9.941s (0m 09s)
     Speed:     ev/sec=257.62   simsec/sec=259.431   ev/simsec=0.993021
     Messages:  created: 3728   present: 3564   in FES: 2439
** Event #9984   t=2692   Elapsed: 18.905s (0m 18s)
     Speed:     ev/sec=828.294   simsec/sec=12.6074   ev/simsec=65.6991
     Messages:  created: 4860   present: 3447   in FES: 2441
** Event #18688   t=2944   Elapsed: 21.901s (0m 21s)
     Speed:     ev/sec=2905.21   simsec/sec=84.1121   ev/simsec=34.5397
     Messages:  created: 6195   present: 3325   in FES: 2406
** Event #20992   t=3104   Elapsed: 27.037s (0m 27s)
     Speed:     ev/sec=448.685   simsec/sec=31.1587   ev/simsec=14.4
     Messages:  created: 6552   present: 3327   in FES: 2418
** Event #26368   t=3176   Elapsed: 29.054s (0m 29s)
     Speed:     ev/sec=2665.34   simsec/sec=35.6966   ev/simsec=74.6667
     Messages:  created: 7390   present: 3252   in FES: 2420
** Event #29952   t=3219   Elapsed: 31.184s (0m 31s)
     Speed:     ev/sec=1683.42   simsec/sec=20.1973   ev/simsec=83.3488
     Messages:  created: 7953   present: 3211   in FES: 2433
** Event #33024   t=3259   Elapsed: 38.113s (0m 38s)
     Speed:     ev/sec=443.354   simsec/sec=5.77284   ev/simsec=76.8
     Messages:  created: 8431   present: 3166   in FES: 2427
** Event #52480   t=3507   Elapsed: 41.857s (0m 41s)
     Speed:     ev/sec=5197.97   simsec/sec=66.257   ev/simsec=78.4516
     Messages:  created: 11507   present: 2917   in FES: 2413
** Event #78336   t=3928   Elapsed: 43.868s (0m 43s)
     Speed:     ev/sec=12857.3   simsec/sec=209.349   ev/simsec=61.4157
     Messages:  created: 15513   present: 2481   in FES: 2389
** Event #79104   t=3944   Elapsed: 49.810s (0m 49s)
     Speed:     ev/sec=129.271   simsec/sec=2.69315   ev/simsec=48
     Messages:  created: 15631   present: 2466   in FES: 2398
** Event #80128   t=3967   Elapsed: 54.387s (0m 54s)
     Speed:     ev/sec=223.727   simsec/sec=5.02513   ev/simsec=44.5217
     Messages:  created: 15791   present: 2437   in FES: 2390
** Event #84199   t=86400   Elapsed: 54.490s (0m 54s)
     Speed:     ev/sec=39902   simsec/sec=808167   ev/simsec=0.0493734
     Messages:  created: 17035   present: 0   in FES: 0

<!> No more events, simulation completed -- at t=86400s, event #84199
