** Event #0   t=0   Elapsed: 0.000s (0m 00s)
     Speed:     ev/sec=0   simsec/sec=0   ev/simsec=0
     Messages:  created: 2522   present: 2522   in FES: 2522
** Event #3584   t=2580   Elapsed: 10.131s (0m 10s)
     Speed:     ev/sec=353.864   simsec/sec=254.664   ev/simsec=1.38953
     Messages:  created: 4230   present: 4056   in FES: 2426
** Event #11008   t=2693   Elapsed: 18.954s (0m 18s)
     Speed:     ev/sec=841.533   simsec/sec=12.8089   ev/simsec=65.6991
     Messages:  created: 5361   present: 3938   in FES: 2420
** Event #19456   t=2926   Elapsed: 21.161s (0m 21s)
     Speed:     ev/sec=3827.82   simsec/sec=105.573   ev/simsec=36.2575
     Messages:  created: 6660   present: 3826   in FES: 2409
** Event #21760   t=3100   Elapsed: 25.622s (0m 25s)
     Speed:     ev/sec=516.592   simsec/sec=39.0135   ev/simsec=13.2414
     Messages:  created: 7017   present: 3833   in FES: 2421
** Event #25856   t=3158   Elapsed: 28.882s (0m 28s)
     Speed:     ev/sec=1256.44   simsec/sec=17.7914   ev/simsec=70.6207
     Messages:  created: 7652   present: 3771   in FES: 2416
** Event #30976   t=3220   Elapsed: 31.141s (0m 31s)
     Speed:     ev/sec=2267.49   simsec/sec=27.4579   ev/simsec=82.5806
     Messages:  created: 8454   present: 3709   in FES: 2417
** Event #34048   t=3259   Elapsed: 37.958s (0m 37s)
     Speed:     ev/sec=450.638   simsec/sec=5.72099   ev/simsec=78.7692
     Messages:  created: 8934   present: 3668   in FES: 2422
** Event #53760   t=3508   Elapsed: 42.060s (0m 42s)
     Speed:     ev/sec=4805.46   simsec/sec=60.7021   ev/simsec=79.1647
     Messages:  created: 12055   present: 3418   in FES: 2425
** Event #72448   t=3738   Elapsed: 45.138s (0m 45s)
     Speed:     ev/sec=6073.45   simsec/sec=74.7481   ev/simsec=81.2522
     Messages:  created: 14990   present: 3182   in FES: 2419
** Event #77824   t=3798   Elapsed: 47.369s (0m 47s)
     Speed:     ev/sec=2409.68   simsec/sec=26.8938   ev/simsec=89.6
     Messages:  created: 15826   present: 3115   in FES: 2405
** Event #89856   t=3944   Elapsed: 54.268s (0m 54s)
     Speed:     ev/sec=1744.02   simsec/sec=21.1625   ev/simsec=82.411
     Messages:  created: 17682   present: 2967   in FES: 2404
** Event #91136   t=3964   Elapsed: 62.580s (1m 02s)
     Speed:     ev/sec=153.994   simsec/sec=2.40616   ev/simsec=64
     Messages:  created: 17881   present: 2942   in FES: 2401
** Event #95744   t=4050   Elapsed: 73.923s (1m 13s)
     Speed:     ev/sec=406.242   simsec/sec=7.58177   ev/simsec=53.5814
     Messages:  created: 18599   present: 2855   in FES: 2397
** Event #98048   t=4086   Elapsed: 78.057s (1m 18s)
     Speed:     ev/sec=557.464   simsec/sec=8.71038   ev/simsec=64
     Messages:  created: 18954   present: 2853   in FES: 2401
** Event #107776   t=4251   Elapsed: 85.243s (1m 25s)
     Speed:     ev/sec=1353.74   simsec/sec=22.9613   ev/simsec=58.9576
     Messages:  created: 20443   present: 2839   in FES: 2379
** Event #114176   t=4367   Elapsed: 90.171s (1m 30s)
     Speed:     ev/sec=1298.96   simsec/sec=23.5437   ev/simsec=55.1724
     Messages:  created: 21416   present: 2718   in FES: 2373
** Event #117248   t=4434   Elapsed: 94.193s (1m 34s)
     Speed:     ev/sec=763.799   simsec/sec=16.6584   ev/simsec=45.8507
     Messages:  created: 21875   present: 2644   in FES: 2368
** Event #124698   t=86400   Elapsed: 94.414s (1m 34s)
     Speed:     ev/sec=33859.1   simsec/sec=372573   ev/simsec=0.0908791
     Messages:  created: 23646   present: 0   in FES: 0

<!> No more events, simulation completed -- at t=86400s, event #124698
