** Event #0   t=0   Elapsed: 1.8e-05s (0m 00s)
     Speed:     ev/sec=0   simsec/sec=0   ev/simsec=0
     Messages:  created: 252328   present: 252328   in FES: 252328
** Event #609280   t=233550   Elapsed: 2.00019s (0m 02s)
     Speed:     ev/sec=304613   simsec/sec=116764   ev/simsec=2.60878
     Messages:  created: 325832   present: 229868   in FES: 227934
** Event #1008640   t=374000   Elapsed: 4.74263s (0m 04s)
     Speed:     ev/sec=145622   simsec/sec=51213.6   ev/simsec=2.84343
     Messages:  created: 372076   present: 213848   in FES: 213158
** Event #1043456   t=392431.666666666592   Elapsed: 7.46243s (0m 07s)
     Speed:     ev/sec=12800.9   simsec/sec=6776.82   ev/simsec=1.88892
     Messages:  created: 376703   present: 213196   in FES: 211258
** Event #1086720   t=398940   Elapsed: 9.46263s (0m 09s)
     Speed:     ev/sec=21629.9   simsec/sec=3253.85   ev/simsec=6.64748
     Messages:  created: 381634   present: 211691   in FES: 210559
** Event #1128960   t=416200   Elapsed: 11.6871s (0m 11s)
     Speed:     ev/sec=18988.9   simsec/sec=7759.2   ev/simsec=2.44728
     Messages:  created: 386171   present: 210381   in FES: 208811
** Event #1177088   t=428040   Elapsed: 14.1087s (0m 14s)
     Speed:     ev/sec=19874.4   simsec/sec=4889.31   ev/simsec=4.06486
     Messages:  created: 390978   present: 209652   in FES: 207573
** Event #1284864   t=457430.666666666813   Elapsed: 16.1088s (0m 16s)
     Speed:     ev/sec=53886.1   simsec/sec=14694.8   ev/simsec=3.66701
     Messages:  created: 403329   present: 205216   in FES: 204500
** Event #1527808   t=547793.333333333417   Elapsed: 19.0494s (0m 19s)
     Speed:     ev/sec=82616.2   simsec/sec=30729   ev/simsec=2.68854
     Messages:  created: 431687   present: 195906   in FES: 195017
** Event #1849856   t=648700   Elapsed: 21.0498s (0m 21s)
     Speed:     ev/sec=160992   simsec/sec=50443.4   ev/simsec=3.19154
     Messages:  created: 468378   present: 185580   in FES: 184399
** Event #2306048   t=820555.666666666745   Elapsed: 23.2297s (0m 23s)
     Speed:     ev/sec=209271   simsec/sec=78835.9   ev/simsec=2.65451
     Messages:  created: 523664   present: 167989   in FES: 166528
** Event #2558208   t=911067.466666666738   Elapsed: 26.0518s (0m 26s)
     Speed:     ev/sec=89351.6   simsec/sec=32072.4   ev/simsec=2.78594
     Messages:  created: 554063   present: 158582   in FES: 157072
** Event #2704384   t=963060   Elapsed: 29.1449s (0m 29s)
     Speed:     ev/sec=47259.6   simsec/sec=16809.5   ev/simsec=2.81148
     Messages:  created: 570619   present: 154073   in FES: 151665
** Event #3185408   t=1129569.799999999901   Elapsed: 31.1451s (0m 31s)
     Speed:     ev/sec=240487   simsec/sec=83246.2   ev/simsec=2.88886
     Messages:  created: 626285   present: 135783   in FES: 134307
** Event #3616000   t=1289170   Elapsed: 33.1457s (0m 33s)
     Speed:     ev/sec=215227   simsec/sec=79774.4   ev/simsec=2.69794
     Messages:  created: 676419   present: 120412   in FES: 117763
** Event #3828224   t=1358850.3333333334   Elapsed: 35.1463s (0m 35s)
     Speed:     ev/sec=106081   simsec/sec=34830   ev/simsec=3.04568
     Messages:  created: 700992   present: 112518   in FES: 110487
** Event #4287232   t=1508580   Elapsed: 37.1471s (0m 37s)
     Speed:     ev/sec=229406   simsec/sec=74833   ev/simsec=3.06558
     Messages:  created: 752633   present: 95712   in FES: 94873
** Event #4453120   t=1570110   Elapsed: 40.8879s (0m 40s)
     Speed:     ev/sec=44346   simsec/sec=16448.5   ev/simsec=2.69605
     Messages:  created: 772050   present: 89662   in FES: 88470
** Event #4647936   t=1581592.333333333454   Elapsed: 43.4854s (0m 43s)
     Speed:     ev/sec=75002.7   simsec/sec=4420.61   ev/simsec=16.9666
     Messages:  created: 788573   present: 88215   in FES: 87299
** Event #4981248   t=1661623.333333333711   Elapsed: 45.4857s (0m 45s)
     Speed:     ev/sec=166626   simsec/sec=40008.2   ev/simsec=4.16479
     Messages:  created: 822839   present: 80294   in FES: 78960
** Event #5046784   t=1683777.999999999902   Elapsed: 47.487s (0m 47s)
     Speed:     ev/sec=32747.6   simsec/sec=11070.4   ev/simsec=2.95811
     Messages:  created: 830713   present: 77691   in FES: 76666
** Event #5082624   t=1704870   Elapsed: 50.675s (0m 50s)
     Speed:     ev/sec=11242.1   simsec/sec=6616.03   ev/simsec=1.69922
     Messages:  created: 835226   present: 76892   in FES: 74457
** Event #5082880   t=1706150   Elapsed: 53.4479s (0m 53s)
     Speed:     ev/sec=92.3222   simsec/sec=461.611   ev/simsec=0.2
     Messages:  created: 835354   present: 76892   in FES: 74329
** Event #5131264   t=1721928.666666666625   Elapsed: 57.3926s (0m 57s)
     Speed:     ev/sec=12265.5   simsec/sec=3999.95   ev/simsec=3.06642
     Messages:  created: 841033   present: 74892   in FES: 72693
** Event #5396992   t=1811550   Elapsed: 59.6054s (0m 59s)
     Speed:     ev/sec=120087   simsec/sec=40501.5   ev/simsec=2.96501
     Messages:  created: 872045   present: 65530   in FES: 63335
** Event #5659136   t=1901038.333333333577   Elapsed: 63.1374s (1m 03s)
     Speed:     ev/sec=74220.4   simsec/sec=25336.7   ev/simsec=2.92937
     Messages:  created: 902469   present: 56272   in FES: 54008
** Event #5929216   t=1989535.666666666993   Elapsed: 67.4301s (1m 07s)
     Speed:     ev/sec=62916   simsec/sec=20615.7   ev/simsec=3.05184
     Messages:  created: 934120   present: 46807   in FES: 44797
** Event #6194432   t=2079599.999999999786   Elapsed: 69.4301s (1m 09s)
     Speed:     ev/sec=132604   simsec/sec=45030.7   ev/simsec=2.94474
     Messages:  created: 965996   present: 37223   in FES: 35414
** Event #6437120   t=2167437.800000000214   Elapsed: 73.6938s (1m 13s)
     Speed:     ev/sec=56920.5   simsec/sec=20601.6   ev/simsec=2.76291
     Messages:  created: 995138   present: 27686   in FES: 26250
** Event #6714112   t=2255326   Elapsed: 78.4648s (1m 18s)
     Speed:     ev/sec=58056.9   simsec/sec=18421.2   ev/simsec=3.15164
     Messages:  created: 1026082   present: 18276   in FES: 17093
** Event #6969856   t=2343370   Elapsed: 124.617s (2m 04s)
     Speed:     ev/sec=5541.27   simsec/sec=1907.67   ev/simsec=2.90473
     Messages:  created: 1055268   present: 8702   in FES: 7928
** Event #6970112   t=2343401.00000000019   Elapsed: 175.778s (2m 55s)
     Speed:     ev/sec=5.00385   simsec/sec=0.605934   ev/simsec=8.25806
     Messages:  created: 1055289   present: 8679   in FES: 7927
** Event #6970368   t=2343433.000000000194   Elapsed: 220.93s (3m 40s)
     Speed:     ev/sec=5.6697   simsec/sec=0.708713   ev/simsec=8
     Messages:  created: 1055310   present: 8655   in FES: 7912
** Event #6970624   t=2343465.000000000198   Elapsed: 269.327s (4m 29s)
     Speed:     ev/sec=5.28958   simsec/sec=0.661198   ev/simsec=8
     Messages:  created: 1055331   present: 8636   in FES: 7907
** Event #6970880   t=2343494.333333333535   Elapsed: 318.334s (5m 18s)
     Speed:     ev/sec=5.22374   simsec/sec=0.598554   ev/simsec=8.72727
     Messages:  created: 1055351   present: 8605   in FES: 7899
** Event #6971136   t=2343526.333333333539   Elapsed: 367.577s (6m 07s)
     Speed:     ev/sec=5.19875   simsec/sec=0.649843   ev/simsec=8
     Messages:  created: 1055372   present: 8589   in FES: 7894
** Event #6971392   t=2343558.333333333543   Elapsed: 417.028s (6m 57s)
     Speed:     ev/sec=5.17679   simsec/sec=0.647099   ev/simsec=8
     Messages:  created: 1055393   present: 8574   in FES: 7889
** Event #6971648   t=2343590   Elapsed: 463.643s (7m 43s)
     Speed:     ev/sec=5.49181   simsec/sec=0.679326   ev/simsec=8.08421
     Messages:  created: 1055417   present: 8561   in FES: 7890
** Event #6971904   t=2343630.333333333552   Elapsed: 530.209s (8m 50s)
     Speed:     ev/sec=3.84581   simsec/sec=0.605915   ev/simsec=6.34711
     Messages:  created: 1055438   present: 8543   in FES: 7883
** Event #6972160   t=2343675.666666666891   Elapsed: 597.263s (9m 57s)
     Speed:     ev/sec=3.81785   simsec/sec=0.676078   ev/simsec=5.64706
     Messages:  created: 1055459   present: 8527   in FES: 7874
** Event #6972416   t=2343718.333333333563   Elapsed: 666.39s (11m 06s)
     Speed:     ev/sec=3.7033   simsec/sec=0.617216   ev/simsec=6
     Messages:  created: 1055479   present: 8506   in FES: 7874
** Event #6972672   t=2343761.000000000235   Elapsed: 732.129s (12m 12s)
     Speed:     ev/sec=3.8942   simsec/sec=0.649033   ev/simsec=6
     Messages:  created: 1055500   present: 8490   in FES: 7863
** Event #6972928   t=2343980   Elapsed: 789.17s (13m 09s)
     Speed:     ev/sec=4.48798   simsec/sec=3.83933   ev/simsec=1.16895
     Messages:  created: 1055536   present: 8475   in FES: 7839
** Event #7014656   t=2368022.66666666675   Elapsed: 791.19s (13m 11s)
     Speed:     ev/sec=20660   simsec/sec=11903.8   ev/simsec=1.73558
     Messages:  created: 1060890   present: 6750   in FES: 5393
** Event #7021568   t=2368465.333333333472   Elapsed: 793.248s (13m 13s)
     Speed:     ev/sec=3359.22   simsec/sec=215.135   ev/simsec=15.6145
     Messages:  created: 1061431   present: 6579   in FES: 5344
** Event #7135488   t=2405510   Elapsed: 795.385s (13m 15s)
     Speed:     ev/sec=53314.3   simsec/sec=17336.8   ev/simsec=3.07521
     Messages:  created: 1074416   present: 1556   in FES: 1472
** Event #7148175   t=2419200   Elapsed: 795.994s (13m 15s)
     Speed:     ev/sec=20813.9   simsec/sec=22461.1   ev/simsec=0.926662
     Messages:  created: 1076514   present: 0   in FES: 0

<!> No more events, simulation completed -- at t=2419200s, event #7148175
