** Event #0   t=0   Elapsed: 1.5e-05s (0m 00s)
     Speed:     ev/sec=0   simsec/sec=0   ev/simsec=0
     Messages:  created: 63264   present: 63264   in FES: 63264
** Event #1086976   t=355510   Elapsed: 2.00055s (0m 02s)
     Speed:     ev/sec=543342   simsec/sec=177707   ev/simsec=3.05751
     Messages:  created: 199867   present: 27185   in FES: 26122
** Event #1734912   t=577757.333333333464   Elapsed: 4.02403s (0m 04s)
     Speed:     ev/sec=320209   simsec/sec=109834   ev/simsec=2.91538
     Messages:  created: 282311   present: 3268   in FES: 2877
** Event #1736192   t=577950   Elapsed: 6.06999s (0m 06s)
     Speed:     ev/sec=625.623   simsec/sec=94.1693   ev/simsec=6.6436
     Messages:  created: 282423   present: 3177   in FES: 2853
** Event #1737472   t=578146.666666666846   Elapsed: 8.12548s (0m 08s)
     Speed:     ev/sec=622.723   simsec/sec=95.6787   ev/simsec=6.50847
     Messages:  created: 282535   present: 3076   in FES: 2829
** Event #1738752   t=578340   Elapsed: 10.1734s (0m 10s)
     Speed:     ev/sec=625.013   simsec/sec=94.4029   ev/simsec=6.62069
     Messages:  created: 282647   present: 2976   in FES: 2815
** Event #1740032   t=578533.333333333561   Elapsed: 12.2387s (0m 12s)
     Speed:     ev/sec=619.769   simsec/sec=93.611   ev/simsec=6.62069
     Messages:  created: 282758   present: 2884   in FES: 2788
** Event #1785460   t=604800   Elapsed: 13.3102s (0m 13s)
     Speed:     ev/sec=42398.1   simsec/sec=24515.3   ev/simsec=1.72945
     Messages:  created: 288814   present: 1   in FES: 0

<!> No more events, simulation completed -- at t=604800s, event #1785460
undisposed object: (BundlePacket) RegionsNetwork.regionNode[5].dtn.Src:A6,Dst:A2,ID:288422 -- check module destructor
