** Event #0   t=0   Elapsed: 7e-06s (0m 00s)  0% completed  (33% total)
     Speed:     ev/sec=0   simsec/sec=0   ev/simsec=0
     Messages:  created: 23757   present: 23757   in FES: 23758
** Event #256   t=0   Elapsed: 17.6837s (0m 17s)  0% completed  (33% total)
     Speed:     ev/sec=14.5332   simsec/sec=0   ev/simsec=0
     Messages:  created: 23985   present: 23857   in FES: 23829
** Event #512   t=0   Elapsed: 49.8353s (0m 49s)  0% completed  (33% total)
     Speed:     ev/sec=7.96226   simsec/sec=0   ev/simsec=0
     Messages:  created: 23998   present: 23870   in FES: 23659
** Event #24320   t=14400   Elapsed: 52.0353s (0m 52s)  14% completed  (38% total)
     Speed:     ev/sec=10822   simsec/sec=6545.57   ev/simsec=1.65333
     Messages:  created: 28494   present: 20094   in FES: 19834
** Event #51200   t=28800.1   Elapsed: 54.3736s (0m 54s)  28% completed  (42% total)
     Speed:     ev/sec=11495.4   simsec/sec=6158.29   ev/simsec=1.86665
     Messages:  created: 33429   present: 16188   in FES: 15950
** Event #76032   t=43200   Elapsed: 56.548s (0m 56s)  43% completed  (47% total)
     Speed:     ev/sec=11420.3   simsec/sec=6622.56   ev/simsec=1.72446
     Messages:  created: 38103   present: 12409   in FES: 12166
** Event #99584   t=55189   Elapsed: 58.5599s (0m 58s)  55% completed  (51% total)
     Speed:     ev/sec=11706.5   simsec/sec=5959.1   ev/simsec=1.96447
     Messages:  created: 42451   present: 8915   in FES: 8655
** Event #115712   t=64800.2   Elapsed: 60.9073s (1m 00s)  64% completed  (54% total)
     Speed:     ev/sec=6870.62   simsec/sec=4094.43   ev/simsec=1.67804
     Messages:  created: 45490   present: 6324   in FES: 6074
** Event #133888   t=75706   Elapsed: 62.9711s (1m 02s)  75% completed  (58% total)
     Speed:     ev/sec=8806.99   simsec/sec=5284.29   ev/simsec=1.66664
     Messages:  created: 48950   present: 3315   in FES: 3061
** Event #153856   t=93600   Elapsed: 65.2635s (1m 05s)  93% completed  (64% total)
     Speed:     ev/sec=8710.62   simsec/sec=7805.88   ev/simsec=1.1159
     Messages:  created: 52761   present: 435   in FES: 176
** Event #154133   t=100000   Elapsed: 65.9452s (1m 05s)  100% completed  (66% total)
     Speed:     ev/sec=404.833   simsec/sec=5280.43   ev/simsec=0.0766667
     Messages:  created: 52861   present: 535   in FES: 100

<!> Simulation time limit reached -- at t=100000s, event #154133
