** Event #0   t=0   Elapsed: 6e-06s (0m 00s)  0% completed  (66% total)
     Speed:     ev/sec=0   simsec/sec=0   ev/simsec=0
     Messages:  created: 23757   present: 23757   in FES: 23758
** Event #256   t=0   Elapsed: 13.733s (0m 13s)  0% completed  (66% total)
     Speed:     ev/sec=18.7141   simsec/sec=0   ev/simsec=0
     Messages:  created: 23985   present: 23857   in FES: 23829
** Event #512   t=0   Elapsed: 42.9995s (0m 42s)  0% completed  (66% total)
     Speed:     ev/sec=8.74721   simsec/sec=0   ev/simsec=0
     Messages:  created: 23998   present: 23870   in FES: 23659
** Event #11008   t=2520   Elapsed: 45.2183s (0m 45s)  2% completed  (67% total)
     Speed:     ev/sec=4730.46   simsec/sec=1135.74   ev/simsec=4.16508
     Messages:  created: 26139   present: 23723   in FES: 22946
** Event #31232   t=4712.9   Elapsed: 47.2356s (0m 47s)  4% completed  (68% total)
     Speed:     ev/sec=10025.1   simsec/sec=1087.03   ev/simsec=9.22249
     Messages:  created: 29406   present: 23184   in FES: 22187
** Event #67584   t=6899   Elapsed: 49.2585s (0m 49s)  6% completed  (68% total)
     Speed:     ev/sec=17969.9   simsec/sec=1080.66   ev/simsec=16.6287
     Messages:  created: 34912   present: 22627   in FES: 21723
** Event #99072   t=9415.5   Elapsed: 51.5344s (0m 51s)  9% completed  (69% total)
     Speed:     ev/sec=13835.7   simsec/sec=1105.74   ev/simsec=12.5126
     Messages:  created: 39614   present: 22163   in FES: 21261
** Event #128512   t=11520   Elapsed: 53.5672s (0m 53s)  11% completed  (70% total)
     Speed:     ev/sec=14482.1   simsec/sec=1035.24   ev/simsec=13.9891
     Messages:  created: 44352   present: 21638   in FES: 20568
** Event #156416   t=14040   Elapsed: 55.7375s (0m 55s)  14% completed  (71% total)
     Speed:     ev/sec=12857.3   simsec/sec=1161.13   ev/simsec=11.073
     Messages:  created: 48698   present: 20954   in FES: 19878
** Event #185856   t=16200   Elapsed: 57.8803s (0m 57s)  16% completed  (72% total)
     Speed:     ev/sec=13739.1   simsec/sec=1008.04   ev/simsec=13.6296
     Messages:  created: 53045   present: 20077   in FES: 19141
** Event #217344   t=18362.3   Elapsed: 59.8915s (0m 59s)  18% completed  (72% total)
     Speed:     ev/sec=15656.1   simsec/sec=1075.12   ev/simsec=14.5623
     Messages:  created: 57865   present: 19489   in FES: 18525
** Event #254464   t=20647.9   Elapsed: 61.9241s (1m 01s)  20% completed  (73% total)
     Speed:     ev/sec=18263.1   simsec/sec=1124.52   ev/simsec=16.2408
     Messages:  created: 63455   present: 19035   in FES: 18208
** Event #280064   t=22680   Elapsed: 63.9361s (1m 03s)  22% completed  (74% total)
     Speed:     ev/sec=12723.2   simsec/sec=1009.95   ev/simsec=12.5978
     Messages:  created: 67665   present: 18547   in FES: 17536
** Event #303360   t=24840   Elapsed: 65.9443s (1m 05s)  24% completed  (74% total)
     Speed:     ev/sec=11600.9   simsec/sec=1075.63   ev/simsec=10.7852
     Messages:  created: 71256   present: 17830   in FES: 16831
** Event #340480   t=27035   Elapsed: 68.0307s (1m 08s)  27% completed  (75% total)
     Speed:     ev/sec=17791.3   simsec/sec=1052.04   ev/simsec=16.9112
     Messages:  created: 76957   present: 17037   in FES: 16120
** Event #371456   t=29194.3   Elapsed: 70.0424s (1m 10s)  29% completed  (76% total)
     Speed:     ev/sec=15397.5   simsec/sec=1073.34   ev/simsec=14.3454
     Messages:  created: 81761   present: 16799   in FES: 15898
** Event #405760   t=31320   Elapsed: 72.1418s (1m 12s)  31% completed  (77% total)
     Speed:     ev/sec=16340.2   simsec/sec=1012.55   ev/simsec=16.1377
     Messages:  created: 87412   present: 16317   in FES: 15238
** Event #438784   t=33504   Elapsed: 74.202s (1m 14s)  33% completed  (77% total)
     Speed:     ev/sec=16029.7   simsec/sec=1060.11   ev/simsec=15.1209
     Messages:  created: 92371   present: 15323   in FES: 14476
** Event #463616   t=35845.6   Elapsed: 76.2036s (1m 16s)  35% completed  (78% total)
     Speed:     ev/sec=12405.6   simsec/sec=1169.82   ev/simsec=10.6047
     Messages:  created: 96263   present: 14696   in FES: 13812
** Event #491264   t=37800.4   Elapsed: 78.2143s (1m 18s)  37% completed  (79% total)
     Speed:     ev/sec=13750.7   simsec/sec=972.22   ev/simsec=14.1436
     Messages:  created: 100744   present: 14725   in FES: 13603
** Event #526592   t=39960.2   Elapsed: 80.252s (1m 20s)  39% completed  (79% total)
     Speed:     ev/sec=17337.5   simsec/sec=1059.94   ev/simsec=16.3571
     Messages:  created: 105982   present: 13690   in FES: 12926
** Event #552960   t=42480   Elapsed: 82.3767s (1m 22s)  42% completed  (80% total)
     Speed:     ev/sec=12410.1   simsec/sec=1185.94   ev/simsec=10.4643
     Messages:  created: 110289   present: 13275   in FES: 12232
** Event #582400   t=44640   Elapsed: 84.5662s (1m 24s)  44% completed  (81% total)
     Speed:     ev/sec=13445.7   simsec/sec=986.506   ev/simsec=13.6296
     Messages:  created: 114816   present: 12395   in FES: 11469
** Event #613376   t=46834.1   Elapsed: 86.6364s (1m 26s)  46% completed  (82% total)
     Speed:     ev/sec=14962.9   simsec/sec=1059.85   ev/simsec=14.1179
     Messages:  created: 119550   present: 11779   in FES: 10832
** Event #651520   t=48960.2   Elapsed: 88.7274s (1m 28s)  48% completed  (82% total)
     Speed:     ev/sec=18241.8   simsec/sec=1016.78   ev/simsec=17.9408
     Messages:  created: 125345   present: 11381   in FES: 10589
** Event #682752   t=51120   Elapsed: 90.7927s (1m 30s)  51% completed  (83% total)
     Speed:     ev/sec=15122.7   simsec/sec=1045.79   ev/simsec=14.4606
     Messages:  created: 130261   present: 10744   in FES: 9886
** Event #706304   t=53280   Elapsed: 92.8411s (1m 32s)  53% completed  (84% total)
     Speed:     ev/sec=11497.7   simsec/sec=1054.47   ev/simsec=10.9037
     Messages:  created: 133881   present: 10117   in FES: 9183
** Event #735744   t=55440   Elapsed: 94.8974s (1m 34s)  55% completed  (85% total)
     Speed:     ev/sec=14317   simsec/sec=1050.43   ev/simsec=13.6296
     Messages:  created: 138560   present: 9428   in FES: 8468
** Event #770560   t=57600.1   Elapsed: 96.9335s (1m 36s)  57% completed  (85% total)
     Speed:     ev/sec=17099.7   simsec/sec=1060.92   ev/simsec=16.1178
     Messages:  created: 143862   present: 9153   in FES: 8230
** Event #795904   t=59760   Elapsed: 98.969s (1m 38s)  59% completed  (86% total)
     Speed:     ev/sec=12450.7   simsec/sec=1061.09   ev/simsec=11.7339
     Messages:  created: 147933   present: 8716   in FES: 7601
** Event #822016   t=61982   Elapsed: 100.992s (1m 40s)  61% completed  (87% total)
     Speed:     ev/sec=12905.4   simsec/sec=1098.18   ev/simsec=11.7516
     Messages:  created: 151894   present: 7882   in FES: 6814
** Event #851968   t=64113.4   Elapsed: 103.044s (1m 43s)  64% completed  (88% total)
     Speed:     ev/sec=14599.8   simsec/sec=1038.93   ev/simsec=14.0527
     Messages:  created: 156323   present: 7058   in FES: 6139
** Event #879872   t=66455   Elapsed: 105.047s (1m 45s)  66% completed  (88% total)
     Speed:     ev/sec=13929.6   simsec/sec=1168.92   ev/simsec=11.9166
     Messages:  created: 160602   present: 6656   in FES: 5690
** Event #911616   t=68400.1   Elapsed: 107.082s (1m 47s)  68% completed  (89% total)
     Speed:     ev/sec=15597.8   simsec/sec=955.75   ev/simsec=16.32
     Messages:  created: 165373   present: 6023   in FES: 5234
** Event #933376   t=70896.5   Elapsed: 109.082s (1m 49s)  70% completed  (90% total)
     Speed:     ev/sec=10879.3   simsec/sec=1248.12   ev/simsec=8.71655
     Messages:  created: 168873   present: 5557   in FES: 4527
** Event #955648   t=72720.2   Elapsed: 111.105s (1m 51s)  72% completed  (90% total)
     Speed:     ev/sec=11011.1   simsec/sec=901.624   ev/simsec=12.2125
     Messages:  created: 172294   present: 4787   in FES: 3819
** Event #995584   t=74973   Elapsed: 113.23s (1m 53s)  74% completed  (91% total)
     Speed:     ev/sec=18792.3   simsec/sec=1060.08   ev/simsec=17.7273
     Messages:  created: 178458   present: 4259   in FES: 3398
** Event #1023232   t=77041.1   Elapsed: 115.238s (1m 55s)  77% completed  (92% total)
     Speed:     ev/sec=13772.2   simsec/sec=1030.17   ev/simsec=13.3688
     Messages:  created: 182671   present: 3780   in FES: 2969
** Event #1045504   t=79200   Elapsed: 117.3s (1m 57s)  79% completed  (93% total)
     Speed:     ev/sec=10800.4   simsec/sec=1046.92   ev/simsec=10.3164
     Messages:  created: 186642   present: 3440   in FES: 2239
** Event #1078528   t=81415.3   Elapsed: 119.392s (1m 59s)  81% completed  (93% total)
     Speed:     ev/sec=15783.1   simsec/sec=1058.75   ev/simsec=14.9072
     Messages:  created: 191584   present: 2500   in FES: 1521
** Event #1111552   t=83577   Elapsed: 121.463s (2m 01s)  83% completed  (94% total)
     Speed:     ev/sec=15944.4   simsec/sec=1043.69   ev/simsec=15.2769
     Messages:  created: 196658   present: 2010   in FES: 996
** Event #1149184   t=85680.2   Elapsed: 123.562s (2m 03s)  85% completed  (95% total)
     Speed:     ev/sec=17933.6   simsec/sec=1002.28   ev/simsec=17.8927
     Messages:  created: 202146   present: 1403   in FES: 635
** Event #1154304   t=88200   Elapsed: 125.703s (2m 05s)  88% completed  (96% total)
     Speed:     ev/sec=2390.87   simsec/sec=1176.66   ev/simsec=2.03191
     Messages:  created: 203456   present: 1382   in FES: 195
** Event #1155584   t=90360   Elapsed: 127.994s (2m 07s)  90% completed  (96% total)
     Speed:     ev/sec=558.9   simsec/sec=943.144   ev/simsec=0.592593
     Messages:  created: 204056   present: 1982   in FES: 115
** Event #1156864   t=92880   Elapsed: 130.076s (2m 10s)  92% completed  (97% total)
     Speed:     ev/sec=614.684   simsec/sec=1210.16   ev/simsec=0.507937
     Messages:  created: 204721   present: 2647   in FES: 165
** Event #1158144   t=95040   Elapsed: 132.268s (2m 12s)  95% completed  (98% total)
     Speed:     ev/sec=583.88   simsec/sec=985.298   ev/simsec=0.592593
     Messages:  created: 205356   present: 3282   in FES: 155
** Event #1159424   t=97560   Elapsed: 134.317s (2m 14s)  97% completed  (99% total)
     Speed:     ev/sec=624.607   simsec/sec=1229.7   ev/simsec=0.507937
     Messages:  created: 205981   present: 3907   in FES: 125
** Event #1160800   t=100000   Elapsed: 136.472s (2m 16s)  100% completed  (100% total)
     Speed:     ev/sec=638.204   simsec/sec=1002.56   ev/simsec=0.636574
     Messages:  created: 206656   present: 4582   in FES: 100

<!> Simulation time limit reached -- at t=100000s, event #1160800
