** Event #0   t=0   Elapsed: 7e-06s (0m 00s)  0% completed  (66% total)
     Speed:     ev/sec=0   simsec/sec=0   ev/simsec=0
     Messages:  created: 23757   present: 23757   in FES: 23758
** Event #256   t=0   Elapsed: 10.8228s (0m 10s)  0% completed  (66% total)
     Speed:     ev/sec=23.7462   simsec/sec=0   ev/simsec=0
     Messages:  created: 23985   present: 23857   in FES: 23829
** Event #512   t=0   Elapsed: 36.3222s (0m 36s)  0% completed  (66% total)
     Speed:     ev/sec=10.0394   simsec/sec=0   ev/simsec=0
     Messages:  created: 23998   present: 23870   in FES: 23659
** Event #3840   t=252.1   Elapsed: 38.3741s (0m 38s)  0% completed  (66% total)
     Speed:     ev/sec=1621.92   simsec/sec=122.863   ev/simsec=13.2011
     Messages:  created: 24996   present: 24551   in FES: 23634
** Event #10752   t=504.1   Elapsed: 40.4249s (0m 40s)  0% completed  (66% total)
     Speed:     ev/sec=3370.43   simsec/sec=122.88   ev/simsec=27.4286
     Messages:  created: 26403   present: 25071   in FES: 23602
** Event #16384   t=756   Elapsed: 42.4669s (0m 42s)  0% completed  (66% total)
     Speed:     ev/sec=2758.14   simsec/sec=123.362   ev/simsec=22.3581
     Messages:  created: 27712   present: 25662   in FES: 23568
** Event #20992   t=1041   Elapsed: 44.5263s (0m 44s)  1% completed  (67% total)
     Speed:     ev/sec=2237.45   simsec/sec=138.384   ev/simsec=16.1684
     Messages:  created: 28839   present: 26184   in FES: 23450
** Event #23040   t=1260   Elapsed: 46.6208s (0m 46s)  1% completed  (67% total)
     Speed:     ev/sec=977.808   simsec/sec=104.561   ev/simsec=9.3516
     Messages:  created: 29688   present: 26633   in FES: 23217
** Event #28928   t=1512.3001   Elapsed: 48.6806s (0m 48s)  1% completed  (67% total)
     Speed:     ev/sec=2858.58   simsec/sec=122.49   ev/simsec=23.3373
     Messages:  created: 30911   present: 27038   in FES: 23030
** Event #36352   t=1764.6   Elapsed: 50.7233s (0m 50s)  1% completed  (67% total)
     Speed:     ev/sec=3634.43   simsec/sec=123.514   ev/simsec=29.4253
     Messages:  created: 32425   present: 27558   in FES: 22976
** Event #46848   t=2052   Elapsed: 52.8855s (0m 52s)  2% completed  (67% total)
     Speed:     ev/sec=4854.29   simsec/sec=132.92   ev/simsec=36.5205
     Messages:  created: 34251   present: 28039   in FES: 23031
** Event #57088   t=2292.7   Elapsed: 54.8858s (0m 54s)  2% completed  (67% total)
     Speed:     ev/sec=5119.28   simsec/sec=120.333   ev/simsec=42.5426
     Messages:  created: 35982   present: 28411   in FES: 22963
** Event #83712   t=2520   Elapsed: 57.0148s (0m 57s)  2% completed  (67% total)
     Speed:     ev/sec=12505.1   simsec/sec=106.761   ev/simsec=117.132
     Messages:  created: 40794   present: 29022   in FES: 22974
** Event #111360   t=2736   Elapsed: 59.0998s (0m 59s)  2% completed  (67% total)
     Speed:     ev/sec=13260.8   simsec/sec=103.6   ev/simsec=128
     Messages:  created: 45787   present: 29600   in FES: 22926
** Event #119552   t=3024   Elapsed: 61.2701s (1m 01s)  3% completed  (67% total)
     Speed:     ev/sec=3774.6   simsec/sec=132.701   ev/simsec=28.4444
     Messages:  created: 47680   present: 30371   in FES: 22968
** Event #162048   t=3240   Elapsed: 63.5523s (1m 03s)  3% completed  (67% total)
     Speed:     ev/sec=18619.9   simsec/sec=94.6417   ev/simsec=196.741
     Messages:  created: 53723   present: 29955   in FES: 22912
** Event #198400   t=3514   Elapsed: 65.7593s (1m 05s)  3% completed  (67% total)
     Speed:     ev/sec=16471.5   simsec/sec=124.152   ev/simsec=132.672
     Messages:  created: 58210   present: 29195   in FES: 22852
** Event #211456   t=3780   Elapsed: 67.8369s (1m 07s)  3% completed  (67% total)
     Speed:     ev/sec=6284.18   simsec/sec=128.032   ev/simsec=49.0827
     Messages:  created: 60517   present: 29581   in FES: 22813
** Event #221696   t=4026   Elapsed: 69.9816s (1m 09s)  4% completed  (68% total)
     Speed:     ev/sec=4774.49   simsec/sec=114.7   ev/simsec=41.626
     Messages:  created: 62309   present: 30031   in FES: 22531
** Event #246016   t=4248.1   Elapsed: 72.1437s (1m 12s)  4% completed  (68% total)
     Speed:     ev/sec=11248.6   simsec/sec=102.726   ev/simsec=109.5
     Messages:  created: 65359   present: 29664   in FES: 22291
** Event #252928   t=4500   Elapsed: 74.1612s (1m 14s)  4% completed  (68% total)
     Speed:     ev/sec=3426.05   simsec/sec=124.858   ev/simsec=27.4395
     Messages:  created: 66682   present: 30085   in FES: 22226
** Event #267264   t=4752   Elapsed: 76.4079s (1m 16s)  4% completed  (68% total)
     Speed:     ev/sec=6380.93   simsec/sec=112.165   ev/simsec=56.8889
     Messages:  created: 69559   present: 30768   in FES: 22198
** Event #315648   t=4968   Elapsed: 78.5269s (1m 18s)  4% completed  (68% total)
     Speed:     ev/sec=22833.1   simsec/sec=101.934   ev/simsec=224
     Messages:  created: 77317   present: 30915   in FES: 22202
** Event #387584   t=5184   Elapsed: 80.5462s (1m 20s)  5% completed  (68% total)
     Speed:     ev/sec=35623.6   simsec/sec=106.966   ev/simsec=333.037
     Messages:  created: 88366   present: 30500   in FES: 22211
** Event #413696   t=5420.4   Elapsed: 82.6369s (1m 22s)  5% completed  (68% total)
     Speed:     ev/sec=12490.1   simsec/sec=113.077   ev/simsec=110.457
     Messages:  created: 92607   present: 30771   in FES: 22133
** Event #438272   t=5652   Elapsed: 84.835s (1m 24s)  5% completed  (68% total)
     Speed:     ev/sec=11180.3   simsec/sec=105.361   ev/simsec=106.114
     Messages:  created: 97070   present: 31451   in FES: 22112
** Event #453632   t=5911.1   Elapsed: 86.983s (1m 26s)  5% completed  (68% total)
     Speed:     ev/sec=7151.02   simsec/sec=120.627   ev/simsec=59.2821
     Messages:  created: 99991   present: 32141   in FES: 22095
** Event #504832   t=6120.3   Elapsed: 89.1249s (1m 29s)  6% completed  (68% total)
     Speed:     ev/sec=23903.9   simsec/sec=97.67   ev/simsec=244.742
     Messages:  created: 106298   present: 30935   in FES: 22087
** Event #541440   t=6232   Elapsed: 133.586s (2m 13s)  6% completed  (68% total)
     Speed:     ev/sec=823.367   simsec/sec=2.5123   ev/simsec=327.735
     Messages:  created: 111421   present: 30228   in FES: 22082
** Event #558080   t=6539.7   Elapsed: 135.698s (2m 15s)  6% completed  (68% total)
     Speed:     ev/sec=7880.3   simsec/sec=145.719   ev/simsec=54.0786
     Messages:  created: 114389   present: 30613   in FES: 22004
** Event #570368   t=6808   Elapsed: 137.788s (2m 17s)  6% completed  (68% total)
     Speed:     ev/sec=5878.08   simsec/sec=128.344   ev/simsec=45.7995
     Messages:  created: 116340   present: 30832   in FES: 21828
** Event #582912   t=7092   Elapsed: 139.909s (2m 19s)  7% completed  (69% total)
     Speed:     ev/sec=5914.46   simsec/sec=133.905   ev/simsec=44.169
     Messages:  created: 118486   present: 31029   in FES: 21542
** Event #594944   t=7400.2   Elapsed: 142.002s (2m 22s)  7% completed  (69% total)
     Speed:     ev/sec=5748.61   simsec/sec=147.251   ev/simsec=39.0396
     Messages:  created: 120476   present: 31395   in FES: 21465
** Event #614144   t=7704   Elapsed: 144.103s (2m 24s)  7% completed  (69% total)
     Speed:     ev/sec=9137.53   simsec/sec=144.582   ev/simsec=63.1995
     Messages:  created: 123464   present: 31701   in FES: 21478
** Event #641280   t=7956.3   Elapsed: 146.248s (2m 26s)  7% completed  (69% total)
     Speed:     ev/sec=12655.8   simsec/sec=117.669   ev/simsec=107.554
     Messages:  created: 127461   present: 31824   in FES: 21420
** Event #657920   t=7981.2   Elapsed: 180.065s (3m 00s)  7% completed  (69% total)
     Speed:     ev/sec=492.05   simsec/sec=0.736301   ev/simsec=668.273
     Messages:  created: 129875   present: 31573   in FES: 21421
** Event #693504   t=8280   Elapsed: 182.306s (3m 02s)  8% completed  (69% total)
     Speed:     ev/sec=15881.6   simsec/sec=133.359   ev/simsec=119.09
     Messages:  created: 136247   present: 32434   in FES: 21465
** Event #707072   t=8532.2   Elapsed: 184.397s (3m 04s)  8% completed  (69% total)
     Speed:     ev/sec=6489.27   simsec/sec=120.622   ev/simsec=53.7986
     Messages:  created: 138907   present: 33127   in FES: 21373
** Event #718592   t=8820.3   Elapsed: 186.405s (3m 06s)  8% completed  (69% total)
     Speed:     ev/sec=5737.36   simsec/sec=143.484   ev/simsec=39.9861
     Messages:  created: 141324   present: 33915   in FES: 21360
** Event #763136   t=9039.3   Elapsed: 188.405s (3m 08s)  9% completed  (69% total)
     Speed:     ev/sec=22267.5   simsec/sec=109.478   ev/simsec=203.397
     Messages:  created: 147281   present: 32952   in FES: 21332
** Event #804096   t=9324   Elapsed: 190.491s (3m 10s)  9% completed  (69% total)
     Speed:     ev/sec=19633.2   simsec/sec=136.464   ev/simsec=143.871
     Messages:  created: 152481   present: 32230   in FES: 21336
** Event #818432   t=9633   Elapsed: 192.749s (3m 12s)  9% completed  (69% total)
     Speed:     ev/sec=6349.88   simsec/sec=136.866   ev/simsec=46.3948
     Messages:  created: 154931   present: 32882   in FES: 21091
** Event #857856   t=9891.5   Elapsed: 194.749s (3m 14s)  9% completed  (69% total)
     Speed:     ev/sec=19706.6   simsec/sec=129.215   ev/simsec=152.511
     Messages:  created: 159802   present: 32026   in FES: 20783
** Event #873216   t=10155   Elapsed: 196.833s (3m 16s)  10% completed  (70% total)
     Speed:     ev/sec=7370.65   simsec/sec=126.443   ev/simsec=58.2922
     Messages:  created: 161990   present: 32093   in FES: 20680
** Event #894208   t=10440   Elapsed: 199.012s (3m 19s)  10% completed  (70% total)
     Speed:     ev/sec=9635.34   simsec/sec=130.815   ev/simsec=73.6561
     Messages:  created: 165809   present: 32732   in FES: 20676
** Event #933120   t=10581.4   Elapsed: 230.767s (3m 50s)  10% completed  (70% total)
     Speed:     ev/sec=1225.38   simsec/sec=4.45283   ev/simsec=275.191
     Messages:  created: 171328   present: 32111   in FES: 20639
** Event #984576   t=10800   Elapsed: 232.803s (3m 52s)  10% completed  (70% total)
     Speed:     ev/sec=25270.7   simsec/sec=107.357   ev/simsec=235.389
     Messages:  created: 178884   present: 31874   in FES: 20678
** Event #1027840   t=11023.4   Elapsed: 234.85s (3m 54s)  11% completed  (70% total)
     Speed:     ev/sec=21139.8   simsec/sec=109.158   ev/simsec=193.662
     Messages:  created: 186117   present: 32118   in FES: 20605
** Event #1046016   t=11304   Elapsed: 237.037s (3m 57s)  11% completed  (70% total)
     Speed:     ev/sec=8310.81   simsec/sec=128.302   ev/simsec=64.7755
     Messages:  created: 189609   present: 32886   in FES: 20639
** Event #1059584   t=11521   Elapsed: 239.046s (3m 59s)  11% completed  (70% total)
     Speed:     ev/sec=6754.41   simsec/sec=108.027   ev/simsec=62.5253
     Messages:  created: 192194   present: 33464   in FES: 20549
** Event #1111808   t=11736   Elapsed: 241.095s (4m 01s)  11% completed  (70% total)
     Speed:     ev/sec=25490   simsec/sec=104.939   ev/simsec=242.902
     Messages:  created: 199223   present: 32155   in FES: 20598
** Event #1148928   t=11988   Elapsed: 243.271s (4m 03s)  11% completed  (70% total)
     Speed:     ev/sec=17052.9   simsec/sec=115.769   ev/simsec=147.302
     Messages:  created: 204872   present: 31716   in FES: 20550
** Event #1161728   t=12276   Elapsed: 245.343s (4m 05s)  12% completed  (70% total)
     Speed:     ev/sec=6179.85   simsec/sec=139.047   ev/simsec=44.4444
     Messages:  created: 207033   present: 31981   in FES: 20517
** Event #1167360   t=12551   Elapsed: 247.612s (4m 07s)  12% completed  (70% total)
     Speed:     ev/sec=2481.88   simsec/sec=121.186   ev/simsec=20.48
     Messages:  created: 208243   present: 32400   in FES: 20216
** Event #1185280   t=12780.1   Elapsed: 249.709s (4m 09s)  12% completed  (70% total)
     Speed:     ev/sec=8543.24   simsec/sec=109.222   ev/simsec=78.2191
     Messages:  created: 210861   present: 32415   in FES: 20001
** Event #1201920   t=13032.1   Elapsed: 251.899s (4m 11s)  13% completed  (71% total)
     Speed:     ev/sec=7600.3   simsec/sec=115.101   ev/simsec=66.0317
     Messages:  created: 213764   present: 32754   in FES: 19941
** Event #1218304   t=13318.7   Elapsed: 253.9s (4m 13s)  13% completed  (71% total)
     Speed:     ev/sec=8185.73   simsec/sec=143.19   ev/simsec=57.1668
     Messages:  created: 216663   present: 33128   in FES: 19914
** Event #1254400   t=13536   Elapsed: 255.954s (4m 15s)  13% completed  (71% total)
     Speed:     ev/sec=17575.3   simsec/sec=105.804   ev/simsec=166.111
     Messages:  created: 222190   present: 33019   in FES: 19914
** Event #1287424   t=13824   Elapsed: 258.074s (4m 18s)  13% completed  (71% total)
     Speed:     ev/sec=15578.4   simsec/sec=135.858   ev/simsec=114.667
     Messages:  created: 228064   present: 33779   in FES: 19883
** Event #1292032   t=14148   Elapsed: 260.201s (4m 20s)  14% completed  (71% total)
     Speed:     ev/sec=2166.39   simsec/sec=152.324   ev/simsec=14.2222
     Messages:  created: 229320   present: 34559   in FES: 19842
** Event #1315328   t=14400   Elapsed: 262.238s (4m 22s)  14% completed  (71% total)
     Speed:     ev/sec=11438   simsec/sec=123.728   ev/simsec=92.4444
     Messages:  created: 233628   present: 35337   in FES: 19898
** Event #1355520   t=14616   Elapsed: 264.327s (4m 24s)  14% completed  (71% total)
     Speed:     ev/sec=19235.7   simsec/sec=103.377   ev/simsec=186.074
     Messages:  created: 239047   present: 34809   in FES: 19853
** Event #1414400   t=14868   Elapsed: 266.401s (4m 26s)  14% completed  (71% total)
     Speed:     ev/sec=28388   simsec/sec=121.498   ev/simsec=233.651
     Messages:  created: 246809   present: 33145   in FES: 19849
** Event #1420544   t=15120   Elapsed: 268.455s (4m 28s)  15% completed  (71% total)
     Speed:     ev/sec=2991.66   simsec/sec=122.705   ev/simsec=24.381
     Messages:  created: 248288   present: 33781   in FES: 19729
** Event #1432576   t=15399   Elapsed: 270.503s (4m 30s)  15% completed  (71% total)
     Speed:     ev/sec=5874.59   simsec/sec=136.221   ev/simsec=43.1254
     Messages:  created: 250394   present: 34249   in FES: 19430
** Event #1464320   t=15624.1   Elapsed: 272.578s (4m 32s)  15% completed  (71% total)
     Speed:     ev/sec=15298.9   simsec/sec=108.486   ev/simsec=141.022
     Messages:  created: 254209   present: 33097   in FES: 19216
** Event #1472000   t=15912.4   Elapsed: 274.757s (4m 34s)  15% completed  (71% total)
     Speed:     ev/sec=3524.21   simsec/sec=132.295   ev/simsec=26.6389
     Messages:  created: 255756   present: 33637   in FES: 19135
** Event #1510144   t=16144.7   Elapsed: 291.264s (4m 51s)  16% completed  (72% total)
     Speed:     ev/sec=2310.8   simsec/sec=14.073   ev/simsec=164.201
     Messages:  created: 261774   present: 33355   in FES: 19102
** Event #1570560   t=16416   Elapsed: 293.419s (4m 53s)  16% completed  (72% total)
     Speed:     ev/sec=28031.5   simsec/sec=125.876   ev/simsec=222.691
     Messages:  created: 270512   present: 32815   in FES: 19109
** Event #1612288   t=16668.7   Elapsed: 295.485s (4m 55s)  16% completed  (72% total)
     Speed:     ev/sec=20202.5   simsec/sec=122.344   ev/simsec=165.129
     Messages:  created: 277623   present: 33306   in FES: 19052
** Event #1657600   t=16956   Elapsed: 297.583s (4m 57s)  16% completed  (72% total)
     Speed:     ev/sec=21599.3   simsec/sec=136.95   ev/simsec=157.717
     Messages:  created: 285633   present: 34082   in FES: 19099
** Event #1671424   t=17208.8   Elapsed: 299.654s (4m 59s)  17% completed  (72% total)
     Speed:     ev/sec=6675.39   simsec/sec=122.073   ev/simsec=54.6835
     Messages:  created: 287963   present: 34458   in FES: 19011
** Event #1747200   t=17441.6   Elapsed: 301.654s (5m 01s)  17% completed  (72% total)
     Speed:     ev/sec=37885.1   simsec/sec=116.391   ev/simsec=325.498
     Messages:  created: 297414   present: 32484   in FES: 19015
** Event #1784576   t=17712   Elapsed: 303.655s (5m 03s)  17% completed  (72% total)
     Speed:     ev/sec=18671.6   simsec/sec=135.082   ev/simsec=138.225
     Messages:  created: 302858   present: 32273   in FES: 19020
** Event #1796352   t=17964   Elapsed: 305.772s (5m 05s)  17% completed  (72% total)
     Speed:     ev/sec=5565   simsec/sec=119.088   ev/simsec=46.7302
     Messages:  created: 304767   present: 32585   in FES: 18931
** Event #1814272   t=18252.1   Elapsed: 308.02s (5m 08s)  18% completed  (72% total)
     Speed:     ev/sec=7968.58   simsec/sec=128.111   ev/simsec=62.2006
     Messages:  created: 307429   present: 32736   in FES: 18650
** Event #1827840   t=18576   Elapsed: 310.257s (5m 10s)  18% completed  (72% total)
     Speed:     ev/sec=6064.96   simsec/sec=144.785   ev/simsec=41.8895
     Messages:  created: 309763   present: 32964   in FES: 18416
** Event #1836288   t=18861.2   Elapsed: 312.483s (5m 12s)  18% completed  (72% total)
     Speed:     ev/sec=3795.98   simsec/sec=128.15   ev/simsec=29.6213
     Messages:  created: 311636   present: 33691   in FES: 18374
** Event #1884416   t=19116.1   Elapsed: 314.698s (5m 14s)  19% completed  (73% total)
     Speed:     ev/sec=21728.8   simsec/sec=115.082   ev/simsec=188.811
     Messages:  created: 318880   present: 33165   in FES: 18362
** Event #1911552   t=19404   Elapsed: 316.832s (5m 16s)  19% completed  (73% total)
     Speed:     ev/sec=12715.7   simsec/sec=134.907   ev/simsec=94.2549
     Messages:  created: 323511   present: 33703   in FES: 18344
** Event #1936640   t=19717.2   Elapsed: 319.004s (5m 19s)  19% completed  (73% total)
     Speed:     ev/sec=11550.3   simsec/sec=144.195   ev/simsec=80.1022
     Messages:  created: 328109   present: 34467   in FES: 18313
** Event #1963520   t=19980   Elapsed: 321.207s (5m 21s)  19% completed  (73% total)
     Speed:     ev/sec=12200.3   simsec/sec=119.28   ev/simsec=102.283
     Messages:  created: 333020   present: 35257   in FES: 18299
** Event #2006016   t=20232.1   Elapsed: 323.295s (5m 23s)  20% completed  (73% total)
     Speed:     ev/sec=20356.6   simsec/sec=120.762   ev/simsec=168.568
     Messages:  created: 339369   present: 34726   in FES: 18296
** Event #2071552   t=20520   Elapsed: 325.359s (5m 25s)  20% completed  (73% total)
     Speed:     ev/sec=31750.2   simsec/sec=139.479   ev/simsec=227.635
     Messages:  created: 348314   present: 33138   in FES: 18261
** Event #2078976   t=20778.5   Elapsed: 327.433s (5m 27s)  20% completed  (73% total)
     Speed:     ev/sec=3579.5   simsec/sec=124.637   ev/simsec=28.7195
     Messages:  created: 350024   present: 33853   in FES: 18166
** Event #2090752   t=21025.3   Elapsed: 329.434s (5m 29s)  21% completed  (73% total)
     Speed:     ev/sec=5883.83   simsec/sec=123.313   ev/simsec=47.7147
     Messages:  created: 352070   present: 34278   in FES: 17971
** Event #2116864   t=21312.2   Elapsed: 331.637s (5m 31s)  21% completed  (73% total)
     Speed:     ev/sec=11856.9   simsec/sec=130.275   ev/simsec=91.0143
     Messages:  created: 355409   present: 33463   in FES: 17671
** Event #2127360   t=21600.7   Elapsed: 333.734s (5m 33s)  21% completed  (73% total)
     Speed:     ev/sec=5003.95   simsec/sec=137.542   ev/simsec=36.3813
     Messages:  created: 357284   present: 33858   in FES: 17598
** Event #2170624   t=21822.9   Elapsed: 378.298s (6m 18s)  21% completed  (73% total)
     Speed:     ev/sec=970.842   simsec/sec=4.98616   ev/simsec=194.707
     Messages:  created: 363714   present: 33429   in FES: 17565
** Event #2217984   t=22104.2   Elapsed: 380.528s (6m 20s)  22% completed  (74% total)
     Speed:     ev/sec=21232.1   simsec/sec=126.111   ev/simsec=168.361
     Messages:  created: 370467   present: 33066   in FES: 17538
** Event #2254336   t=22392   Elapsed: 382.631s (6m 22s)  22% completed  (74% total)
     Speed:     ev/sec=17286.7   simsec/sec=136.859   ev/simsec=126.31
     Messages:  created: 376973   present: 33845   in FES: 17585
** Event #2313984   t=22608   Elapsed: 384.672s (6m 24s)  22% completed  (74% total)
     Speed:     ev/sec=29232   simsec/sec=105.856   ev/simsec=276.148
     Messages:  created: 387262   present: 34444   in FES: 17549
** Event #2332672   t=22860.6   Elapsed: 386.729s (6m 26s)  22% completed  (74% total)
     Speed:     ev/sec=9085.12   simsec/sec=122.801   ev/simsec=73.9826
     Messages:  created: 390062   present: 34493   in FES: 17501
** Event #2414080   t=23112   Elapsed: 388.972s (6m 28s)  23% completed  (74% total)
     Speed:     ev/sec=36288.6   simsec/sec=112.064   ev/simsec=323.819
     Messages:  created: 401074   present: 32392   in FES: 17509
** Event #2427648   t=23409   Elapsed: 391.085s (6m 31s)  23% completed  (74% total)
     Speed:     ev/sec=6420.14   simsec/sec=140.535   ev/simsec=45.6835
     Messages:  created: 403377   present: 32822   in FES: 17436
** Event #2438400   t=23688.2   Elapsed: 393.167s (6m 33s)  23% completed  (74% total)
     Speed:     ev/sec=5164.38   simsec/sec=134.105   ev/simsec=38.51
     Messages:  created: 405255   present: 33257   in FES: 17364
** Event #2455040   t=23976   Elapsed: 395.299s (6m 35s)  23% completed  (74% total)
     Speed:     ev/sec=7807.16   simsec/sec=135.03   ev/simsec=57.8179
     Messages:  created: 407724   present: 33341   in FES: 17084
** Event #2465536   t=24265   Elapsed: 397.397s (6m 37s)  24% completed  (74% total)
     Speed:     ev/sec=5000.8   simsec/sec=137.694   ev/simsec=36.3183
     Messages:  created: 409601   present: 33762   in FES: 16894
** Event #2482944   t=24552.1   Elapsed: 399.534s (6m 39s)  24% completed  (74% total)
     Speed:     ev/sec=8146.74   simsec/sec=134.359   ev/simsec=60.6339
     Messages:  created: 412905   present: 34215   in FES: 16860
** Event #2527744   t=24840   Elapsed: 401.607s (6m 41s)  24% completed  (74% total)
     Speed:     ev/sec=21610.5   simsec/sec=138.876   ev/simsec=155.61
     Messages:  created: 419769   present: 33863   in FES: 16891
** Event #2567168   t=25092   Elapsed: 403.72s (6m 43s)  25% completed  (75% total)
     Speed:     ev/sec=18656.5   simsec/sec=119.253   ev/simsec=156.444
     Messages:  created: 426676   present: 34547   in FES: 16837
** Event #2591488   t=25369.5   Elapsed: 405.782s (6m 45s)  25% completed  (75% total)
     Speed:     ev/sec=11795.7   simsec/sec=134.593   ev/simsec=87.6396
     Messages:  created: 431076   present: 35228   in FES: 16791
** Event #2621184   t=25632   Elapsed: 407.839s (6m 47s)  25% completed  (75% total)
     Speed:     ev/sec=14438.8   simsec/sec=127.633   ev/simsec=113.128
     Messages:  created: 436433   present: 36005   in FES: 16821
** Event #2653440   t=25848   Elapsed: 409.911s (6m 49s)  25% completed  (75% total)
     Speed:     ev/sec=15568.7   simsec/sec=104.255   ev/simsec=149.333
     Messages:  created: 440587   present: 35498   in FES: 16765
** Event #2720256   t=26100   Elapsed: 412.132s (6m 52s)  26% completed  (75% total)
     Speed:     ev/sec=30075.7   simsec/sec=113.432   ev/simsec=265.143
     Messages:  created: 449581   present: 34337   in FES: 16730
** Event #2746368   t=26352.7   Elapsed: 414.143s (6m 54s)  26% completed  (75% total)
     Speed:     ev/sec=12988.4   simsec/sec=125.696   ev/simsec=103.332
     Messages:  created: 454769   present: 34991   in FES: 16673
** Event #2775552   t=26604   Elapsed: 416.19s (6m 56s)  26% completed  (75% total)
     Speed:     ev/sec=14258.7   simsec/sec=122.78   ev/simsec=116.132
     Messages:  created: 459342   present: 35087   in FES: 16582
** Event #2815744   t=26856   Elapsed: 418.278s (6m 58s)  26% completed  (75% total)
     Speed:     ev/sec=19244.3   simsec/sec=120.66   ev/simsec=159.492
     Messages:  created: 463981   present: 33471   in FES: 16266
** Event #2824960   t=27144   Elapsed: 420.404s (7m 00s)  27% completed  (75% total)
     Speed:     ev/sec=4334.83   simsec/sec=135.463   ev/simsec=32
     Messages:  created: 465819   present: 33912   in FES: 16108
** Event #2867200   t=27432   Elapsed: 422.619s (7m 02s)  27% completed  (75% total)
     Speed:     ev/sec=19071.5   simsec/sec=130.033   ev/simsec=146.667
     Messages:  created: 471940   present: 33434   in FES: 16060
** Event #2914816   t=27684.1   Elapsed: 424.621s (7m 04s)  27% completed  (75% total)
     Speed:     ev/sec=23780.4   simsec/sec=125.904   ev/simsec=188.877
     Messages:  created: 479027   present: 33046   in FES: 16020
** Event #2951680   t=27972   Elapsed: 426.712s (7m 06s)  27% completed  (75% total)
     Speed:     ev/sec=17629.5   simsec/sec=137.682   ev/simsec=128.044
     Messages:  created: 485697   present: 33813   in FES: 16056
** Event #2996224   t=28188   Elapsed: 428.752s (7m 08s)  28% completed  (76% total)
     Speed:     ev/sec=21836.2   simsec/sec=105.887   ev/simsec=206.222
     Messages:  created: 493593   present: 34401   in FES: 15990
** Event #3026432   t=28441.3   Elapsed: 430.778s (7m 10s)  28% completed  (76% total)
     Speed:     ev/sec=14908.3   simsec/sec=125.009   ev/simsec=119.258
     Messages:  created: 498820   present: 34860   in FES: 15962
** Event #3089920   t=28656   Elapsed: 432.815s (7m 12s)  28% completed  (76% total)
     Speed:     ev/sec=31175.5   simsec/sec=105.427   ev/simsec=295.706
     Messages:  created: 506679   present: 33116   in FES: 15974
** Event #3121664   t=28980   Elapsed: 434.992s (7m 14s)  28% completed  (76% total)
     Speed:     ev/sec=14582.1   simsec/sec=148.834   ev/simsec=97.9753
     Messages:  created: 511146   present: 32957   in FES: 15980
** Event #3137280   t=29252   Elapsed: 437.108s (7m 17s)  29% completed  (76% total)
     Speed:     ev/sec=7381.08   simsec/sec=128.564   ev/simsec=57.4118
     Messages:  created: 513474   present: 33189   in FES: 15876
** Event #3158528   t=29520   Elapsed: 439.258s (7m 19s)  29% completed  (76% total)
     Speed:     ev/sec=9882.23   simsec/sec=124.644   ev/simsec=79.2836
     Messages:  created: 516470   present: 33386   in FES: 15697
** Event #3167232   t=29844   Elapsed: 441.379s (7m 21s)  29% completed  (76% total)
     Speed:     ev/sec=4103.31   simsec/sec=152.743   ev/simsec=26.8642
     Messages:  created: 518142   present: 33739   in FES: 15439
** Event #3182080   t=30096.4   Elapsed: 443.507s (7m 23s)  30% completed  (76% total)
     Speed:     ev/sec=6977.7   simsec/sec=118.613   ev/simsec=58.8273
     Messages:  created: 520953   present: 34300   in FES: 15344
** Event #3216384   t=30384   Elapsed: 445.533s (7m 25s)  30% completed  (76% total)
     Speed:     ev/sec=16932.7   simsec/sec=141.962   ev/simsec=119.277
     Messages:  created: 526408   present: 33919   in FES: 15388
** Event #3228928   t=30438.4   Elapsed: 452.57s (7m 32s)  30% completed  (76% total)
     Speed:     ev/sec=1782.59   simsec/sec=7.73061   ev/simsec=230.588
     Messages:  created: 528097   present: 33708   in FES: 15301
** Event #3324672   t=30636   Elapsed: 454.616s (7m 34s)  30% completed  (76% total)
     Speed:     ev/sec=46783.4   simsec/sec=96.5532   ev/simsec=484.534
     Messages:  created: 542400   present: 32821   in FES: 15373
** Event #3417600   t=30824.1   Elapsed: 456.74s (7m 36s)  30% completed  (76% total)
     Speed:     ev/sec=43747.6   simsec/sec=88.5515   ev/simsec=494.035
     Messages:  created: 556490   present: 32097   in FES: 15287
** Event #3466752   t=31068   Elapsed: 458.826s (7m 38s)  31% completed  (77% total)
     Speed:     ev/sec=23569.4   simsec/sec=116.955   ev/simsec=201.525
     Messages:  created: 565181   present: 32784   in FES: 15318
** Event #3492096   t=31356   Elapsed: 461.057s (7m 41s)  31% completed  (77% total)
     Speed:     ev/sec=11358.6   simsec/sec=129.075   ev/simsec=88
     Messages:  created: 569904   present: 33515   in FES: 15286
** Event #3542784   t=31536.1   Elapsed: 463.13s (7m 43s)  31% completed  (77% total)
     Speed:     ev/sec=24452.1   simsec/sec=86.881   ev/simsec=281.444
     Messages:  created: 576642   present: 32727   in FES: 15233
** Event #3580672   t=31824   Elapsed: 465.22s (7m 45s)  31% completed  (77% total)
     Speed:     ev/sec=18128.5   simsec/sec=137.753   ev/simsec=131.601
     Messages:  created: 582082   present: 32435   in FES: 15264
** Event #3592704   t=32100.1   Elapsed: 467.455s (7m 47s)  32% completed  (77% total)
     Speed:     ev/sec=5383.62   simsec/sec=123.539   ev/simsec=43.5784
     Messages:  created: 584608   present: 33122   in FES: 15140
** Event #3633152   t=32292.1   Elapsed: 469.458s (7m 49s)  32% completed  (77% total)
     Speed:     ev/sec=20191.3   simsec/sec=95.8449   ev/simsec=210.667
     Messages:  created: 589908   present: 32401   in FES: 15031
** Event #3656192   t=32580   Elapsed: 471.501s (7m 51s)  32% completed  (77% total)
     Speed:     ev/sec=11275.8   simsec/sec=140.899   ev/simsec=80.0278
     Messages:  created: 592973   present: 31613   in FES: 14737
** Event #3675136   t=32832   Elapsed: 473.744s (7m 53s)  32% completed  (77% total)
     Speed:     ev/sec=8446.05   simsec/sec=112.352   ev/simsec=75.1746
     Messages:  created: 596169   present: 31695   in FES: 14597
** Event #3723008   t=33060.2   Elapsed: 518.989s (8m 38s)  33% completed  (77% total)
     Speed:     ev/sec=1058.06   simsec/sec=5.04364   ev/simsec=209.781
     Messages:  created: 603412   present: 31149   in FES: 14516
** Event #3753216   t=33336   Elapsed: 521.013s (8m 41s)  33% completed  (77% total)
     Speed:     ev/sec=14925.5   simsec/sec=136.27   ev/simsec=109.529
     Messages:  created: 607915   present: 30992   in FES: 14560
** Event #3823360   t=33566.3   Elapsed: 523.167s (8m 43s)  33% completed  (77% total)
     Speed:     ev/sec=32574.9   simsec/sec=106.952   ev/simsec=304.577
     Messages:  created: 618978   present: 30711   in FES: 14481
** Event #3846144   t=33840   Elapsed: 525.215s (8m 45s)  33% completed  (77% total)
     Speed:     ev/sec=11122.6   simsec/sec=133.613   ev/simsec=83.2444
     Messages:  created: 623232   present: 31497   in FES: 14519
** Event #3874048   t=34119.1   Elapsed: 527.373s (8m 47s)  34% completed  (78% total)
     Speed:     ev/sec=12928.7   simsec/sec=129.315   ev/simsec=99.9785
     Messages:  created: 628339   present: 32177   in FES: 14442
** Event #3905536   t=34344   Elapsed: 529.39s (8m 49s)  34% completed  (78% total)
     Speed:     ev/sec=15616.3   simsec/sec=111.538   ev/simsec=140.009
     Messages:  created: 632692   present: 32016   in FES: 14465
** Event #3947776   t=34580.4   Elapsed: 531.574s (8m 51s)  34% completed  (78% total)
     Speed:     ev/sec=19335.1   simsec/sec=108.211   ev/simsec=178.68
     Messages:  created: 637440   present: 30583   in FES: 14407
** Event #3958272   t=34808.1   Elapsed: 533.621s (8m 53s)  34% completed  (78% total)
     Speed:     ev/sec=5128.01   simsec/sec=111.247   ev/simsec=46.0957
     Messages:  created: 639113   present: 30854   in FES: 14384
** Event #3967744   t=35047.3   Elapsed: 535.952s (8m 55s)  35% completed  (78% total)
     Speed:     ev/sec=4063.64   simsec/sec=102.621   ev/simsec=39.5987
     Messages:  created: 640679   present: 31175   in FES: 14311
** Event #3982080   t=35228.2   Elapsed: 538.167s (8m 58s)  35% completed  (78% total)
     Speed:     ev/sec=6473.85   simsec/sec=81.6908   ev/simsec=79.2482
     Messages:  created: 642664   present: 31269   in FES: 14132
** Event #3990016   t=35460   Elapsed: 540.512s (9m 00s)  35% completed  (78% total)
     Speed:     ev/sec=3384.04   simsec/sec=98.8433   ev/simsec=34.2364
     Messages:  created: 644130   present: 31552   in FES: 13915
** Event #3999744   t=35640.2   Elapsed: 542.975s (9m 02s)  35% completed  (78% total)
     Speed:     ev/sec=3948.78   simsec/sec=73.1467   ev/simsec=53.9845
     Messages:  created: 646005   present: 31879   in FES: 13831
** Event #4007680   t=35784.2   Elapsed: 545.087s (9m 05s)  35% completed  (78% total)
     Speed:     ev/sec=3758.19   simsec/sec=68.193   ev/simsec=55.1111
     Messages:  created: 647678   present: 32084   in FES: 13826
** Event #4040448   t=35928   Elapsed: 547.607s (9m 07s)  35% completed  (78% total)
     Speed:     ev/sec=13001.3   simsec/sec=57.0552   ev/simsec=227.872
     Messages:  created: 653054   present: 31560   in FES: 13812
** Event #4187136   t=36458.2   Elapsed: 549.608s (9m 09s)  36% completed  (78% total)
     Speed:     ev/sec=73330   simsec/sec=265.049   ev/simsec=276.665
     Messages:  created: 674462   present: 29610   in FES: 13642
** Event #4320512   t=38265   Elapsed: 551.62s (9m 11s)  38% completed  (79% total)
     Speed:     ev/sec=66292.3   simsec/sec=898.039   ev/simsec=73.8189
     Messages:  created: 693471   present: 25725   in FES: 13045
** Event #4496640   t=40126.8   Elapsed: 553.62s (9m 13s)  40% completed  (80% total)
     Speed:     ev/sec=88027.5   simsec/sec=930.514   ev/simsec=94.6009
     Messages:  created: 717984   present: 21616   in FES: 12789
** Event #4636928   t=43836   Elapsed: 555.627s (9m 15s)  43% completed  (81% total)
     Speed:     ev/sec=69901.3   simsec/sec=1848.18   ev/simsec=37.8216
     Messages:  created: 737363   present: 17198   in FES: 11637
** Event #4678144   t=73721   Elapsed: 557.636s (9m 17s)  73% completed  (91% total)
     Speed:     ev/sec=20519.8   simsec/sec=14878.5   ev/simsec=1.37915
     Messages:  created: 745247   present: 8522   in FES: 3626
** Event #4683518   t=100000   Elapsed: 558.396s (9m 18s)  100% completed  (100% total)
     Speed:     ev/sec=7067.68   simsec/sec=16678   ev/simsec=0.423772
     Messages:  created: 746994   present: 4766   in FES: 0

<!> Simulation time limit reached -- at t=100000s, event #4683518
