** Event #0   t=0   Elapsed: 8e-06s (0m 00s)  0% completed  (33% total)
     Speed:     ev/sec=0   simsec/sec=0   ev/simsec=0
     Messages:  created: 9701   present: 9701   in FES: 9702
** Event #512   t=0.1   Elapsed: 2.2577s (0m 02s)  0% completed  (33% total)
     Speed:     ev/sec=227.224   simsec/sec=0.0442931   ev/simsec=5130
     Messages:  created: 9941   present: 9808   in FES: 9590
** Event #4352   t=396   Elapsed: 4.32231s (0m 04s)  0% completed  (33% total)
     Speed:     ev/sec=1859.91   simsec/sec=191.755   ev/simsec=9.69942
     Messages:  created: 11348   present: 10853   in FES: 9554
** Event #12544   t=820.1   Elapsed: 6.32617s (0m 06s)  0% completed  (33% total)
     Speed:     ev/sec=4088.12   simsec/sec=211.642   ev/simsec=19.3162
     Messages:  created: 13204   present: 11678   in FES: 9478
** Event #36096   t=1116   Elapsed: 8.47086s (0m 08s)  1% completed  (33% total)
     Speed:     ev/sec=10981.5   simsec/sec=137.968   ev/simsec=79.5945
     Messages:  created: 17187   present: 11980   in FES: 9463
** Event #44544   t=1440   Elapsed: 10.5711s (0m 10s)  1% completed  (33% total)
     Speed:     ev/sec=4022.33   simsec/sec=154.265   ev/simsec=26.0741
     Messages:  created: 19010   present: 12642   in FES: 9425
** Event #52224   t=1764   Elapsed: 12.5985s (0m 12s)  1% completed  (33% total)
     Speed:     ev/sec=3788.1   simsec/sec=159.81   ev/simsec=23.7037
     Messages:  created: 20712   present: 13338   in FES: 9390
** Event #58624   t=2091.5   Elapsed: 14.6467s (0m 14s)  2% completed  (34% total)
     Speed:     ev/sec=3124.77   simsec/sec=159.9   ev/simsec=19.542
     Messages:  created: 22370   present: 14133   in FES: 9344
** Event #63232   t=2484   Elapsed: 16.9088s (0m 16s)  2% completed  (34% total)
     Speed:     ev/sec=2037.05   simsec/sec=173.512   ev/simsec=11.7401
     Messages:  created: 23951   present: 15200   in FES: 9384
** Event #71424   t=2776.6   Elapsed: 18.9094s (0m 18s)  2% completed  (34% total)
     Speed:     ev/sec=4094.76   simsec/sec=146.256   ev/simsec=27.9973
     Messages:  created: 26044   present: 15990   in FES: 9303
** Event #112640   t=3024   Elapsed: 20.9397s (0m 20s)  3% completed  (34% total)
     Speed:     ev/sec=20300   simsec/sec=121.851   ev/simsec=166.597
     Messages:  created: 33707   present: 16626   in FES: 9303
** Event #146688   t=3420   Elapsed: 23.0304s (0m 23s)  3% completed  (34% total)
     Speed:     ev/sec=16285.4   simsec/sec=189.41   ev/simsec=85.9798
     Messages:  created: 38292   present: 16258   in FES: 9232
** Event #229632   t=4090.7   Elapsed: 25.0308s (0m 25s)  4% completed  (34% total)
     Speed:     ev/sec=41465.5   simsec/sec=335.298   ev/simsec=123.668
     Messages:  created: 50667   present: 14573   in FES: 9053
** Event #387072   t=8455.1   Elapsed: 27.0351s (0m 27s)  8% completed  (36% total)
     Speed:     ev/sec=78547.7   simsec/sec=2177.42   ev/simsec=36.0737
     Messages:  created: 72865   present: 10034   in FES: 8573
** Event #443247   t=100000   Elapsed: 28.2484s (0m 28s)  100% completed  (66% total)
     Speed:     ev/sec=46298.7   simsec/sec=64242.3   ev/simsec=0.720689
     Messages:  created: 82992   present: 151   in FES: 0

<!> Simulation time limit reached -- at t=100000s, event #443247
