** Event #0   t=0   Elapsed: 7e-06s (0m 00s)  0% completed  (33% total)
     Speed:     ev/sec=0   simsec/sec=0   ev/simsec=0
     Messages:  created: 23757   present: 23757   in FES: 23758
** Event #256   t=0   Elapsed: 14.1565s (0m 14s)  0% completed  (33% total)
     Speed:     ev/sec=18.1542   simsec/sec=0   ev/simsec=0
     Messages:  created: 23985   present: 23857   in FES: 23829
** Event #512   t=0   Elapsed: 46.8158s (0m 46s)  0% completed  (33% total)
     Speed:     ev/sec=7.8385   simsec/sec=0   ev/simsec=0
     Messages:  created: 23998   present: 23870   in FES: 23659
** Event #3072   t=216   Elapsed: 48.8506s (0m 48s)  0% completed  (33% total)
     Speed:     ev/sec=1258.09   simsec/sec=106.151   ev/simsec=11.8519
     Messages:  created: 24812   present: 24445   in FES: 23673
** Event #7936   t=396.2   Elapsed: 50.9918s (0m 50s)  0% completed  (33% total)
     Speed:     ev/sec=2271.62   simsec/sec=84.1582   ev/simsec=26.9922
     Messages:  created: 25784   present: 24823   in FES: 23607
** Event #14848   t=612.1   Elapsed: 53.2889s (0m 53s)  0% completed  (33% total)
     Speed:     ev/sec=3009.08   simsec/sec=93.9902   ev/simsec=32.0148
     Messages:  created: 27191   present: 25283   in FES: 23586
** Event #17408   t=842.2   Elapsed: 55.5714s (0m 55s)  0% completed  (33% total)
     Speed:     ev/sec=1121.54   simsec/sec=100.807   ev/simsec=11.1256
     Messages:  created: 28012   present: 25838   in FES: 23545
** Event #21248   t=1046   Elapsed: 57.8383s (0m 57s)  1% completed  (33% total)
     Speed:     ev/sec=1693.95   simsec/sec=89.903   ev/simsec=18.842
     Messages:  created: 28946   present: 26276   in FES: 23443
** Event #23040   t=1260   Elapsed: 60.129s (1m 00s)  1% completed  (33% total)
     Speed:     ev/sec=782.295   simsec/sec=93.4214   ev/simsec=8.37383
     Messages:  created: 29688   present: 26633   in FES: 23217
** Event #28416   t=1476   Elapsed: 62.3153s (1m 02s)  1% completed  (33% total)
     Speed:     ev/sec=2458.94   simsec/sec=98.7966   ev/simsec=24.8889
     Messages:  created: 30774   present: 26959   in FES: 23069
** Event #33792   t=1656.1   Elapsed: 64.3588s (1m 04s)  1% completed  (33% total)
     Speed:     ev/sec=2630.85   simsec/sec=88.1353   ev/simsec=29.8501
     Messages:  created: 31800   present: 27283   in FES: 23003
** Event #41728   t=1872   Elapsed: 66.3647s (1m 06s)  1% completed  (33% total)
     Speed:     ev/sec=3956.31   simsec/sec=107.632   ev/simsec=36.7578
     Messages:  created: 33264   present: 27660   in FES: 23045
** Event #46848   t=2052   Elapsed: 68.5555s (1m 08s)  2% completed  (34% total)
     Speed:     ev/sec=2336.99   simsec/sec=82.1599   ev/simsec=28.4444
     Messages:  created: 34251   present: 28039   in FES: 23031
** Event #52992   t=2232   Elapsed: 70.5626s (1m 10s)  2% completed  (34% total)
     Speed:     ev/sec=3061.13   simsec/sec=89.6815   ev/simsec=34.1333
     Messages:  created: 35382   present: 28397   in FES: 23018
** Event #64256   t=2412.1   Elapsed: 72.83s (1m 12s)  2% completed  (34% total)
     Speed:     ev/sec=4967.9   simsec/sec=79.4317   ev/simsec=62.543
     Messages:  created: 37313   present: 28730   in FES: 22957
** Event #99840   t=2592   Elapsed: 75.0963s (1m 15s)  2% completed  (34% total)
     Speed:     ev/sec=15701.6   simsec/sec=79.3816   ev/simsec=197.799
     Messages:  created: 43616   present: 29238   in FES: 22966
** Event #112640   t=2788.7   Elapsed: 77.0964s (1m 17s)  2% completed  (34% total)
     Speed:     ev/sec=6399.58   simsec/sec=98.3436   ev/simsec=65.0737
     Messages:  created: 46060   present: 29681   in FES: 22905
** Event #119296   t=2988   Elapsed: 79.1626s (1m 19s)  2% completed  (34% total)
     Speed:     ev/sec=3221.32   simsec/sec=96.4556   ev/simsec=33.3969
     Messages:  created: 47569   present: 30271   in FES: 22949
** Event #125696   t=3137.2   Elapsed: 81.2587s (1m 21s)  3% completed  (34% total)
     Speed:     ev/sec=3053.38   simsec/sec=71.1819   ev/simsec=42.8954
     Messages:  created: 48886   present: 30667   in FES: 22886
** Event #169216   t=3276   Elapsed: 83.5006s (1m 23s)  3% completed  (34% total)
     Speed:     ev/sec=19411.8   simsec/sec=61.9107   ev/simsec=313.545
     Messages:  created: 54542   present: 29671   in FES: 22890
** Event #197888   t=3456   Elapsed: 85.6307s (1m 25s)  3% completed  (34% total)
     Speed:     ev/sec=13460.7   simsec/sec=84.5051   ev/simsec=159.289
     Messages:  created: 58065   present: 29103   in FES: 22856
** Event #290816   t=4976.8   Elapsed: 87.632s (1m 27s)  4% completed  (34% total)
     Speed:     ev/sec=46431.8   simsec/sec=759.873   ev/simsec=61.1047
     Messages:  created: 71022   present: 27064   in FES: 22101
** Event #432384   t=6427.9   Elapsed: 143.854s (2m 23s)  6% completed  (35% total)
     Speed:     ev/sec=2518.03   simsec/sec=25.8103   ev/simsec=97.5591
     Messages:  created: 90582   present: 24129   in FES: 21932
** Event #498176   t=47427   Elapsed: 145.871s (2m 25s)  47% completed  (49% total)
     Speed:     ev/sec=32617.9   simsec/sec=20326.2   ev/simsec=1.60472
     Messages:  created: 102364   present: 11552   in FES: 10605
** Event #514019   t=100000   Elapsed: 147.521s (2m 27s)  100% completed  (66% total)
     Speed:     ev/sec=9602.86   simsec/sec=23624.1   ev/simsec=0.406487
     Messages:  created: 107601   present: 818   in FES: 0

<!> Simulation time limit reached -- at t=100000s, event #514019
