** Event #0   t=0   Elapsed: 1e-05s (0m 00s)  0% completed  (66% total)
     Speed:     ev/sec=0   simsec/sec=0   ev/simsec=0
     Messages:  created: 9701   present: 9701   in FES: 9702
** Event #512   t=0.1   Elapsed: 2.35725s (0m 02s)  0% completed  (66% total)
     Speed:     ev/sec=217.627   simsec/sec=0.0424225   ev/simsec=5130
     Messages:  created: 9941   present: 9808   in FES: 9590
** Event #3840   t=360   Elapsed: 4.50409s (0m 04s)  0% completed  (66% total)
     Speed:     ev/sec=1550.18   simsec/sec=167.642   ev/simsec=9.24701
     Messages:  created: 11184   present: 10739   in FES: 9540
** Event #11520   t=720.1   Elapsed: 6.68376s (0m 06s)  0% completed  (66% total)
     Speed:     ev/sec=3523.47   simsec/sec=165.208   ev/simsec=21.3274
     Messages:  created: 12900   present: 11496   in FES: 9490
** Event #25600   t=1044.1001   Elapsed: 8.74049s (0m 08s)  1% completed  (67% total)
     Speed:     ev/sec=6845.82   simsec/sec=157.532   ev/simsec=43.4568
     Messages:  created: 15901   present: 12230   in FES: 9465
** Event #44032   t=1404   Elapsed: 10.7738s (0m 10s)  1% completed  (67% total)
     Speed:     ev/sec=9065.22   simsec/sec=177.006   ev/simsec=51.2142
     Messages:  created: 18826   present: 12478   in FES: 9447
** Event #49152   t=1728   Elapsed: 12.9021s (0m 12s)  1% completed  (67% total)
     Speed:     ev/sec=2405.62   simsec/sec=152.231   ev/simsec=15.8025
     Messages:  created: 20275   present: 13361   in FES: 9394
** Event #58112   t=2087.1   Elapsed: 14.9074s (0m 14s)  2% completed  (67% total)
     Speed:     ev/sec=4468.15   simsec/sec=179.075   ev/simsec=24.9513
     Messages:  created: 22209   present: 14032   in FES: 9343
** Event #62720   t=2434.2   Elapsed: 17.0838s (0m 17s)  2% completed  (67% total)
     Speed:     ev/sec=2117.22   simsec/sec=159.481   ev/simsec=13.2757
     Messages:  created: 23717   present: 15005   in FES: 9320
** Event #68352   t=2771.6   Elapsed: 19.0896s (0m 19s)  2% completed  (67% total)
     Speed:     ev/sec=2807.97   simsec/sec=168.219   ev/simsec=16.6924
     Messages:  created: 25383   present: 15900   in FES: 9315
** Event #112128   t=2988   Elapsed: 21.1601s (0m 21s)  2% completed  (67% total)
     Speed:     ev/sec=21142.7   simsec/sec=104.516   ev/simsec=202.292
     Messages:  created: 33552   present: 16530   in FES: 9336
** Event #120320   t=3276.7   Elapsed: 23.1957s (0m 23s)  3% completed  (67% total)
     Speed:     ev/sec=4024.24   simsec/sec=141.821   ev/simsec=28.3755
     Messages:  created: 35218   present: 17077   in FES: 9239
** Event #150528   t=3636   Elapsed: 25.2833s (0m 25s)  3% completed  (67% total)
     Speed:     ev/sec=14470.5   simsec/sec=172.115   ev/simsec=84.0746
     Messages:  created: 39409   present: 16834   in FES: 9208
** Event #186368   t=3854.9   Elapsed: 27.2845s (0m 27s)  3% completed  (67% total)
     Speed:     ev/sec=17909.2   simsec/sec=109.384   ev/simsec=163.728
     Messages:  created: 46259   present: 17218   in FES: 9188
** Event #242176   t=4104   Elapsed: 29.3493s (0m 29s)  4% completed  (68% total)
     Speed:     ev/sec=27028.1   simsec/sec=120.64   ev/simsec=224.039
     Messages:  created: 53487   present: 15936   in FES: 9167
** Event #259584   t=4428.1   Elapsed: 31.4602s (0m 31s)  4% completed  (68% total)
     Speed:     ev/sec=8246.9   simsec/sec=153.54   ev/simsec=53.7118
     Messages:  created: 56021   present: 16016   in FES: 9111
** Event #282112   t=4897.3   Elapsed: 33.479s (0m 33s)  4% completed  (68% total)
     Speed:     ev/sec=11158.7   simsec/sec=232.406   ev/simsec=48.0136
     Messages:  created: 60162   present: 16723   in FES: 9051
** Event #306688   t=5472   Elapsed: 35.5554s (0m 35s)  5% completed  (68% total)
     Speed:     ev/sec=11836.2   simsec/sec=276.784   ev/simsec=42.7632
     Messages:  created: 64819   present: 17713   in FES: 9065
** Event #364032   t=5870.2   Elapsed: 37.5715s (0m 37s)  5% completed  (68% total)
     Speed:     ev/sec=28443   simsec/sec=197.51   ev/simsec=144.008
     Messages:  created: 75675   present: 18744   in FES: 8930
** Event #411648   t=6336   Elapsed: 39.5819s (0m 39s)  6% completed  (68% total)
     Speed:     ev/sec=23684.3   simsec/sec=231.69   ev/simsec=102.224
     Messages:  created: 82251   present: 18089   in FES: 8931
** Event #507904   t=6732.1   Elapsed: 41.656s (0m 41s)  6% completed  (68% total)
     Speed:     ev/sec=46409.9   simsec/sec=190.98   ev/simsec=243.009
     Messages:  created: 96453   present: 16286   in FES: 8870
** Event #545024   t=7272   Elapsed: 43.6702s (0m 43s)  7% completed  (69% total)
     Speed:     ev/sec=18429.2   simsec/sec=268.047   ev/simsec=68.7535
     Messages:  created: 102383   present: 16636   in FES: 8860
** Event #567552   t=7837.1   Elapsed: 45.7698s (0m 45s)  7% completed  (69% total)
     Speed:     ev/sec=10729.7   simsec/sec=269.147   ev/simsec=39.8655
     Messages:  created: 106360   present: 17418   in FES: 8726
** Event #593920   t=8352   Elapsed: 47.7952s (0m 47s)  8% completed  (69% total)
     Speed:     ev/sec=13018.5   simsec/sec=254.218   ev/simsec=51.2099
     Messages:  created: 110854   present: 18105   in FES: 8728
** Event #629760   t=8856   Elapsed: 49.8669s (0m 49s)  8% completed  (69% total)
     Speed:     ev/sec=17299.7   simsec/sec=243.277   ev/simsec=71.1111
     Messages:  created: 118243   present: 19429   in FES: 8604
** Event #676096   t=9396   Elapsed: 51.8698s (0m 51s)  9% completed  (69% total)
     Speed:     ev/sec=23134.9   simsec/sec=269.615   ev/simsec=85.8074
     Messages:  created: 125195   present: 19017   in FES: 8592
** Event #761856   t=9676.7   Elapsed: 53.8743s (0m 53s)  9% completed  (69% total)
     Speed:     ev/sec=42784   simsec/sec=140.036   ev/simsec=305.522
     Messages:  created: 139158   present: 17924   in FES: 8510
** Event #816384   t=10116   Elapsed: 55.8914s (0m 55s)  10% completed  (70% total)
     Speed:     ev/sec=27032.3   simsec/sec=217.783   ev/simsec=124.125
     Messages:  created: 145940   present: 16953   in FES: 8482
** Event #844032   t=10656   Elapsed: 57.918s (0m 57s)  10% completed  (70% total)
     Speed:     ev/sec=13642.7   simsec/sec=266.459   ev/simsec=51.2
     Messages:  created: 151111   present: 17657   in FES: 8442
** Event #852224   t=11268   Elapsed: 59.9661s (0m 59s)  11% completed  (70% total)
     Speed:     ev/sec=3999.73   simsec/sec=298.808   ev/simsec=13.3856
     Messages:  created: 153731   present: 19277   in FES: 8420
** Event #915200   t=11629.2   Elapsed: 61.9785s (1m 01s)  11% completed  (70% total)
     Speed:     ev/sec=31294.7   simsec/sec=179.492   ev/simsec=174.352
     Messages:  created: 165732   present: 20257   in FES: 8297
** Event #968448   t=12114.1   Elapsed: 64.0209s (1m 04s)  12% completed  (70% total)
     Speed:     ev/sec=26071   simsec/sec=237.414   ev/simsec=109.812
     Messages:  created: 172730   present: 19168   in FES: 8260
** Event #1039616   t=12481.4   Elapsed: 66.0225s (1m 06s)  12% completed  (70% total)
     Speed:     ev/sec=35556.1   simsec/sec=183.506   ev/simsec=193.76
     Messages:  created: 185074   present: 19159   in FES: 8233
** Event #1099520   t=12960.0001   Elapsed: 68.106s (1m 08s)  12% completed  (70% total)
     Speed:     ev/sec=28751   simsec/sec=229.704   ev/simsec=125.165
     Messages:  created: 192597   present: 18010   in FES: 8185
** Event #1132032   t=13536   Elapsed: 70.2199s (1m 10s)  13% completed  (71% total)
     Speed:     ev/sec=15380.5   simsec/sec=272.489   ev/simsec=56.4445
     Messages:  created: 198228   present: 18663   in FES: 8123
** Event #1148416   t=14112.5   Elapsed: 72.2588s (1m 12s)  14% completed  (71% total)
     Speed:     ev/sec=8035.6   simsec/sec=282.747   ev/simsec=28.4198
     Messages:  created: 201818   present: 19828   in FES: 8061
** Event #1218816   t=14292   Elapsed: 75.1764s (1m 15s)  14% completed  (71% total)
     Speed:     ev/sec=24129.4   simsec/sec=61.5231   ev/simsec=392.201
     Messages:  created: 214676   present: 20225   in FES: 8050
** Event #1241088   t=14796.2   Elapsed: 77.2526s (1m 17s)  14% completed  (71% total)
     Speed:     ev/sec=10727.1   simsec/sec=242.844   ev/simsec=44.1729
     Messages:  created: 218585   present: 20956   in FES: 7982
** Event #1329920   t=15192.1   Elapsed: 79.3351s (1m 19s)  15% completed  (71% total)
     Speed:     ev/sec=42656   simsec/sec=190.106   ev/simsec=224.38
     Messages:  created: 230814   present: 19022   in FES: 7969
** Event #1424640   t=15660   Elapsed: 81.3819s (1m 21s)  15% completed  (71% total)
     Speed:     ev/sec=46278.9   simsec/sec=228.609   ev/simsec=202.436
     Messages:  created: 244434   present: 17313   in FES: 7974
** Event #1446912   t=16200.6   Elapsed: 83.4103s (1m 23s)  16% completed  (72% total)
     Speed:     ev/sec=10979.6   simsec/sec=266.505   ev/simsec=41.1987
     Messages:  created: 248918   present: 18425   in FES: 7819
** Event #1487616   t=16740   Elapsed: 85.4788s (1m 25s)  16% completed  (72% total)
     Speed:     ev/sec=19678.2   simsec/sec=260.77   ev/simsec=75.4616
     Messages:  created: 255265   present: 18630   in FES: 7764
** Event #1556992   t=17136   Elapsed: 87.4798s (1m 27s)  17% completed  (72% total)
     Speed:     ev/sec=34671.8   simsec/sec=197.908   ev/simsec=175.192
     Messages:  created: 268421   present: 19567   in FES: 7700
** Event #1597184   t=17568.7   Elapsed: 89.5322s (1m 29s)  17% completed  (72% total)
     Speed:     ev/sec=19582.5   simsec/sec=210.821   ev/simsec=92.8865
     Messages:  created: 274808   present: 19614   in FES: 7670
** Event #1659392   t=18022.9   Elapsed: 91.5331s (1m 31s)  18% completed  (72% total)
     Speed:     ev/sec=31089.7   simsec/sec=226.996   ev/simsec=136.962
     Messages:  created: 284101   present: 18816   in FES: 7609
** Event #1745920   t=18288.6   Elapsed: 93.5344s (1m 33s)  18% completed  (72% total)
     Speed:     ev/sec=43235.6   simsec/sec=132.763   ev/simsec=325.661
     Messages:  created: 296632   present: 17398   in FES: 7606
** Event #1774592   t=18720.1   Elapsed: 95.616s (1m 35s)  18% completed  (72% total)
     Speed:     ev/sec=13774.3   simsec/sec=207.296   ev/simsec=66.4473
     Messages:  created: 300750   present: 17491   in FES: 7547
** Event #1800192   t=19275.5   Elapsed: 97.6327s (1m 37s)  19% completed  (73% total)
     Speed:     ev/sec=12693.8   simsec/sec=275.397   ev/simsec=46.0929
     Messages:  created: 305378   present: 18242   in FES: 7474
** Event #1818880   t=19807.1   Elapsed: 99.6347s (1m 39s)  19% completed  (73% total)
     Speed:     ev/sec=9334.81   simsec/sec=265.538   ev/simsec=35.1543
     Messages:  created: 309531   present: 19499   in FES: 7445
** Event #1874432   t=20224.6   Elapsed: 101.644s (1m 41s)  20% completed  (73% total)
     Speed:     ev/sec=27644.4   simsec/sec=207.761   ev/simsec=133.059
     Messages:  created: 319948   present: 20531   in FES: 7376
** Event #1942784   t=20628.1   Elapsed: 103.707s (1m 43s)  20% completed  (73% total)
     Speed:     ev/sec=33142.2   simsec/sec=195.647   ev/simsec=169.398
     Messages:  created: 328146   present: 18828   in FES: 7344
** Event #2009856   t=21024   Elapsed: 105.715s (1m 45s)  21% completed  (73% total)
     Speed:     ev/sec=33401.5   simsec/sec=197.156   ev/simsec=169.417
     Messages:  created: 339605   present: 18647   in FES: 7394
** Event #2063616   t=21424.1   Elapsed: 107.782s (1m 47s)  21% completed  (73% total)
     Speed:     ev/sec=26001.7   simsec/sec=193.514   ev/simsec=134.366
     Messages:  created: 346278   present: 17464   in FES: 7266
** Event #2078464   t=21888   Elapsed: 109.806s (1m 49s)  21% completed  (73% total)
     Speed:     ev/sec=7335.03   simsec/sec=229.17   ev/simsec=32.0069
     Messages:  created: 349447   present: 18427   in FES: 7252
** Event #2094848   t=22428   Elapsed: 111.874s (1m 51s)  22% completed  (74% total)
     Speed:     ev/sec=7922.6   simsec/sec=261.121   ev/simsec=30.3407
     Messages:  created: 352825   present: 19533   in FES: 7216
** Event #2159872   t=22788   Elapsed: 113.923s (1m 53s)  22% completed  (74% total)
     Speed:     ev/sec=31741.3   simsec/sec=175.733   ev/simsec=180.622
     Messages:  created: 365094   present: 20462   in FES: 7103
** Event #2172928   t=23328   Elapsed: 115.948s (1m 55s)  23% completed  (74% total)
     Speed:     ev/sec=6446.16   simsec/sec=266.615   ev/simsec=24.1778
     Messages:  created: 368350   present: 21834   in FES: 7086
** Event #2237696   t=23690   Elapsed: 117.95s (1m 57s)  23% completed  (74% total)
     Speed:     ev/sec=32357.4   simsec/sec=180.851   ev/simsec=178.917
     Messages:  created: 377733   present: 20703   in FES: 7037
** Event #2345472   t=23940.1   Elapsed: 119.983s (1m 59s)  23% completed  (74% total)
     Speed:     ev/sec=53004.9   simsec/sec=123.001   ev/simsec=430.932
     Messages:  created: 393823   present: 18699   in FES: 7037
** Event #2395136   t=24444.1   Elapsed: 122.111s (2m 02s)  24% completed  (74% total)
     Speed:     ev/sec=23339.2   simsec/sec=236.851   ev/simsec=98.5397
     Messages:  created: 400240   present: 17944   in FES: 6962
** Event #2424576   t=24984   Elapsed: 124.12s (2m 04s)  24% completed  (74% total)
     Speed:     ev/sec=14659.4   simsec/sec=268.838   ev/simsec=54.5286
     Messages:  created: 405432   present: 18650   in FES: 6952
** Event #2445312   t=25488.2   Elapsed: 126.17s (2m 06s)  25% completed  (75% total)
     Speed:     ev/sec=10115.3   simsec/sec=245.956   ev/simsec=41.1265
     Messages:  created: 409760   present: 19718   in FES: 6836
** Event #2508032   t=25884.1   Elapsed: 128.177s (2m 08s)  25% completed  (75% total)
     Speed:     ev/sec=31239.9   simsec/sec=197.192   ev/simsec=158.424
     Messages:  created: 421694   present: 20758   in FES: 6776
** Event #2586112   t=26280   Elapsed: 130.269s (2m 10s)  26% completed  (75% total)
     Speed:     ev/sec=37336.4   simsec/sec=189.312   ev/simsec=197.222
     Messages:  created: 431195   present: 18127   in FES: 6745
** Event #2675456   t=26676.1   Elapsed: 132.283s (2m 12s)  26% completed  (75% total)
     Speed:     ev/sec=44341.1   simsec/sec=196.583   ev/simsec=225.559
     Messages:  created: 444808   present: 17037   in FES: 6722
** Event #2691584   t=27252.1   Elapsed: 134.298s (2m 14s)  27% completed  (75% total)
     Speed:     ev/sec=8004.15   simsec/sec=285.862   ev/simsec=28
     Messages:  created: 448138   present: 18203   in FES: 6628
** Event #2722304   t=27828   Elapsed: 136.385s (2m 16s)  27% completed  (75% total)
     Speed:     ev/sec=14721.4   simsec/sec=275.978   ev/simsec=53.3426
     Messages:  created: 453590   present: 18780   in FES: 6574
** Event #2754560   t=28340.9   Elapsed: 138.386s (2m 18s)  28% completed  (76% total)
     Speed:     ev/sec=16122.3   simsec/sec=256.36   ev/simsec=62.8895
     Messages:  created: 459707   present: 19673   in FES: 6532
** Event #2812160   t=28764   Elapsed: 140.41s (2m 20s)  28% completed  (76% total)
     Speed:     ev/sec=28461   simsec/sec=209.06   ev/simsec=136.138
     Messages:  created: 470427   present: 20794   in FES: 6501
** Event #2886400   t=29169.8   Elapsed: 142.412s (2m 22s)  29% completed  (76% total)
     Speed:     ev/sec=37078.4   simsec/sec=202.673   ev/simsec=182.947
     Messages:  created: 479145   present: 18226   in FES: 6413
** Event #2948096   t=29520.3   Elapsed: 144.445s (2m 24s)  29% completed  (76% total)
     Speed:     ev/sec=30342.2   simsec/sec=172.376   ev/simsec=176.023
     Messages:  created: 489849   present: 18036   in FES: 6386
** Event #3009280   t=30039.5   Elapsed: 146.478s (2m 26s)  30% completed  (76% total)
     Speed:     ev/sec=30101.1   simsec/sec=255.434   ev/simsec=117.843
     Messages:  created: 497589   present: 16862   in FES: 6319
** Event #3023360   t=30636   Elapsed: 148.495s (2m 28s)  30% completed  (76% total)
     Speed:     ev/sec=6979.7   simsec/sec=295.695   ev/simsec=23.6044
     Messages:  created: 500893   present: 18254   in FES: 6351
** Event #3036672   t=31176.3   Elapsed: 150.542s (2m 30s)  31% completed  (77% total)
     Speed:     ev/sec=6502.36   simsec/sec=263.914   ev/simsec=24.6382
     Messages:  created: 504374   present: 19737   in FES: 6227
** Event #3062272   t=31716.6   Elapsed: 152.544s (2m 32s)  31% completed  (77% total)
     Speed:     ev/sec=12789.7   simsec/sec=269.932   ev/simsec=47.3811
     Messages:  created: 509288   present: 20740   in FES: 6162
** Event #3095808   t=32206.8   Elapsed: 154.546s (2m 34s)  32% completed  (77% total)
     Speed:     ev/sec=16754.6   simsec/sec=244.905   ev/simsec=68.4129
     Messages:  created: 516277   present: 21824   in FES: 6108
** Event #3199744   t=32421.4   Elapsed: 156.547s (2m 36s)  32% completed  (77% total)
     Speed:     ev/sec=51943.8   simsec/sec=107.25   ev/simsec=484.324
     Messages:  created: 532144   present: 20189   in FES: 6103
** Event #3267328   t=32796   Elapsed: 158.562s (2m 38s)  32% completed  (77% total)
     Speed:     ev/sec=33538.3   simsec/sec=185.894   ev/simsec=180.416
     Messages:  created: 539940   present: 18022   in FES: 6045
** Event #3301888   t=33360.8   Elapsed: 160.563s (2m 40s)  33% completed  (77% total)
     Speed:     ev/sec=17269.2   simsec/sec=282.224   ev/simsec=61.1898
     Messages:  created: 545722   present: 18497   in FES: 5987
** Event #3316992   t=33948   Elapsed: 162.606s (2m 42s)  33% completed  (77% total)
     Speed:     ev/sec=7393.94   simsec/sec=287.455   ev/simsec=25.7221
     Messages:  created: 549231   present: 19864   in FES: 5978
** Event #3388672   t=34308.4   Elapsed: 164.624s (2m 44s)  34% completed  (78% total)
     Speed:     ev/sec=35506.2   simsec/sec=178.522   ev/simsec=198.89
     Messages:  created: 562676   present: 20844   in FES: 5857
** Event #3450880   t=34776   Elapsed: 166.701s (2m 46s)  34% completed  (78% total)
     Speed:     ev/sec=29956   simsec/sec=225.171   ev/simsec=133.037
     Messages:  created: 571010   present: 19311   in FES: 5843
** Event #3559936   t=35166.8   Elapsed: 168.733s (2m 48s)  35% completed  (78% total)
     Speed:     ev/sec=53662.8   simsec/sec=192.299   ev/simsec=279.058
     Messages:  created: 586559   present: 16922   in FES: 5778
** Event #3586304   t=35784   Elapsed: 170.772s (2m 50s)  35% completed  (78% total)
     Speed:     ev/sec=12931.4   simsec/sec=302.687   ev/simsec=42.722
     Messages:  created: 591605   present: 18037   in FES: 5735
** Event #3732736   t=37487.8   Elapsed: 172.773s (2m 52s)  37% completed  (79% total)
     Speed:     ev/sec=73201   simsec/sec=851.726   ev/simsec=85.9444
     Messages:  created: 614851   present: 16101   in FES: 5405
** Event #3954688   t=81557   Elapsed: 174.783s (2m 54s)  81% completed  (93% total)
     Speed:     ev/sec=110434   simsec/sec=21927   ev/simsec=5.03644
     Messages:  created: 645968   present: 4760   in FES: 648
** Event #3955603   t=100000   Elapsed: 174.835s (2m 54s)  100% completed  (100% total)
     Speed:     ev/sec=17613.8   simsec/sec=93330.2   ev/simsec=0.188726
     Messages:  created: 646234   present: 3999   in FES: 0

<!> Simulation time limit reached -- at t=100000s, event #3955603
