** Event #0   t=0   Elapsed: 0.047928s (0m 00s)  0% completed  (0% total)
     Speed:     ev/sec=0   simsec/sec=0   ev/simsec=0
     Messages:  created: 23757   present: 23757   in FES: 23758
** Event #256   t=0   Elapsed: 23.1376s (0m 23s)  0% completed  (0% total)
     Speed:     ev/sec=11.1232   simsec/sec=0   ev/simsec=0
     Messages:  created: 23985   present: 23857   in FES: 23829
** Event #512   t=0   Elapsed: 72.4832s (1m 12s)  0% completed  (0% total)
     Speed:     ev/sec=5.18789   simsec/sec=0   ev/simsec=0
     Messages:  created: 23998   present: 23870   in FES: 23659
** Event #5632   t=1800   Elapsed: 74.5079s (1m 14s)  1% completed  (0% total)
     Speed:     ev/sec=2528.85   simsec/sec=889.049   ev/simsec=2.84444
     Messages:  created: 25215   present: 23627   in FES: 22980
** Event #48128   t=6226   Elapsed: 76.5098s (1m 16s)  6% completed  (2% total)
     Speed:     ev/sec=21227.8   simsec/sec=2210.9   ev/simsec=9.60145
     Messages:  created: 31469   present: 22202   in FES: 21964
** Event #69632   t=46808   Elapsed: 78.5442s (1m 18s)  46% completed  (15% total)
     Speed:     ev/sec=10569.8   simsec/sec=19947.2   ev/simsec=0.52989
     Messages:  created: 37664   present: 10899   in FES: 10747
** Event #85677   t=100000   Elapsed: 80.4796s (1m 20s)  100% completed  (33% total)
     Speed:     ev/sec=8290.01   simsec/sec=20457.4   ev/simsec=0.405233
     Messages:  created: 42961   present: 1   in FES: 0

<!> Simulation time limit reached -- at t=100000s, event #85677
