** Event #0   t=0   Elapsed: 0.000s (0m 00s)
     Speed:     ev/sec=0   simsec/sec=0   ev/simsec=0
     Messages:  created: 2127   present: 2127   in FES: 2127
** Event #10240   t=2833   Elapsed: 2.001s (0m 02s)
     Speed:     ev/sec=5117.94   simsec/sec=1415.79   ev/simsec=3.6149
     Messages:  created: 5568   present: 4667   in FES: 2028
** Event #29952   t=4391   Elapsed: 4.005s (0m 04s)
     Speed:     ev/sec=9841.24   simsec/sec=777.833   ev/simsec=12.6521
     Messages:  created: 8512   present: 4564   in FES: 2003
** Event #62720   t=5101   Elapsed: 6.006s (0m 06s)
     Speed:     ev/sec=16375.8   simsec/sec=354.823   ev/simsec=46.1521
     Messages:  created: 13525   present: 3829   in FES: 1984
** Event #97536   t=8246   Elapsed: 8.028s (0m 08s)
     Speed:     ev/sec=17218.6   simsec/sec=1555.39   ev/simsec=11.0703
     Messages:  created: 18640   present: 2794   in FES: 1902
** Event #121088   t=10060   Elapsed: 10.040s (0m 10s)
     Speed:     ev/sec=11711.6   simsec/sec=902.039   ev/simsec=12.9835
     Messages:  created: 22245   present: 2480   in FES: 1856
** Event #139759   t=86400   Elapsed: 10.701s (0m 10s)
     Speed:     ev/sec=28245.1   simsec/sec=115492   ev/simsec=0.244564
     Messages:  created: 25429   present: 0   in FES: 0

<!> No more events, simulation completed -- at t=86400s, event #139759
