** Event #0   t=0   Elapsed: 0.000s (0m 00s)
     Speed:     ev/sec=0   simsec/sec=0   ev/simsec=0
     Messages:  created: 2127   present: 2127   in FES: 2127
** Event #11264   t=2882   Elapsed: 2.019s (0m 02s)
     Speed:     ev/sec=5579.49   simsec/sec=1427.44   ev/simsec=3.90874
     Messages:  created: 5733   present: 4668   in FES: 2029
** Event #31744   t=4425   Elapsed: 4.019s (0m 04s)
     Speed:     ev/sec=10240   simsec/sec=771.5   ev/simsec=13.2728
     Messages:  created: 8787   present: 4532   in FES: 2001
** Event #62208   t=5088   Elapsed: 6.025s (0m 06s)
     Speed:     ev/sec=15194   simsec/sec=330.673   ev/simsec=45.9487
     Messages:  created: 13448   present: 3843   in FES: 1985
** Event #97280   t=8228   Elapsed: 8.025s (0m 08s)
     Speed:     ev/sec=17536   simsec/sec=1570   ev/simsec=11.1694
     Messages:  created: 18603   present: 2797   in FES: 1902
** Event #121344   t=10067   Elapsed: 10.032s (0m 10s)
     Speed:     ev/sec=11996   simsec/sec=916.75   ev/simsec=13.0854
     Messages:  created: 22284   present: 2477   in FES: 1868
** Event #139759   t=86400   Elapsed: 10.675s (0m 10s)
     Speed:     ev/sec=28637.6   simsec/sec=118714   ev/simsec=0.241232
     Messages:  created: 25429   present: 0   in FES: 0

<!> No more events, simulation completed -- at t=86400s, event #139759
