** Event #0   t=0   Elapsed: 0.000s (0m 00s)
     Speed:     ev/sec=0   simsec/sec=0   ev/simsec=0
     Messages:  created: 2127   present: 2127   in FES: 2127
** Event #11264   t=2882   Elapsed: 2.019s (0m 02s)
     Speed:     ev/sec=5579.49   simsec/sec=1427.44   ev/simsec=3.90874
     Messages:  created: 5733   present: 4668   in FES: 2029
** Event #31744   t=4425   Elapsed: 4.031s (0m 04s)
     Speed:     ev/sec=10178.9   simsec/sec=766.899   ev/simsec=13.2728
     Messages:  created: 8787   present: 4532   in FES: 2001
** Event #65280   t=5165   Elapsed: 6.044s (0m 06s)
     Speed:     ev/sec=16659.7   simsec/sec=367.611   ev/simsec=45.3189
     Messages:  created: 13909   present: 3760   in FES: 1977
** Event #99584   t=8386   Elapsed: 8.050s (0m 08s)
     Speed:     ev/sec=17109.2   simsec/sec=1606.48   ev/simsec=10.6501
     Messages:  created: 18936   present: 2794   in FES: 1903
** Event #125440   t=10185   Elapsed: 10.052s (0m 10s)
     Speed:     ev/sec=12915.1   simsec/sec=898.601   ev/simsec=14.3724
     Messages:  created: 22878   present: 2354   in FES: 1855
** Event #139759   t=86400   Elapsed: 10.532s (0m 10s)
     Speed:     ev/sec=29829.2   simsec/sec=158781   ev/simsec=0.187863
     Messages:  created: 25429   present: 0   in FES: 0

<!> No more events, simulation completed -- at t=86400s, event #139759
