** Event #0   t=0   Elapsed: 0.000s (0m 00s)
     Speed:     ev/sec=0   simsec/sec=0   ev/simsec=0
     Messages:  created: 2127   present: 2127   in FES: 2127
** Event #11008   t=2872   Elapsed: 2.012s (0m 02s)
     Speed:     ev/sec=5471.67   simsec/sec=1427.44   ev/simsec=3.83322
     Messages:  created: 5691   present: 4667   in FES: 2026
** Event #31488   t=4421   Elapsed: 4.014s (0m 04s)
     Speed:     ev/sec=10229.8   simsec/sec=773.726   ev/simsec=13.2214
     Messages:  created: 8747   present: 4535   in FES: 1997
** Event #63744   t=5127   Elapsed: 6.014s (0m 06s)
     Speed:     ev/sec=16128   simsec/sec=353   ev/simsec=45.6884
     Messages:  created: 13676   present: 3795   in FES: 1969
** Event #98560   t=8319   Elapsed: 8.033s (0m 08s)
     Speed:     ev/sec=17252.7   simsec/sec=1581.76   ev/simsec=10.9073
     Messages:  created: 18786   present: 2794   in FES: 1903
** Event #123648   t=10134   Elapsed: 10.043s (0m 10s)
     Speed:     ev/sec=12487.8   simsec/sec=903.435   ev/simsec=13.8226
     Messages:  created: 22621   present: 2410   in FES: 1867
** Event #139759   t=86400   Elapsed: 10.573s (0m 10s)
     Speed:     ev/sec=30396.2   simsec/sec=143898   ev/simsec=0.211234
     Messages:  created: 25429   present: 0   in FES: 0

<!> No more events, simulation completed -- at t=86400s, event #139759
