** Event #0   t=0   Elapsed: 0.000s (0m 00s)
     Speed:     ev/sec=0   simsec/sec=0   ev/simsec=0
     Messages:  created: 2127   present: 2127   in FES: 2127
** Event #11264   t=2882   Elapsed: 2.008s (0m 02s)
     Speed:     ev/sec=5612.86   simsec/sec=1435.97   ev/simsec=3.90874
     Messages:  created: 5733   present: 4668   in FES: 2029
** Event #32000   t=4430   Elapsed: 4.013s (0m 04s)
     Speed:     ev/sec=10342.1   simsec/sec=772.07   ev/simsec=13.3953
     Messages:  created: 8827   present: 4527   in FES: 2005
** Event #65536   t=5171   Elapsed: 6.022s (0m 06s)
     Speed:     ev/sec=16692.9   simsec/sec=368.84   ev/simsec=45.2578
     Messages:  created: 13948   present: 3756   in FES: 1979
** Event #99072   t=8356   Elapsed: 8.038s (0m 08s)
     Speed:     ev/sec=16643.2   simsec/sec=1580.65   ev/simsec=10.5294
     Messages:  created: 18859   present: 2793   in FES: 1899
** Event #123904   t=10142   Elapsed: 10.039s (0m 10s)
     Speed:     ev/sec=12409.8   simsec/sec=892.554   ev/simsec=13.9037
     Messages:  created: 22656   present: 2401   in FES: 1856
** Event #139759   t=86400   Elapsed: 10.579s (0m 10s)
     Speed:     ev/sec=29413.7   simsec/sec=141481   ev/simsec=0.207899
     Messages:  created: 25429   present: 0   in FES: 0

<!> No more events, simulation completed -- at t=86400s, event #139759
