** Event #0   t=0   Elapsed: 0.000s (0m 00s)
     Speed:     ev/sec=0   simsec/sec=0   ev/simsec=0
     Messages:  created: 2127   present: 2127   in FES: 2127
** Event #9472   t=2793   Elapsed: 2.007s (0m 02s)
     Speed:     ev/sec=4719.98   simsec/sec=1391.63   ev/simsec=3.39169
     Messages:  created: 5447   present: 4672   in FES: 2030
** Event #28672   t=4365   Elapsed: 4.010s (0m 04s)
     Speed:     ev/sec=9590.41   simsec/sec=785.215   ev/simsec=12.2137
     Messages:  created: 8313   present: 4591   in FES: 2000
** Event #61440   t=5069   Elapsed: 6.012s (0m 06s)
     Speed:     ev/sec=16367.6   simsec/sec=351.648   ev/simsec=46.5455
     Messages:  created: 13333   present: 3861   in FES: 1984
** Event #96512   t=8173   Elapsed: 8.017s (0m 08s)
     Speed:     ev/sec=17501   simsec/sec=1548.9   ev/simsec=11.299
     Messages:  created: 18494   present: 2802   in FES: 1907
** Event #118272   t=9988   Elapsed: 10.031s (0m 10s)
     Speed:     ev/sec=10804.4   simsec/sec=901.192   ev/simsec=11.989
     Messages:  created: 21834   present: 2559   in FES: 1867
** Event #139759   t=86400   Elapsed: 10.846s (0m 10s)
     Speed:     ev/sec=26395.6   simsec/sec=93872.2   ev/simsec=0.281186
     Messages:  created: 25429   present: 0   in FES: 0

<!> No more events, simulation completed -- at t=86400s, event #139759
