** Event #0   t=0   Elapsed: 2.2e-05s (0m 00s)
     Speed:     ev/sec=0   simsec/sec=0   ev/simsec=0
     Messages:  created: 122936   present: 122936   in FES: 122936
** Event #605696   t=229040   Elapsed: 2.00071s (0m 02s)
     Speed:     ev/sec=302743   simsec/sec=114480   ev/simsec=2.6445
     Messages:  created: 216884   present: 101795   in FES: 99669
** Event #1249792   t=481210   Elapsed: 4.0018s (0m 04s)
     Speed:     ev/sec=321873   simsec/sec=126016   ev/simsec=2.55421
     Messages:  created: 317057   present: 75688   in FES: 73986
** Event #1896960   t=752020   Elapsed: 6.00235s (0m 06s)
     Speed:     ev/sec=323494   simsec/sec=135368   ev/simsec=2.38975
     Messages:  created: 420283   present: 48953   in FES: 46455
** Event #2345216   t=916337.866666666433   Elapsed: 8.00293s (0m 08s)
     Speed:     ev/sec=224064   simsec/sec=82135.3   ev/simsec=2.72798
     Messages:  created: 491181   present: 31954   in FES: 29781
** Event #2802944   t=1057850   Elapsed: 10.0034s (0m 10s)
     Speed:     ev/sec=228814   simsec/sec=70740.5   ev/simsec=3.23455
     Messages:  created: 561540   present: 16844   in FES: 15431
** Event #3175845   t=1209600   Elapsed: 11.3966s (0m 11s)
     Speed:     ev/sec=267656   simsec/sec=108922   ev/simsec=2.45733
     Messages:  created: 620998   present: 0   in FES: 0

<!> No more events, simulation completed -- at t=1209600s, event #3175845
