** Event #0   t=0   Elapsed: 7e-06s (0m 00s)
     Speed:     ev/sec=0   simsec/sec=0   ev/simsec=0
     Messages:  created: 181   present: 181   in FES: 181
** Event #256   t=100   Elapsed: 2.68674s (0m 02s)
     Speed:     ev/sec=95.6553   simsec/sec=37.22   ev/simsec=2.57
     Messages:  created: 337   present: 109   in FES: 79
** Event #369   t=160   Elapsed: 10.4197s (0m 10s)
     Speed:     ev/sec=14.4835   simsec/sec=7.75901   ev/simsec=1.86667
     Messages:  created: 399   present: 45   in FES: 29

<!> SIGINT or SIGTERM received, exiting -- at t=160s, event #369
undisposed object: (BundlePkt) dtnsim.node[1].dtn.Src:1,Dst:11(id:665) -- check module destructor
undisposed object: (BundlePkt) dtnsim.node[1].dtn.Src:1,Dst:11(id:665) -- check module destructor
undisposed object: (BundlePkt) dtnsim.node[1].dtn.Src:1,Dst:6(id:672) -- check module destructor
undisposed object: (BundlePkt) dtnsim.node[1].dtn.Src:1,Dst:6(id:672) -- check module destructor
undisposed object: (BundlePkt) dtnsim.node[3].dtn.Src:3,Dst:9(id:724) -- check module destructor
undisposed object: (BundlePkt) dtnsim.node[3].dtn.Src:3,Dst:9(id:724) -- check module destructor
undisposed object: (BundlePkt) dtnsim.node[4].dtn.Src:4,Dst:1(id:704) -- check module destructor
undisposed object: (BundlePkt) dtnsim.node[4].dtn.Src:4,Dst:1(id:704) -- check module destructor
undisposed object: (BundlePkt) dtnsim.node[5].dtn.Src:5,Dst:10(id:673) -- check module destructor
undisposed object: (BundlePkt) dtnsim.node[5].dtn.Src:5,Dst:10(id:673) -- check module destructor
undisposed object: (BundlePkt) dtnsim.node[9].dtn.Src:9,Dst:12(id:706) -- check module destructor
undisposed object: (BundlePkt) dtnsim.node[9].dtn.Src:9,Dst:12(id:706) -- check module destructor
undisposed object: (BundlePkt) dtnsim.node[10].dtn.Src:10,Dst:6(id:648) -- check module destructor
undisposed object: (BundlePkt) dtnsim.node[10].dtn.Src:10,Dst:6(id:648) -- check module destructor
undisposed object: (BundlePkt) dtnsim.node[12].dtn.Src:12,Dst:1(id:755) -- check module destructor
undisposed object: (BundlePkt) dtnsim.node[12].dtn.Src:12,Dst:1(id:755) -- check module destructor
