** Event #0   t=0   Elapsed: 0.000s (0m 00s)
     Speed:     ev/sec=0   simsec/sec=0   ev/simsec=0
     Messages:  created: 2126   present: 2126   in FES: 2126
** Event #3584   t=2580   Elapsed: 15.044s (0m 15s)
     Speed:     ev/sec=238.301   simsec/sec=171.497   ev/simsec=1.38953
     Messages:  created: 3833   present: 3677   in FES: 2054
** Event #11008   t=2693   Elapsed: 29.251s (0m 29s)
     Speed:     ev/sec=522.596   simsec/sec=7.95439   ev/simsec=65.6991
     Messages:  created: 4963   present: 3558   in FES: 2044
** Event #17920   t=2803   Elapsed: 39.331s (0m 39s)
     Speed:     ev/sec=685.782   simsec/sec=10.9138   ev/simsec=62.8364
     Messages:  created: 6024   present: 3445   in FES: 2027
** Event #23040   t=3099   Elapsed: 41.368s (0m 41s)
     Speed:     ev/sec=2514.73   simsec/sec=145.383   ev/simsec=17.2973
     Messages:  created: 6801   present: 3442   in FES: 2025
** Event #27392   t=3456   Elapsed: 43.377s (0m 43s)
     Speed:     ev/sec=2166.25   simsec/sec=177.7   ev/simsec=12.1905
     Messages:  created: 7419   present: 3435   in FES: 2020
** Event #28416   t=3500   Elapsed: 47.551s (0m 47s)
     Speed:     ev/sec=245.387   simsec/sec=10.544   ev/simsec=23.2727
     Messages:  created: 7577   present: 3440   in FES: 2040
** Event #37376   t=3636   Elapsed: 49.557s (0m 49s)
     Speed:     ev/sec=4466.6   simsec/sec=67.7966   ev/simsec=65.8824
     Messages:  created: 8932   present: 3293   in FES: 2019
** Event #49408   t=3797   Elapsed: 52.807s (0m 52s)
     Speed:     ev/sec=3703.29   simsec/sec=49.5537   ev/simsec=74.7329
     Messages:  created: 10792   present: 3134   in FES: 2036
** Event #61696   t=3960   Elapsed: 54.824s (0m 54s)
     Speed:     ev/sec=6095.24   simsec/sec=80.8532   ev/simsec=75.3865
     Messages:  created: 12706   present: 2967   in FES: 2031
** Event #67072   t=4052   Elapsed: 59.241s (0m 59s)
     Speed:     ev/sec=1217.12   simsec/sec=20.8286   ev/simsec=58.4348
     Messages:  created: 13548   present: 2872   in FES: 2006
** Event #81920   t=4435   Elapsed: 62.443s (1m 02s)
     Speed:     ev/sec=4637.1   simsec/sec=119.613   ev/simsec=38.7676
     Messages:  created: 15732   present: 2672   in FES: 1998
** Event #85760   t=4545   Elapsed: 65.018s (1m 05s)
     Speed:     ev/sec=1491.84   simsec/sec=42.735   ev/simsec=34.9091
     Messages:  created: 16281   present: 2556   in FES: 1986
** Event #87552   t=4596   Elapsed: 67.116s (1m 07s)
     Speed:     ev/sec=854.147   simsec/sec=24.3089   ev/simsec=35.1373
     Messages:  created: 16537   present: 2502   in FES: 1987
** Event #95744   t=4830   Elapsed: 69.480s (1m 09s)
     Speed:     ev/sec=3466.78   simsec/sec=99.0267   ev/simsec=35.0085
     Messages:  created: 17707   present: 2264   in FES: 1985
** Event #100352   t=5018   Elapsed: 71.689s (1m 11s)
     Speed:     ev/sec=2086.01   simsec/sec=85.1064   ev/simsec=24.5106
     Messages:  created: 18366   present: 2066   in FES: 1968
** Event #104457   t=86400   Elapsed: 71.762s (1m 11s)
     Speed:     ev/sec=57000   simsec/sec=1.13031e+06   ev/simsec=0.0504288
     Messages:  created: 19494   present: 0   in FES: 0

<!> No more events, simulation completed -- at t=86400s, event #104457
