** Event #0   t=0   Elapsed: 0.000s (0m 00s)
     Speed:     ev/sec=0   simsec/sec=0   ev/simsec=0
     Messages:  created: 2126   present: 2126   in FES: 2126
** Event #5376   t=2577   Elapsed: 9.969s (0m 09s)
     Speed:     ev/sec=539.372   simsec/sec=258.501   ev/simsec=2.08653
     Messages:  created: 4799   present: 4676   in FES: 2035
** Event #5632   t=2581   Elapsed: 15.547s (0m 15s)
     Speed:     ev/sec=45.8946   simsec/sec=0.717103   ev/simsec=64
     Messages:  created: 4838   present: 4671   in FES: 2042
** Event #13056   t=2694   Elapsed: 29.819s (0m 29s)
     Speed:     ev/sec=520.179   simsec/sec=7.9176   ev/simsec=65.6991
     Messages:  created: 5969   present: 4553   in FES: 2036
** Event #19968   t=2805   Elapsed: 39.822s (0m 39s)
     Speed:     ev/sec=691.062   simsec/sec=11.0978   ev/simsec=62.2703
     Messages:  created: 7032   present: 4447   in FES: 2030
** Event #25088   t=3102   Elapsed: 41.857s (0m 41s)
     Speed:     ev/sec=2517.21   simsec/sec=146.018   ev/simsec=17.2391
     Messages:  created: 7807   present: 4442   in FES: 2022
** Event #29440   t=3459   Elapsed: 43.870s (0m 43s)
     Speed:     ev/sec=2163.02   simsec/sec=177.435   ev/simsec=12.1905
     Messages:  created: 8426   present: 4433   in FES: 2015
** Event #30464   t=3501   Elapsed: 47.956s (0m 47s)
     Speed:     ev/sec=250.612   simsec/sec=10.279   ev/simsec=24.381
     Messages:  created: 8584   present: 4436   in FES: 2036
** Event #39424   t=3636   Elapsed: 49.968s (0m 49s)
     Speed:     ev/sec=4455.49   simsec/sec=67.1308   ev/simsec=66.3704
     Messages:  created: 9942   present: 4299   in FES: 2037
** Event #51456   t=3798   Elapsed: 53.207s (0m 53s)
     Speed:     ev/sec=3714.73   simsec/sec=50.0154   ev/simsec=74.2716
     Messages:  created: 11797   present: 4126   in FES: 2017
** Event #63744   t=3957   Elapsed: 55.216s (0m 55s)
     Speed:     ev/sec=6119.52   simsec/sec=79.1833   ev/simsec=77.283
     Messages:  created: 13715   present: 3972   in FES: 2025
** Event #70656   t=4050   Elapsed: 62.038s (1m 02s)
     Speed:     ev/sec=1013.19   simsec/sec=13.6324   ev/simsec=74.3226
     Messages:  created: 14804   present: 3873   in FES: 2009
** Event #87040   t=4437   Elapsed: 65.528s (1m 05s)
     Speed:     ev/sec=4695.9   simsec/sec=110.92   ev/simsec=42.3359
     Messages:  created: 17250   present: 3670   in FES: 1994
** Event #90880   t=4547   Elapsed: 68.093s (1m 08s)
     Speed:     ev/sec=1497.08   simsec/sec=42.885   ev/simsec=34.9091
     Messages:  created: 17800   present: 3555   in FES: 1989
** Event #92672   t=4598   Elapsed: 70.184s (1m 10s)
     Speed:     ev/sec=857.416   simsec/sec=24.4019   ev/simsec=35.1373
     Messages:  created: 18056   present: 3501   in FES: 1992
** Event #100864   t=4832   Elapsed: 72.610s (1m 12s)
     Speed:     ev/sec=3378.14   simsec/sec=96.4948   ev/simsec=35.0085
     Messages:  created: 19226   present: 3263   in FES: 1990
** Event #104960   t=4949   Elapsed: 74.757s (1m 14s)
     Speed:     ev/sec=1908.67   simsec/sec=54.52   ev/simsec=35.0085
     Messages:  created: 19812   present: 3141   in FES: 1981
** Event #107008   t=5013   Elapsed: 76.822s (1m 16s)
     Speed:     ev/sec=992.248   simsec/sec=31.0078   ev/simsec=32
     Messages:  created: 20105   present: 3072   in FES: 1973
** Event #111616   t=7793   Elapsed: 90.183s (1m 30s)
     Speed:     ev/sec=344.884   simsec/sec=208.068   ev/simsec=1.65755
     Messages:  created: 20784   present: 2815   in FES: 1938
** Event #126208   t=8017   Elapsed: 99.984s (1m 39s)
     Speed:     ev/sec=1488.83   simsec/sec=22.8548   ev/simsec=65.1429
     Messages:  created: 22998   present: 2584   in FES: 1908
** Event #129280   t=8454   Elapsed: 102.636s (1m 42s)
     Speed:     ev/sec=1158.81   simsec/sec=164.843   ev/simsec=7.02975
     Messages:  created: 23454   present: 2566   in FES: 1893
** Event #132096   t=8714   Elapsed: 106.821s (1m 46s)
     Speed:     ev/sec=672.879   simsec/sec=62.1266   ev/simsec=10.8308
     Messages:  created: 23842   present: 2571   in FES: 1923
** Event #143360   t=8902   Elapsed: 108.832s (1m 48s)
     Speed:     ev/sec=5603.98   simsec/sec=93.5323   ev/simsec=59.9149
     Messages:  created: 25558   present: 2376   in FES: 1909
** Event #169667   t=86400   Elapsed: 110.157s (1m 50s)
     Speed:     ev/sec=19868.6   simsec/sec=58533.2   ev/simsec=0.339441
     Messages:  created: 30012   present: 0   in FES: 0

<!> No more events, simulation completed -- at t=86400s, event #169667
