** Event #0   t=0   Elapsed: 0.000s (0m 00s)
     Speed:     ev/sec=0   simsec/sec=0   ev/simsec=0
     Messages:  created: 2126   present: 2126   in FES: 2126
** Event #3584   t=2580   Elapsed: 14.973s (0m 14s)
     Speed:     ev/sec=239.431   simsec/sec=172.31   ev/simsec=1.38953
     Messages:  created: 3833   present: 3677   in FES: 2054
** Event #11008   t=2693   Elapsed: 29.306s (0m 29s)
     Speed:     ev/sec=518.002   simsec/sec=7.88445   ev/simsec=65.6991
     Messages:  created: 4963   present: 3558   in FES: 2044
** Event #17920   t=2803   Elapsed: 39.328s (0m 39s)
     Speed:     ev/sec=689.752   simsec/sec=10.9769   ev/simsec=62.8364
     Messages:  created: 6024   present: 3445   in FES: 2027
** Event #22784   t=3081   Elapsed: 41.338s (0m 41s)
     Speed:     ev/sec=2419.9   simsec/sec=138.308   ev/simsec=17.4964
     Messages:  created: 6764   present: 3441   in FES: 2022
** Event #27392   t=3456   Elapsed: 43.404s (0m 43s)
     Speed:     ev/sec=2230.4   simsec/sec=181.51   ev/simsec=12.288
     Messages:  created: 7419   present: 3435   in FES: 2020
** Event #28416   t=3500   Elapsed: 47.467s (0m 47s)
     Speed:     ev/sec=252.031   simsec/sec=10.8294   ev/simsec=23.2727
     Messages:  created: 7577   present: 3440   in FES: 2040
** Event #37376   t=3636   Elapsed: 49.483s (0m 49s)
     Speed:     ev/sec=4446.65   simsec/sec=67.4938   ev/simsec=65.8824
     Messages:  created: 8932   present: 3293   in FES: 2019
** Event #49408   t=3797   Elapsed: 52.779s (0m 52s)
     Speed:     ev/sec=3650.49   simsec/sec=48.8471   ev/simsec=74.7329
     Messages:  created: 10792   present: 3134   in FES: 2036
** Event #61952   t=3964   Elapsed: 54.794s (0m 54s)
     Speed:     ev/sec=6228.4   simsec/sec=82.9196   ev/simsec=75.1138
     Messages:  created: 12746   present: 2963   in FES: 2031
** Event #67072   t=4052   Elapsed: 59.162s (0m 59s)
     Speed:     ev/sec=1172.43   simsec/sec=20.1511   ev/simsec=58.1818
     Messages:  created: 13548   present: 2872   in FES: 2006
** Event #81920   t=4435   Elapsed: 62.435s (1m 02s)
     Speed:     ev/sec=4536.51   simsec/sec=117.018   ev/simsec=38.7676
     Messages:  created: 15732   present: 2672   in FES: 1998
** Event #85760   t=4545   Elapsed: 65.006s (1m 05s)
     Speed:     ev/sec=1494.16   simsec/sec=42.8016   ev/simsec=34.9091
     Messages:  created: 16281   present: 2556   in FES: 1986
** Event #87552   t=4596   Elapsed: 67.098s (1m 07s)
     Speed:     ev/sec=856.597   simsec/sec=24.3786   ev/simsec=35.1373
     Messages:  created: 16537   present: 2502   in FES: 1987
** Event #95744   t=4830   Elapsed: 69.553s (1m 09s)
     Speed:     ev/sec=3338.22   simsec/sec=95.3545   ev/simsec=35.0085
     Messages:  created: 17707   present: 2264   in FES: 1985
** Event #100352   t=5018   Elapsed: 71.745s (1m 11s)
     Speed:     ev/sec=2102.19   simsec/sec=85.7664   ev/simsec=24.5106
     Messages:  created: 18366   present: 2066   in FES: 1968
** Event #104457   t=86400   Elapsed: 71.817s (1m 11s)
     Speed:     ev/sec=57000   simsec/sec=1.13031e+06   ev/simsec=0.0504288
     Messages:  created: 19494   present: 0   in FES: 0

<!> No more events, simulation completed -- at t=86400s, event #104457
