** Event #0   t=0   Elapsed: 0.000s (0m 00s)
     Speed:     ev/sec=0   simsec/sec=0   ev/simsec=0
     Messages:  created: 2126   present: 2126   in FES: 2126
** Event #3584   t=2580   Elapsed: 14.920s (0m 14s)
     Speed:     ev/sec=240.282   simsec/sec=172.922   ev/simsec=1.38953
     Messages:  created: 3833   present: 3677   in FES: 2054
** Event #11008   t=2693   Elapsed: 29.169s (0m 29s)
     Speed:     ev/sec=521.056   simsec/sec=7.93094   ev/simsec=65.6991
     Messages:  created: 4963   present: 3558   in FES: 2044
** Event #17920   t=2803   Elapsed: 39.246s (0m 39s)
     Speed:     ev/sec=685.918   simsec/sec=10.9159   ev/simsec=62.8364
     Messages:  created: 6024   present: 3445   in FES: 2027
** Event #22784   t=3081   Elapsed: 41.270s (0m 41s)
     Speed:     ev/sec=2404.35   simsec/sec=137.42   ev/simsec=17.4964
     Messages:  created: 6764   present: 3441   in FES: 2022
** Event #27392   t=3456   Elapsed: 43.323s (0m 43s)
     Speed:     ev/sec=2244.52   simsec/sec=182.66   ev/simsec=12.288
     Messages:  created: 7419   present: 3435   in FES: 2020
** Event #28416   t=3500   Elapsed: 47.369s (0m 47s)
     Speed:     ev/sec=253.089   simsec/sec=10.8749   ev/simsec=23.2727
     Messages:  created: 7577   present: 3440   in FES: 2040
** Event #36864   t=3628   Elapsed: 49.383s (0m 49s)
     Speed:     ev/sec=4196.72   simsec/sec=63.5867   ev/simsec=66
     Messages:  created: 8856   present: 3302   in FES: 2027
** Event #49408   t=3797   Elapsed: 52.665s (0m 52s)
     Speed:     ev/sec=3823.22   simsec/sec=51.5087   ev/simsec=74.2249
     Messages:  created: 10792   present: 3134   in FES: 2036
** Event #61952   t=3964   Elapsed: 54.676s (0m 54s)
     Speed:     ev/sec=6237.69   simsec/sec=83.0433   ev/simsec=75.1138
     Messages:  created: 12746   present: 2963   in FES: 2031
** Event #67072   t=4052   Elapsed: 59.038s (0m 59s)
     Speed:     ev/sec=1173.77   simsec/sec=20.1742   ev/simsec=58.1818
     Messages:  created: 13548   present: 2872   in FES: 2006
** Event #81920   t=4435   Elapsed: 62.306s (1m 02s)
     Speed:     ev/sec=4544.84   simsec/sec=117.233   ev/simsec=38.7676
     Messages:  created: 15732   present: 2672   in FES: 1998
** Event #85760   t=4545   Elapsed: 64.893s (1m 04s)
     Speed:     ev/sec=1484.92   simsec/sec=42.5367   ev/simsec=34.9091
     Messages:  created: 16281   present: 2556   in FES: 1986
** Event #87552   t=4596   Elapsed: 66.981s (1m 06s)
     Speed:     ev/sec=858.238   simsec/sec=24.4253   ev/simsec=35.1373
     Messages:  created: 16537   present: 2502   in FES: 1987
** Event #95744   t=4830   Elapsed: 69.358s (1m 09s)
     Speed:     ev/sec=3447.81   simsec/sec=98.4848   ev/simsec=35.0085
     Messages:  created: 17707   present: 2264   in FES: 1985
** Event #100352   t=5018   Elapsed: 71.558s (1m 11s)
     Speed:     ev/sec=2094.55   simsec/sec=85.4545   ev/simsec=24.5106
     Messages:  created: 18366   present: 2066   in FES: 1968
** Event #104457   t=86400   Elapsed: 71.632s (1m 11s)
     Speed:     ev/sec=56219.2   simsec/sec=1.11482e+06   ev/simsec=0.0504288
     Messages:  created: 19494   present: 0   in FES: 0

<!> No more events, simulation completed -- at t=86400s, event #104457
