** Event #0   t=0   Elapsed: 0.000s (0m 00s)
     Speed:     ev/sec=0   simsec/sec=0   ev/simsec=0
     Messages:  created: 2126   present: 2126   in FES: 2126
** Event #5376   t=2577   Elapsed: 10.028s (0m 10s)
     Speed:     ev/sec=536.199   simsec/sec=256.98   ev/simsec=2.08653
     Messages:  created: 4799   present: 4676   in FES: 2035
** Event #5632   t=2581   Elapsed: 15.546s (0m 15s)
     Speed:     ev/sec=46.3936   simsec/sec=0.7249   ev/simsec=64
     Messages:  created: 4838   present: 4671   in FES: 2042
** Event #13056   t=2694   Elapsed: 29.789s (0m 29s)
     Speed:     ev/sec=521.239   simsec/sec=7.93372   ev/simsec=65.6991
     Messages:  created: 5969   present: 4553   in FES: 2036
** Event #19968   t=2805   Elapsed: 39.799s (0m 39s)
     Speed:     ev/sec=690.578   simsec/sec=11.09   ev/simsec=62.2703
     Messages:  created: 7032   present: 4447   in FES: 2030
** Event #24832   t=3084   Elapsed: 41.832s (0m 41s)
     Speed:     ev/sec=2392.52   simsec/sec=137.236   ev/simsec=17.4337
     Messages:  created: 7771   present: 4442   in FES: 2026
** Event #29184   t=3446   Elapsed: 43.897s (0m 43s)
     Speed:     ev/sec=2107.51   simsec/sec=175.303   ev/simsec=12.0221
     Messages:  created: 8388   present: 4434   in FES: 2020
** Event #30464   t=3501   Elapsed: 48.036s (0m 48s)
     Speed:     ev/sec=309.328   simsec/sec=13.2914   ev/simsec=23.2727
     Messages:  created: 8584   present: 4436   in FES: 2036
** Event #38912   t=3629   Elapsed: 50.043s (0m 50s)
     Speed:     ev/sec=4209.27   simsec/sec=63.7768   ev/simsec=66
     Messages:  created: 9862   present: 4302   in FES: 2021
** Event #51456   t=3798   Elapsed: 53.354s (0m 53s)
     Speed:     ev/sec=3789.73   simsec/sec=51.0574   ev/simsec=74.2249
     Messages:  created: 11797   present: 4126   in FES: 2017
** Event #62976   t=3947   Elapsed: 55.371s (0m 55s)
     Speed:     ev/sec=5714.29   simsec/sec=73.9087   ev/simsec=77.3154
     Messages:  created: 13595   present: 3982   in FES: 2033
** Event #70656   t=4050   Elapsed: 62.242s (1m 02s)
     Speed:     ev/sec=1117.74   simsec/sec=14.9905   ev/simsec=74.5631
     Messages:  created: 14804   present: 3873   in FES: 2009
** Event #87040   t=4437   Elapsed: 65.606s (1m 05s)
     Speed:     ev/sec=4871.84   simsec/sec=115.076   ev/simsec=42.3359
     Messages:  created: 17250   present: 3670   in FES: 1994
** Event #90880   t=4547   Elapsed: 68.181s (1m 08s)
     Speed:     ev/sec=1491.84   simsec/sec=42.735   ev/simsec=34.9091
     Messages:  created: 17800   present: 3555   in FES: 1989
** Event #92672   t=4598   Elapsed: 70.266s (1m 10s)
     Speed:     ev/sec=859.885   simsec/sec=24.4722   ev/simsec=35.1373
     Messages:  created: 18056   present: 3501   in FES: 1992
** Event #100864   t=4832   Elapsed: 72.660s (1m 12s)
     Speed:     ev/sec=3421.89   simsec/sec=97.7444   ev/simsec=35.0085
     Messages:  created: 19226   present: 3263   in FES: 1990
** Event #104960   t=4949   Elapsed: 74.815s (1m 14s)
     Speed:     ev/sec=1901.58   simsec/sec=54.3175   ev/simsec=35.0085
     Messages:  created: 19812   present: 3141   in FES: 1981
** Event #107008   t=5013   Elapsed: 76.903s (1m 16s)
     Speed:     ev/sec=980.843   simsec/sec=30.6513   ev/simsec=32
     Messages:  created: 20105   present: 3072   in FES: 1973
** Event #111616   t=7793   Elapsed: 90.269s (1m 30s)
     Speed:     ev/sec=344.755   simsec/sec=207.99   ev/simsec=1.65755
     Messages:  created: 20784   present: 2815   in FES: 1938
** Event #126208   t=8017   Elapsed: 100.166s (1m 40s)
     Speed:     ev/sec=1474.54   simsec/sec=22.6354   ev/simsec=65.1429
     Messages:  created: 22998   present: 2584   in FES: 1908
** Event #129280   t=8454   Elapsed: 102.882s (1m 42s)
     Speed:     ev/sec=1131.49   simsec/sec=160.958   ev/simsec=7.02975
     Messages:  created: 23454   present: 2566   in FES: 1893
** Event #132096   t=8714   Elapsed: 107.082s (1m 47s)
     Speed:     ev/sec=670.476   simsec/sec=61.9048   ev/simsec=10.8308
     Messages:  created: 23842   present: 2571   in FES: 1923
** Event #142080   t=8878   Elapsed: 109.086s (1m 49s)
     Speed:     ev/sec=4982.04   simsec/sec=81.8363   ev/simsec=60.878
     Messages:  created: 25359   present: 2395   in FES: 1897
** Event #169667   t=86400   Elapsed: 110.489s (1m 50s)
     Speed:     ev/sec=19676.2   simsec/sec=55293.9   ev/simsec=0.355847
     Messages:  created: 30012   present: 0   in FES: 0

<!> No more events, simulation completed -- at t=86400s, event #169667
