** Event #0   t=0   Elapsed: 0.000s (0m 00s)
     Speed:     ev/sec=0   simsec/sec=0   ev/simsec=0
     Messages:  created: 2126   present: 2126   in FES: 2126
** Event #4608   t=2580   Elapsed: 15.207s (0m 15s)
     Speed:     ev/sec=303.084   simsec/sec=169.659   ev/simsec=1.78643
     Messages:  created: 4336   present: 4179   in FES: 2054
** Event #12032   t=2693   Elapsed: 29.409s (0m 29s)
     Speed:     ev/sec=522.78   simsec/sec=7.95719   ev/simsec=65.6991
     Messages:  created: 5468   present: 4062   in FES: 2056
** Event #18944   t=2804   Elapsed: 39.404s (0m 39s)
     Speed:     ev/sec=691.546   simsec/sec=11.1056   ev/simsec=62.2703
     Messages:  created: 6529   present: 3947   in FES: 2031
** Event #23808   t=3082   Elapsed: 41.414s (0m 41s)
     Speed:     ev/sec=2421.11   simsec/sec=138.377   ev/simsec=17.4964
     Messages:  created: 7267   present: 3942   in FES: 2022
** Event #28416   t=3457   Elapsed: 43.478s (0m 43s)
     Speed:     ev/sec=2232.56   simsec/sec=181.686   ev/simsec=12.288
     Messages:  created: 7922   present: 3935   in FES: 2016
** Event #29440   t=3501   Elapsed: 47.544s (0m 47s)
     Speed:     ev/sec=251.845   simsec/sec=10.8214   ev/simsec=23.2727
     Messages:  created: 8078   present: 3930   in FES: 2021
** Event #38144   t=3632   Elapsed: 49.548s (0m 49s)
     Speed:     ev/sec=4345.48   simsec/sec=65.4019   ev/simsec=66.4427
     Messages:  created: 9400   present: 3802   in FES: 2037
** Event #50432   t=3797   Elapsed: 52.823s (0m 52s)
     Speed:     ev/sec=3753.21   simsec/sec=50.3971   ev/simsec=74.4727
     Messages:  created: 11295   present: 3636   in FES: 2031
** Event #62208   t=3950   Elapsed: 54.826s (0m 54s)
     Speed:     ev/sec=5879.18   simsec/sec=76.3854   ev/simsec=76.9673
     Messages:  created: 13131   present: 3479   in FES: 2029
** Event #69632   t=4049   Elapsed: 61.656s (1m 01s)
     Speed:     ev/sec=1087.13   simsec/sec=14.497   ev/simsec=74.9899
     Messages:  created: 14301   present: 3371   in FES: 2014
** Event #86016   t=4437   Elapsed: 65.006s (1m 05s)
     Speed:     ev/sec=4890.75   simsec/sec=115.821   ev/simsec=42.2268
     Messages:  created: 16746   present: 3167   in FES: 1987
** Event #89856   t=4546   Elapsed: 67.560s (1m 07s)
     Speed:     ev/sec=1503.52   simsec/sec=42.6782   ev/simsec=35.2294
     Messages:  created: 17297   present: 3057   in FES: 1995
** Event #91648   t=4597   Elapsed: 69.702s (1m 09s)
     Speed:     ev/sec=836.992   simsec/sec=23.8206   ev/simsec=35.1373
     Messages:  created: 17552   present: 3002   in FES: 1988
** Event #99840   t=4831   Elapsed: 72.133s (1m 12s)
     Speed:     ev/sec=3369.81   simsec/sec=96.2567   ev/simsec=35.0085
     Messages:  created: 18722   present: 2764   in FES: 1986
** Event #103936   t=4948   Elapsed: 74.272s (1m 14s)
     Speed:     ev/sec=1915.81   simsec/sec=54.724   ev/simsec=35.0085
     Messages:  created: 19309   present: 2643   in FES: 1987
** Event #105984   t=5012   Elapsed: 76.332s (1m 16s)
     Speed:     ev/sec=994.175   simsec/sec=31.068   ev/simsec=32
     Messages:  created: 19602   present: 2574   in FES: 1978
** Event #110592   t=7793   Elapsed: 89.684s (1m 29s)
     Speed:     ev/sec=345.143   simsec/sec=208.299   ev/simsec=1.65696
     Messages:  created: 20279   present: 2311   in FES: 1926
** Event #125184   t=8016   Elapsed: 99.461s (1m 39s)
     Speed:     ev/sec=1492.48   simsec/sec=22.8086   ev/simsec=65.435
     Messages:  created: 22495   present: 2084   in FES: 1911
** Event #127744   t=8714   Elapsed: 104.628s (1m 44s)
     Speed:     ev/sec=495.548   simsec/sec=135.114   ev/simsec=3.66762
     Messages:  created: 22894   present: 2066   in FES: 1907
** Event #137348   t=86400   Elapsed: 105.040s (1m 45s)
     Speed:     ev/sec=23308.3   simsec/sec=188558   ev/simsec=0.123613
     Messages:  created: 24856   present: 0   in FES: 0

<!> No more events, simulation completed -- at t=86400s, event #137348
