** Event #0   t=0   Elapsed: 0.000s (0m 00s)
     Speed:     ev/sec=0   simsec/sec=0   ev/simsec=0
     Messages:  created: 2126   present: 2126   in FES: 2126
** Event #5376   t=2577   Elapsed: 9.970s (0m 09s)
     Speed:     ev/sec=539.318   simsec/sec=258.475   ev/simsec=2.08653
     Messages:  created: 4799   present: 4676   in FES: 2035
** Event #5632   t=2581   Elapsed: 15.464s (0m 15s)
     Speed:     ev/sec=46.5963   simsec/sec=0.728067   ev/simsec=64
     Messages:  created: 4838   present: 4671   in FES: 2042
** Event #13056   t=2694   Elapsed: 29.690s (0m 29s)
     Speed:     ev/sec=521.898   simsec/sec=7.94376   ev/simsec=65.6991
     Messages:  created: 5969   present: 4553   in FES: 2036
** Event #19968   t=2805   Elapsed: 39.700s (0m 39s)
     Speed:     ev/sec=690.509   simsec/sec=11.0889   ev/simsec=62.2703
     Messages:  created: 7032   present: 4447   in FES: 2030
** Event #24832   t=3084   Elapsed: 41.701s (0m 41s)
     Speed:     ev/sec=2430.78   simsec/sec=139.43   ev/simsec=17.4337
     Messages:  created: 7771   present: 4442   in FES: 2026
** Event #29184   t=3446   Elapsed: 43.789s (0m 43s)
     Speed:     ev/sec=2085.29   simsec/sec=173.455   ev/simsec=12.0221
     Messages:  created: 8388   present: 4434   in FES: 2020
** Event #30464   t=3501   Elapsed: 47.874s (0m 47s)
     Speed:     ev/sec=313.341   simsec/sec=13.4639   ev/simsec=23.2727
     Messages:  created: 8584   present: 4436   in FES: 2036
** Event #39424   t=3636   Elapsed: 49.886s (0m 49s)
     Speed:     ev/sec=4453.28   simsec/sec=67.0974   ev/simsec=66.3704
     Messages:  created: 9942   present: 4299   in FES: 2037
** Event #51456   t=3798   Elapsed: 53.168s (0m 53s)
     Speed:     ev/sec=3667.17   simsec/sec=49.3752   ev/simsec=74.2716
     Messages:  created: 11797   present: 4126   in FES: 2017
** Event #63744   t=3957   Elapsed: 55.178s (0m 55s)
     Speed:     ev/sec=6113.43   simsec/sec=79.1045   ev/simsec=77.283
     Messages:  created: 13715   present: 3972   in FES: 2025
** Event #70656   t=4050   Elapsed: 62.063s (1m 02s)
     Speed:     ev/sec=1004.07   simsec/sec=13.5096   ev/simsec=74.3226
     Messages:  created: 14804   present: 3873   in FES: 2009
** Event #87040   t=4437   Elapsed: 65.438s (1m 05s)
     Speed:     ev/sec=4855.96   simsec/sec=114.701   ev/simsec=42.3359
     Messages:  created: 17250   present: 3670   in FES: 1994
** Event #90880   t=4547   Elapsed: 68.019s (1m 08s)
     Speed:     ev/sec=1487.8   simsec/sec=42.6191   ev/simsec=34.9091
     Messages:  created: 17800   present: 3555   in FES: 1989
** Event #92672   t=4598   Elapsed: 70.139s (1m 10s)
     Speed:     ev/sec=845.283   simsec/sec=24.0566   ev/simsec=35.1373
     Messages:  created: 18056   present: 3501   in FES: 1992
** Event #100864   t=4832   Elapsed: 72.526s (1m 12s)
     Speed:     ev/sec=3433.36   simsec/sec=98.0721   ev/simsec=35.0085
     Messages:  created: 19226   present: 3263   in FES: 1990
** Event #104960   t=4949   Elapsed: 74.739s (1m 14s)
     Speed:     ev/sec=1851.72   simsec/sec=52.8933   ev/simsec=35.0085
     Messages:  created: 19812   present: 3141   in FES: 1981
** Event #107008   t=5013   Elapsed: 76.826s (1m 16s)
     Speed:     ev/sec=981.783   simsec/sec=30.6807   ev/simsec=32
     Messages:  created: 20105   present: 3072   in FES: 1973
** Event #111616   t=7793   Elapsed: 90.207s (1m 30s)
     Speed:     ev/sec=344.369   simsec/sec=207.757   ev/simsec=1.65755
     Messages:  created: 20784   present: 2815   in FES: 1938
** Event #126208   t=8017   Elapsed: 100.048s (1m 40s)
     Speed:     ev/sec=1482.78   simsec/sec=22.7619   ev/simsec=65.1429
     Messages:  created: 22998   present: 2584   in FES: 1908
** Event #129280   t=8454   Elapsed: 102.751s (1m 42s)
     Speed:     ev/sec=1136.51   simsec/sec=161.672   ev/simsec=7.02975
     Messages:  created: 23454   present: 2566   in FES: 1893
** Event #132096   t=8714   Elapsed: 106.945s (1m 46s)
     Speed:     ev/sec=671.596   simsec/sec=62.0081   ev/simsec=10.8308
     Messages:  created: 23842   present: 2571   in FES: 1923
** Event #143104   t=8897   Elapsed: 108.957s (1m 48s)
     Speed:     ev/sec=5473.89   simsec/sec=90.9995   ev/simsec=60.153
     Messages:  created: 25518   present: 2380   in FES: 1901
** Event #169667   t=86400   Elapsed: 110.321s (1m 50s)
     Speed:     ev/sec=19473.6   simsec/sec=56820.4   ev/simsec=0.342722
     Messages:  created: 30012   present: 0   in FES: 0

<!> No more events, simulation completed -- at t=86400s, event #169667
