** Event #0   t=0   Elapsed: 0.000s (0m 00s)
     Speed:     ev/sec=0   simsec/sec=0   ev/simsec=0
     Messages:  created: 2126   present: 2126   in FES: 2126
** Event #2560   t=2580   Elapsed: 14.738s (0m 14s)
     Speed:     ev/sec=173.768   simsec/sec=175.058   ev/simsec=0.992636
     Messages:  created: 3327   present: 3171   in FES: 2040
** Event #9984   t=2693   Elapsed: 28.935s (0m 28s)
     Speed:     ev/sec=522.964   simsec/sec=7.95999   ev/simsec=65.6991
     Messages:  created: 4458   present: 3058   in FES: 2039
** Event #16896   t=2802   Elapsed: 38.999s (0m 38s)
     Speed:     ev/sec=686.873   simsec/sec=10.8318   ev/simsec=63.4128
     Messages:  created: 5520   present: 2945   in FES: 2026
** Event #20480   t=3222   Elapsed: 41.955s (0m 41s)
     Speed:     ev/sec=1212.45   simsec/sec=142.084   ev/simsec=8.53333
     Messages:  created: 6067   present: 2937   in FES: 2018
** Event #23552   t=3501   Elapsed: 46.621s (0m 46s)
     Speed:     ev/sec=658.521   simsec/sec=59.8071   ev/simsec=11.0108
     Messages:  created: 6488   present: 2934   in FES: 2032
** Event #32768   t=3640   Elapsed: 48.631s (0m 48s)
     Speed:     ev/sec=4585.07   simsec/sec=69.1542   ev/simsec=66.3022
     Messages:  created: 7886   present: 2794   in FES: 2037
** Event #51200   t=3945   Elapsed: 50.882s (0m 50s)
     Speed:     ev/sec=8192   simsec/sec=135.556   ev/simsec=60.4328
     Messages:  created: 10640   present: 2480   in FES: 2016
** Event #56576   t=4051   Elapsed: 55.270s (0m 55s)
     Speed:     ev/sec=1225.16   simsec/sec=24.1568   ev/simsec=50.717
     Messages:  created: 11466   present: 2369   in FES: 2005
** Event #71936   t=4550   Elapsed: 58.096s (0m 58s)
     Speed:     ev/sec=5437.17   simsec/sec=176.637   ev/simsec=30.7816
     Messages:  created: 13703   present: 2052   in FES: 1988
** Event #75372   t=86400   Elapsed: 58.153s (0m 58s)
     Speed:     ev/sec=61339.3   simsec/sec=1.46161e+06   ev/simsec=0.041967
     Messages:  created: 14736   present: 0   in FES: 0

<!> No more events, simulation completed -- at t=86400s, event #75372
