** Event #0   t=0   Elapsed: 0.000s (0m 00s)
     Speed:     ev/sec=0   simsec/sec=0   ev/simsec=0
     Messages:  created: 2126   present: 2126   in FES: 2126
** Event #5376   t=2577   Elapsed: 10.095s (0m 10s)
     Speed:     ev/sec=532.64   simsec/sec=255.275   ev/simsec=2.08653
     Messages:  created: 4799   present: 4676   in FES: 2035
** Event #5632   t=2581   Elapsed: 15.616s (0m 15s)
     Speed:     ev/sec=46.3684   simsec/sec=0.724506   ev/simsec=64
     Messages:  created: 4838   present: 4671   in FES: 2042
** Event #13056   t=2694   Elapsed: 29.868s (0m 29s)
     Speed:     ev/sec=520.946   simsec/sec=7.92927   ev/simsec=65.6991
     Messages:  created: 5969   present: 4553   in FES: 2036
** Event #19968   t=2805   Elapsed: 39.947s (0m 39s)
     Speed:     ev/sec=685.85   simsec/sec=11.0141   ev/simsec=62.2703
     Messages:  created: 7032   present: 4447   in FES: 2030
** Event #24832   t=3084   Elapsed: 41.963s (0m 41s)
     Speed:     ev/sec=2413.9   simsec/sec=138.462   ev/simsec=17.4337
     Messages:  created: 7771   present: 4442   in FES: 2026
** Event #29184   t=3446   Elapsed: 43.998s (0m 43s)
     Speed:     ev/sec=2138.57   simsec/sec=177.887   ev/simsec=12.0221
     Messages:  created: 8388   present: 4434   in FES: 2020
** Event #30464   t=3501   Elapsed: 48.091s (0m 48s)
     Speed:     ev/sec=312.729   simsec/sec=13.4376   ev/simsec=23.2727
     Messages:  created: 8584   present: 4436   in FES: 2036
** Event #39168   t=3632   Elapsed: 50.093s (0m 50s)
     Speed:     ev/sec=4349.83   simsec/sec=65.4673   ev/simsec=66.4427
     Messages:  created: 9902   present: 4303   in FES: 2029
** Event #51456   t=3798   Elapsed: 53.363s (0m 53s)
     Speed:     ev/sec=3757.8   simsec/sec=50.7645   ev/simsec=74.0241
     Messages:  created: 11797   present: 4126   in FES: 2017
** Event #63232   t=3951   Elapsed: 55.369s (0m 55s)
     Speed:     ev/sec=5873.32   simsec/sec=76.3092   ev/simsec=76.9673
     Messages:  created: 13633   present: 3969   in FES: 2015
** Event #70656   t=4050   Elapsed: 62.201s (1m 02s)
     Speed:     ev/sec=1086.65   simsec/sec=14.4906   ev/simsec=74.9899
     Messages:  created: 14804   present: 3873   in FES: 2009
** Event #87040   t=4437   Elapsed: 65.646s (1m 05s)
     Speed:     ev/sec=4757.26   simsec/sec=112.369   ev/simsec=42.3359
     Messages:  created: 17250   present: 3670   in FES: 1994
** Event #90880   t=4547   Elapsed: 68.223s (1m 08s)
     Speed:     ev/sec=1490.68   simsec/sec=42.7019   ev/simsec=34.9091
     Messages:  created: 17800   present: 3555   in FES: 1989
** Event #92672   t=4598   Elapsed: 70.332s (1m 10s)
     Speed:     ev/sec=849.692   simsec/sec=24.1821   ev/simsec=35.1373
     Messages:  created: 18056   present: 3501   in FES: 1992
** Event #100864   t=4832   Elapsed: 72.755s (1m 12s)
     Speed:     ev/sec=3380.93   simsec/sec=96.5745   ev/simsec=35.0085
     Messages:  created: 19226   present: 3263   in FES: 1990
** Event #104960   t=4949   Elapsed: 74.907s (1m 14s)
     Speed:     ev/sec=1904.23   simsec/sec=54.3933   ev/simsec=35.0085
     Messages:  created: 19812   present: 3141   in FES: 1981
** Event #107008   t=5013   Elapsed: 76.983s (1m 16s)
     Speed:     ev/sec=986.513   simsec/sec=30.8285   ev/simsec=32
     Messages:  created: 20105   present: 3072   in FES: 1973
** Event #111616   t=7793   Elapsed: 90.350s (1m 30s)
     Speed:     ev/sec=344.755   simsec/sec=207.99   ev/simsec=1.65755
     Messages:  created: 20784   present: 2815   in FES: 1938
** Event #126208   t=8017   Elapsed: 100.124s (1m 40s)
     Speed:     ev/sec=1492.94   simsec/sec=22.9179   ev/simsec=65.1429
     Messages:  created: 22998   present: 2584   in FES: 1908
** Event #129280   t=8454   Elapsed: 102.806s (1m 42s)
     Speed:     ev/sec=1145.84   simsec/sec=162.999   ev/simsec=7.02975
     Messages:  created: 23454   present: 2566   in FES: 1893
** Event #132096   t=8714   Elapsed: 107.078s (1m 47s)
     Speed:     ev/sec=659.33   simsec/sec=60.8757   ev/simsec=10.8308
     Messages:  created: 23842   present: 2571   in FES: 1923
** Event #143360   t=8902   Elapsed: 109.089s (1m 49s)
     Speed:     ev/sec=5601.19   simsec/sec=93.4858   ev/simsec=59.9149
     Messages:  created: 25558   present: 2376   in FES: 1909
** Event #169667   t=86400   Elapsed: 110.412s (1m 50s)
     Speed:     ev/sec=19898.6   simsec/sec=58621.8   ev/simsec=0.339441
     Messages:  created: 30012   present: 0   in FES: 0

<!> No more events, simulation completed -- at t=86400s, event #169667
