** Event #0   t=0   Elapsed: 0.000s (0m 00s)
     Speed:     ev/sec=0   simsec/sec=0   ev/simsec=0
     Messages:  created: 2126   present: 2126   in FES: 2126
** Event #2560   t=2580   Elapsed: 14.762s (0m 14s)
     Speed:     ev/sec=173.486   simsec/sec=174.773   ev/simsec=0.992636
     Messages:  created: 3327   present: 3171   in FES: 2040
** Event #9984   t=2693   Elapsed: 29.038s (0m 29s)
     Speed:     ev/sec=520.07   simsec/sec=7.91594   ev/simsec=65.6991
     Messages:  created: 4458   present: 3058   in FES: 2039
** Event #16896   t=2802   Elapsed: 39.073s (0m 39s)
     Speed:     ev/sec=688.858   simsec/sec=10.8631   ev/simsec=63.4128
     Messages:  created: 5520   present: 2945   in FES: 2026
** Event #20480   t=3222   Elapsed: 42.086s (0m 42s)
     Speed:     ev/sec=1189.51   simsec/sec=139.396   ev/simsec=8.53333
     Messages:  created: 6067   present: 2937   in FES: 2018
** Event #23552   t=3501   Elapsed: 46.628s (0m 46s)
     Speed:     ev/sec=676.503   simsec/sec=61.4402   ev/simsec=11.0108
     Messages:  created: 6488   present: 2934   in FES: 2032
** Event #32512   t=3636   Elapsed: 48.636s (0m 48s)
     Speed:     ev/sec=4462.15   simsec/sec=67.2311   ev/simsec=66.3704
     Messages:  created: 7848   present: 2800   in FES: 2042
** Event #51200   t=3945   Elapsed: 50.969s (0m 50s)
     Speed:     ev/sec=8013.72   simsec/sec=132.504   ev/simsec=60.479
     Messages:  created: 10640   present: 2480   in FES: 2016
** Event #56576   t=4051   Elapsed: 55.333s (0m 55s)
     Speed:     ev/sec=1231.9   simsec/sec=24.2896   ev/simsec=50.717
     Messages:  created: 11466   present: 2369   in FES: 2005
** Event #71936   t=4550   Elapsed: 58.305s (0m 58s)
     Speed:     ev/sec=5168.24   simsec/sec=167.9   ev/simsec=30.7816
     Messages:  created: 13703   present: 2052   in FES: 1988
** Event #75372   t=86400   Elapsed: 58.362s (0m 58s)
     Speed:     ev/sec=60263.2   simsec/sec=1.43596e+06   ev/simsec=0.041967
     Messages:  created: 14736   present: 0   in FES: 0

<!> No more events, simulation completed -- at t=86400s, event #75372
