** Event #0   t=0   Elapsed: 0.000s (0m 00s)
     Speed:     ev/sec=0   simsec/sec=0   ev/simsec=0
     Messages:  created: 2126   present: 2126   in FES: 2126
** Event #3584   t=2580   Elapsed: 15.010s (0m 15s)
     Speed:     ev/sec=238.841   simsec/sec=171.885   ev/simsec=1.38953
     Messages:  created: 3833   present: 3677   in FES: 2054
** Event #11008   t=2693   Elapsed: 29.248s (0m 29s)
     Speed:     ev/sec=521.458   simsec/sec=7.93707   ev/simsec=65.6991
     Messages:  created: 4963   present: 3558   in FES: 2044
** Event #17920   t=2803   Elapsed: 39.230s (0m 39s)
     Speed:     ev/sec=692.516   simsec/sec=11.0209   ev/simsec=62.8364
     Messages:  created: 6024   present: 3445   in FES: 2027
** Event #22784   t=3081   Elapsed: 41.235s (0m 41s)
     Speed:     ev/sec=2425.94   simsec/sec=138.653   ev/simsec=17.4964
     Messages:  created: 6764   present: 3441   in FES: 2022
** Event #27392   t=3456   Elapsed: 43.295s (0m 43s)
     Speed:     ev/sec=2236.89   simsec/sec=182.039   ev/simsec=12.288
     Messages:  created: 7419   present: 3435   in FES: 2020
** Event #28416   t=3500   Elapsed: 47.405s (0m 47s)
     Speed:     ev/sec=249.209   simsec/sec=10.7082   ev/simsec=23.2727
     Messages:  created: 7577   present: 3440   in FES: 2040
** Event #37376   t=3636   Elapsed: 49.418s (0m 49s)
     Speed:     ev/sec=4451.07   simsec/sec=67.5609   ev/simsec=65.8824
     Messages:  created: 8932   present: 3293   in FES: 2019
** Event #49408   t=3797   Elapsed: 52.675s (0m 52s)
     Speed:     ev/sec=3694.2   simsec/sec=49.432   ev/simsec=74.7329
     Messages:  created: 10792   present: 3134   in FES: 2036
** Event #61440   t=3956   Elapsed: 54.681s (0m 54s)
     Speed:     ev/sec=6001   simsec/sec=79.3017   ev/simsec=75.673
     Messages:  created: 12666   present: 2971   in FES: 2031
** Event #67072   t=4052   Elapsed: 59.062s (0m 59s)
     Speed:     ev/sec=1285.84   simsec/sec=21.9178   ev/simsec=58.6667
     Messages:  created: 13548   present: 2872   in FES: 2006
** Event #81920   t=4435   Elapsed: 62.328s (1m 02s)
     Speed:     ev/sec=4546.23   simsec/sec=117.269   ev/simsec=38.7676
     Messages:  created: 15732   present: 2672   in FES: 1998
** Event #85760   t=4545   Elapsed: 64.885s (1m 04s)
     Speed:     ev/sec=1501.76   simsec/sec=43.0192   ev/simsec=34.9091
     Messages:  created: 16281   present: 2556   in FES: 1986
** Event #87552   t=4596   Elapsed: 66.970s (1m 06s)
     Speed:     ev/sec=859.885   simsec/sec=24.4722   ev/simsec=35.1373
     Messages:  created: 16537   present: 2502   in FES: 1987
** Event #95744   t=4830   Elapsed: 69.470s (1m 09s)
     Speed:     ev/sec=3276.8   simsec/sec=93.6   ev/simsec=35.0085
     Messages:  created: 17707   present: 2264   in FES: 1985
** Event #100352   t=5018   Elapsed: 71.654s (1m 11s)
     Speed:     ev/sec=2110.86   simsec/sec=86.12   ev/simsec=24.5106
     Messages:  created: 18366   present: 2066   in FES: 1968
** Event #104457   t=86400   Elapsed: 71.726s (1m 11s)
     Speed:     ev/sec=57000   simsec/sec=1.13031e+06   ev/simsec=0.0504288
     Messages:  created: 19494   present: 0   in FES: 0

<!> No more events, simulation completed -- at t=86400s, event #104457
