** Event #0   t=0   Elapsed: 0.000s (0m 00s)
     Speed:     ev/sec=0   simsec/sec=0   ev/simsec=0
     Messages:  created: 2126   present: 2126   in FES: 2126
** Event #4608   t=2580   Elapsed: 15.328s (0m 15s)
     Speed:     ev/sec=300.692   simsec/sec=168.319   ev/simsec=1.78643
     Messages:  created: 4336   present: 4179   in FES: 2054
** Event #12032   t=2693   Elapsed: 29.627s (0m 29s)
     Speed:     ev/sec=519.233   simsec/sec=7.9032   ev/simsec=65.6991
     Messages:  created: 5468   present: 4062   in FES: 2056
** Event #18944   t=2804   Elapsed: 39.712s (0m 39s)
     Speed:     ev/sec=685.374   simsec/sec=11.0064   ev/simsec=62.2703
     Messages:  created: 6529   present: 3947   in FES: 2031
** Event #23808   t=3082   Elapsed: 41.745s (0m 41s)
     Speed:     ev/sec=2393.7   simsec/sec=136.811   ev/simsec=17.4964
     Messages:  created: 7267   present: 3942   in FES: 2022
** Event #28416   t=3457   Elapsed: 43.826s (0m 43s)
     Speed:     ev/sec=2214.32   simsec/sec=180.202   ev/simsec=12.288
     Messages:  created: 7922   present: 3935   in FES: 2016
** Event #29440   t=3501   Elapsed: 47.896s (0m 47s)
     Speed:     ev/sec=251.659   simsec/sec=10.8135   ev/simsec=23.2727
     Messages:  created: 8078   present: 3930   in FES: 2021
** Event #37888   t=3628   Elapsed: 49.900s (0m 49s)
     Speed:     ev/sec=4215.57   simsec/sec=63.3733   ev/simsec=66.5197
     Messages:  created: 9362   present: 3808   in FES: 2042
** Event #50432   t=3797   Elapsed: 53.197s (0m 53s)
     Speed:     ev/sec=3804.67   simsec/sec=51.2587   ev/simsec=74.2249
     Messages:  created: 11295   present: 3636   in FES: 2031
** Event #62208   t=3950   Elapsed: 55.205s (0m 55s)
     Speed:     ev/sec=5864.54   simsec/sec=76.1952   ev/simsec=76.9673
     Messages:  created: 13131   present: 3479   in FES: 2029
** Event #69632   t=4049   Elapsed: 62.060s (1m 02s)
     Speed:     ev/sec=1083.16   simsec/sec=14.4441   ev/simsec=74.9899
     Messages:  created: 14301   present: 3371   in FES: 2014
** Event #86016   t=4437   Elapsed: 65.493s (1m 05s)
     Speed:     ev/sec=4772.5   simsec/sec=113.021   ev/simsec=42.2268
     Messages:  created: 16746   present: 3167   in FES: 1987
** Event #89856   t=4546   Elapsed: 68.071s (1m 08s)
     Speed:     ev/sec=1490.1   simsec/sec=42.2972   ev/simsec=35.2294
     Messages:  created: 17297   present: 3057   in FES: 1995
** Event #91648   t=4597   Elapsed: 70.166s (1m 10s)
     Speed:     ev/sec=855.37   simsec/sec=24.3437   ev/simsec=35.1373
     Messages:  created: 17552   present: 3002   in FES: 1988
** Event #99840   t=4831   Elapsed: 72.597s (1m 12s)
     Speed:     ev/sec=3371.19   simsec/sec=96.2963   ev/simsec=35.0085
     Messages:  created: 18722   present: 2764   in FES: 1986
** Event #103936   t=4948   Elapsed: 74.752s (1m 14s)
     Speed:     ev/sec=1901.58   simsec/sec=54.3175   ev/simsec=35.0085
     Messages:  created: 19309   present: 2643   in FES: 1987
** Event #105984   t=5012   Elapsed: 76.829s (1m 16s)
     Speed:     ev/sec=986.038   simsec/sec=30.8137   ev/simsec=32
     Messages:  created: 19602   present: 2574   in FES: 1978
** Event #110592   t=7793   Elapsed: 90.307s (1m 30s)
     Speed:     ev/sec=341.916   simsec/sec=206.352   ev/simsec=1.65696
     Messages:  created: 20279   present: 2311   in FES: 1926
** Event #125184   t=8016   Elapsed: 100.309s (1m 40s)
     Speed:     ev/sec=1459.05   simsec/sec=22.2978   ev/simsec=65.435
     Messages:  created: 22495   present: 2084   in FES: 1911
** Event #127744   t=8714   Elapsed: 105.518s (1m 45s)
     Speed:     ev/sec=491.457   simsec/sec=133.999   ev/simsec=3.66762
     Messages:  created: 22894   present: 2066   in FES: 1907
** Event #137348   t=86400   Elapsed: 105.929s (1m 45s)
     Speed:     ev/sec=23365   simsec/sec=189017   ev/simsec=0.123613
     Messages:  created: 24856   present: 0   in FES: 0

<!> No more events, simulation completed -- at t=86400s, event #137348
