** Event #0   t=0   Elapsed: 0.000s (0m 00s)
     Speed:     ev/sec=0   simsec/sec=0   ev/simsec=0
     Messages:  created: 2126   present: 2126   in FES: 2126
** Event #4608   t=2580   Elapsed: 15.291s (0m 15s)
     Speed:     ev/sec=301.419   simsec/sec=168.727   ev/simsec=1.78643
     Messages:  created: 4336   present: 4179   in FES: 2054
** Event #12032   t=2693   Elapsed: 29.592s (0m 29s)
     Speed:     ev/sec=519.125   simsec/sec=7.90155   ev/simsec=65.6991
     Messages:  created: 5468   present: 4062   in FES: 2056
** Event #18944   t=2804   Elapsed: 39.673s (0m 39s)
     Speed:     ev/sec=685.714   simsec/sec=11.0119   ev/simsec=62.2703
     Messages:  created: 6529   present: 3947   in FES: 2031
** Event #23808   t=3082   Elapsed: 41.712s (0m 41s)
     Speed:     ev/sec=2385.48   simsec/sec=136.341   ev/simsec=17.4964
     Messages:  created: 7267   present: 3942   in FES: 2022
** Event #28416   t=3457   Elapsed: 43.797s (0m 43s)
     Speed:     ev/sec=2211.13   simsec/sec=179.942   ev/simsec=12.288
     Messages:  created: 7922   present: 3935   in FES: 2016
** Event #29440   t=3501   Elapsed: 47.872s (0m 47s)
     Speed:     ev/sec=251.288   simsec/sec=10.7975   ev/simsec=23.2727
     Messages:  created: 8078   present: 3930   in FES: 2021
** Event #37376   t=3620   Elapsed: 49.874s (0m 49s)
     Speed:     ev/sec=3966.02   simsec/sec=59.4703   ev/simsec=66.6891
     Messages:  created: 9282   present: 3815   in FES: 2029
** Event #50432   t=3797   Elapsed: 53.224s (0m 53s)
     Speed:     ev/sec=3897.31   simsec/sec=52.8358   ev/simsec=73.7627
     Messages:  created: 11295   present: 3636   in FES: 2031
** Event #61952   t=3947   Elapsed: 55.242s (0m 55s)
     Speed:     ev/sec=5711.45   simsec/sec=74.3679   ev/simsec=76.8
     Messages:  created: 13091   present: 3479   in FES: 2031
** Event #69632   t=4049   Elapsed: 62.228s (1m 02s)
     Speed:     ev/sec=1099.34   simsec/sec=14.6006   ev/simsec=75.2941
     Messages:  created: 14301   present: 3371   in FES: 2014
** Event #86016   t=4437   Elapsed: 65.630s (1m 05s)
     Speed:     ev/sec=4817.41   simsec/sec=114.084   ev/simsec=42.2268
     Messages:  created: 16746   present: 3167   in FES: 1987
** Event #89856   t=4546   Elapsed: 68.204s (1m 08s)
     Speed:     ev/sec=1491.84   simsec/sec=42.3465   ev/simsec=35.2294
     Messages:  created: 17297   present: 3057   in FES: 1995
** Event #91648   t=4597   Elapsed: 70.318s (1m 10s)
     Speed:     ev/sec=848.083   simsec/sec=24.1363   ev/simsec=35.1373
     Messages:  created: 17552   present: 3002   in FES: 1988
** Event #99840   t=4831   Elapsed: 72.713s (1m 12s)
     Speed:     ev/sec=3421.89   simsec/sec=97.7444   ev/simsec=35.0085
     Messages:  created: 18722   present: 2764   in FES: 1986
** Event #103936   t=4948   Elapsed: 74.861s (1m 14s)
     Speed:     ev/sec=1906.89   simsec/sec=54.4693   ev/simsec=35.0085
     Messages:  created: 19309   present: 2643   in FES: 1987
** Event #105984   t=5012   Elapsed: 76.936s (1m 16s)
     Speed:     ev/sec=987.464   simsec/sec=30.8582   ev/simsec=32
     Messages:  created: 19602   present: 2574   in FES: 1978
** Event #110592   t=7793   Elapsed: 90.369s (1m 30s)
     Speed:     ev/sec=343.036   simsec/sec=207.027   ev/simsec=1.65696
     Messages:  created: 20279   present: 2311   in FES: 1926
** Event #125184   t=8016   Elapsed: 100.220s (1m 40s)
     Speed:     ev/sec=1481.27   simsec/sec=22.6373   ev/simsec=65.435
     Messages:  created: 22495   present: 2084   in FES: 1911
** Event #127744   t=8714   Elapsed: 105.490s (1m 45s)
     Speed:     ev/sec=485.861   simsec/sec=132.473   ev/simsec=3.66762
     Messages:  created: 22894   present: 2066   in FES: 1907
** Event #137348   t=86400   Elapsed: 105.905s (1m 45s)
     Speed:     ev/sec=23139.8   simsec/sec=187195   ev/simsec=0.123613
     Messages:  created: 24856   present: 0   in FES: 0

<!> No more events, simulation completed -- at t=86400s, event #137348
