** Event #0   t=0   Elapsed: 1.7e-05s (0m 00s)
     Speed:     ev/sec=0   simsec/sec=0   ev/simsec=0
     Messages:  created: 245000   present: 245000   in FES: 245000
** Event #682752   t=309267.666666666827   Elapsed: 2.00013s (0m 02s)
     Speed:     ev/sec=341357   simsec/sec=154625   ev/simsec=2.20764
     Messages:  created: 351899   present: 215626   in FES: 213647
** Event #1194496   t=519279.999999999807   Elapsed: 4.00014s (0m 04s)
     Speed:     ev/sec=255871   simsec/sec=105006   ev/simsec=2.43673
     Messages:  created: 430527   present: 194627   in FES: 192372
** Event #1858816   t=792955.333333333333   Elapsed: 6.0003s (0m 06s)
     Speed:     ev/sec=332132   simsec/sec=136826   ev/simsec=2.4274
     Messages:  created: 532679   present: 165969   in FES: 164631
** Event #2447616   t=1051267.6   Elapsed: 8.00047s (0m 08s)
     Speed:     ev/sec=294375   simsec/sec=129145   ev/simsec=2.27941
     Messages:  created: 623925   present: 140666   in FES: 138503
** Event #3079424   t=1326080   Elapsed: 10.0007s (0m 10s)
     Speed:     ev/sec=315871   simsec/sec=137392   ev/simsec=2.29905
     Messages:  created: 721356   present: 112272   in FES: 110681
** Event #3631360   t=1570509.00000000029   Elapsed: 12.0008s (0m 12s)
     Speed:     ev/sec=275957   simsec/sec=122210   ev/simsec=2.25806
     Messages:  created: 807129   present: 87345   in FES: 85951
** Event #3945216   t=1716330   Elapsed: 14.0037s (0m 14s)
     Speed:     ev/sec=156699   simsec/sec=72804.3   ev/simsec=2.15234
     Messages:  created: 855677   present: 75085   in FES: 71196
** Event #4302336   t=1837844.000000000022   Elapsed: 16.004s (0m 16s)
     Speed:     ev/sec=178532   simsec/sec=60747.6   ev/simsec=2.93892
     Messages:  created: 909826   present: 61539   in FES: 58887
** Event #4853248   t=2068190.8   Elapsed: 18.0049s (0m 18s)
     Speed:     ev/sec=275330   simsec/sec=115121   ev/simsec=2.39166
     Messages:  created: 994612   present: 37745   in FES: 35570
** Event #5391360   t=2305951   Elapsed: 20.0051s (0m 20s)
     Speed:     ev/sec=269032   simsec/sec=118870   ev/simsec=2.26326
     Messages:  created: 1077965   present: 14106   in FES: 11494
** Event #5661599   t=2419200   Elapsed: 20.9687s (0m 20s)
     Speed:     ev/sec=280437   simsec/sec=117523   ev/simsec=2.38623
     Messages:  created: 1119093   present: 0   in FES: 0

<!> No more events, simulation completed -- at t=2419200s, event #5661599
