** Event #0   t=0   Elapsed: 1.8e-05s (0m 00s)
     Speed:     ev/sec=0   simsec/sec=0   ev/simsec=0
     Messages:  created: 121904   present: 121904   in FES: 121904
** Event #209408   t=129604.061866666627   Elapsed: 2.00179s (0m 02s)
     Speed:     ev/sec=104612   simsec/sec=64744.5   ev/simsec=1.61576
     Messages:  created: 160403   present: 112812   in FES: 108662
** Event #559360   t=307988.92064   Elapsed: 4.0027s (0m 04s)
     Speed:     ev/sec=174897   simsec/sec=89152   ev/simsec=1.96178
     Messages:  created: 221187   present: 92893   in FES: 90704
** Event #937216   t=496800.170666666665   Elapsed: 6.00379s (0m 06s)
     Speed:     ev/sec=188825   simsec/sec=94354   ev/simsec=2.00124
     Messages:  created: 285316   present: 71848   in FES: 71658
** Event #1266688   t=666534.96800000039   Elapsed: 8.00389s (0m 08s)
     Speed:     ev/sec=164728   simsec/sec=84863.3   ev/simsec=1.9411
     Messages:  created: 341510   present: 55429   in FES: 54501
** Event #1633024   t=846056.06656   Elapsed: 10.0189s (0m 10s)
     Speed:     ev/sec=181804   simsec/sec=89092   ev/simsec=2.04063
     Messages:  created: 402476   present: 40737   in FES: 36452
** Event #2007552   t=1008001.433599999986   Elapsed: 12.0215s (0m 12s)
     Speed:     ev/sec=187020   simsec/sec=80867.2   ev/simsec=2.31268
     Messages:  created: 463947   present: 23260   in FES: 20144
** Event #2222592   t=1115573.177600000023   Elapsed: 14.0232s (0m 14s)
     Speed:     ev/sec=107428   simsec/sec=53739.7   ev/simsec=1.99904
     Messages:  created: 500199   present: 13764   in FES: 9460
** Event #2468527   t=1209600   Elapsed: 15.8475s (0m 15s)
     Speed:     ev/sec=134810   simsec/sec=51541.3   ev/simsec=2.61557
     Messages:  created: 540756   present: 0   in FES: 0

<!> No more events, simulation completed -- at t=1209600s, event #2468527
