** Event #0   t=0   Elapsed: 1.7e-05s (0m 00s)
     Speed:     ev/sec=0   simsec/sec=0   ev/simsec=0
     Messages:  created: 121904   present: 121904   in FES: 121904
** Event #573184   t=288545.333333333333   Elapsed: 2.00076s (0m 02s)
     Speed:     ev/sec=286484   simsec/sec=144218   ev/simsec=1.98646
     Messages:  created: 218209   present: 94798   in FES: 92825
** Event #1285888   t=655370   Elapsed: 4.00083s (0m 04s)
     Speed:     ev/sec=356341   simsec/sec=183407   ev/simsec=1.9429
     Messages:  created: 336385   present: 58773   in FES: 55855
** Event #1925888   t=934540   Elapsed: 6.01288s (0m 06s)
     Speed:     ev/sec=318083   simsec/sec=138749   ev/simsec=2.29251
     Messages:  created: 438212   present: 32092   in FES: 27728
** Event #2505472   t=1181040.8   Elapsed: 8.01344s (0m 08s)
     Speed:     ev/sec=289711   simsec/sec=123216   ev/simsec=2.35125
     Messages:  created: 530689   present: 5544   in FES: 2888
** Event #2592512   t=1209585.066666667119   Elapsed: 10.2294s (0m 10s)
     Speed:     ev/sec=39279.3   simsec/sec=12881.4   ev/simsec=3.0493
     Messages:  created: 545200   present: 370   in FES: 16
** Event #2592670   t=1209601.333333333821   Elapsed: 10.3351s (0m 10s)
     Speed:     ev/sec=1485.34   simsec/sec=143.803   ev/simsec=10.3289
     Messages:  created: 545225   present: 323   in FES: 0

<!> No more events, simulation completed -- at t=1209601.333333333821s, event #2592670
undisposed object: (BundlePacket) RegionsNetwork.regionNode[0].dtn.Src:A1,Dst:A15,ID:539414 -- check module destructor
undisposed object: (BundlePacket) RegionsNetwork.regionNode[0].dtn.Src:A1,Dst:A15,ID:539767 -- check module destructor
undisposed object: (BundlePacket) RegionsNetwork.regionNode[0].dtn.Src:A1,Dst:A15,ID:539447 -- check module destructor
undisposed object: (BundlePacket) RegionsNetwork.regionNode[0].dtn.Src:A1,Dst:A15,ID:544266 -- check module destructor
undisposed object: (BundlePacket) RegionsNetwork.regionNode[0].dtn.Src:A1,Dst:A15,ID:539476 -- check module destructor
undisposed object: (BundlePacket) RegionsNetwork.regionNode[0].dtn.Src:A1,Dst:A15,ID:543252 -- check module destructor
undisposed object: (BundlePacket) RegionsNetwork.regionNode[0].dtn.Src:A1,Dst:A15,ID:539509 -- check module destructor
undisposed object: (BundlePacket) RegionsNetwork.regionNode[0].dtn.Src:A1,Dst:A15,ID:544409 -- check module destructor
undisposed object: (BundlePacket) RegionsNetwork.regionNode[0].dtn.Src:A1,Dst:A15,ID:544789 -- check module destructor
undisposed object: (BundlePacket) RegionsNetwork.regionNode[0].dtn.Src:A1,Dst:A15,ID:544432 -- check module destructor
undisposed object: (BundlePacket) RegionsNetwork.regionNode[0].dtn.Src:A1,Dst:A15,ID:544729 -- check module destructor
undisposed object: (BundlePacket) RegionsNetwork.regionNode[0].dtn.Src:A1,Dst:A15,ID:544878 -- check module destructor
undisposed object: (BundlePacket) RegionsNetwork.regionNode[0].dtn.Src:A1,Dst:A15,ID:544938 -- check module destructor
undisposed object: (BundlePacket) RegionsNetwork.regionNode[0].dtn.Src:A1,Dst:A15,ID:543778 -- check module destructor
undisposed object: (BundlePacket) RegionsNetwork.regionNode[0].dtn.Src:A1,Dst:A15,ID:540350 -- check module destructor
undisposed object: (BundlePacket) RegionsNetwork.regionNode[0].dtn.Src:A1,Dst:A15,ID:539638 -- check module destructor
undisposed object: (BundlePacket) RegionsNetwork.regionNode[0].dtn.Src:A1,Dst:A15,ID:542981 -- check module destructor
undisposed object: (BundlePacket) RegionsNetwork.regionNode[0].dtn.Src:A1,Dst:A15,ID:539672 -- check module destructor
undisposed object: (BundlePacket) RegionsNetwork.regionNode[0].dtn.Src:A1,Dst:A15,ID:543435 -- check module destructor
undisposed object: (BundlePacket) RegionsNetwork.regionNode[0].dtn.Src:A1,Dst:A15,ID:543546 -- check module destructor
undisposed object: (BundlePacket) RegionsNetwork.regionNode[0].dtn.Src:A1,Dst:A15,ID:543703 -- check module destructor
undisposed object: (BundlePacket) RegionsNetwork.regionNode[0].dtn.Src:A1,Dst:A15,ID:539734 -- check module destructor
undisposed object: (BundlePacket) RegionsNetwork.regionNode[0].dtn.Src:A1,Dst:A15,ID:544059 -- check module destructor
undisposed object: (BundlePacket) RegionsNetwork.regionNode[0].dtn.Src:A1,Dst:A15,ID:542911 -- check module destructor
undisposed object: (BundlePacket) RegionsNetwork.regionNode[0].dtn.Src:A1,Dst:A15,ID:544282 -- check module destructor
undisposed object: (BundlePacket) RegionsNetwork.regionNode[0].dtn.Src:A1,Dst:A15,ID:538898 -- check module destructor
undisposed object: (BundlePacket) RegionsNetwork.regionNode[0].dtn.Src:A1,Dst:A15,ID:538573 -- check module destructor
undisposed object: (BundlePacket) RegionsNetwork.regionNode[0].dtn.Src:A1,Dst:A15,ID:544819 -- check module destructor
undisposed object: (BundlePacket) RegionsNetwork.regionNode[0].dtn.Src:A1,Dst:A15,ID:539834 -- check module destructor
undisposed object: (BundlePacket) RegionsNetwork.regionNode[0].dtn.Src:A1,Dst:A15,ID:543654 -- check module destructor
undisposed object: (BundlePacket) RegionsNetwork.regionNode[0].dtn.Src:A1,Dst:A15,ID:539863 -- check module destructor
undisposed object: (BundlePacket) RegionsNetwork.regionNode[0].dtn.Src:A1,Dst:A15,ID:539189 -- check module destructor
undisposed object: (BundlePacket) RegionsNetwork.regionNode[0].dtn.Src:A1,Dst:A15,ID:539896 -- check module destructor
undisposed object: (BundlePacket) RegionsNetwork.regionNode[0].dtn.Src:A1,Dst:A15,ID:542837 -- check module destructor
undisposed object: (BundlePacket) RegionsNetwork.regionNode[0].dtn.Src:A1,Dst:A15,ID:539347 -- check module destructor
undisposed object: (BundlePacket) RegionsNetwork.regionNode[0].dtn.Src:A1,Dst:A15,ID:540637 -- check module destructor
undisposed object: (BundlePacket) RegionsNetwork.regionNode[0].dtn.Src:A1,Dst:A15,ID:540575 -- check module destructor
undisposed object: (BundlePacket) RegionsNetwork.regionNode[0].dtn.Src:A1,Dst:A15,ID:543077 -- check module destructor
undisposed object: (BundlePacket) RegionsNetwork.regionNode[0].dtn.Src:A1,Dst:A15,ID:542426 -- check module destructor
undisposed object: (BundlePacket) RegionsNetwork.regionNode[0].dtn.Src:A1,Dst:A15,ID:544670 -- check module destructor
undisposed object: (BundlePacket) RegionsNetwork.regionNode[0].dtn.Src:A1,Dst:A15,ID:539543 -- check module destructor
undisposed object: (BundlePacket) RegionsNetwork.regionNode[0].dtn.Src:A1,Dst:A15,ID:543912 -- check module destructor
undisposed object: (BundlePacket) RegionsNetwork.regionNode[0].dtn.Src:A1,Dst:A15,ID:541736 -- check module destructor
undisposed object: (BundlePacket) RegionsNetwork.regionNode[0].dtn.Src:A1,Dst:A15,ID:540059 -- check module destructor
undisposed object: (BundlePacket) RegionsNetwork.regionNode[0].dtn.Src:A1,Dst:A15,ID:542642 -- check module destructor
undisposed object: (BundlePacket) RegionsNetwork.regionNode[0].dtn.Src:A1,Dst:A15,ID:542700 -- check module destructor
undisposed object: (BundlePacket) RegionsNetwork.regionNode[0].dtn.Src:A1,Dst:A15,ID:542862 -- check module destructor
undisposed object: (BundlePacket) RegionsNetwork.regionNode[0].dtn.Src:A1,Dst:A15,ID:540121 -- check module destructor
undisposed object: (BundlePacket) RegionsNetwork.regionNode[0].dtn.Src:A1,Dst:A15,ID:544610 -- check module destructor
undisposed object: (BundlePacket) RegionsNetwork.regionNode[0].dtn.Src:A1,Dst:A15,ID:538831 -- check module destructor
undisposed object: (BundlePacket) RegionsNetwork.regionNode[0].dtn.Src:A1,Dst:A15,ID:544375 -- check module destructor
undisposed object: (BundlePacket) RegionsNetwork.regionNode[0].dtn.Src:A1,Dst:A15,ID:539285 -- check module destructor
undisposed object: (BundlePacket) RegionsNetwork.regionNode[0].dtn.Src:A1,Dst:A15,ID:542363 -- check module destructor
undisposed object: (BundlePacket) RegionsNetwork.regionNode[0].dtn.Src:A1,Dst:A15,ID:542779 -- check module destructor
undisposed object: (BundlePacket) RegionsNetwork.regionNode[0].dtn.Src:A1,Dst:A15,ID:540221 -- check module destructor
undisposed object: (BundlePacket) RegionsNetwork.regionNode[0].dtn.Src:A1,Dst:A15,ID:544334 -- check module destructor
undisposed object: (BundlePacket) RegionsNetwork.regionNode[0].dtn.Src:A1,Dst:A15,ID:544640 -- check module destructor
undisposed object: (BundlePacket) RegionsNetwork.regionNode[0].dtn.Src:A1,Dst:A15,ID:543827 -- check module destructor
undisposed object: (BundlePacket) RegionsNetwork.regionNode[0].dtn.Src:A1,Dst:A15,ID:540283 -- check module destructor
undisposed object: (BundlePacket) RegionsNetwork.regionNode[0].dtn.Src:A1,Dst:A15,ID:543618 -- check module destructor
undisposed object: (BundlePacket) RegionsNetwork.regionNode[0].dtn.Src:A1,Dst:A15,ID:542442 -- check module destructor
undisposed object: (BundlePacket) RegionsNetwork.regionNode[0].dtn.Src:A1,Dst:A15,ID:542663 -- check module destructor
undisposed object: (BundlePacket) RegionsNetwork.regionNode[0].dtn.Src:A1,Dst:A15,ID:543027 -- check module destructor
undisposed object: (BundlePacket) RegionsNetwork.regionNode[0].dtn.Src:A1,Dst:A15,ID:543288 -- check module destructor
undisposed object: (BundlePacket) RegionsNetwork.regionNode[0].dtn.Src:A1,Dst:A15,ID:543360 -- check module destructor
undisposed object: (BundlePacket) RegionsNetwork.regionNode[0].dtn.Src:A1,Dst:A15,ID:543226 -- check module destructor
undisposed object: (BundlePacket) RegionsNetwork.regionNode[0].dtn.Src:A1,Dst:A15,ID:543752 -- check module destructor
undisposed object: (BundlePacket) RegionsNetwork.regionNode[0].dtn.Src:A1,Dst:A15,ID:543556 -- check module destructor
undisposed object: (BundlePacket) RegionsNetwork.regionNode[0].dtn.Src:A1,Dst:A15,ID:543987 -- check module destructor
undisposed object: (BundlePacket) RegionsNetwork.regionNode[0].dtn.Src:A1,Dst:A15,ID:540446 -- check module destructor
undisposed object: (BundlePacket) RegionsNetwork.regionNode[0].dtn.Src:A1,Dst:A15,ID:542247 -- check module destructor
undisposed object: (BundlePacket) RegionsNetwork.regionNode[0].dtn.Src:A1,Dst:A15,ID:540479 -- check module destructor
undisposed object: (BundlePacket) RegionsNetwork.regionNode[0].dtn.Src:A1,Dst:A15,ID:541831 -- check module destructor
undisposed object: (BundlePacket) RegionsNetwork.regionNode[0].dtn.Src:A1,Dst:A15,ID:540508 -- check module destructor
undisposed object: (BundlePacket) RegionsNetwork.regionNode[0].dtn.Src:A1,Dst:A15,ID:544402 -- check module destructor
undisposed object: (BundlePacket) RegionsNetwork.regionNode[0].dtn.Src:A1,Dst:A15,ID:543007 -- check module destructor
undisposed object: (BundlePacket) RegionsNetwork.regionNode[0].dtn.Src:A1,Dst:A15,ID:538993 -- check module destructor
undisposed object: (BundlePacket) RegionsNetwork.regionNode[0].dtn.Src:A1,Dst:A15,ID:544581 -- check module destructor
undisposed object: (BundlePacket) RegionsNetwork.regionNode[0].dtn.Src:A1,Dst:A15,ID:544521 -- check module destructor
undisposed object: (BundlePacket) RegionsNetwork.regionNode[0].dtn.Src:A1,Dst:A15,ID:538640 -- check module destructor
undisposed object: (BundlePacket) RegionsNetwork.regionNode[0].dtn.Src:A1,Dst:A15,ID:540608 -- check module destructor
undisposed object: (BundlePacket) RegionsNetwork.regionNode[0].dtn.Src:A1,Dst:A15,ID:544010 -- check module destructor
undisposed object: (BundlePacket) RegionsNetwork.regionNode[0].dtn.Src:A1,Dst:A15,ID:544368 -- check module destructor
undisposed object: (BundlePacket) RegionsNetwork.regionNode[0].dtn.Src:A1,Dst:A15,ID:539060 -- check module destructor
undisposed object: (BundlePacket) RegionsNetwork.regionNode[0].dtn.Src:A1,Dst:A15,ID:540670 -- check module destructor
undisposed object: (BundlePacket) RegionsNetwork.regionNode[0].dtn.Src:A1,Dst:A15,ID:544307 -- check module destructor
undisposed object: (BundlePacket) RegionsNetwork.regionNode[0].dtn.Src:A1,Dst:A15,ID:540704 -- check module destructor
undisposed object: (BundlePacket) RegionsNetwork.regionNode[0].dtn.Src:A1,Dst:A15,ID:544273 -- check module destructor
undisposed object: (BundlePacket) RegionsNetwork.regionNode[0].dtn.Src:A1,Dst:A15,ID:544248 -- check module destructor
undisposed object: (BundlePacket) RegionsNetwork.regionNode[0].dtn.Src:A1,Dst:A15,ID:544023 -- check module destructor
undisposed object: (BundlePacket) RegionsNetwork.regionNode[0].dtn.Src:A1,Dst:A15,ID:544206 -- check module destructor
undisposed object: (BundlePacket) RegionsNetwork.regionNode[0].dtn.Src:A1,Dst:A15,ID:539930 -- check module destructor
undisposed object: (BundlePacket) RegionsNetwork.regionNode[0].dtn.Src:A1,Dst:A15,ID:542742 -- check module destructor
undisposed object: (BundlePacket) RegionsNetwork.regionNode[0].dtn.Src:A1,Dst:A15,ID:540025 -- check module destructor
undisposed object: (BundlePacket) RegionsNetwork.regionNode[0].dtn.Src:A1,Dst:A15,ID:538802 -- check module destructor
undisposed object: (BundlePacket) RegionsNetwork.regionNode[0].dtn.Src:A1,Dst:A15,ID:540833 -- check module destructor
undisposed object: (BundlePacket) RegionsNetwork.regionNode[0].dtn.Src:A1,Dst:A15,ID:544108 -- check module destructor
undisposed object: (BundlePacket) RegionsNetwork.regionNode[0].dtn.Src:A1,Dst:A15,ID:540866 -- check module destructor
undisposed object: (BundlePacket) RegionsNetwork.regionNode[0].dtn.Src:A1,Dst:A15,ID:543974 -- check module destructor
undisposed object: (BundlePacket) RegionsNetwork.regionNode[0].dtn.Src:A1,Dst:A15,ID:540895 -- check module destructor
undisposed object: (BundlePacket) RegionsNetwork.regionNode[0].dtn.Src:A1,Dst:A15,ID:540962 -- check module destructor
undisposed object: (BundlePacket) RegionsNetwork.regionNode[0].dtn.Src:A1,Dst:A15,ID:540928 -- check module destructor
undisposed object: (BundlePacket) RegionsNetwork.regionNode[0].dtn.Src:A1,Dst:A15,ID:541186 -- check module destructor
undisposed object: (BundlePacket) RegionsNetwork.regionNode[0].dtn.Src:A1,Dst:A15,ID:543814 -- check module destructor
undisposed object: (BundlePacket) RegionsNetwork.regionNode[0].dtn.Src:A1,Dst:A15,ID:542384 -- check module destructor
undisposed object: (BundlePacket) RegionsNetwork.regionNode[0].dtn.Src:A1,Dst:A15,ID:543765 -- check module destructor
undisposed object: (BundlePacket) RegionsNetwork.regionNode[0].dtn.Src:A1,Dst:A15,ID:540995 -- check module destructor
undisposed object: (BundlePacket) RegionsNetwork.regionNode[0].dtn.Src:A1,Dst:A15,ID:544491 -- check module destructor
undisposed object: (BundlePacket) RegionsNetwork.regionNode[0].dtn.Src:A1,Dst:A15,ID:543667 -- check module destructor
undisposed object: (BundlePacket) RegionsNetwork.regionNode[0].dtn.Src:A1,Dst:A15,ID:542123 -- check module destructor
undisposed object: (BundlePacket) RegionsNetwork.regionNode[0].dtn.Src:A1,Dst:A15,ID:541057 -- check module destructor
undisposed object: (BundlePacket) RegionsNetwork.regionNode[0].dtn.Src:A1,Dst:A15,ID:541511 -- check module destructor
undisposed object: (BundlePacket) RegionsNetwork.regionNode[0].dtn.Src:A1,Dst:A15,ID:541091 -- check module destructor
undisposed object: (BundlePacket) RegionsNetwork.regionNode[0].dtn.Src:A1,Dst:A15,ID:541769 -- check module destructor
undisposed object: (BundlePacket) RegionsNetwork.regionNode[0].dtn.Src:A1,Dst:A15,ID:540250 -- check module destructor
undisposed object: (BundlePacket) RegionsNetwork.regionNode[0].dtn.Src:A1,Dst:A15,ID:543497 -- check module destructor
undisposed object: (BundlePacket) RegionsNetwork.regionNode[0].dtn.Src:A1,Dst:A15,ID:542679 -- check module destructor
undisposed object: (BundlePacket) RegionsNetwork.regionNode[0].dtn.Src:A1,Dst:A15,ID:538477 -- check module destructor
undisposed object: (BundlePacket) RegionsNetwork.regionNode[0].dtn.Src:A1,Dst:A15,ID:541153 -- check module destructor
undisposed object: (BundlePacket) RegionsNetwork.regionNode[0].dtn.Src:A1,Dst:A15,ID:541898 -- check module destructor
undisposed object: (BundlePacket) RegionsNetwork.regionNode[0].dtn.Src:A1,Dst:A15,ID:539801 -- check module destructor
undisposed object: (BundlePacket) RegionsNetwork.regionNode[0].dtn.Src:A1,Dst:A15,ID:542956 -- check module destructor
undisposed object: (BundlePacket) RegionsNetwork.regionNode[0].dtn.Src:A1,Dst:A15,ID:543350 -- check module destructor
undisposed object: (BundlePacket) RegionsNetwork.regionNode[0].dtn.Src:A1,Dst:A15,ID:543146 -- check module destructor
undisposed object: (BundlePacket) RegionsNetwork.regionNode[0].dtn.Src:A1,Dst:A15,ID:544967 -- check module destructor
undisposed object: (BundlePacket) RegionsNetwork.regionNode[0].dtn.Src:A1,Dst:A15,ID:541220 -- check module destructor
undisposed object: (BundlePacket) RegionsNetwork.regionNode[0].dtn.Src:A1,Dst:A15,ID:543101 -- check module destructor
undisposed object: (BundlePacket) RegionsNetwork.regionNode[0].dtn.Src:A1,Dst:A15,ID:541253 -- check module destructor
undisposed object: (BundlePacket) RegionsNetwork.regionNode[0].dtn.Src:A1,Dst:A15,ID:544183 -- check module destructor
undisposed object: (BundlePacket) RegionsNetwork.regionNode[0].dtn.Src:A1,Dst:A15,ID:543373 -- check module destructor
undisposed object: (BundlePacket) RegionsNetwork.regionNode[0].dtn.Src:A1,Dst:A15,ID:541282 -- check module destructor
undisposed object: (BundlePacket) RegionsNetwork.regionNode[0].dtn.Src:A1,Dst:A15,ID:543324 -- check module destructor
undisposed object: (BundlePacket) RegionsNetwork.regionNode[0].dtn.Src:A1,Dst:A15,ID:544095 -- check module destructor
undisposed object: (BundlePacket) RegionsNetwork.regionNode[0].dtn.Src:A1,Dst:A15,ID:541315 -- check module destructor
undisposed object: (BundlePacket) RegionsNetwork.regionNode[0].dtn.Src:A1,Dst:A15,ID:539705 -- check module destructor
undisposed object: (BundlePacket) RegionsNetwork.regionNode[0].dtn.Src:A1,Dst:A15,ID:544997 -- check module destructor
undisposed object: (BundlePacket) RegionsNetwork.regionNode[0].dtn.Src:A1,Dst:A15,ID:544341 -- check module destructor
undisposed object: (BundlePacket) RegionsNetwork.regionNode[0].dtn.Src:A1,Dst:A15,ID:543693 -- check module destructor
undisposed object: (BundlePacket) RegionsNetwork.regionNode[0].dtn.Src:A1,Dst:A15,ID:541865 -- check module destructor
undisposed object: (BundlePacket) RegionsNetwork.regionNode[0].dtn.Src:A1,Dst:A15,ID:538444 -- check module destructor
undisposed object: (BundlePacket) RegionsNetwork.regionNode[0].dtn.Src:A1,Dst:A15,ID:541382 -- check module destructor
undisposed object: (BundlePacket) RegionsNetwork.regionNode[0].dtn.Src:A1,Dst:A15,ID:543850 -- check module destructor
undisposed object: (BundlePacket) RegionsNetwork.regionNode[0].dtn.Src:A1,Dst:A15,ID:543899 -- check module destructor
undisposed object: (BundlePacket) RegionsNetwork.regionNode[0].dtn.Src:A1,Dst:A15,ID:542621 -- check module destructor
undisposed object: (BundlePacket) RegionsNetwork.regionNode[0].dtn.Src:A1,Dst:A15,ID:542600 -- check module destructor
undisposed object: (BundlePacket) RegionsNetwork.regionNode[0].dtn.Src:A1,Dst:A15,ID:541444 -- check module destructor
undisposed object: (BundlePacket) RegionsNetwork.regionNode[0].dtn.Src:A1,Dst:A15,ID:542156 -- check module destructor
undisposed object: (BundlePacket) RegionsNetwork.regionNode[0].dtn.Src:A1,Dst:A15,ID:538769 -- check module destructor
undisposed object: (BundlePacket) RegionsNetwork.regionNode[0].dtn.Src:A1,Dst:A15,ID:541478 -- check module destructor
undisposed object: (BundlePacket) RegionsNetwork.regionNode[0].dtn.Src:A1,Dst:A15,ID:544134 -- check module destructor
undisposed object: (BundlePacket) RegionsNetwork.regionNode[0].dtn.Src:A1,Dst:A15,ID:545027 -- check module destructor
undisposed object: (BundlePacket) RegionsNetwork.regionNode[0].dtn.Src:A1,Dst:A15,ID:539605 -- check module destructor
undisposed object: (BundlePacket) RegionsNetwork.regionNode[0].dtn.Src:A1,Dst:A15,ID:539380 -- check module destructor
undisposed object: (BundlePacket) RegionsNetwork.regionNode[0].dtn.Src:A1,Dst:A15,ID:541540 -- check module destructor
undisposed object: (BundlePacket) RegionsNetwork.regionNode[0].dtn.Src:A1,Dst:A15,ID:538415 -- check module destructor
undisposed object: (BundlePacket) RegionsNetwork.regionNode[0].dtn.Src:A1,Dst:A15,ID:542218 -- check module destructor
undisposed object: (BundlePacket) RegionsNetwork.regionNode[0].dtn.Src:A1,Dst:A15,ID:543716 -- check module destructor
undisposed object: (BundlePacket) RegionsNetwork.regionNode[0].dtn.Src:A1,Dst:A15,ID:544350 -- check module destructor
undisposed object: (BundlePacket) RegionsNetwork.regionNode[0].dtn.Src:A1,Dst:A15,ID:538673 -- check module destructor
undisposed object: (BundlePacket) RegionsNetwork.regionNode[0].dtn.Src:A1,Dst:A15,ID:538864 -- check module destructor
undisposed object: (BundlePacket) RegionsNetwork.regionNode[0].dtn.Src:A1,Dst:A15,ID:541607 -- check module destructor
undisposed object: (BundlePacket) RegionsNetwork.regionNode[0].dtn.Src:A1,Dst:A15,ID:538702 -- check module destructor
undisposed object: (BundlePacket) RegionsNetwork.regionNode[0].dtn.Src:A1,Dst:A15,ID:544759 -- check module destructor
undisposed object: (BundlePacket) RegionsNetwork.regionNode[0].dtn.Src:A1,Dst:A15,ID:541640 -- check module destructor
undisposed object: (BundlePacket) RegionsNetwork.regionNode[0].dtn.Src:A1,Dst:A15,ID:543680 -- check module destructor
undisposed object: (BundlePacket) RegionsNetwork.regionNode[0].dtn.Src:A1,Dst:A15,ID:545057 -- check module destructor
undisposed object: (BundlePacket) RegionsNetwork.regionNode[0].dtn.Src:A1,Dst:A15,ID:541669 -- check module destructor
undisposed object: (BundlePacket) RegionsNetwork.regionNode[0].dtn.Src:A1,Dst:A15,ID:540154 -- check module destructor
undisposed object: (BundlePacket) RegionsNetwork.regionNode[0].dtn.Src:A1,Dst:A15,ID:541702 -- check module destructor
undisposed object: (BundlePacket) RegionsNetwork.regionNode[0].dtn.Src:A1,Dst:A15,ID:544219 -- check module destructor
undisposed object: (BundlePacket) RegionsNetwork.regionNode[0].dtn.Src:A1,Dst:A15,ID:544291 -- check module destructor
undisposed object: (BundlePacket) RegionsNetwork.regionNode[0].dtn.Src:A1,Dst:A15,ID:538606 -- check module destructor
undisposed object: (BundlePacket) RegionsNetwork.regionNode[0].dtn.Src:A1,Dst:A15,ID:544325 -- check module destructor
undisposed object: (BundlePacket) RegionsNetwork.regionNode[0].dtn.Src:A1,Dst:A15,ID:538382 -- check module destructor
undisposed object: (BundlePacket) RegionsNetwork.regionNode[0].dtn.Src:A1,Dst:A15,ID:544700 -- check module destructor
undisposed object: (BundlePacket) RegionsNetwork.regionNode[0].dtn.Src:A1,Dst:A15,ID:538511 -- check module destructor
undisposed object: (BundlePacket) RegionsNetwork.regionNode[0].dtn.Src:A1,Dst:A15,ID:538735 -- check module destructor
undisposed object: (BundlePacket) RegionsNetwork.regionNode[0].dtn.Src:A1,Dst:A15,ID:544170 -- check module destructor
undisposed object: (BundlePacket) RegionsNetwork.regionNode[0].dtn.Src:A1,Dst:A15,ID:544462 -- check module destructor
undisposed object: (BundlePacket) RegionsNetwork.regionNode[0].dtn.Src:A1,Dst:A15,ID:541927 -- check module destructor
undisposed object: (BundlePacket) RegionsNetwork.regionNode[0].dtn.Src:A1,Dst:A15,ID:545086 -- check module destructor
undisposed object: (BundlePacket) RegionsNetwork.regionNode[0].dtn.Src:A1,Dst:A15,ID:543801 -- check module destructor
undisposed object: (BundlePacket) RegionsNetwork.regionNode[0].dtn.Src:A1,Dst:A15,ID:541994 -- check module destructor
undisposed object: (BundlePacket) RegionsNetwork.regionNode[0].dtn.Src:A1,Dst:A15,ID:542027 -- check module destructor
undisposed object: (BundlePacket) RegionsNetwork.regionNode[0].dtn.Src:A1,Dst:A15,ID:540188 -- check module destructor
undisposed object: (BundlePacket) RegionsNetwork.regionNode[0].dtn.Src:A1,Dst:A15,ID:544157 -- check module destructor
undisposed object: (BundlePacket) RegionsNetwork.regionNode[0].dtn.Src:A1,Dst:A15,ID:541124 -- check module destructor
undisposed object: (BundlePacket) RegionsNetwork.regionNode[0].dtn.Src:A1,Dst:A15,ID:539089 -- check module destructor
undisposed object: (BundlePacket) RegionsNetwork.regionNode[0].dtn.Src:A1,Dst:A15,ID:544036 -- check module destructor
undisposed object: (BundlePacket) RegionsNetwork.regionNode[0].dtn.Src:A1,Dst:A15,ID:543195 -- check module destructor
undisposed object: (BundlePacket) RegionsNetwork.regionNode[0].dtn.Src:A1,Dst:A15,ID:539218 -- check module destructor
undisposed object: (BundlePacket) RegionsNetwork.regionNode[0].dtn.Src:A1,Dst:A15,ID:544300 -- check module destructor
undisposed object: (BundlePacket) RegionsNetwork.regionNode[0].dtn.Src:A1,Dst:A15,ID:545116 -- check module destructor
undisposed object: (BundlePacket) RegionsNetwork.regionNode[0].dtn.Src:A1,Dst:A15,ID:543507 -- check module destructor
undisposed object: (BundlePacket) RegionsNetwork.regionNode[0].dtn.Src:A1,Dst:A15,ID:542284 -- check module destructor
undisposed object: (BundlePacket) RegionsNetwork.regionNode[0].dtn.Src:A1,Dst:A15,ID:538348 -- check module destructor
undisposed object: (BundlePacket) RegionsNetwork.regionNode[0].dtn.Src:A1,Dst:A15,ID:543961 -- check module destructor
undisposed object: (BundlePacket) RegionsNetwork.regionNode[0].dtn.Src:A1,Dst:A15,ID:542326 -- check module destructor
undisposed object: (BundlePacket) RegionsNetwork.regionNode[0].dtn.Src:A1,Dst:A15,ID:542347 -- check module destructor
undisposed object: (BundlePacket) RegionsNetwork.regionNode[0].dtn.Src:A1,Dst:A15,ID:540317 -- check module destructor
undisposed object: (BundlePacket) RegionsNetwork.regionNode[0].dtn.Src:A1,Dst:A15,ID:543337 -- check module destructor
undisposed object: (BundlePacket) RegionsNetwork.regionNode[0].dtn.Src:A1,Dst:A15,ID:542484 -- check module destructor
undisposed object: (BundlePacket) RegionsNetwork.regionNode[0].dtn.Src:A1,Dst:A15,ID:544144 -- check module destructor
undisposed object: (BundlePacket) RegionsNetwork.regionNode[0].dtn.Src:A1,Dst:A15,ID:544193 -- check module destructor
undisposed object: (BundlePacket) RegionsNetwork.regionNode[0].dtn.Src:A1,Dst:A15,ID:539992 -- check module destructor
undisposed object: (BundlePacket) RegionsNetwork.regionNode[0].dtn.Src:A1,Dst:A15,ID:540092 -- check module destructor
undisposed object: (BundlePacket) RegionsNetwork.regionNode[0].dtn.Src:A1,Dst:A15,ID:542887 -- check module destructor
undisposed object: (BundlePacket) RegionsNetwork.regionNode[0].dtn.Src:A1,Dst:A15,ID:545146 -- check module destructor
undisposed object: (BundlePacket) RegionsNetwork.regionNode[0].dtn.Src:A1,Dst:A15,ID:544046 -- check module destructor
undisposed object: (BundlePacket) RegionsNetwork.regionNode[0].dtn.Src:A1,Dst:A15,ID:542521 -- check module destructor
undisposed object: (BundlePacket) RegionsNetwork.regionNode[0].dtn.Src:A1,Dst:A15,ID:540412 -- check module destructor
undisposed object: (BundlePacket) RegionsNetwork.regionNode[0].dtn.Src:A1,Dst:A15,ID:543997 -- check module destructor
undisposed object: (BundlePacket) RegionsNetwork.regionNode[0].dtn.Src:A1,Dst:A15,ID:542563 -- check module destructor
undisposed object: (BundlePacket) RegionsNetwork.regionNode[0].dtn.Src:A1,Dst:A15,ID:542584 -- check module destructor
undisposed object: (BundlePacket) RegionsNetwork.regionNode[0].dtn.Src:A1,Dst:A15,ID:538315 -- check module destructor
undisposed object: (BundlePacket) RegionsNetwork.regionNode[0].dtn.Src:A1,Dst:A15,ID:539122 -- check module destructor
undisposed object: (BundlePacket) RegionsNetwork.regionNode[0].dtn.Src:A1,Dst:A15,ID:543171 -- check module destructor
undisposed object: (BundlePacket) RegionsNetwork.regionNode[0].dtn.Src:A1,Dst:A15,ID:541024 -- check module destructor
undisposed object: (BundlePacket) RegionsNetwork.regionNode[0].dtn.Src:A1,Dst:A15,ID:538960 -- check module destructor
undisposed object: (BundlePacket) RegionsNetwork.regionNode[0].dtn.Src:A1,Dst:A15,ID:543863 -- check module destructor
undisposed object: (BundlePacket) RegionsNetwork.regionNode[0].dtn.Src:A1,Dst:A15,ID:543840 -- check module destructor
undisposed object: (BundlePacket) RegionsNetwork.regionNode[0].dtn.Src:A1,Dst:A15,ID:542268 -- check module destructor
undisposed object: (BundlePacket) RegionsNetwork.regionNode[0].dtn.Src:A1,Dst:A15,ID:545174 -- check module destructor
undisposed object: (BundlePacket) RegionsNetwork.regionNode[0].dtn.Src:A1,Dst:A15,ID:542463 -- check module destructor
undisposed object: (BundlePacket) RegionsNetwork.regionNode[0].dtn.Src:A1,Dst:A15,ID:542758 -- check module destructor
undisposed object: (BundlePacket) RegionsNetwork.regionNode[0].dtn.Src:A1,Dst:A15,ID:540541 -- check module destructor
undisposed object: (BundlePacket) RegionsNetwork.regionNode[0].dtn.Src:A1,Dst:A15,ID:544848 -- check module destructor
undisposed object: (BundlePacket) RegionsNetwork.regionNode[0].dtn.Src:A1,Dst:A15,ID:541798 -- check module destructor
undisposed object: (BundlePacket) RegionsNetwork.regionNode[0].dtn.Src:A1,Dst:A15,ID:542821 -- check module destructor
undisposed object: (BundlePacket) RegionsNetwork.regionNode[0].dtn.Src:A1,Dst:A15,ID:538286 -- check module destructor
undisposed object: (BundlePacket) RegionsNetwork.regionNode[0].dtn.Src:A1,Dst:A15,ID:544393 -- check module destructor
undisposed object: (BundlePacket) RegionsNetwork.regionNode[0].dtn.Src:A1,Dst:A15,ID:544359 -- check module destructor
undisposed object: (BundlePacket) RegionsNetwork.regionNode[0].dtn.Src:A1,Dst:A15,ID:542185 -- check module destructor
undisposed object: (BundlePacket) RegionsNetwork.regionNode[0].dtn.Src:A1,Dst:A15,ID:539318 -- check module destructor
undisposed object: (BundlePacket) RegionsNetwork.regionNode[0].dtn.Src:A1,Dst:A15,ID:543605 -- check module destructor
undisposed object: (BundlePacket) RegionsNetwork.regionNode[0].dtn.Src:A1,Dst:A15,ID:539576 -- check module destructor
undisposed object: (BundlePacket) RegionsNetwork.regionNode[0].dtn.Src:A1,Dst:A15,ID:543569 -- check module destructor
undisposed object: (BundlePacket) RegionsNetwork.regionNode[0].dtn.Src:A1,Dst:A15,ID:545190 -- check module destructor
undisposed object: (BundlePacket) RegionsNetwork.regionNode[0].dtn.Src:A1,Dst:A15,ID:544085 -- check module destructor
undisposed object: (BundlePacket) RegionsNetwork.regionNode[0].dtn.Src:A1,Dst:A15,ID:543052 -- check module destructor
undisposed object: (BundlePacket) RegionsNetwork.regionNode[0].dtn.Src:A1,Dst:A15,ID:539156 -- check module destructor
undisposed object: (BundlePacket) RegionsNetwork.regionNode[0].dtn.Src:A1,Dst:A15,ID:543938 -- check module destructor
undisposed object: (BundlePacket) RegionsNetwork.regionNode[0].dtn.Src:A1,Dst:A15,ID:543471 -- check module destructor
undisposed object: (BundlePacket) RegionsNetwork.regionNode[0].dtn.Src:A1,Dst:A15,ID:543121 -- check module destructor
undisposed object: (BundlePacket) RegionsNetwork.regionNode[0].dtn.Src:A1,Dst:A15,ID:538544 -- check module destructor
undisposed object: (BundlePacket) RegionsNetwork.regionNode[0].dtn.Src:A1,Dst:A15,ID:542800 -- check module destructor
undisposed object: (BundlePacket) RegionsNetwork.regionNode[0].dtn.Src:A1,Dst:A15,ID:540766 -- check module destructor
undisposed object: (BundlePacket) RegionsNetwork.regionNode[0].dtn.Src:A1,Dst:A15,ID:543386 -- check module destructor
undisposed object: (BundlePacket) RegionsNetwork.regionNode[0].dtn.Src:A1,Dst:A15,ID:545208 -- check module destructor
undisposed object: (BundlePacket) RegionsNetwork.regionNode[0].dtn.Src:A1,Dst:A15,ID:540379 -- check module destructor
undisposed object: (BundlePacket) RegionsNetwork.regionNode[0].dtn.Src:A1,Dst:A15,ID:543533 -- check module destructor
undisposed object: (BundlePacket) RegionsNetwork.regionNode[0].dtn.Src:A1,Dst:A15,ID:544418 -- check module destructor
undisposed object: (BundlePacket) RegionsNetwork.regionNode[0].dtn.Src:A1,Dst:A15,ID:538253 -- check module destructor
undisposed object: (BundlePacket) RegionsNetwork.regionNode[0].dtn.Src:A1,Dst:A15,ID:543262 -- check module destructor
undisposed object: (BundlePacket) RegionsNetwork.regionNode[0].dtn.Src:A1,Dst:A15,ID:543275 -- check module destructor
undisposed object: (BundlePacket) RegionsNetwork.regionNode[0].dtn.Src:A1,Dst:A15,ID:540799 -- check module destructor
undisposed object: (BundlePacket) RegionsNetwork.regionNode[0].dtn.Src:A1,Dst:A15,ID:543239 -- check module destructor
undisposed object: (BundlePacket) RegionsNetwork.regionNode[0].dtn.Src:A1,Dst:A15,ID:543213 -- check module destructor
undisposed object: (BundlePacket) RegionsNetwork.regionNode[0].dtn.Src:A1,Dst:A15,ID:543311 -- check module destructor
undisposed object: (BundlePacket) RegionsNetwork.regionNode[0].dtn.Src:A1,Dst:A15,ID:538219 -- check module destructor
undisposed object: (BundlePacket) RegionsNetwork.regionNode[0].dtn.Src:A1,Dst:A15,ID:543448 -- check module destructor
undisposed object: (BundlePacket) RegionsNetwork.regionNode[0].dtn.Src:A1,Dst:A15,ID:542305 -- check module destructor
undisposed object: (BundlePacket) RegionsNetwork.regionNode[0].dtn.Src:A1,Dst:A15,ID:542542 -- check module destructor
undisposed object: (BundlePacket) RegionsNetwork.regionNode[0].dtn.Src:A1,Dst:A15,ID:543948 -- check module destructor
undisposed object: (BundlePacket) RegionsNetwork.regionNode[0].dtn.Src:A1,Dst:A15,ID:544384 -- check module destructor
undisposed object: (BundlePacket) RegionsNetwork.regionNode[0].dtn.Src:A1,Dst:A15,ID:542931 -- check module destructor
undisposed object: (BundlePacket) RegionsNetwork.regionNode[0].dtn.Src:A1,Dst:A15,ID:543631 -- check module destructor
undisposed object: (BundlePacket) RegionsNetwork.regionNode[0].dtn.Src:A1,Dst:A15,ID:537770 -- check module destructor
undisposed object: (BundlePacket) RegionsNetwork.regionNode[0].dtn.Src:A1,Dst:A15,ID:543409 -- check module destructor
undisposed object: (BundlePacket) RegionsNetwork.regionNode[0].dtn.Src:A1,Dst:A15,ID:543422 -- check module destructor
undisposed object: (BundlePacket) RegionsNetwork.regionNode[0].dtn.Src:A1,Dst:A15,ID:537799 -- check module destructor
undisposed object: (BundlePacket) RegionsNetwork.regionNode[0].dtn.Src:A1,Dst:A15,ID:538931 -- check module destructor
undisposed object: (BundlePacket) RegionsNetwork.regionNode[0].dtn.Src:A1,Dst:A15,ID:541411 -- check module destructor
undisposed object: (BundlePacket) RegionsNetwork.regionNode[0].dtn.Src:A1,Dst:A15,ID:543458 -- check module destructor
undisposed object: (BundlePacket) RegionsNetwork.regionNode[0].dtn.Src:A1,Dst:A15,ID:537832 -- check module destructor
undisposed object: (BundlePacket) RegionsNetwork.regionNode[0].dtn.Src:A1,Dst:A15,ID:543484 -- check module destructor
undisposed object: (BundlePacket) RegionsNetwork.regionNode[0].dtn.Src:A1,Dst:A15,ID:543925 -- check module destructor
undisposed object: (BundlePacket) RegionsNetwork.regionNode[0].dtn.Src:A1,Dst:A15,ID:540737 -- check module destructor
undisposed object: (BundlePacket) RegionsNetwork.regionNode[0].dtn.Src:A1,Dst:A15,ID:537866 -- check module destructor
undisposed object: (BundlePacket) RegionsNetwork.regionNode[0].dtn.Src:A1,Dst:A15,ID:543520 -- check module destructor
undisposed object: (BundlePacket) RegionsNetwork.regionNode[0].dtn.Src:A1,Dst:A15,ID:542505 -- check module destructor
undisposed object: (BundlePacket) RegionsNetwork.regionNode[0].dtn.Src:A1,Dst:A15,ID:544072 -- check module destructor
undisposed object: (BundlePacket) RegionsNetwork.regionNode[0].dtn.Src:A1,Dst:A15,ID:537899 -- check module destructor
undisposed object: (BundlePacket) RegionsNetwork.regionNode[0].dtn.Src:A1,Dst:A15,ID:539963 -- check module destructor
undisposed object: (BundlePacket) RegionsNetwork.regionNode[0].dtn.Src:A1,Dst:A15,ID:542405 -- check module destructor
undisposed object: (BundlePacket) RegionsNetwork.regionNode[0].dtn.Src:A1,Dst:A15,ID:537928 -- check module destructor
undisposed object: (BundlePacket) RegionsNetwork.regionNode[0].dtn.Src:A1,Dst:A15,ID:543582 -- check module destructor
undisposed object: (BundlePacket) RegionsNetwork.regionNode[0].dtn.Src:A1,Dst:A15,ID:543595 -- check module destructor
undisposed object: (BundlePacket) RegionsNetwork.regionNode[0].dtn.Src:A1,Dst:A15,ID:544257 -- check module destructor
undisposed object: (BundlePacket) RegionsNetwork.regionNode[0].dtn.Src:A1,Dst:A15,ID:537961 -- check module destructor
undisposed object: (BundlePacket) RegionsNetwork.regionNode[0].dtn.Src:A1,Dst:A15,ID:539251 -- check module destructor
undisposed object: (BundlePacket) RegionsNetwork.regionNode[0].dtn.Src:A1,Dst:A15,ID:544316 -- check module destructor
undisposed object: (BundlePacket) RegionsNetwork.regionNode[0].dtn.Src:A1,Dst:A15,ID:543644 -- check module destructor
undisposed object: (BundlePacket) RegionsNetwork.regionNode[0].dtn.Src:A1,Dst:A15,ID:537995 -- check module destructor
undisposed object: (BundlePacket) RegionsNetwork.regionNode[0].dtn.Src:A1,Dst:A15,ID:539027 -- check module destructor
undisposed object: (BundlePacket) RegionsNetwork.regionNode[0].dtn.Src:A1,Dst:A15,ID:542089 -- check module destructor
undisposed object: (BundlePacket) RegionsNetwork.regionNode[0].dtn.Src:A1,Dst:A15,ID:541960 -- check module destructor
undisposed object: (BundlePacket) RegionsNetwork.regionNode[0].dtn.Src:A1,Dst:A15,ID:538028 -- check module destructor
undisposed object: (BundlePacket) RegionsNetwork.regionNode[0].dtn.Src:A1,Dst:A15,ID:544551 -- check module destructor
undisposed object: (BundlePacket) RegionsNetwork.regionNode[0].dtn.Src:A1,Dst:A15,ID:542056 -- check module destructor
undisposed object: (BundlePacket) RegionsNetwork.regionNode[0].dtn.Src:A1,Dst:A15,ID:538057 -- check module destructor
undisposed object: (BundlePacket) RegionsNetwork.regionNode[0].dtn.Src:A1,Dst:A15,ID:543729 -- check module destructor
undisposed object: (BundlePacket) RegionsNetwork.regionNode[0].dtn.Src:A1,Dst:A15,ID:543742 -- check module destructor
undisposed object: (BundlePacket) RegionsNetwork.regionNode[0].dtn.Src:A1,Dst:A15,ID:544908 -- check module destructor
undisposed object: (BundlePacket) RegionsNetwork.regionNode[0].dtn.Src:A1,Dst:A15,ID:538090 -- check module destructor
undisposed object: (BundlePacket) RegionsNetwork.regionNode[0].dtn.Src:A1,Dst:A15,ID:541573 -- check module destructor
undisposed object: (BundlePacket) RegionsNetwork.regionNode[0].dtn.Src:A1,Dst:A15,ID:544239 -- check module destructor
undisposed object: (BundlePacket) RegionsNetwork.regionNode[0].dtn.Src:A1,Dst:A15,ID:543791 -- check module destructor
undisposed object: (BundlePacket) RegionsNetwork.regionNode[0].dtn.Src:A1,Dst:A15,ID:538124 -- check module destructor
undisposed object: (BundlePacket) RegionsNetwork.regionNode[0].dtn.Src:A1,Dst:A15,ID:542721 -- check module destructor
undisposed object: (BundlePacket) RegionsNetwork.regionNode[0].dtn.Src:A1,Dst:A15,ID:541349 -- check module destructor
undisposed object: (BundlePacket) RegionsNetwork.regionNode[0].dtn.Src:A1,Dst:A15,ID:543301 -- check module destructor
undisposed object: (BundlePacket) RegionsNetwork.regionNode[0].dtn.Src:A1,Dst:A15,ID:538157 -- check module destructor
undisposed object: (BundlePacket) RegionsNetwork.regionNode[0].dtn.Src:A1,Dst:A15,ID:544232 -- check module destructor
undisposed object: (BundlePacket) RegionsNetwork.regionNode[0].dtn.Src:A1,Dst:A15,ID:543399 -- check module destructor
undisposed object: (BundlePacket) RegionsNetwork.regionNode[0].dtn.Src:A1,Dst:A15,ID:538186 -- check module destructor
undisposed object: (BundlePacket) RegionsNetwork.regionNode[0].dtn.Src:A1,Dst:A15,ID:543876 -- check module destructor
undisposed object: (BundlePacket) RegionsNetwork.regionNode[0].dtn.Src:A1,Dst:A15,ID:543889 -- check module destructor
undisposed object: (BundlePacket) RegionsNetwork.regionNode[0].dtn.Src:A1,Dst:A15,ID:544121 -- check module destructor
undisposed object: (BundlePacket) RegionsNetwork.regionNode[1].dtn.Src:A15,Dst:A1,ID:534498 -- check module destructor
undisposed object: (BundlePacket) RegionsNetwork.regionNode[2].dtn.Src:A1,Dst:A15,ID:537316 -- check module destructor
undisposed object: (BundlePacket) RegionsNetwork.regionNode[2].dtn.Src:A1,Dst:A15,ID:537608 -- check module destructor
undisposed object: (BundlePacket) RegionsNetwork.regionNode[3].dtn.Src:A1,Dst:A15,ID:534622 -- check module destructor
