** Event #0   t=0   Elapsed: 1.2e-05s (0m 00s)
     Speed:     ev/sec=0   simsec/sec=0   ev/simsec=0
     Messages:  created: 121904   present: 121904   in FES: 121904
** Event #204544   t=126000   Elapsed: 2.00516s (0m 02s)
     Speed:     ev/sec=102010   simsec/sec=62838.1   ev/simsec=1.62337
     Messages:  created: 160137   present: 112816   in FES: 109058
** Event #527360   t=302516   Elapsed: 4.00569s (0m 04s)
     Speed:     ev/sec=161365   simsec/sec=88234.7   ev/simsec=1.82882
     Messages:  created: 218298   present: 94677   in FES: 91073
** Event #838656   t=468006.963199999932   Elapsed: 6.00643s (0m 06s)
     Speed:     ev/sec=155590   simsec/sec=82714.8   ev/simsec=1.88105
     Messages:  created: 273490   present: 76553   in FES: 74388
** Event #1149184   t=633604.198399999959   Elapsed: 8.00786s (0m 08s)
     Speed:     ev/sec=155153   simsec/sec=82739.6   ev/simsec=1.8752
     Messages:  created: 328115   present: 58780   in FES: 57690
** Event #1394688   t=756299.78784   Elapsed: 10.0082s (0m 10s)
     Speed:     ev/sec=122733   simsec/sec=61338.4   ev/simsec=2.00092
     Messages:  created: 370643   present: 47245   in FES: 45366
** Event #1747712   t=921604.573866666622   Elapsed: 12.0099s (0m 12s)
     Speed:     ev/sec=176359   simsec/sec=82580.7   ev/simsec=2.13559
     Messages:  created: 430491   present: 31918   in FES: 28673
** Event #1970432   t=1025650.81856   Elapsed: 14.0103s (0m 14s)
     Speed:     ev/sec=111336   simsec/sec=52011.9   ev/simsec=2.14059
     Messages:  created: 468666   present: 20640   in FES: 18526
** Event #2295040   t=1180805.666133333278   Elapsed: 16.012s (0m 16s)
     Speed:     ev/sec=162171   simsec/sec=77514.1   ev/simsec=2.09216
     Messages:  created: 524250   present: 5441   in FES: 2554
** Event #2373989   t=1209600   Elapsed: 16.9148s (0m 16s)
     Speed:     ev/sec=87447.6   simsec/sec=31894.4   ev/simsec=2.74179
     Messages:  created: 537609   present: 0   in FES: 0

<!> No more events, simulation completed -- at t=1209600s, event #2373989
