** Event #0   t=0   Elapsed: 1.2e-05s (0m 00s)
     Speed:     ev/sec=0   simsec/sec=0   ev/simsec=0
     Messages:  created: 26128   present: 26128   in FES: 26128
** Event #307200   t=154818   Elapsed: 2.00051s (0m 02s)
     Speed:     ev/sec=153562   simsec/sec=77389.5   ev/simsec=1.98427
     Messages:  created: 80422   present: 11173   in FES: 10219
** Event #492952   t=259200   Elapsed: 3.1988s (0m 03s)
     Speed:     ev/sec=155014   simsec/sec=87109.7   ev/simsec=1.77953
     Messages:  created: 113666   present: 463   in FES: 0

<!> No more events, simulation completed -- at t=259200s, event #492952
undisposed object: (BundlePacket) RegionsNetwork.regionNode[1].dtn.Src:A15,Dst:A1,ID:94910 -- check module destructor
undisposed object: (BundlePacket) RegionsNetwork.regionNode[1].dtn.Src:A15,Dst:A1,ID:94911 -- check module destructor
undisposed object: (BundlePacket) RegionsNetwork.regionNode[1].dtn.Src:A15,Dst:A1,ID:94912 -- check module destructor
undisposed object: (BundlePacket) RegionsNetwork.regionNode[1].dtn.Src:A15,Dst:A1,ID:94913 -- check module destructor
undisposed object: (BundlePacket) RegionsNetwork.regionNode[1].dtn.Src:A15,Dst:A1,ID:94914 -- check module destructor
undisposed object: (BundlePacket) RegionsNetwork.regionNode[1].dtn.Src:A15,Dst:A1,ID:94915 -- check module destructor
undisposed object: (BundlePacket) RegionsNetwork.regionNode[1].dtn.Src:A15,Dst:A1,ID:94916 -- check module destructor
undisposed object: (BundlePacket) RegionsNetwork.regionNode[1].dtn.Src:A15,Dst:A1,ID:94917 -- check module destructor
undisposed object: (BundlePacket) RegionsNetwork.regionNode[1].dtn.Src:A15,Dst:A1,ID:94918 -- check module destructor
undisposed object: (BundlePacket) RegionsNetwork.regionNode[1].dtn.Src:A15,Dst:A1,ID:94919 -- check module destructor
undisposed object: (BundlePacket) RegionsNetwork.regionNode[1].dtn.Src:A15,Dst:A1,ID:94920 -- check module destructor
undisposed object: (BundlePacket) RegionsNetwork.regionNode[1].dtn.Src:A15,Dst:A1,ID:94921 -- check module destructor
undisposed object: (BundlePacket) RegionsNetwork.regionNode[1].dtn.Src:A15,Dst:A1,ID:94922 -- check module destructor
undisposed object: (BundlePacket) RegionsNetwork.regionNode[1].dtn.Src:A15,Dst:A1,ID:94923 -- check module destructor
undisposed object: (BundlePacket) RegionsNetwork.regionNode[1].dtn.Src:A15,Dst:A1,ID:94924 -- check module destructor
undisposed object: (BundlePacket) RegionsNetwork.regionNode[1].dtn.Src:A15,Dst:A1,ID:94925 -- check module destructor
undisposed object: (BundlePacket) RegionsNetwork.regionNode[1].dtn.Src:A15,Dst:A1,ID:94926 -- check module destructor
undisposed object: (BundlePacket) RegionsNetwork.regionNode[1].dtn.Src:A15,Dst:A1,ID:94927 -- check module destructor
undisposed object: (BundlePacket) RegionsNetwork.regionNode[1].dtn.Src:A15,Dst:A1,ID:94928 -- check module destructor
undisposed object: (BundlePacket) RegionsNetwork.regionNode[1].dtn.Src:A15,Dst:A1,ID:94929 -- check module destructor
undisposed object: (BundlePacket) RegionsNetwork.regionNode[1].dtn.Src:A15,Dst:A1,ID:94799 -- check module destructor
undisposed object: (BundlePacket) RegionsNetwork.regionNode[1].dtn.Src:A15,Dst:A1,ID:94931 -- check module destructor
undisposed object: (BundlePacket) RegionsNetwork.regionNode[1].dtn.Src:A15,Dst:A1,ID:94936 -- check module destructor
undisposed object: (BundlePacket) RegionsNetwork.regionNode[1].dtn.Src:A15,Dst:A1,ID:94937 -- check module destructor
undisposed object: (BundlePacket) RegionsNetwork.regionNode[1].dtn.Src:A15,Dst:A1,ID:94938 -- check module destructor
undisposed object: (BundlePacket) RegionsNetwork.regionNode[1].dtn.Src:A15,Dst:A1,ID:94939 -- check module destructor
undisposed object: (BundlePacket) RegionsNetwork.regionNode[1].dtn.Src:A15,Dst:A1,ID:94940 -- check module destructor
undisposed object: (BundlePacket) RegionsNetwork.regionNode[1].dtn.Src:A15,Dst:A1,ID:94941 -- check module destructor
undisposed object: (BundlePacket) RegionsNetwork.regionNode[1].dtn.Src:A15,Dst:A1,ID:94942 -- check module destructor
undisposed object: (BundlePacket) RegionsNetwork.regionNode[1].dtn.Src:A15,Dst:A1,ID:94943 -- check module destructor
undisposed object: (BundlePacket) RegionsNetwork.regionNode[1].dtn.Src:A15,Dst:A1,ID:94944 -- check module destructor
undisposed object: (BundlePacket) RegionsNetwork.regionNode[1].dtn.Src:A15,Dst:A1,ID:94945 -- check module destructor
undisposed object: (BundlePacket) RegionsNetwork.regionNode[1].dtn.Src:A15,Dst:A1,ID:94946 -- check module destructor
undisposed object: (BundlePacket) RegionsNetwork.regionNode[1].dtn.Src:A15,Dst:A1,ID:94947 -- check module destructor
undisposed object: (BundlePacket) RegionsNetwork.regionNode[1].dtn.Src:A15,Dst:A1,ID:94948 -- check module destructor
undisposed object: (BundlePacket) RegionsNetwork.regionNode[1].dtn.Src:A15,Dst:A1,ID:94949 -- check module destructor
undisposed object: (BundlePacket) RegionsNetwork.regionNode[1].dtn.Src:A15,Dst:A1,ID:94950 -- check module destructor
undisposed object: (BundlePacket) RegionsNetwork.regionNode[1].dtn.Src:A15,Dst:A1,ID:94952 -- check module destructor
undisposed object: (BundlePacket) RegionsNetwork.regionNode[1].dtn.Src:A15,Dst:A1,ID:94953 -- check module destructor
undisposed object: (BundlePacket) RegionsNetwork.regionNode[1].dtn.Src:A15,Dst:A1,ID:94954 -- check module destructor
undisposed object: (BundlePacket) RegionsNetwork.regionNode[1].dtn.Src:A15,Dst:A1,ID:94955 -- check module destructor
undisposed object: (BundlePacket) RegionsNetwork.regionNode[1].dtn.Src:A15,Dst:A1,ID:94956 -- check module destructor
undisposed object: (BundlePacket) RegionsNetwork.regionNode[1].dtn.Src:A15,Dst:A1,ID:94958 -- check module destructor
undisposed object: (BundlePacket) RegionsNetwork.regionNode[1].dtn.Src:A15,Dst:A1,ID:94959 -- check module destructor
undisposed object: (BundlePacket) RegionsNetwork.regionNode[1].dtn.Src:A15,Dst:A1,ID:94960 -- check module destructor
undisposed object: (BundlePacket) RegionsNetwork.regionNode[1].dtn.Src:A15,Dst:A1,ID:94966 -- check module destructor
undisposed object: (BundlePacket) RegionsNetwork.regionNode[1].dtn.Src:A15,Dst:A1,ID:94965 -- check module destructor
undisposed object: (BundlePacket) RegionsNetwork.regionNode[1].dtn.Src:A15,Dst:A1,ID:94957 -- check module destructor
undisposed object: (BundlePacket) RegionsNetwork.regionNode[1].dtn.Src:A15,Dst:A1,ID:94951 -- check module destructor
undisposed object: (BundlePacket) RegionsNetwork.regionNode[1].dtn.Src:A15,Dst:A1,ID:94930 -- check module destructor
undisposed object: (BundlePacket) RegionsNetwork.regionNode[1].dtn.Src:A15,Dst:A1,ID:94826 -- check module destructor
undisposed object: (BundlePacket) RegionsNetwork.regionNode[1].dtn.Src:A15,Dst:A1,ID:94892 -- check module destructor
undisposed object: (BundlePacket) RegionsNetwork.regionNode[1].dtn.Src:A15,Dst:A1,ID:94693 -- check module destructor
undisposed object: (BundlePacket) RegionsNetwork.regionNode[1].dtn.Src:A15,Dst:A1,ID:94737 -- check module destructor
undisposed object: (BundlePacket) RegionsNetwork.regionNode[1].dtn.Src:A15,Dst:A1,ID:94731 -- check module destructor
undisposed object: (BundlePacket) RegionsNetwork.regionNode[1].dtn.Src:A15,Dst:A1,ID:94798 -- check module destructor
undisposed object: (BundlePacket) RegionsNetwork.regionNode[1].dtn.Src:A15,Dst:A1,ID:94732 -- check module destructor
undisposed object: (BundlePacket) RegionsNetwork.regionNode[1].dtn.Src:A15,Dst:A1,ID:94726 -- check module destructor
undisposed object: (BundlePacket) RegionsNetwork.regionNode[1].dtn.Src:A15,Dst:A1,ID:94790 -- check module destructor
undisposed object: (BundlePacket) RegionsNetwork.regionNode[1].dtn.Src:A15,Dst:A1,ID:94723 -- check module destructor
undisposed object: (BundlePacket) RegionsNetwork.regionNode[1].dtn.Src:A15,Dst:A1,ID:94722 -- check module destructor
undisposed object: (BundlePacket) RegionsNetwork.regionNode[1].dtn.Src:A15,Dst:A1,ID:94727 -- check module destructor
undisposed object: (BundlePacket) RegionsNetwork.regionNode[1].dtn.Src:A15,Dst:A1,ID:94728 -- check module destructor
undisposed object: (BundlePacket) RegionsNetwork.regionNode[1].dtn.Src:A15,Dst:A1,ID:94729 -- check module destructor
undisposed object: (BundlePacket) RegionsNetwork.regionNode[1].dtn.Src:A15,Dst:A1,ID:94730 -- check module destructor
undisposed object: (BundlePacket) RegionsNetwork.regionNode[1].dtn.Src:A15,Dst:A1,ID:94733 -- check module destructor
undisposed object: (BundlePacket) RegionsNetwork.regionNode[1].dtn.Src:A15,Dst:A1,ID:94734 -- check module destructor
undisposed object: (BundlePacket) RegionsNetwork.regionNode[1].dtn.Src:A15,Dst:A1,ID:94736 -- check module destructor
undisposed object: (BundlePacket) RegionsNetwork.regionNode[1].dtn.Src:A15,Dst:A1,ID:94738 -- check module destructor
undisposed object: (BundlePacket) RegionsNetwork.regionNode[1].dtn.Src:A15,Dst:A1,ID:94739 -- check module destructor
undisposed object: (BundlePacket) RegionsNetwork.regionNode[1].dtn.Src:A15,Dst:A1,ID:94740 -- check module destructor
undisposed object: (BundlePacket) RegionsNetwork.regionNode[1].dtn.Src:A15,Dst:A1,ID:94797 -- check module destructor
undisposed object: (BundlePacket) RegionsNetwork.regionNode[1].dtn.Src:A15,Dst:A1,ID:94796 -- check module destructor
undisposed object: (BundlePacket) RegionsNetwork.regionNode[1].dtn.Src:A15,Dst:A1,ID:94795 -- check module destructor
undisposed object: (BundlePacket) RegionsNetwork.regionNode[1].dtn.Src:A15,Dst:A1,ID:94794 -- check module destructor
undisposed object: (BundlePacket) RegionsNetwork.regionNode[1].dtn.Src:A15,Dst:A1,ID:94792 -- check module destructor
undisposed object: (BundlePacket) RegionsNetwork.regionNode[1].dtn.Src:A15,Dst:A1,ID:94791 -- check module destructor
undisposed object: (BundlePacket) RegionsNetwork.regionNode[1].dtn.Src:A15,Dst:A1,ID:94789 -- check module destructor
undisposed object: (BundlePacket) RegionsNetwork.regionNode[1].dtn.Src:A15,Dst:A1,ID:94793 -- check module destructor
undisposed object: (BundlePacket) RegionsNetwork.regionNode[1].dtn.Src:A15,Dst:A1,ID:94724 -- check module destructor
undisposed object: (BundlePacket) RegionsNetwork.regionNode[1].dtn.Src:A15,Dst:A1,ID:86275 -- check module destructor
undisposed object: (BundlePacket) RegionsNetwork.regionNode[1].dtn.Src:A15,Dst:A1,ID:86276 -- check module destructor
undisposed object: (BundlePacket) RegionsNetwork.regionNode[1].dtn.Src:A15,Dst:A1,ID:86277 -- check module destructor
undisposed object: (BundlePacket) RegionsNetwork.regionNode[1].dtn.Src:A15,Dst:A1,ID:86279 -- check module destructor
undisposed object: (BundlePacket) RegionsNetwork.regionNode[1].dtn.Src:A15,Dst:A1,ID:86280 -- check module destructor
undisposed object: (BundlePacket) RegionsNetwork.regionNode[1].dtn.Src:A15,Dst:A1,ID:86281 -- check module destructor
undisposed object: (BundlePacket) RegionsNetwork.regionNode[1].dtn.Src:A15,Dst:A1,ID:86282 -- check module destructor
undisposed object: (BundlePacket) RegionsNetwork.regionNode[1].dtn.Src:A15,Dst:A1,ID:86284 -- check module destructor
undisposed object: (BundlePacket) RegionsNetwork.regionNode[1].dtn.Src:A15,Dst:A1,ID:86286 -- check module destructor
undisposed object: (BundlePacket) RegionsNetwork.regionNode[1].dtn.Src:A15,Dst:A1,ID:86287 -- check module destructor
undisposed object: (BundlePacket) RegionsNetwork.regionNode[1].dtn.Src:A15,Dst:A1,ID:86288 -- check module destructor
undisposed object: (BundlePacket) RegionsNetwork.regionNode[1].dtn.Src:A15,Dst:A1,ID:86291 -- check module destructor
undisposed object: (BundlePacket) RegionsNetwork.regionNode[1].dtn.Src:A15,Dst:A1,ID:86293 -- check module destructor
undisposed object: (BundlePacket) RegionsNetwork.regionNode[1].dtn.Src:A15,Dst:A1,ID:86294 -- check module destructor
undisposed object: (BundlePacket) RegionsNetwork.regionNode[1].dtn.Src:A15,Dst:A1,ID:86296 -- check module destructor
undisposed object: (BundlePacket) RegionsNetwork.regionNode[1].dtn.Src:A15,Dst:A1,ID:86292 -- check module destructor
undisposed object: (BundlePacket) RegionsNetwork.regionNode[1].dtn.Src:A15,Dst:A1,ID:86285 -- check module destructor
undisposed object: (BundlePacket) RegionsNetwork.regionNode[1].dtn.Src:A15,Dst:A1,ID:86267 -- check module destructor
undisposed object: (BundlePacket) RegionsNetwork.regionNode[1].dtn.Src:A15,Dst:A1,ID:86298 -- check module destructor
undisposed object: (BundlePacket) RegionsNetwork.regionNode[1].dtn.Src:A15,Dst:A1,ID:86273 -- check module destructor
undisposed object: (BundlePacket) RegionsNetwork.regionNode[1].dtn.Src:A15,Dst:A1,ID:86295 -- check module destructor
undisposed object: (BundlePacket) RegionsNetwork.regionNode[1].dtn.Src:A15,Dst:A1,ID:94674 -- check module destructor
undisposed object: (BundlePacket) RegionsNetwork.regionNode[1].dtn.Src:A15,Dst:A1,ID:86283 -- check module destructor
undisposed object: (BundlePacket) RegionsNetwork.regionNode[1].dtn.Src:A15,Dst:A1,ID:86253 -- check module destructor
undisposed object: (BundlePacket) RegionsNetwork.regionNode[1].dtn.Src:A15,Dst:A1,ID:86311 -- check module destructor
undisposed object: (BundlePacket) RegionsNetwork.regionNode[1].dtn.Src:A15,Dst:A1,ID:86344 -- check module destructor
undisposed object: (BundlePacket) RegionsNetwork.regionNode[1].dtn.Src:A15,Dst:A1,ID:86362 -- check module destructor
undisposed object: (BundlePacket) RegionsNetwork.regionNode[1].dtn.Src:A15,Dst:A1,ID:86367 -- check module destructor
undisposed object: (BundlePacket) RegionsNetwork.regionNode[1].dtn.Src:A15,Dst:A1,ID:86383 -- check module destructor
undisposed object: (BundlePacket) RegionsNetwork.regionNode[1].dtn.Src:A15,Dst:A1,ID:86378 -- check module destructor
undisposed object: (BundlePacket) RegionsNetwork.regionNode[1].dtn.Src:A15,Dst:A1,ID:86377 -- check module destructor
undisposed object: (BundlePacket) RegionsNetwork.regionNode[1].dtn.Src:A15,Dst:A1,ID:86376 -- check module destructor
undisposed object: (BundlePacket) RegionsNetwork.regionNode[1].dtn.Src:A15,Dst:A1,ID:86359 -- check module destructor
undisposed object: (BundlePacket) RegionsNetwork.regionNode[1].dtn.Src:A15,Dst:A1,ID:86358 -- check module destructor
undisposed object: (BundlePacket) RegionsNetwork.regionNode[1].dtn.Src:A15,Dst:A1,ID:86356 -- check module destructor
undisposed object: (BundlePacket) RegionsNetwork.regionNode[1].dtn.Src:A15,Dst:A1,ID:86354 -- check module destructor
undisposed object: (BundlePacket) RegionsNetwork.regionNode[1].dtn.Src:A15,Dst:A1,ID:86353 -- check module destructor
undisposed object: (BundlePacket) RegionsNetwork.regionNode[1].dtn.Src:A15,Dst:A1,ID:86351 -- check module destructor
undisposed object: (BundlePacket) RegionsNetwork.regionNode[1].dtn.Src:A15,Dst:A1,ID:86348 -- check module destructor
undisposed object: (BundlePacket) RegionsNetwork.regionNode[1].dtn.Src:A15,Dst:A1,ID:86343 -- check module destructor
undisposed object: (BundlePacket) RegionsNetwork.regionNode[1].dtn.Src:A15,Dst:A1,ID:86342 -- check module destructor
undisposed object: (BundlePacket) RegionsNetwork.regionNode[1].dtn.Src:A15,Dst:A1,ID:86341 -- check module destructor
undisposed object: (BundlePacket) RegionsNetwork.regionNode[1].dtn.Src:A15,Dst:A1,ID:86340 -- check module destructor
undisposed object: (BundlePacket) RegionsNetwork.regionNode[1].dtn.Src:A15,Dst:A1,ID:86339 -- check module destructor
undisposed object: (BundlePacket) RegionsNetwork.regionNode[1].dtn.Src:A15,Dst:A1,ID:86337 -- check module destructor
undisposed object: (BundlePacket) RegionsNetwork.regionNode[1].dtn.Src:A15,Dst:A1,ID:86336 -- check module destructor
undisposed object: (BundlePacket) RegionsNetwork.regionNode[1].dtn.Src:A15,Dst:A1,ID:86335 -- check module destructor
undisposed object: (BundlePacket) RegionsNetwork.regionNode[1].dtn.Src:A15,Dst:A1,ID:86334 -- check module destructor
undisposed object: (BundlePacket) RegionsNetwork.regionNode[1].dtn.Src:A15,Dst:A1,ID:86333 -- check module destructor
undisposed object: (BundlePacket) RegionsNetwork.regionNode[1].dtn.Src:A15,Dst:A1,ID:86332 -- check module destructor
undisposed object: (BundlePacket) RegionsNetwork.regionNode[1].dtn.Src:A15,Dst:A1,ID:86330 -- check module destructor
undisposed object: (BundlePacket) RegionsNetwork.regionNode[1].dtn.Src:A15,Dst:A1,ID:86329 -- check module destructor
undisposed object: (BundlePacket) RegionsNetwork.regionNode[1].dtn.Src:A15,Dst:A1,ID:86328 -- check module destructor
undisposed object: (BundlePacket) RegionsNetwork.regionNode[1].dtn.Src:A15,Dst:A1,ID:86327 -- check module destructor
undisposed object: (BundlePacket) RegionsNetwork.regionNode[1].dtn.Src:A15,Dst:A1,ID:86324 -- check module destructor
undisposed object: (BundlePacket) RegionsNetwork.regionNode[1].dtn.Src:A15,Dst:A1,ID:94658 -- check module destructor
undisposed object: (BundlePacket) RegionsNetwork.regionNode[1].dtn.Src:A15,Dst:A1,ID:94705 -- check module destructor
undisposed object: (BundlePacket) RegionsNetwork.regionNode[1].dtn.Src:A15,Dst:A1,ID:94659 -- check module destructor
undisposed object: (BundlePacket) RegionsNetwork.regionNode[1].dtn.Src:A15,Dst:A1,ID:94660 -- check module destructor
undisposed object: (BundlePacket) RegionsNetwork.regionNode[1].dtn.Src:A15,Dst:A1,ID:94661 -- check module destructor
undisposed object: (BundlePacket) RegionsNetwork.regionNode[1].dtn.Src:A15,Dst:A1,ID:94805 -- check module destructor
undisposed object: (BundlePacket) RegionsNetwork.regionNode[1].dtn.Src:A15,Dst:A1,ID:94768 -- check module destructor
undisposed object: (BundlePacket) RegionsNetwork.regionNode[1].dtn.Src:A15,Dst:A1,ID:94627 -- check module destructor
undisposed object: (BundlePacket) RegionsNetwork.regionNode[1].dtn.Src:A15,Dst:A1,ID:94645 -- check module destructor
undisposed object: (BundlePacket) RegionsNetwork.regionNode[1].dtn.Src:A15,Dst:A1,ID:94611 -- check module destructor
undisposed object: (BundlePacket) RegionsNetwork.regionNode[1].dtn.Src:A15,Dst:A1,ID:86316 -- check module destructor
undisposed object: (BundlePacket) RegionsNetwork.regionNode[1].dtn.Src:A15,Dst:A1,ID:86321 -- check module destructor
undisposed object: (BundlePacket) RegionsNetwork.regionNode[1].dtn.Src:A15,Dst:A1,ID:94788 -- check module destructor
undisposed object: (BundlePacket) RegionsNetwork.regionNode[1].dtn.Src:A15,Dst:A1,ID:94967 -- check module destructor
undisposed object: (BundlePacket) RegionsNetwork.regionNode[1].dtn.Src:A15,Dst:A1,ID:86323 -- check module destructor
undisposed object: (BundlePacket) RegionsNetwork.regionNode[1].dtn.Src:A15,Dst:A1,ID:86322 -- check module destructor
undisposed object: (BundlePacket) RegionsNetwork.regionNode[1].dtn.Src:A15,Dst:A1,ID:86320 -- check module destructor
undisposed object: (BundlePacket) RegionsNetwork.regionNode[1].dtn.Src:A15,Dst:A1,ID:86318 -- check module destructor
undisposed object: (BundlePacket) RegionsNetwork.regionNode[1].dtn.Src:A15,Dst:A1,ID:86317 -- check module destructor
undisposed object: (BundlePacket) RegionsNetwork.regionNode[1].dtn.Src:A15,Dst:A1,ID:86315 -- check module destructor
undisposed object: (BundlePacket) RegionsNetwork.regionNode[1].dtn.Src:A15,Dst:A1,ID:86310 -- check module destructor
undisposed object: (BundlePacket) RegionsNetwork.regionNode[1].dtn.Src:A15,Dst:A1,ID:86309 -- check module destructor
undisposed object: (BundlePacket) RegionsNetwork.regionNode[1].dtn.Src:A15,Dst:A1,ID:86308 -- check module destructor
undisposed object: (BundlePacket) RegionsNetwork.regionNode[1].dtn.Src:A15,Dst:A1,ID:86307 -- check module destructor
undisposed object: (BundlePacket) RegionsNetwork.regionNode[1].dtn.Src:A15,Dst:A1,ID:86306 -- check module destructor
undisposed object: (BundlePacket) RegionsNetwork.regionNode[1].dtn.Src:A15,Dst:A1,ID:86305 -- check module destructor
undisposed object: (BundlePacket) RegionsNetwork.regionNode[1].dtn.Src:A15,Dst:A1,ID:94602 -- check module destructor
undisposed object: (BundlePacket) RegionsNetwork.regionNode[1].dtn.Src:A15,Dst:A1,ID:94603 -- check module destructor
undisposed object: (BundlePacket) RegionsNetwork.regionNode[1].dtn.Src:A15,Dst:A1,ID:94604 -- check module destructor
undisposed object: (BundlePacket) RegionsNetwork.regionNode[1].dtn.Src:A15,Dst:A1,ID:94605 -- check module destructor
undisposed object: (BundlePacket) RegionsNetwork.regionNode[1].dtn.Src:A15,Dst:A1,ID:94606 -- check module destructor
undisposed object: (BundlePacket) RegionsNetwork.regionNode[1].dtn.Src:A15,Dst:A1,ID:94607 -- check module destructor
undisposed object: (BundlePacket) RegionsNetwork.regionNode[1].dtn.Src:A15,Dst:A1,ID:94608 -- check module destructor
undisposed object: (BundlePacket) RegionsNetwork.regionNode[1].dtn.Src:A15,Dst:A1,ID:94609 -- check module destructor
undisposed object: (BundlePacket) RegionsNetwork.regionNode[1].dtn.Src:A15,Dst:A1,ID:94610 -- check module destructor
undisposed object: (BundlePacket) RegionsNetwork.regionNode[1].dtn.Src:A15,Dst:A1,ID:94612 -- check module destructor
undisposed object: (BundlePacket) RegionsNetwork.regionNode[1].dtn.Src:A15,Dst:A1,ID:94613 -- check module destructor
undisposed object: (BundlePacket) RegionsNetwork.regionNode[1].dtn.Src:A15,Dst:A1,ID:94614 -- check module destructor
undisposed object: (BundlePacket) RegionsNetwork.regionNode[1].dtn.Src:A15,Dst:A1,ID:94615 -- check module destructor
undisposed object: (BundlePacket) RegionsNetwork.regionNode[1].dtn.Src:A15,Dst:A1,ID:94616 -- check module destructor
undisposed object: (BundlePacket) RegionsNetwork.regionNode[1].dtn.Src:A15,Dst:A1,ID:94617 -- check module destructor
undisposed object: (BundlePacket) RegionsNetwork.regionNode[1].dtn.Src:A15,Dst:A1,ID:94618 -- check module destructor
undisposed object: (BundlePacket) RegionsNetwork.regionNode[1].dtn.Src:A15,Dst:A1,ID:94620 -- check module destructor
undisposed object: (BundlePacket) RegionsNetwork.regionNode[1].dtn.Src:A15,Dst:A1,ID:94621 -- check module destructor
undisposed object: (BundlePacket) RegionsNetwork.regionNode[1].dtn.Src:A15,Dst:A1,ID:94622 -- check module destructor
undisposed object: (BundlePacket) RegionsNetwork.regionNode[1].dtn.Src:A15,Dst:A1,ID:94623 -- check module destructor
undisposed object: (BundlePacket) RegionsNetwork.regionNode[1].dtn.Src:A15,Dst:A1,ID:94624 -- check module destructor
undisposed object: (BundlePacket) RegionsNetwork.regionNode[1].dtn.Src:A15,Dst:A1,ID:94625 -- check module destructor
undisposed object: (BundlePacket) RegionsNetwork.regionNode[1].dtn.Src:A15,Dst:A1,ID:94626 -- check module destructor
undisposed object: (BundlePacket) RegionsNetwork.regionNode[1].dtn.Src:A15,Dst:A1,ID:94628 -- check module destructor
undisposed object: (BundlePacket) RegionsNetwork.regionNode[1].dtn.Src:A15,Dst:A1,ID:94629 -- check module destructor
undisposed object: (BundlePacket) RegionsNetwork.regionNode[1].dtn.Src:A15,Dst:A1,ID:94630 -- check module destructor
undisposed object: (BundlePacket) RegionsNetwork.regionNode[1].dtn.Src:A15,Dst:A1,ID:94631 -- check module destructor
undisposed object: (BundlePacket) RegionsNetwork.regionNode[1].dtn.Src:A15,Dst:A1,ID:94632 -- check module destructor
undisposed object: (BundlePacket) RegionsNetwork.regionNode[1].dtn.Src:A15,Dst:A1,ID:94633 -- check module destructor
undisposed object: (BundlePacket) RegionsNetwork.regionNode[1].dtn.Src:A15,Dst:A1,ID:94634 -- check module destructor
undisposed object: (BundlePacket) RegionsNetwork.regionNode[1].dtn.Src:A15,Dst:A1,ID:94635 -- check module destructor
undisposed object: (BundlePacket) RegionsNetwork.regionNode[1].dtn.Src:A15,Dst:A1,ID:94636 -- check module destructor
undisposed object: (BundlePacket) RegionsNetwork.regionNode[1].dtn.Src:A15,Dst:A1,ID:94637 -- check module destructor
undisposed object: (BundlePacket) RegionsNetwork.regionNode[1].dtn.Src:A15,Dst:A1,ID:94638 -- check module destructor
undisposed object: (BundlePacket) RegionsNetwork.regionNode[1].dtn.Src:A15,Dst:A1,ID:94639 -- check module destructor
undisposed object: (BundlePacket) RegionsNetwork.regionNode[1].dtn.Src:A15,Dst:A1,ID:94640 -- check module destructor
undisposed object: (BundlePacket) RegionsNetwork.regionNode[1].dtn.Src:A15,Dst:A1,ID:94641 -- check module destructor
undisposed object: (BundlePacket) RegionsNetwork.regionNode[1].dtn.Src:A15,Dst:A1,ID:94642 -- check module destructor
undisposed object: (BundlePacket) RegionsNetwork.regionNode[1].dtn.Src:A15,Dst:A1,ID:94643 -- check module destructor
undisposed object: (BundlePacket) RegionsNetwork.regionNode[1].dtn.Src:A15,Dst:A1,ID:94644 -- check module destructor
undisposed object: (BundlePacket) RegionsNetwork.regionNode[1].dtn.Src:A15,Dst:A1,ID:86272 -- check module destructor
undisposed object: (BundlePacket) RegionsNetwork.regionNode[1].dtn.Src:A15,Dst:A1,ID:94646 -- check module destructor
undisposed object: (BundlePacket) RegionsNetwork.regionNode[1].dtn.Src:A15,Dst:A1,ID:94647 -- check module destructor
undisposed object: (BundlePacket) RegionsNetwork.regionNode[1].dtn.Src:A15,Dst:A1,ID:94648 -- check module destructor
undisposed object: (BundlePacket) RegionsNetwork.regionNode[1].dtn.Src:A15,Dst:A1,ID:94653 -- check module destructor
undisposed object: (BundlePacket) RegionsNetwork.regionNode[1].dtn.Src:A15,Dst:A1,ID:94654 -- check module destructor
undisposed object: (BundlePacket) RegionsNetwork.regionNode[1].dtn.Src:A15,Dst:A1,ID:94655 -- check module destructor
undisposed object: (BundlePacket) RegionsNetwork.regionNode[1].dtn.Src:A15,Dst:A1,ID:94656 -- check module destructor
undisposed object: (BundlePacket) RegionsNetwork.regionNode[1].dtn.Src:A15,Dst:A1,ID:94657 -- check module destructor
undisposed object: (BundlePacket) RegionsNetwork.regionNode[1].dtn.Src:A15,Dst:A1,ID:94671 -- check module destructor
undisposed object: (BundlePacket) RegionsNetwork.regionNode[1].dtn.Src:A15,Dst:A1,ID:94670 -- check module destructor
undisposed object: (BundlePacket) RegionsNetwork.regionNode[1].dtn.Src:A15,Dst:A1,ID:94669 -- check module destructor
undisposed object: (BundlePacket) RegionsNetwork.regionNode[1].dtn.Src:A15,Dst:A1,ID:94668 -- check module destructor
undisposed object: (BundlePacket) RegionsNetwork.regionNode[1].dtn.Src:A15,Dst:A1,ID:94667 -- check module destructor
undisposed object: (BundlePacket) RegionsNetwork.regionNode[1].dtn.Src:A15,Dst:A1,ID:94666 -- check module destructor
undisposed object: (BundlePacket) RegionsNetwork.regionNode[1].dtn.Src:A15,Dst:A1,ID:94665 -- check module destructor
undisposed object: (BundlePacket) RegionsNetwork.regionNode[1].dtn.Src:A15,Dst:A1,ID:94664 -- check module destructor
undisposed object: (BundlePacket) RegionsNetwork.regionNode[1].dtn.Src:A15,Dst:A1,ID:94663 -- check module destructor
undisposed object: (BundlePacket) RegionsNetwork.regionNode[1].dtn.Src:A15,Dst:A1,ID:94662 -- check module destructor
undisposed object: (BundlePacket) RegionsNetwork.regionNode[1].dtn.Src:A15,Dst:A1,ID:94909 -- check module destructor
undisposed object: (BundlePacket) RegionsNetwork.regionNode[1].dtn.Src:A15,Dst:A1,ID:94908 -- check module destructor
undisposed object: (BundlePacket) RegionsNetwork.regionNode[1].dtn.Src:A15,Dst:A1,ID:94800 -- check module destructor
undisposed object: (BundlePacket) RegionsNetwork.regionNode[1].dtn.Src:A15,Dst:A1,ID:94801 -- check module destructor
undisposed object: (BundlePacket) RegionsNetwork.regionNode[1].dtn.Src:A15,Dst:A1,ID:94802 -- check module destructor
undisposed object: (BundlePacket) RegionsNetwork.regionNode[1].dtn.Src:A15,Dst:A1,ID:94803 -- check module destructor
undisposed object: (BundlePacket) RegionsNetwork.regionNode[1].dtn.Src:A15,Dst:A1,ID:94804 -- check module destructor
undisposed object: (BundlePacket) RegionsNetwork.regionNode[1].dtn.Src:A15,Dst:A1,ID:94806 -- check module destructor
undisposed object: (BundlePacket) RegionsNetwork.regionNode[1].dtn.Src:A15,Dst:A1,ID:94807 -- check module destructor
undisposed object: (BundlePacket) RegionsNetwork.regionNode[1].dtn.Src:A15,Dst:A1,ID:94812 -- check module destructor
undisposed object: (BundlePacket) RegionsNetwork.regionNode[1].dtn.Src:A15,Dst:A1,ID:94813 -- check module destructor
undisposed object: (BundlePacket) RegionsNetwork.regionNode[1].dtn.Src:A15,Dst:A1,ID:94814 -- check module destructor
undisposed object: (BundlePacket) RegionsNetwork.regionNode[1].dtn.Src:A15,Dst:A1,ID:94815 -- check module destructor
undisposed object: (BundlePacket) RegionsNetwork.regionNode[1].dtn.Src:A15,Dst:A1,ID:94816 -- check module destructor
undisposed object: (BundlePacket) RegionsNetwork.regionNode[1].dtn.Src:A15,Dst:A1,ID:94817 -- check module destructor
undisposed object: (BundlePacket) RegionsNetwork.regionNode[1].dtn.Src:A15,Dst:A1,ID:94818 -- check module destructor
undisposed object: (BundlePacket) RegionsNetwork.regionNode[1].dtn.Src:A15,Dst:A1,ID:94819 -- check module destructor
undisposed object: (BundlePacket) RegionsNetwork.regionNode[1].dtn.Src:A15,Dst:A1,ID:94820 -- check module destructor
undisposed object: (BundlePacket) RegionsNetwork.regionNode[1].dtn.Src:A15,Dst:A1,ID:94821 -- check module destructor
undisposed object: (BundlePacket) RegionsNetwork.regionNode[1].dtn.Src:A15,Dst:A1,ID:94822 -- check module destructor
undisposed object: (BundlePacket) RegionsNetwork.regionNode[1].dtn.Src:A15,Dst:A1,ID:94823 -- check module destructor
undisposed object: (BundlePacket) RegionsNetwork.regionNode[1].dtn.Src:A15,Dst:A1,ID:94824 -- check module destructor
undisposed object: (BundlePacket) RegionsNetwork.regionNode[1].dtn.Src:A15,Dst:A1,ID:94825 -- check module destructor
undisposed object: (BundlePacket) RegionsNetwork.regionNode[1].dtn.Src:A15,Dst:A1,ID:94827 -- check module destructor
undisposed object: (BundlePacket) RegionsNetwork.regionNode[1].dtn.Src:A15,Dst:A1,ID:94828 -- check module destructor
undisposed object: (BundlePacket) RegionsNetwork.regionNode[1].dtn.Src:A15,Dst:A1,ID:94829 -- check module destructor
undisposed object: (BundlePacket) RegionsNetwork.regionNode[1].dtn.Src:A15,Dst:A1,ID:94830 -- check module destructor
undisposed object: (BundlePacket) RegionsNetwork.regionNode[1].dtn.Src:A15,Dst:A1,ID:94831 -- check module destructor
undisposed object: (BundlePacket) RegionsNetwork.regionNode[1].dtn.Src:A15,Dst:A1,ID:94832 -- check module destructor
undisposed object: (BundlePacket) RegionsNetwork.regionNode[1].dtn.Src:A15,Dst:A1,ID:94833 -- check module destructor
undisposed object: (BundlePacket) RegionsNetwork.regionNode[1].dtn.Src:A15,Dst:A1,ID:94834 -- check module destructor
undisposed object: (BundlePacket) RegionsNetwork.regionNode[1].dtn.Src:A15,Dst:A1,ID:94835 -- check module destructor
undisposed object: (BundlePacket) RegionsNetwork.regionNode[1].dtn.Src:A15,Dst:A1,ID:94836 -- check module destructor
undisposed object: (BundlePacket) RegionsNetwork.regionNode[1].dtn.Src:A15,Dst:A1,ID:94837 -- check module destructor
undisposed object: (BundlePacket) RegionsNetwork.regionNode[1].dtn.Src:A15,Dst:A1,ID:94838 -- check module destructor
undisposed object: (BundlePacket) RegionsNetwork.regionNode[1].dtn.Src:A15,Dst:A1,ID:94839 -- check module destructor
undisposed object: (BundlePacket) RegionsNetwork.regionNode[1].dtn.Src:A15,Dst:A1,ID:94840 -- check module destructor
undisposed object: (BundlePacket) RegionsNetwork.regionNode[1].dtn.Src:A15,Dst:A1,ID:94841 -- check module destructor
undisposed object: (BundlePacket) RegionsNetwork.regionNode[1].dtn.Src:A15,Dst:A1,ID:94842 -- check module destructor
undisposed object: (BundlePacket) RegionsNetwork.regionNode[1].dtn.Src:A15,Dst:A1,ID:94843 -- check module destructor
undisposed object: (BundlePacket) RegionsNetwork.regionNode[1].dtn.Src:A15,Dst:A1,ID:94844 -- check module destructor
undisposed object: (BundlePacket) RegionsNetwork.regionNode[1].dtn.Src:A15,Dst:A1,ID:94845 -- check module destructor
undisposed object: (BundlePacket) RegionsNetwork.regionNode[1].dtn.Src:A15,Dst:A1,ID:94846 -- check module destructor
undisposed object: (BundlePacket) RegionsNetwork.regionNode[1].dtn.Src:A15,Dst:A1,ID:94847 -- check module destructor
undisposed object: (BundlePacket) RegionsNetwork.regionNode[1].dtn.Src:A15,Dst:A1,ID:94848 -- check module destructor
undisposed object: (BundlePacket) RegionsNetwork.regionNode[1].dtn.Src:A15,Dst:A1,ID:94849 -- check module destructor
undisposed object: (BundlePacket) RegionsNetwork.regionNode[1].dtn.Src:A15,Dst:A1,ID:94850 -- check module destructor
undisposed object: (BundlePacket) RegionsNetwork.regionNode[1].dtn.Src:A15,Dst:A1,ID:94851 -- check module destructor
undisposed object: (BundlePacket) RegionsNetwork.regionNode[1].dtn.Src:A15,Dst:A1,ID:94852 -- check module destructor
undisposed object: (BundlePacket) RegionsNetwork.regionNode[1].dtn.Src:A15,Dst:A1,ID:94853 -- check module destructor
undisposed object: (BundlePacket) RegionsNetwork.regionNode[1].dtn.Src:A15,Dst:A1,ID:94854 -- check module destructor
undisposed object: (BundlePacket) RegionsNetwork.regionNode[1].dtn.Src:A15,Dst:A1,ID:94855 -- check module destructor
undisposed object: (BundlePacket) RegionsNetwork.regionNode[1].dtn.Src:A15,Dst:A1,ID:94856 -- check module destructor
undisposed object: (BundlePacket) RegionsNetwork.regionNode[1].dtn.Src:A15,Dst:A1,ID:94857 -- check module destructor
undisposed object: (BundlePacket) RegionsNetwork.regionNode[1].dtn.Src:A15,Dst:A1,ID:94858 -- check module destructor
undisposed object: (BundlePacket) RegionsNetwork.regionNode[1].dtn.Src:A15,Dst:A1,ID:94859 -- check module destructor
undisposed object: (BundlePacket) RegionsNetwork.regionNode[1].dtn.Src:A15,Dst:A1,ID:94860 -- check module destructor
undisposed object: (BundlePacket) RegionsNetwork.regionNode[1].dtn.Src:A15,Dst:A1,ID:94861 -- check module destructor
undisposed object: (BundlePacket) RegionsNetwork.regionNode[1].dtn.Src:A15,Dst:A1,ID:94862 -- check module destructor
undisposed object: (BundlePacket) RegionsNetwork.regionNode[1].dtn.Src:A15,Dst:A1,ID:94863 -- check module destructor
undisposed object: (BundlePacket) RegionsNetwork.regionNode[1].dtn.Src:A15,Dst:A1,ID:94864 -- check module destructor
undisposed object: (BundlePacket) RegionsNetwork.regionNode[1].dtn.Src:A15,Dst:A1,ID:94865 -- check module destructor
undisposed object: (BundlePacket) RegionsNetwork.regionNode[1].dtn.Src:A15,Dst:A1,ID:94866 -- check module destructor
undisposed object: (BundlePacket) RegionsNetwork.regionNode[1].dtn.Src:A15,Dst:A1,ID:94867 -- check module destructor
undisposed object: (BundlePacket) RegionsNetwork.regionNode[1].dtn.Src:A15,Dst:A1,ID:94868 -- check module destructor
undisposed object: (BundlePacket) RegionsNetwork.regionNode[1].dtn.Src:A15,Dst:A1,ID:94869 -- check module destructor
undisposed object: (BundlePacket) RegionsNetwork.regionNode[1].dtn.Src:A15,Dst:A1,ID:94870 -- check module destructor
undisposed object: (BundlePacket) RegionsNetwork.regionNode[1].dtn.Src:A15,Dst:A1,ID:94871 -- check module destructor
undisposed object: (BundlePacket) RegionsNetwork.regionNode[1].dtn.Src:A15,Dst:A1,ID:94872 -- check module destructor
undisposed object: (BundlePacket) RegionsNetwork.regionNode[1].dtn.Src:A15,Dst:A1,ID:94873 -- check module destructor
undisposed object: (BundlePacket) RegionsNetwork.regionNode[1].dtn.Src:A15,Dst:A1,ID:94874 -- check module destructor
undisposed object: (BundlePacket) RegionsNetwork.regionNode[1].dtn.Src:A15,Dst:A1,ID:94875 -- check module destructor
undisposed object: (BundlePacket) RegionsNetwork.regionNode[1].dtn.Src:A15,Dst:A1,ID:94876 -- check module destructor
undisposed object: (BundlePacket) RegionsNetwork.regionNode[1].dtn.Src:A15,Dst:A1,ID:94877 -- check module destructor
undisposed object: (BundlePacket) RegionsNetwork.regionNode[1].dtn.Src:A15,Dst:A1,ID:94878 -- check module destructor
undisposed object: (BundlePacket) RegionsNetwork.regionNode[1].dtn.Src:A15,Dst:A1,ID:94883 -- check module destructor
undisposed object: (BundlePacket) RegionsNetwork.regionNode[1].dtn.Src:A15,Dst:A1,ID:94884 -- check module destructor
undisposed object: (BundlePacket) RegionsNetwork.regionNode[1].dtn.Src:A15,Dst:A1,ID:94885 -- check module destructor
undisposed object: (BundlePacket) RegionsNetwork.regionNode[1].dtn.Src:A15,Dst:A1,ID:94886 -- check module destructor
undisposed object: (BundlePacket) RegionsNetwork.regionNode[1].dtn.Src:A15,Dst:A1,ID:94887 -- check module destructor
undisposed object: (BundlePacket) RegionsNetwork.regionNode[1].dtn.Src:A15,Dst:A1,ID:94888 -- check module destructor
undisposed object: (BundlePacket) RegionsNetwork.regionNode[1].dtn.Src:A15,Dst:A1,ID:94889 -- check module destructor
undisposed object: (BundlePacket) RegionsNetwork.regionNode[1].dtn.Src:A15,Dst:A1,ID:94890 -- check module destructor
undisposed object: (BundlePacket) RegionsNetwork.regionNode[1].dtn.Src:A15,Dst:A1,ID:94891 -- check module destructor
undisposed object: (BundlePacket) RegionsNetwork.regionNode[1].dtn.Src:A15,Dst:A1,ID:94893 -- check module destructor
undisposed object: (BundlePacket) RegionsNetwork.regionNode[1].dtn.Src:A15,Dst:A1,ID:94894 -- check module destructor
undisposed object: (BundlePacket) RegionsNetwork.regionNode[1].dtn.Src:A15,Dst:A1,ID:94895 -- check module destructor
undisposed object: (BundlePacket) RegionsNetwork.regionNode[1].dtn.Src:A15,Dst:A1,ID:94896 -- check module destructor
undisposed object: (BundlePacket) RegionsNetwork.regionNode[1].dtn.Src:A15,Dst:A1,ID:94897 -- check module destructor
undisposed object: (BundlePacket) RegionsNetwork.regionNode[1].dtn.Src:A15,Dst:A1,ID:94898 -- check module destructor
undisposed object: (BundlePacket) RegionsNetwork.regionNode[1].dtn.Src:A15,Dst:A1,ID:94899 -- check module destructor
undisposed object: (BundlePacket) RegionsNetwork.regionNode[1].dtn.Src:A15,Dst:A1,ID:94900 -- check module destructor
undisposed object: (BundlePacket) RegionsNetwork.regionNode[1].dtn.Src:A15,Dst:A1,ID:94901 -- check module destructor
undisposed object: (BundlePacket) RegionsNetwork.regionNode[1].dtn.Src:A15,Dst:A1,ID:94902 -- check module destructor
undisposed object: (BundlePacket) RegionsNetwork.regionNode[1].dtn.Src:A15,Dst:A1,ID:94903 -- check module destructor
undisposed object: (BundlePacket) RegionsNetwork.regionNode[1].dtn.Src:A15,Dst:A1,ID:94904 -- check module destructor
undisposed object: (BundlePacket) RegionsNetwork.regionNode[1].dtn.Src:A15,Dst:A1,ID:94905 -- check module destructor
undisposed object: (BundlePacket) RegionsNetwork.regionNode[1].dtn.Src:A15,Dst:A1,ID:94906 -- check module destructor
undisposed object: (BundlePacket) RegionsNetwork.regionNode[1].dtn.Src:A15,Dst:A1,ID:94907 -- check module destructor
undisposed object: (BundlePacket) RegionsNetwork.regionNode[1].dtn.Src:A15,Dst:A1,ID:94741 -- check module destructor
undisposed object: (BundlePacket) RegionsNetwork.regionNode[1].dtn.Src:A15,Dst:A1,ID:94742 -- check module destructor
undisposed object: (BundlePacket) RegionsNetwork.regionNode[1].dtn.Src:A15,Dst:A1,ID:94743 -- check module destructor
undisposed object: (BundlePacket) RegionsNetwork.regionNode[1].dtn.Src:A15,Dst:A1,ID:94744 -- check module destructor
undisposed object: (BundlePacket) RegionsNetwork.regionNode[1].dtn.Src:A15,Dst:A1,ID:94745 -- check module destructor
undisposed object: (BundlePacket) RegionsNetwork.regionNode[1].dtn.Src:A15,Dst:A1,ID:94746 -- check module destructor
undisposed object: (BundlePacket) RegionsNetwork.regionNode[1].dtn.Src:A15,Dst:A1,ID:94747 -- check module destructor
undisposed object: (BundlePacket) RegionsNetwork.regionNode[1].dtn.Src:A15,Dst:A1,ID:94748 -- check module destructor
undisposed object: (BundlePacket) RegionsNetwork.regionNode[1].dtn.Src:A15,Dst:A1,ID:94749 -- check module destructor
undisposed object: (BundlePacket) RegionsNetwork.regionNode[1].dtn.Src:A15,Dst:A1,ID:94750 -- check module destructor
undisposed object: (BundlePacket) RegionsNetwork.regionNode[1].dtn.Src:A15,Dst:A1,ID:94751 -- check module destructor
undisposed object: (BundlePacket) RegionsNetwork.regionNode[1].dtn.Src:A15,Dst:A1,ID:94752 -- check module destructor
undisposed object: (BundlePacket) RegionsNetwork.regionNode[1].dtn.Src:A15,Dst:A1,ID:94753 -- check module destructor
undisposed object: (BundlePacket) RegionsNetwork.regionNode[1].dtn.Src:A15,Dst:A1,ID:94754 -- check module destructor
undisposed object: (BundlePacket) RegionsNetwork.regionNode[1].dtn.Src:A15,Dst:A1,ID:94755 -- check module destructor
undisposed object: (BundlePacket) RegionsNetwork.regionNode[1].dtn.Src:A15,Dst:A1,ID:94756 -- check module destructor
undisposed object: (BundlePacket) RegionsNetwork.regionNode[1].dtn.Src:A15,Dst:A1,ID:94757 -- check module destructor
undisposed object: (BundlePacket) RegionsNetwork.regionNode[1].dtn.Src:A15,Dst:A1,ID:94758 -- check module destructor
undisposed object: (BundlePacket) RegionsNetwork.regionNode[1].dtn.Src:A15,Dst:A1,ID:94759 -- check module destructor
undisposed object: (BundlePacket) RegionsNetwork.regionNode[1].dtn.Src:A15,Dst:A1,ID:94760 -- check module destructor
undisposed object: (BundlePacket) RegionsNetwork.regionNode[1].dtn.Src:A15,Dst:A1,ID:94761 -- check module destructor
undisposed object: (BundlePacket) RegionsNetwork.regionNode[1].dtn.Src:A15,Dst:A1,ID:94762 -- check module destructor
undisposed object: (BundlePacket) RegionsNetwork.regionNode[1].dtn.Src:A15,Dst:A1,ID:94763 -- check module destructor
undisposed object: (BundlePacket) RegionsNetwork.regionNode[1].dtn.Src:A15,Dst:A1,ID:94764 -- check module destructor
undisposed object: (BundlePacket) RegionsNetwork.regionNode[1].dtn.Src:A15,Dst:A1,ID:94765 -- check module destructor
undisposed object: (BundlePacket) RegionsNetwork.regionNode[1].dtn.Src:A15,Dst:A1,ID:94766 -- check module destructor
undisposed object: (BundlePacket) RegionsNetwork.regionNode[1].dtn.Src:A15,Dst:A1,ID:94767 -- check module destructor
undisposed object: (BundlePacket) RegionsNetwork.regionNode[1].dtn.Src:A15,Dst:A1,ID:94769 -- check module destructor
undisposed object: (BundlePacket) RegionsNetwork.regionNode[1].dtn.Src:A15,Dst:A1,ID:94770 -- check module destructor
undisposed object: (BundlePacket) RegionsNetwork.regionNode[1].dtn.Src:A15,Dst:A1,ID:94771 -- check module destructor
undisposed object: (BundlePacket) RegionsNetwork.regionNode[1].dtn.Src:A15,Dst:A1,ID:94772 -- check module destructor
undisposed object: (BundlePacket) RegionsNetwork.regionNode[1].dtn.Src:A15,Dst:A1,ID:94773 -- check module destructor
undisposed object: (BundlePacket) RegionsNetwork.regionNode[1].dtn.Src:A15,Dst:A1,ID:94774 -- check module destructor
undisposed object: (BundlePacket) RegionsNetwork.regionNode[1].dtn.Src:A15,Dst:A1,ID:94775 -- check module destructor
undisposed object: (BundlePacket) RegionsNetwork.regionNode[1].dtn.Src:A15,Dst:A1,ID:94776 -- check module destructor
undisposed object: (BundlePacket) RegionsNetwork.regionNode[1].dtn.Src:A15,Dst:A1,ID:94777 -- check module destructor
undisposed object: (BundlePacket) RegionsNetwork.regionNode[1].dtn.Src:A15,Dst:A1,ID:94778 -- check module destructor
undisposed object: (BundlePacket) RegionsNetwork.regionNode[1].dtn.Src:A15,Dst:A1,ID:94779 -- check module destructor
undisposed object: (BundlePacket) RegionsNetwork.regionNode[1].dtn.Src:A15,Dst:A1,ID:94780 -- check module destructor
undisposed object: (BundlePacket) RegionsNetwork.regionNode[1].dtn.Src:A15,Dst:A1,ID:94781 -- check module destructor
undisposed object: (BundlePacket) RegionsNetwork.regionNode[1].dtn.Src:A15,Dst:A1,ID:94782 -- check module destructor
undisposed object: (BundlePacket) RegionsNetwork.regionNode[1].dtn.Src:A15,Dst:A1,ID:94783 -- check module destructor
undisposed object: (BundlePacket) RegionsNetwork.regionNode[1].dtn.Src:A15,Dst:A1,ID:94784 -- check module destructor
undisposed object: (BundlePacket) RegionsNetwork.regionNode[1].dtn.Src:A15,Dst:A1,ID:94785 -- check module destructor
undisposed object: (BundlePacket) RegionsNetwork.regionNode[1].dtn.Src:A15,Dst:A1,ID:94786 -- check module destructor
undisposed object: (BundlePacket) RegionsNetwork.regionNode[1].dtn.Src:A15,Dst:A1,ID:94787 -- check module destructor
undisposed object: (BundlePacket) RegionsNetwork.regionNode[1].dtn.Src:A15,Dst:A1,ID:94709 -- check module destructor
undisposed object: (BundlePacket) RegionsNetwork.regionNode[1].dtn.Src:A15,Dst:A1,ID:94619 -- check module destructor
undisposed object: (BundlePacket) RegionsNetwork.regionNode[1].dtn.Src:A15,Dst:A1,ID:86268 -- check module destructor
undisposed object: (BundlePacket) RegionsNetwork.regionNode[1].dtn.Src:A15,Dst:A1,ID:86245 -- check module destructor
undisposed object: (BundlePacket) RegionsNetwork.regionNode[1].dtn.Src:A15,Dst:A1,ID:86258 -- check module destructor
undisposed object: (BundlePacket) RegionsNetwork.regionNode[1].dtn.Src:A15,Dst:A1,ID:86260 -- check module destructor
undisposed object: (BundlePacket) RegionsNetwork.regionNode[1].dtn.Src:A15,Dst:A1,ID:86264 -- check module destructor
undisposed object: (BundlePacket) RegionsNetwork.regionNode[1].dtn.Src:A15,Dst:A1,ID:86263 -- check module destructor
undisposed object: (BundlePacket) RegionsNetwork.regionNode[1].dtn.Src:A15,Dst:A1,ID:86262 -- check module destructor
undisposed object: (BundlePacket) RegionsNetwork.regionNode[1].dtn.Src:A15,Dst:A1,ID:86261 -- check module destructor
undisposed object: (BundlePacket) RegionsNetwork.regionNode[1].dtn.Src:A15,Dst:A1,ID:86259 -- check module destructor
undisposed object: (BundlePacket) RegionsNetwork.regionNode[1].dtn.Src:A15,Dst:A1,ID:86257 -- check module destructor
undisposed object: (BundlePacket) RegionsNetwork.regionNode[1].dtn.Src:A15,Dst:A1,ID:86252 -- check module destructor
undisposed object: (BundlePacket) RegionsNetwork.regionNode[1].dtn.Src:A15,Dst:A1,ID:86251 -- check module destructor
undisposed object: (BundlePacket) RegionsNetwork.regionNode[1].dtn.Src:A15,Dst:A1,ID:86250 -- check module destructor
undisposed object: (BundlePacket) RegionsNetwork.regionNode[1].dtn.Src:A15,Dst:A1,ID:86249 -- check module destructor
undisposed object: (BundlePacket) RegionsNetwork.regionNode[1].dtn.Src:A15,Dst:A1,ID:86248 -- check module destructor
undisposed object: (BundlePacket) RegionsNetwork.regionNode[1].dtn.Src:A15,Dst:A1,ID:86244 -- check module destructor
undisposed object: (BundlePacket) RegionsNetwork.regionNode[1].dtn.Src:A15,Dst:A1,ID:86243 -- check module destructor
undisposed object: (BundlePacket) RegionsNetwork.regionNode[1].dtn.Src:A15,Dst:A1,ID:86242 -- check module destructor
undisposed object: (BundlePacket) RegionsNetwork.regionNode[1].dtn.Src:A15,Dst:A1,ID:86241 -- check module destructor
undisposed object: (BundlePacket) RegionsNetwork.regionNode[1].dtn.Src:A15,Dst:A1,ID:86240 -- check module destructor
undisposed object: (BundlePacket) RegionsNetwork.regionNode[1].dtn.Src:A15,Dst:A1,ID:86239 -- check module destructor
undisposed object: (BundlePacket) RegionsNetwork.regionNode[1].dtn.Src:A15,Dst:A1,ID:86238 -- check module destructor
undisposed object: (BundlePacket) RegionsNetwork.regionNode[1].dtn.Src:A15,Dst:A1,ID:86237 -- check module destructor
undisposed object: (BundlePacket) RegionsNetwork.regionNode[1].dtn.Src:A15,Dst:A1,ID:94706 -- check module destructor
undisposed object: (BundlePacket) RegionsNetwork.regionNode[1].dtn.Src:A15,Dst:A1,ID:94707 -- check module destructor
undisposed object: (BundlePacket) RegionsNetwork.regionNode[1].dtn.Src:A15,Dst:A1,ID:94708 -- check module destructor
undisposed object: (BundlePacket) RegionsNetwork.regionNode[1].dtn.Src:A15,Dst:A1,ID:94710 -- check module destructor
undisposed object: (BundlePacket) RegionsNetwork.regionNode[1].dtn.Src:A15,Dst:A1,ID:94711 -- check module destructor
undisposed object: (BundlePacket) RegionsNetwork.regionNode[1].dtn.Src:A15,Dst:A1,ID:94713 -- check module destructor
undisposed object: (BundlePacket) RegionsNetwork.regionNode[1].dtn.Src:A15,Dst:A1,ID:94714 -- check module destructor
undisposed object: (BundlePacket) RegionsNetwork.regionNode[1].dtn.Src:A15,Dst:A1,ID:94715 -- check module destructor
undisposed object: (BundlePacket) RegionsNetwork.regionNode[1].dtn.Src:A15,Dst:A1,ID:94716 -- check module destructor
undisposed object: (BundlePacket) RegionsNetwork.regionNode[1].dtn.Src:A15,Dst:A1,ID:94717 -- check module destructor
undisposed object: (BundlePacket) RegionsNetwork.regionNode[1].dtn.Src:A15,Dst:A1,ID:94718 -- check module destructor
undisposed object: (BundlePacket) RegionsNetwork.regionNode[1].dtn.Src:A15,Dst:A1,ID:94719 -- check module destructor
undisposed object: (BundlePacket) RegionsNetwork.regionNode[1].dtn.Src:A15,Dst:A1,ID:94720 -- check module destructor
undisposed object: (BundlePacket) RegionsNetwork.regionNode[1].dtn.Src:A15,Dst:A1,ID:94721 -- check module destructor
undisposed object: (BundlePacket) RegionsNetwork.regionNode[1].dtn.Src:A15,Dst:A1,ID:86265 -- check module destructor
undisposed object: (BundlePacket) RegionsNetwork.regionNode[1].dtn.Src:A15,Dst:A1,ID:86266 -- check module destructor
undisposed object: (BundlePacket) RegionsNetwork.regionNode[1].dtn.Src:A15,Dst:A1,ID:86269 -- check module destructor
undisposed object: (BundlePacket) RegionsNetwork.regionNode[1].dtn.Src:A15,Dst:A1,ID:86270 -- check module destructor
undisposed object: (BundlePacket) RegionsNetwork.regionNode[1].dtn.Src:A15,Dst:A1,ID:86299 -- check module destructor
undisposed object: (BundlePacket) RegionsNetwork.regionNode[1].dtn.Src:A15,Dst:A1,ID:86300 -- check module destructor
undisposed object: (BundlePacket) RegionsNetwork.regionNode[1].dtn.Src:A15,Dst:A1,ID:86301 -- check module destructor
undisposed object: (BundlePacket) RegionsNetwork.regionNode[1].dtn.Src:A15,Dst:A1,ID:86302 -- check module destructor
undisposed object: (BundlePacket) RegionsNetwork.regionNode[1].dtn.Src:A15,Dst:A1,ID:86303 -- check module destructor
undisposed object: (BundlePacket) RegionsNetwork.regionNode[1].dtn.Src:A15,Dst:A1,ID:86304 -- check module destructor
undisposed object: (BundlePacket) RegionsNetwork.regionNode[1].dtn.Src:A15,Dst:A1,ID:94649 -- check module destructor
undisposed object: (BundlePacket) RegionsNetwork.regionNode[1].dtn.Src:A15,Dst:A1,ID:94808 -- check module destructor
undisposed object: (BundlePacket) RegionsNetwork.regionNode[1].dtn.Src:A15,Dst:A1,ID:94879 -- check module destructor
undisposed object: (BundlePacket) RegionsNetwork.regionNode[1].dtn.Src:A15,Dst:A1,ID:94932 -- check module destructor
undisposed object: (BundlePacket) RegionsNetwork.regionNode[1].dtn.Src:A15,Dst:A1,ID:94961 -- check module destructor
undisposed object: (BundlePacket) RegionsNetwork.regionNode[1].dtn.Src:A15,Dst:A1,ID:94971 -- check module destructor
undisposed object: (BundlePacket) RegionsNetwork.regionNode[1].dtn.Src:A15,Dst:A1,ID:94975 -- check module destructor
undisposed object: (BundlePacket) RegionsNetwork.regionNode[1].dtn.Src:A15,Dst:A1,ID:94982 -- check module destructor
undisposed object: (BundlePacket) RegionsNetwork.regionNode[1].dtn.Src:A15,Dst:A1,ID:94981 -- check module destructor
undisposed object: (BundlePacket) RegionsNetwork.regionNode[1].dtn.Src:A15,Dst:A1,ID:94980 -- check module destructor
undisposed object: (BundlePacket) RegionsNetwork.regionNode[1].dtn.Src:A15,Dst:A1,ID:94979 -- check module destructor
undisposed object: (BundlePacket) RegionsNetwork.regionNode[1].dtn.Src:A15,Dst:A1,ID:94970 -- check module destructor
undisposed object: (BundlePacket) RegionsNetwork.regionNode[1].dtn.Src:A15,Dst:A1,ID:94969 -- check module destructor
undisposed object: (BundlePacket) RegionsNetwork.regionNode[1].dtn.Src:A15,Dst:A1,ID:94968 -- check module destructor
undisposed object: (BundlePacket) RegionsNetwork.regionNode[1].dtn.Src:A15,Dst:A1,ID:94675 -- check module destructor
undisposed object: (BundlePacket) RegionsNetwork.regionNode[1].dtn.Src:A15,Dst:A1,ID:86274 -- check module destructor
undisposed object: (BundlePacket) RegionsNetwork.regionNode[1].dtn.Src:A15,Dst:A1,ID:94712 -- check module destructor
undisposed object: (BundlePacket) RegionsNetwork.regionNode[1].dtn.Src:A15,Dst:A1,ID:94735 -- check module destructor
undisposed object: (BundlePacket) RegionsNetwork.regionNode[1].dtn.Src:A15,Dst:A1,ID:94725 -- check module destructor
undisposed object: (BundlePacket) RegionsNetwork.regionNode[1].dtn.Src:A15,Dst:A1,ID:94672 -- check module destructor
undisposed object: (BundlePacket) RegionsNetwork.regionNode[1].dtn.Src:A15,Dst:A1,ID:94673 -- check module destructor
undisposed object: (BundlePacket) RegionsNetwork.regionNode[1].dtn.Src:A15,Dst:A1,ID:94676 -- check module destructor
undisposed object: (BundlePacket) RegionsNetwork.regionNode[1].dtn.Src:A15,Dst:A1,ID:94677 -- check module destructor
undisposed object: (BundlePacket) RegionsNetwork.regionNode[1].dtn.Src:A15,Dst:A1,ID:94678 -- check module destructor
undisposed object: (BundlePacket) RegionsNetwork.regionNode[1].dtn.Src:A15,Dst:A1,ID:94679 -- check module destructor
undisposed object: (BundlePacket) RegionsNetwork.regionNode[1].dtn.Src:A15,Dst:A1,ID:94680 -- check module destructor
undisposed object: (BundlePacket) RegionsNetwork.regionNode[1].dtn.Src:A15,Dst:A1,ID:94681 -- check module destructor
undisposed object: (BundlePacket) RegionsNetwork.regionNode[1].dtn.Src:A15,Dst:A1,ID:94682 -- check module destructor
undisposed object: (BundlePacket) RegionsNetwork.regionNode[1].dtn.Src:A15,Dst:A1,ID:94683 -- check module destructor
undisposed object: (BundlePacket) RegionsNetwork.regionNode[1].dtn.Src:A15,Dst:A1,ID:94684 -- check module destructor
undisposed object: (BundlePacket) RegionsNetwork.regionNode[1].dtn.Src:A15,Dst:A1,ID:94685 -- check module destructor
undisposed object: (BundlePacket) RegionsNetwork.regionNode[1].dtn.Src:A15,Dst:A1,ID:94686 -- check module destructor
undisposed object: (BundlePacket) RegionsNetwork.regionNode[1].dtn.Src:A15,Dst:A1,ID:94687 -- check module destructor
undisposed object: (BundlePacket) RegionsNetwork.regionNode[1].dtn.Src:A15,Dst:A1,ID:94688 -- check module destructor
undisposed object: (BundlePacket) RegionsNetwork.regionNode[1].dtn.Src:A15,Dst:A1,ID:94689 -- check module destructor
undisposed object: (BundlePacket) RegionsNetwork.regionNode[1].dtn.Src:A15,Dst:A1,ID:94690 -- check module destructor
undisposed object: (BundlePacket) RegionsNetwork.regionNode[1].dtn.Src:A15,Dst:A1,ID:94691 -- check module destructor
undisposed object: (BundlePacket) RegionsNetwork.regionNode[1].dtn.Src:A15,Dst:A1,ID:94692 -- check module destructor
undisposed object: (BundlePacket) RegionsNetwork.regionNode[1].dtn.Src:A15,Dst:A1,ID:94694 -- check module destructor
undisposed object: (BundlePacket) RegionsNetwork.regionNode[1].dtn.Src:A15,Dst:A1,ID:94695 -- check module destructor
undisposed object: (BundlePacket) RegionsNetwork.regionNode[1].dtn.Src:A15,Dst:A1,ID:94696 -- check module destructor
undisposed object: (BundlePacket) RegionsNetwork.regionNode[1].dtn.Src:A15,Dst:A1,ID:94697 -- check module destructor
undisposed object: (BundlePacket) RegionsNetwork.regionNode[1].dtn.Src:A15,Dst:A1,ID:94698 -- check module destructor
undisposed object: (BundlePacket) RegionsNetwork.regionNode[1].dtn.Src:A15,Dst:A1,ID:94699 -- check module destructor
undisposed object: (BundlePacket) RegionsNetwork.regionNode[1].dtn.Src:A15,Dst:A1,ID:94700 -- check module destructor
undisposed object: (BundlePacket) RegionsNetwork.regionNode[1].dtn.Src:A15,Dst:A1,ID:94701 -- check module destructor
undisposed object: (BundlePacket) RegionsNetwork.regionNode[1].dtn.Src:A15,Dst:A1,ID:94702 -- check module destructor
undisposed object: (BundlePacket) RegionsNetwork.regionNode[1].dtn.Src:A15,Dst:A1,ID:94703 -- check module destructor
undisposed object: (BundlePacket) RegionsNetwork.regionNode[1].dtn.Src:A15,Dst:A1,ID:94704 -- check module destructor
