** Event #0   t=0   Elapsed: 1.1e-05s (0m 00s)
     Speed:     ev/sec=0   simsec/sec=0   ev/simsec=0
     Messages:  created: 26128   present: 26128   in FES: 26128
** Event #335616   t=166240.79999999996   Elapsed: 2.00007s (0m 02s)
     Speed:     ev/sec=167803   simsec/sec=83117.7   ev/simsec=2.01886
     Messages:  created: 84622   present: 9971   in FES: 9132
** Event #497318   t=259200   Elapsed: 3.09329s (0m 03s)
     Speed:     ev/sec=147912   simsec/sec=85032.4   ev/simsec=1.73948
     Messages:  created: 113498   present: 521   in FES: 0

<!> No more events, simulation completed -- at t=259200s, event #497318
undisposed object: (BundlePacket) RegionsNetwork.regionNode[1].dtn.Src:A15,Dst:A1,ID:94917 -- check module destructor
undisposed object: (BundlePacket) RegionsNetwork.regionNode[1].dtn.Src:A15,Dst:A1,ID:94711 -- check module destructor
undisposed object: (BundlePacket) RegionsNetwork.regionNode[1].dtn.Src:A15,Dst:A1,ID:94915 -- check module destructor
undisposed object: (BundlePacket) RegionsNetwork.regionNode[1].dtn.Src:A15,Dst:A1,ID:94908 -- check module destructor
undisposed object: (BundlePacket) RegionsNetwork.regionNode[1].dtn.Src:A15,Dst:A1,ID:94912 -- check module destructor
undisposed object: (BundlePacket) RegionsNetwork.regionNode[1].dtn.Src:A15,Dst:A1,ID:94909 -- check module destructor
undisposed object: (BundlePacket) RegionsNetwork.regionNode[1].dtn.Src:A15,Dst:A1,ID:94709 -- check module destructor
undisposed object: (BundlePacket) RegionsNetwork.regionNode[1].dtn.Src:A15,Dst:A1,ID:94906 -- check module destructor
undisposed object: (BundlePacket) RegionsNetwork.regionNode[1].dtn.Src:A15,Dst:A1,ID:94710 -- check module destructor
undisposed object: (BundlePacket) RegionsNetwork.regionNode[1].dtn.Src:A15,Dst:A1,ID:94901 -- check module destructor
undisposed object: (BundlePacket) RegionsNetwork.regionNode[1].dtn.Src:A15,Dst:A1,ID:94900 -- check module destructor
undisposed object: (BundlePacket) RegionsNetwork.regionNode[1].dtn.Src:A15,Dst:A1,ID:94873 -- check module destructor
undisposed object: (BundlePacket) RegionsNetwork.regionNode[1].dtn.Src:A15,Dst:A1,ID:94896 -- check module destructor
undisposed object: (BundlePacket) RegionsNetwork.regionNode[1].dtn.Src:A15,Dst:A1,ID:94894 -- check module destructor
undisposed object: (BundlePacket) RegionsNetwork.regionNode[1].dtn.Src:A15,Dst:A1,ID:94886 -- check module destructor
undisposed object: (BundlePacket) RegionsNetwork.regionNode[1].dtn.Src:A15,Dst:A1,ID:94892 -- check module destructor
undisposed object: (BundlePacket) RegionsNetwork.regionNode[1].dtn.Src:A15,Dst:A1,ID:94888 -- check module destructor
undisposed object: (BundlePacket) RegionsNetwork.regionNode[1].dtn.Src:A15,Dst:A1,ID:94889 -- check module destructor
undisposed object: (BundlePacket) RegionsNetwork.regionNode[1].dtn.Src:A15,Dst:A1,ID:94860 -- check module destructor
undisposed object: (BundlePacket) RegionsNetwork.regionNode[1].dtn.Src:A15,Dst:A1,ID:94863 -- check module destructor
undisposed object: (BundlePacket) RegionsNetwork.regionNode[1].dtn.Src:A15,Dst:A1,ID:94868 -- check module destructor
undisposed object: (BundlePacket) RegionsNetwork.regionNode[1].dtn.Src:A15,Dst:A1,ID:94876 -- check module destructor
undisposed object: (BundlePacket) RegionsNetwork.regionNode[1].dtn.Src:A15,Dst:A1,ID:94879 -- check module destructor
undisposed object: (BundlePacket) RegionsNetwork.regionNode[1].dtn.Src:A15,Dst:A1,ID:94871 -- check module destructor
undisposed object: (BundlePacket) RegionsNetwork.regionNode[1].dtn.Src:A15,Dst:A1,ID:94872 -- check module destructor
undisposed object: (BundlePacket) RegionsNetwork.regionNode[1].dtn.Src:A15,Dst:A1,ID:94875 -- check module destructor
undisposed object: (BundlePacket) RegionsNetwork.regionNode[1].dtn.Src:A15,Dst:A1,ID:94869 -- check module destructor
undisposed object: (BundlePacket) RegionsNetwork.regionNode[1].dtn.Src:A15,Dst:A1,ID:94866 -- check module destructor
undisposed object: (BundlePacket) RegionsNetwork.regionNode[1].dtn.Src:A15,Dst:A1,ID:94856 -- check module destructor
undisposed object: (BundlePacket) RegionsNetwork.regionNode[1].dtn.Src:A15,Dst:A1,ID:94864 -- check module destructor
undisposed object: (BundlePacket) RegionsNetwork.regionNode[1].dtn.Src:A15,Dst:A1,ID:94861 -- check module destructor
undisposed object: (BundlePacket) RegionsNetwork.regionNode[1].dtn.Src:A15,Dst:A1,ID:94858 -- check module destructor
undisposed object: (BundlePacket) RegionsNetwork.regionNode[1].dtn.Src:A15,Dst:A1,ID:94732 -- check module destructor
undisposed object: (BundlePacket) RegionsNetwork.regionNode[1].dtn.Src:A15,Dst:A1,ID:94851 -- check module destructor
undisposed object: (BundlePacket) RegionsNetwork.regionNode[1].dtn.Src:A15,Dst:A1,ID:94753 -- check module destructor
undisposed object: (BundlePacket) RegionsNetwork.regionNode[1].dtn.Src:A15,Dst:A1,ID:94766 -- check module destructor
undisposed object: (BundlePacket) RegionsNetwork.regionNode[1].dtn.Src:A15,Dst:A1,ID:94847 -- check module destructor
undisposed object: (BundlePacket) RegionsNetwork.regionNode[1].dtn.Src:A15,Dst:A1,ID:94827 -- check module destructor
undisposed object: (BundlePacket) RegionsNetwork.regionNode[1].dtn.Src:A15,Dst:A1,ID:94840 -- check module destructor
undisposed object: (BundlePacket) RegionsNetwork.regionNode[1].dtn.Src:A15,Dst:A1,ID:94841 -- check module destructor
undisposed object: (BundlePacket) RegionsNetwork.regionNode[1].dtn.Src:A15,Dst:A1,ID:94838 -- check module destructor
undisposed object: (BundlePacket) RegionsNetwork.regionNode[1].dtn.Src:A15,Dst:A1,ID:94834 -- check module destructor
undisposed object: (BundlePacket) RegionsNetwork.regionNode[1].dtn.Src:A15,Dst:A1,ID:94835 -- check module destructor
undisposed object: (BundlePacket) RegionsNetwork.regionNode[1].dtn.Src:A15,Dst:A1,ID:94828 -- check module destructor
undisposed object: (BundlePacket) RegionsNetwork.regionNode[1].dtn.Src:A15,Dst:A1,ID:94829 -- check module destructor
undisposed object: (BundlePacket) RegionsNetwork.regionNode[1].dtn.Src:A15,Dst:A1,ID:94795 -- check module destructor
undisposed object: (BundlePacket) RegionsNetwork.regionNode[1].dtn.Src:A15,Dst:A1,ID:94816 -- check module destructor
undisposed object: (BundlePacket) RegionsNetwork.regionNode[1].dtn.Src:A15,Dst:A1,ID:94819 -- check module destructor
undisposed object: (BundlePacket) RegionsNetwork.regionNode[1].dtn.Src:A15,Dst:A1,ID:94810 -- check module destructor
undisposed object: (BundlePacket) RegionsNetwork.regionNode[1].dtn.Src:A15,Dst:A1,ID:94801 -- check module destructor
undisposed object: (BundlePacket) RegionsNetwork.regionNode[1].dtn.Src:A15,Dst:A1,ID:94791 -- check module destructor
undisposed object: (BundlePacket) RegionsNetwork.regionNode[1].dtn.Src:A15,Dst:A1,ID:94767 -- check module destructor
undisposed object: (BundlePacket) RegionsNetwork.regionNode[1].dtn.Src:A15,Dst:A1,ID:94783 -- check module destructor
undisposed object: (BundlePacket) RegionsNetwork.regionNode[1].dtn.Src:A15,Dst:A1,ID:86749 -- check module destructor
undisposed object: (BundlePacket) RegionsNetwork.regionNode[1].dtn.Src:A15,Dst:A1,ID:86748 -- check module destructor
undisposed object: (BundlePacket) RegionsNetwork.regionNode[1].dtn.Src:A15,Dst:A1,ID:86735 -- check module destructor
undisposed object: (BundlePacket) RegionsNetwork.regionNode[1].dtn.Src:A15,Dst:A1,ID:86759 -- check module destructor
undisposed object: (BundlePacket) RegionsNetwork.regionNode[1].dtn.Src:A15,Dst:A1,ID:86762 -- check module destructor
undisposed object: (BundlePacket) RegionsNetwork.regionNode[1].dtn.Src:A15,Dst:A1,ID:86765 -- check module destructor
undisposed object: (BundlePacket) RegionsNetwork.regionNode[1].dtn.Src:A15,Dst:A1,ID:86758 -- check module destructor
undisposed object: (BundlePacket) RegionsNetwork.regionNode[1].dtn.Src:A15,Dst:A1,ID:86757 -- check module destructor
undisposed object: (BundlePacket) RegionsNetwork.regionNode[1].dtn.Src:A15,Dst:A1,ID:86756 -- check module destructor
undisposed object: (BundlePacket) RegionsNetwork.regionNode[1].dtn.Src:A15,Dst:A1,ID:86734 -- check module destructor
undisposed object: (BundlePacket) RegionsNetwork.regionNode[1].dtn.Src:A15,Dst:A1,ID:86619 -- check module destructor
undisposed object: (BundlePacket) RegionsNetwork.regionNode[1].dtn.Src:A15,Dst:A1,ID:86779 -- check module destructor
undisposed object: (BundlePacket) RegionsNetwork.regionNode[1].dtn.Src:A15,Dst:A1,ID:86782 -- check module destructor
undisposed object: (BundlePacket) RegionsNetwork.regionNode[1].dtn.Src:A15,Dst:A1,ID:86778 -- check module destructor
undisposed object: (BundlePacket) RegionsNetwork.regionNode[1].dtn.Src:A15,Dst:A1,ID:95157 -- check module destructor
undisposed object: (BundlePacket) RegionsNetwork.regionNode[1].dtn.Src:A15,Dst:A1,ID:86789 -- check module destructor
undisposed object: (BundlePacket) RegionsNetwork.regionNode[1].dtn.Src:A15,Dst:A1,ID:86616 -- check module destructor
undisposed object: (BundlePacket) RegionsNetwork.regionNode[1].dtn.Src:A15,Dst:A1,ID:86795 -- check module destructor
undisposed object: (BundlePacket) RegionsNetwork.regionNode[1].dtn.Src:A15,Dst:A1,ID:86794 -- check module destructor
undisposed object: (BundlePacket) RegionsNetwork.regionNode[1].dtn.Src:A15,Dst:A1,ID:86800 -- check module destructor
undisposed object: (BundlePacket) RegionsNetwork.regionNode[1].dtn.Src:A15,Dst:A1,ID:94555 -- check module destructor
undisposed object: (BundlePacket) RegionsNetwork.regionNode[1].dtn.Src:A15,Dst:A1,ID:94549 -- check module destructor
undisposed object: (BundlePacket) RegionsNetwork.regionNode[1].dtn.Src:A15,Dst:A1,ID:94558 -- check module destructor
undisposed object: (BundlePacket) RegionsNetwork.regionNode[1].dtn.Src:A15,Dst:A1,ID:94547 -- check module destructor
undisposed object: (BundlePacket) RegionsNetwork.regionNode[1].dtn.Src:A15,Dst:A1,ID:94546 -- check module destructor
undisposed object: (BundlePacket) RegionsNetwork.regionNode[1].dtn.Src:A15,Dst:A1,ID:94598 -- check module destructor
undisposed object: (BundlePacket) RegionsNetwork.regionNode[1].dtn.Src:A15,Dst:A1,ID:86816 -- check module destructor
undisposed object: (BundlePacket) RegionsNetwork.regionNode[1].dtn.Src:A15,Dst:A1,ID:86820 -- check module destructor
undisposed object: (BundlePacket) RegionsNetwork.regionNode[1].dtn.Src:A15,Dst:A1,ID:86819 -- check module destructor
undisposed object: (BundlePacket) RegionsNetwork.regionNode[1].dtn.Src:A15,Dst:A1,ID:86815 -- check module destructor
undisposed object: (BundlePacket) RegionsNetwork.regionNode[1].dtn.Src:A15,Dst:A1,ID:94599 -- check module destructor
undisposed object: (BundlePacket) RegionsNetwork.regionNode[1].dtn.Src:A15,Dst:A1,ID:86829 -- check module destructor
undisposed object: (BundlePacket) RegionsNetwork.regionNode[1].dtn.Src:A15,Dst:A1,ID:94550 -- check module destructor
undisposed object: (BundlePacket) RegionsNetwork.regionNode[1].dtn.Src:A15,Dst:A1,ID:94570 -- check module destructor
undisposed object: (BundlePacket) RegionsNetwork.regionNode[1].dtn.Src:A15,Dst:A1,ID:94551 -- check module destructor
undisposed object: (BundlePacket) RegionsNetwork.regionNode[1].dtn.Src:A15,Dst:A1,ID:94548 -- check module destructor
undisposed object: (BundlePacket) RegionsNetwork.regionNode[1].dtn.Src:A15,Dst:A1,ID:95191 -- check module destructor
undisposed object: (BundlePacket) RegionsNetwork.regionNode[1].dtn.Src:A15,Dst:A1,ID:86842 -- check module destructor
undisposed object: (BundlePacket) RegionsNetwork.regionNode[1].dtn.Src:A15,Dst:A1,ID:94566 -- check module destructor
undisposed object: (BundlePacket) RegionsNetwork.regionNode[1].dtn.Src:A15,Dst:A1,ID:94597 -- check module destructor
undisposed object: (BundlePacket) RegionsNetwork.regionNode[1].dtn.Src:A15,Dst:A1,ID:94552 -- check module destructor
undisposed object: (BundlePacket) RegionsNetwork.regionNode[1].dtn.Src:A15,Dst:A1,ID:94594 -- check module destructor
undisposed object: (BundlePacket) RegionsNetwork.regionNode[1].dtn.Src:A15,Dst:A1,ID:94595 -- check module destructor
undisposed object: (BundlePacket) RegionsNetwork.regionNode[1].dtn.Src:A15,Dst:A1,ID:86855 -- check module destructor
undisposed object: (BundlePacket) RegionsNetwork.regionNode[1].dtn.Src:A15,Dst:A1,ID:86858 -- check module destructor
undisposed object: (BundlePacket) RegionsNetwork.regionNode[1].dtn.Src:A15,Dst:A1,ID:86861 -- check module destructor
undisposed object: (BundlePacket) RegionsNetwork.regionNode[1].dtn.Src:A15,Dst:A1,ID:94596 -- check module destructor
undisposed object: (BundlePacket) RegionsNetwork.regionNode[1].dtn.Src:A15,Dst:A1,ID:95439 -- check module destructor
undisposed object: (BundlePacket) RegionsNetwork.regionNode[1].dtn.Src:A15,Dst:A1,ID:86868 -- check module destructor
undisposed object: (BundlePacket) RegionsNetwork.regionNode[1].dtn.Src:A15,Dst:A1,ID:94580 -- check module destructor
undisposed object: (BundlePacket) RegionsNetwork.regionNode[1].dtn.Src:A15,Dst:A1,ID:94581 -- check module destructor
undisposed object: (BundlePacket) RegionsNetwork.regionNode[1].dtn.Src:A15,Dst:A1,ID:94572 -- check module destructor
undisposed object: (BundlePacket) RegionsNetwork.regionNode[1].dtn.Src:A15,Dst:A1,ID:94565 -- check module destructor
undisposed object: (BundlePacket) RegionsNetwork.regionNode[1].dtn.Src:A15,Dst:A1,ID:94603 -- check module destructor
undisposed object: (BundlePacket) RegionsNetwork.regionNode[1].dtn.Src:A15,Dst:A1,ID:86881 -- check module destructor
undisposed object: (BundlePacket) RegionsNetwork.regionNode[1].dtn.Src:A15,Dst:A1,ID:94604 -- check module destructor
undisposed object: (BundlePacket) RegionsNetwork.regionNode[1].dtn.Src:A15,Dst:A1,ID:86886 -- check module destructor
undisposed object: (BundlePacket) RegionsNetwork.regionNode[1].dtn.Src:A15,Dst:A1,ID:86629 -- check module destructor
undisposed object: (BundlePacket) RegionsNetwork.regionNode[1].dtn.Src:A15,Dst:A1,ID:86891 -- check module destructor
undisposed object: (BundlePacket) RegionsNetwork.regionNode[1].dtn.Src:A15,Dst:A1,ID:94606 -- check module destructor
undisposed object: (BundlePacket) RegionsNetwork.regionNode[1].dtn.Src:A15,Dst:A1,ID:86229 -- check module destructor
undisposed object: (BundlePacket) RegionsNetwork.regionNode[1].dtn.Src:A15,Dst:A1,ID:86237 -- check module destructor
undisposed object: (BundlePacket) RegionsNetwork.regionNode[1].dtn.Src:A15,Dst:A1,ID:86225 -- check module destructor
undisposed object: (BundlePacket) RegionsNetwork.regionNode[1].dtn.Src:A15,Dst:A1,ID:86252 -- check module destructor
undisposed object: (BundlePacket) RegionsNetwork.regionNode[1].dtn.Src:A15,Dst:A1,ID:86261 -- check module destructor
undisposed object: (BundlePacket) RegionsNetwork.regionNode[1].dtn.Src:A15,Dst:A1,ID:86276 -- check module destructor
undisposed object: (BundlePacket) RegionsNetwork.regionNode[1].dtn.Src:A15,Dst:A1,ID:86908 -- check module destructor
undisposed object: (BundlePacket) RegionsNetwork.regionNode[1].dtn.Src:A15,Dst:A1,ID:86285 -- check module destructor
undisposed object: (BundlePacket) RegionsNetwork.regionNode[1].dtn.Src:A15,Dst:A1,ID:86292 -- check module destructor
undisposed object: (BundlePacket) RegionsNetwork.regionNode[1].dtn.Src:A15,Dst:A1,ID:86306 -- check module destructor
undisposed object: (BundlePacket) RegionsNetwork.regionNode[1].dtn.Src:A15,Dst:A1,ID:86304 -- check module destructor
undisposed object: (BundlePacket) RegionsNetwork.regionNode[1].dtn.Src:A15,Dst:A1,ID:86322 -- check module destructor
undisposed object: (BundlePacket) RegionsNetwork.regionNode[1].dtn.Src:A15,Dst:A1,ID:86320 -- check module destructor
undisposed object: (BundlePacket) RegionsNetwork.regionNode[1].dtn.Src:A15,Dst:A1,ID:86342 -- check module destructor
undisposed object: (BundlePacket) RegionsNetwork.regionNode[1].dtn.Src:A15,Dst:A1,ID:86357 -- check module destructor
undisposed object: (BundlePacket) RegionsNetwork.regionNode[1].dtn.Src:A15,Dst:A1,ID:86352 -- check module destructor
undisposed object: (BundlePacket) RegionsNetwork.regionNode[1].dtn.Src:A15,Dst:A1,ID:86929 -- check module destructor
undisposed object: (BundlePacket) RegionsNetwork.regionNode[1].dtn.Src:A15,Dst:A1,ID:86374 -- check module destructor
undisposed object: (BundlePacket) RegionsNetwork.regionNode[1].dtn.Src:A15,Dst:A1,ID:86369 -- check module destructor
undisposed object: (BundlePacket) RegionsNetwork.regionNode[1].dtn.Src:A15,Dst:A1,ID:86350 -- check module destructor
undisposed object: (BundlePacket) RegionsNetwork.regionNode[1].dtn.Src:A15,Dst:A1,ID:86402 -- check module destructor
undisposed object: (BundlePacket) RegionsNetwork.regionNode[1].dtn.Src:A15,Dst:A1,ID:86414 -- check module destructor
undisposed object: (BundlePacket) RegionsNetwork.regionNode[1].dtn.Src:A15,Dst:A1,ID:86743 -- check module destructor
undisposed object: (BundlePacket) RegionsNetwork.regionNode[1].dtn.Src:A15,Dst:A1,ID:87086 -- check module destructor
undisposed object: (BundlePacket) RegionsNetwork.regionNode[1].dtn.Src:A15,Dst:A1,ID:86431 -- check module destructor
undisposed object: (BundlePacket) RegionsNetwork.regionNode[1].dtn.Src:A15,Dst:A1,ID:86420 -- check module destructor
undisposed object: (BundlePacket) RegionsNetwork.regionNode[1].dtn.Src:A15,Dst:A1,ID:94562 -- check module destructor
undisposed object: (BundlePacket) RegionsNetwork.regionNode[1].dtn.Src:A15,Dst:A1,ID:94589 -- check module destructor
undisposed object: (BundlePacket) RegionsNetwork.regionNode[1].dtn.Src:A15,Dst:A1,ID:94563 -- check module destructor
undisposed object: (BundlePacket) RegionsNetwork.regionNode[1].dtn.Src:A15,Dst:A1,ID:94557 -- check module destructor
undisposed object: (BundlePacket) RegionsNetwork.regionNode[1].dtn.Src:A15,Dst:A1,ID:94577 -- check module destructor
undisposed object: (BundlePacket) RegionsNetwork.regionNode[1].dtn.Src:A15,Dst:A1,ID:94553 -- check module destructor
undisposed object: (BundlePacket) RegionsNetwork.regionNode[1].dtn.Src:A15,Dst:A1,ID:94571 -- check module destructor
undisposed object: (BundlePacket) RegionsNetwork.regionNode[1].dtn.Src:A15,Dst:A1,ID:94560 -- check module destructor
undisposed object: (BundlePacket) RegionsNetwork.regionNode[1].dtn.Src:A15,Dst:A1,ID:94574 -- check module destructor
undisposed object: (BundlePacket) RegionsNetwork.regionNode[1].dtn.Src:A15,Dst:A1,ID:94499 -- check module destructor
undisposed object: (BundlePacket) RegionsNetwork.regionNode[1].dtn.Src:A15,Dst:A1,ID:87081 -- check module destructor
undisposed object: (BundlePacket) RegionsNetwork.regionNode[1].dtn.Src:A15,Dst:A1,ID:94567 -- check module destructor
undisposed object: (BundlePacket) RegionsNetwork.regionNode[1].dtn.Src:A15,Dst:A1,ID:94507 -- check module destructor
undisposed object: (BundlePacket) RegionsNetwork.regionNode[1].dtn.Src:A15,Dst:A1,ID:95434 -- check module destructor
undisposed object: (BundlePacket) RegionsNetwork.regionNode[1].dtn.Src:A15,Dst:A1,ID:86607 -- check module destructor
undisposed object: (BundlePacket) RegionsNetwork.regionNode[1].dtn.Src:A15,Dst:A1,ID:86598 -- check module destructor
undisposed object: (BundlePacket) RegionsNetwork.regionNode[1].dtn.Src:A15,Dst:A1,ID:86223 -- check module destructor
undisposed object: (BundlePacket) RegionsNetwork.regionNode[1].dtn.Src:A15,Dst:A1,ID:94607 -- check module destructor
undisposed object: (BundlePacket) RegionsNetwork.regionNode[1].dtn.Src:A15,Dst:A1,ID:86579 -- check module destructor
undisposed object: (BundlePacket) RegionsNetwork.regionNode[1].dtn.Src:A15,Dst:A1,ID:86576 -- check module destructor
undisposed object: (BundlePacket) RegionsNetwork.regionNode[1].dtn.Src:A15,Dst:A1,ID:86543 -- check module destructor
undisposed object: (BundlePacket) RegionsNetwork.regionNode[1].dtn.Src:A15,Dst:A1,ID:86580 -- check module destructor
undisposed object: (BundlePacket) RegionsNetwork.regionNode[1].dtn.Src:A15,Dst:A1,ID:86591 -- check module destructor
undisposed object: (BundlePacket) RegionsNetwork.regionNode[1].dtn.Src:A15,Dst:A1,ID:94609 -- check module destructor
undisposed object: (BundlePacket) RegionsNetwork.regionNode[1].dtn.Src:A15,Dst:A1,ID:86548 -- check module destructor
undisposed object: (BundlePacket) RegionsNetwork.regionNode[1].dtn.Src:A15,Dst:A1,ID:86599 -- check module destructor
undisposed object: (BundlePacket) RegionsNetwork.regionNode[1].dtn.Src:A15,Dst:A1,ID:86585 -- check module destructor
undisposed object: (BundlePacket) RegionsNetwork.regionNode[1].dtn.Src:A15,Dst:A1,ID:86556 -- check module destructor
undisposed object: (BundlePacket) RegionsNetwork.regionNode[1].dtn.Src:A15,Dst:A1,ID:86552 -- check module destructor
undisposed object: (BundlePacket) RegionsNetwork.regionNode[1].dtn.Src:A15,Dst:A1,ID:86558 -- check module destructor
undisposed object: (BundlePacket) RegionsNetwork.regionNode[1].dtn.Src:A15,Dst:A1,ID:86549 -- check module destructor
undisposed object: (BundlePacket) RegionsNetwork.regionNode[1].dtn.Src:A15,Dst:A1,ID:94514 -- check module destructor
undisposed object: (BundlePacket) RegionsNetwork.regionNode[1].dtn.Src:A15,Dst:A1,ID:94513 -- check module destructor
undisposed object: (BundlePacket) RegionsNetwork.regionNode[1].dtn.Src:A15,Dst:A1,ID:86557 -- check module destructor
undisposed object: (BundlePacket) RegionsNetwork.regionNode[1].dtn.Src:A15,Dst:A1,ID:86553 -- check module destructor
undisposed object: (BundlePacket) RegionsNetwork.regionNode[1].dtn.Src:A15,Dst:A1,ID:94515 -- check module destructor
undisposed object: (BundlePacket) RegionsNetwork.regionNode[1].dtn.Src:A15,Dst:A1,ID:86538 -- check module destructor
undisposed object: (BundlePacket) RegionsNetwork.regionNode[1].dtn.Src:A15,Dst:A1,ID:86537 -- check module destructor
undisposed object: (BundlePacket) RegionsNetwork.regionNode[1].dtn.Src:A15,Dst:A1,ID:86534 -- check module destructor
undisposed object: (BundlePacket) RegionsNetwork.regionNode[1].dtn.Src:A15,Dst:A1,ID:86531 -- check module destructor
undisposed object: (BundlePacket) RegionsNetwork.regionNode[1].dtn.Src:A15,Dst:A1,ID:86545 -- check module destructor
undisposed object: (BundlePacket) RegionsNetwork.regionNode[1].dtn.Src:A15,Dst:A1,ID:87006 -- check module destructor
undisposed object: (BundlePacket) RegionsNetwork.regionNode[1].dtn.Src:A15,Dst:A1,ID:87015 -- check module destructor
undisposed object: (BundlePacket) RegionsNetwork.regionNode[1].dtn.Src:A15,Dst:A1,ID:86997 -- check module destructor
undisposed object: (BundlePacket) RegionsNetwork.regionNode[1].dtn.Src:A15,Dst:A1,ID:86486 -- check module destructor
undisposed object: (BundlePacket) RegionsNetwork.regionNode[1].dtn.Src:A15,Dst:A1,ID:86513 -- check module destructor
undisposed object: (BundlePacket) RegionsNetwork.regionNode[1].dtn.Src:A15,Dst:A1,ID:86397 -- check module destructor
undisposed object: (BundlePacket) RegionsNetwork.regionNode[1].dtn.Src:A15,Dst:A1,ID:86505 -- check module destructor
undisposed object: (BundlePacket) RegionsNetwork.regionNode[1].dtn.Src:A15,Dst:A1,ID:86338 -- check module destructor
undisposed object: (BundlePacket) RegionsNetwork.regionNode[1].dtn.Src:A15,Dst:A1,ID:86523 -- check module destructor
undisposed object: (BundlePacket) RegionsNetwork.regionNode[1].dtn.Src:A15,Dst:A1,ID:86506 -- check module destructor
undisposed object: (BundlePacket) RegionsNetwork.regionNode[1].dtn.Src:A15,Dst:A1,ID:86516 -- check module destructor
undisposed object: (BundlePacket) RegionsNetwork.regionNode[1].dtn.Src:A15,Dst:A1,ID:86526 -- check module destructor
undisposed object: (BundlePacket) RegionsNetwork.regionNode[1].dtn.Src:A15,Dst:A1,ID:86496 -- check module destructor
undisposed object: (BundlePacket) RegionsNetwork.regionNode[1].dtn.Src:A15,Dst:A1,ID:86563 -- check module destructor
undisposed object: (BundlePacket) RegionsNetwork.regionNode[1].dtn.Src:A15,Dst:A1,ID:86544 -- check module destructor
undisposed object: (BundlePacket) RegionsNetwork.regionNode[1].dtn.Src:A15,Dst:A1,ID:86588 -- check module destructor
undisposed object: (BundlePacket) RegionsNetwork.regionNode[1].dtn.Src:A15,Dst:A1,ID:86488 -- check module destructor
undisposed object: (BundlePacket) RegionsNetwork.regionNode[1].dtn.Src:A15,Dst:A1,ID:86497 -- check module destructor
undisposed object: (BundlePacket) RegionsNetwork.regionNode[1].dtn.Src:A15,Dst:A1,ID:86487 -- check module destructor
undisposed object: (BundlePacket) RegionsNetwork.regionNode[1].dtn.Src:A15,Dst:A1,ID:86976 -- check module destructor
undisposed object: (BundlePacket) RegionsNetwork.regionNode[1].dtn.Src:A15,Dst:A1,ID:86502 -- check module destructor
undisposed object: (BundlePacket) RegionsNetwork.regionNode[1].dtn.Src:A15,Dst:A1,ID:86489 -- check module destructor
undisposed object: (BundlePacket) RegionsNetwork.regionNode[1].dtn.Src:A15,Dst:A1,ID:86271 -- check module destructor
undisposed object: (BundlePacket) RegionsNetwork.regionNode[1].dtn.Src:A15,Dst:A1,ID:86967 -- check module destructor
undisposed object: (BundlePacket) RegionsNetwork.regionNode[1].dtn.Src:A15,Dst:A1,ID:86962 -- check module destructor
undisposed object: (BundlePacket) RegionsNetwork.regionNode[1].dtn.Src:A15,Dst:A1,ID:94518 -- check module destructor
undisposed object: (BundlePacket) RegionsNetwork.regionNode[1].dtn.Src:A15,Dst:A1,ID:86419 -- check module destructor
undisposed object: (BundlePacket) RegionsNetwork.regionNode[1].dtn.Src:A15,Dst:A1,ID:86460 -- check module destructor
undisposed object: (BundlePacket) RegionsNetwork.regionNode[1].dtn.Src:A15,Dst:A1,ID:86959 -- check module destructor
undisposed object: (BundlePacket) RegionsNetwork.regionNode[1].dtn.Src:A15,Dst:A1,ID:87030 -- check module destructor
undisposed object: (BundlePacket) RegionsNetwork.regionNode[1].dtn.Src:A15,Dst:A1,ID:86469 -- check module destructor
undisposed object: (BundlePacket) RegionsNetwork.regionNode[1].dtn.Src:A15,Dst:A1,ID:86480 -- check module destructor
undisposed object: (BundlePacket) RegionsNetwork.regionNode[1].dtn.Src:A15,Dst:A1,ID:86481 -- check module destructor
undisposed object: (BundlePacket) RegionsNetwork.regionNode[1].dtn.Src:A15,Dst:A1,ID:86428 -- check module destructor
undisposed object: (BundlePacket) RegionsNetwork.regionNode[1].dtn.Src:A15,Dst:A1,ID:86457 -- check module destructor
undisposed object: (BundlePacket) RegionsNetwork.regionNode[1].dtn.Src:A15,Dst:A1,ID:94520 -- check module destructor
undisposed object: (BundlePacket) RegionsNetwork.regionNode[1].dtn.Src:A15,Dst:A1,ID:94521 -- check module destructor
undisposed object: (BundlePacket) RegionsNetwork.regionNode[1].dtn.Src:A15,Dst:A1,ID:94523 -- check module destructor
undisposed object: (BundlePacket) RegionsNetwork.regionNode[1].dtn.Src:A15,Dst:A1,ID:94492 -- check module destructor
undisposed object: (BundlePacket) RegionsNetwork.regionNode[1].dtn.Src:A15,Dst:A1,ID:86946 -- check module destructor
undisposed object: (BundlePacket) RegionsNetwork.regionNode[1].dtn.Src:A15,Dst:A1,ID:94853 -- check module destructor
undisposed object: (BundlePacket) RegionsNetwork.regionNode[1].dtn.Src:A15,Dst:A1,ID:94845 -- check module destructor
undisposed object: (BundlePacket) RegionsNetwork.regionNode[1].dtn.Src:A15,Dst:A1,ID:94922 -- check module destructor
undisposed object: (BundlePacket) RegionsNetwork.regionNode[1].dtn.Src:A15,Dst:A1,ID:94926 -- check module destructor
undisposed object: (BundlePacket) RegionsNetwork.regionNode[1].dtn.Src:A15,Dst:A1,ID:94830 -- check module destructor
undisposed object: (BundlePacket) RegionsNetwork.regionNode[1].dtn.Src:A15,Dst:A1,ID:94925 -- check module destructor
undisposed object: (BundlePacket) RegionsNetwork.regionNode[1].dtn.Src:A15,Dst:A1,ID:94928 -- check module destructor
undisposed object: (BundlePacket) RegionsNetwork.regionNode[1].dtn.Src:A15,Dst:A1,ID:94924 -- check module destructor
undisposed object: (BundlePacket) RegionsNetwork.regionNode[1].dtn.Src:A15,Dst:A1,ID:94921 -- check module destructor
undisposed object: (BundlePacket) RegionsNetwork.regionNode[1].dtn.Src:A15,Dst:A1,ID:94920 -- check module destructor
undisposed object: (BundlePacket) RegionsNetwork.regionNode[1].dtn.Src:A15,Dst:A1,ID:94942 -- check module destructor
undisposed object: (BundlePacket) RegionsNetwork.regionNode[1].dtn.Src:A15,Dst:A1,ID:94950 -- check module destructor
undisposed object: (BundlePacket) RegionsNetwork.regionNode[1].dtn.Src:A15,Dst:A1,ID:94946 -- check module destructor
undisposed object: (BundlePacket) RegionsNetwork.regionNode[1].dtn.Src:A15,Dst:A1,ID:94952 -- check module destructor
undisposed object: (BundlePacket) RegionsNetwork.regionNode[1].dtn.Src:A15,Dst:A1,ID:94947 -- check module destructor
undisposed object: (BundlePacket) RegionsNetwork.regionNode[1].dtn.Src:A15,Dst:A1,ID:94944 -- check module destructor
undisposed object: (BundlePacket) RegionsNetwork.regionNode[1].dtn.Src:A15,Dst:A1,ID:94940 -- check module destructor
undisposed object: (BundlePacket) RegionsNetwork.regionNode[1].dtn.Src:A15,Dst:A1,ID:94937 -- check module destructor
undisposed object: (BundlePacket) RegionsNetwork.regionNode[1].dtn.Src:A15,Dst:A1,ID:94934 -- check module destructor
undisposed object: (BundlePacket) RegionsNetwork.regionNode[1].dtn.Src:A15,Dst:A1,ID:94919 -- check module destructor
undisposed object: (BundlePacket) RegionsNetwork.regionNode[1].dtn.Src:A15,Dst:A1,ID:94931 -- check module destructor
undisposed object: (BundlePacket) RegionsNetwork.regionNode[1].dtn.Src:A15,Dst:A1,ID:94955 -- check module destructor
undisposed object: (BundlePacket) RegionsNetwork.regionNode[1].dtn.Src:A15,Dst:A1,ID:94914 -- check module destructor
undisposed object: (BundlePacket) RegionsNetwork.regionNode[1].dtn.Src:A15,Dst:A1,ID:94956 -- check module destructor
undisposed object: (BundlePacket) RegionsNetwork.regionNode[1].dtn.Src:A15,Dst:A1,ID:94961 -- check module destructor
undisposed object: (BundlePacket) RegionsNetwork.regionNode[1].dtn.Src:A15,Dst:A1,ID:94960 -- check module destructor
undisposed object: (BundlePacket) RegionsNetwork.regionNode[1].dtn.Src:A15,Dst:A1,ID:94823 -- check module destructor
undisposed object: (BundlePacket) RegionsNetwork.regionNode[1].dtn.Src:A15,Dst:A1,ID:94964 -- check module destructor
undisposed object: (BundlePacket) RegionsNetwork.regionNode[1].dtn.Src:A15,Dst:A1,ID:94905 -- check module destructor
undisposed object: (BundlePacket) RegionsNetwork.regionNode[1].dtn.Src:A15,Dst:A1,ID:94824 -- check module destructor
undisposed object: (BundlePacket) RegionsNetwork.regionNode[1].dtn.Src:A15,Dst:A1,ID:94967 -- check module destructor
undisposed object: (BundlePacket) RegionsNetwork.regionNode[1].dtn.Src:A15,Dst:A1,ID:94969 -- check module destructor
undisposed object: (BundlePacket) RegionsNetwork.regionNode[1].dtn.Src:A15,Dst:A1,ID:94973 -- check module destructor
undisposed object: (BundlePacket) RegionsNetwork.regionNode[1].dtn.Src:A15,Dst:A1,ID:94700 -- check module destructor
undisposed object: (BundlePacket) RegionsNetwork.regionNode[1].dtn.Src:A15,Dst:A1,ID:94975 -- check module destructor
undisposed object: (BundlePacket) RegionsNetwork.regionNode[1].dtn.Src:A15,Dst:A1,ID:94695 -- check module destructor
undisposed object: (BundlePacket) RegionsNetwork.regionNode[1].dtn.Src:A15,Dst:A1,ID:94689 -- check module destructor
undisposed object: (BundlePacket) RegionsNetwork.regionNode[1].dtn.Src:A15,Dst:A1,ID:94985 -- check module destructor
undisposed object: (BundlePacket) RegionsNetwork.regionNode[1].dtn.Src:A15,Dst:A1,ID:94996 -- check module destructor
undisposed object: (BundlePacket) RegionsNetwork.regionNode[1].dtn.Src:A15,Dst:A1,ID:94993 -- check module destructor
undisposed object: (BundlePacket) RegionsNetwork.regionNode[1].dtn.Src:A15,Dst:A1,ID:94995 -- check module destructor
undisposed object: (BundlePacket) RegionsNetwork.regionNode[1].dtn.Src:A15,Dst:A1,ID:94991 -- check module destructor
undisposed object: (BundlePacket) RegionsNetwork.regionNode[1].dtn.Src:A15,Dst:A1,ID:94986 -- check module destructor
undisposed object: (BundlePacket) RegionsNetwork.regionNode[1].dtn.Src:A15,Dst:A1,ID:95000 -- check module destructor
undisposed object: (BundlePacket) RegionsNetwork.regionNode[1].dtn.Src:A15,Dst:A1,ID:94981 -- check module destructor
undisposed object: (BundlePacket) RegionsNetwork.regionNode[1].dtn.Src:A15,Dst:A1,ID:94999 -- check module destructor
undisposed object: (BundlePacket) RegionsNetwork.regionNode[1].dtn.Src:A15,Dst:A1,ID:94982 -- check module destructor
undisposed object: (BundlePacket) RegionsNetwork.regionNode[1].dtn.Src:A15,Dst:A1,ID:94990 -- check module destructor
undisposed object: (BundlePacket) RegionsNetwork.regionNode[1].dtn.Src:A15,Dst:A1,ID:95007 -- check module destructor
undisposed object: (BundlePacket) RegionsNetwork.regionNode[1].dtn.Src:A15,Dst:A1,ID:95009 -- check module destructor
undisposed object: (BundlePacket) RegionsNetwork.regionNode[1].dtn.Src:A15,Dst:A1,ID:95006 -- check module destructor
undisposed object: (BundlePacket) RegionsNetwork.regionNode[1].dtn.Src:A15,Dst:A1,ID:95005 -- check module destructor
undisposed object: (BundlePacket) RegionsNetwork.regionNode[1].dtn.Src:A15,Dst:A1,ID:95004 -- check module destructor
undisposed object: (BundlePacket) RegionsNetwork.regionNode[1].dtn.Src:A15,Dst:A1,ID:95011 -- check module destructor
undisposed object: (BundlePacket) RegionsNetwork.regionNode[1].dtn.Src:A15,Dst:A1,ID:94989 -- check module destructor
undisposed object: (BundlePacket) RegionsNetwork.regionNode[1].dtn.Src:A15,Dst:A1,ID:95017 -- check module destructor
undisposed object: (BundlePacket) RegionsNetwork.regionNode[1].dtn.Src:A15,Dst:A1,ID:94694 -- check module destructor
undisposed object: (BundlePacket) RegionsNetwork.regionNode[1].dtn.Src:A15,Dst:A1,ID:94972 -- check module destructor
undisposed object: (BundlePacket) RegionsNetwork.regionNode[1].dtn.Src:A15,Dst:A1,ID:95021 -- check module destructor
undisposed object: (BundlePacket) RegionsNetwork.regionNode[1].dtn.Src:A15,Dst:A1,ID:94688 -- check module destructor
undisposed object: (BundlePacket) RegionsNetwork.regionNode[1].dtn.Src:A15,Dst:A1,ID:95019 -- check module destructor
undisposed object: (BundlePacket) RegionsNetwork.regionNode[1].dtn.Src:A15,Dst:A1,ID:94687 -- check module destructor
undisposed object: (BundlePacket) RegionsNetwork.regionNode[1].dtn.Src:A15,Dst:A1,ID:94817 -- check module destructor
undisposed object: (BundlePacket) RegionsNetwork.regionNode[1].dtn.Src:A15,Dst:A1,ID:95025 -- check module destructor
undisposed object: (BundlePacket) RegionsNetwork.regionNode[1].dtn.Src:A15,Dst:A1,ID:94814 -- check module destructor
undisposed object: (BundlePacket) RegionsNetwork.regionNode[1].dtn.Src:A15,Dst:A1,ID:95028 -- check module destructor
undisposed object: (BundlePacket) RegionsNetwork.regionNode[1].dtn.Src:A15,Dst:A1,ID:95029 -- check module destructor
undisposed object: (BundlePacket) RegionsNetwork.regionNode[1].dtn.Src:A15,Dst:A1,ID:94686 -- check module destructor
undisposed object: (BundlePacket) RegionsNetwork.regionNode[1].dtn.Src:A15,Dst:A1,ID:94812 -- check module destructor
undisposed object: (BundlePacket) RegionsNetwork.regionNode[1].dtn.Src:A15,Dst:A1,ID:94808 -- check module destructor
undisposed object: (BundlePacket) RegionsNetwork.regionNode[1].dtn.Src:A15,Dst:A1,ID:94796 -- check module destructor
undisposed object: (BundlePacket) RegionsNetwork.regionNode[1].dtn.Src:A15,Dst:A1,ID:94669 -- check module destructor
undisposed object: (BundlePacket) RegionsNetwork.regionNode[1].dtn.Src:A15,Dst:A1,ID:94668 -- check module destructor
undisposed object: (BundlePacket) RegionsNetwork.regionNode[1].dtn.Src:A15,Dst:A1,ID:94667 -- check module destructor
undisposed object: (BundlePacket) RegionsNetwork.regionNode[1].dtn.Src:A15,Dst:A1,ID:94666 -- check module destructor
undisposed object: (BundlePacket) RegionsNetwork.regionNode[1].dtn.Src:A15,Dst:A1,ID:94664 -- check module destructor
undisposed object: (BundlePacket) RegionsNetwork.regionNode[1].dtn.Src:A15,Dst:A1,ID:95041 -- check module destructor
undisposed object: (BundlePacket) RegionsNetwork.regionNode[1].dtn.Src:A15,Dst:A1,ID:95043 -- check module destructor
undisposed object: (BundlePacket) RegionsNetwork.regionNode[1].dtn.Src:A15,Dst:A1,ID:95044 -- check module destructor
undisposed object: (BundlePacket) RegionsNetwork.regionNode[1].dtn.Src:A15,Dst:A1,ID:94663 -- check module destructor
undisposed object: (BundlePacket) RegionsNetwork.regionNode[1].dtn.Src:A15,Dst:A1,ID:95040 -- check module destructor
undisposed object: (BundlePacket) RegionsNetwork.regionNode[1].dtn.Src:A15,Dst:A1,ID:95049 -- check module destructor
undisposed object: (BundlePacket) RegionsNetwork.regionNode[1].dtn.Src:A15,Dst:A1,ID:94660 -- check module destructor
undisposed object: (BundlePacket) RegionsNetwork.regionNode[1].dtn.Src:A15,Dst:A1,ID:94659 -- check module destructor
undisposed object: (BundlePacket) RegionsNetwork.regionNode[1].dtn.Src:A15,Dst:A1,ID:94658 -- check module destructor
undisposed object: (BundlePacket) RegionsNetwork.regionNode[1].dtn.Src:A15,Dst:A1,ID:94661 -- check module destructor
undisposed object: (BundlePacket) RegionsNetwork.regionNode[1].dtn.Src:A15,Dst:A1,ID:94662 -- check module destructor
undisposed object: (BundlePacket) RegionsNetwork.regionNode[1].dtn.Src:A15,Dst:A1,ID:94665 -- check module destructor
undisposed object: (BundlePacket) RegionsNetwork.regionNode[1].dtn.Src:A15,Dst:A1,ID:95032 -- check module destructor
undisposed object: (BundlePacket) RegionsNetwork.regionNode[1].dtn.Src:A15,Dst:A1,ID:95056 -- check module destructor
undisposed object: (BundlePacket) RegionsNetwork.regionNode[1].dtn.Src:A15,Dst:A1,ID:94657 -- check module destructor
undisposed object: (BundlePacket) RegionsNetwork.regionNode[1].dtn.Src:A15,Dst:A1,ID:94762 -- check module destructor
undisposed object: (BundlePacket) RegionsNetwork.regionNode[1].dtn.Src:A15,Dst:A1,ID:94802 -- check module destructor
undisposed object: (BundlePacket) RegionsNetwork.regionNode[1].dtn.Src:A15,Dst:A1,ID:94797 -- check module destructor
undisposed object: (BundlePacket) RegionsNetwork.regionNode[1].dtn.Src:A15,Dst:A1,ID:94768 -- check module destructor
undisposed object: (BundlePacket) RegionsNetwork.regionNode[1].dtn.Src:A15,Dst:A1,ID:94772 -- check module destructor
undisposed object: (BundlePacket) RegionsNetwork.regionNode[1].dtn.Src:A15,Dst:A1,ID:94754 -- check module destructor
undisposed object: (BundlePacket) RegionsNetwork.regionNode[1].dtn.Src:A15,Dst:A1,ID:94787 -- check module destructor
undisposed object: (BundlePacket) RegionsNetwork.regionNode[1].dtn.Src:A15,Dst:A1,ID:94758 -- check module destructor
undisposed object: (BundlePacket) RegionsNetwork.regionNode[1].dtn.Src:A15,Dst:A1,ID:94776 -- check module destructor
undisposed object: (BundlePacket) RegionsNetwork.regionNode[1].dtn.Src:A15,Dst:A1,ID:94600 -- check module destructor
undisposed object: (BundlePacket) RegionsNetwork.regionNode[1].dtn.Src:A15,Dst:A1,ID:95104 -- check module destructor
undisposed object: (BundlePacket) RegionsNetwork.regionNode[1].dtn.Src:A15,Dst:A1,ID:94626 -- check module destructor
undisposed object: (BundlePacket) RegionsNetwork.regionNode[1].dtn.Src:A15,Dst:A1,ID:86611 -- check module destructor
undisposed object: (BundlePacket) RegionsNetwork.regionNode[1].dtn.Src:A15,Dst:A1,ID:94629 -- check module destructor
undisposed object: (BundlePacket) RegionsNetwork.regionNode[1].dtn.Src:A15,Dst:A1,ID:94624 -- check module destructor
undisposed object: (BundlePacket) RegionsNetwork.regionNode[1].dtn.Src:A15,Dst:A1,ID:94619 -- check module destructor
undisposed object: (BundlePacket) RegionsNetwork.regionNode[1].dtn.Src:A15,Dst:A1,ID:95113 -- check module destructor
undisposed object: (BundlePacket) RegionsNetwork.regionNode[1].dtn.Src:A15,Dst:A1,ID:94630 -- check module destructor
undisposed object: (BundlePacket) RegionsNetwork.regionNode[1].dtn.Src:A15,Dst:A1,ID:94631 -- check module destructor
undisposed object: (BundlePacket) RegionsNetwork.regionNode[1].dtn.Src:A15,Dst:A1,ID:94621 -- check module destructor
undisposed object: (BundlePacket) RegionsNetwork.regionNode[1].dtn.Src:A15,Dst:A1,ID:94613 -- check module destructor
undisposed object: (BundlePacket) RegionsNetwork.regionNode[1].dtn.Src:A15,Dst:A1,ID:94602 -- check module destructor
undisposed object: (BundlePacket) RegionsNetwork.regionNode[1].dtn.Src:A15,Dst:A1,ID:94625 -- check module destructor
undisposed object: (BundlePacket) RegionsNetwork.regionNode[1].dtn.Src:A15,Dst:A1,ID:94656 -- check module destructor
undisposed object: (BundlePacket) RegionsNetwork.regionNode[1].dtn.Src:A15,Dst:A1,ID:94655 -- check module destructor
undisposed object: (BundlePacket) RegionsNetwork.regionNode[1].dtn.Src:A15,Dst:A1,ID:94654 -- check module destructor
undisposed object: (BundlePacket) RegionsNetwork.regionNode[1].dtn.Src:A15,Dst:A1,ID:94653 -- check module destructor
undisposed object: (BundlePacket) RegionsNetwork.regionNode[1].dtn.Src:A15,Dst:A1,ID:95063 -- check module destructor
undisposed object: (BundlePacket) RegionsNetwork.regionNode[1].dtn.Src:A15,Dst:A1,ID:95065 -- check module destructor
undisposed object: (BundlePacket) RegionsNetwork.regionNode[1].dtn.Src:A15,Dst:A1,ID:95067 -- check module destructor
undisposed object: (BundlePacket) RegionsNetwork.regionNode[1].dtn.Src:A15,Dst:A1,ID:94652 -- check module destructor
undisposed object: (BundlePacket) RegionsNetwork.regionNode[1].dtn.Src:A15,Dst:A1,ID:94651 -- check module destructor
undisposed object: (BundlePacket) RegionsNetwork.regionNode[1].dtn.Src:A15,Dst:A1,ID:94610 -- check module destructor
undisposed object: (BundlePacket) RegionsNetwork.regionNode[1].dtn.Src:A15,Dst:A1,ID:86610 -- check module destructor
undisposed object: (BundlePacket) RegionsNetwork.regionNode[1].dtn.Src:A15,Dst:A1,ID:94601 -- check module destructor
undisposed object: (BundlePacket) RegionsNetwork.regionNode[1].dtn.Src:A15,Dst:A1,ID:94636 -- check module destructor
undisposed object: (BundlePacket) RegionsNetwork.regionNode[1].dtn.Src:A15,Dst:A1,ID:95093 -- check module destructor
undisposed object: (BundlePacket) RegionsNetwork.regionNode[1].dtn.Src:A15,Dst:A1,ID:94637 -- check module destructor
undisposed object: (BundlePacket) RegionsNetwork.regionNode[1].dtn.Src:A15,Dst:A1,ID:94638 -- check module destructor
undisposed object: (BundlePacket) RegionsNetwork.regionNode[1].dtn.Src:A15,Dst:A1,ID:94639 -- check module destructor
undisposed object: (BundlePacket) RegionsNetwork.regionNode[1].dtn.Src:A15,Dst:A1,ID:94640 -- check module destructor
undisposed object: (BundlePacket) RegionsNetwork.regionNode[1].dtn.Src:A15,Dst:A1,ID:94641 -- check module destructor
undisposed object: (BundlePacket) RegionsNetwork.regionNode[1].dtn.Src:A15,Dst:A1,ID:94642 -- check module destructor
undisposed object: (BundlePacket) RegionsNetwork.regionNode[1].dtn.Src:A15,Dst:A1,ID:94643 -- check module destructor
undisposed object: (BundlePacket) RegionsNetwork.regionNode[1].dtn.Src:A15,Dst:A1,ID:95084 -- check module destructor
undisposed object: (BundlePacket) RegionsNetwork.regionNode[1].dtn.Src:A15,Dst:A1,ID:94644 -- check module destructor
undisposed object: (BundlePacket) RegionsNetwork.regionNode[1].dtn.Src:A15,Dst:A1,ID:95081 -- check module destructor
undisposed object: (BundlePacket) RegionsNetwork.regionNode[1].dtn.Src:A15,Dst:A1,ID:94645 -- check module destructor
undisposed object: (BundlePacket) RegionsNetwork.regionNode[1].dtn.Src:A15,Dst:A1,ID:95078 -- check module destructor
undisposed object: (BundlePacket) RegionsNetwork.regionNode[1].dtn.Src:A15,Dst:A1,ID:94646 -- check module destructor
undisposed object: (BundlePacket) RegionsNetwork.regionNode[1].dtn.Src:A15,Dst:A1,ID:94647 -- check module destructor
undisposed object: (BundlePacket) RegionsNetwork.regionNode[1].dtn.Src:A15,Dst:A1,ID:94648 -- check module destructor
undisposed object: (BundlePacket) RegionsNetwork.regionNode[1].dtn.Src:A15,Dst:A1,ID:94649 -- check module destructor
undisposed object: (BundlePacket) RegionsNetwork.regionNode[1].dtn.Src:A15,Dst:A1,ID:94650 -- check module destructor
undisposed object: (BundlePacket) RegionsNetwork.regionNode[1].dtn.Src:A15,Dst:A1,ID:95071 -- check module destructor
undisposed object: (BundlePacket) RegionsNetwork.regionNode[1].dtn.Src:A15,Dst:A1,ID:94530 -- check module destructor
undisposed object: (BundlePacket) RegionsNetwork.regionNode[1].dtn.Src:A15,Dst:A1,ID:94529 -- check module destructor
undisposed object: (BundlePacket) RegionsNetwork.regionNode[1].dtn.Src:A15,Dst:A1,ID:94528 -- check module destructor
undisposed object: (BundlePacket) RegionsNetwork.regionNode[1].dtn.Src:A15,Dst:A1,ID:94527 -- check module destructor
undisposed object: (BundlePacket) RegionsNetwork.regionNode[1].dtn.Src:A15,Dst:A1,ID:94522 -- check module destructor
undisposed object: (BundlePacket) RegionsNetwork.regionNode[1].dtn.Src:A15,Dst:A1,ID:94519 -- check module destructor
undisposed object: (BundlePacket) RegionsNetwork.regionNode[1].dtn.Src:A15,Dst:A1,ID:94517 -- check module destructor
undisposed object: (BundlePacket) RegionsNetwork.regionNode[1].dtn.Src:A15,Dst:A1,ID:94516 -- check module destructor
undisposed object: (BundlePacket) RegionsNetwork.regionNode[1].dtn.Src:A15,Dst:A1,ID:94512 -- check module destructor
undisposed object: (BundlePacket) RegionsNetwork.regionNode[1].dtn.Src:A15,Dst:A1,ID:94510 -- check module destructor
undisposed object: (BundlePacket) RegionsNetwork.regionNode[1].dtn.Src:A15,Dst:A1,ID:94511 -- check module destructor
undisposed object: (BundlePacket) RegionsNetwork.regionNode[1].dtn.Src:A15,Dst:A1,ID:94509 -- check module destructor
undisposed object: (BundlePacket) RegionsNetwork.regionNode[1].dtn.Src:A15,Dst:A1,ID:94508 -- check module destructor
undisposed object: (BundlePacket) RegionsNetwork.regionNode[1].dtn.Src:A15,Dst:A1,ID:94506 -- check module destructor
undisposed object: (BundlePacket) RegionsNetwork.regionNode[1].dtn.Src:A15,Dst:A1,ID:94505 -- check module destructor
undisposed object: (BundlePacket) RegionsNetwork.regionNode[1].dtn.Src:A15,Dst:A1,ID:94504 -- check module destructor
undisposed object: (BundlePacket) RegionsNetwork.regionNode[1].dtn.Src:A15,Dst:A1,ID:94502 -- check module destructor
undisposed object: (BundlePacket) RegionsNetwork.regionNode[1].dtn.Src:A15,Dst:A1,ID:94503 -- check module destructor
undisposed object: (BundlePacket) RegionsNetwork.regionNode[1].dtn.Src:A15,Dst:A1,ID:94500 -- check module destructor
undisposed object: (BundlePacket) RegionsNetwork.regionNode[1].dtn.Src:A15,Dst:A1,ID:94501 -- check module destructor
undisposed object: (BundlePacket) RegionsNetwork.regionNode[1].dtn.Src:A15,Dst:A1,ID:94498 -- check module destructor
undisposed object: (BundlePacket) RegionsNetwork.regionNode[1].dtn.Src:A15,Dst:A1,ID:94495 -- check module destructor
undisposed object: (BundlePacket) RegionsNetwork.regionNode[1].dtn.Src:A15,Dst:A1,ID:94496 -- check module destructor
undisposed object: (BundlePacket) RegionsNetwork.regionNode[1].dtn.Src:A15,Dst:A1,ID:94493 -- check module destructor
undisposed object: (BundlePacket) RegionsNetwork.regionNode[1].dtn.Src:A15,Dst:A1,ID:94494 -- check module destructor
undisposed object: (BundlePacket) RegionsNetwork.regionNode[1].dtn.Src:A15,Dst:A1,ID:94497 -- check module destructor
undisposed object: (BundlePacket) RegionsNetwork.regionNode[1].dtn.Src:A15,Dst:A1,ID:94491 -- check module destructor
undisposed object: (BundlePacket) RegionsNetwork.regionNode[1].dtn.Src:A15,Dst:A1,ID:94490 -- check module destructor
undisposed object: (BundlePacket) RegionsNetwork.regionNode[1].dtn.Src:A15,Dst:A1,ID:94488 -- check module destructor
undisposed object: (BundlePacket) RegionsNetwork.regionNode[1].dtn.Src:A15,Dst:A1,ID:94586 -- check module destructor
undisposed object: (BundlePacket) RegionsNetwork.regionNode[1].dtn.Src:A15,Dst:A1,ID:94584 -- check module destructor
undisposed object: (BundlePacket) RegionsNetwork.regionNode[1].dtn.Src:A15,Dst:A1,ID:94556 -- check module destructor
undisposed object: (BundlePacket) RegionsNetwork.regionNode[1].dtn.Src:A15,Dst:A1,ID:94489 -- check module destructor
undisposed object: (BundlePacket) RegionsNetwork.regionNode[1].dtn.Src:A15,Dst:A1,ID:94579 -- check module destructor
undisposed object: (BundlePacket) RegionsNetwork.regionNode[1].dtn.Src:A15,Dst:A1,ID:94578 -- check module destructor
undisposed object: (BundlePacket) RegionsNetwork.regionNode[1].dtn.Src:A15,Dst:A1,ID:94582 -- check module destructor
undisposed object: (BundlePacket) RegionsNetwork.regionNode[1].dtn.Src:A15,Dst:A1,ID:94576 -- check module destructor
undisposed object: (BundlePacket) RegionsNetwork.regionNode[1].dtn.Src:A15,Dst:A1,ID:94575 -- check module destructor
undisposed object: (BundlePacket) RegionsNetwork.regionNode[1].dtn.Src:A15,Dst:A1,ID:94573 -- check module destructor
undisposed object: (BundlePacket) RegionsNetwork.regionNode[1].dtn.Src:A15,Dst:A1,ID:94561 -- check module destructor
undisposed object: (BundlePacket) RegionsNetwork.regionNode[1].dtn.Src:A15,Dst:A1,ID:94568 -- check module destructor
undisposed object: (BundlePacket) RegionsNetwork.regionNode[1].dtn.Src:A15,Dst:A1,ID:94564 -- check module destructor
undisposed object: (BundlePacket) RegionsNetwork.regionNode[1].dtn.Src:A15,Dst:A1,ID:94569 -- check module destructor
undisposed object: (BundlePacket) RegionsNetwork.regionNode[1].dtn.Src:A15,Dst:A1,ID:86434 -- check module destructor
undisposed object: (BundlePacket) RegionsNetwork.regionNode[1].dtn.Src:A15,Dst:A1,ID:86736 -- check module destructor
undisposed object: (BundlePacket) RegionsNetwork.regionNode[1].dtn.Src:A15,Dst:A1,ID:86729 -- check module destructor
undisposed object: (BundlePacket) RegionsNetwork.regionNode[1].dtn.Src:A15,Dst:A1,ID:86470 -- check module destructor
undisposed object: (BundlePacket) RegionsNetwork.regionNode[1].dtn.Src:A15,Dst:A1,ID:86473 -- check module destructor
undisposed object: (BundlePacket) RegionsNetwork.regionNode[1].dtn.Src:A15,Dst:A1,ID:86466 -- check module destructor
undisposed object: (BundlePacket) RegionsNetwork.regionNode[1].dtn.Src:A15,Dst:A1,ID:86465 -- check module destructor
undisposed object: (BundlePacket) RegionsNetwork.regionNode[1].dtn.Src:A15,Dst:A1,ID:94745 -- check module destructor
undisposed object: (BundlePacket) RegionsNetwork.regionNode[1].dtn.Src:A15,Dst:A1,ID:86728 -- check module destructor
undisposed object: (BundlePacket) RegionsNetwork.regionNode[1].dtn.Src:A15,Dst:A1,ID:86723 -- check module destructor
undisposed object: (BundlePacket) RegionsNetwork.regionNode[1].dtn.Src:A15,Dst:A1,ID:86722 -- check module destructor
undisposed object: (BundlePacket) RegionsNetwork.regionNode[1].dtn.Src:A15,Dst:A1,ID:86739 -- check module destructor
undisposed object: (BundlePacket) RegionsNetwork.regionNode[1].dtn.Src:A15,Dst:A1,ID:86710 -- check module destructor
undisposed object: (BundlePacket) RegionsNetwork.regionNode[1].dtn.Src:A15,Dst:A1,ID:86711 -- check module destructor
undisposed object: (BundlePacket) RegionsNetwork.regionNode[1].dtn.Src:A15,Dst:A1,ID:86707 -- check module destructor
undisposed object: (BundlePacket) RegionsNetwork.regionNode[1].dtn.Src:A15,Dst:A1,ID:86623 -- check module destructor
undisposed object: (BundlePacket) RegionsNetwork.regionNode[1].dtn.Src:A15,Dst:A1,ID:94608 -- check module destructor
undisposed object: (BundlePacket) RegionsNetwork.regionNode[1].dtn.Src:A15,Dst:A1,ID:95141 -- check module destructor
undisposed object: (BundlePacket) RegionsNetwork.regionNode[1].dtn.Src:A15,Dst:A1,ID:86742 -- check module destructor
undisposed object: (BundlePacket) RegionsNetwork.regionNode[1].dtn.Src:A15,Dst:A1,ID:94524 -- check module destructor
undisposed object: (BundlePacket) RegionsNetwork.regionNode[1].dtn.Src:A15,Dst:A1,ID:86702 -- check module destructor
undisposed object: (BundlePacket) RegionsNetwork.regionNode[1].dtn.Src:A15,Dst:A1,ID:86699 -- check module destructor
undisposed object: (BundlePacket) RegionsNetwork.regionNode[1].dtn.Src:A15,Dst:A1,ID:94605 -- check module destructor
undisposed object: (BundlePacket) RegionsNetwork.regionNode[1].dtn.Src:A15,Dst:A1,ID:94525 -- check module destructor
undisposed object: (BundlePacket) RegionsNetwork.regionNode[1].dtn.Src:A15,Dst:A1,ID:86606 -- check module destructor
undisposed object: (BundlePacket) RegionsNetwork.regionNode[1].dtn.Src:A15,Dst:A1,ID:94526 -- check module destructor
undisposed object: (BundlePacket) RegionsNetwork.regionNode[1].dtn.Src:A15,Dst:A1,ID:86688 -- check module destructor
undisposed object: (BundlePacket) RegionsNetwork.regionNode[1].dtn.Src:A15,Dst:A1,ID:86694 -- check module destructor
undisposed object: (BundlePacket) RegionsNetwork.regionNode[1].dtn.Src:A15,Dst:A1,ID:86689 -- check module destructor
undisposed object: (BundlePacket) RegionsNetwork.regionNode[1].dtn.Src:A15,Dst:A1,ID:94531 -- check module destructor
undisposed object: (BundlePacket) RegionsNetwork.regionNode[1].dtn.Src:A15,Dst:A1,ID:94532 -- check module destructor
undisposed object: (BundlePacket) RegionsNetwork.regionNode[1].dtn.Src:A15,Dst:A1,ID:94533 -- check module destructor
undisposed object: (BundlePacket) RegionsNetwork.regionNode[1].dtn.Src:A15,Dst:A1,ID:94534 -- check module destructor
undisposed object: (BundlePacket) RegionsNetwork.regionNode[1].dtn.Src:A15,Dst:A1,ID:94535 -- check module destructor
undisposed object: (BundlePacket) RegionsNetwork.regionNode[1].dtn.Src:A15,Dst:A1,ID:94536 -- check module destructor
undisposed object: (BundlePacket) RegionsNetwork.regionNode[1].dtn.Src:A15,Dst:A1,ID:86680 -- check module destructor
undisposed object: (BundlePacket) RegionsNetwork.regionNode[1].dtn.Src:A15,Dst:A1,ID:86659 -- check module destructor
undisposed object: (BundlePacket) RegionsNetwork.regionNode[1].dtn.Src:A15,Dst:A1,ID:86681 -- check module destructor
undisposed object: (BundlePacket) RegionsNetwork.regionNode[1].dtn.Src:A15,Dst:A1,ID:86622 -- check module destructor
undisposed object: (BundlePacket) RegionsNetwork.regionNode[1].dtn.Src:A15,Dst:A1,ID:94537 -- check module destructor
undisposed object: (BundlePacket) RegionsNetwork.regionNode[1].dtn.Src:A15,Dst:A1,ID:86675 -- check module destructor
undisposed object: (BundlePacket) RegionsNetwork.regionNode[1].dtn.Src:A15,Dst:A1,ID:94538 -- check module destructor
undisposed object: (BundlePacket) RegionsNetwork.regionNode[1].dtn.Src:A15,Dst:A1,ID:94539 -- check module destructor
undisposed object: (BundlePacket) RegionsNetwork.regionNode[1].dtn.Src:A15,Dst:A1,ID:94540 -- check module destructor
undisposed object: (BundlePacket) RegionsNetwork.regionNode[1].dtn.Src:A15,Dst:A1,ID:95130 -- check module destructor
undisposed object: (BundlePacket) RegionsNetwork.regionNode[1].dtn.Src:A15,Dst:A1,ID:94541 -- check module destructor
undisposed object: (BundlePacket) RegionsNetwork.regionNode[1].dtn.Src:A15,Dst:A1,ID:86672 -- check module destructor
undisposed object: (BundlePacket) RegionsNetwork.regionNode[1].dtn.Src:A15,Dst:A1,ID:94542 -- check module destructor
undisposed object: (BundlePacket) RegionsNetwork.regionNode[1].dtn.Src:A15,Dst:A1,ID:94543 -- check module destructor
undisposed object: (BundlePacket) RegionsNetwork.regionNode[1].dtn.Src:A15,Dst:A1,ID:94544 -- check module destructor
undisposed object: (BundlePacket) RegionsNetwork.regionNode[1].dtn.Src:A15,Dst:A1,ID:94545 -- check module destructor
undisposed object: (BundlePacket) RegionsNetwork.regionNode[1].dtn.Src:A15,Dst:A1,ID:94559 -- check module destructor
undisposed object: (BundlePacket) RegionsNetwork.regionNode[1].dtn.Src:A15,Dst:A1,ID:86666 -- check module destructor
undisposed object: (BundlePacket) RegionsNetwork.regionNode[1].dtn.Src:A15,Dst:A1,ID:94593 -- check module destructor
undisposed object: (BundlePacket) RegionsNetwork.regionNode[1].dtn.Src:A15,Dst:A1,ID:86663 -- check module destructor
undisposed object: (BundlePacket) RegionsNetwork.regionNode[1].dtn.Src:A15,Dst:A1,ID:86667 -- check module destructor
undisposed object: (BundlePacket) RegionsNetwork.regionNode[1].dtn.Src:A15,Dst:A1,ID:94554 -- check module destructor
undisposed object: (BundlePacket) RegionsNetwork.regionNode[1].dtn.Src:A15,Dst:A1,ID:86660 -- check module destructor
undisposed object: (BundlePacket) RegionsNetwork.regionNode[1].dtn.Src:A15,Dst:A1,ID:95243 -- check module destructor
undisposed object: (BundlePacket) RegionsNetwork.regionNode[1].dtn.Src:A15,Dst:A1,ID:94592 -- check module destructor
undisposed object: (BundlePacket) RegionsNetwork.regionNode[1].dtn.Src:A15,Dst:A1,ID:94591 -- check module destructor
undisposed object: (BundlePacket) RegionsNetwork.regionNode[1].dtn.Src:A15,Dst:A1,ID:94590 -- check module destructor
undisposed object: (BundlePacket) RegionsNetwork.regionNode[1].dtn.Src:A15,Dst:A1,ID:94588 -- check module destructor
undisposed object: (BundlePacket) RegionsNetwork.regionNode[1].dtn.Src:A15,Dst:A1,ID:86626 -- check module destructor
undisposed object: (BundlePacket) RegionsNetwork.regionNode[1].dtn.Src:A15,Dst:A1,ID:94583 -- check module destructor
undisposed object: (BundlePacket) RegionsNetwork.regionNode[1].dtn.Src:A15,Dst:A1,ID:86627 -- check module destructor
undisposed object: (BundlePacket) RegionsNetwork.regionNode[1].dtn.Src:A15,Dst:A1,ID:94587 -- check module destructor
undisposed object: (BundlePacket) RegionsNetwork.regionNode[1].dtn.Src:A15,Dst:A1,ID:86652 -- check module destructor
undisposed object: (BundlePacket) RegionsNetwork.regionNode[1].dtn.Src:A15,Dst:A1,ID:94585 -- check module destructor
undisposed object: (BundlePacket) RegionsNetwork.regionNode[1].dtn.Src:A15,Dst:A1,ID:94670 -- check module destructor
undisposed object: (BundlePacket) RegionsNetwork.regionNode[1].dtn.Src:A15,Dst:A1,ID:94674 -- check module destructor
undisposed object: (BundlePacket) RegionsNetwork.regionNode[1].dtn.Src:A15,Dst:A1,ID:94678 -- check module destructor
undisposed object: (BundlePacket) RegionsNetwork.regionNode[1].dtn.Src:A15,Dst:A1,ID:94682 -- check module destructor
undisposed object: (BundlePacket) RegionsNetwork.regionNode[1].dtn.Src:A15,Dst:A1,ID:94690 -- check module destructor
undisposed object: (BundlePacket) RegionsNetwork.regionNode[1].dtn.Src:A15,Dst:A1,ID:94696 -- check module destructor
undisposed object: (BundlePacket) RegionsNetwork.regionNode[1].dtn.Src:A15,Dst:A1,ID:86628 -- check module destructor
undisposed object: (BundlePacket) RegionsNetwork.regionNode[1].dtn.Src:A15,Dst:A1,ID:94701 -- check module destructor
undisposed object: (BundlePacket) RegionsNetwork.regionNode[1].dtn.Src:A15,Dst:A1,ID:94705 -- check module destructor
undisposed object: (BundlePacket) RegionsNetwork.regionNode[1].dtn.Src:A15,Dst:A1,ID:94713 -- check module destructor
undisposed object: (BundlePacket) RegionsNetwork.regionNode[1].dtn.Src:A15,Dst:A1,ID:94717 -- check module destructor
undisposed object: (BundlePacket) RegionsNetwork.regionNode[1].dtn.Src:A15,Dst:A1,ID:94712 -- check module destructor
undisposed object: (BundlePacket) RegionsNetwork.regionNode[1].dtn.Src:A15,Dst:A1,ID:94724 -- check module destructor
undisposed object: (BundlePacket) RegionsNetwork.regionNode[1].dtn.Src:A15,Dst:A1,ID:94728 -- check module destructor
undisposed object: (BundlePacket) RegionsNetwork.regionNode[1].dtn.Src:A15,Dst:A1,ID:94733 -- check module destructor
undisposed object: (BundlePacket) RegionsNetwork.regionNode[1].dtn.Src:A15,Dst:A1,ID:94737 -- check module destructor
undisposed object: (BundlePacket) RegionsNetwork.regionNode[1].dtn.Src:A15,Dst:A1,ID:86647 -- check module destructor
undisposed object: (BundlePacket) RegionsNetwork.regionNode[1].dtn.Src:A15,Dst:A1,ID:94741 -- check module destructor
undisposed object: (BundlePacket) RegionsNetwork.regionNode[1].dtn.Src:A15,Dst:A1,ID:94746 -- check module destructor
undisposed object: (BundlePacket) RegionsNetwork.regionNode[1].dtn.Src:A15,Dst:A1,ID:94634 -- check module destructor
undisposed object: (BundlePacket) RegionsNetwork.regionNode[1].dtn.Src:A15,Dst:A1,ID:94633 -- check module destructor
undisposed object: (BundlePacket) RegionsNetwork.regionNode[1].dtn.Src:A15,Dst:A1,ID:94635 -- check module destructor
undisposed object: (BundlePacket) RegionsNetwork.regionNode[1].dtn.Src:A15,Dst:A1,ID:94632 -- check module destructor
undisposed object: (BundlePacket) RegionsNetwork.regionNode[1].dtn.Src:A15,Dst:A1,ID:94628 -- check module destructor
undisposed object: (BundlePacket) RegionsNetwork.regionNode[1].dtn.Src:A15,Dst:A1,ID:86635 -- check module destructor
undisposed object: (BundlePacket) RegionsNetwork.regionNode[1].dtn.Src:A15,Dst:A1,ID:94627 -- check module destructor
undisposed object: (BundlePacket) RegionsNetwork.regionNode[1].dtn.Src:A15,Dst:A1,ID:94623 -- check module destructor
undisposed object: (BundlePacket) RegionsNetwork.regionNode[1].dtn.Src:A15,Dst:A1,ID:94622 -- check module destructor
undisposed object: (BundlePacket) RegionsNetwork.regionNode[1].dtn.Src:A15,Dst:A1,ID:94620 -- check module destructor
undisposed object: (BundlePacket) RegionsNetwork.regionNode[1].dtn.Src:A15,Dst:A1,ID:94618 -- check module destructor
undisposed object: (BundlePacket) RegionsNetwork.regionNode[1].dtn.Src:A15,Dst:A1,ID:86642 -- check module destructor
undisposed object: (BundlePacket) RegionsNetwork.regionNode[1].dtn.Src:A15,Dst:A1,ID:86636 -- check module destructor
undisposed object: (BundlePacket) RegionsNetwork.regionNode[1].dtn.Src:A15,Dst:A1,ID:94617 -- check module destructor
undisposed object: (BundlePacket) RegionsNetwork.regionNode[1].dtn.Src:A15,Dst:A1,ID:86637 -- check module destructor
undisposed object: (BundlePacket) RegionsNetwork.regionNode[1].dtn.Src:A15,Dst:A1,ID:94616 -- check module destructor
undisposed object: (BundlePacket) RegionsNetwork.regionNode[1].dtn.Src:A15,Dst:A1,ID:95120 -- check module destructor
undisposed object: (BundlePacket) RegionsNetwork.regionNode[1].dtn.Src:A15,Dst:A1,ID:95122 -- check module destructor
undisposed object: (BundlePacket) RegionsNetwork.regionNode[1].dtn.Src:A15,Dst:A1,ID:86632 -- check module destructor
undisposed object: (BundlePacket) RegionsNetwork.regionNode[1].dtn.Src:A15,Dst:A1,ID:94615 -- check module destructor
undisposed object: (BundlePacket) RegionsNetwork.regionNode[1].dtn.Src:A15,Dst:A1,ID:94614 -- check module destructor
undisposed object: (BundlePacket) RegionsNetwork.regionNode[1].dtn.Src:A15,Dst:A1,ID:95125 -- check module destructor
undisposed object: (BundlePacket) RegionsNetwork.regionNode[1].dtn.Src:A15,Dst:A1,ID:94612 -- check module destructor
undisposed object: (BundlePacket) RegionsNetwork.regionNode[1].dtn.Src:A15,Dst:A1,ID:94611 -- check module destructor
